This is Ultimate 0.1.24-16d85fa
[2019-05-02 20:08:13,624 INFO  L170        SettingsManager]: Resetting all preferences to default values...
[2019-05-02 20:08:13,625 INFO  L174        SettingsManager]: Resetting UltimateCore preferences to default values
[2019-05-02 20:08:13,635 INFO  L177        SettingsManager]: Ultimate Commandline Interface provides no preferences, ignoring...
[2019-05-02 20:08:13,635 INFO  L174        SettingsManager]: Resetting Boogie Preprocessor preferences to default values
[2019-05-02 20:08:13,636 INFO  L174        SettingsManager]: Resetting Boogie Procedure Inliner preferences to default values
[2019-05-02 20:08:13,637 INFO  L174        SettingsManager]: Resetting Abstract Interpretation preferences to default values
[2019-05-02 20:08:13,638 INFO  L174        SettingsManager]: Resetting LassoRanker preferences to default values
[2019-05-02 20:08:13,639 INFO  L174        SettingsManager]: Resetting Reaching Definitions preferences to default values
[2019-05-02 20:08:13,640 INFO  L174        SettingsManager]: Resetting SyntaxChecker preferences to default values
[2019-05-02 20:08:13,641 INFO  L177        SettingsManager]: Büchi Program Product provides no preferences, ignoring...
[2019-05-02 20:08:13,641 INFO  L174        SettingsManager]: Resetting LTL2Aut preferences to default values
[2019-05-02 20:08:13,641 INFO  L174        SettingsManager]: Resetting PEA to Boogie preferences to default values
[2019-05-02 20:08:13,642 INFO  L174        SettingsManager]: Resetting BlockEncodingV2 preferences to default values
[2019-05-02 20:08:13,643 INFO  L174        SettingsManager]: Resetting ChcToBoogie preferences to default values
[2019-05-02 20:08:13,643 INFO  L174        SettingsManager]: Resetting AutomataScriptInterpreter preferences to default values
[2019-05-02 20:08:13,644 INFO  L174        SettingsManager]: Resetting BuchiAutomizer preferences to default values
[2019-05-02 20:08:13,645 INFO  L174        SettingsManager]: Resetting CACSL2BoogieTranslator preferences to default values
[2019-05-02 20:08:13,646 INFO  L174        SettingsManager]: Resetting CodeCheck preferences to default values
[2019-05-02 20:08:13,647 INFO  L174        SettingsManager]: Resetting InvariantSynthesis preferences to default values
[2019-05-02 20:08:13,648 INFO  L174        SettingsManager]: Resetting RCFGBuilder preferences to default values
[2019-05-02 20:08:13,649 INFO  L174        SettingsManager]: Resetting TraceAbstraction preferences to default values
[2019-05-02 20:08:13,650 INFO  L177        SettingsManager]: TraceAbstractionConcurrent provides no preferences, ignoring...
[2019-05-02 20:08:13,650 INFO  L177        SettingsManager]: TraceAbstractionWithAFAs provides no preferences, ignoring...
[2019-05-02 20:08:13,651 INFO  L174        SettingsManager]: Resetting TreeAutomizer preferences to default values
[2019-05-02 20:08:13,651 INFO  L174        SettingsManager]: Resetting IcfgTransformer preferences to default values
[2019-05-02 20:08:13,652 INFO  L174        SettingsManager]: Resetting Boogie Printer preferences to default values
[2019-05-02 20:08:13,652 INFO  L174        SettingsManager]: Resetting ReqPrinter preferences to default values
[2019-05-02 20:08:13,653 INFO  L174        SettingsManager]: Resetting Witness Printer preferences to default values
[2019-05-02 20:08:13,653 INFO  L177        SettingsManager]: Boogie PL CUP Parser provides no preferences, ignoring...
[2019-05-02 20:08:13,654 INFO  L174        SettingsManager]: Resetting CDTParser preferences to default values
[2019-05-02 20:08:13,654 INFO  L177        SettingsManager]: AutomataScriptParser provides no preferences, ignoring...
[2019-05-02 20:08:13,654 INFO  L177        SettingsManager]: ReqParser provides no preferences, ignoring...
[2019-05-02 20:08:13,654 INFO  L174        SettingsManager]: Resetting SmtParser preferences to default values
[2019-05-02 20:08:13,655 INFO  L174        SettingsManager]: Resetting Witness Parser preferences to default values
[2019-05-02 20:08:13,655 INFO  L181        SettingsManager]: Finished resetting all preferences to default values...
[2019-05-02 20:08:13,671 INFO  L81    nceAwareModelManager]: Repository-Root is: /tmp
[2019-05-02 20:08:13,679 INFO  L258   ainManager$Toolchain]: [Toolchain 1]: Applicable parser(s) successfully (re)initialized
[2019-05-02 20:08:13,681 INFO  L214   ainManager$Toolchain]: [Toolchain 1]: Toolchain selected.
[2019-05-02 20:08:13,682 INFO  L271        PluginConnector]: Initializing Boogie PL CUP Parser...
[2019-05-02 20:08:13,683 INFO  L276        PluginConnector]: Boogie PL CUP Parser initialized
[2019-05-02 20:08:13,683 INFO  L418   ainManager$Toolchain]: [Toolchain 1]: Parsing single file: /home/xuechao/xuechao/work/Lab/Termination/Lasso-Ranker/Program_non/1.bpl
[2019-05-02 20:08:13,683 INFO  L111           BoogieParser]: Parsing: '/home/xuechao/xuechao/work/Lab/Termination/Lasso-Ranker/Program_non/1.bpl'
[2019-05-02 20:08:13,706 INFO  L296   ainManager$Toolchain]: ####################### [Toolchain 1] #######################
[2019-05-02 20:08:13,707 INFO  L131        ToolchainWalker]: Walking toolchain with 3 elements.
[2019-05-02 20:08:13,708 INFO  L113        PluginConnector]: ------------------------Boogie Preprocessor----------------------------
[2019-05-02 20:08:13,708 INFO  L271        PluginConnector]: Initializing Boogie Preprocessor...
[2019-05-02 20:08:13,708 INFO  L276        PluginConnector]: Boogie Preprocessor initialized
[2019-05-02 20:08:13,724 INFO  L185        PluginConnector]: Executing the observer EnsureBoogieModelObserver from plugin Boogie Preprocessor for "1.bpl de.uni_freiburg.informatik.ultimate.boogie.parser AST 02.05 08:08:13" (1/1) ...
[2019-05-02 20:08:13,725 INFO  L185        PluginConnector]: Executing the observer TypeChecker from plugin Boogie Preprocessor for "1.bpl de.uni_freiburg.informatik.ultimate.boogie.parser AST 02.05 08:08:13" (1/1) ...
[2019-05-02 20:08:13,730 INFO  L185        PluginConnector]: Executing the observer ConstExpander from plugin Boogie Preprocessor for "1.bpl de.uni_freiburg.informatik.ultimate.boogie.parser AST 02.05 08:08:13" (1/1) ...
[2019-05-02 20:08:13,730 INFO  L185        PluginConnector]: Executing the observer StructExpander from plugin Boogie Preprocessor for "1.bpl de.uni_freiburg.informatik.ultimate.boogie.parser AST 02.05 08:08:13" (1/1) ...
[2019-05-02 20:08:13,731 INFO  L185        PluginConnector]: Executing the observer UnstructureCode from plugin Boogie Preprocessor for "1.bpl de.uni_freiburg.informatik.ultimate.boogie.parser AST 02.05 08:08:13" (1/1) ...
[2019-05-02 20:08:13,734 INFO  L185        PluginConnector]: Executing the observer FunctionInliner from plugin Boogie Preprocessor for "1.bpl de.uni_freiburg.informatik.ultimate.boogie.parser AST 02.05 08:08:13" (1/1) ...
[2019-05-02 20:08:13,735 INFO  L185        PluginConnector]: Executing the observer BoogieSymbolTableConstructor from plugin Boogie Preprocessor for "1.bpl de.uni_freiburg.informatik.ultimate.boogie.parser AST 02.05 08:08:13" (1/1) ...
[2019-05-02 20:08:13,735 INFO  L132        PluginConnector]: ------------------------ END Boogie Preprocessor----------------------------
[2019-05-02 20:08:13,736 INFO  L113        PluginConnector]: ------------------------RCFGBuilder----------------------------
[2019-05-02 20:08:13,736 INFO  L271        PluginConnector]: Initializing RCFGBuilder...
[2019-05-02 20:08:13,736 INFO  L276        PluginConnector]: RCFGBuilder initialized
[2019-05-02 20:08:13,737 INFO  L185        PluginConnector]: Executing the observer RCFGBuilderObserver from plugin RCFGBuilder for "1.bpl de.uni_freiburg.informatik.ultimate.boogie.parser AST 02.05 08:08:13" (1/1) ...
No working directory specified, using /home/xuechao/xuechao/work/Lab/Termination/Lasso-Ranker/z3
Starting monitored process 1 with z3 SMTLIB2_COMPLIANT=true -memory:1024 -smt2 -in -t:12000 (exit command is (exit), workingDir is null)
Waiting until toolchain timeout for monitored process 1 with z3 SMTLIB2_COMPLIANT=true -memory:1024 -smt2 -in -t:12000
[2019-05-02 20:08:13,775 INFO  L124     BoogieDeclarations]: Specification and implementation of procedure main given in one single declaration
[2019-05-02 20:08:13,776 INFO  L130     BoogieDeclarations]: Found specification of procedure main
[2019-05-02 20:08:13,776 INFO  L138     BoogieDeclarations]: Found implementation of procedure main
[2019-05-02 20:08:13,872 INFO  L278             CfgBuilder]: Using library mode
[2019-05-02 20:08:13,872 INFO  L286             CfgBuilder]: Removed 0 assue(true) statements.
[2019-05-02 20:08:13,873 INFO  L202        PluginConnector]: Adding new model 1.bpl de.uni_freiburg.informatik.ultimate.plugins.generator.rcfgbuilder CFG 02.05 08:08:13 BoogieIcfgContainer
[2019-05-02 20:08:13,873 INFO  L132        PluginConnector]: ------------------------ END RCFGBuilder----------------------------
[2019-05-02 20:08:13,873 INFO  L113        PluginConnector]: ------------------------LassoRanker----------------------------
[2019-05-02 20:08:13,873 INFO  L271        PluginConnector]: Initializing LassoRanker...
[2019-05-02 20:08:13,874 INFO  L276        PluginConnector]: LassoRanker initialized
[2019-05-02 20:08:13,874 INFO  L185        PluginConnector]: Executing the observer LassoRankerObserver from plugin LassoRanker for "1.bpl de.uni_freiburg.informatik.ultimate.plugins.generator.rcfgbuilder CFG 02.05 08:08:13" (1/1) ...
[2019-05-02 20:08:13,896 INFO  L72            BuchiIsEmpty]: Start buchiIsEmpty. Operand 2 states.
[2019-05-02 20:08:13,911 INFO  L131   ngComponentsAnalysis]: Automaton has 1 accepting balls. 1
[2019-05-02 20:08:13,912 INFO  L87            BuchiIsEmpty]: Finished buchiIsEmpty Result is false
[2019-05-02 20:08:13,912 INFO  L119           BuchiIsEmpty]: Starting construction of run
[2019-05-02 20:08:13,917 INFO  L104     BuchiDifferenceFKV]: Start buchiDifferenceFKV. First operand 2 states. Second operand 1 states.
[2019-05-02 20:08:13,926 INFO  L108     BuchiDifferenceFKV]: Finished buchiDifferenceFKV. First operand 2 states. Second operand 1 states. Result 3 states and 4 transitions. Complement of second has 2 states 2 powerset states0 rank states. The highest rank that occured is -1
[2019-05-02 20:08:13,926 INFO  L72            BuchiIsEmpty]: Start buchiIsEmpty. Operand 3 states and 4 transitions.
[2019-05-02 20:08:13,927 INFO  L131   ngComponentsAnalysis]: Automaton has 0 accepting balls. 0
[2019-05-02 20:08:13,927 INFO  L87            BuchiIsEmpty]: Finished buchiIsEmpty Result is true
[2019-05-02 20:08:13,975 INFO  L216          LassoAnalysis]: Preferences:
[2019-05-02 20:08:13,976 INFO  L124   ssoRankerPreferences]: Compute integeral hull: false
[2019-05-02 20:08:13,976 INFO  L125   ssoRankerPreferences]: Enable LassoPartitioneer: true
[2019-05-02 20:08:13,976 INFO  L126   ssoRankerPreferences]: Term annotations enabled: false
[2019-05-02 20:08:13,977 INFO  L127   ssoRankerPreferences]: Use exernal solver: true
[2019-05-02 20:08:13,977 INFO  L128   ssoRankerPreferences]: SMT solver command: z3 -smt2 -in SMTLIB2_COMPLIANT=true
[2019-05-02 20:08:13,977 INFO  L129   ssoRankerPreferences]: Dump SMT script to file: false
[2019-05-02 20:08:13,977 INFO  L130   ssoRankerPreferences]: Path of dumped script: .
[2019-05-02 20:08:13,977 INFO  L131   ssoRankerPreferences]: Filename of dumped script: LassoRankerScript
[2019-05-02 20:08:13,977 INFO  L132   ssoRankerPreferences]: MapElimAlgo: Frank
[2019-05-02 20:08:13,977 INFO  L282          LassoAnalysis]: Starting lasso preprocessing...
[2019-05-02 20:08:13,993 INFO  L141          MapEliminator]: Using MapEliminator with SimplificationTechnique=SIMPLIFY_DDA XnfConversionTechnique=BOTTOM_UP_WITH_LOCAL_SIMPLIFICATION AddInequalities=false OnlyTrivialImplicationsArrayWrite=false OnlyTrivialImplicationsForModifiedArguments=true OnlyArgumentsInFormula=true
[2019-05-02 20:08:14,068 INFO  L300          LassoAnalysis]: Preprocessing complete.
[2019-05-02 20:08:14,068 INFO  L412          LassoAnalysis]: Checking for nontermination...
No working directory specified, using /home/xuechao/xuechao/work/Lab/Termination/Lasso-Ranker/z3
Starting monitored process 2 with z3 -smt2 -in SMTLIB2_COMPLIANT=true (exit command is (exit), workingDir is null)
Waiting until toolchain timeout for monitored process 2 with z3 -smt2 -in SMTLIB2_COMPLIANT=true
[2019-05-02 20:08:14,073 INFO  L151   nArgumentSynthesizer]: Nontermination analysis: LINEAR_WITH_GUESSES Allow bounded executions: true Number of generalized eigenvectors: 0 Nilpotent components: true
[2019-05-02 20:08:14,073 INFO  L163   nArgumentSynthesizer]: Using integer mode.
No working directory specified, using /home/xuechao/xuechao/work/Lab/Termination/Lasso-Ranker/z3
Starting monitored process 3 with z3 -smt2 -in SMTLIB2_COMPLIANT=true (exit command is (exit), workingDir is null)
Waiting until toolchain timeout for monitored process 3 with z3 -smt2 -in SMTLIB2_COMPLIANT=true
[2019-05-02 20:08:14,094 INFO  L151   nArgumentSynthesizer]: Nontermination analysis: LINEAR_WITH_GUESSES Allow bounded executions: true Number of generalized eigenvectors: 3 Nilpotent components: true
[2019-05-02 20:08:14,094 INFO  L163   nArgumentSynthesizer]: Using integer mode.
[2019-05-02 20:08:14,117 INFO  L452          LassoAnalysis]: Proving nontermination failed: No geometric nontermination argument exists.
[2019-05-02 20:08:14,118 INFO  L216          LassoAnalysis]: Preferences:
[2019-05-02 20:08:14,118 INFO  L124   ssoRankerPreferences]: Compute integeral hull: false
[2019-05-02 20:08:14,118 INFO  L125   ssoRankerPreferences]: Enable LassoPartitioneer: true
[2019-05-02 20:08:14,119 INFO  L126   ssoRankerPreferences]: Term annotations enabled: false
[2019-05-02 20:08:14,119 INFO  L127   ssoRankerPreferences]: Use exernal solver: true
[2019-05-02 20:08:14,119 INFO  L128   ssoRankerPreferences]: SMT solver command: z3 -smt2 -in SMTLIB2_COMPLIANT=true
[2019-05-02 20:08:14,119 INFO  L129   ssoRankerPreferences]: Dump SMT script to file: false
[2019-05-02 20:08:14,119 INFO  L130   ssoRankerPreferences]: Path of dumped script: .
[2019-05-02 20:08:14,119 INFO  L131   ssoRankerPreferences]: Filename of dumped script: LassoRankerScript
[2019-05-02 20:08:14,119 INFO  L132   ssoRankerPreferences]: MapElimAlgo: Frank
[2019-05-02 20:08:14,119 INFO  L282          LassoAnalysis]: Starting lasso preprocessing...
[2019-05-02 20:08:14,120 INFO  L141          MapEliminator]: Using MapEliminator with SimplificationTechnique=SIMPLIFY_DDA XnfConversionTechnique=BOTTOM_UP_WITH_LOCAL_SIMPLIFICATION AddInequalities=false OnlyTrivialImplicationsArrayWrite=false OnlyTrivialImplicationsForModifiedArguments=true OnlyArgumentsInFormula=true
[2019-05-02 20:08:14,158 INFO  L300          LassoAnalysis]: Preprocessing complete.
[2019-05-02 20:08:14,161 INFO  L497          LassoAnalysis]: Using template 'affine'.
No working directory specified, using /home/xuechao/xuechao/work/Lab/Termination/Lasso-Ranker/z3
Starting monitored process 4 with z3 -smt2 -in SMTLIB2_COMPLIANT=true (exit command is (exit), workingDir is null)
Waiting until toolchain timeout for monitored process 4 with z3 -smt2 -in SMTLIB2_COMPLIANT=true
[2019-05-02 20:08:14,164 INFO  L122   nArgumentSynthesizer]: Termination Analysis Settings:
Termination analysis: LINEAR_WITH_GUESSES
Number of strict supporting invariants: 1
Number of non-strict supporting invariants: 0
Consider only non-deceasing supporting invariants: true
Simplify termination arguments: true
Simplify supporting invariants: trueOverapproximate stem: false
[2019-05-02 20:08:14,166 INFO  L339   nArgumentSynthesizer]: Template has degree 0.
[2019-05-02 20:08:14,166 INFO  L352   nArgumentSynthesizer]: There is no stem transition; disabling supporting invariant generation.
[2019-05-02 20:08:14,167 INFO  L205   nArgumentSynthesizer]: 1 stem disjuncts
[2019-05-02 20:08:14,167 INFO  L206   nArgumentSynthesizer]: 1 loop disjuncts
[2019-05-02 20:08:14,167 INFO  L207   nArgumentSynthesizer]: 2 template conjuncts.
[2019-05-02 20:08:14,169 INFO  L402   nArgumentSynthesizer]: We have 2 Motzkin's Theorem applications.
[2019-05-02 20:08:14,169 INFO  L403   nArgumentSynthesizer]: A total of 0 supporting invariants were added.
[2019-05-02 20:08:14,171 INFO  L530          LassoAnalysis]: Proving termination failed for this template and these settings.
[2019-05-02 20:08:14,185 INFO  L497          LassoAnalysis]: Using template '2-nested'.
No working directory specified, using /home/xuechao/xuechao/work/Lab/Termination/Lasso-Ranker/z3
Starting monitored process 5 with z3 -smt2 -in SMTLIB2_COMPLIANT=true (exit command is (exit), workingDir is null)
Waiting until toolchain timeout for monitored process 5 with z3 -smt2 -in SMTLIB2_COMPLIANT=true
[2019-05-02 20:08:14,187 INFO  L122   nArgumentSynthesizer]: Termination Analysis Settings:
Termination analysis: LINEAR_WITH_GUESSES
Number of strict supporting invariants: 1
Number of non-strict supporting invariants: 0
Consider only non-deceasing supporting invariants: true
Simplify termination arguments: true
Simplify supporting invariants: trueOverapproximate stem: false
[2019-05-02 20:08:14,189 INFO  L339   nArgumentSynthesizer]: Template has degree 0.
[2019-05-02 20:08:14,189 INFO  L352   nArgumentSynthesizer]: There is no stem transition; disabling supporting invariant generation.
[2019-05-02 20:08:14,189 INFO  L205   nArgumentSynthesizer]: 1 stem disjuncts
[2019-05-02 20:08:14,189 INFO  L206   nArgumentSynthesizer]: 1 loop disjuncts
[2019-05-02 20:08:14,189 INFO  L207   nArgumentSynthesizer]: 3 template conjuncts.
[2019-05-02 20:08:14,191 INFO  L402   nArgumentSynthesizer]: We have 3 Motzkin's Theorem applications.
[2019-05-02 20:08:14,191 INFO  L403   nArgumentSynthesizer]: A total of 0 supporting invariants were added.
[2019-05-02 20:08:14,195 INFO  L530          LassoAnalysis]: Proving termination failed for this template and these settings.
[2019-05-02 20:08:14,209 INFO  L497          LassoAnalysis]: Using template '3-nested'.
No working directory specified, using /home/xuechao/xuechao/work/Lab/Termination/Lasso-Ranker/z3
Starting monitored process 6 with z3 -smt2 -in SMTLIB2_COMPLIANT=true (exit command is (exit), workingDir is null)
Waiting until toolchain timeout for monitored process 6 with z3 -smt2 -in SMTLIB2_COMPLIANT=true
[2019-05-02 20:08:14,214 INFO  L122   nArgumentSynthesizer]: Termination Analysis Settings:
Termination analysis: LINEAR_WITH_GUESSES
Number of strict supporting invariants: 1
Number of non-strict supporting invariants: 0
Consider only non-deceasing supporting invariants: true
Simplify termination arguments: true
Simplify supporting invariants: trueOverapproximate stem: false
[2019-05-02 20:08:14,216 INFO  L339   nArgumentSynthesizer]: Template has degree 0.
[2019-05-02 20:08:14,216 INFO  L352   nArgumentSynthesizer]: There is no stem transition; disabling supporting invariant generation.
[2019-05-02 20:08:14,216 INFO  L205   nArgumentSynthesizer]: 1 stem disjuncts
[2019-05-02 20:08:14,216 INFO  L206   nArgumentSynthesizer]: 1 loop disjuncts
[2019-05-02 20:08:14,216 INFO  L207   nArgumentSynthesizer]: 4 template conjuncts.
[2019-05-02 20:08:14,223 INFO  L402   nArgumentSynthesizer]: We have 4 Motzkin's Theorem applications.
[2019-05-02 20:08:14,224 INFO  L403   nArgumentSynthesizer]: A total of 0 supporting invariants were added.
[2019-05-02 20:08:14,226 INFO  L530          LassoAnalysis]: Proving termination failed for this template and these settings.
[2019-05-02 20:08:14,240 INFO  L497          LassoAnalysis]: Using template '4-nested'.
No working directory specified, using /home/xuechao/xuechao/work/Lab/Termination/Lasso-Ranker/z3
Starting monitored process 7 with z3 -smt2 -in SMTLIB2_COMPLIANT=true (exit command is (exit), workingDir is null)
[2019-05-02 20:08:14,245 INFO  L122   nArgumentSynthesizer]: Termination Analysis Settings:
Termination analysis: LINEAR_WITH_GUESSES
Number of strict supporting invariants: 1
Number of non-strict supporting invariants: 0
Consider only non-deceasing supporting invariants: true
Simplify termination arguments: true
Simplify supporting invariants: trueOverapproximate stem: false
[2019-05-02 20:08:14,247 INFO  L339   nArgumentSynthesizer]: Template has degree 0.
[2019-05-02 20:08:14,247 INFO  L352   nArgumentSynthesizer]: There is no stem transition; disabling supporting invariant generation.
[2019-05-02 20:08:14,247 INFO  L205   nArgumentSynthesizer]: 1 stem disjuncts
[2019-05-02 20:08:14,247 INFO  L206   nArgumentSynthesizer]: 1 loop disjuncts
[2019-05-02 20:08:14,247 INFO  L207   nArgumentSynthesizer]: 5 template conjuncts.
Waiting until toolchain timeout for monitored process 7 with z3 -smt2 -in SMTLIB2_COMPLIANT=true
[2019-05-02 20:08:14,250 INFO  L402   nArgumentSynthesizer]: We have 5 Motzkin's Theorem applications.
[2019-05-02 20:08:14,250 INFO  L403   nArgumentSynthesizer]: A total of 0 supporting invariants were added.
[2019-05-02 20:08:14,253 INFO  L530          LassoAnalysis]: Proving termination failed for this template and these settings.
[2019-05-02 20:08:14,265 INFO  L497          LassoAnalysis]: Using template '2-phase'.
No working directory specified, using /home/xuechao/xuechao/work/Lab/Termination/Lasso-Ranker/z3
Starting monitored process 8 with z3 -smt2 -in SMTLIB2_COMPLIANT=true (exit command is (exit), workingDir is null)
Waiting until toolchain timeout for monitored process 8 with z3 -smt2 -in SMTLIB2_COMPLIANT=true
[2019-05-02 20:08:14,267 INFO  L122   nArgumentSynthesizer]: Termination Analysis Settings:
Termination analysis: LINEAR_WITH_GUESSES
Number of strict supporting invariants: 1
Number of non-strict supporting invariants: 0
Consider only non-deceasing supporting invariants: true
Simplify termination arguments: true
Simplify supporting invariants: trueOverapproximate stem: false
[2019-05-02 20:08:14,269 WARN  L334   nArgumentSynthesizer]: Using a linear SMT query and a templates of degree > 0, hence this method is incomplete.
[2019-05-02 20:08:14,269 INFO  L339   nArgumentSynthesizer]: Template has degree 1.
[2019-05-02 20:08:14,269 INFO  L352   nArgumentSynthesizer]: There is no stem transition; disabling supporting invariant generation.
[2019-05-02 20:08:14,269 INFO  L205   nArgumentSynthesizer]: 1 stem disjuncts
[2019-05-02 20:08:14,269 INFO  L206   nArgumentSynthesizer]: 1 loop disjuncts
[2019-05-02 20:08:14,269 INFO  L207   nArgumentSynthesizer]: 3 template conjuncts.
[2019-05-02 20:08:14,272 INFO  L402   nArgumentSynthesizer]: We have 3 Motzkin's Theorem applications.
[2019-05-02 20:08:14,273 INFO  L403   nArgumentSynthesizer]: A total of 0 supporting invariants were added.
[2019-05-02 20:08:14,276 INFO  L530          LassoAnalysis]: Proving termination failed for this template and these settings.
[2019-05-02 20:08:14,290 INFO  L497          LassoAnalysis]: Using template 'lex(affine, affine)'.
No working directory specified, using /home/xuechao/xuechao/work/Lab/Termination/Lasso-Ranker/z3
Starting monitored process 9 with z3 -smt2 -in SMTLIB2_COMPLIANT=true (exit command is (exit), workingDir is null)
Waiting until toolchain timeout for monitored process 9 with z3 -smt2 -in SMTLIB2_COMPLIANT=true
[2019-05-02 20:08:14,292 INFO  L122   nArgumentSynthesizer]: Termination Analysis Settings:
Termination analysis: LINEAR_WITH_GUESSES
Number of strict supporting invariants: 1
Number of non-strict supporting invariants: 0
Consider only non-deceasing supporting invariants: true
Simplify termination arguments: true
Simplify supporting invariants: trueOverapproximate stem: false
[2019-05-02 20:08:14,294 WARN  L334   nArgumentSynthesizer]: Using a linear SMT query and a templates of degree > 0, hence this method is incomplete.
[2019-05-02 20:08:14,295 INFO  L339   nArgumentSynthesizer]: Template has degree 5.
[2019-05-02 20:08:14,295 INFO  L352   nArgumentSynthesizer]: There is no stem transition; disabling supporting invariant generation.
[2019-05-02 20:08:14,295 INFO  L205   nArgumentSynthesizer]: 1 stem disjuncts
[2019-05-02 20:08:14,295 INFO  L206   nArgumentSynthesizer]: 1 loop disjuncts
[2019-05-02 20:08:14,295 INFO  L207   nArgumentSynthesizer]: 4 template conjuncts.
[2019-05-02 20:08:14,298 INFO  L402   nArgumentSynthesizer]: We have 4 Motzkin's Theorem applications.
[2019-05-02 20:08:14,298 INFO  L403   nArgumentSynthesizer]: A total of 0 supporting invariants were added.
[2019-05-02 20:08:14,303 INFO  L530          LassoAnalysis]: Proving termination failed for this template and these settings.
[2019-05-02 20:08:14,317 INFO  L497          LassoAnalysis]: Using template '2-piece'.
No working directory specified, using /home/xuechao/xuechao/work/Lab/Termination/Lasso-Ranker/z3
Starting monitored process 10 with z3 -smt2 -in SMTLIB2_COMPLIANT=true (exit command is (exit), workingDir is null)
Waiting until toolchain timeout for monitored process 10 with z3 -smt2 -in SMTLIB2_COMPLIANT=true
[2019-05-02 20:08:14,319 INFO  L122   nArgumentSynthesizer]: Termination Analysis Settings:
Termination analysis: LINEAR_WITH_GUESSES
Number of strict supporting invariants: 1
Number of non-strict supporting invariants: 0
Consider only non-deceasing supporting invariants: true
Simplify termination arguments: true
Simplify supporting invariants: trueOverapproximate stem: false
[2019-05-02 20:08:14,321 WARN  L334   nArgumentSynthesizer]: Using a linear SMT query and a templates of degree > 0, hence this method is incomplete.
[2019-05-02 20:08:14,321 INFO  L339   nArgumentSynthesizer]: Template has degree 7.
[2019-05-02 20:08:14,321 INFO  L352   nArgumentSynthesizer]: There is no stem transition; disabling supporting invariant generation.
[2019-05-02 20:08:14,322 INFO  L205   nArgumentSynthesizer]: 1 stem disjuncts
[2019-05-02 20:08:14,322 INFO  L206   nArgumentSynthesizer]: 1 loop disjuncts
[2019-05-02 20:08:14,322 INFO  L207   nArgumentSynthesizer]: 7 template conjuncts.
[2019-05-02 20:08:14,328 INFO  L402   nArgumentSynthesizer]: We have 7 Motzkin's Theorem applications.
[2019-05-02 20:08:14,329 INFO  L403   nArgumentSynthesizer]: A total of 0 supporting invariants were added.
[2019-05-02 20:08:14,372 INFO  L530          LassoAnalysis]: Proving termination failed for this template and these settings.
[2019-05-02 20:08:14,385 INFO  L497          LassoAnalysis]: Using template '2-parallel'.
No working directory specified, using /home/xuechao/xuechao/work/Lab/Termination/Lasso-Ranker/z3
Starting monitored process 11 with z3 -smt2 -in SMTLIB2_COMPLIANT=true (exit command is (exit), workingDir is null)
Waiting until toolchain timeout for monitored process 11 with z3 -smt2 -in SMTLIB2_COMPLIANT=true
[2019-05-02 20:08:14,388 INFO  L122   nArgumentSynthesizer]: Termination Analysis Settings:
Termination analysis: LINEAR_WITH_GUESSES
Number of strict supporting invariants: 1
Number of non-strict supporting invariants: 0
Consider only non-deceasing supporting invariants: true
Simplify termination arguments: true
Simplify supporting invariants: trueOverapproximate stem: false
[2019-05-02 20:08:14,390 WARN  L334   nArgumentSynthesizer]: Using a linear SMT query and a templates of degree > 0, hence this method is incomplete.
[2019-05-02 20:08:14,390 INFO  L339   nArgumentSynthesizer]: Template has degree 4.
[2019-05-02 20:08:14,390 INFO  L352   nArgumentSynthesizer]: There is no stem transition; disabling supporting invariant generation.
[2019-05-02 20:08:14,390 INFO  L205   nArgumentSynthesizer]: 1 stem disjuncts
[2019-05-02 20:08:14,390 INFO  L206   nArgumentSynthesizer]: 1 loop disjuncts
[2019-05-02 20:08:14,390 INFO  L207   nArgumentSynthesizer]: 6 template conjuncts.
[2019-05-02 20:08:14,394 INFO  L402   nArgumentSynthesizer]: We have 6 Motzkin's Theorem applications.
[2019-05-02 20:08:14,394 INFO  L403   nArgumentSynthesizer]: A total of 0 supporting invariants were added.
[2019-05-02 20:08:14,399 INFO  L530          LassoAnalysis]: Proving termination failed for this template and these settings.
[2019-05-02 20:08:14,415 INFO  L489     LassoRankerStarter]: LassoRanker could not prove termination or nontermination of the given linear lasso program.
Templates: AffineTemplate NestedTemplate NestedTemplate NestedTemplate MultiphaseTemplate ComposedLexicographicTemplate PiecewiseTemplate ParallelTemplate
[2019-05-02 20:08:14,415 INFO  L132        PluginConnector]: ------------------------ END LassoRanker----------------------------
[2019-05-02 20:08:14,416 INFO  L168              Benchmark]: Toolchain (without parser) took 709.16 ms. Allocated memory is still 514.9 MB. Free memory was 477.8 MB in the beginning and 408.8 MB in the end (delta: 69.0 MB). Peak memory consumption was 69.0 MB. Max. memory is 11.5 GB.
[2019-05-02 20:08:14,417 INFO  L168              Benchmark]: Boogie PL CUP Parser took 0.12 ms. Allocated memory is still 514.9 MB. Free memory is still 479.3 MB. There was no memory consumed. Max. memory is 11.5 GB.
[2019-05-02 20:08:14,418 INFO  L168              Benchmark]: Boogie Preprocessor took 28.05 ms. Allocated memory is still 514.9 MB. Free memory was 477.8 MB in the beginning and 475.1 MB in the end (delta: 2.7 MB). Peak memory consumption was 2.7 MB. Max. memory is 11.5 GB.
[2019-05-02 20:08:14,418 INFO  L168              Benchmark]: RCFGBuilder took 137.01 ms. Allocated memory is still 514.9 MB. Free memory was 475.1 MB in the beginning and 466.1 MB in the end (delta: 9.0 MB). Peak memory consumption was 9.0 MB. Max. memory is 11.5 GB.
[2019-05-02 20:08:14,419 INFO  L168              Benchmark]: LassoRanker took 542.02 ms. Allocated memory is still 514.9 MB. Free memory was 466.1 MB in the beginning and 408.8 MB in the end (delta: 57.3 MB). Peak memory consumption was 57.3 MB. Max. memory is 11.5 GB.
[2019-05-02 20:08:14,421 INFO  L336   ainManager$Toolchain]: #######################  End [Toolchain 1] #######################
 --- Results ---
 * Results from de.uni_freiburg.informatik.ultimate.core:
  - StatisticsResult: Toolchain Benchmarks
    Benchmark results are:
 * Boogie PL CUP Parser took 0.12 ms. Allocated memory is still 514.9 MB. Free memory is still 479.3 MB. There was no memory consumed. Max. memory is 11.5 GB.
 * Boogie Preprocessor took 28.05 ms. Allocated memory is still 514.9 MB. Free memory was 477.8 MB in the beginning and 475.1 MB in the end (delta: 2.7 MB). Peak memory consumption was 2.7 MB. Max. memory is 11.5 GB.
 * RCFGBuilder took 137.01 ms. Allocated memory is still 514.9 MB. Free memory was 475.1 MB in the beginning and 466.1 MB in the end (delta: 9.0 MB). Peak memory consumption was 9.0 MB. Max. memory is 11.5 GB.
 * LassoRanker took 542.02 ms. Allocated memory is still 514.9 MB. Free memory was 466.1 MB in the beginning and 408.8 MB in the end (delta: 57.3 MB). Peak memory consumption was 57.3 MB. Max. memory is 11.5 GB.
 * Results from de.uni_freiburg.informatik.ultimate.plugins.analysis.lassoranker:
  - NoResult [Line: 15]: LassoRanker could not prove termination
    LassoRanker could not prove termination or nontermination of the given linear lasso program.
Templates: AffineTemplate NestedTemplate NestedTemplate NestedTemplate MultiphaseTemplate ComposedLexicographicTemplate PiecewiseTemplate ParallelTemplate
RESULT: Ultimate could not prove your program: Toolchain returned no result.
Received shutdown request...
