This is Ultimate 0.1.24-16d85fa
[2019-05-02 19:53:40,096 INFO  L170        SettingsManager]: Resetting all preferences to default values...
[2019-05-02 19:53:40,098 INFO  L174        SettingsManager]: Resetting UltimateCore preferences to default values
[2019-05-02 19:53:40,108 INFO  L177        SettingsManager]: Ultimate Commandline Interface provides no preferences, ignoring...
[2019-05-02 19:53:40,108 INFO  L174        SettingsManager]: Resetting Boogie Preprocessor preferences to default values
[2019-05-02 19:53:40,109 INFO  L174        SettingsManager]: Resetting Boogie Procedure Inliner preferences to default values
[2019-05-02 19:53:40,110 INFO  L174        SettingsManager]: Resetting Abstract Interpretation preferences to default values
[2019-05-02 19:53:40,111 INFO  L174        SettingsManager]: Resetting LassoRanker preferences to default values
[2019-05-02 19:53:40,112 INFO  L174        SettingsManager]: Resetting Reaching Definitions preferences to default values
[2019-05-02 19:53:40,113 INFO  L174        SettingsManager]: Resetting SyntaxChecker preferences to default values
[2019-05-02 19:53:40,113 INFO  L177        SettingsManager]: Büchi Program Product provides no preferences, ignoring...
[2019-05-02 19:53:40,114 INFO  L174        SettingsManager]: Resetting LTL2Aut preferences to default values
[2019-05-02 19:53:40,114 INFO  L174        SettingsManager]: Resetting PEA to Boogie preferences to default values
[2019-05-02 19:53:40,115 INFO  L174        SettingsManager]: Resetting BlockEncodingV2 preferences to default values
[2019-05-02 19:53:40,116 INFO  L174        SettingsManager]: Resetting ChcToBoogie preferences to default values
[2019-05-02 19:53:40,116 INFO  L174        SettingsManager]: Resetting AutomataScriptInterpreter preferences to default values
[2019-05-02 19:53:40,117 INFO  L174        SettingsManager]: Resetting BuchiAutomizer preferences to default values
[2019-05-02 19:53:40,118 INFO  L174        SettingsManager]: Resetting CACSL2BoogieTranslator preferences to default values
[2019-05-02 19:53:40,119 INFO  L174        SettingsManager]: Resetting CodeCheck preferences to default values
[2019-05-02 19:53:40,120 INFO  L174        SettingsManager]: Resetting InvariantSynthesis preferences to default values
[2019-05-02 19:53:40,121 INFO  L174        SettingsManager]: Resetting RCFGBuilder preferences to default values
[2019-05-02 19:53:40,122 INFO  L174        SettingsManager]: Resetting TraceAbstraction preferences to default values
[2019-05-02 19:53:40,124 INFO  L177        SettingsManager]: TraceAbstractionConcurrent provides no preferences, ignoring...
[2019-05-02 19:53:40,124 INFO  L177        SettingsManager]: TraceAbstractionWithAFAs provides no preferences, ignoring...
[2019-05-02 19:53:40,124 INFO  L174        SettingsManager]: Resetting TreeAutomizer preferences to default values
[2019-05-02 19:53:40,125 INFO  L174        SettingsManager]: Resetting IcfgTransformer preferences to default values
[2019-05-02 19:53:40,126 INFO  L174        SettingsManager]: Resetting Boogie Printer preferences to default values
[2019-05-02 19:53:40,126 INFO  L174        SettingsManager]: Resetting ReqPrinter preferences to default values
[2019-05-02 19:53:40,127 INFO  L174        SettingsManager]: Resetting Witness Printer preferences to default values
[2019-05-02 19:53:40,128 INFO  L177        SettingsManager]: Boogie PL CUP Parser provides no preferences, ignoring...
[2019-05-02 19:53:40,128 INFO  L174        SettingsManager]: Resetting CDTParser preferences to default values
[2019-05-02 19:53:40,128 INFO  L177        SettingsManager]: AutomataScriptParser provides no preferences, ignoring...
[2019-05-02 19:53:40,128 INFO  L177        SettingsManager]: ReqParser provides no preferences, ignoring...
[2019-05-02 19:53:40,128 INFO  L174        SettingsManager]: Resetting SmtParser preferences to default values
[2019-05-02 19:53:40,129 INFO  L174        SettingsManager]: Resetting Witness Parser preferences to default values
[2019-05-02 19:53:40,129 INFO  L181        SettingsManager]: Finished resetting all preferences to default values...
[2019-05-02 19:53:40,146 INFO  L81    nceAwareModelManager]: Repository-Root is: /tmp
[2019-05-02 19:53:40,155 INFO  L258   ainManager$Toolchain]: [Toolchain 1]: Applicable parser(s) successfully (re)initialized
[2019-05-02 19:53:40,158 INFO  L214   ainManager$Toolchain]: [Toolchain 1]: Toolchain selected.
[2019-05-02 19:53:40,159 INFO  L271        PluginConnector]: Initializing Boogie PL CUP Parser...
[2019-05-02 19:53:40,159 INFO  L276        PluginConnector]: Boogie PL CUP Parser initialized
[2019-05-02 19:53:40,160 INFO  L418   ainManager$Toolchain]: [Toolchain 1]: Parsing single file: /home/xuechao/xuechao/work/Lab/Termination/Lasso-Ranker/Program_non/100.bpl
[2019-05-02 19:53:40,160 INFO  L111           BoogieParser]: Parsing: '/home/xuechao/xuechao/work/Lab/Termination/Lasso-Ranker/Program_non/100.bpl'
[2019-05-02 19:53:40,181 INFO  L296   ainManager$Toolchain]: ####################### [Toolchain 1] #######################
[2019-05-02 19:53:40,182 INFO  L131        ToolchainWalker]: Walking toolchain with 3 elements.
[2019-05-02 19:53:40,182 INFO  L113        PluginConnector]: ------------------------Boogie Preprocessor----------------------------
[2019-05-02 19:53:40,183 INFO  L271        PluginConnector]: Initializing Boogie Preprocessor...
[2019-05-02 19:53:40,183 INFO  L276        PluginConnector]: Boogie Preprocessor initialized
[2019-05-02 19:53:40,199 INFO  L185        PluginConnector]: Executing the observer EnsureBoogieModelObserver from plugin Boogie Preprocessor for "100.bpl de.uni_freiburg.informatik.ultimate.boogie.parser AST 02.05 07:53:40" (1/1) ...
[2019-05-02 19:53:40,201 INFO  L185        PluginConnector]: Executing the observer TypeChecker from plugin Boogie Preprocessor for "100.bpl de.uni_freiburg.informatik.ultimate.boogie.parser AST 02.05 07:53:40" (1/1) ...
[2019-05-02 19:53:40,205 INFO  L185        PluginConnector]: Executing the observer ConstExpander from plugin Boogie Preprocessor for "100.bpl de.uni_freiburg.informatik.ultimate.boogie.parser AST 02.05 07:53:40" (1/1) ...
[2019-05-02 19:53:40,206 INFO  L185        PluginConnector]: Executing the observer StructExpander from plugin Boogie Preprocessor for "100.bpl de.uni_freiburg.informatik.ultimate.boogie.parser AST 02.05 07:53:40" (1/1) ...
[2019-05-02 19:53:40,207 INFO  L185        PluginConnector]: Executing the observer UnstructureCode from plugin Boogie Preprocessor for "100.bpl de.uni_freiburg.informatik.ultimate.boogie.parser AST 02.05 07:53:40" (1/1) ...
[2019-05-02 19:53:40,210 INFO  L185        PluginConnector]: Executing the observer FunctionInliner from plugin Boogie Preprocessor for "100.bpl de.uni_freiburg.informatik.ultimate.boogie.parser AST 02.05 07:53:40" (1/1) ...
[2019-05-02 19:53:40,211 INFO  L185        PluginConnector]: Executing the observer BoogieSymbolTableConstructor from plugin Boogie Preprocessor for "100.bpl de.uni_freiburg.informatik.ultimate.boogie.parser AST 02.05 07:53:40" (1/1) ...
[2019-05-02 19:53:40,212 INFO  L132        PluginConnector]: ------------------------ END Boogie Preprocessor----------------------------
[2019-05-02 19:53:40,212 INFO  L113        PluginConnector]: ------------------------RCFGBuilder----------------------------
[2019-05-02 19:53:40,213 INFO  L271        PluginConnector]: Initializing RCFGBuilder...
[2019-05-02 19:53:40,213 INFO  L276        PluginConnector]: RCFGBuilder initialized
[2019-05-02 19:53:40,213 INFO  L185        PluginConnector]: Executing the observer RCFGBuilderObserver from plugin RCFGBuilder for "100.bpl de.uni_freiburg.informatik.ultimate.boogie.parser AST 02.05 07:53:40" (1/1) ...
No working directory specified, using /home/xuechao/xuechao/work/Lab/Termination/Lasso-Ranker/z3
Starting monitored process 1 with z3 SMTLIB2_COMPLIANT=true -memory:1024 -smt2 -in -t:12000 (exit command is (exit), workingDir is null)
Waiting until toolchain timeout for monitored process 1 with z3 SMTLIB2_COMPLIANT=true -memory:1024 -smt2 -in -t:12000
[2019-05-02 19:53:40,254 INFO  L124     BoogieDeclarations]: Specification and implementation of procedure main given in one single declaration
[2019-05-02 19:53:40,255 INFO  L130     BoogieDeclarations]: Found specification of procedure main
[2019-05-02 19:53:40,255 INFO  L138     BoogieDeclarations]: Found implementation of procedure main
[2019-05-02 19:53:40,343 INFO  L278             CfgBuilder]: Using library mode
[2019-05-02 19:53:40,344 INFO  L286             CfgBuilder]: Removed 0 assue(true) statements.
[2019-05-02 19:53:40,344 INFO  L202        PluginConnector]: Adding new model 100.bpl de.uni_freiburg.informatik.ultimate.plugins.generator.rcfgbuilder CFG 02.05 07:53:40 BoogieIcfgContainer
[2019-05-02 19:53:40,345 INFO  L132        PluginConnector]: ------------------------ END RCFGBuilder----------------------------
[2019-05-02 19:53:40,345 INFO  L113        PluginConnector]: ------------------------LassoRanker----------------------------
[2019-05-02 19:53:40,345 INFO  L271        PluginConnector]: Initializing LassoRanker...
[2019-05-02 19:53:40,345 INFO  L276        PluginConnector]: LassoRanker initialized
[2019-05-02 19:53:40,346 INFO  L185        PluginConnector]: Executing the observer LassoRankerObserver from plugin LassoRanker for "100.bpl de.uni_freiburg.informatik.ultimate.plugins.generator.rcfgbuilder CFG 02.05 07:53:40" (1/1) ...
[2019-05-02 19:53:40,368 INFO  L72            BuchiIsEmpty]: Start buchiIsEmpty. Operand 2 states.
[2019-05-02 19:53:40,384 INFO  L131   ngComponentsAnalysis]: Automaton has 1 accepting balls. 1
[2019-05-02 19:53:40,384 INFO  L87            BuchiIsEmpty]: Finished buchiIsEmpty Result is false
[2019-05-02 19:53:40,384 INFO  L119           BuchiIsEmpty]: Starting construction of run
[2019-05-02 19:53:40,390 INFO  L104     BuchiDifferenceFKV]: Start buchiDifferenceFKV. First operand 2 states. Second operand 1 states.
[2019-05-02 19:53:40,399 INFO  L108     BuchiDifferenceFKV]: Finished buchiDifferenceFKV. First operand 2 states. Second operand 1 states. Result 3 states and 4 transitions. Complement of second has 2 states 2 powerset states0 rank states. The highest rank that occured is -1
[2019-05-02 19:53:40,399 INFO  L72            BuchiIsEmpty]: Start buchiIsEmpty. Operand 3 states and 4 transitions.
[2019-05-02 19:53:40,399 INFO  L131   ngComponentsAnalysis]: Automaton has 0 accepting balls. 0
[2019-05-02 19:53:40,399 INFO  L87            BuchiIsEmpty]: Finished buchiIsEmpty Result is true
[2019-05-02 19:53:40,458 INFO  L216          LassoAnalysis]: Preferences:
[2019-05-02 19:53:40,459 INFO  L124   ssoRankerPreferences]: Compute integeral hull: false
[2019-05-02 19:53:40,459 INFO  L125   ssoRankerPreferences]: Enable LassoPartitioneer: true
[2019-05-02 19:53:40,459 INFO  L126   ssoRankerPreferences]: Term annotations enabled: false
[2019-05-02 19:53:40,459 INFO  L127   ssoRankerPreferences]: Use exernal solver: true
[2019-05-02 19:53:40,459 INFO  L128   ssoRankerPreferences]: SMT solver command: z3 -smt2 -in SMTLIB2_COMPLIANT=true
[2019-05-02 19:53:40,459 INFO  L129   ssoRankerPreferences]: Dump SMT script to file: false
[2019-05-02 19:53:40,460 INFO  L130   ssoRankerPreferences]: Path of dumped script: .
[2019-05-02 19:53:40,460 INFO  L131   ssoRankerPreferences]: Filename of dumped script: LassoRankerScript
[2019-05-02 19:53:40,460 INFO  L132   ssoRankerPreferences]: MapElimAlgo: Frank
[2019-05-02 19:53:40,460 INFO  L282          LassoAnalysis]: Starting lasso preprocessing...
[2019-05-02 19:53:40,478 INFO  L141          MapEliminator]: Using MapEliminator with SimplificationTechnique=SIMPLIFY_DDA XnfConversionTechnique=BOTTOM_UP_WITH_LOCAL_SIMPLIFICATION AddInequalities=false OnlyTrivialImplicationsArrayWrite=false OnlyTrivialImplicationsForModifiedArguments=true OnlyArgumentsInFormula=true
[2019-05-02 19:53:40,577 INFO  L300          LassoAnalysis]: Preprocessing complete.
[2019-05-02 19:53:40,578 INFO  L412          LassoAnalysis]: Checking for nontermination...
No working directory specified, using /home/xuechao/xuechao/work/Lab/Termination/Lasso-Ranker/z3
Starting monitored process 2 with z3 -smt2 -in SMTLIB2_COMPLIANT=true (exit command is (exit), workingDir is null)
Waiting until toolchain timeout for monitored process 2 with z3 -smt2 -in SMTLIB2_COMPLIANT=true
[2019-05-02 19:53:40,587 INFO  L151   nArgumentSynthesizer]: Nontermination analysis: LINEAR_WITH_GUESSES Allow bounded executions: true Number of generalized eigenvectors: 0 Nilpotent components: true
No working directory specified, using /home/xuechao/xuechao/work/Lab/Termination/Lasso-Ranker/z3
Starting monitored process 3 with z3 -smt2 -in SMTLIB2_COMPLIANT=true (exit command is (exit), workingDir is null)
Waiting until toolchain timeout for monitored process 3 with z3 -smt2 -in SMTLIB2_COMPLIANT=true
[2019-05-02 19:53:40,612 INFO  L151   nArgumentSynthesizer]: Nontermination analysis: LINEAR_WITH_GUESSES Allow bounded executions: true Number of generalized eigenvectors: 3 Nilpotent components: true
[2019-05-02 19:53:40,629 INFO  L452          LassoAnalysis]: Proving nontermination failed: No geometric nontermination argument exists.
[2019-05-02 19:53:40,645 INFO  L216          LassoAnalysis]: Preferences:
[2019-05-02 19:53:40,645 INFO  L124   ssoRankerPreferences]: Compute integeral hull: false
[2019-05-02 19:53:40,645 INFO  L125   ssoRankerPreferences]: Enable LassoPartitioneer: true
[2019-05-02 19:53:40,645 INFO  L126   ssoRankerPreferences]: Term annotations enabled: false
[2019-05-02 19:53:40,645 INFO  L127   ssoRankerPreferences]: Use exernal solver: true
[2019-05-02 19:53:40,645 INFO  L128   ssoRankerPreferences]: SMT solver command: z3 -smt2 -in SMTLIB2_COMPLIANT=true
[2019-05-02 19:53:40,645 INFO  L129   ssoRankerPreferences]: Dump SMT script to file: false
[2019-05-02 19:53:40,646 INFO  L130   ssoRankerPreferences]: Path of dumped script: .
[2019-05-02 19:53:40,646 INFO  L131   ssoRankerPreferences]: Filename of dumped script: LassoRankerScript
[2019-05-02 19:53:40,646 INFO  L132   ssoRankerPreferences]: MapElimAlgo: Frank
[2019-05-02 19:53:40,646 INFO  L282          LassoAnalysis]: Starting lasso preprocessing...
[2019-05-02 19:53:40,647 INFO  L141          MapEliminator]: Using MapEliminator with SimplificationTechnique=SIMPLIFY_DDA XnfConversionTechnique=BOTTOM_UP_WITH_LOCAL_SIMPLIFICATION AddInequalities=false OnlyTrivialImplicationsArrayWrite=false OnlyTrivialImplicationsForModifiedArguments=true OnlyArgumentsInFormula=true
[2019-05-02 19:53:40,725 INFO  L300          LassoAnalysis]: Preprocessing complete.
[2019-05-02 19:53:40,752 INFO  L497          LassoAnalysis]: Using template 'affine'.
No working directory specified, using /home/xuechao/xuechao/work/Lab/Termination/Lasso-Ranker/z3
Starting monitored process 4 with z3 -smt2 -in SMTLIB2_COMPLIANT=true (exit command is (exit), workingDir is null)
Waiting until toolchain timeout for monitored process 4 with z3 -smt2 -in SMTLIB2_COMPLIANT=true
[2019-05-02 19:53:40,756 INFO  L122   nArgumentSynthesizer]: Termination Analysis Settings:
Termination analysis: LINEAR_WITH_GUESSES
Number of strict supporting invariants: 1
Number of non-strict supporting invariants: 0
Consider only non-deceasing supporting invariants: true
Simplify termination arguments: true
Simplify supporting invariants: trueOverapproximate stem: false
[2019-05-02 19:53:40,758 INFO  L339   nArgumentSynthesizer]: Template has degree 0.
[2019-05-02 19:53:40,758 INFO  L352   nArgumentSynthesizer]: There is no stem transition; disabling supporting invariant generation.
[2019-05-02 19:53:40,759 INFO  L205   nArgumentSynthesizer]: 1 stem disjuncts
[2019-05-02 19:53:40,759 INFO  L206   nArgumentSynthesizer]: 1 loop disjuncts
[2019-05-02 19:53:40,759 INFO  L207   nArgumentSynthesizer]: 2 template conjuncts.
[2019-05-02 19:53:40,762 INFO  L402   nArgumentSynthesizer]: We have 2 Motzkin's Theorem applications.
[2019-05-02 19:53:40,762 INFO  L403   nArgumentSynthesizer]: A total of 0 supporting invariants were added.
[2019-05-02 19:53:40,764 INFO  L530          LassoAnalysis]: Proving termination failed for this template and these settings.
[2019-05-02 19:53:40,778 INFO  L497          LassoAnalysis]: Using template '2-nested'.
No working directory specified, using /home/xuechao/xuechao/work/Lab/Termination/Lasso-Ranker/z3
Starting monitored process 5 with z3 -smt2 -in SMTLIB2_COMPLIANT=true (exit command is (exit), workingDir is null)
Waiting until toolchain timeout for monitored process 5 with z3 -smt2 -in SMTLIB2_COMPLIANT=true
[2019-05-02 19:53:40,781 INFO  L122   nArgumentSynthesizer]: Termination Analysis Settings:
Termination analysis: LINEAR_WITH_GUESSES
Number of strict supporting invariants: 1
Number of non-strict supporting invariants: 0
Consider only non-deceasing supporting invariants: true
Simplify termination arguments: true
Simplify supporting invariants: trueOverapproximate stem: false
[2019-05-02 19:53:40,783 INFO  L339   nArgumentSynthesizer]: Template has degree 0.
[2019-05-02 19:53:40,783 INFO  L352   nArgumentSynthesizer]: There is no stem transition; disabling supporting invariant generation.
[2019-05-02 19:53:40,784 INFO  L205   nArgumentSynthesizer]: 1 stem disjuncts
[2019-05-02 19:53:40,784 INFO  L206   nArgumentSynthesizer]: 1 loop disjuncts
[2019-05-02 19:53:40,784 INFO  L207   nArgumentSynthesizer]: 3 template conjuncts.
[2019-05-02 19:53:40,789 INFO  L402   nArgumentSynthesizer]: We have 3 Motzkin's Theorem applications.
[2019-05-02 19:53:40,789 INFO  L403   nArgumentSynthesizer]: A total of 0 supporting invariants were added.
[2019-05-02 19:53:40,792 INFO  L530          LassoAnalysis]: Proving termination failed for this template and these settings.
[2019-05-02 19:53:40,806 INFO  L497          LassoAnalysis]: Using template '3-nested'.
No working directory specified, using /home/xuechao/xuechao/work/Lab/Termination/Lasso-Ranker/z3
Starting monitored process 6 with z3 -smt2 -in SMTLIB2_COMPLIANT=true (exit command is (exit), workingDir is null)
Waiting until toolchain timeout for monitored process 6 with z3 -smt2 -in SMTLIB2_COMPLIANT=true
[2019-05-02 19:53:40,815 INFO  L122   nArgumentSynthesizer]: Termination Analysis Settings:
Termination analysis: LINEAR_WITH_GUESSES
Number of strict supporting invariants: 1
Number of non-strict supporting invariants: 0
Consider only non-deceasing supporting invariants: true
Simplify termination arguments: true
Simplify supporting invariants: trueOverapproximate stem: false
[2019-05-02 19:53:40,818 INFO  L339   nArgumentSynthesizer]: Template has degree 0.
[2019-05-02 19:53:40,819 INFO  L352   nArgumentSynthesizer]: There is no stem transition; disabling supporting invariant generation.
[2019-05-02 19:53:40,819 INFO  L205   nArgumentSynthesizer]: 1 stem disjuncts
[2019-05-02 19:53:40,819 INFO  L206   nArgumentSynthesizer]: 1 loop disjuncts
[2019-05-02 19:53:40,819 INFO  L207   nArgumentSynthesizer]: 4 template conjuncts.
[2019-05-02 19:53:40,823 INFO  L402   nArgumentSynthesizer]: We have 4 Motzkin's Theorem applications.
[2019-05-02 19:53:40,824 INFO  L403   nArgumentSynthesizer]: A total of 0 supporting invariants were added.
[2019-05-02 19:53:40,828 INFO  L530          LassoAnalysis]: Proving termination failed for this template and these settings.
[2019-05-02 19:53:40,842 INFO  L497          LassoAnalysis]: Using template '4-nested'.
No working directory specified, using /home/xuechao/xuechao/work/Lab/Termination/Lasso-Ranker/z3
Starting monitored process 7 with z3 -smt2 -in SMTLIB2_COMPLIANT=true (exit command is (exit), workingDir is null)
Waiting until toolchain timeout for monitored process 7 with z3 -smt2 -in SMTLIB2_COMPLIANT=true
[2019-05-02 19:53:40,845 INFO  L122   nArgumentSynthesizer]: Termination Analysis Settings:
Termination analysis: LINEAR_WITH_GUESSES
Number of strict supporting invariants: 1
Number of non-strict supporting invariants: 0
Consider only non-deceasing supporting invariants: true
Simplify termination arguments: true
Simplify supporting invariants: trueOverapproximate stem: false
[2019-05-02 19:53:40,847 INFO  L339   nArgumentSynthesizer]: Template has degree 0.
[2019-05-02 19:53:40,847 INFO  L352   nArgumentSynthesizer]: There is no stem transition; disabling supporting invariant generation.
[2019-05-02 19:53:40,848 INFO  L205   nArgumentSynthesizer]: 1 stem disjuncts
[2019-05-02 19:53:40,848 INFO  L206   nArgumentSynthesizer]: 1 loop disjuncts
[2019-05-02 19:53:40,848 INFO  L207   nArgumentSynthesizer]: 5 template conjuncts.
[2019-05-02 19:53:40,856 INFO  L402   nArgumentSynthesizer]: We have 5 Motzkin's Theorem applications.
[2019-05-02 19:53:40,856 INFO  L403   nArgumentSynthesizer]: A total of 0 supporting invariants were added.
[2019-05-02 19:53:40,860 INFO  L530          LassoAnalysis]: Proving termination failed for this template and these settings.
[2019-05-02 19:53:40,875 INFO  L497          LassoAnalysis]: Using template '2-phase'.
No working directory specified, using /home/xuechao/xuechao/work/Lab/Termination/Lasso-Ranker/z3
Starting monitored process 8 with z3 -smt2 -in SMTLIB2_COMPLIANT=true (exit command is (exit), workingDir is null)
Waiting until toolchain timeout for monitored process 8 with z3 -smt2 -in SMTLIB2_COMPLIANT=true
[2019-05-02 19:53:40,879 INFO  L122   nArgumentSynthesizer]: Termination Analysis Settings:
Termination analysis: LINEAR_WITH_GUESSES
Number of strict supporting invariants: 1
Number of non-strict supporting invariants: 0
Consider only non-deceasing supporting invariants: true
Simplify termination arguments: true
Simplify supporting invariants: trueOverapproximate stem: false
[2019-05-02 19:53:40,881 WARN  L334   nArgumentSynthesizer]: Using a linear SMT query and a templates of degree > 0, hence this method is incomplete.
[2019-05-02 19:53:40,881 INFO  L339   nArgumentSynthesizer]: Template has degree 1.
[2019-05-02 19:53:40,881 INFO  L352   nArgumentSynthesizer]: There is no stem transition; disabling supporting invariant generation.
[2019-05-02 19:53:40,881 INFO  L205   nArgumentSynthesizer]: 1 stem disjuncts
[2019-05-02 19:53:40,881 INFO  L206   nArgumentSynthesizer]: 1 loop disjuncts
[2019-05-02 19:53:40,882 INFO  L207   nArgumentSynthesizer]: 3 template conjuncts.
[2019-05-02 19:53:40,893 INFO  L402   nArgumentSynthesizer]: We have 3 Motzkin's Theorem applications.
[2019-05-02 19:53:40,893 INFO  L403   nArgumentSynthesizer]: A total of 0 supporting invariants were added.
[2019-05-02 19:53:41,164 INFO  L530          LassoAnalysis]: Proving termination failed for this template and these settings.
[2019-05-02 19:53:41,178 INFO  L497          LassoAnalysis]: Using template 'lex(affine, affine)'.
No working directory specified, using /home/xuechao/xuechao/work/Lab/Termination/Lasso-Ranker/z3
Starting monitored process 9 with z3 -smt2 -in SMTLIB2_COMPLIANT=true (exit command is (exit), workingDir is null)
Waiting until toolchain timeout for monitored process 9 with z3 -smt2 -in SMTLIB2_COMPLIANT=true
[2019-05-02 19:53:41,180 INFO  L122   nArgumentSynthesizer]: Termination Analysis Settings:
Termination analysis: LINEAR_WITH_GUESSES
Number of strict supporting invariants: 1
Number of non-strict supporting invariants: 0
Consider only non-deceasing supporting invariants: true
Simplify termination arguments: true
Simplify supporting invariants: trueOverapproximate stem: false
[2019-05-02 19:53:41,182 WARN  L334   nArgumentSynthesizer]: Using a linear SMT query and a templates of degree > 0, hence this method is incomplete.
[2019-05-02 19:53:41,183 INFO  L339   nArgumentSynthesizer]: Template has degree 5.
[2019-05-02 19:53:41,183 INFO  L352   nArgumentSynthesizer]: There is no stem transition; disabling supporting invariant generation.
[2019-05-02 19:53:41,183 INFO  L205   nArgumentSynthesizer]: 1 stem disjuncts
[2019-05-02 19:53:41,183 INFO  L206   nArgumentSynthesizer]: 1 loop disjuncts
[2019-05-02 19:53:41,184 INFO  L207   nArgumentSynthesizer]: 4 template conjuncts.
[2019-05-02 19:53:41,189 INFO  L402   nArgumentSynthesizer]: We have 4 Motzkin's Theorem applications.
[2019-05-02 19:53:41,189 INFO  L403   nArgumentSynthesizer]: A total of 0 supporting invariants were added.
[2019-05-02 19:53:41,525 INFO  L530          LassoAnalysis]: Proving termination failed for this template and these settings.
[2019-05-02 19:53:41,540 INFO  L497          LassoAnalysis]: Using template '2-piece'.
No working directory specified, using /home/xuechao/xuechao/work/Lab/Termination/Lasso-Ranker/z3
Starting monitored process 10 with z3 -smt2 -in SMTLIB2_COMPLIANT=true (exit command is (exit), workingDir is null)
Waiting until toolchain timeout for monitored process 10 with z3 -smt2 -in SMTLIB2_COMPLIANT=true
[2019-05-02 19:53:41,542 INFO  L122   nArgumentSynthesizer]: Termination Analysis Settings:
Termination analysis: LINEAR_WITH_GUESSES
Number of strict supporting invariants: 1
Number of non-strict supporting invariants: 0
Consider only non-deceasing supporting invariants: true
Simplify termination arguments: true
Simplify supporting invariants: trueOverapproximate stem: false
[2019-05-02 19:53:41,544 WARN  L334   nArgumentSynthesizer]: Using a linear SMT query and a templates of degree > 0, hence this method is incomplete.
[2019-05-02 19:53:41,544 INFO  L339   nArgumentSynthesizer]: Template has degree 7.
[2019-05-02 19:53:41,544 INFO  L352   nArgumentSynthesizer]: There is no stem transition; disabling supporting invariant generation.
[2019-05-02 19:53:41,545 INFO  L205   nArgumentSynthesizer]: 1 stem disjuncts
[2019-05-02 19:53:41,545 INFO  L206   nArgumentSynthesizer]: 1 loop disjuncts
[2019-05-02 19:53:41,545 INFO  L207   nArgumentSynthesizer]: 7 template conjuncts.
[2019-05-02 19:53:41,579 INFO  L402   nArgumentSynthesizer]: We have 7 Motzkin's Theorem applications.
[2019-05-02 19:53:41,579 INFO  L403   nArgumentSynthesizer]: A total of 0 supporting invariants were added.
[2019-05-02 19:53:46,941 INFO  L530          LassoAnalysis]: Proving termination failed for this template and these settings.
[2019-05-02 19:53:46,956 INFO  L497          LassoAnalysis]: Using template '2-parallel'.
No working directory specified, using /home/xuechao/xuechao/work/Lab/Termination/Lasso-Ranker/z3
Starting monitored process 11 with z3 -smt2 -in SMTLIB2_COMPLIANT=true (exit command is (exit), workingDir is null)
Waiting until toolchain timeout for monitored process 11 with z3 -smt2 -in SMTLIB2_COMPLIANT=true
[2019-05-02 19:53:46,958 INFO  L122   nArgumentSynthesizer]: Termination Analysis Settings:
Termination analysis: LINEAR_WITH_GUESSES
Number of strict supporting invariants: 1
Number of non-strict supporting invariants: 0
Consider only non-deceasing supporting invariants: true
Simplify termination arguments: true
Simplify supporting invariants: trueOverapproximate stem: false
[2019-05-02 19:53:46,959 WARN  L334   nArgumentSynthesizer]: Using a linear SMT query and a templates of degree > 0, hence this method is incomplete.
[2019-05-02 19:53:46,959 INFO  L339   nArgumentSynthesizer]: Template has degree 4.
[2019-05-02 19:53:46,960 INFO  L352   nArgumentSynthesizer]: There is no stem transition; disabling supporting invariant generation.
[2019-05-02 19:53:46,960 INFO  L205   nArgumentSynthesizer]: 1 stem disjuncts
[2019-05-02 19:53:46,960 INFO  L206   nArgumentSynthesizer]: 1 loop disjuncts
[2019-05-02 19:53:46,960 INFO  L207   nArgumentSynthesizer]: 6 template conjuncts.
[2019-05-02 19:53:46,966 INFO  L402   nArgumentSynthesizer]: We have 6 Motzkin's Theorem applications.
[2019-05-02 19:53:46,966 INFO  L403   nArgumentSynthesizer]: A total of 0 supporting invariants were added.
[2019-05-02 19:53:47,483 INFO  L530          LassoAnalysis]: Proving termination failed for this template and these settings.
[2019-05-02 19:53:47,501 INFO  L489     LassoRankerStarter]: LassoRanker could not prove termination or nontermination of the given linear lasso program.
Templates: AffineTemplate NestedTemplate NestedTemplate NestedTemplate MultiphaseTemplate ComposedLexicographicTemplate PiecewiseTemplate ParallelTemplate
[2019-05-02 19:53:47,502 INFO  L132        PluginConnector]: ------------------------ END LassoRanker----------------------------
[2019-05-02 19:53:47,502 INFO  L168              Benchmark]: Toolchain (without parser) took 7321.14 ms. Allocated memory was 514.9 MB in the beginning and 532.2 MB in the end (delta: 17.3 MB). Free memory was 474.9 MB in the beginning and 499.2 MB in the end (delta: -24.2 MB). Peak memory consumption was 123.6 MB. Max. memory is 11.5 GB.
[2019-05-02 19:53:47,504 INFO  L168              Benchmark]: Boogie PL CUP Parser took 0.12 ms. Allocated memory is still 514.9 MB. Free memory is still 476.4 MB. There was no memory consumed. Max. memory is 11.5 GB.
[2019-05-02 19:53:47,505 INFO  L168              Benchmark]: Boogie Preprocessor took 29.87 ms. Allocated memory is still 514.9 MB. Free memory was 474.9 MB in the beginning and 472.2 MB in the end (delta: 2.7 MB). Peak memory consumption was 2.7 MB. Max. memory is 11.5 GB.
[2019-05-02 19:53:47,505 INFO  L168              Benchmark]: RCFGBuilder took 132.19 ms. Allocated memory is still 514.9 MB. Free memory was 472.2 MB in the beginning and 462.6 MB in the end (delta: 9.6 MB). Peak memory consumption was 9.6 MB. Max. memory is 11.5 GB.
[2019-05-02 19:53:47,506 INFO  L168              Benchmark]: LassoRanker took 7156.80 ms. Allocated memory was 514.9 MB in the beginning and 532.2 MB in the end (delta: 17.3 MB). Free memory was 462.6 MB in the beginning and 499.2 MB in the end (delta: -36.5 MB). Peak memory consumption was 111.2 MB. Max. memory is 11.5 GB.
[2019-05-02 19:53:47,510 INFO  L336   ainManager$Toolchain]: #######################  End [Toolchain 1] #######################
 --- Results ---
 * Results from de.uni_freiburg.informatik.ultimate.core:
  - StatisticsResult: Toolchain Benchmarks
    Benchmark results are:
 * Boogie PL CUP Parser took 0.12 ms. Allocated memory is still 514.9 MB. Free memory is still 476.4 MB. There was no memory consumed. Max. memory is 11.5 GB.
 * Boogie Preprocessor took 29.87 ms. Allocated memory is still 514.9 MB. Free memory was 474.9 MB in the beginning and 472.2 MB in the end (delta: 2.7 MB). Peak memory consumption was 2.7 MB. Max. memory is 11.5 GB.
 * RCFGBuilder took 132.19 ms. Allocated memory is still 514.9 MB. Free memory was 472.2 MB in the beginning and 462.6 MB in the end (delta: 9.6 MB). Peak memory consumption was 9.6 MB. Max. memory is 11.5 GB.
 * LassoRanker took 7156.80 ms. Allocated memory was 514.9 MB in the beginning and 532.2 MB in the end (delta: 17.3 MB). Free memory was 462.6 MB in the beginning and 499.2 MB in the end (delta: -36.5 MB). Peak memory consumption was 111.2 MB. Max. memory is 11.5 GB.
 * Results from de.uni_freiburg.informatik.ultimate.plugins.analysis.lassoranker:
  - NoResult [Line: 11]: LassoRanker could not prove termination
    LassoRanker could not prove termination or nontermination of the given linear lasso program.
Templates: AffineTemplate NestedTemplate NestedTemplate NestedTemplate MultiphaseTemplate ComposedLexicographicTemplate PiecewiseTemplate ParallelTemplate
RESULT: Ultimate could not prove your program: Toolchain returned no result.
Received shutdown request...
