This is Ultimate 0.1.24-16d85fa
[2019-05-02 19:54:01,111 INFO  L170        SettingsManager]: Resetting all preferences to default values...
[2019-05-02 19:54:01,112 INFO  L174        SettingsManager]: Resetting UltimateCore preferences to default values
[2019-05-02 19:54:01,122 INFO  L177        SettingsManager]: Ultimate Commandline Interface provides no preferences, ignoring...
[2019-05-02 19:54:01,122 INFO  L174        SettingsManager]: Resetting Boogie Preprocessor preferences to default values
[2019-05-02 19:54:01,123 INFO  L174        SettingsManager]: Resetting Boogie Procedure Inliner preferences to default values
[2019-05-02 19:54:01,124 INFO  L174        SettingsManager]: Resetting Abstract Interpretation preferences to default values
[2019-05-02 19:54:01,125 INFO  L174        SettingsManager]: Resetting LassoRanker preferences to default values
[2019-05-02 19:54:01,127 INFO  L174        SettingsManager]: Resetting Reaching Definitions preferences to default values
[2019-05-02 19:54:01,127 INFO  L174        SettingsManager]: Resetting SyntaxChecker preferences to default values
[2019-05-02 19:54:01,128 INFO  L177        SettingsManager]: Büchi Program Product provides no preferences, ignoring...
[2019-05-02 19:54:01,128 INFO  L174        SettingsManager]: Resetting LTL2Aut preferences to default values
[2019-05-02 19:54:01,129 INFO  L174        SettingsManager]: Resetting PEA to Boogie preferences to default values
[2019-05-02 19:54:01,129 INFO  L174        SettingsManager]: Resetting BlockEncodingV2 preferences to default values
[2019-05-02 19:54:01,130 INFO  L174        SettingsManager]: Resetting ChcToBoogie preferences to default values
[2019-05-02 19:54:01,130 INFO  L174        SettingsManager]: Resetting AutomataScriptInterpreter preferences to default values
[2019-05-02 19:54:01,131 INFO  L174        SettingsManager]: Resetting BuchiAutomizer preferences to default values
[2019-05-02 19:54:01,132 INFO  L174        SettingsManager]: Resetting CACSL2BoogieTranslator preferences to default values
[2019-05-02 19:54:01,133 INFO  L174        SettingsManager]: Resetting CodeCheck preferences to default values
[2019-05-02 19:54:01,135 INFO  L174        SettingsManager]: Resetting InvariantSynthesis preferences to default values
[2019-05-02 19:54:01,135 INFO  L174        SettingsManager]: Resetting RCFGBuilder preferences to default values
[2019-05-02 19:54:01,136 INFO  L174        SettingsManager]: Resetting TraceAbstraction preferences to default values
[2019-05-02 19:54:01,138 INFO  L177        SettingsManager]: TraceAbstractionConcurrent provides no preferences, ignoring...
[2019-05-02 19:54:01,138 INFO  L177        SettingsManager]: TraceAbstractionWithAFAs provides no preferences, ignoring...
[2019-05-02 19:54:01,138 INFO  L174        SettingsManager]: Resetting TreeAutomizer preferences to default values
[2019-05-02 19:54:01,139 INFO  L174        SettingsManager]: Resetting IcfgTransformer preferences to default values
[2019-05-02 19:54:01,140 INFO  L174        SettingsManager]: Resetting Boogie Printer preferences to default values
[2019-05-02 19:54:01,140 INFO  L174        SettingsManager]: Resetting ReqPrinter preferences to default values
[2019-05-02 19:54:01,141 INFO  L174        SettingsManager]: Resetting Witness Printer preferences to default values
[2019-05-02 19:54:01,141 INFO  L177        SettingsManager]: Boogie PL CUP Parser provides no preferences, ignoring...
[2019-05-02 19:54:01,142 INFO  L174        SettingsManager]: Resetting CDTParser preferences to default values
[2019-05-02 19:54:01,142 INFO  L177        SettingsManager]: AutomataScriptParser provides no preferences, ignoring...
[2019-05-02 19:54:01,142 INFO  L177        SettingsManager]: ReqParser provides no preferences, ignoring...
[2019-05-02 19:54:01,142 INFO  L174        SettingsManager]: Resetting SmtParser preferences to default values
[2019-05-02 19:54:01,143 INFO  L174        SettingsManager]: Resetting Witness Parser preferences to default values
[2019-05-02 19:54:01,143 INFO  L181        SettingsManager]: Finished resetting all preferences to default values...
[2019-05-02 19:54:01,159 INFO  L81    nceAwareModelManager]: Repository-Root is: /tmp
[2019-05-02 19:54:01,168 INFO  L258   ainManager$Toolchain]: [Toolchain 1]: Applicable parser(s) successfully (re)initialized
[2019-05-02 19:54:01,171 INFO  L214   ainManager$Toolchain]: [Toolchain 1]: Toolchain selected.
[2019-05-02 19:54:01,172 INFO  L271        PluginConnector]: Initializing Boogie PL CUP Parser...
[2019-05-02 19:54:01,172 INFO  L276        PluginConnector]: Boogie PL CUP Parser initialized
[2019-05-02 19:54:01,173 INFO  L418   ainManager$Toolchain]: [Toolchain 1]: Parsing single file: /home/xuechao/xuechao/work/Lab/Termination/Lasso-Ranker/Program_non/105.bpl
[2019-05-02 19:54:01,173 INFO  L111           BoogieParser]: Parsing: '/home/xuechao/xuechao/work/Lab/Termination/Lasso-Ranker/Program_non/105.bpl'
[2019-05-02 19:54:01,194 INFO  L296   ainManager$Toolchain]: ####################### [Toolchain 1] #######################
[2019-05-02 19:54:01,195 INFO  L131        ToolchainWalker]: Walking toolchain with 3 elements.
[2019-05-02 19:54:01,196 INFO  L113        PluginConnector]: ------------------------Boogie Preprocessor----------------------------
[2019-05-02 19:54:01,196 INFO  L271        PluginConnector]: Initializing Boogie Preprocessor...
[2019-05-02 19:54:01,196 INFO  L276        PluginConnector]: Boogie Preprocessor initialized
[2019-05-02 19:54:01,213 INFO  L185        PluginConnector]: Executing the observer EnsureBoogieModelObserver from plugin Boogie Preprocessor for "105.bpl de.uni_freiburg.informatik.ultimate.boogie.parser AST 02.05 07:54:01" (1/1) ...
[2019-05-02 19:54:01,214 INFO  L185        PluginConnector]: Executing the observer TypeChecker from plugin Boogie Preprocessor for "105.bpl de.uni_freiburg.informatik.ultimate.boogie.parser AST 02.05 07:54:01" (1/1) ...
[2019-05-02 19:54:01,219 INFO  L185        PluginConnector]: Executing the observer ConstExpander from plugin Boogie Preprocessor for "105.bpl de.uni_freiburg.informatik.ultimate.boogie.parser AST 02.05 07:54:01" (1/1) ...
[2019-05-02 19:54:01,219 INFO  L185        PluginConnector]: Executing the observer StructExpander from plugin Boogie Preprocessor for "105.bpl de.uni_freiburg.informatik.ultimate.boogie.parser AST 02.05 07:54:01" (1/1) ...
[2019-05-02 19:54:01,221 INFO  L185        PluginConnector]: Executing the observer UnstructureCode from plugin Boogie Preprocessor for "105.bpl de.uni_freiburg.informatik.ultimate.boogie.parser AST 02.05 07:54:01" (1/1) ...
[2019-05-02 19:54:01,223 INFO  L185        PluginConnector]: Executing the observer FunctionInliner from plugin Boogie Preprocessor for "105.bpl de.uni_freiburg.informatik.ultimate.boogie.parser AST 02.05 07:54:01" (1/1) ...
[2019-05-02 19:54:01,224 INFO  L185        PluginConnector]: Executing the observer BoogieSymbolTableConstructor from plugin Boogie Preprocessor for "105.bpl de.uni_freiburg.informatik.ultimate.boogie.parser AST 02.05 07:54:01" (1/1) ...
[2019-05-02 19:54:01,225 INFO  L132        PluginConnector]: ------------------------ END Boogie Preprocessor----------------------------
[2019-05-02 19:54:01,225 INFO  L113        PluginConnector]: ------------------------RCFGBuilder----------------------------
[2019-05-02 19:54:01,225 INFO  L271        PluginConnector]: Initializing RCFGBuilder...
[2019-05-02 19:54:01,225 INFO  L276        PluginConnector]: RCFGBuilder initialized
[2019-05-02 19:54:01,226 INFO  L185        PluginConnector]: Executing the observer RCFGBuilderObserver from plugin RCFGBuilder for "105.bpl de.uni_freiburg.informatik.ultimate.boogie.parser AST 02.05 07:54:01" (1/1) ...
No working directory specified, using /home/xuechao/xuechao/work/Lab/Termination/Lasso-Ranker/z3
Starting monitored process 1 with z3 SMTLIB2_COMPLIANT=true -memory:1024 -smt2 -in -t:12000 (exit command is (exit), workingDir is null)
Waiting until toolchain timeout for monitored process 1 with z3 SMTLIB2_COMPLIANT=true -memory:1024 -smt2 -in -t:12000
[2019-05-02 19:54:01,270 INFO  L124     BoogieDeclarations]: Specification and implementation of procedure main given in one single declaration
[2019-05-02 19:54:01,271 INFO  L130     BoogieDeclarations]: Found specification of procedure main
[2019-05-02 19:54:01,271 INFO  L138     BoogieDeclarations]: Found implementation of procedure main
[2019-05-02 19:54:01,343 INFO  L278             CfgBuilder]: Using library mode
[2019-05-02 19:54:01,344 INFO  L286             CfgBuilder]: Removed 0 assue(true) statements.
[2019-05-02 19:54:01,344 INFO  L202        PluginConnector]: Adding new model 105.bpl de.uni_freiburg.informatik.ultimate.plugins.generator.rcfgbuilder CFG 02.05 07:54:01 BoogieIcfgContainer
[2019-05-02 19:54:01,344 INFO  L132        PluginConnector]: ------------------------ END RCFGBuilder----------------------------
[2019-05-02 19:54:01,345 INFO  L113        PluginConnector]: ------------------------LassoRanker----------------------------
[2019-05-02 19:54:01,345 INFO  L271        PluginConnector]: Initializing LassoRanker...
[2019-05-02 19:54:01,345 INFO  L276        PluginConnector]: LassoRanker initialized
[2019-05-02 19:54:01,345 INFO  L185        PluginConnector]: Executing the observer LassoRankerObserver from plugin LassoRanker for "105.bpl de.uni_freiburg.informatik.ultimate.plugins.generator.rcfgbuilder CFG 02.05 07:54:01" (1/1) ...
[2019-05-02 19:54:01,368 INFO  L72            BuchiIsEmpty]: Start buchiIsEmpty. Operand 2 states.
[2019-05-02 19:54:01,384 INFO  L131   ngComponentsAnalysis]: Automaton has 1 accepting balls. 1
[2019-05-02 19:54:01,384 INFO  L87            BuchiIsEmpty]: Finished buchiIsEmpty Result is false
[2019-05-02 19:54:01,384 INFO  L119           BuchiIsEmpty]: Starting construction of run
[2019-05-02 19:54:01,389 INFO  L104     BuchiDifferenceFKV]: Start buchiDifferenceFKV. First operand 2 states. Second operand 1 states.
[2019-05-02 19:54:01,398 INFO  L108     BuchiDifferenceFKV]: Finished buchiDifferenceFKV. First operand 2 states. Second operand 1 states. Result 3 states and 4 transitions. Complement of second has 2 states 2 powerset states0 rank states. The highest rank that occured is -1
[2019-05-02 19:54:01,398 INFO  L72            BuchiIsEmpty]: Start buchiIsEmpty. Operand 3 states and 4 transitions.
[2019-05-02 19:54:01,399 INFO  L131   ngComponentsAnalysis]: Automaton has 0 accepting balls. 0
[2019-05-02 19:54:01,399 INFO  L87            BuchiIsEmpty]: Finished buchiIsEmpty Result is true
[2019-05-02 19:54:01,454 INFO  L216          LassoAnalysis]: Preferences:
[2019-05-02 19:54:01,454 INFO  L124   ssoRankerPreferences]: Compute integeral hull: false
[2019-05-02 19:54:01,455 INFO  L125   ssoRankerPreferences]: Enable LassoPartitioneer: true
[2019-05-02 19:54:01,455 INFO  L126   ssoRankerPreferences]: Term annotations enabled: false
[2019-05-02 19:54:01,455 INFO  L127   ssoRankerPreferences]: Use exernal solver: true
[2019-05-02 19:54:01,455 INFO  L128   ssoRankerPreferences]: SMT solver command: z3 -smt2 -in SMTLIB2_COMPLIANT=true
[2019-05-02 19:54:01,455 INFO  L129   ssoRankerPreferences]: Dump SMT script to file: false
[2019-05-02 19:54:01,455 INFO  L130   ssoRankerPreferences]: Path of dumped script: .
[2019-05-02 19:54:01,455 INFO  L131   ssoRankerPreferences]: Filename of dumped script: LassoRankerScript
[2019-05-02 19:54:01,455 INFO  L132   ssoRankerPreferences]: MapElimAlgo: Frank
[2019-05-02 19:54:01,456 INFO  L282          LassoAnalysis]: Starting lasso preprocessing...
[2019-05-02 19:54:01,472 INFO  L141          MapEliminator]: Using MapEliminator with SimplificationTechnique=SIMPLIFY_DDA XnfConversionTechnique=BOTTOM_UP_WITH_LOCAL_SIMPLIFICATION AddInequalities=false OnlyTrivialImplicationsArrayWrite=false OnlyTrivialImplicationsForModifiedArguments=true OnlyArgumentsInFormula=true
[2019-05-02 19:54:01,539 INFO  L300          LassoAnalysis]: Preprocessing complete.
[2019-05-02 19:54:01,539 INFO  L412          LassoAnalysis]: Checking for nontermination...
No working directory specified, using /home/xuechao/xuechao/work/Lab/Termination/Lasso-Ranker/z3
Starting monitored process 2 with z3 -smt2 -in SMTLIB2_COMPLIANT=true (exit command is (exit), workingDir is null)
Waiting until toolchain timeout for monitored process 2 with z3 -smt2 -in SMTLIB2_COMPLIANT=true
[2019-05-02 19:54:01,547 INFO  L151   nArgumentSynthesizer]: Nontermination analysis: LINEAR_WITH_GUESSES Allow bounded executions: true Number of generalized eigenvectors: 0 Nilpotent components: true
[2019-05-02 19:54:01,547 INFO  L163   nArgumentSynthesizer]: Using integer mode.
No working directory specified, using /home/xuechao/xuechao/work/Lab/Termination/Lasso-Ranker/z3
Starting monitored process 3 with z3 -smt2 -in SMTLIB2_COMPLIANT=true (exit command is (exit), workingDir is null)
Waiting until toolchain timeout for monitored process 3 with z3 -smt2 -in SMTLIB2_COMPLIANT=true
[2019-05-02 19:54:01,568 INFO  L151   nArgumentSynthesizer]: Nontermination analysis: LINEAR_WITH_GUESSES Allow bounded executions: true Number of generalized eigenvectors: 3 Nilpotent components: true
[2019-05-02 19:54:01,569 INFO  L163   nArgumentSynthesizer]: Using integer mode.
[2019-05-02 19:54:01,592 INFO  L452          LassoAnalysis]: Proving nontermination failed: No geometric nontermination argument exists.
[2019-05-02 19:54:01,594 INFO  L216          LassoAnalysis]: Preferences:
[2019-05-02 19:54:01,594 INFO  L124   ssoRankerPreferences]: Compute integeral hull: false
[2019-05-02 19:54:01,594 INFO  L125   ssoRankerPreferences]: Enable LassoPartitioneer: true
[2019-05-02 19:54:01,594 INFO  L126   ssoRankerPreferences]: Term annotations enabled: false
[2019-05-02 19:54:01,594 INFO  L127   ssoRankerPreferences]: Use exernal solver: true
[2019-05-02 19:54:01,594 INFO  L128   ssoRankerPreferences]: SMT solver command: z3 -smt2 -in SMTLIB2_COMPLIANT=true
[2019-05-02 19:54:01,594 INFO  L129   ssoRankerPreferences]: Dump SMT script to file: false
[2019-05-02 19:54:01,594 INFO  L130   ssoRankerPreferences]: Path of dumped script: .
[2019-05-02 19:54:01,594 INFO  L131   ssoRankerPreferences]: Filename of dumped script: LassoRankerScript
[2019-05-02 19:54:01,594 INFO  L132   ssoRankerPreferences]: MapElimAlgo: Frank
[2019-05-02 19:54:01,595 INFO  L282          LassoAnalysis]: Starting lasso preprocessing...
[2019-05-02 19:54:01,596 INFO  L141          MapEliminator]: Using MapEliminator with SimplificationTechnique=SIMPLIFY_DDA XnfConversionTechnique=BOTTOM_UP_WITH_LOCAL_SIMPLIFICATION AddInequalities=false OnlyTrivialImplicationsArrayWrite=false OnlyTrivialImplicationsForModifiedArguments=true OnlyArgumentsInFormula=true
[2019-05-02 19:54:01,637 INFO  L300          LassoAnalysis]: Preprocessing complete.
[2019-05-02 19:54:01,640 INFO  L497          LassoAnalysis]: Using template 'affine'.
No working directory specified, using /home/xuechao/xuechao/work/Lab/Termination/Lasso-Ranker/z3
Starting monitored process 4 with z3 -smt2 -in SMTLIB2_COMPLIANT=true (exit command is (exit), workingDir is null)
Waiting until toolchain timeout for monitored process 4 with z3 -smt2 -in SMTLIB2_COMPLIANT=true
[2019-05-02 19:54:01,643 INFO  L122   nArgumentSynthesizer]: Termination Analysis Settings:
Termination analysis: LINEAR_WITH_GUESSES
Number of strict supporting invariants: 1
Number of non-strict supporting invariants: 0
Consider only non-deceasing supporting invariants: true
Simplify termination arguments: true
Simplify supporting invariants: trueOverapproximate stem: false
[2019-05-02 19:54:01,645 INFO  L339   nArgumentSynthesizer]: Template has degree 0.
[2019-05-02 19:54:01,645 INFO  L352   nArgumentSynthesizer]: There is no stem transition; disabling supporting invariant generation.
[2019-05-02 19:54:01,646 INFO  L205   nArgumentSynthesizer]: 1 stem disjuncts
[2019-05-02 19:54:01,646 INFO  L206   nArgumentSynthesizer]: 1 loop disjuncts
[2019-05-02 19:54:01,646 INFO  L207   nArgumentSynthesizer]: 2 template conjuncts.
[2019-05-02 19:54:01,648 INFO  L402   nArgumentSynthesizer]: We have 2 Motzkin's Theorem applications.
[2019-05-02 19:54:01,649 INFO  L403   nArgumentSynthesizer]: A total of 0 supporting invariants were added.
[2019-05-02 19:54:01,651 INFO  L530          LassoAnalysis]: Proving termination failed for this template and these settings.
[2019-05-02 19:54:01,666 INFO  L497          LassoAnalysis]: Using template '2-nested'.
No working directory specified, using /home/xuechao/xuechao/work/Lab/Termination/Lasso-Ranker/z3
Starting monitored process 5 with z3 -smt2 -in SMTLIB2_COMPLIANT=true (exit command is (exit), workingDir is null)
Waiting until toolchain timeout for monitored process 5 with z3 -smt2 -in SMTLIB2_COMPLIANT=true
[2019-05-02 19:54:01,671 INFO  L122   nArgumentSynthesizer]: Termination Analysis Settings:
Termination analysis: LINEAR_WITH_GUESSES
Number of strict supporting invariants: 1
Number of non-strict supporting invariants: 0
Consider only non-deceasing supporting invariants: true
Simplify termination arguments: true
Simplify supporting invariants: trueOverapproximate stem: false
[2019-05-02 19:54:01,673 INFO  L339   nArgumentSynthesizer]: Template has degree 0.
[2019-05-02 19:54:01,673 INFO  L352   nArgumentSynthesizer]: There is no stem transition; disabling supporting invariant generation.
[2019-05-02 19:54:01,674 INFO  L205   nArgumentSynthesizer]: 1 stem disjuncts
[2019-05-02 19:54:01,674 INFO  L206   nArgumentSynthesizer]: 1 loop disjuncts
[2019-05-02 19:54:01,674 INFO  L207   nArgumentSynthesizer]: 3 template conjuncts.
[2019-05-02 19:54:01,678 INFO  L402   nArgumentSynthesizer]: We have 3 Motzkin's Theorem applications.
[2019-05-02 19:54:01,678 INFO  L403   nArgumentSynthesizer]: A total of 0 supporting invariants were added.
[2019-05-02 19:54:01,680 INFO  L530          LassoAnalysis]: Proving termination failed for this template and these settings.
[2019-05-02 19:54:01,694 INFO  L497          LassoAnalysis]: Using template '3-nested'.
No working directory specified, using /home/xuechao/xuechao/work/Lab/Termination/Lasso-Ranker/z3
Starting monitored process 6 with z3 -smt2 -in SMTLIB2_COMPLIANT=true (exit command is (exit), workingDir is null)
Waiting until toolchain timeout for monitored process 6 with z3 -smt2 -in SMTLIB2_COMPLIANT=true
[2019-05-02 19:54:01,697 INFO  L122   nArgumentSynthesizer]: Termination Analysis Settings:
Termination analysis: LINEAR_WITH_GUESSES
Number of strict supporting invariants: 1
Number of non-strict supporting invariants: 0
Consider only non-deceasing supporting invariants: true
Simplify termination arguments: true
Simplify supporting invariants: trueOverapproximate stem: false
[2019-05-02 19:54:01,698 INFO  L339   nArgumentSynthesizer]: Template has degree 0.
[2019-05-02 19:54:01,699 INFO  L352   nArgumentSynthesizer]: There is no stem transition; disabling supporting invariant generation.
[2019-05-02 19:54:01,699 INFO  L205   nArgumentSynthesizer]: 1 stem disjuncts
[2019-05-02 19:54:01,699 INFO  L206   nArgumentSynthesizer]: 1 loop disjuncts
[2019-05-02 19:54:01,699 INFO  L207   nArgumentSynthesizer]: 4 template conjuncts.
[2019-05-02 19:54:01,701 INFO  L402   nArgumentSynthesizer]: We have 4 Motzkin's Theorem applications.
[2019-05-02 19:54:01,701 INFO  L403   nArgumentSynthesizer]: A total of 0 supporting invariants were added.
[2019-05-02 19:54:01,705 INFO  L530          LassoAnalysis]: Proving termination failed for this template and these settings.
[2019-05-02 19:54:01,719 INFO  L497          LassoAnalysis]: Using template '4-nested'.
No working directory specified, using /home/xuechao/xuechao/work/Lab/Termination/Lasso-Ranker/z3
Starting monitored process 7 with z3 -smt2 -in SMTLIB2_COMPLIANT=true (exit command is (exit), workingDir is null)
Waiting until toolchain timeout for monitored process 7 with z3 -smt2 -in SMTLIB2_COMPLIANT=true
[2019-05-02 19:54:01,728 INFO  L122   nArgumentSynthesizer]: Termination Analysis Settings:
Termination analysis: LINEAR_WITH_GUESSES
Number of strict supporting invariants: 1
Number of non-strict supporting invariants: 0
Consider only non-deceasing supporting invariants: true
Simplify termination arguments: true
Simplify supporting invariants: trueOverapproximate stem: false
[2019-05-02 19:54:01,730 INFO  L339   nArgumentSynthesizer]: Template has degree 0.
[2019-05-02 19:54:01,731 INFO  L352   nArgumentSynthesizer]: There is no stem transition; disabling supporting invariant generation.
[2019-05-02 19:54:01,731 INFO  L205   nArgumentSynthesizer]: 1 stem disjuncts
[2019-05-02 19:54:01,731 INFO  L206   nArgumentSynthesizer]: 1 loop disjuncts
[2019-05-02 19:54:01,731 INFO  L207   nArgumentSynthesizer]: 5 template conjuncts.
[2019-05-02 19:54:01,734 INFO  L402   nArgumentSynthesizer]: We have 5 Motzkin's Theorem applications.
[2019-05-02 19:54:01,734 INFO  L403   nArgumentSynthesizer]: A total of 0 supporting invariants were added.
[2019-05-02 19:54:01,737 INFO  L530          LassoAnalysis]: Proving termination failed for this template and these settings.
[2019-05-02 19:54:01,752 INFO  L497          LassoAnalysis]: Using template '2-phase'.
No working directory specified, using /home/xuechao/xuechao/work/Lab/Termination/Lasso-Ranker/z3
Starting monitored process 8 with z3 -smt2 -in SMTLIB2_COMPLIANT=true (exit command is (exit), workingDir is null)
Waiting until toolchain timeout for monitored process 8 with z3 -smt2 -in SMTLIB2_COMPLIANT=true
[2019-05-02 19:54:01,754 INFO  L122   nArgumentSynthesizer]: Termination Analysis Settings:
Termination analysis: LINEAR_WITH_GUESSES
Number of strict supporting invariants: 1
Number of non-strict supporting invariants: 0
Consider only non-deceasing supporting invariants: true
Simplify termination arguments: true
Simplify supporting invariants: trueOverapproximate stem: false
[2019-05-02 19:54:01,755 WARN  L334   nArgumentSynthesizer]: Using a linear SMT query and a templates of degree > 0, hence this method is incomplete.
[2019-05-02 19:54:01,756 INFO  L339   nArgumentSynthesizer]: Template has degree 1.
[2019-05-02 19:54:01,756 INFO  L352   nArgumentSynthesizer]: There is no stem transition; disabling supporting invariant generation.
[2019-05-02 19:54:01,756 INFO  L205   nArgumentSynthesizer]: 1 stem disjuncts
[2019-05-02 19:54:01,756 INFO  L206   nArgumentSynthesizer]: 1 loop disjuncts
[2019-05-02 19:54:01,756 INFO  L207   nArgumentSynthesizer]: 3 template conjuncts.
[2019-05-02 19:54:01,759 INFO  L402   nArgumentSynthesizer]: We have 3 Motzkin's Theorem applications.
[2019-05-02 19:54:01,759 INFO  L403   nArgumentSynthesizer]: A total of 0 supporting invariants were added.
[2019-05-02 19:54:01,763 INFO  L530          LassoAnalysis]: Proving termination failed for this template and these settings.
[2019-05-02 19:54:01,778 INFO  L497          LassoAnalysis]: Using template 'lex(affine, affine)'.
No working directory specified, using /home/xuechao/xuechao/work/Lab/Termination/Lasso-Ranker/z3
Starting monitored process 9 with z3 -smt2 -in SMTLIB2_COMPLIANT=true (exit command is (exit), workingDir is null)
Waiting until toolchain timeout for monitored process 9 with z3 -smt2 -in SMTLIB2_COMPLIANT=true
[2019-05-02 19:54:01,780 INFO  L122   nArgumentSynthesizer]: Termination Analysis Settings:
Termination analysis: LINEAR_WITH_GUESSES
Number of strict supporting invariants: 1
Number of non-strict supporting invariants: 0
Consider only non-deceasing supporting invariants: true
Simplify termination arguments: true
Simplify supporting invariants: trueOverapproximate stem: false
[2019-05-02 19:54:01,781 WARN  L334   nArgumentSynthesizer]: Using a linear SMT query and a templates of degree > 0, hence this method is incomplete.
[2019-05-02 19:54:01,782 INFO  L339   nArgumentSynthesizer]: Template has degree 5.
[2019-05-02 19:54:01,782 INFO  L352   nArgumentSynthesizer]: There is no stem transition; disabling supporting invariant generation.
[2019-05-02 19:54:01,782 INFO  L205   nArgumentSynthesizer]: 1 stem disjuncts
[2019-05-02 19:54:01,782 INFO  L206   nArgumentSynthesizer]: 1 loop disjuncts
[2019-05-02 19:54:01,782 INFO  L207   nArgumentSynthesizer]: 4 template conjuncts.
[2019-05-02 19:54:01,788 INFO  L402   nArgumentSynthesizer]: We have 4 Motzkin's Theorem applications.
[2019-05-02 19:54:01,788 INFO  L403   nArgumentSynthesizer]: A total of 0 supporting invariants were added.
[2019-05-02 19:54:01,798 INFO  L530          LassoAnalysis]: Proving termination failed for this template and these settings.
[2019-05-02 19:54:01,812 INFO  L497          LassoAnalysis]: Using template '2-piece'.
No working directory specified, using /home/xuechao/xuechao/work/Lab/Termination/Lasso-Ranker/z3
Starting monitored process 10 with z3 -smt2 -in SMTLIB2_COMPLIANT=true (exit command is (exit), workingDir is null)
Waiting until toolchain timeout for monitored process 10 with z3 -smt2 -in SMTLIB2_COMPLIANT=true
[2019-05-02 19:54:01,814 INFO  L122   nArgumentSynthesizer]: Termination Analysis Settings:
Termination analysis: LINEAR_WITH_GUESSES
Number of strict supporting invariants: 1
Number of non-strict supporting invariants: 0
Consider only non-deceasing supporting invariants: true
Simplify termination arguments: true
Simplify supporting invariants: trueOverapproximate stem: false
[2019-05-02 19:54:01,815 WARN  L334   nArgumentSynthesizer]: Using a linear SMT query and a templates of degree > 0, hence this method is incomplete.
[2019-05-02 19:54:01,815 INFO  L339   nArgumentSynthesizer]: Template has degree 7.
[2019-05-02 19:54:01,815 INFO  L352   nArgumentSynthesizer]: There is no stem transition; disabling supporting invariant generation.
[2019-05-02 19:54:01,816 INFO  L205   nArgumentSynthesizer]: 1 stem disjuncts
[2019-05-02 19:54:01,816 INFO  L206   nArgumentSynthesizer]: 1 loop disjuncts
[2019-05-02 19:54:01,816 INFO  L207   nArgumentSynthesizer]: 7 template conjuncts.
[2019-05-02 19:54:01,823 INFO  L402   nArgumentSynthesizer]: We have 7 Motzkin's Theorem applications.
[2019-05-02 19:54:01,823 INFO  L403   nArgumentSynthesizer]: A total of 0 supporting invariants were added.
[2019-05-02 19:54:01,852 INFO  L530          LassoAnalysis]: Proving termination failed for this template and these settings.
[2019-05-02 19:54:01,867 INFO  L497          LassoAnalysis]: Using template '2-parallel'.
No working directory specified, using /home/xuechao/xuechao/work/Lab/Termination/Lasso-Ranker/z3
Starting monitored process 11 with z3 -smt2 -in SMTLIB2_COMPLIANT=true (exit command is (exit), workingDir is null)
Waiting until toolchain timeout for monitored process 11 with z3 -smt2 -in SMTLIB2_COMPLIANT=true
[2019-05-02 19:54:01,869 INFO  L122   nArgumentSynthesizer]: Termination Analysis Settings:
Termination analysis: LINEAR_WITH_GUESSES
Number of strict supporting invariants: 1
Number of non-strict supporting invariants: 0
Consider only non-deceasing supporting invariants: true
Simplify termination arguments: true
Simplify supporting invariants: trueOverapproximate stem: false
[2019-05-02 19:54:01,871 WARN  L334   nArgumentSynthesizer]: Using a linear SMT query and a templates of degree > 0, hence this method is incomplete.
[2019-05-02 19:54:01,871 INFO  L339   nArgumentSynthesizer]: Template has degree 4.
[2019-05-02 19:54:01,871 INFO  L352   nArgumentSynthesizer]: There is no stem transition; disabling supporting invariant generation.
[2019-05-02 19:54:01,872 INFO  L205   nArgumentSynthesizer]: 1 stem disjuncts
[2019-05-02 19:54:01,872 INFO  L206   nArgumentSynthesizer]: 1 loop disjuncts
[2019-05-02 19:54:01,872 INFO  L207   nArgumentSynthesizer]: 6 template conjuncts.
[2019-05-02 19:54:01,875 INFO  L402   nArgumentSynthesizer]: We have 6 Motzkin's Theorem applications.
[2019-05-02 19:54:01,875 INFO  L403   nArgumentSynthesizer]: A total of 0 supporting invariants were added.
[2019-05-02 19:54:01,884 INFO  L530          LassoAnalysis]: Proving termination failed for this template and these settings.
[2019-05-02 19:54:01,900 INFO  L489     LassoRankerStarter]: LassoRanker could not prove termination or nontermination of the given linear lasso program.
Templates: AffineTemplate NestedTemplate NestedTemplate NestedTemplate MultiphaseTemplate ComposedLexicographicTemplate PiecewiseTemplate ParallelTemplate
[2019-05-02 19:54:01,900 INFO  L132        PluginConnector]: ------------------------ END LassoRanker----------------------------
[2019-05-02 19:54:01,901 INFO  L168              Benchmark]: Toolchain (without parser) took 706.47 ms. Allocated memory is still 514.9 MB. Free memory was 477.6 MB in the beginning and 401.3 MB in the end (delta: 76.4 MB). Peak memory consumption was 76.4 MB. Max. memory is 11.5 GB.
[2019-05-02 19:54:01,902 INFO  L168              Benchmark]: Boogie PL CUP Parser took 0.11 ms. Allocated memory is still 514.9 MB. Free memory is still 479.1 MB. There was no memory consumed. Max. memory is 11.5 GB.
[2019-05-02 19:54:01,903 INFO  L168              Benchmark]: Boogie Preprocessor took 29.27 ms. Allocated memory is still 514.9 MB. Free memory was 477.6 MB in the beginning and 474.9 MB in the end (delta: 2.7 MB). Peak memory consumption was 2.7 MB. Max. memory is 11.5 GB.
[2019-05-02 19:54:01,903 INFO  L168              Benchmark]: RCFGBuilder took 119.23 ms. Allocated memory is still 514.9 MB. Free memory was 474.9 MB in the beginning and 465.5 MB in the end (delta: 9.4 MB). Peak memory consumption was 9.4 MB. Max. memory is 11.5 GB.
[2019-05-02 19:54:01,904 INFO  L168              Benchmark]: LassoRanker took 555.76 ms. Allocated memory is still 514.9 MB. Free memory was 465.5 MB in the beginning and 401.3 MB in the end (delta: 64.3 MB). Peak memory consumption was 64.3 MB. Max. memory is 11.5 GB.
[2019-05-02 19:54:01,906 INFO  L336   ainManager$Toolchain]: #######################  End [Toolchain 1] #######################
 --- Results ---
 * Results from de.uni_freiburg.informatik.ultimate.core:
  - StatisticsResult: Toolchain Benchmarks
    Benchmark results are:
 * Boogie PL CUP Parser took 0.11 ms. Allocated memory is still 514.9 MB. Free memory is still 479.1 MB. There was no memory consumed. Max. memory is 11.5 GB.
 * Boogie Preprocessor took 29.27 ms. Allocated memory is still 514.9 MB. Free memory was 477.6 MB in the beginning and 474.9 MB in the end (delta: 2.7 MB). Peak memory consumption was 2.7 MB. Max. memory is 11.5 GB.
 * RCFGBuilder took 119.23 ms. Allocated memory is still 514.9 MB. Free memory was 474.9 MB in the beginning and 465.5 MB in the end (delta: 9.4 MB). Peak memory consumption was 9.4 MB. Max. memory is 11.5 GB.
 * LassoRanker took 555.76 ms. Allocated memory is still 514.9 MB. Free memory was 465.5 MB in the beginning and 401.3 MB in the end (delta: 64.3 MB). Peak memory consumption was 64.3 MB. Max. memory is 11.5 GB.
 * Results from de.uni_freiburg.informatik.ultimate.plugins.analysis.lassoranker:
  - NoResult [Line: 13]: LassoRanker could not prove termination
    LassoRanker could not prove termination or nontermination of the given linear lasso program.
Templates: AffineTemplate NestedTemplate NestedTemplate NestedTemplate MultiphaseTemplate ComposedLexicographicTemplate PiecewiseTemplate ParallelTemplate
RESULT: Ultimate could not prove your program: Toolchain returned no result.
Received shutdown request...
