This is Ultimate 0.1.24-16d85fa
[2019-05-02 19:54:03,350 INFO  L170        SettingsManager]: Resetting all preferences to default values...
[2019-05-02 19:54:03,351 INFO  L174        SettingsManager]: Resetting UltimateCore preferences to default values
[2019-05-02 19:54:03,360 INFO  L177        SettingsManager]: Ultimate Commandline Interface provides no preferences, ignoring...
[2019-05-02 19:54:03,361 INFO  L174        SettingsManager]: Resetting Boogie Preprocessor preferences to default values
[2019-05-02 19:54:03,362 INFO  L174        SettingsManager]: Resetting Boogie Procedure Inliner preferences to default values
[2019-05-02 19:54:03,363 INFO  L174        SettingsManager]: Resetting Abstract Interpretation preferences to default values
[2019-05-02 19:54:03,364 INFO  L174        SettingsManager]: Resetting LassoRanker preferences to default values
[2019-05-02 19:54:03,365 INFO  L174        SettingsManager]: Resetting Reaching Definitions preferences to default values
[2019-05-02 19:54:03,366 INFO  L174        SettingsManager]: Resetting SyntaxChecker preferences to default values
[2019-05-02 19:54:03,367 INFO  L177        SettingsManager]: Büchi Program Product provides no preferences, ignoring...
[2019-05-02 19:54:03,367 INFO  L174        SettingsManager]: Resetting LTL2Aut preferences to default values
[2019-05-02 19:54:03,367 INFO  L174        SettingsManager]: Resetting PEA to Boogie preferences to default values
[2019-05-02 19:54:03,368 INFO  L174        SettingsManager]: Resetting BlockEncodingV2 preferences to default values
[2019-05-02 19:54:03,369 INFO  L174        SettingsManager]: Resetting ChcToBoogie preferences to default values
[2019-05-02 19:54:03,369 INFO  L174        SettingsManager]: Resetting AutomataScriptInterpreter preferences to default values
[2019-05-02 19:54:03,370 INFO  L174        SettingsManager]: Resetting BuchiAutomizer preferences to default values
[2019-05-02 19:54:03,371 INFO  L174        SettingsManager]: Resetting CACSL2BoogieTranslator preferences to default values
[2019-05-02 19:54:03,373 INFO  L174        SettingsManager]: Resetting CodeCheck preferences to default values
[2019-05-02 19:54:03,374 INFO  L174        SettingsManager]: Resetting InvariantSynthesis preferences to default values
[2019-05-02 19:54:03,374 INFO  L174        SettingsManager]: Resetting RCFGBuilder preferences to default values
[2019-05-02 19:54:03,375 INFO  L174        SettingsManager]: Resetting TraceAbstraction preferences to default values
[2019-05-02 19:54:03,377 INFO  L177        SettingsManager]: TraceAbstractionConcurrent provides no preferences, ignoring...
[2019-05-02 19:54:03,377 INFO  L177        SettingsManager]: TraceAbstractionWithAFAs provides no preferences, ignoring...
[2019-05-02 19:54:03,377 INFO  L174        SettingsManager]: Resetting TreeAutomizer preferences to default values
[2019-05-02 19:54:03,378 INFO  L174        SettingsManager]: Resetting IcfgTransformer preferences to default values
[2019-05-02 19:54:03,378 INFO  L174        SettingsManager]: Resetting Boogie Printer preferences to default values
[2019-05-02 19:54:03,379 INFO  L174        SettingsManager]: Resetting ReqPrinter preferences to default values
[2019-05-02 19:54:03,380 INFO  L174        SettingsManager]: Resetting Witness Printer preferences to default values
[2019-05-02 19:54:03,380 INFO  L177        SettingsManager]: Boogie PL CUP Parser provides no preferences, ignoring...
[2019-05-02 19:54:03,380 INFO  L174        SettingsManager]: Resetting CDTParser preferences to default values
[2019-05-02 19:54:03,381 INFO  L177        SettingsManager]: AutomataScriptParser provides no preferences, ignoring...
[2019-05-02 19:54:03,381 INFO  L177        SettingsManager]: ReqParser provides no preferences, ignoring...
[2019-05-02 19:54:03,381 INFO  L174        SettingsManager]: Resetting SmtParser preferences to default values
[2019-05-02 19:54:03,382 INFO  L174        SettingsManager]: Resetting Witness Parser preferences to default values
[2019-05-02 19:54:03,382 INFO  L181        SettingsManager]: Finished resetting all preferences to default values...
[2019-05-02 19:54:03,398 INFO  L81    nceAwareModelManager]: Repository-Root is: /tmp
[2019-05-02 19:54:03,406 INFO  L258   ainManager$Toolchain]: [Toolchain 1]: Applicable parser(s) successfully (re)initialized
[2019-05-02 19:54:03,410 INFO  L214   ainManager$Toolchain]: [Toolchain 1]: Toolchain selected.
[2019-05-02 19:54:03,411 INFO  L271        PluginConnector]: Initializing Boogie PL CUP Parser...
[2019-05-02 19:54:03,411 INFO  L276        PluginConnector]: Boogie PL CUP Parser initialized
[2019-05-02 19:54:03,412 INFO  L418   ainManager$Toolchain]: [Toolchain 1]: Parsing single file: /home/xuechao/xuechao/work/Lab/Termination/Lasso-Ranker/Program_non/106.bpl
[2019-05-02 19:54:03,412 INFO  L111           BoogieParser]: Parsing: '/home/xuechao/xuechao/work/Lab/Termination/Lasso-Ranker/Program_non/106.bpl'
[2019-05-02 19:54:03,434 INFO  L296   ainManager$Toolchain]: ####################### [Toolchain 1] #######################
[2019-05-02 19:54:03,435 INFO  L131        ToolchainWalker]: Walking toolchain with 3 elements.
[2019-05-02 19:54:03,435 INFO  L113        PluginConnector]: ------------------------Boogie Preprocessor----------------------------
[2019-05-02 19:54:03,436 INFO  L271        PluginConnector]: Initializing Boogie Preprocessor...
[2019-05-02 19:54:03,436 INFO  L276        PluginConnector]: Boogie Preprocessor initialized
[2019-05-02 19:54:03,453 INFO  L185        PluginConnector]: Executing the observer EnsureBoogieModelObserver from plugin Boogie Preprocessor for "106.bpl de.uni_freiburg.informatik.ultimate.boogie.parser AST 02.05 07:54:03" (1/1) ...
[2019-05-02 19:54:03,454 INFO  L185        PluginConnector]: Executing the observer TypeChecker from plugin Boogie Preprocessor for "106.bpl de.uni_freiburg.informatik.ultimate.boogie.parser AST 02.05 07:54:03" (1/1) ...
[2019-05-02 19:54:03,458 INFO  L185        PluginConnector]: Executing the observer ConstExpander from plugin Boogie Preprocessor for "106.bpl de.uni_freiburg.informatik.ultimate.boogie.parser AST 02.05 07:54:03" (1/1) ...
[2019-05-02 19:54:03,459 INFO  L185        PluginConnector]: Executing the observer StructExpander from plugin Boogie Preprocessor for "106.bpl de.uni_freiburg.informatik.ultimate.boogie.parser AST 02.05 07:54:03" (1/1) ...
[2019-05-02 19:54:03,460 INFO  L185        PluginConnector]: Executing the observer UnstructureCode from plugin Boogie Preprocessor for "106.bpl de.uni_freiburg.informatik.ultimate.boogie.parser AST 02.05 07:54:03" (1/1) ...
[2019-05-02 19:54:03,463 INFO  L185        PluginConnector]: Executing the observer FunctionInliner from plugin Boogie Preprocessor for "106.bpl de.uni_freiburg.informatik.ultimate.boogie.parser AST 02.05 07:54:03" (1/1) ...
[2019-05-02 19:54:03,464 INFO  L185        PluginConnector]: Executing the observer BoogieSymbolTableConstructor from plugin Boogie Preprocessor for "106.bpl de.uni_freiburg.informatik.ultimate.boogie.parser AST 02.05 07:54:03" (1/1) ...
[2019-05-02 19:54:03,465 INFO  L132        PluginConnector]: ------------------------ END Boogie Preprocessor----------------------------
[2019-05-02 19:54:03,465 INFO  L113        PluginConnector]: ------------------------RCFGBuilder----------------------------
[2019-05-02 19:54:03,465 INFO  L271        PluginConnector]: Initializing RCFGBuilder...
[2019-05-02 19:54:03,466 INFO  L276        PluginConnector]: RCFGBuilder initialized
[2019-05-02 19:54:03,466 INFO  L185        PluginConnector]: Executing the observer RCFGBuilderObserver from plugin RCFGBuilder for "106.bpl de.uni_freiburg.informatik.ultimate.boogie.parser AST 02.05 07:54:03" (1/1) ...
No working directory specified, using /home/xuechao/xuechao/work/Lab/Termination/Lasso-Ranker/z3
Starting monitored process 1 with z3 SMTLIB2_COMPLIANT=true -memory:1024 -smt2 -in -t:12000 (exit command is (exit), workingDir is null)
Waiting until toolchain timeout for monitored process 1 with z3 SMTLIB2_COMPLIANT=true -memory:1024 -smt2 -in -t:12000
[2019-05-02 19:54:03,506 INFO  L124     BoogieDeclarations]: Specification and implementation of procedure main given in one single declaration
[2019-05-02 19:54:03,506 INFO  L130     BoogieDeclarations]: Found specification of procedure main
[2019-05-02 19:54:03,506 INFO  L138     BoogieDeclarations]: Found implementation of procedure main
[2019-05-02 19:54:03,598 INFO  L278             CfgBuilder]: Using library mode
[2019-05-02 19:54:03,598 INFO  L286             CfgBuilder]: Removed 0 assue(true) statements.
[2019-05-02 19:54:03,599 INFO  L202        PluginConnector]: Adding new model 106.bpl de.uni_freiburg.informatik.ultimate.plugins.generator.rcfgbuilder CFG 02.05 07:54:03 BoogieIcfgContainer
[2019-05-02 19:54:03,599 INFO  L132        PluginConnector]: ------------------------ END RCFGBuilder----------------------------
[2019-05-02 19:54:03,599 INFO  L113        PluginConnector]: ------------------------LassoRanker----------------------------
[2019-05-02 19:54:03,600 INFO  L271        PluginConnector]: Initializing LassoRanker...
[2019-05-02 19:54:03,600 INFO  L276        PluginConnector]: LassoRanker initialized
[2019-05-02 19:54:03,600 INFO  L185        PluginConnector]: Executing the observer LassoRankerObserver from plugin LassoRanker for "106.bpl de.uni_freiburg.informatik.ultimate.plugins.generator.rcfgbuilder CFG 02.05 07:54:03" (1/1) ...
[2019-05-02 19:54:03,623 INFO  L72            BuchiIsEmpty]: Start buchiIsEmpty. Operand 2 states.
[2019-05-02 19:54:03,639 INFO  L131   ngComponentsAnalysis]: Automaton has 1 accepting balls. 1
[2019-05-02 19:54:03,640 INFO  L87            BuchiIsEmpty]: Finished buchiIsEmpty Result is false
[2019-05-02 19:54:03,640 INFO  L119           BuchiIsEmpty]: Starting construction of run
[2019-05-02 19:54:03,645 INFO  L104     BuchiDifferenceFKV]: Start buchiDifferenceFKV. First operand 2 states. Second operand 1 states.
[2019-05-02 19:54:03,654 INFO  L108     BuchiDifferenceFKV]: Finished buchiDifferenceFKV. First operand 2 states. Second operand 1 states. Result 3 states and 4 transitions. Complement of second has 2 states 2 powerset states0 rank states. The highest rank that occured is -1
[2019-05-02 19:54:03,654 INFO  L72            BuchiIsEmpty]: Start buchiIsEmpty. Operand 3 states and 4 transitions.
[2019-05-02 19:54:03,654 INFO  L131   ngComponentsAnalysis]: Automaton has 0 accepting balls. 0
[2019-05-02 19:54:03,655 INFO  L87            BuchiIsEmpty]: Finished buchiIsEmpty Result is true
[2019-05-02 19:54:03,728 INFO  L216          LassoAnalysis]: Preferences:
[2019-05-02 19:54:03,729 INFO  L124   ssoRankerPreferences]: Compute integeral hull: false
[2019-05-02 19:54:03,729 INFO  L125   ssoRankerPreferences]: Enable LassoPartitioneer: true
[2019-05-02 19:54:03,729 INFO  L126   ssoRankerPreferences]: Term annotations enabled: false
[2019-05-02 19:54:03,729 INFO  L127   ssoRankerPreferences]: Use exernal solver: true
[2019-05-02 19:54:03,729 INFO  L128   ssoRankerPreferences]: SMT solver command: z3 -smt2 -in SMTLIB2_COMPLIANT=true
[2019-05-02 19:54:03,729 INFO  L129   ssoRankerPreferences]: Dump SMT script to file: false
[2019-05-02 19:54:03,729 INFO  L130   ssoRankerPreferences]: Path of dumped script: .
[2019-05-02 19:54:03,730 INFO  L131   ssoRankerPreferences]: Filename of dumped script: LassoRankerScript
[2019-05-02 19:54:03,730 INFO  L132   ssoRankerPreferences]: MapElimAlgo: Frank
[2019-05-02 19:54:03,730 INFO  L282          LassoAnalysis]: Starting lasso preprocessing...
[2019-05-02 19:54:03,745 INFO  L141          MapEliminator]: Using MapEliminator with SimplificationTechnique=SIMPLIFY_DDA XnfConversionTechnique=BOTTOM_UP_WITH_LOCAL_SIMPLIFICATION AddInequalities=false OnlyTrivialImplicationsArrayWrite=false OnlyTrivialImplicationsForModifiedArguments=true OnlyArgumentsInFormula=true
[2019-05-02 19:54:03,828 INFO  L300          LassoAnalysis]: Preprocessing complete.
[2019-05-02 19:54:03,829 INFO  L412          LassoAnalysis]: Checking for nontermination...
No working directory specified, using /home/xuechao/xuechao/work/Lab/Termination/Lasso-Ranker/z3
Starting monitored process 2 with z3 -smt2 -in SMTLIB2_COMPLIANT=true (exit command is (exit), workingDir is null)
Waiting until toolchain timeout for monitored process 2 with z3 -smt2 -in SMTLIB2_COMPLIANT=true
[2019-05-02 19:54:03,833 INFO  L151   nArgumentSynthesizer]: Nontermination analysis: LINEAR_WITH_GUESSES Allow bounded executions: true Number of generalized eigenvectors: 0 Nilpotent components: true
[2019-05-02 19:54:03,833 INFO  L163   nArgumentSynthesizer]: Using integer mode.
No working directory specified, using /home/xuechao/xuechao/work/Lab/Termination/Lasso-Ranker/z3
Starting monitored process 3 with z3 -smt2 -in SMTLIB2_COMPLIANT=true (exit command is (exit), workingDir is null)
Waiting until toolchain timeout for monitored process 3 with z3 -smt2 -in SMTLIB2_COMPLIANT=true
[2019-05-02 19:54:03,854 INFO  L151   nArgumentSynthesizer]: Nontermination analysis: LINEAR_WITH_GUESSES Allow bounded executions: true Number of generalized eigenvectors: 3 Nilpotent components: true
[2019-05-02 19:54:03,855 INFO  L163   nArgumentSynthesizer]: Using integer mode.
[2019-05-02 19:54:03,879 INFO  L452          LassoAnalysis]: Proving nontermination failed: No geometric nontermination argument exists.
[2019-05-02 19:54:03,881 INFO  L216          LassoAnalysis]: Preferences:
[2019-05-02 19:54:03,881 INFO  L124   ssoRankerPreferences]: Compute integeral hull: false
[2019-05-02 19:54:03,881 INFO  L125   ssoRankerPreferences]: Enable LassoPartitioneer: true
[2019-05-02 19:54:03,881 INFO  L126   ssoRankerPreferences]: Term annotations enabled: false
[2019-05-02 19:54:03,881 INFO  L127   ssoRankerPreferences]: Use exernal solver: true
[2019-05-02 19:54:03,881 INFO  L128   ssoRankerPreferences]: SMT solver command: z3 -smt2 -in SMTLIB2_COMPLIANT=true
[2019-05-02 19:54:03,881 INFO  L129   ssoRankerPreferences]: Dump SMT script to file: false
[2019-05-02 19:54:03,881 INFO  L130   ssoRankerPreferences]: Path of dumped script: .
[2019-05-02 19:54:03,882 INFO  L131   ssoRankerPreferences]: Filename of dumped script: LassoRankerScript
[2019-05-02 19:54:03,882 INFO  L132   ssoRankerPreferences]: MapElimAlgo: Frank
[2019-05-02 19:54:03,882 INFO  L282          LassoAnalysis]: Starting lasso preprocessing...
[2019-05-02 19:54:03,883 INFO  L141          MapEliminator]: Using MapEliminator with SimplificationTechnique=SIMPLIFY_DDA XnfConversionTechnique=BOTTOM_UP_WITH_LOCAL_SIMPLIFICATION AddInequalities=false OnlyTrivialImplicationsArrayWrite=false OnlyTrivialImplicationsForModifiedArguments=true OnlyArgumentsInFormula=true
[2019-05-02 19:54:03,965 INFO  L300          LassoAnalysis]: Preprocessing complete.
[2019-05-02 19:54:03,969 INFO  L497          LassoAnalysis]: Using template 'affine'.
No working directory specified, using /home/xuechao/xuechao/work/Lab/Termination/Lasso-Ranker/z3
Starting monitored process 4 with z3 -smt2 -in SMTLIB2_COMPLIANT=true (exit command is (exit), workingDir is null)
Waiting until toolchain timeout for monitored process 4 with z3 -smt2 -in SMTLIB2_COMPLIANT=true
[2019-05-02 19:54:03,972 INFO  L122   nArgumentSynthesizer]: Termination Analysis Settings:
Termination analysis: LINEAR_WITH_GUESSES
Number of strict supporting invariants: 1
Number of non-strict supporting invariants: 0
Consider only non-deceasing supporting invariants: true
Simplify termination arguments: true
Simplify supporting invariants: trueOverapproximate stem: false
[2019-05-02 19:54:03,974 INFO  L339   nArgumentSynthesizer]: Template has degree 0.
[2019-05-02 19:54:03,974 INFO  L352   nArgumentSynthesizer]: There is no stem transition; disabling supporting invariant generation.
[2019-05-02 19:54:03,974 INFO  L205   nArgumentSynthesizer]: 1 stem disjuncts
[2019-05-02 19:54:03,974 INFO  L206   nArgumentSynthesizer]: 1 loop disjuncts
[2019-05-02 19:54:03,974 INFO  L207   nArgumentSynthesizer]: 2 template conjuncts.
[2019-05-02 19:54:03,977 INFO  L402   nArgumentSynthesizer]: We have 2 Motzkin's Theorem applications.
[2019-05-02 19:54:03,977 INFO  L403   nArgumentSynthesizer]: A total of 0 supporting invariants were added.
[2019-05-02 19:54:03,980 INFO  L530          LassoAnalysis]: Proving termination failed for this template and these settings.
[2019-05-02 19:54:03,994 INFO  L497          LassoAnalysis]: Using template '2-nested'.
No working directory specified, using /home/xuechao/xuechao/work/Lab/Termination/Lasso-Ranker/z3
Starting monitored process 5 with z3 -smt2 -in SMTLIB2_COMPLIANT=true (exit command is (exit), workingDir is null)
Waiting until toolchain timeout for monitored process 5 with z3 -smt2 -in SMTLIB2_COMPLIANT=true
[2019-05-02 19:54:03,996 INFO  L122   nArgumentSynthesizer]: Termination Analysis Settings:
Termination analysis: LINEAR_WITH_GUESSES
Number of strict supporting invariants: 1
Number of non-strict supporting invariants: 0
Consider only non-deceasing supporting invariants: true
Simplify termination arguments: true
Simplify supporting invariants: trueOverapproximate stem: false
[2019-05-02 19:54:03,998 INFO  L339   nArgumentSynthesizer]: Template has degree 0.
[2019-05-02 19:54:03,998 INFO  L352   nArgumentSynthesizer]: There is no stem transition; disabling supporting invariant generation.
[2019-05-02 19:54:03,998 INFO  L205   nArgumentSynthesizer]: 1 stem disjuncts
[2019-05-02 19:54:03,998 INFO  L206   nArgumentSynthesizer]: 1 loop disjuncts
[2019-05-02 19:54:03,998 INFO  L207   nArgumentSynthesizer]: 3 template conjuncts.
[2019-05-02 19:54:04,000 INFO  L402   nArgumentSynthesizer]: We have 3 Motzkin's Theorem applications.
[2019-05-02 19:54:04,000 INFO  L403   nArgumentSynthesizer]: A total of 0 supporting invariants were added.
[2019-05-02 19:54:04,002 INFO  L530          LassoAnalysis]: Proving termination failed for this template and these settings.
[2019-05-02 19:54:04,020 INFO  L497          LassoAnalysis]: Using template '3-nested'.
No working directory specified, using /home/xuechao/xuechao/work/Lab/Termination/Lasso-Ranker/z3
Starting monitored process 6 with z3 -smt2 -in SMTLIB2_COMPLIANT=true (exit command is (exit), workingDir is null)
Waiting until toolchain timeout for monitored process 6 with z3 -smt2 -in SMTLIB2_COMPLIANT=true
[2019-05-02 19:54:04,024 INFO  L122   nArgumentSynthesizer]: Termination Analysis Settings:
Termination analysis: LINEAR_WITH_GUESSES
Number of strict supporting invariants: 1
Number of non-strict supporting invariants: 0
Consider only non-deceasing supporting invariants: true
Simplify termination arguments: true
Simplify supporting invariants: trueOverapproximate stem: false
[2019-05-02 19:54:04,028 INFO  L339   nArgumentSynthesizer]: Template has degree 0.
[2019-05-02 19:54:04,028 INFO  L352   nArgumentSynthesizer]: There is no stem transition; disabling supporting invariant generation.
[2019-05-02 19:54:04,028 INFO  L205   nArgumentSynthesizer]: 1 stem disjuncts
[2019-05-02 19:54:04,028 INFO  L206   nArgumentSynthesizer]: 1 loop disjuncts
[2019-05-02 19:54:04,028 INFO  L207   nArgumentSynthesizer]: 4 template conjuncts.
[2019-05-02 19:54:04,032 INFO  L402   nArgumentSynthesizer]: We have 4 Motzkin's Theorem applications.
[2019-05-02 19:54:04,032 INFO  L403   nArgumentSynthesizer]: A total of 0 supporting invariants were added.
[2019-05-02 19:54:04,035 INFO  L530          LassoAnalysis]: Proving termination failed for this template and these settings.
[2019-05-02 19:54:04,050 INFO  L497          LassoAnalysis]: Using template '4-nested'.
No working directory specified, using /home/xuechao/xuechao/work/Lab/Termination/Lasso-Ranker/z3
Starting monitored process 7 with z3 -smt2 -in SMTLIB2_COMPLIANT=true (exit command is (exit), workingDir is null)
Waiting until toolchain timeout for monitored process 7 with z3 -smt2 -in SMTLIB2_COMPLIANT=true
[2019-05-02 19:54:04,056 INFO  L122   nArgumentSynthesizer]: Termination Analysis Settings:
Termination analysis: LINEAR_WITH_GUESSES
Number of strict supporting invariants: 1
Number of non-strict supporting invariants: 0
Consider only non-deceasing supporting invariants: true
Simplify termination arguments: true
Simplify supporting invariants: trueOverapproximate stem: false
[2019-05-02 19:54:04,057 INFO  L339   nArgumentSynthesizer]: Template has degree 0.
[2019-05-02 19:54:04,057 INFO  L352   nArgumentSynthesizer]: There is no stem transition; disabling supporting invariant generation.
[2019-05-02 19:54:04,058 INFO  L205   nArgumentSynthesizer]: 1 stem disjuncts
[2019-05-02 19:54:04,058 INFO  L206   nArgumentSynthesizer]: 1 loop disjuncts
[2019-05-02 19:54:04,058 INFO  L207   nArgumentSynthesizer]: 5 template conjuncts.
[2019-05-02 19:54:04,066 INFO  L402   nArgumentSynthesizer]: We have 5 Motzkin's Theorem applications.
[2019-05-02 19:54:04,067 INFO  L403   nArgumentSynthesizer]: A total of 0 supporting invariants were added.
[2019-05-02 19:54:04,070 INFO  L530          LassoAnalysis]: Proving termination failed for this template and these settings.
[2019-05-02 19:54:04,084 INFO  L497          LassoAnalysis]: Using template '2-phase'.
No working directory specified, using /home/xuechao/xuechao/work/Lab/Termination/Lasso-Ranker/z3
Starting monitored process 8 with z3 -smt2 -in SMTLIB2_COMPLIANT=true (exit command is (exit), workingDir is null)
Waiting until toolchain timeout for monitored process 8 with z3 -smt2 -in SMTLIB2_COMPLIANT=true
[2019-05-02 19:54:04,086 INFO  L122   nArgumentSynthesizer]: Termination Analysis Settings:
Termination analysis: LINEAR_WITH_GUESSES
Number of strict supporting invariants: 1
Number of non-strict supporting invariants: 0
Consider only non-deceasing supporting invariants: true
Simplify termination arguments: true
Simplify supporting invariants: trueOverapproximate stem: false
[2019-05-02 19:54:04,087 WARN  L334   nArgumentSynthesizer]: Using a linear SMT query and a templates of degree > 0, hence this method is incomplete.
[2019-05-02 19:54:04,087 INFO  L339   nArgumentSynthesizer]: Template has degree 1.
[2019-05-02 19:54:04,088 INFO  L352   nArgumentSynthesizer]: There is no stem transition; disabling supporting invariant generation.
[2019-05-02 19:54:04,088 INFO  L205   nArgumentSynthesizer]: 1 stem disjuncts
[2019-05-02 19:54:04,088 INFO  L206   nArgumentSynthesizer]: 1 loop disjuncts
[2019-05-02 19:54:04,088 INFO  L207   nArgumentSynthesizer]: 3 template conjuncts.
[2019-05-02 19:54:04,093 INFO  L402   nArgumentSynthesizer]: We have 3 Motzkin's Theorem applications.
[2019-05-02 19:54:04,093 INFO  L403   nArgumentSynthesizer]: A total of 0 supporting invariants were added.
[2019-05-02 19:54:04,146 INFO  L530          LassoAnalysis]: Proving termination failed for this template and these settings.
[2019-05-02 19:54:04,159 INFO  L497          LassoAnalysis]: Using template 'lex(affine, affine)'.
No working directory specified, using /home/xuechao/xuechao/work/Lab/Termination/Lasso-Ranker/z3
Starting monitored process 9 with z3 -smt2 -in SMTLIB2_COMPLIANT=true (exit command is (exit), workingDir is null)
Waiting until toolchain timeout for monitored process 9 with z3 -smt2 -in SMTLIB2_COMPLIANT=true
[2019-05-02 19:54:04,162 INFO  L122   nArgumentSynthesizer]: Termination Analysis Settings:
Termination analysis: LINEAR_WITH_GUESSES
Number of strict supporting invariants: 1
Number of non-strict supporting invariants: 0
Consider only non-deceasing supporting invariants: true
Simplify termination arguments: true
Simplify supporting invariants: trueOverapproximate stem: false
[2019-05-02 19:54:04,164 WARN  L334   nArgumentSynthesizer]: Using a linear SMT query and a templates of degree > 0, hence this method is incomplete.
[2019-05-02 19:54:04,164 INFO  L339   nArgumentSynthesizer]: Template has degree 5.
[2019-05-02 19:54:04,164 INFO  L352   nArgumentSynthesizer]: There is no stem transition; disabling supporting invariant generation.
[2019-05-02 19:54:04,165 INFO  L205   nArgumentSynthesizer]: 1 stem disjuncts
[2019-05-02 19:54:04,165 INFO  L206   nArgumentSynthesizer]: 1 loop disjuncts
[2019-05-02 19:54:04,165 INFO  L207   nArgumentSynthesizer]: 4 template conjuncts.
[2019-05-02 19:54:04,170 INFO  L402   nArgumentSynthesizer]: We have 4 Motzkin's Theorem applications.
[2019-05-02 19:54:04,170 INFO  L403   nArgumentSynthesizer]: A total of 0 supporting invariants were added.
[2019-05-02 19:54:04,193 INFO  L530          LassoAnalysis]: Proving termination failed for this template and these settings.
[2019-05-02 19:54:04,207 INFO  L497          LassoAnalysis]: Using template '2-piece'.
No working directory specified, using /home/xuechao/xuechao/work/Lab/Termination/Lasso-Ranker/z3
Starting monitored process 10 with z3 -smt2 -in SMTLIB2_COMPLIANT=true (exit command is (exit), workingDir is null)
Waiting until toolchain timeout for monitored process 10 with z3 -smt2 -in SMTLIB2_COMPLIANT=true
[2019-05-02 19:54:04,209 INFO  L122   nArgumentSynthesizer]: Termination Analysis Settings:
Termination analysis: LINEAR_WITH_GUESSES
Number of strict supporting invariants: 1
Number of non-strict supporting invariants: 0
Consider only non-deceasing supporting invariants: true
Simplify termination arguments: true
Simplify supporting invariants: trueOverapproximate stem: false
[2019-05-02 19:54:04,211 WARN  L334   nArgumentSynthesizer]: Using a linear SMT query and a templates of degree > 0, hence this method is incomplete.
[2019-05-02 19:54:04,212 INFO  L339   nArgumentSynthesizer]: Template has degree 7.
[2019-05-02 19:54:04,212 INFO  L352   nArgumentSynthesizer]: There is no stem transition; disabling supporting invariant generation.
[2019-05-02 19:54:04,212 INFO  L205   nArgumentSynthesizer]: 1 stem disjuncts
[2019-05-02 19:54:04,212 INFO  L206   nArgumentSynthesizer]: 1 loop disjuncts
[2019-05-02 19:54:04,212 INFO  L207   nArgumentSynthesizer]: 7 template conjuncts.
[2019-05-02 19:54:04,229 INFO  L402   nArgumentSynthesizer]: We have 7 Motzkin's Theorem applications.
[2019-05-02 19:54:04,229 INFO  L403   nArgumentSynthesizer]: A total of 0 supporting invariants were added.
[2019-05-02 19:56:01,502 INFO  L530          LassoAnalysis]: Proving termination failed for this template and these settings.
[2019-05-02 19:56:01,516 INFO  L497          LassoAnalysis]: Using template '2-parallel'.
No working directory specified, using /home/xuechao/xuechao/work/Lab/Termination/Lasso-Ranker/z3
Starting monitored process 11 with z3 -smt2 -in SMTLIB2_COMPLIANT=true (exit command is (exit), workingDir is null)
Waiting until toolchain timeout for monitored process 11 with z3 -smt2 -in SMTLIB2_COMPLIANT=true
[2019-05-02 19:56:01,518 INFO  L122   nArgumentSynthesizer]: Termination Analysis Settings:
Termination analysis: LINEAR_WITH_GUESSES
Number of strict supporting invariants: 1
Number of non-strict supporting invariants: 0
Consider only non-deceasing supporting invariants: true
Simplify termination arguments: true
Simplify supporting invariants: trueOverapproximate stem: false
[2019-05-02 19:56:01,520 WARN  L334   nArgumentSynthesizer]: Using a linear SMT query and a templates of degree > 0, hence this method is incomplete.
[2019-05-02 19:56:01,520 INFO  L339   nArgumentSynthesizer]: Template has degree 4.
[2019-05-02 19:56:01,520 INFO  L352   nArgumentSynthesizer]: There is no stem transition; disabling supporting invariant generation.
[2019-05-02 19:56:01,521 INFO  L205   nArgumentSynthesizer]: 1 stem disjuncts
[2019-05-02 19:56:01,521 INFO  L206   nArgumentSynthesizer]: 1 loop disjuncts
[2019-05-02 19:56:01,521 INFO  L207   nArgumentSynthesizer]: 6 template conjuncts.
[2019-05-02 19:56:01,538 INFO  L402   nArgumentSynthesizer]: We have 6 Motzkin's Theorem applications.
[2019-05-02 19:56:01,538 INFO  L403   nArgumentSynthesizer]: A total of 0 supporting invariants were added.
[2019-05-02 19:56:02,119 INFO  L530          LassoAnalysis]: Proving termination failed for this template and these settings.
[2019-05-02 19:56:02,134 INFO  L489     LassoRankerStarter]: LassoRanker could not prove termination or nontermination of the given linear lasso program.
Templates: AffineTemplate NestedTemplate NestedTemplate NestedTemplate MultiphaseTemplate ComposedLexicographicTemplate PiecewiseTemplate ParallelTemplate
[2019-05-02 19:56:02,135 INFO  L132        PluginConnector]: ------------------------ END LassoRanker----------------------------
[2019-05-02 19:56:02,135 INFO  L168              Benchmark]: Toolchain (without parser) took 118700.94 ms. Allocated memory is still 514.9 MB. Free memory was 477.8 MB in the beginning and 395.3 MB in the end (delta: 82.5 MB). Peak memory consumption was 82.5 MB. Max. memory is 11.5 GB.
[2019-05-02 19:56:02,136 INFO  L168              Benchmark]: Boogie PL CUP Parser took 0.18 ms. Allocated memory is still 514.9 MB. Free memory is still 479.3 MB. There was no memory consumed. Max. memory is 11.5 GB.
[2019-05-02 19:56:02,137 INFO  L168              Benchmark]: Boogie Preprocessor took 29.48 ms. Allocated memory is still 514.9 MB. Free memory was 477.8 MB in the beginning and 475.1 MB in the end (delta: 2.7 MB). Peak memory consumption was 2.7 MB. Max. memory is 11.5 GB.
[2019-05-02 19:56:02,137 INFO  L168              Benchmark]: RCFGBuilder took 133.89 ms. Allocated memory is still 514.9 MB. Free memory was 475.1 MB in the beginning and 466.1 MB in the end (delta: 9.0 MB). Peak memory consumption was 9.0 MB. Max. memory is 11.5 GB.
[2019-05-02 19:56:02,138 INFO  L168              Benchmark]: LassoRanker took 118535.32 ms. Allocated memory is still 514.9 MB. Free memory was 466.1 MB in the beginning and 395.3 MB in the end (delta: 70.8 MB). Peak memory consumption was 70.8 MB. Max. memory is 11.5 GB.
[2019-05-02 19:56:02,141 INFO  L336   ainManager$Toolchain]: #######################  End [Toolchain 1] #######################
 --- Results ---
 * Results from de.uni_freiburg.informatik.ultimate.core:
  - StatisticsResult: Toolchain Benchmarks
    Benchmark results are:
 * Boogie PL CUP Parser took 0.18 ms. Allocated memory is still 514.9 MB. Free memory is still 479.3 MB. There was no memory consumed. Max. memory is 11.5 GB.
 * Boogie Preprocessor took 29.48 ms. Allocated memory is still 514.9 MB. Free memory was 477.8 MB in the beginning and 475.1 MB in the end (delta: 2.7 MB). Peak memory consumption was 2.7 MB. Max. memory is 11.5 GB.
 * RCFGBuilder took 133.89 ms. Allocated memory is still 514.9 MB. Free memory was 475.1 MB in the beginning and 466.1 MB in the end (delta: 9.0 MB). Peak memory consumption was 9.0 MB. Max. memory is 11.5 GB.
 * LassoRanker took 118535.32 ms. Allocated memory is still 514.9 MB. Free memory was 466.1 MB in the beginning and 395.3 MB in the end (delta: 70.8 MB). Peak memory consumption was 70.8 MB. Max. memory is 11.5 GB.
 * Results from de.uni_freiburg.informatik.ultimate.plugins.analysis.lassoranker:
  - NoResult [Line: 15]: LassoRanker could not prove termination
    LassoRanker could not prove termination or nontermination of the given linear lasso program.
Templates: AffineTemplate NestedTemplate NestedTemplate NestedTemplate MultiphaseTemplate ComposedLexicographicTemplate PiecewiseTemplate ParallelTemplate
RESULT: Ultimate could not prove your program: Toolchain returned no result.
Received shutdown request...
