This is Ultimate 0.1.24-16d85fa
[2019-05-02 19:56:03,608 INFO  L170        SettingsManager]: Resetting all preferences to default values...
[2019-05-02 19:56:03,609 INFO  L174        SettingsManager]: Resetting UltimateCore preferences to default values
[2019-05-02 19:56:03,619 INFO  L177        SettingsManager]: Ultimate Commandline Interface provides no preferences, ignoring...
[2019-05-02 19:56:03,619 INFO  L174        SettingsManager]: Resetting Boogie Preprocessor preferences to default values
[2019-05-02 19:56:03,620 INFO  L174        SettingsManager]: Resetting Boogie Procedure Inliner preferences to default values
[2019-05-02 19:56:03,621 INFO  L174        SettingsManager]: Resetting Abstract Interpretation preferences to default values
[2019-05-02 19:56:03,622 INFO  L174        SettingsManager]: Resetting LassoRanker preferences to default values
[2019-05-02 19:56:03,623 INFO  L174        SettingsManager]: Resetting Reaching Definitions preferences to default values
[2019-05-02 19:56:03,624 INFO  L174        SettingsManager]: Resetting SyntaxChecker preferences to default values
[2019-05-02 19:56:03,624 INFO  L177        SettingsManager]: Büchi Program Product provides no preferences, ignoring...
[2019-05-02 19:56:03,625 INFO  L174        SettingsManager]: Resetting LTL2Aut preferences to default values
[2019-05-02 19:56:03,625 INFO  L174        SettingsManager]: Resetting PEA to Boogie preferences to default values
[2019-05-02 19:56:03,626 INFO  L174        SettingsManager]: Resetting BlockEncodingV2 preferences to default values
[2019-05-02 19:56:03,627 INFO  L174        SettingsManager]: Resetting ChcToBoogie preferences to default values
[2019-05-02 19:56:03,627 INFO  L174        SettingsManager]: Resetting AutomataScriptInterpreter preferences to default values
[2019-05-02 19:56:03,628 INFO  L174        SettingsManager]: Resetting BuchiAutomizer preferences to default values
[2019-05-02 19:56:03,629 INFO  L174        SettingsManager]: Resetting CACSL2BoogieTranslator preferences to default values
[2019-05-02 19:56:03,630 INFO  L174        SettingsManager]: Resetting CodeCheck preferences to default values
[2019-05-02 19:56:03,631 INFO  L174        SettingsManager]: Resetting InvariantSynthesis preferences to default values
[2019-05-02 19:56:03,632 INFO  L174        SettingsManager]: Resetting RCFGBuilder preferences to default values
[2019-05-02 19:56:03,633 INFO  L174        SettingsManager]: Resetting TraceAbstraction preferences to default values
[2019-05-02 19:56:03,635 INFO  L177        SettingsManager]: TraceAbstractionConcurrent provides no preferences, ignoring...
[2019-05-02 19:56:03,635 INFO  L177        SettingsManager]: TraceAbstractionWithAFAs provides no preferences, ignoring...
[2019-05-02 19:56:03,635 INFO  L174        SettingsManager]: Resetting TreeAutomizer preferences to default values
[2019-05-02 19:56:03,636 INFO  L174        SettingsManager]: Resetting IcfgTransformer preferences to default values
[2019-05-02 19:56:03,636 INFO  L174        SettingsManager]: Resetting Boogie Printer preferences to default values
[2019-05-02 19:56:03,637 INFO  L174        SettingsManager]: Resetting ReqPrinter preferences to default values
[2019-05-02 19:56:03,637 INFO  L174        SettingsManager]: Resetting Witness Printer preferences to default values
[2019-05-02 19:56:03,638 INFO  L177        SettingsManager]: Boogie PL CUP Parser provides no preferences, ignoring...
[2019-05-02 19:56:03,638 INFO  L174        SettingsManager]: Resetting CDTParser preferences to default values
[2019-05-02 19:56:03,639 INFO  L177        SettingsManager]: AutomataScriptParser provides no preferences, ignoring...
[2019-05-02 19:56:03,639 INFO  L177        SettingsManager]: ReqParser provides no preferences, ignoring...
[2019-05-02 19:56:03,639 INFO  L174        SettingsManager]: Resetting SmtParser preferences to default values
[2019-05-02 19:56:03,639 INFO  L174        SettingsManager]: Resetting Witness Parser preferences to default values
[2019-05-02 19:56:03,640 INFO  L181        SettingsManager]: Finished resetting all preferences to default values...
[2019-05-02 19:56:03,657 INFO  L81    nceAwareModelManager]: Repository-Root is: /tmp
[2019-05-02 19:56:03,665 INFO  L258   ainManager$Toolchain]: [Toolchain 1]: Applicable parser(s) successfully (re)initialized
[2019-05-02 19:56:03,668 INFO  L214   ainManager$Toolchain]: [Toolchain 1]: Toolchain selected.
[2019-05-02 19:56:03,669 INFO  L271        PluginConnector]: Initializing Boogie PL CUP Parser...
[2019-05-02 19:56:03,669 INFO  L276        PluginConnector]: Boogie PL CUP Parser initialized
[2019-05-02 19:56:03,670 INFO  L418   ainManager$Toolchain]: [Toolchain 1]: Parsing single file: /home/xuechao/xuechao/work/Lab/Termination/Lasso-Ranker/Program_non/107.bpl
[2019-05-02 19:56:03,670 INFO  L111           BoogieParser]: Parsing: '/home/xuechao/xuechao/work/Lab/Termination/Lasso-Ranker/Program_non/107.bpl'
[2019-05-02 19:56:03,692 INFO  L296   ainManager$Toolchain]: ####################### [Toolchain 1] #######################
[2019-05-02 19:56:03,693 INFO  L131        ToolchainWalker]: Walking toolchain with 3 elements.
[2019-05-02 19:56:03,693 INFO  L113        PluginConnector]: ------------------------Boogie Preprocessor----------------------------
[2019-05-02 19:56:03,693 INFO  L271        PluginConnector]: Initializing Boogie Preprocessor...
[2019-05-02 19:56:03,694 INFO  L276        PluginConnector]: Boogie Preprocessor initialized
[2019-05-02 19:56:03,709 INFO  L185        PluginConnector]: Executing the observer EnsureBoogieModelObserver from plugin Boogie Preprocessor for "107.bpl de.uni_freiburg.informatik.ultimate.boogie.parser AST 02.05 07:56:03" (1/1) ...
[2019-05-02 19:56:03,711 INFO  L185        PluginConnector]: Executing the observer TypeChecker from plugin Boogie Preprocessor for "107.bpl de.uni_freiburg.informatik.ultimate.boogie.parser AST 02.05 07:56:03" (1/1) ...
[2019-05-02 19:56:03,715 INFO  L185        PluginConnector]: Executing the observer ConstExpander from plugin Boogie Preprocessor for "107.bpl de.uni_freiburg.informatik.ultimate.boogie.parser AST 02.05 07:56:03" (1/1) ...
[2019-05-02 19:56:03,715 INFO  L185        PluginConnector]: Executing the observer StructExpander from plugin Boogie Preprocessor for "107.bpl de.uni_freiburg.informatik.ultimate.boogie.parser AST 02.05 07:56:03" (1/1) ...
[2019-05-02 19:56:03,717 INFO  L185        PluginConnector]: Executing the observer UnstructureCode from plugin Boogie Preprocessor for "107.bpl de.uni_freiburg.informatik.ultimate.boogie.parser AST 02.05 07:56:03" (1/1) ...
[2019-05-02 19:56:03,720 INFO  L185        PluginConnector]: Executing the observer FunctionInliner from plugin Boogie Preprocessor for "107.bpl de.uni_freiburg.informatik.ultimate.boogie.parser AST 02.05 07:56:03" (1/1) ...
[2019-05-02 19:56:03,721 INFO  L185        PluginConnector]: Executing the observer BoogieSymbolTableConstructor from plugin Boogie Preprocessor for "107.bpl de.uni_freiburg.informatik.ultimate.boogie.parser AST 02.05 07:56:03" (1/1) ...
[2019-05-02 19:56:03,722 INFO  L132        PluginConnector]: ------------------------ END Boogie Preprocessor----------------------------
[2019-05-02 19:56:03,722 INFO  L113        PluginConnector]: ------------------------RCFGBuilder----------------------------
[2019-05-02 19:56:03,722 INFO  L271        PluginConnector]: Initializing RCFGBuilder...
[2019-05-02 19:56:03,723 INFO  L276        PluginConnector]: RCFGBuilder initialized
[2019-05-02 19:56:03,723 INFO  L185        PluginConnector]: Executing the observer RCFGBuilderObserver from plugin RCFGBuilder for "107.bpl de.uni_freiburg.informatik.ultimate.boogie.parser AST 02.05 07:56:03" (1/1) ...
No working directory specified, using /home/xuechao/xuechao/work/Lab/Termination/Lasso-Ranker/z3
Starting monitored process 1 with z3 SMTLIB2_COMPLIANT=true -memory:1024 -smt2 -in -t:12000 (exit command is (exit), workingDir is null)
Waiting until toolchain timeout for monitored process 1 with z3 SMTLIB2_COMPLIANT=true -memory:1024 -smt2 -in -t:12000
[2019-05-02 19:56:03,764 INFO  L124     BoogieDeclarations]: Specification and implementation of procedure main given in one single declaration
[2019-05-02 19:56:03,764 INFO  L130     BoogieDeclarations]: Found specification of procedure main
[2019-05-02 19:56:03,765 INFO  L138     BoogieDeclarations]: Found implementation of procedure main
[2019-05-02 19:56:03,852 INFO  L278             CfgBuilder]: Using library mode
[2019-05-02 19:56:03,852 INFO  L286             CfgBuilder]: Removed 0 assue(true) statements.
[2019-05-02 19:56:03,853 INFO  L202        PluginConnector]: Adding new model 107.bpl de.uni_freiburg.informatik.ultimate.plugins.generator.rcfgbuilder CFG 02.05 07:56:03 BoogieIcfgContainer
[2019-05-02 19:56:03,853 INFO  L132        PluginConnector]: ------------------------ END RCFGBuilder----------------------------
[2019-05-02 19:56:03,854 INFO  L113        PluginConnector]: ------------------------LassoRanker----------------------------
[2019-05-02 19:56:03,854 INFO  L271        PluginConnector]: Initializing LassoRanker...
[2019-05-02 19:56:03,854 INFO  L276        PluginConnector]: LassoRanker initialized
[2019-05-02 19:56:03,854 INFO  L185        PluginConnector]: Executing the observer LassoRankerObserver from plugin LassoRanker for "107.bpl de.uni_freiburg.informatik.ultimate.plugins.generator.rcfgbuilder CFG 02.05 07:56:03" (1/1) ...
[2019-05-02 19:56:03,876 INFO  L72            BuchiIsEmpty]: Start buchiIsEmpty. Operand 2 states.
[2019-05-02 19:56:03,893 INFO  L131   ngComponentsAnalysis]: Automaton has 1 accepting balls. 1
[2019-05-02 19:56:03,893 INFO  L87            BuchiIsEmpty]: Finished buchiIsEmpty Result is false
[2019-05-02 19:56:03,893 INFO  L119           BuchiIsEmpty]: Starting construction of run
[2019-05-02 19:56:03,899 INFO  L104     BuchiDifferenceFKV]: Start buchiDifferenceFKV. First operand 2 states. Second operand 1 states.
[2019-05-02 19:56:03,908 INFO  L108     BuchiDifferenceFKV]: Finished buchiDifferenceFKV. First operand 2 states. Second operand 1 states. Result 3 states and 4 transitions. Complement of second has 2 states 2 powerset states0 rank states. The highest rank that occured is -1
[2019-05-02 19:56:03,908 INFO  L72            BuchiIsEmpty]: Start buchiIsEmpty. Operand 3 states and 4 transitions.
[2019-05-02 19:56:03,908 INFO  L131   ngComponentsAnalysis]: Automaton has 0 accepting balls. 0
[2019-05-02 19:56:03,908 INFO  L87            BuchiIsEmpty]: Finished buchiIsEmpty Result is true
[2019-05-02 19:56:03,965 INFO  L216          LassoAnalysis]: Preferences:
[2019-05-02 19:56:03,966 INFO  L124   ssoRankerPreferences]: Compute integeral hull: false
[2019-05-02 19:56:03,967 INFO  L125   ssoRankerPreferences]: Enable LassoPartitioneer: true
[2019-05-02 19:56:03,967 INFO  L126   ssoRankerPreferences]: Term annotations enabled: false
[2019-05-02 19:56:03,967 INFO  L127   ssoRankerPreferences]: Use exernal solver: true
[2019-05-02 19:56:03,967 INFO  L128   ssoRankerPreferences]: SMT solver command: z3 -smt2 -in SMTLIB2_COMPLIANT=true
[2019-05-02 19:56:03,967 INFO  L129   ssoRankerPreferences]: Dump SMT script to file: false
[2019-05-02 19:56:03,967 INFO  L130   ssoRankerPreferences]: Path of dumped script: .
[2019-05-02 19:56:03,967 INFO  L131   ssoRankerPreferences]: Filename of dumped script: LassoRankerScript
[2019-05-02 19:56:03,967 INFO  L132   ssoRankerPreferences]: MapElimAlgo: Frank
[2019-05-02 19:56:03,968 INFO  L282          LassoAnalysis]: Starting lasso preprocessing...
[2019-05-02 19:56:03,984 INFO  L141          MapEliminator]: Using MapEliminator with SimplificationTechnique=SIMPLIFY_DDA XnfConversionTechnique=BOTTOM_UP_WITH_LOCAL_SIMPLIFICATION AddInequalities=false OnlyTrivialImplicationsArrayWrite=false OnlyTrivialImplicationsForModifiedArguments=true OnlyArgumentsInFormula=true
[2019-05-02 19:56:04,126 INFO  L300          LassoAnalysis]: Preprocessing complete.
[2019-05-02 19:56:04,127 INFO  L412          LassoAnalysis]: Checking for nontermination...
No working directory specified, using /home/xuechao/xuechao/work/Lab/Termination/Lasso-Ranker/z3
Starting monitored process 2 with z3 -smt2 -in SMTLIB2_COMPLIANT=true (exit command is (exit), workingDir is null)
[2019-05-02 19:56:04,130 INFO  L151   nArgumentSynthesizer]: Nontermination analysis: LINEAR_WITH_GUESSES Allow bounded executions: true Number of generalized eigenvectors: 0 Nilpotent components: true
Waiting until toolchain timeout for monitored process 2 with z3 -smt2 -in SMTLIB2_COMPLIANT=true
No working directory specified, using /home/xuechao/xuechao/work/Lab/Termination/Lasso-Ranker/z3
Starting monitored process 3 with z3 -smt2 -in SMTLIB2_COMPLIANT=true (exit command is (exit), workingDir is null)
Waiting until toolchain timeout for monitored process 3 with z3 -smt2 -in SMTLIB2_COMPLIANT=true
[2019-05-02 19:56:04,151 INFO  L151   nArgumentSynthesizer]: Nontermination analysis: LINEAR_WITH_GUESSES Allow bounded executions: true Number of generalized eigenvectors: 3 Nilpotent components: true
[2019-05-02 19:56:04,170 INFO  L452          LassoAnalysis]: Proving nontermination failed: No geometric nontermination argument exists.
[2019-05-02 19:56:04,185 INFO  L216          LassoAnalysis]: Preferences:
[2019-05-02 19:56:04,185 INFO  L124   ssoRankerPreferences]: Compute integeral hull: false
[2019-05-02 19:56:04,185 INFO  L125   ssoRankerPreferences]: Enable LassoPartitioneer: true
[2019-05-02 19:56:04,185 INFO  L126   ssoRankerPreferences]: Term annotations enabled: false
[2019-05-02 19:56:04,186 INFO  L127   ssoRankerPreferences]: Use exernal solver: true
[2019-05-02 19:56:04,186 INFO  L128   ssoRankerPreferences]: SMT solver command: z3 -smt2 -in SMTLIB2_COMPLIANT=true
[2019-05-02 19:56:04,186 INFO  L129   ssoRankerPreferences]: Dump SMT script to file: false
[2019-05-02 19:56:04,186 INFO  L130   ssoRankerPreferences]: Path of dumped script: .
[2019-05-02 19:56:04,186 INFO  L131   ssoRankerPreferences]: Filename of dumped script: LassoRankerScript
[2019-05-02 19:56:04,186 INFO  L132   ssoRankerPreferences]: MapElimAlgo: Frank
[2019-05-02 19:56:04,186 INFO  L282          LassoAnalysis]: Starting lasso preprocessing...
[2019-05-02 19:56:04,187 INFO  L141          MapEliminator]: Using MapEliminator with SimplificationTechnique=SIMPLIFY_DDA XnfConversionTechnique=BOTTOM_UP_WITH_LOCAL_SIMPLIFICATION AddInequalities=false OnlyTrivialImplicationsArrayWrite=false OnlyTrivialImplicationsForModifiedArguments=true OnlyArgumentsInFormula=true
[2019-05-02 19:56:04,272 INFO  L300          LassoAnalysis]: Preprocessing complete.
[2019-05-02 19:56:04,276 INFO  L497          LassoAnalysis]: Using template 'affine'.
No working directory specified, using /home/xuechao/xuechao/work/Lab/Termination/Lasso-Ranker/z3
Starting monitored process 4 with z3 -smt2 -in SMTLIB2_COMPLIANT=true (exit command is (exit), workingDir is null)
Waiting until toolchain timeout for monitored process 4 with z3 -smt2 -in SMTLIB2_COMPLIANT=true
[2019-05-02 19:56:04,286 INFO  L122   nArgumentSynthesizer]: Termination Analysis Settings:
Termination analysis: LINEAR_WITH_GUESSES
Number of strict supporting invariants: 1
Number of non-strict supporting invariants: 0
Consider only non-deceasing supporting invariants: true
Simplify termination arguments: true
Simplify supporting invariants: trueOverapproximate stem: false
[2019-05-02 19:56:04,288 INFO  L339   nArgumentSynthesizer]: Template has degree 0.
[2019-05-02 19:56:04,288 INFO  L352   nArgumentSynthesizer]: There is no stem transition; disabling supporting invariant generation.
[2019-05-02 19:56:04,288 INFO  L205   nArgumentSynthesizer]: 1 stem disjuncts
[2019-05-02 19:56:04,289 INFO  L206   nArgumentSynthesizer]: 1 loop disjuncts
[2019-05-02 19:56:04,289 INFO  L207   nArgumentSynthesizer]: 2 template conjuncts.
[2019-05-02 19:56:04,292 INFO  L402   nArgumentSynthesizer]: We have 2 Motzkin's Theorem applications.
[2019-05-02 19:56:04,292 INFO  L403   nArgumentSynthesizer]: A total of 0 supporting invariants were added.
[2019-05-02 19:56:04,295 INFO  L530          LassoAnalysis]: Proving termination failed for this template and these settings.
[2019-05-02 19:56:04,310 INFO  L497          LassoAnalysis]: Using template '2-nested'.
No working directory specified, using /home/xuechao/xuechao/work/Lab/Termination/Lasso-Ranker/z3
Starting monitored process 5 with z3 -smt2 -in SMTLIB2_COMPLIANT=true (exit command is (exit), workingDir is null)
Waiting until toolchain timeout for monitored process 5 with z3 -smt2 -in SMTLIB2_COMPLIANT=true
[2019-05-02 19:56:04,315 INFO  L122   nArgumentSynthesizer]: Termination Analysis Settings:
Termination analysis: LINEAR_WITH_GUESSES
Number of strict supporting invariants: 1
Number of non-strict supporting invariants: 0
Consider only non-deceasing supporting invariants: true
Simplify termination arguments: true
Simplify supporting invariants: trueOverapproximate stem: false
[2019-05-02 19:56:04,316 INFO  L339   nArgumentSynthesizer]: Template has degree 0.
[2019-05-02 19:56:04,316 INFO  L352   nArgumentSynthesizer]: There is no stem transition; disabling supporting invariant generation.
[2019-05-02 19:56:04,317 INFO  L205   nArgumentSynthesizer]: 1 stem disjuncts
[2019-05-02 19:56:04,317 INFO  L206   nArgumentSynthesizer]: 1 loop disjuncts
[2019-05-02 19:56:04,317 INFO  L207   nArgumentSynthesizer]: 3 template conjuncts.
[2019-05-02 19:56:04,320 INFO  L402   nArgumentSynthesizer]: We have 3 Motzkin's Theorem applications.
[2019-05-02 19:56:04,320 INFO  L403   nArgumentSynthesizer]: A total of 0 supporting invariants were added.
[2019-05-02 19:56:04,323 INFO  L530          LassoAnalysis]: Proving termination failed for this template and these settings.
[2019-05-02 19:56:04,338 INFO  L497          LassoAnalysis]: Using template '3-nested'.
No working directory specified, using /home/xuechao/xuechao/work/Lab/Termination/Lasso-Ranker/z3
Starting monitored process 6 with z3 -smt2 -in SMTLIB2_COMPLIANT=true (exit command is (exit), workingDir is null)
Waiting until toolchain timeout for monitored process 6 with z3 -smt2 -in SMTLIB2_COMPLIANT=true
[2019-05-02 19:56:04,344 INFO  L122   nArgumentSynthesizer]: Termination Analysis Settings:
Termination analysis: LINEAR_WITH_GUESSES
Number of strict supporting invariants: 1
Number of non-strict supporting invariants: 0
Consider only non-deceasing supporting invariants: true
Simplify termination arguments: true
Simplify supporting invariants: trueOverapproximate stem: false
[2019-05-02 19:56:04,346 INFO  L339   nArgumentSynthesizer]: Template has degree 0.
[2019-05-02 19:56:04,346 INFO  L352   nArgumentSynthesizer]: There is no stem transition; disabling supporting invariant generation.
[2019-05-02 19:56:04,346 INFO  L205   nArgumentSynthesizer]: 1 stem disjuncts
[2019-05-02 19:56:04,346 INFO  L206   nArgumentSynthesizer]: 1 loop disjuncts
[2019-05-02 19:56:04,346 INFO  L207   nArgumentSynthesizer]: 4 template conjuncts.
[2019-05-02 19:56:04,353 INFO  L402   nArgumentSynthesizer]: We have 4 Motzkin's Theorem applications.
[2019-05-02 19:56:04,353 INFO  L403   nArgumentSynthesizer]: A total of 0 supporting invariants were added.
[2019-05-02 19:56:04,359 INFO  L530          LassoAnalysis]: Proving termination failed for this template and these settings.
[2019-05-02 19:56:04,374 INFO  L497          LassoAnalysis]: Using template '4-nested'.
No working directory specified, using /home/xuechao/xuechao/work/Lab/Termination/Lasso-Ranker/z3
Starting monitored process 7 with z3 -smt2 -in SMTLIB2_COMPLIANT=true (exit command is (exit), workingDir is null)
Waiting until toolchain timeout for monitored process 7 with z3 -smt2 -in SMTLIB2_COMPLIANT=true
[2019-05-02 19:56:04,379 INFO  L122   nArgumentSynthesizer]: Termination Analysis Settings:
Termination analysis: LINEAR_WITH_GUESSES
Number of strict supporting invariants: 1
Number of non-strict supporting invariants: 0
Consider only non-deceasing supporting invariants: true
Simplify termination arguments: true
Simplify supporting invariants: trueOverapproximate stem: false
[2019-05-02 19:56:04,381 INFO  L339   nArgumentSynthesizer]: Template has degree 0.
[2019-05-02 19:56:04,381 INFO  L352   nArgumentSynthesizer]: There is no stem transition; disabling supporting invariant generation.
[2019-05-02 19:56:04,381 INFO  L205   nArgumentSynthesizer]: 1 stem disjuncts
[2019-05-02 19:56:04,381 INFO  L206   nArgumentSynthesizer]: 1 loop disjuncts
[2019-05-02 19:56:04,382 INFO  L207   nArgumentSynthesizer]: 5 template conjuncts.
[2019-05-02 19:56:04,387 INFO  L402   nArgumentSynthesizer]: We have 5 Motzkin's Theorem applications.
[2019-05-02 19:56:04,388 INFO  L403   nArgumentSynthesizer]: A total of 0 supporting invariants were added.
[2019-05-02 19:56:04,393 INFO  L530          LassoAnalysis]: Proving termination failed for this template and these settings.
[2019-05-02 19:56:04,407 INFO  L497          LassoAnalysis]: Using template '2-phase'.
No working directory specified, using /home/xuechao/xuechao/work/Lab/Termination/Lasso-Ranker/z3
Starting monitored process 8 with z3 -smt2 -in SMTLIB2_COMPLIANT=true (exit command is (exit), workingDir is null)
Waiting until toolchain timeout for monitored process 8 with z3 -smt2 -in SMTLIB2_COMPLIANT=true
[2019-05-02 19:56:04,411 INFO  L122   nArgumentSynthesizer]: Termination Analysis Settings:
Termination analysis: LINEAR_WITH_GUESSES
Number of strict supporting invariants: 1
Number of non-strict supporting invariants: 0
Consider only non-deceasing supporting invariants: true
Simplify termination arguments: true
Simplify supporting invariants: trueOverapproximate stem: false
[2019-05-02 19:56:04,413 WARN  L334   nArgumentSynthesizer]: Using a linear SMT query and a templates of degree > 0, hence this method is incomplete.
[2019-05-02 19:56:04,413 INFO  L339   nArgumentSynthesizer]: Template has degree 1.
[2019-05-02 19:56:04,413 INFO  L352   nArgumentSynthesizer]: There is no stem transition; disabling supporting invariant generation.
[2019-05-02 19:56:04,414 INFO  L205   nArgumentSynthesizer]: 1 stem disjuncts
[2019-05-02 19:56:04,414 INFO  L206   nArgumentSynthesizer]: 1 loop disjuncts
[2019-05-02 19:56:04,414 INFO  L207   nArgumentSynthesizer]: 3 template conjuncts.
[2019-05-02 19:56:04,421 INFO  L402   nArgumentSynthesizer]: We have 3 Motzkin's Theorem applications.
[2019-05-02 19:56:04,421 INFO  L403   nArgumentSynthesizer]: A total of 0 supporting invariants were added.
[2019-05-02 19:56:04,698 INFO  L530          LassoAnalysis]: Proving termination failed for this template and these settings.
[2019-05-02 19:56:04,712 INFO  L497          LassoAnalysis]: Using template 'lex(affine, affine)'.
No working directory specified, using /home/xuechao/xuechao/work/Lab/Termination/Lasso-Ranker/z3
Starting monitored process 9 with z3 -smt2 -in SMTLIB2_COMPLIANT=true (exit command is (exit), workingDir is null)
Waiting until toolchain timeout for monitored process 9 with z3 -smt2 -in SMTLIB2_COMPLIANT=true
[2019-05-02 19:56:04,715 INFO  L122   nArgumentSynthesizer]: Termination Analysis Settings:
Termination analysis: LINEAR_WITH_GUESSES
Number of strict supporting invariants: 1
Number of non-strict supporting invariants: 0
Consider only non-deceasing supporting invariants: true
Simplify termination arguments: true
Simplify supporting invariants: trueOverapproximate stem: false
[2019-05-02 19:56:04,717 WARN  L334   nArgumentSynthesizer]: Using a linear SMT query and a templates of degree > 0, hence this method is incomplete.
[2019-05-02 19:56:04,717 INFO  L339   nArgumentSynthesizer]: Template has degree 5.
[2019-05-02 19:56:04,717 INFO  L352   nArgumentSynthesizer]: There is no stem transition; disabling supporting invariant generation.
[2019-05-02 19:56:04,718 INFO  L205   nArgumentSynthesizer]: 1 stem disjuncts
[2019-05-02 19:56:04,718 INFO  L206   nArgumentSynthesizer]: 1 loop disjuncts
[2019-05-02 19:56:04,718 INFO  L207   nArgumentSynthesizer]: 4 template conjuncts.
[2019-05-02 19:56:04,723 INFO  L402   nArgumentSynthesizer]: We have 4 Motzkin's Theorem applications.
[2019-05-02 19:56:04,723 INFO  L403   nArgumentSynthesizer]: A total of 0 supporting invariants were added.
[2019-05-02 19:56:05,065 INFO  L530          LassoAnalysis]: Proving termination failed for this template and these settings.
[2019-05-02 19:56:05,080 INFO  L497          LassoAnalysis]: Using template '2-piece'.
No working directory specified, using /home/xuechao/xuechao/work/Lab/Termination/Lasso-Ranker/z3
Starting monitored process 10 with z3 -smt2 -in SMTLIB2_COMPLIANT=true (exit command is (exit), workingDir is null)
Waiting until toolchain timeout for monitored process 10 with z3 -smt2 -in SMTLIB2_COMPLIANT=true
[2019-05-02 19:56:05,082 INFO  L122   nArgumentSynthesizer]: Termination Analysis Settings:
Termination analysis: LINEAR_WITH_GUESSES
Number of strict supporting invariants: 1
Number of non-strict supporting invariants: 0
Consider only non-deceasing supporting invariants: true
Simplify termination arguments: true
Simplify supporting invariants: trueOverapproximate stem: false
[2019-05-02 19:56:05,084 WARN  L334   nArgumentSynthesizer]: Using a linear SMT query and a templates of degree > 0, hence this method is incomplete.
[2019-05-02 19:56:05,084 INFO  L339   nArgumentSynthesizer]: Template has degree 7.
[2019-05-02 19:56:05,084 INFO  L352   nArgumentSynthesizer]: There is no stem transition; disabling supporting invariant generation.
[2019-05-02 19:56:05,084 INFO  L205   nArgumentSynthesizer]: 1 stem disjuncts
[2019-05-02 19:56:05,084 INFO  L206   nArgumentSynthesizer]: 1 loop disjuncts
[2019-05-02 19:56:05,085 INFO  L207   nArgumentSynthesizer]: 7 template conjuncts.
[2019-05-02 19:56:05,118 INFO  L402   nArgumentSynthesizer]: We have 7 Motzkin's Theorem applications.
[2019-05-02 19:56:05,119 INFO  L403   nArgumentSynthesizer]: A total of 0 supporting invariants were added.
[2019-05-02 19:56:10,639 INFO  L530          LassoAnalysis]: Proving termination failed for this template and these settings.
[2019-05-02 19:56:10,653 INFO  L497          LassoAnalysis]: Using template '2-parallel'.
No working directory specified, using /home/xuechao/xuechao/work/Lab/Termination/Lasso-Ranker/z3
Starting monitored process 11 with z3 -smt2 -in SMTLIB2_COMPLIANT=true (exit command is (exit), workingDir is null)
Waiting until toolchain timeout for monitored process 11 with z3 -smt2 -in SMTLIB2_COMPLIANT=true
[2019-05-02 19:56:10,655 INFO  L122   nArgumentSynthesizer]: Termination Analysis Settings:
Termination analysis: LINEAR_WITH_GUESSES
Number of strict supporting invariants: 1
Number of non-strict supporting invariants: 0
Consider only non-deceasing supporting invariants: true
Simplify termination arguments: true
Simplify supporting invariants: trueOverapproximate stem: false
[2019-05-02 19:56:10,657 WARN  L334   nArgumentSynthesizer]: Using a linear SMT query and a templates of degree > 0, hence this method is incomplete.
[2019-05-02 19:56:10,657 INFO  L339   nArgumentSynthesizer]: Template has degree 4.
[2019-05-02 19:56:10,657 INFO  L352   nArgumentSynthesizer]: There is no stem transition; disabling supporting invariant generation.
[2019-05-02 19:56:10,657 INFO  L205   nArgumentSynthesizer]: 1 stem disjuncts
[2019-05-02 19:56:10,657 INFO  L206   nArgumentSynthesizer]: 1 loop disjuncts
[2019-05-02 19:56:10,658 INFO  L207   nArgumentSynthesizer]: 6 template conjuncts.
[2019-05-02 19:56:10,664 INFO  L402   nArgumentSynthesizer]: We have 6 Motzkin's Theorem applications.
[2019-05-02 19:56:10,664 INFO  L403   nArgumentSynthesizer]: A total of 0 supporting invariants were added.
[2019-05-02 19:56:11,232 INFO  L530          LassoAnalysis]: Proving termination failed for this template and these settings.
[2019-05-02 19:56:11,249 INFO  L489     LassoRankerStarter]: LassoRanker could not prove termination or nontermination of the given linear lasso program.
Templates: AffineTemplate NestedTemplate NestedTemplate NestedTemplate MultiphaseTemplate ComposedLexicographicTemplate PiecewiseTemplate ParallelTemplate
[2019-05-02 19:56:11,250 INFO  L132        PluginConnector]: ------------------------ END LassoRanker----------------------------
[2019-05-02 19:56:11,250 INFO  L168              Benchmark]: Toolchain (without parser) took 7558.15 ms. Allocated memory is still 514.9 MB. Free memory was 477.6 MB in the beginning and 361.4 MB in the end (delta: 116.3 MB). Peak memory consumption was 116.3 MB. Max. memory is 11.5 GB.
[2019-05-02 19:56:11,252 INFO  L168              Benchmark]: Boogie PL CUP Parser took 0.14 ms. Allocated memory is still 514.9 MB. Free memory is still 479.1 MB. There was no memory consumed. Max. memory is 11.5 GB.
[2019-05-02 19:56:11,252 INFO  L168              Benchmark]: Boogie Preprocessor took 28.77 ms. Allocated memory is still 514.9 MB. Free memory was 477.6 MB in the beginning and 475.0 MB in the end (delta: 2.7 MB). Peak memory consumption was 2.7 MB. Max. memory is 11.5 GB.
[2019-05-02 19:56:11,253 INFO  L168              Benchmark]: RCFGBuilder took 130.86 ms. Allocated memory is still 514.9 MB. Free memory was 475.0 MB in the beginning and 465.3 MB in the end (delta: 9.6 MB). Peak memory consumption was 9.6 MB. Max. memory is 11.5 GB.
[2019-05-02 19:56:11,253 INFO  L168              Benchmark]: LassoRanker took 7396.39 ms. Allocated memory is still 514.9 MB. Free memory was 465.3 MB in the beginning and 361.4 MB in the end (delta: 104.0 MB). Peak memory consumption was 104.0 MB. Max. memory is 11.5 GB.
[2019-05-02 19:56:11,256 INFO  L336   ainManager$Toolchain]: #######################  End [Toolchain 1] #######################
 --- Results ---
 * Results from de.uni_freiburg.informatik.ultimate.core:
  - StatisticsResult: Toolchain Benchmarks
    Benchmark results are:
 * Boogie PL CUP Parser took 0.14 ms. Allocated memory is still 514.9 MB. Free memory is still 479.1 MB. There was no memory consumed. Max. memory is 11.5 GB.
 * Boogie Preprocessor took 28.77 ms. Allocated memory is still 514.9 MB. Free memory was 477.6 MB in the beginning and 475.0 MB in the end (delta: 2.7 MB). Peak memory consumption was 2.7 MB. Max. memory is 11.5 GB.
 * RCFGBuilder took 130.86 ms. Allocated memory is still 514.9 MB. Free memory was 475.0 MB in the beginning and 465.3 MB in the end (delta: 9.6 MB). Peak memory consumption was 9.6 MB. Max. memory is 11.5 GB.
 * LassoRanker took 7396.39 ms. Allocated memory is still 514.9 MB. Free memory was 465.3 MB in the beginning and 361.4 MB in the end (delta: 104.0 MB). Peak memory consumption was 104.0 MB. Max. memory is 11.5 GB.
 * Results from de.uni_freiburg.informatik.ultimate.plugins.analysis.lassoranker:
  - NoResult [Line: 7]: LassoRanker could not prove termination
    LassoRanker could not prove termination or nontermination of the given linear lasso program.
Templates: AffineTemplate NestedTemplate NestedTemplate NestedTemplate MultiphaseTemplate ComposedLexicographicTemplate PiecewiseTemplate ParallelTemplate
RESULT: Ultimate could not prove your program: Toolchain returned no result.
Received shutdown request...
