This is Ultimate 0.1.24-16d85fa
[2019-05-02 19:56:12,741 INFO  L170        SettingsManager]: Resetting all preferences to default values...
[2019-05-02 19:56:12,742 INFO  L174        SettingsManager]: Resetting UltimateCore preferences to default values
[2019-05-02 19:56:12,752 INFO  L177        SettingsManager]: Ultimate Commandline Interface provides no preferences, ignoring...
[2019-05-02 19:56:12,752 INFO  L174        SettingsManager]: Resetting Boogie Preprocessor preferences to default values
[2019-05-02 19:56:12,753 INFO  L174        SettingsManager]: Resetting Boogie Procedure Inliner preferences to default values
[2019-05-02 19:56:12,754 INFO  L174        SettingsManager]: Resetting Abstract Interpretation preferences to default values
[2019-05-02 19:56:12,755 INFO  L174        SettingsManager]: Resetting LassoRanker preferences to default values
[2019-05-02 19:56:12,757 INFO  L174        SettingsManager]: Resetting Reaching Definitions preferences to default values
[2019-05-02 19:56:12,757 INFO  L174        SettingsManager]: Resetting SyntaxChecker preferences to default values
[2019-05-02 19:56:12,758 INFO  L177        SettingsManager]: Büchi Program Product provides no preferences, ignoring...
[2019-05-02 19:56:12,758 INFO  L174        SettingsManager]: Resetting LTL2Aut preferences to default values
[2019-05-02 19:56:12,759 INFO  L174        SettingsManager]: Resetting PEA to Boogie preferences to default values
[2019-05-02 19:56:12,759 INFO  L174        SettingsManager]: Resetting BlockEncodingV2 preferences to default values
[2019-05-02 19:56:12,760 INFO  L174        SettingsManager]: Resetting ChcToBoogie preferences to default values
[2019-05-02 19:56:12,760 INFO  L174        SettingsManager]: Resetting AutomataScriptInterpreter preferences to default values
[2019-05-02 19:56:12,761 INFO  L174        SettingsManager]: Resetting BuchiAutomizer preferences to default values
[2019-05-02 19:56:12,762 INFO  L174        SettingsManager]: Resetting CACSL2BoogieTranslator preferences to default values
[2019-05-02 19:56:12,763 INFO  L174        SettingsManager]: Resetting CodeCheck preferences to default values
[2019-05-02 19:56:12,764 INFO  L174        SettingsManager]: Resetting InvariantSynthesis preferences to default values
[2019-05-02 19:56:12,765 INFO  L174        SettingsManager]: Resetting RCFGBuilder preferences to default values
[2019-05-02 19:56:12,766 INFO  L174        SettingsManager]: Resetting TraceAbstraction preferences to default values
[2019-05-02 19:56:12,768 INFO  L177        SettingsManager]: TraceAbstractionConcurrent provides no preferences, ignoring...
[2019-05-02 19:56:12,768 INFO  L177        SettingsManager]: TraceAbstractionWithAFAs provides no preferences, ignoring...
[2019-05-02 19:56:12,768 INFO  L174        SettingsManager]: Resetting TreeAutomizer preferences to default values
[2019-05-02 19:56:12,769 INFO  L174        SettingsManager]: Resetting IcfgTransformer preferences to default values
[2019-05-02 19:56:12,769 INFO  L174        SettingsManager]: Resetting Boogie Printer preferences to default values
[2019-05-02 19:56:12,770 INFO  L174        SettingsManager]: Resetting ReqPrinter preferences to default values
[2019-05-02 19:56:12,770 INFO  L174        SettingsManager]: Resetting Witness Printer preferences to default values
[2019-05-02 19:56:12,771 INFO  L177        SettingsManager]: Boogie PL CUP Parser provides no preferences, ignoring...
[2019-05-02 19:56:12,771 INFO  L174        SettingsManager]: Resetting CDTParser preferences to default values
[2019-05-02 19:56:12,771 INFO  L177        SettingsManager]: AutomataScriptParser provides no preferences, ignoring...
[2019-05-02 19:56:12,772 INFO  L177        SettingsManager]: ReqParser provides no preferences, ignoring...
[2019-05-02 19:56:12,772 INFO  L174        SettingsManager]: Resetting SmtParser preferences to default values
[2019-05-02 19:56:12,772 INFO  L174        SettingsManager]: Resetting Witness Parser preferences to default values
[2019-05-02 19:56:12,773 INFO  L181        SettingsManager]: Finished resetting all preferences to default values...
[2019-05-02 19:56:12,789 INFO  L81    nceAwareModelManager]: Repository-Root is: /tmp
[2019-05-02 19:56:12,797 INFO  L258   ainManager$Toolchain]: [Toolchain 1]: Applicable parser(s) successfully (re)initialized
[2019-05-02 19:56:12,800 INFO  L214   ainManager$Toolchain]: [Toolchain 1]: Toolchain selected.
[2019-05-02 19:56:12,801 INFO  L271        PluginConnector]: Initializing Boogie PL CUP Parser...
[2019-05-02 19:56:12,801 INFO  L276        PluginConnector]: Boogie PL CUP Parser initialized
[2019-05-02 19:56:12,802 INFO  L418   ainManager$Toolchain]: [Toolchain 1]: Parsing single file: /home/xuechao/xuechao/work/Lab/Termination/Lasso-Ranker/Program_non/108.bpl
[2019-05-02 19:56:12,802 INFO  L111           BoogieParser]: Parsing: '/home/xuechao/xuechao/work/Lab/Termination/Lasso-Ranker/Program_non/108.bpl'
[2019-05-02 19:56:12,823 INFO  L296   ainManager$Toolchain]: ####################### [Toolchain 1] #######################
[2019-05-02 19:56:12,824 INFO  L131        ToolchainWalker]: Walking toolchain with 3 elements.
[2019-05-02 19:56:12,825 INFO  L113        PluginConnector]: ------------------------Boogie Preprocessor----------------------------
[2019-05-02 19:56:12,825 INFO  L271        PluginConnector]: Initializing Boogie Preprocessor...
[2019-05-02 19:56:12,825 INFO  L276        PluginConnector]: Boogie Preprocessor initialized
[2019-05-02 19:56:12,841 INFO  L185        PluginConnector]: Executing the observer EnsureBoogieModelObserver from plugin Boogie Preprocessor for "108.bpl de.uni_freiburg.informatik.ultimate.boogie.parser AST 02.05 07:56:12" (1/1) ...
[2019-05-02 19:56:12,842 INFO  L185        PluginConnector]: Executing the observer TypeChecker from plugin Boogie Preprocessor for "108.bpl de.uni_freiburg.informatik.ultimate.boogie.parser AST 02.05 07:56:12" (1/1) ...
[2019-05-02 19:56:12,847 INFO  L185        PluginConnector]: Executing the observer ConstExpander from plugin Boogie Preprocessor for "108.bpl de.uni_freiburg.informatik.ultimate.boogie.parser AST 02.05 07:56:12" (1/1) ...
[2019-05-02 19:56:12,847 INFO  L185        PluginConnector]: Executing the observer StructExpander from plugin Boogie Preprocessor for "108.bpl de.uni_freiburg.informatik.ultimate.boogie.parser AST 02.05 07:56:12" (1/1) ...
[2019-05-02 19:56:12,849 INFO  L185        PluginConnector]: Executing the observer UnstructureCode from plugin Boogie Preprocessor for "108.bpl de.uni_freiburg.informatik.ultimate.boogie.parser AST 02.05 07:56:12" (1/1) ...
[2019-05-02 19:56:12,852 INFO  L185        PluginConnector]: Executing the observer FunctionInliner from plugin Boogie Preprocessor for "108.bpl de.uni_freiburg.informatik.ultimate.boogie.parser AST 02.05 07:56:12" (1/1) ...
[2019-05-02 19:56:12,852 INFO  L185        PluginConnector]: Executing the observer BoogieSymbolTableConstructor from plugin Boogie Preprocessor for "108.bpl de.uni_freiburg.informatik.ultimate.boogie.parser AST 02.05 07:56:12" (1/1) ...
[2019-05-02 19:56:12,853 INFO  L132        PluginConnector]: ------------------------ END Boogie Preprocessor----------------------------
[2019-05-02 19:56:12,854 INFO  L113        PluginConnector]: ------------------------RCFGBuilder----------------------------
[2019-05-02 19:56:12,854 INFO  L271        PluginConnector]: Initializing RCFGBuilder...
[2019-05-02 19:56:12,854 INFO  L276        PluginConnector]: RCFGBuilder initialized
[2019-05-02 19:56:12,855 INFO  L185        PluginConnector]: Executing the observer RCFGBuilderObserver from plugin RCFGBuilder for "108.bpl de.uni_freiburg.informatik.ultimate.boogie.parser AST 02.05 07:56:12" (1/1) ...
No working directory specified, using /home/xuechao/xuechao/work/Lab/Termination/Lasso-Ranker/z3
Starting monitored process 1 with z3 SMTLIB2_COMPLIANT=true -memory:1024 -smt2 -in -t:12000 (exit command is (exit), workingDir is null)
Waiting until toolchain timeout for monitored process 1 with z3 SMTLIB2_COMPLIANT=true -memory:1024 -smt2 -in -t:12000
[2019-05-02 19:56:12,894 INFO  L124     BoogieDeclarations]: Specification and implementation of procedure main given in one single declaration
[2019-05-02 19:56:12,895 INFO  L130     BoogieDeclarations]: Found specification of procedure main
[2019-05-02 19:56:12,895 INFO  L138     BoogieDeclarations]: Found implementation of procedure main
[2019-05-02 19:56:12,987 INFO  L278             CfgBuilder]: Using library mode
[2019-05-02 19:56:12,987 INFO  L286             CfgBuilder]: Removed 0 assue(true) statements.
[2019-05-02 19:56:12,988 INFO  L202        PluginConnector]: Adding new model 108.bpl de.uni_freiburg.informatik.ultimate.plugins.generator.rcfgbuilder CFG 02.05 07:56:12 BoogieIcfgContainer
[2019-05-02 19:56:12,988 INFO  L132        PluginConnector]: ------------------------ END RCFGBuilder----------------------------
[2019-05-02 19:56:12,988 INFO  L113        PluginConnector]: ------------------------LassoRanker----------------------------
[2019-05-02 19:56:12,988 INFO  L271        PluginConnector]: Initializing LassoRanker...
[2019-05-02 19:56:12,988 INFO  L276        PluginConnector]: LassoRanker initialized
[2019-05-02 19:56:12,989 INFO  L185        PluginConnector]: Executing the observer LassoRankerObserver from plugin LassoRanker for "108.bpl de.uni_freiburg.informatik.ultimate.plugins.generator.rcfgbuilder CFG 02.05 07:56:12" (1/1) ...
[2019-05-02 19:56:13,012 INFO  L72            BuchiIsEmpty]: Start buchiIsEmpty. Operand 2 states.
[2019-05-02 19:56:13,028 INFO  L131   ngComponentsAnalysis]: Automaton has 1 accepting balls. 1
[2019-05-02 19:56:13,028 INFO  L87            BuchiIsEmpty]: Finished buchiIsEmpty Result is false
[2019-05-02 19:56:13,028 INFO  L119           BuchiIsEmpty]: Starting construction of run
[2019-05-02 19:56:13,034 INFO  L104     BuchiDifferenceFKV]: Start buchiDifferenceFKV. First operand 2 states. Second operand 1 states.
[2019-05-02 19:56:13,042 INFO  L108     BuchiDifferenceFKV]: Finished buchiDifferenceFKV. First operand 2 states. Second operand 1 states. Result 3 states and 4 transitions. Complement of second has 2 states 2 powerset states0 rank states. The highest rank that occured is -1
[2019-05-02 19:56:13,042 INFO  L72            BuchiIsEmpty]: Start buchiIsEmpty. Operand 3 states and 4 transitions.
[2019-05-02 19:56:13,043 INFO  L131   ngComponentsAnalysis]: Automaton has 0 accepting balls. 0
[2019-05-02 19:56:13,043 INFO  L87            BuchiIsEmpty]: Finished buchiIsEmpty Result is true
[2019-05-02 19:56:13,114 INFO  L216          LassoAnalysis]: Preferences:
[2019-05-02 19:56:13,115 INFO  L124   ssoRankerPreferences]: Compute integeral hull: false
[2019-05-02 19:56:13,115 INFO  L125   ssoRankerPreferences]: Enable LassoPartitioneer: true
[2019-05-02 19:56:13,115 INFO  L126   ssoRankerPreferences]: Term annotations enabled: false
[2019-05-02 19:56:13,115 INFO  L127   ssoRankerPreferences]: Use exernal solver: true
[2019-05-02 19:56:13,115 INFO  L128   ssoRankerPreferences]: SMT solver command: z3 -smt2 -in SMTLIB2_COMPLIANT=true
[2019-05-02 19:56:13,115 INFO  L129   ssoRankerPreferences]: Dump SMT script to file: false
[2019-05-02 19:56:13,115 INFO  L130   ssoRankerPreferences]: Path of dumped script: .
[2019-05-02 19:56:13,116 INFO  L131   ssoRankerPreferences]: Filename of dumped script: LassoRankerScript
[2019-05-02 19:56:13,116 INFO  L132   ssoRankerPreferences]: MapElimAlgo: Frank
[2019-05-02 19:56:13,116 INFO  L282          LassoAnalysis]: Starting lasso preprocessing...
[2019-05-02 19:56:13,132 INFO  L141          MapEliminator]: Using MapEliminator with SimplificationTechnique=SIMPLIFY_DDA XnfConversionTechnique=BOTTOM_UP_WITH_LOCAL_SIMPLIFICATION AddInequalities=false OnlyTrivialImplicationsArrayWrite=false OnlyTrivialImplicationsForModifiedArguments=true OnlyArgumentsInFormula=true
[2019-05-02 19:56:13,237 INFO  L300          LassoAnalysis]: Preprocessing complete.
[2019-05-02 19:56:13,237 INFO  L412          LassoAnalysis]: Checking for nontermination...
No working directory specified, using /home/xuechao/xuechao/work/Lab/Termination/Lasso-Ranker/z3
Starting monitored process 2 with z3 -smt2 -in SMTLIB2_COMPLIANT=true (exit command is (exit), workingDir is null)
Waiting until toolchain timeout for monitored process 2 with z3 -smt2 -in SMTLIB2_COMPLIANT=true
[2019-05-02 19:56:13,241 INFO  L151   nArgumentSynthesizer]: Nontermination analysis: LINEAR_WITH_GUESSES Allow bounded executions: true Number of generalized eigenvectors: 0 Nilpotent components: true
No working directory specified, using /home/xuechao/xuechao/work/Lab/Termination/Lasso-Ranker/z3
Starting monitored process 3 with z3 -smt2 -in SMTLIB2_COMPLIANT=true (exit command is (exit), workingDir is null)
Waiting until toolchain timeout for monitored process 3 with z3 -smt2 -in SMTLIB2_COMPLIANT=true
[2019-05-02 19:56:13,262 INFO  L151   nArgumentSynthesizer]: Nontermination analysis: LINEAR_WITH_GUESSES Allow bounded executions: true Number of generalized eigenvectors: 3 Nilpotent components: true
[2019-05-02 19:56:13,275 INFO  L452          LassoAnalysis]: Proving nontermination failed: No geometric nontermination argument exists.
[2019-05-02 19:56:13,290 INFO  L216          LassoAnalysis]: Preferences:
[2019-05-02 19:56:13,290 INFO  L124   ssoRankerPreferences]: Compute integeral hull: false
[2019-05-02 19:56:13,290 INFO  L125   ssoRankerPreferences]: Enable LassoPartitioneer: true
[2019-05-02 19:56:13,290 INFO  L126   ssoRankerPreferences]: Term annotations enabled: false
[2019-05-02 19:56:13,290 INFO  L127   ssoRankerPreferences]: Use exernal solver: true
[2019-05-02 19:56:13,290 INFO  L128   ssoRankerPreferences]: SMT solver command: z3 -smt2 -in SMTLIB2_COMPLIANT=true
[2019-05-02 19:56:13,291 INFO  L129   ssoRankerPreferences]: Dump SMT script to file: false
[2019-05-02 19:56:13,291 INFO  L130   ssoRankerPreferences]: Path of dumped script: .
[2019-05-02 19:56:13,291 INFO  L131   ssoRankerPreferences]: Filename of dumped script: LassoRankerScript
[2019-05-02 19:56:13,291 INFO  L132   ssoRankerPreferences]: MapElimAlgo: Frank
[2019-05-02 19:56:13,291 INFO  L282          LassoAnalysis]: Starting lasso preprocessing...
[2019-05-02 19:56:13,292 INFO  L141          MapEliminator]: Using MapEliminator with SimplificationTechnique=SIMPLIFY_DDA XnfConversionTechnique=BOTTOM_UP_WITH_LOCAL_SIMPLIFICATION AddInequalities=false OnlyTrivialImplicationsArrayWrite=false OnlyTrivialImplicationsForModifiedArguments=true OnlyArgumentsInFormula=true
[2019-05-02 19:56:13,374 INFO  L300          LassoAnalysis]: Preprocessing complete.
[2019-05-02 19:56:13,378 INFO  L497          LassoAnalysis]: Using template 'affine'.
No working directory specified, using /home/xuechao/xuechao/work/Lab/Termination/Lasso-Ranker/z3
Starting monitored process 4 with z3 -smt2 -in SMTLIB2_COMPLIANT=true (exit command is (exit), workingDir is null)
Waiting until toolchain timeout for monitored process 4 with z3 -smt2 -in SMTLIB2_COMPLIANT=true
[2019-05-02 19:56:13,381 INFO  L122   nArgumentSynthesizer]: Termination Analysis Settings:
Termination analysis: LINEAR_WITH_GUESSES
Number of strict supporting invariants: 1
Number of non-strict supporting invariants: 0
Consider only non-deceasing supporting invariants: true
Simplify termination arguments: true
Simplify supporting invariants: trueOverapproximate stem: false
[2019-05-02 19:56:13,383 INFO  L339   nArgumentSynthesizer]: Template has degree 0.
[2019-05-02 19:56:13,383 INFO  L352   nArgumentSynthesizer]: There is no stem transition; disabling supporting invariant generation.
[2019-05-02 19:56:13,383 INFO  L205   nArgumentSynthesizer]: 1 stem disjuncts
[2019-05-02 19:56:13,383 INFO  L206   nArgumentSynthesizer]: 1 loop disjuncts
[2019-05-02 19:56:13,384 INFO  L207   nArgumentSynthesizer]: 2 template conjuncts.
[2019-05-02 19:56:13,388 INFO  L402   nArgumentSynthesizer]: We have 2 Motzkin's Theorem applications.
[2019-05-02 19:56:13,388 INFO  L403   nArgumentSynthesizer]: A total of 0 supporting invariants were added.
[2019-05-02 19:56:13,393 INFO  L530          LassoAnalysis]: Proving termination failed for this template and these settings.
[2019-05-02 19:56:13,408 INFO  L497          LassoAnalysis]: Using template '2-nested'.
No working directory specified, using /home/xuechao/xuechao/work/Lab/Termination/Lasso-Ranker/z3
Starting monitored process 5 with z3 -smt2 -in SMTLIB2_COMPLIANT=true (exit command is (exit), workingDir is null)
[2019-05-02 19:56:13,415 INFO  L122   nArgumentSynthesizer]: Termination Analysis Settings:
Termination analysis: LINEAR_WITH_GUESSES
Number of strict supporting invariants: 1
Number of non-strict supporting invariants: 0
Consider only non-deceasing supporting invariants: true
Simplify termination arguments: true
Simplify supporting invariants: trueOverapproximate stem: false
Waiting until toolchain timeout for monitored process 5 with z3 -smt2 -in SMTLIB2_COMPLIANT=true
[2019-05-02 19:56:13,418 INFO  L339   nArgumentSynthesizer]: Template has degree 0.
[2019-05-02 19:56:13,419 INFO  L352   nArgumentSynthesizer]: There is no stem transition; disabling supporting invariant generation.
[2019-05-02 19:56:13,419 INFO  L205   nArgumentSynthesizer]: 1 stem disjuncts
[2019-05-02 19:56:13,419 INFO  L206   nArgumentSynthesizer]: 1 loop disjuncts
[2019-05-02 19:56:13,419 INFO  L207   nArgumentSynthesizer]: 3 template conjuncts.
[2019-05-02 19:56:13,424 INFO  L402   nArgumentSynthesizer]: We have 3 Motzkin's Theorem applications.
[2019-05-02 19:56:13,425 INFO  L403   nArgumentSynthesizer]: A total of 0 supporting invariants were added.
[2019-05-02 19:56:13,428 INFO  L530          LassoAnalysis]: Proving termination failed for this template and these settings.
[2019-05-02 19:56:13,443 INFO  L497          LassoAnalysis]: Using template '3-nested'.
No working directory specified, using /home/xuechao/xuechao/work/Lab/Termination/Lasso-Ranker/z3
Starting monitored process 6 with z3 -smt2 -in SMTLIB2_COMPLIANT=true (exit command is (exit), workingDir is null)
Waiting until toolchain timeout for monitored process 6 with z3 -smt2 -in SMTLIB2_COMPLIANT=true
[2019-05-02 19:56:13,445 INFO  L122   nArgumentSynthesizer]: Termination Analysis Settings:
Termination analysis: LINEAR_WITH_GUESSES
Number of strict supporting invariants: 1
Number of non-strict supporting invariants: 0
Consider only non-deceasing supporting invariants: true
Simplify termination arguments: true
Simplify supporting invariants: trueOverapproximate stem: false
[2019-05-02 19:56:13,447 INFO  L339   nArgumentSynthesizer]: Template has degree 0.
[2019-05-02 19:56:13,447 INFO  L352   nArgumentSynthesizer]: There is no stem transition; disabling supporting invariant generation.
[2019-05-02 19:56:13,448 INFO  L205   nArgumentSynthesizer]: 1 stem disjuncts
[2019-05-02 19:56:13,448 INFO  L206   nArgumentSynthesizer]: 1 loop disjuncts
[2019-05-02 19:56:13,448 INFO  L207   nArgumentSynthesizer]: 4 template conjuncts.
[2019-05-02 19:56:13,452 INFO  L402   nArgumentSynthesizer]: We have 4 Motzkin's Theorem applications.
[2019-05-02 19:56:13,452 INFO  L403   nArgumentSynthesizer]: A total of 0 supporting invariants were added.
[2019-05-02 19:56:13,456 INFO  L530          LassoAnalysis]: Proving termination failed for this template and these settings.
[2019-05-02 19:56:13,471 INFO  L497          LassoAnalysis]: Using template '4-nested'.
No working directory specified, using /home/xuechao/xuechao/work/Lab/Termination/Lasso-Ranker/z3
Starting monitored process 7 with z3 -smt2 -in SMTLIB2_COMPLIANT=true (exit command is (exit), workingDir is null)
Waiting until toolchain timeout for monitored process 7 with z3 -smt2 -in SMTLIB2_COMPLIANT=true
[2019-05-02 19:56:13,476 INFO  L122   nArgumentSynthesizer]: Termination Analysis Settings:
Termination analysis: LINEAR_WITH_GUESSES
Number of strict supporting invariants: 1
Number of non-strict supporting invariants: 0
Consider only non-deceasing supporting invariants: true
Simplify termination arguments: true
Simplify supporting invariants: trueOverapproximate stem: false
[2019-05-02 19:56:13,477 INFO  L339   nArgumentSynthesizer]: Template has degree 0.
[2019-05-02 19:56:13,477 INFO  L352   nArgumentSynthesizer]: There is no stem transition; disabling supporting invariant generation.
[2019-05-02 19:56:13,478 INFO  L205   nArgumentSynthesizer]: 1 stem disjuncts
[2019-05-02 19:56:13,478 INFO  L206   nArgumentSynthesizer]: 1 loop disjuncts
[2019-05-02 19:56:13,478 INFO  L207   nArgumentSynthesizer]: 5 template conjuncts.
[2019-05-02 19:56:13,481 INFO  L402   nArgumentSynthesizer]: We have 5 Motzkin's Theorem applications.
[2019-05-02 19:56:13,481 INFO  L403   nArgumentSynthesizer]: A total of 0 supporting invariants were added.
[2019-05-02 19:56:13,487 INFO  L530          LassoAnalysis]: Proving termination failed for this template and these settings.
[2019-05-02 19:56:13,501 INFO  L497          LassoAnalysis]: Using template '2-phase'.
No working directory specified, using /home/xuechao/xuechao/work/Lab/Termination/Lasso-Ranker/z3
Starting monitored process 8 with z3 -smt2 -in SMTLIB2_COMPLIANT=true (exit command is (exit), workingDir is null)
Waiting until toolchain timeout for monitored process 8 with z3 -smt2 -in SMTLIB2_COMPLIANT=true
[2019-05-02 19:56:13,503 INFO  L122   nArgumentSynthesizer]: Termination Analysis Settings:
Termination analysis: LINEAR_WITH_GUESSES
Number of strict supporting invariants: 1
Number of non-strict supporting invariants: 0
Consider only non-deceasing supporting invariants: true
Simplify termination arguments: true
Simplify supporting invariants: trueOverapproximate stem: false
[2019-05-02 19:56:13,504 WARN  L334   nArgumentSynthesizer]: Using a linear SMT query and a templates of degree > 0, hence this method is incomplete.
[2019-05-02 19:56:13,505 INFO  L339   nArgumentSynthesizer]: Template has degree 1.
[2019-05-02 19:56:13,505 INFO  L352   nArgumentSynthesizer]: There is no stem transition; disabling supporting invariant generation.
[2019-05-02 19:56:13,505 INFO  L205   nArgumentSynthesizer]: 1 stem disjuncts
[2019-05-02 19:56:13,505 INFO  L206   nArgumentSynthesizer]: 1 loop disjuncts
[2019-05-02 19:56:13,505 INFO  L207   nArgumentSynthesizer]: 3 template conjuncts.
[2019-05-02 19:56:13,511 INFO  L402   nArgumentSynthesizer]: We have 3 Motzkin's Theorem applications.
[2019-05-02 19:56:13,511 INFO  L403   nArgumentSynthesizer]: A total of 0 supporting invariants were added.
[2019-05-02 19:56:13,594 INFO  L530          LassoAnalysis]: Proving termination failed for this template and these settings.
[2019-05-02 19:56:13,608 INFO  L497          LassoAnalysis]: Using template 'lex(affine, affine)'.
No working directory specified, using /home/xuechao/xuechao/work/Lab/Termination/Lasso-Ranker/z3
Starting monitored process 9 with z3 -smt2 -in SMTLIB2_COMPLIANT=true (exit command is (exit), workingDir is null)
Waiting until toolchain timeout for monitored process 9 with z3 -smt2 -in SMTLIB2_COMPLIANT=true
[2019-05-02 19:56:13,610 INFO  L122   nArgumentSynthesizer]: Termination Analysis Settings:
Termination analysis: LINEAR_WITH_GUESSES
Number of strict supporting invariants: 1
Number of non-strict supporting invariants: 0
Consider only non-deceasing supporting invariants: true
Simplify termination arguments: true
Simplify supporting invariants: trueOverapproximate stem: false
[2019-05-02 19:56:13,612 WARN  L334   nArgumentSynthesizer]: Using a linear SMT query and a templates of degree > 0, hence this method is incomplete.
[2019-05-02 19:56:13,613 INFO  L339   nArgumentSynthesizer]: Template has degree 5.
[2019-05-02 19:56:13,613 INFO  L352   nArgumentSynthesizer]: There is no stem transition; disabling supporting invariant generation.
[2019-05-02 19:56:13,613 INFO  L205   nArgumentSynthesizer]: 1 stem disjuncts
[2019-05-02 19:56:13,613 INFO  L206   nArgumentSynthesizer]: 1 loop disjuncts
[2019-05-02 19:56:13,613 INFO  L207   nArgumentSynthesizer]: 4 template conjuncts.
[2019-05-02 19:56:13,617 INFO  L402   nArgumentSynthesizer]: We have 4 Motzkin's Theorem applications.
[2019-05-02 19:56:13,618 INFO  L403   nArgumentSynthesizer]: A total of 0 supporting invariants were added.
[2019-05-02 19:56:13,682 INFO  L530          LassoAnalysis]: Proving termination failed for this template and these settings.
[2019-05-02 19:56:13,696 INFO  L497          LassoAnalysis]: Using template '2-piece'.
No working directory specified, using /home/xuechao/xuechao/work/Lab/Termination/Lasso-Ranker/z3
Starting monitored process 10 with z3 -smt2 -in SMTLIB2_COMPLIANT=true (exit command is (exit), workingDir is null)
Waiting until toolchain timeout for monitored process 10 with z3 -smt2 -in SMTLIB2_COMPLIANT=true
[2019-05-02 19:56:13,698 INFO  L122   nArgumentSynthesizer]: Termination Analysis Settings:
Termination analysis: LINEAR_WITH_GUESSES
Number of strict supporting invariants: 1
Number of non-strict supporting invariants: 0
Consider only non-deceasing supporting invariants: true
Simplify termination arguments: true
Simplify supporting invariants: trueOverapproximate stem: false
[2019-05-02 19:56:13,701 WARN  L334   nArgumentSynthesizer]: Using a linear SMT query and a templates of degree > 0, hence this method is incomplete.
[2019-05-02 19:56:13,702 INFO  L339   nArgumentSynthesizer]: Template has degree 7.
[2019-05-02 19:56:13,702 INFO  L352   nArgumentSynthesizer]: There is no stem transition; disabling supporting invariant generation.
[2019-05-02 19:56:13,702 INFO  L205   nArgumentSynthesizer]: 1 stem disjuncts
[2019-05-02 19:56:13,702 INFO  L206   nArgumentSynthesizer]: 1 loop disjuncts
[2019-05-02 19:56:13,702 INFO  L207   nArgumentSynthesizer]: 7 template conjuncts.
[2019-05-02 19:56:13,723 INFO  L402   nArgumentSynthesizer]: We have 7 Motzkin's Theorem applications.
[2019-05-02 19:56:13,723 INFO  L403   nArgumentSynthesizer]: A total of 0 supporting invariants were added.
[2019-05-02 19:56:16,870 INFO  L530          LassoAnalysis]: Proving termination failed for this template and these settings.
[2019-05-02 19:56:16,886 INFO  L497          LassoAnalysis]: Using template '2-parallel'.
No working directory specified, using /home/xuechao/xuechao/work/Lab/Termination/Lasso-Ranker/z3
Starting monitored process 11 with z3 -smt2 -in SMTLIB2_COMPLIANT=true (exit command is (exit), workingDir is null)
Waiting until toolchain timeout for monitored process 11 with z3 -smt2 -in SMTLIB2_COMPLIANT=true
[2019-05-02 19:56:16,889 INFO  L122   nArgumentSynthesizer]: Termination Analysis Settings:
Termination analysis: LINEAR_WITH_GUESSES
Number of strict supporting invariants: 1
Number of non-strict supporting invariants: 0
Consider only non-deceasing supporting invariants: true
Simplify termination arguments: true
Simplify supporting invariants: trueOverapproximate stem: false
[2019-05-02 19:56:16,890 WARN  L334   nArgumentSynthesizer]: Using a linear SMT query and a templates of degree > 0, hence this method is incomplete.
[2019-05-02 19:56:16,890 INFO  L339   nArgumentSynthesizer]: Template has degree 4.
[2019-05-02 19:56:16,890 INFO  L352   nArgumentSynthesizer]: There is no stem transition; disabling supporting invariant generation.
[2019-05-02 19:56:16,891 INFO  L205   nArgumentSynthesizer]: 1 stem disjuncts
[2019-05-02 19:56:16,891 INFO  L206   nArgumentSynthesizer]: 1 loop disjuncts
[2019-05-02 19:56:16,891 INFO  L207   nArgumentSynthesizer]: 6 template conjuncts.
[2019-05-02 19:56:16,896 INFO  L402   nArgumentSynthesizer]: We have 6 Motzkin's Theorem applications.
[2019-05-02 19:56:16,896 INFO  L403   nArgumentSynthesizer]: A total of 0 supporting invariants were added.
[2019-05-02 19:56:16,997 INFO  L530          LassoAnalysis]: Proving termination failed for this template and these settings.
[2019-05-02 19:56:17,014 INFO  L489     LassoRankerStarter]: LassoRanker could not prove termination or nontermination of the given linear lasso program.
Templates: AffineTemplate NestedTemplate NestedTemplate NestedTemplate MultiphaseTemplate ComposedLexicographicTemplate PiecewiseTemplate ParallelTemplate
[2019-05-02 19:56:17,014 INFO  L132        PluginConnector]: ------------------------ END LassoRanker----------------------------
[2019-05-02 19:56:17,015 INFO  L168              Benchmark]: Toolchain (without parser) took 4191.42 ms. Allocated memory is still 514.9 MB. Free memory was 475.0 MB in the beginning and 375.3 MB in the end (delta: 99.7 MB). Peak memory consumption was 99.7 MB. Max. memory is 11.5 GB.
[2019-05-02 19:56:17,016 INFO  L168              Benchmark]: Boogie PL CUP Parser took 0.11 ms. Allocated memory is still 514.9 MB. Free memory is still 476.4 MB. There was no memory consumed. Max. memory is 11.5 GB.
[2019-05-02 19:56:17,017 INFO  L168              Benchmark]: Boogie Preprocessor took 28.89 ms. Allocated memory is still 514.9 MB. Free memory was 475.0 MB in the beginning and 472.3 MB in the end (delta: 2.7 MB). Peak memory consumption was 2.7 MB. Max. memory is 11.5 GB.
[2019-05-02 19:56:17,018 INFO  L168              Benchmark]: RCFGBuilder took 134.07 ms. Allocated memory is still 514.9 MB. Free memory was 472.3 MB in the beginning and 462.7 MB in the end (delta: 9.6 MB). Peak memory consumption was 9.6 MB. Max. memory is 11.5 GB.
[2019-05-02 19:56:17,018 INFO  L168              Benchmark]: LassoRanker took 4026.26 ms. Allocated memory is still 514.9 MB. Free memory was 462.7 MB in the beginning and 375.3 MB in the end (delta: 87.4 MB). Peak memory consumption was 87.4 MB. Max. memory is 11.5 GB.
[2019-05-02 19:56:17,021 INFO  L336   ainManager$Toolchain]: #######################  End [Toolchain 1] #######################
 --- Results ---
 * Results from de.uni_freiburg.informatik.ultimate.core:
  - StatisticsResult: Toolchain Benchmarks
    Benchmark results are:
 * Boogie PL CUP Parser took 0.11 ms. Allocated memory is still 514.9 MB. Free memory is still 476.4 MB. There was no memory consumed. Max. memory is 11.5 GB.
 * Boogie Preprocessor took 28.89 ms. Allocated memory is still 514.9 MB. Free memory was 475.0 MB in the beginning and 472.3 MB in the end (delta: 2.7 MB). Peak memory consumption was 2.7 MB. Max. memory is 11.5 GB.
 * RCFGBuilder took 134.07 ms. Allocated memory is still 514.9 MB. Free memory was 472.3 MB in the beginning and 462.7 MB in the end (delta: 9.6 MB). Peak memory consumption was 9.6 MB. Max. memory is 11.5 GB.
 * LassoRanker took 4026.26 ms. Allocated memory is still 514.9 MB. Free memory was 462.7 MB in the beginning and 375.3 MB in the end (delta: 87.4 MB). Peak memory consumption was 87.4 MB. Max. memory is 11.5 GB.
 * Results from de.uni_freiburg.informatik.ultimate.plugins.analysis.lassoranker:
  - NoResult [Line: 9]: LassoRanker could not prove termination
    LassoRanker could not prove termination or nontermination of the given linear lasso program.
Templates: AffineTemplate NestedTemplate NestedTemplate NestedTemplate MultiphaseTemplate ComposedLexicographicTemplate PiecewiseTemplate ParallelTemplate
RESULT: Ultimate could not prove your program: Toolchain returned no result.
Received shutdown request...
