This is Ultimate 0.1.24-16d85fa
[2019-05-02 19:56:18,503 INFO  L170        SettingsManager]: Resetting all preferences to default values...
[2019-05-02 19:56:18,504 INFO  L174        SettingsManager]: Resetting UltimateCore preferences to default values
[2019-05-02 19:56:18,514 INFO  L177        SettingsManager]: Ultimate Commandline Interface provides no preferences, ignoring...
[2019-05-02 19:56:18,514 INFO  L174        SettingsManager]: Resetting Boogie Preprocessor preferences to default values
[2019-05-02 19:56:18,515 INFO  L174        SettingsManager]: Resetting Boogie Procedure Inliner preferences to default values
[2019-05-02 19:56:18,516 INFO  L174        SettingsManager]: Resetting Abstract Interpretation preferences to default values
[2019-05-02 19:56:18,517 INFO  L174        SettingsManager]: Resetting LassoRanker preferences to default values
[2019-05-02 19:56:18,519 INFO  L174        SettingsManager]: Resetting Reaching Definitions preferences to default values
[2019-05-02 19:56:18,519 INFO  L174        SettingsManager]: Resetting SyntaxChecker preferences to default values
[2019-05-02 19:56:18,520 INFO  L177        SettingsManager]: Büchi Program Product provides no preferences, ignoring...
[2019-05-02 19:56:18,520 INFO  L174        SettingsManager]: Resetting LTL2Aut preferences to default values
[2019-05-02 19:56:18,521 INFO  L174        SettingsManager]: Resetting PEA to Boogie preferences to default values
[2019-05-02 19:56:18,521 INFO  L174        SettingsManager]: Resetting BlockEncodingV2 preferences to default values
[2019-05-02 19:56:18,522 INFO  L174        SettingsManager]: Resetting ChcToBoogie preferences to default values
[2019-05-02 19:56:18,522 INFO  L174        SettingsManager]: Resetting AutomataScriptInterpreter preferences to default values
[2019-05-02 19:56:18,523 INFO  L174        SettingsManager]: Resetting BuchiAutomizer preferences to default values
[2019-05-02 19:56:18,524 INFO  L174        SettingsManager]: Resetting CACSL2BoogieTranslator preferences to default values
[2019-05-02 19:56:18,526 INFO  L174        SettingsManager]: Resetting CodeCheck preferences to default values
[2019-05-02 19:56:18,527 INFO  L174        SettingsManager]: Resetting InvariantSynthesis preferences to default values
[2019-05-02 19:56:18,527 INFO  L174        SettingsManager]: Resetting RCFGBuilder preferences to default values
[2019-05-02 19:56:18,528 INFO  L174        SettingsManager]: Resetting TraceAbstraction preferences to default values
[2019-05-02 19:56:18,530 INFO  L177        SettingsManager]: TraceAbstractionConcurrent provides no preferences, ignoring...
[2019-05-02 19:56:18,530 INFO  L177        SettingsManager]: TraceAbstractionWithAFAs provides no preferences, ignoring...
[2019-05-02 19:56:18,530 INFO  L174        SettingsManager]: Resetting TreeAutomizer preferences to default values
[2019-05-02 19:56:18,531 INFO  L174        SettingsManager]: Resetting IcfgTransformer preferences to default values
[2019-05-02 19:56:18,532 INFO  L174        SettingsManager]: Resetting Boogie Printer preferences to default values
[2019-05-02 19:56:18,532 INFO  L174        SettingsManager]: Resetting ReqPrinter preferences to default values
[2019-05-02 19:56:18,533 INFO  L174        SettingsManager]: Resetting Witness Printer preferences to default values
[2019-05-02 19:56:18,534 INFO  L177        SettingsManager]: Boogie PL CUP Parser provides no preferences, ignoring...
[2019-05-02 19:56:18,534 INFO  L174        SettingsManager]: Resetting CDTParser preferences to default values
[2019-05-02 19:56:18,535 INFO  L177        SettingsManager]: AutomataScriptParser provides no preferences, ignoring...
[2019-05-02 19:56:18,535 INFO  L177        SettingsManager]: ReqParser provides no preferences, ignoring...
[2019-05-02 19:56:18,535 INFO  L174        SettingsManager]: Resetting SmtParser preferences to default values
[2019-05-02 19:56:18,535 INFO  L174        SettingsManager]: Resetting Witness Parser preferences to default values
[2019-05-02 19:56:18,536 INFO  L181        SettingsManager]: Finished resetting all preferences to default values...
[2019-05-02 19:56:18,552 INFO  L81    nceAwareModelManager]: Repository-Root is: /tmp
[2019-05-02 19:56:18,560 INFO  L258   ainManager$Toolchain]: [Toolchain 1]: Applicable parser(s) successfully (re)initialized
[2019-05-02 19:56:18,564 INFO  L214   ainManager$Toolchain]: [Toolchain 1]: Toolchain selected.
[2019-05-02 19:56:18,565 INFO  L271        PluginConnector]: Initializing Boogie PL CUP Parser...
[2019-05-02 19:56:18,566 INFO  L276        PluginConnector]: Boogie PL CUP Parser initialized
[2019-05-02 19:56:18,566 INFO  L418   ainManager$Toolchain]: [Toolchain 1]: Parsing single file: /home/xuechao/xuechao/work/Lab/Termination/Lasso-Ranker/Program_non/109.bpl
[2019-05-02 19:56:18,567 INFO  L111           BoogieParser]: Parsing: '/home/xuechao/xuechao/work/Lab/Termination/Lasso-Ranker/Program_non/109.bpl'
[2019-05-02 19:56:18,588 INFO  L296   ainManager$Toolchain]: ####################### [Toolchain 1] #######################
[2019-05-02 19:56:18,589 INFO  L131        ToolchainWalker]: Walking toolchain with 3 elements.
[2019-05-02 19:56:18,589 INFO  L113        PluginConnector]: ------------------------Boogie Preprocessor----------------------------
[2019-05-02 19:56:18,589 INFO  L271        PluginConnector]: Initializing Boogie Preprocessor...
[2019-05-02 19:56:18,590 INFO  L276        PluginConnector]: Boogie Preprocessor initialized
[2019-05-02 19:56:18,606 INFO  L185        PluginConnector]: Executing the observer EnsureBoogieModelObserver from plugin Boogie Preprocessor for "109.bpl de.uni_freiburg.informatik.ultimate.boogie.parser AST 02.05 07:56:18" (1/1) ...
[2019-05-02 19:56:18,607 INFO  L185        PluginConnector]: Executing the observer TypeChecker from plugin Boogie Preprocessor for "109.bpl de.uni_freiburg.informatik.ultimate.boogie.parser AST 02.05 07:56:18" (1/1) ...
[2019-05-02 19:56:18,612 INFO  L185        PluginConnector]: Executing the observer ConstExpander from plugin Boogie Preprocessor for "109.bpl de.uni_freiburg.informatik.ultimate.boogie.parser AST 02.05 07:56:18" (1/1) ...
[2019-05-02 19:56:18,612 INFO  L185        PluginConnector]: Executing the observer StructExpander from plugin Boogie Preprocessor for "109.bpl de.uni_freiburg.informatik.ultimate.boogie.parser AST 02.05 07:56:18" (1/1) ...
[2019-05-02 19:56:18,614 INFO  L185        PluginConnector]: Executing the observer UnstructureCode from plugin Boogie Preprocessor for "109.bpl de.uni_freiburg.informatik.ultimate.boogie.parser AST 02.05 07:56:18" (1/1) ...
[2019-05-02 19:56:18,617 INFO  L185        PluginConnector]: Executing the observer FunctionInliner from plugin Boogie Preprocessor for "109.bpl de.uni_freiburg.informatik.ultimate.boogie.parser AST 02.05 07:56:18" (1/1) ...
[2019-05-02 19:56:18,617 INFO  L185        PluginConnector]: Executing the observer BoogieSymbolTableConstructor from plugin Boogie Preprocessor for "109.bpl de.uni_freiburg.informatik.ultimate.boogie.parser AST 02.05 07:56:18" (1/1) ...
[2019-05-02 19:56:18,618 INFO  L132        PluginConnector]: ------------------------ END Boogie Preprocessor----------------------------
[2019-05-02 19:56:18,619 INFO  L113        PluginConnector]: ------------------------RCFGBuilder----------------------------
[2019-05-02 19:56:18,619 INFO  L271        PluginConnector]: Initializing RCFGBuilder...
[2019-05-02 19:56:18,619 INFO  L276        PluginConnector]: RCFGBuilder initialized
[2019-05-02 19:56:18,620 INFO  L185        PluginConnector]: Executing the observer RCFGBuilderObserver from plugin RCFGBuilder for "109.bpl de.uni_freiburg.informatik.ultimate.boogie.parser AST 02.05 07:56:18" (1/1) ...
No working directory specified, using /home/xuechao/xuechao/work/Lab/Termination/Lasso-Ranker/z3
Starting monitored process 1 with z3 SMTLIB2_COMPLIANT=true -memory:1024 -smt2 -in -t:12000 (exit command is (exit), workingDir is null)
Waiting until toolchain timeout for monitored process 1 with z3 SMTLIB2_COMPLIANT=true -memory:1024 -smt2 -in -t:12000
[2019-05-02 19:56:18,659 INFO  L124     BoogieDeclarations]: Specification and implementation of procedure main given in one single declaration
[2019-05-02 19:56:18,659 INFO  L130     BoogieDeclarations]: Found specification of procedure main
[2019-05-02 19:56:18,659 INFO  L138     BoogieDeclarations]: Found implementation of procedure main
[2019-05-02 19:56:18,743 INFO  L278             CfgBuilder]: Using library mode
[2019-05-02 19:56:18,744 INFO  L286             CfgBuilder]: Removed 0 assue(true) statements.
[2019-05-02 19:56:18,744 INFO  L202        PluginConnector]: Adding new model 109.bpl de.uni_freiburg.informatik.ultimate.plugins.generator.rcfgbuilder CFG 02.05 07:56:18 BoogieIcfgContainer
[2019-05-02 19:56:18,745 INFO  L132        PluginConnector]: ------------------------ END RCFGBuilder----------------------------
[2019-05-02 19:56:18,745 INFO  L113        PluginConnector]: ------------------------LassoRanker----------------------------
[2019-05-02 19:56:18,745 INFO  L271        PluginConnector]: Initializing LassoRanker...
[2019-05-02 19:56:18,745 INFO  L276        PluginConnector]: LassoRanker initialized
[2019-05-02 19:56:18,746 INFO  L185        PluginConnector]: Executing the observer LassoRankerObserver from plugin LassoRanker for "109.bpl de.uni_freiburg.informatik.ultimate.plugins.generator.rcfgbuilder CFG 02.05 07:56:18" (1/1) ...
[2019-05-02 19:56:18,768 INFO  L72            BuchiIsEmpty]: Start buchiIsEmpty. Operand 2 states.
[2019-05-02 19:56:18,784 INFO  L131   ngComponentsAnalysis]: Automaton has 1 accepting balls. 1
[2019-05-02 19:56:18,785 INFO  L87            BuchiIsEmpty]: Finished buchiIsEmpty Result is false
[2019-05-02 19:56:18,785 INFO  L119           BuchiIsEmpty]: Starting construction of run
[2019-05-02 19:56:18,790 INFO  L104     BuchiDifferenceFKV]: Start buchiDifferenceFKV. First operand 2 states. Second operand 1 states.
[2019-05-02 19:56:18,799 INFO  L108     BuchiDifferenceFKV]: Finished buchiDifferenceFKV. First operand 2 states. Second operand 1 states. Result 3 states and 4 transitions. Complement of second has 2 states 2 powerset states0 rank states. The highest rank that occured is -1
[2019-05-02 19:56:18,799 INFO  L72            BuchiIsEmpty]: Start buchiIsEmpty. Operand 3 states and 4 transitions.
[2019-05-02 19:56:18,800 INFO  L131   ngComponentsAnalysis]: Automaton has 0 accepting balls. 0
[2019-05-02 19:56:18,800 INFO  L87            BuchiIsEmpty]: Finished buchiIsEmpty Result is true
[2019-05-02 19:56:18,849 INFO  L216          LassoAnalysis]: Preferences:
[2019-05-02 19:56:18,850 INFO  L124   ssoRankerPreferences]: Compute integeral hull: false
[2019-05-02 19:56:18,850 INFO  L125   ssoRankerPreferences]: Enable LassoPartitioneer: true
[2019-05-02 19:56:18,850 INFO  L126   ssoRankerPreferences]: Term annotations enabled: false
[2019-05-02 19:56:18,850 INFO  L127   ssoRankerPreferences]: Use exernal solver: true
[2019-05-02 19:56:18,850 INFO  L128   ssoRankerPreferences]: SMT solver command: z3 -smt2 -in SMTLIB2_COMPLIANT=true
[2019-05-02 19:56:18,850 INFO  L129   ssoRankerPreferences]: Dump SMT script to file: false
[2019-05-02 19:56:18,850 INFO  L130   ssoRankerPreferences]: Path of dumped script: .
[2019-05-02 19:56:18,851 INFO  L131   ssoRankerPreferences]: Filename of dumped script: LassoRankerScript
[2019-05-02 19:56:18,851 INFO  L132   ssoRankerPreferences]: MapElimAlgo: Frank
[2019-05-02 19:56:18,851 INFO  L282          LassoAnalysis]: Starting lasso preprocessing...
[2019-05-02 19:56:18,867 INFO  L141          MapEliminator]: Using MapEliminator with SimplificationTechnique=SIMPLIFY_DDA XnfConversionTechnique=BOTTOM_UP_WITH_LOCAL_SIMPLIFICATION AddInequalities=false OnlyTrivialImplicationsArrayWrite=false OnlyTrivialImplicationsForModifiedArguments=true OnlyArgumentsInFormula=true
[2019-05-02 19:56:18,946 INFO  L300          LassoAnalysis]: Preprocessing complete.
[2019-05-02 19:56:18,947 INFO  L412          LassoAnalysis]: Checking for nontermination...
No working directory specified, using /home/xuechao/xuechao/work/Lab/Termination/Lasso-Ranker/z3
Starting monitored process 2 with z3 -smt2 -in SMTLIB2_COMPLIANT=true (exit command is (exit), workingDir is null)
Waiting until toolchain timeout for monitored process 2 with z3 -smt2 -in SMTLIB2_COMPLIANT=true
[2019-05-02 19:56:18,952 INFO  L151   nArgumentSynthesizer]: Nontermination analysis: LINEAR_WITH_GUESSES Allow bounded executions: true Number of generalized eigenvectors: 0 Nilpotent components: true
No working directory specified, using /home/xuechao/xuechao/work/Lab/Termination/Lasso-Ranker/z3
Starting monitored process 3 with z3 -smt2 -in SMTLIB2_COMPLIANT=true (exit command is (exit), workingDir is null)
Waiting until toolchain timeout for monitored process 3 with z3 -smt2 -in SMTLIB2_COMPLIANT=true
[2019-05-02 19:56:18,973 INFO  L151   nArgumentSynthesizer]: Nontermination analysis: LINEAR_WITH_GUESSES Allow bounded executions: true Number of generalized eigenvectors: 3 Nilpotent components: true
[2019-05-02 19:56:18,984 INFO  L452          LassoAnalysis]: Proving nontermination failed: No geometric nontermination argument exists.
[2019-05-02 19:56:18,999 INFO  L216          LassoAnalysis]: Preferences:
[2019-05-02 19:56:18,999 INFO  L124   ssoRankerPreferences]: Compute integeral hull: false
[2019-05-02 19:56:18,999 INFO  L125   ssoRankerPreferences]: Enable LassoPartitioneer: true
[2019-05-02 19:56:18,999 INFO  L126   ssoRankerPreferences]: Term annotations enabled: false
[2019-05-02 19:56:18,999 INFO  L127   ssoRankerPreferences]: Use exernal solver: true
[2019-05-02 19:56:18,999 INFO  L128   ssoRankerPreferences]: SMT solver command: z3 -smt2 -in SMTLIB2_COMPLIANT=true
[2019-05-02 19:56:18,999 INFO  L129   ssoRankerPreferences]: Dump SMT script to file: false
[2019-05-02 19:56:18,999 INFO  L130   ssoRankerPreferences]: Path of dumped script: .
[2019-05-02 19:56:18,999 INFO  L131   ssoRankerPreferences]: Filename of dumped script: LassoRankerScript
[2019-05-02 19:56:18,999 INFO  L132   ssoRankerPreferences]: MapElimAlgo: Frank
[2019-05-02 19:56:19,000 INFO  L282          LassoAnalysis]: Starting lasso preprocessing...
[2019-05-02 19:56:19,001 INFO  L141          MapEliminator]: Using MapEliminator with SimplificationTechnique=SIMPLIFY_DDA XnfConversionTechnique=BOTTOM_UP_WITH_LOCAL_SIMPLIFICATION AddInequalities=false OnlyTrivialImplicationsArrayWrite=false OnlyTrivialImplicationsForModifiedArguments=true OnlyArgumentsInFormula=true
[2019-05-02 19:56:19,094 INFO  L300          LassoAnalysis]: Preprocessing complete.
[2019-05-02 19:56:19,098 INFO  L497          LassoAnalysis]: Using template 'affine'.
No working directory specified, using /home/xuechao/xuechao/work/Lab/Termination/Lasso-Ranker/z3
Starting monitored process 4 with z3 -smt2 -in SMTLIB2_COMPLIANT=true (exit command is (exit), workingDir is null)
Waiting until toolchain timeout for monitored process 4 with z3 -smt2 -in SMTLIB2_COMPLIANT=true
[2019-05-02 19:56:19,104 INFO  L122   nArgumentSynthesizer]: Termination Analysis Settings:
Termination analysis: LINEAR_WITH_GUESSES
Number of strict supporting invariants: 1
Number of non-strict supporting invariants: 0
Consider only non-deceasing supporting invariants: true
Simplify termination arguments: true
Simplify supporting invariants: trueOverapproximate stem: false
[2019-05-02 19:56:19,105 INFO  L339   nArgumentSynthesizer]: Template has degree 0.
[2019-05-02 19:56:19,105 INFO  L352   nArgumentSynthesizer]: There is no stem transition; disabling supporting invariant generation.
[2019-05-02 19:56:19,106 INFO  L205   nArgumentSynthesizer]: 1 stem disjuncts
[2019-05-02 19:56:19,106 INFO  L206   nArgumentSynthesizer]: 1 loop disjuncts
[2019-05-02 19:56:19,106 INFO  L207   nArgumentSynthesizer]: 2 template conjuncts.
[2019-05-02 19:56:19,109 INFO  L402   nArgumentSynthesizer]: We have 2 Motzkin's Theorem applications.
[2019-05-02 19:56:19,109 INFO  L403   nArgumentSynthesizer]: A total of 0 supporting invariants were added.
[2019-05-02 19:56:19,112 INFO  L530          LassoAnalysis]: Proving termination failed for this template and these settings.
[2019-05-02 19:56:19,126 INFO  L497          LassoAnalysis]: Using template '2-nested'.
No working directory specified, using /home/xuechao/xuechao/work/Lab/Termination/Lasso-Ranker/z3
Starting monitored process 5 with z3 -smt2 -in SMTLIB2_COMPLIANT=true (exit command is (exit), workingDir is null)
Waiting until toolchain timeout for monitored process 5 with z3 -smt2 -in SMTLIB2_COMPLIANT=true
[2019-05-02 19:56:19,128 INFO  L122   nArgumentSynthesizer]: Termination Analysis Settings:
Termination analysis: LINEAR_WITH_GUESSES
Number of strict supporting invariants: 1
Number of non-strict supporting invariants: 0
Consider only non-deceasing supporting invariants: true
Simplify termination arguments: true
Simplify supporting invariants: trueOverapproximate stem: false
[2019-05-02 19:56:19,130 INFO  L339   nArgumentSynthesizer]: Template has degree 0.
[2019-05-02 19:56:19,130 INFO  L352   nArgumentSynthesizer]: There is no stem transition; disabling supporting invariant generation.
[2019-05-02 19:56:19,130 INFO  L205   nArgumentSynthesizer]: 1 stem disjuncts
[2019-05-02 19:56:19,130 INFO  L206   nArgumentSynthesizer]: 1 loop disjuncts
[2019-05-02 19:56:19,130 INFO  L207   nArgumentSynthesizer]: 3 template conjuncts.
[2019-05-02 19:56:19,133 INFO  L402   nArgumentSynthesizer]: We have 3 Motzkin's Theorem applications.
[2019-05-02 19:56:19,133 INFO  L403   nArgumentSynthesizer]: A total of 0 supporting invariants were added.
[2019-05-02 19:56:19,136 INFO  L530          LassoAnalysis]: Proving termination failed for this template and these settings.
[2019-05-02 19:56:19,149 INFO  L497          LassoAnalysis]: Using template '3-nested'.
No working directory specified, using /home/xuechao/xuechao/work/Lab/Termination/Lasso-Ranker/z3
Starting monitored process 6 with z3 -smt2 -in SMTLIB2_COMPLIANT=true (exit command is (exit), workingDir is null)
Waiting until toolchain timeout for monitored process 6 with z3 -smt2 -in SMTLIB2_COMPLIANT=true
[2019-05-02 19:56:19,154 INFO  L122   nArgumentSynthesizer]: Termination Analysis Settings:
Termination analysis: LINEAR_WITH_GUESSES
Number of strict supporting invariants: 1
Number of non-strict supporting invariants: 0
Consider only non-deceasing supporting invariants: true
Simplify termination arguments: true
Simplify supporting invariants: trueOverapproximate stem: false
[2019-05-02 19:56:19,156 INFO  L339   nArgumentSynthesizer]: Template has degree 0.
[2019-05-02 19:56:19,156 INFO  L352   nArgumentSynthesizer]: There is no stem transition; disabling supporting invariant generation.
[2019-05-02 19:56:19,157 INFO  L205   nArgumentSynthesizer]: 1 stem disjuncts
[2019-05-02 19:56:19,157 INFO  L206   nArgumentSynthesizer]: 1 loop disjuncts
[2019-05-02 19:56:19,157 INFO  L207   nArgumentSynthesizer]: 4 template conjuncts.
[2019-05-02 19:56:19,163 INFO  L402   nArgumentSynthesizer]: We have 4 Motzkin's Theorem applications.
[2019-05-02 19:56:19,163 INFO  L403   nArgumentSynthesizer]: A total of 0 supporting invariants were added.
[2019-05-02 19:56:19,167 INFO  L530          LassoAnalysis]: Proving termination failed for this template and these settings.
[2019-05-02 19:56:19,181 INFO  L497          LassoAnalysis]: Using template '4-nested'.
No working directory specified, using /home/xuechao/xuechao/work/Lab/Termination/Lasso-Ranker/z3
Starting monitored process 7 with z3 -smt2 -in SMTLIB2_COMPLIANT=true (exit command is (exit), workingDir is null)
Waiting until toolchain timeout for monitored process 7 with z3 -smt2 -in SMTLIB2_COMPLIANT=true
[2019-05-02 19:56:19,184 INFO  L122   nArgumentSynthesizer]: Termination Analysis Settings:
Termination analysis: LINEAR_WITH_GUESSES
Number of strict supporting invariants: 1
Number of non-strict supporting invariants: 0
Consider only non-deceasing supporting invariants: true
Simplify termination arguments: true
Simplify supporting invariants: trueOverapproximate stem: false
[2019-05-02 19:56:19,185 INFO  L339   nArgumentSynthesizer]: Template has degree 0.
[2019-05-02 19:56:19,186 INFO  L352   nArgumentSynthesizer]: There is no stem transition; disabling supporting invariant generation.
[2019-05-02 19:56:19,186 INFO  L205   nArgumentSynthesizer]: 1 stem disjuncts
[2019-05-02 19:56:19,186 INFO  L206   nArgumentSynthesizer]: 1 loop disjuncts
[2019-05-02 19:56:19,187 INFO  L207   nArgumentSynthesizer]: 5 template conjuncts.
[2019-05-02 19:56:19,190 INFO  L402   nArgumentSynthesizer]: We have 5 Motzkin's Theorem applications.
[2019-05-02 19:56:19,190 INFO  L403   nArgumentSynthesizer]: A total of 0 supporting invariants were added.
[2019-05-02 19:56:19,193 INFO  L530          LassoAnalysis]: Proving termination failed for this template and these settings.
[2019-05-02 19:56:19,207 INFO  L497          LassoAnalysis]: Using template '2-phase'.
No working directory specified, using /home/xuechao/xuechao/work/Lab/Termination/Lasso-Ranker/z3
Starting monitored process 8 with z3 -smt2 -in SMTLIB2_COMPLIANT=true (exit command is (exit), workingDir is null)
Waiting until toolchain timeout for monitored process 8 with z3 -smt2 -in SMTLIB2_COMPLIANT=true
[2019-05-02 19:56:19,209 INFO  L122   nArgumentSynthesizer]: Termination Analysis Settings:
Termination analysis: LINEAR_WITH_GUESSES
Number of strict supporting invariants: 1
Number of non-strict supporting invariants: 0
Consider only non-deceasing supporting invariants: true
Simplify termination arguments: true
Simplify supporting invariants: trueOverapproximate stem: false
[2019-05-02 19:56:19,210 WARN  L334   nArgumentSynthesizer]: Using a linear SMT query and a templates of degree > 0, hence this method is incomplete.
[2019-05-02 19:56:19,211 INFO  L339   nArgumentSynthesizer]: Template has degree 1.
[2019-05-02 19:56:19,211 INFO  L352   nArgumentSynthesizer]: There is no stem transition; disabling supporting invariant generation.
[2019-05-02 19:56:19,211 INFO  L205   nArgumentSynthesizer]: 1 stem disjuncts
[2019-05-02 19:56:19,211 INFO  L206   nArgumentSynthesizer]: 1 loop disjuncts
[2019-05-02 19:56:19,211 INFO  L207   nArgumentSynthesizer]: 3 template conjuncts.
[2019-05-02 19:56:19,215 INFO  L402   nArgumentSynthesizer]: We have 3 Motzkin's Theorem applications.
[2019-05-02 19:56:19,215 INFO  L403   nArgumentSynthesizer]: A total of 0 supporting invariants were added.
[2019-05-02 19:56:19,228 INFO  L530          LassoAnalysis]: Proving termination failed for this template and these settings.
[2019-05-02 19:56:19,242 INFO  L497          LassoAnalysis]: Using template 'lex(affine, affine)'.
No working directory specified, using /home/xuechao/xuechao/work/Lab/Termination/Lasso-Ranker/z3
Starting monitored process 9 with z3 -smt2 -in SMTLIB2_COMPLIANT=true (exit command is (exit), workingDir is null)
Waiting until toolchain timeout for monitored process 9 with z3 -smt2 -in SMTLIB2_COMPLIANT=true
[2019-05-02 19:56:19,245 INFO  L122   nArgumentSynthesizer]: Termination Analysis Settings:
Termination analysis: LINEAR_WITH_GUESSES
Number of strict supporting invariants: 1
Number of non-strict supporting invariants: 0
Consider only non-deceasing supporting invariants: true
Simplify termination arguments: true
Simplify supporting invariants: trueOverapproximate stem: false
[2019-05-02 19:56:19,247 WARN  L334   nArgumentSynthesizer]: Using a linear SMT query and a templates of degree > 0, hence this method is incomplete.
[2019-05-02 19:56:19,247 INFO  L339   nArgumentSynthesizer]: Template has degree 5.
[2019-05-02 19:56:19,247 INFO  L352   nArgumentSynthesizer]: There is no stem transition; disabling supporting invariant generation.
[2019-05-02 19:56:19,248 INFO  L205   nArgumentSynthesizer]: 1 stem disjuncts
[2019-05-02 19:56:19,248 INFO  L206   nArgumentSynthesizer]: 1 loop disjuncts
[2019-05-02 19:56:19,248 INFO  L207   nArgumentSynthesizer]: 4 template conjuncts.
[2019-05-02 19:56:19,256 INFO  L402   nArgumentSynthesizer]: We have 4 Motzkin's Theorem applications.
[2019-05-02 19:56:19,257 INFO  L403   nArgumentSynthesizer]: A total of 0 supporting invariants were added.
[2019-05-02 19:56:19,274 INFO  L530          LassoAnalysis]: Proving termination failed for this template and these settings.
[2019-05-02 19:56:19,289 INFO  L497          LassoAnalysis]: Using template '2-piece'.
No working directory specified, using /home/xuechao/xuechao/work/Lab/Termination/Lasso-Ranker/z3
Starting monitored process 10 with z3 -smt2 -in SMTLIB2_COMPLIANT=true (exit command is (exit), workingDir is null)
Waiting until toolchain timeout for monitored process 10 with z3 -smt2 -in SMTLIB2_COMPLIANT=true
[2019-05-02 19:56:19,291 INFO  L122   nArgumentSynthesizer]: Termination Analysis Settings:
Termination analysis: LINEAR_WITH_GUESSES
Number of strict supporting invariants: 1
Number of non-strict supporting invariants: 0
Consider only non-deceasing supporting invariants: true
Simplify termination arguments: true
Simplify supporting invariants: trueOverapproximate stem: false
[2019-05-02 19:56:19,293 WARN  L334   nArgumentSynthesizer]: Using a linear SMT query and a templates of degree > 0, hence this method is incomplete.
[2019-05-02 19:56:19,293 INFO  L339   nArgumentSynthesizer]: Template has degree 7.
[2019-05-02 19:56:19,293 INFO  L352   nArgumentSynthesizer]: There is no stem transition; disabling supporting invariant generation.
[2019-05-02 19:56:19,294 INFO  L205   nArgumentSynthesizer]: 1 stem disjuncts
[2019-05-02 19:56:19,294 INFO  L206   nArgumentSynthesizer]: 1 loop disjuncts
[2019-05-02 19:56:19,294 INFO  L207   nArgumentSynthesizer]: 7 template conjuncts.
[2019-05-02 19:56:19,306 INFO  L402   nArgumentSynthesizer]: We have 7 Motzkin's Theorem applications.
[2019-05-02 19:56:19,306 INFO  L403   nArgumentSynthesizer]: A total of 0 supporting invariants were added.
[2019-05-02 19:56:19,507 INFO  L530          LassoAnalysis]: Proving termination failed for this template and these settings.
[2019-05-02 19:56:19,521 INFO  L497          LassoAnalysis]: Using template '2-parallel'.
No working directory specified, using /home/xuechao/xuechao/work/Lab/Termination/Lasso-Ranker/z3
Starting monitored process 11 with z3 -smt2 -in SMTLIB2_COMPLIANT=true (exit command is (exit), workingDir is null)
Waiting until toolchain timeout for monitored process 11 with z3 -smt2 -in SMTLIB2_COMPLIANT=true
[2019-05-02 19:56:19,523 INFO  L122   nArgumentSynthesizer]: Termination Analysis Settings:
Termination analysis: LINEAR_WITH_GUESSES
Number of strict supporting invariants: 1
Number of non-strict supporting invariants: 0
Consider only non-deceasing supporting invariants: true
Simplify termination arguments: true
Simplify supporting invariants: trueOverapproximate stem: false
[2019-05-02 19:56:19,525 WARN  L334   nArgumentSynthesizer]: Using a linear SMT query and a templates of degree > 0, hence this method is incomplete.
[2019-05-02 19:56:19,525 INFO  L339   nArgumentSynthesizer]: Template has degree 4.
[2019-05-02 19:56:19,525 INFO  L352   nArgumentSynthesizer]: There is no stem transition; disabling supporting invariant generation.
[2019-05-02 19:56:19,526 INFO  L205   nArgumentSynthesizer]: 1 stem disjuncts
[2019-05-02 19:56:19,526 INFO  L206   nArgumentSynthesizer]: 1 loop disjuncts
[2019-05-02 19:56:19,526 INFO  L207   nArgumentSynthesizer]: 6 template conjuncts.
[2019-05-02 19:56:19,530 INFO  L402   nArgumentSynthesizer]: We have 6 Motzkin's Theorem applications.
[2019-05-02 19:56:19,530 INFO  L403   nArgumentSynthesizer]: A total of 0 supporting invariants were added.
[2019-05-02 19:56:19,557 INFO  L530          LassoAnalysis]: Proving termination failed for this template and these settings.
[2019-05-02 19:56:19,573 INFO  L489     LassoRankerStarter]: LassoRanker could not prove termination or nontermination of the given linear lasso program.
Templates: AffineTemplate NestedTemplate NestedTemplate NestedTemplate MultiphaseTemplate ComposedLexicographicTemplate PiecewiseTemplate ParallelTemplate
[2019-05-02 19:56:19,574 INFO  L132        PluginConnector]: ------------------------ END LassoRanker----------------------------
[2019-05-02 19:56:19,574 INFO  L168              Benchmark]: Toolchain (without parser) took 986.28 ms. Allocated memory is still 514.9 MB. Free memory was 477.6 MB in the beginning and 394.4 MB in the end (delta: 83.2 MB). Peak memory consumption was 83.2 MB. Max. memory is 11.5 GB.
[2019-05-02 19:56:19,576 INFO  L168              Benchmark]: Boogie PL CUP Parser took 0.12 ms. Allocated memory is still 514.9 MB. Free memory is still 479.1 MB. There was no memory consumed. Max. memory is 11.5 GB.
[2019-05-02 19:56:19,577 INFO  L168              Benchmark]: Boogie Preprocessor took 29.01 ms. Allocated memory is still 514.9 MB. Free memory was 477.6 MB in the beginning and 475.0 MB in the end (delta: 2.7 MB). Peak memory consumption was 2.7 MB. Max. memory is 11.5 GB.
[2019-05-02 19:56:19,577 INFO  L168              Benchmark]: RCFGBuilder took 126.05 ms. Allocated memory is still 514.9 MB. Free memory was 475.0 MB in the beginning and 465.4 MB in the end (delta: 9.6 MB). Peak memory consumption was 9.6 MB. Max. memory is 11.5 GB.
[2019-05-02 19:56:19,578 INFO  L168              Benchmark]: LassoRanker took 828.99 ms. Allocated memory is still 514.9 MB. Free memory was 465.4 MB in the beginning and 394.4 MB in the end (delta: 71.0 MB). Peak memory consumption was 71.0 MB. Max. memory is 11.5 GB.
[2019-05-02 19:56:19,581 INFO  L336   ainManager$Toolchain]: #######################  End [Toolchain 1] #######################
 --- Results ---
 * Results from de.uni_freiburg.informatik.ultimate.core:
  - StatisticsResult: Toolchain Benchmarks
    Benchmark results are:
 * Boogie PL CUP Parser took 0.12 ms. Allocated memory is still 514.9 MB. Free memory is still 479.1 MB. There was no memory consumed. Max. memory is 11.5 GB.
 * Boogie Preprocessor took 29.01 ms. Allocated memory is still 514.9 MB. Free memory was 477.6 MB in the beginning and 475.0 MB in the end (delta: 2.7 MB). Peak memory consumption was 2.7 MB. Max. memory is 11.5 GB.
 * RCFGBuilder took 126.05 ms. Allocated memory is still 514.9 MB. Free memory was 475.0 MB in the beginning and 465.4 MB in the end (delta: 9.6 MB). Peak memory consumption was 9.6 MB. Max. memory is 11.5 GB.
 * LassoRanker took 828.99 ms. Allocated memory is still 514.9 MB. Free memory was 465.4 MB in the beginning and 394.4 MB in the end (delta: 71.0 MB). Peak memory consumption was 71.0 MB. Max. memory is 11.5 GB.
 * Results from de.uni_freiburg.informatik.ultimate.plugins.analysis.lassoranker:
  - NoResult [Line: 15]: LassoRanker could not prove termination
    LassoRanker could not prove termination or nontermination of the given linear lasso program.
Templates: AffineTemplate NestedTemplate NestedTemplate NestedTemplate MultiphaseTemplate ComposedLexicographicTemplate PiecewiseTemplate ParallelTemplate
RESULT: Ultimate could not prove your program: Toolchain returned no result.
Received shutdown request...
