This is Ultimate 0.1.24-16d85fa
[2019-05-02 19:56:23,061 INFO  L170        SettingsManager]: Resetting all preferences to default values...
[2019-05-02 19:56:23,062 INFO  L174        SettingsManager]: Resetting UltimateCore preferences to default values
[2019-05-02 19:56:23,071 INFO  L177        SettingsManager]: Ultimate Commandline Interface provides no preferences, ignoring...
[2019-05-02 19:56:23,072 INFO  L174        SettingsManager]: Resetting Boogie Preprocessor preferences to default values
[2019-05-02 19:56:23,072 INFO  L174        SettingsManager]: Resetting Boogie Procedure Inliner preferences to default values
[2019-05-02 19:56:23,073 INFO  L174        SettingsManager]: Resetting Abstract Interpretation preferences to default values
[2019-05-02 19:56:23,075 INFO  L174        SettingsManager]: Resetting LassoRanker preferences to default values
[2019-05-02 19:56:23,076 INFO  L174        SettingsManager]: Resetting Reaching Definitions preferences to default values
[2019-05-02 19:56:23,077 INFO  L174        SettingsManager]: Resetting SyntaxChecker preferences to default values
[2019-05-02 19:56:23,077 INFO  L177        SettingsManager]: Büchi Program Product provides no preferences, ignoring...
[2019-05-02 19:56:23,078 INFO  L174        SettingsManager]: Resetting LTL2Aut preferences to default values
[2019-05-02 19:56:23,078 INFO  L174        SettingsManager]: Resetting PEA to Boogie preferences to default values
[2019-05-02 19:56:23,079 INFO  L174        SettingsManager]: Resetting BlockEncodingV2 preferences to default values
[2019-05-02 19:56:23,080 INFO  L174        SettingsManager]: Resetting ChcToBoogie preferences to default values
[2019-05-02 19:56:23,080 INFO  L174        SettingsManager]: Resetting AutomataScriptInterpreter preferences to default values
[2019-05-02 19:56:23,081 INFO  L174        SettingsManager]: Resetting BuchiAutomizer preferences to default values
[2019-05-02 19:56:23,082 INFO  L174        SettingsManager]: Resetting CACSL2BoogieTranslator preferences to default values
[2019-05-02 19:56:23,083 INFO  L174        SettingsManager]: Resetting CodeCheck preferences to default values
[2019-05-02 19:56:23,084 INFO  L174        SettingsManager]: Resetting InvariantSynthesis preferences to default values
[2019-05-02 19:56:23,085 INFO  L174        SettingsManager]: Resetting RCFGBuilder preferences to default values
[2019-05-02 19:56:23,086 INFO  L174        SettingsManager]: Resetting TraceAbstraction preferences to default values
[2019-05-02 19:56:23,087 INFO  L177        SettingsManager]: TraceAbstractionConcurrent provides no preferences, ignoring...
[2019-05-02 19:56:23,088 INFO  L177        SettingsManager]: TraceAbstractionWithAFAs provides no preferences, ignoring...
[2019-05-02 19:56:23,088 INFO  L174        SettingsManager]: Resetting TreeAutomizer preferences to default values
[2019-05-02 19:56:23,088 INFO  L174        SettingsManager]: Resetting IcfgTransformer preferences to default values
[2019-05-02 19:56:23,089 INFO  L174        SettingsManager]: Resetting Boogie Printer preferences to default values
[2019-05-02 19:56:23,090 INFO  L174        SettingsManager]: Resetting ReqPrinter preferences to default values
[2019-05-02 19:56:23,090 INFO  L174        SettingsManager]: Resetting Witness Printer preferences to default values
[2019-05-02 19:56:23,091 INFO  L177        SettingsManager]: Boogie PL CUP Parser provides no preferences, ignoring...
[2019-05-02 19:56:23,091 INFO  L174        SettingsManager]: Resetting CDTParser preferences to default values
[2019-05-02 19:56:23,092 INFO  L177        SettingsManager]: AutomataScriptParser provides no preferences, ignoring...
[2019-05-02 19:56:23,092 INFO  L177        SettingsManager]: ReqParser provides no preferences, ignoring...
[2019-05-02 19:56:23,092 INFO  L174        SettingsManager]: Resetting SmtParser preferences to default values
[2019-05-02 19:56:23,092 INFO  L174        SettingsManager]: Resetting Witness Parser preferences to default values
[2019-05-02 19:56:23,093 INFO  L181        SettingsManager]: Finished resetting all preferences to default values...
[2019-05-02 19:56:23,110 INFO  L81    nceAwareModelManager]: Repository-Root is: /tmp
[2019-05-02 19:56:23,118 INFO  L258   ainManager$Toolchain]: [Toolchain 1]: Applicable parser(s) successfully (re)initialized
[2019-05-02 19:56:23,121 INFO  L214   ainManager$Toolchain]: [Toolchain 1]: Toolchain selected.
[2019-05-02 19:56:23,122 INFO  L271        PluginConnector]: Initializing Boogie PL CUP Parser...
[2019-05-02 19:56:23,123 INFO  L276        PluginConnector]: Boogie PL CUP Parser initialized
[2019-05-02 19:56:23,123 INFO  L418   ainManager$Toolchain]: [Toolchain 1]: Parsing single file: /home/xuechao/xuechao/work/Lab/Termination/Lasso-Ranker/Program_non/112.bpl
[2019-05-02 19:56:23,124 INFO  L111           BoogieParser]: Parsing: '/home/xuechao/xuechao/work/Lab/Termination/Lasso-Ranker/Program_non/112.bpl'
[2019-05-02 19:56:23,145 INFO  L296   ainManager$Toolchain]: ####################### [Toolchain 1] #######################
[2019-05-02 19:56:23,146 INFO  L131        ToolchainWalker]: Walking toolchain with 3 elements.
[2019-05-02 19:56:23,146 INFO  L113        PluginConnector]: ------------------------Boogie Preprocessor----------------------------
[2019-05-02 19:56:23,146 INFO  L271        PluginConnector]: Initializing Boogie Preprocessor...
[2019-05-02 19:56:23,147 INFO  L276        PluginConnector]: Boogie Preprocessor initialized
[2019-05-02 19:56:23,163 INFO  L185        PluginConnector]: Executing the observer EnsureBoogieModelObserver from plugin Boogie Preprocessor for "112.bpl de.uni_freiburg.informatik.ultimate.boogie.parser AST 02.05 07:56:23" (1/1) ...
[2019-05-02 19:56:23,164 INFO  L185        PluginConnector]: Executing the observer TypeChecker from plugin Boogie Preprocessor for "112.bpl de.uni_freiburg.informatik.ultimate.boogie.parser AST 02.05 07:56:23" (1/1) ...
[2019-05-02 19:56:23,168 INFO  L185        PluginConnector]: Executing the observer ConstExpander from plugin Boogie Preprocessor for "112.bpl de.uni_freiburg.informatik.ultimate.boogie.parser AST 02.05 07:56:23" (1/1) ...
[2019-05-02 19:56:23,168 INFO  L185        PluginConnector]: Executing the observer StructExpander from plugin Boogie Preprocessor for "112.bpl de.uni_freiburg.informatik.ultimate.boogie.parser AST 02.05 07:56:23" (1/1) ...
[2019-05-02 19:56:23,170 INFO  L185        PluginConnector]: Executing the observer UnstructureCode from plugin Boogie Preprocessor for "112.bpl de.uni_freiburg.informatik.ultimate.boogie.parser AST 02.05 07:56:23" (1/1) ...
[2019-05-02 19:56:23,173 INFO  L185        PluginConnector]: Executing the observer FunctionInliner from plugin Boogie Preprocessor for "112.bpl de.uni_freiburg.informatik.ultimate.boogie.parser AST 02.05 07:56:23" (1/1) ...
[2019-05-02 19:56:23,173 INFO  L185        PluginConnector]: Executing the observer BoogieSymbolTableConstructor from plugin Boogie Preprocessor for "112.bpl de.uni_freiburg.informatik.ultimate.boogie.parser AST 02.05 07:56:23" (1/1) ...
[2019-05-02 19:56:23,174 INFO  L132        PluginConnector]: ------------------------ END Boogie Preprocessor----------------------------
[2019-05-02 19:56:23,175 INFO  L113        PluginConnector]: ------------------------RCFGBuilder----------------------------
[2019-05-02 19:56:23,175 INFO  L271        PluginConnector]: Initializing RCFGBuilder...
[2019-05-02 19:56:23,175 INFO  L276        PluginConnector]: RCFGBuilder initialized
[2019-05-02 19:56:23,176 INFO  L185        PluginConnector]: Executing the observer RCFGBuilderObserver from plugin RCFGBuilder for "112.bpl de.uni_freiburg.informatik.ultimate.boogie.parser AST 02.05 07:56:23" (1/1) ...
No working directory specified, using /home/xuechao/xuechao/work/Lab/Termination/Lasso-Ranker/z3
Starting monitored process 1 with z3 SMTLIB2_COMPLIANT=true -memory:1024 -smt2 -in -t:12000 (exit command is (exit), workingDir is null)
Waiting until toolchain timeout for monitored process 1 with z3 SMTLIB2_COMPLIANT=true -memory:1024 -smt2 -in -t:12000
[2019-05-02 19:56:23,215 INFO  L124     BoogieDeclarations]: Specification and implementation of procedure main given in one single declaration
[2019-05-02 19:56:23,215 INFO  L130     BoogieDeclarations]: Found specification of procedure main
[2019-05-02 19:56:23,215 INFO  L138     BoogieDeclarations]: Found implementation of procedure main
[2019-05-02 19:56:23,296 INFO  L278             CfgBuilder]: Using library mode
[2019-05-02 19:56:23,297 INFO  L286             CfgBuilder]: Removed 0 assue(true) statements.
[2019-05-02 19:56:23,297 INFO  L202        PluginConnector]: Adding new model 112.bpl de.uni_freiburg.informatik.ultimate.plugins.generator.rcfgbuilder CFG 02.05 07:56:23 BoogieIcfgContainer
[2019-05-02 19:56:23,297 INFO  L132        PluginConnector]: ------------------------ END RCFGBuilder----------------------------
[2019-05-02 19:56:23,298 INFO  L113        PluginConnector]: ------------------------LassoRanker----------------------------
[2019-05-02 19:56:23,298 INFO  L271        PluginConnector]: Initializing LassoRanker...
[2019-05-02 19:56:23,298 INFO  L276        PluginConnector]: LassoRanker initialized
[2019-05-02 19:56:23,298 INFO  L185        PluginConnector]: Executing the observer LassoRankerObserver from plugin LassoRanker for "112.bpl de.uni_freiburg.informatik.ultimate.plugins.generator.rcfgbuilder CFG 02.05 07:56:23" (1/1) ...
[2019-05-02 19:56:23,320 INFO  L72            BuchiIsEmpty]: Start buchiIsEmpty. Operand 2 states.
[2019-05-02 19:56:23,336 INFO  L131   ngComponentsAnalysis]: Automaton has 1 accepting balls. 1
[2019-05-02 19:56:23,337 INFO  L87            BuchiIsEmpty]: Finished buchiIsEmpty Result is false
[2019-05-02 19:56:23,337 INFO  L119           BuchiIsEmpty]: Starting construction of run
[2019-05-02 19:56:23,342 INFO  L104     BuchiDifferenceFKV]: Start buchiDifferenceFKV. First operand 2 states. Second operand 1 states.
[2019-05-02 19:56:23,351 INFO  L108     BuchiDifferenceFKV]: Finished buchiDifferenceFKV. First operand 2 states. Second operand 1 states. Result 3 states and 4 transitions. Complement of second has 2 states 2 powerset states0 rank states. The highest rank that occured is -1
[2019-05-02 19:56:23,351 INFO  L72            BuchiIsEmpty]: Start buchiIsEmpty. Operand 3 states and 4 transitions.
[2019-05-02 19:56:23,351 INFO  L131   ngComponentsAnalysis]: Automaton has 0 accepting balls. 0
[2019-05-02 19:56:23,352 INFO  L87            BuchiIsEmpty]: Finished buchiIsEmpty Result is true
[2019-05-02 19:56:23,380 INFO  L216          LassoAnalysis]: Preferences:
[2019-05-02 19:56:23,381 INFO  L124   ssoRankerPreferences]: Compute integeral hull: false
[2019-05-02 19:56:23,381 INFO  L125   ssoRankerPreferences]: Enable LassoPartitioneer: true
[2019-05-02 19:56:23,381 INFO  L126   ssoRankerPreferences]: Term annotations enabled: false
[2019-05-02 19:56:23,382 INFO  L127   ssoRankerPreferences]: Use exernal solver: true
[2019-05-02 19:56:23,382 INFO  L128   ssoRankerPreferences]: SMT solver command: z3 -smt2 -in SMTLIB2_COMPLIANT=true
[2019-05-02 19:56:23,382 INFO  L129   ssoRankerPreferences]: Dump SMT script to file: false
[2019-05-02 19:56:23,382 INFO  L130   ssoRankerPreferences]: Path of dumped script: .
[2019-05-02 19:56:23,382 INFO  L131   ssoRankerPreferences]: Filename of dumped script: LassoRankerScript
[2019-05-02 19:56:23,382 INFO  L132   ssoRankerPreferences]: MapElimAlgo: Frank
[2019-05-02 19:56:23,382 INFO  L282          LassoAnalysis]: Starting lasso preprocessing...
[2019-05-02 19:56:23,397 INFO  L141          MapEliminator]: Using MapEliminator with SimplificationTechnique=SIMPLIFY_DDA XnfConversionTechnique=BOTTOM_UP_WITH_LOCAL_SIMPLIFICATION AddInequalities=false OnlyTrivialImplicationsArrayWrite=false OnlyTrivialImplicationsForModifiedArguments=true OnlyArgumentsInFormula=true
[2019-05-02 19:56:23,439 INFO  L300          LassoAnalysis]: Preprocessing complete.
[2019-05-02 19:56:23,440 INFO  L412          LassoAnalysis]: Checking for nontermination...
No working directory specified, using /home/xuechao/xuechao/work/Lab/Termination/Lasso-Ranker/z3
Starting monitored process 2 with z3 -smt2 -in SMTLIB2_COMPLIANT=true (exit command is (exit), workingDir is null)
Waiting until toolchain timeout for monitored process 2 with z3 -smt2 -in SMTLIB2_COMPLIANT=true
[2019-05-02 19:56:23,448 INFO  L151   nArgumentSynthesizer]: Nontermination analysis: LINEAR_WITH_GUESSES Allow bounded executions: true Number of generalized eigenvectors: 0 Nilpotent components: true
[2019-05-02 19:56:23,448 INFO  L163   nArgumentSynthesizer]: Using integer mode.
No working directory specified, using /home/xuechao/xuechao/work/Lab/Termination/Lasso-Ranker/z3
Starting monitored process 3 with z3 -smt2 -in SMTLIB2_COMPLIANT=true (exit command is (exit), workingDir is null)
Waiting until toolchain timeout for monitored process 3 with z3 -smt2 -in SMTLIB2_COMPLIANT=true
[2019-05-02 19:56:23,468 INFO  L151   nArgumentSynthesizer]: Nontermination analysis: LINEAR_WITH_GUESSES Allow bounded executions: true Number of generalized eigenvectors: 3 Nilpotent components: true
[2019-05-02 19:56:23,468 INFO  L163   nArgumentSynthesizer]: Using integer mode.
[2019-05-02 19:56:23,489 INFO  L452          LassoAnalysis]: Proving nontermination failed: No geometric nontermination argument exists.
[2019-05-02 19:56:23,491 INFO  L216          LassoAnalysis]: Preferences:
[2019-05-02 19:56:23,491 INFO  L124   ssoRankerPreferences]: Compute integeral hull: false
[2019-05-02 19:56:23,491 INFO  L125   ssoRankerPreferences]: Enable LassoPartitioneer: true
[2019-05-02 19:56:23,491 INFO  L126   ssoRankerPreferences]: Term annotations enabled: false
[2019-05-02 19:56:23,491 INFO  L127   ssoRankerPreferences]: Use exernal solver: true
[2019-05-02 19:56:23,491 INFO  L128   ssoRankerPreferences]: SMT solver command: z3 -smt2 -in SMTLIB2_COMPLIANT=true
[2019-05-02 19:56:23,491 INFO  L129   ssoRankerPreferences]: Dump SMT script to file: false
[2019-05-02 19:56:23,491 INFO  L130   ssoRankerPreferences]: Path of dumped script: .
[2019-05-02 19:56:23,492 INFO  L131   ssoRankerPreferences]: Filename of dumped script: LassoRankerScript
[2019-05-02 19:56:23,492 INFO  L132   ssoRankerPreferences]: MapElimAlgo: Frank
[2019-05-02 19:56:23,492 INFO  L282          LassoAnalysis]: Starting lasso preprocessing...
[2019-05-02 19:56:23,493 INFO  L141          MapEliminator]: Using MapEliminator with SimplificationTechnique=SIMPLIFY_DDA XnfConversionTechnique=BOTTOM_UP_WITH_LOCAL_SIMPLIFICATION AddInequalities=false OnlyTrivialImplicationsArrayWrite=false OnlyTrivialImplicationsForModifiedArguments=true OnlyArgumentsInFormula=true
[2019-05-02 19:56:23,525 INFO  L300          LassoAnalysis]: Preprocessing complete.
[2019-05-02 19:56:23,530 INFO  L497          LassoAnalysis]: Using template 'affine'.
No working directory specified, using /home/xuechao/xuechao/work/Lab/Termination/Lasso-Ranker/z3
Starting monitored process 4 with z3 -smt2 -in SMTLIB2_COMPLIANT=true (exit command is (exit), workingDir is null)
Waiting until toolchain timeout for monitored process 4 with z3 -smt2 -in SMTLIB2_COMPLIANT=true
[2019-05-02 19:56:23,536 INFO  L122   nArgumentSynthesizer]: Termination Analysis Settings:
Termination analysis: LINEAR_WITH_GUESSES
Number of strict supporting invariants: 1
Number of non-strict supporting invariants: 0
Consider only non-deceasing supporting invariants: true
Simplify termination arguments: true
Simplify supporting invariants: trueOverapproximate stem: false
[2019-05-02 19:56:23,538 INFO  L339   nArgumentSynthesizer]: Template has degree 0.
[2019-05-02 19:56:23,538 INFO  L352   nArgumentSynthesizer]: There is no stem transition; disabling supporting invariant generation.
[2019-05-02 19:56:23,539 INFO  L205   nArgumentSynthesizer]: 1 stem disjuncts
[2019-05-02 19:56:23,539 INFO  L206   nArgumentSynthesizer]: 1 loop disjuncts
[2019-05-02 19:56:23,539 INFO  L207   nArgumentSynthesizer]: 2 template conjuncts.
[2019-05-02 19:56:23,542 INFO  L402   nArgumentSynthesizer]: We have 2 Motzkin's Theorem applications.
[2019-05-02 19:56:23,542 INFO  L403   nArgumentSynthesizer]: A total of 0 supporting invariants were added.
[2019-05-02 19:56:23,544 INFO  L530          LassoAnalysis]: Proving termination failed for this template and these settings.
[2019-05-02 19:56:23,559 INFO  L497          LassoAnalysis]: Using template '2-nested'.
No working directory specified, using /home/xuechao/xuechao/work/Lab/Termination/Lasso-Ranker/z3
Starting monitored process 5 with z3 -smt2 -in SMTLIB2_COMPLIANT=true (exit command is (exit), workingDir is null)
Waiting until toolchain timeout for monitored process 5 with z3 -smt2 -in SMTLIB2_COMPLIANT=true
[2019-05-02 19:56:23,562 INFO  L122   nArgumentSynthesizer]: Termination Analysis Settings:
Termination analysis: LINEAR_WITH_GUESSES
Number of strict supporting invariants: 1
Number of non-strict supporting invariants: 0
Consider only non-deceasing supporting invariants: true
Simplify termination arguments: true
Simplify supporting invariants: trueOverapproximate stem: false
[2019-05-02 19:56:23,563 INFO  L339   nArgumentSynthesizer]: Template has degree 0.
[2019-05-02 19:56:23,563 INFO  L352   nArgumentSynthesizer]: There is no stem transition; disabling supporting invariant generation.
[2019-05-02 19:56:23,564 INFO  L205   nArgumentSynthesizer]: 1 stem disjuncts
[2019-05-02 19:56:23,564 INFO  L206   nArgumentSynthesizer]: 1 loop disjuncts
[2019-05-02 19:56:23,564 INFO  L207   nArgumentSynthesizer]: 3 template conjuncts.
[2019-05-02 19:56:23,565 INFO  L402   nArgumentSynthesizer]: We have 3 Motzkin's Theorem applications.
[2019-05-02 19:56:23,566 INFO  L403   nArgumentSynthesizer]: A total of 0 supporting invariants were added.
[2019-05-02 19:56:23,567 INFO  L530          LassoAnalysis]: Proving termination failed for this template and these settings.
[2019-05-02 19:56:23,581 INFO  L497          LassoAnalysis]: Using template '3-nested'.
No working directory specified, using /home/xuechao/xuechao/work/Lab/Termination/Lasso-Ranker/z3
Starting monitored process 6 with z3 -smt2 -in SMTLIB2_COMPLIANT=true (exit command is (exit), workingDir is null)
Waiting until toolchain timeout for monitored process 6 with z3 -smt2 -in SMTLIB2_COMPLIANT=true
[2019-05-02 19:56:23,584 INFO  L122   nArgumentSynthesizer]: Termination Analysis Settings:
Termination analysis: LINEAR_WITH_GUESSES
Number of strict supporting invariants: 1
Number of non-strict supporting invariants: 0
Consider only non-deceasing supporting invariants: true
Simplify termination arguments: true
Simplify supporting invariants: trueOverapproximate stem: false
[2019-05-02 19:56:23,586 INFO  L339   nArgumentSynthesizer]: Template has degree 0.
[2019-05-02 19:56:23,586 INFO  L352   nArgumentSynthesizer]: There is no stem transition; disabling supporting invariant generation.
[2019-05-02 19:56:23,586 INFO  L205   nArgumentSynthesizer]: 1 stem disjuncts
[2019-05-02 19:56:23,586 INFO  L206   nArgumentSynthesizer]: 1 loop disjuncts
[2019-05-02 19:56:23,586 INFO  L207   nArgumentSynthesizer]: 4 template conjuncts.
[2019-05-02 19:56:23,588 INFO  L402   nArgumentSynthesizer]: We have 4 Motzkin's Theorem applications.
[2019-05-02 19:56:23,588 INFO  L403   nArgumentSynthesizer]: A total of 0 supporting invariants were added.
[2019-05-02 19:56:23,590 INFO  L530          LassoAnalysis]: Proving termination failed for this template and these settings.
[2019-05-02 19:56:23,605 INFO  L497          LassoAnalysis]: Using template '4-nested'.
No working directory specified, using /home/xuechao/xuechao/work/Lab/Termination/Lasso-Ranker/z3
Starting monitored process 7 with z3 -smt2 -in SMTLIB2_COMPLIANT=true (exit command is (exit), workingDir is null)
Waiting until toolchain timeout for monitored process 7 with z3 -smt2 -in SMTLIB2_COMPLIANT=true
[2019-05-02 19:56:23,606 INFO  L122   nArgumentSynthesizer]: Termination Analysis Settings:
Termination analysis: LINEAR_WITH_GUESSES
Number of strict supporting invariants: 1
Number of non-strict supporting invariants: 0
Consider only non-deceasing supporting invariants: true
Simplify termination arguments: true
Simplify supporting invariants: trueOverapproximate stem: false
[2019-05-02 19:56:23,608 INFO  L339   nArgumentSynthesizer]: Template has degree 0.
[2019-05-02 19:56:23,608 INFO  L352   nArgumentSynthesizer]: There is no stem transition; disabling supporting invariant generation.
[2019-05-02 19:56:23,609 INFO  L205   nArgumentSynthesizer]: 1 stem disjuncts
[2019-05-02 19:56:23,609 INFO  L206   nArgumentSynthesizer]: 1 loop disjuncts
[2019-05-02 19:56:23,609 INFO  L207   nArgumentSynthesizer]: 5 template conjuncts.
[2019-05-02 19:56:23,612 INFO  L402   nArgumentSynthesizer]: We have 5 Motzkin's Theorem applications.
[2019-05-02 19:56:23,612 INFO  L403   nArgumentSynthesizer]: A total of 0 supporting invariants were added.
[2019-05-02 19:56:23,620 INFO  L530          LassoAnalysis]: Proving termination failed for this template and these settings.
[2019-05-02 19:56:23,634 INFO  L497          LassoAnalysis]: Using template '2-phase'.
No working directory specified, using /home/xuechao/xuechao/work/Lab/Termination/Lasso-Ranker/z3
Starting monitored process 8 with z3 -smt2 -in SMTLIB2_COMPLIANT=true (exit command is (exit), workingDir is null)
Waiting until toolchain timeout for monitored process 8 with z3 -smt2 -in SMTLIB2_COMPLIANT=true
[2019-05-02 19:56:23,636 INFO  L122   nArgumentSynthesizer]: Termination Analysis Settings:
Termination analysis: LINEAR_WITH_GUESSES
Number of strict supporting invariants: 1
Number of non-strict supporting invariants: 0
Consider only non-deceasing supporting invariants: true
Simplify termination arguments: true
Simplify supporting invariants: trueOverapproximate stem: false
[2019-05-02 19:56:23,638 WARN  L334   nArgumentSynthesizer]: Using a linear SMT query and a templates of degree > 0, hence this method is incomplete.
[2019-05-02 19:56:23,638 INFO  L339   nArgumentSynthesizer]: Template has degree 1.
[2019-05-02 19:56:23,638 INFO  L352   nArgumentSynthesizer]: There is no stem transition; disabling supporting invariant generation.
[2019-05-02 19:56:23,638 INFO  L205   nArgumentSynthesizer]: 1 stem disjuncts
[2019-05-02 19:56:23,638 INFO  L206   nArgumentSynthesizer]: 1 loop disjuncts
[2019-05-02 19:56:23,638 INFO  L207   nArgumentSynthesizer]: 3 template conjuncts.
[2019-05-02 19:56:23,641 INFO  L402   nArgumentSynthesizer]: We have 3 Motzkin's Theorem applications.
[2019-05-02 19:56:23,641 INFO  L403   nArgumentSynthesizer]: A total of 0 supporting invariants were added.
[2019-05-02 19:56:23,644 INFO  L530          LassoAnalysis]: Proving termination failed for this template and these settings.
[2019-05-02 19:56:23,658 INFO  L497          LassoAnalysis]: Using template 'lex(affine, affine)'.
No working directory specified, using /home/xuechao/xuechao/work/Lab/Termination/Lasso-Ranker/z3
Starting monitored process 9 with z3 -smt2 -in SMTLIB2_COMPLIANT=true (exit command is (exit), workingDir is null)
Waiting until toolchain timeout for monitored process 9 with z3 -smt2 -in SMTLIB2_COMPLIANT=true
[2019-05-02 19:56:23,666 INFO  L122   nArgumentSynthesizer]: Termination Analysis Settings:
Termination analysis: LINEAR_WITH_GUESSES
Number of strict supporting invariants: 1
Number of non-strict supporting invariants: 0
Consider only non-deceasing supporting invariants: true
Simplify termination arguments: true
Simplify supporting invariants: trueOverapproximate stem: false
[2019-05-02 19:56:23,668 WARN  L334   nArgumentSynthesizer]: Using a linear SMT query and a templates of degree > 0, hence this method is incomplete.
[2019-05-02 19:56:23,669 INFO  L339   nArgumentSynthesizer]: Template has degree 5.
[2019-05-02 19:56:23,669 INFO  L352   nArgumentSynthesizer]: There is no stem transition; disabling supporting invariant generation.
[2019-05-02 19:56:23,669 INFO  L205   nArgumentSynthesizer]: 1 stem disjuncts
[2019-05-02 19:56:23,669 INFO  L206   nArgumentSynthesizer]: 1 loop disjuncts
[2019-05-02 19:56:23,669 INFO  L207   nArgumentSynthesizer]: 4 template conjuncts.
[2019-05-02 19:56:23,672 INFO  L402   nArgumentSynthesizer]: We have 4 Motzkin's Theorem applications.
[2019-05-02 19:56:23,672 INFO  L403   nArgumentSynthesizer]: A total of 0 supporting invariants were added.
[2019-05-02 19:56:23,676 INFO  L530          LassoAnalysis]: Proving termination failed for this template and these settings.
[2019-05-02 19:56:23,690 INFO  L497          LassoAnalysis]: Using template '2-piece'.
No working directory specified, using /home/xuechao/xuechao/work/Lab/Termination/Lasso-Ranker/z3
Starting monitored process 10 with z3 -smt2 -in SMTLIB2_COMPLIANT=true (exit command is (exit), workingDir is null)
Waiting until toolchain timeout for monitored process 10 with z3 -smt2 -in SMTLIB2_COMPLIANT=true
[2019-05-02 19:56:23,692 INFO  L122   nArgumentSynthesizer]: Termination Analysis Settings:
Termination analysis: LINEAR_WITH_GUESSES
Number of strict supporting invariants: 1
Number of non-strict supporting invariants: 0
Consider only non-deceasing supporting invariants: true
Simplify termination arguments: true
Simplify supporting invariants: trueOverapproximate stem: false
[2019-05-02 19:56:23,693 WARN  L334   nArgumentSynthesizer]: Using a linear SMT query and a templates of degree > 0, hence this method is incomplete.
[2019-05-02 19:56:23,693 INFO  L339   nArgumentSynthesizer]: Template has degree 7.
[2019-05-02 19:56:23,693 INFO  L352   nArgumentSynthesizer]: There is no stem transition; disabling supporting invariant generation.
[2019-05-02 19:56:23,694 INFO  L205   nArgumentSynthesizer]: 1 stem disjuncts
[2019-05-02 19:56:23,694 INFO  L206   nArgumentSynthesizer]: 1 loop disjuncts
[2019-05-02 19:56:23,694 INFO  L207   nArgumentSynthesizer]: 7 template conjuncts.
[2019-05-02 19:56:23,700 INFO  L402   nArgumentSynthesizer]: We have 7 Motzkin's Theorem applications.
[2019-05-02 19:56:23,700 INFO  L403   nArgumentSynthesizer]: A total of 0 supporting invariants were added.
[2019-05-02 19:56:23,716 INFO  L530          LassoAnalysis]: Proving termination failed for this template and these settings.
[2019-05-02 19:56:23,730 INFO  L497          LassoAnalysis]: Using template '2-parallel'.
No working directory specified, using /home/xuechao/xuechao/work/Lab/Termination/Lasso-Ranker/z3
Starting monitored process 11 with z3 -smt2 -in SMTLIB2_COMPLIANT=true (exit command is (exit), workingDir is null)
Waiting until toolchain timeout for monitored process 11 with z3 -smt2 -in SMTLIB2_COMPLIANT=true
[2019-05-02 19:56:23,732 INFO  L122   nArgumentSynthesizer]: Termination Analysis Settings:
Termination analysis: LINEAR_WITH_GUESSES
Number of strict supporting invariants: 1
Number of non-strict supporting invariants: 0
Consider only non-deceasing supporting invariants: true
Simplify termination arguments: true
Simplify supporting invariants: trueOverapproximate stem: false
[2019-05-02 19:56:23,734 WARN  L334   nArgumentSynthesizer]: Using a linear SMT query and a templates of degree > 0, hence this method is incomplete.
[2019-05-02 19:56:23,734 INFO  L339   nArgumentSynthesizer]: Template has degree 4.
[2019-05-02 19:56:23,734 INFO  L352   nArgumentSynthesizer]: There is no stem transition; disabling supporting invariant generation.
[2019-05-02 19:56:23,734 INFO  L205   nArgumentSynthesizer]: 1 stem disjuncts
[2019-05-02 19:56:23,734 INFO  L206   nArgumentSynthesizer]: 1 loop disjuncts
[2019-05-02 19:56:23,735 INFO  L207   nArgumentSynthesizer]: 6 template conjuncts.
[2019-05-02 19:56:23,738 INFO  L402   nArgumentSynthesizer]: We have 6 Motzkin's Theorem applications.
[2019-05-02 19:56:23,738 INFO  L403   nArgumentSynthesizer]: A total of 0 supporting invariants were added.
[2019-05-02 19:56:23,746 INFO  L530          LassoAnalysis]: Proving termination failed for this template and these settings.
[2019-05-02 19:56:23,761 INFO  L489     LassoRankerStarter]: LassoRanker could not prove termination or nontermination of the given linear lasso program.
Templates: AffineTemplate NestedTemplate NestedTemplate NestedTemplate MultiphaseTemplate ComposedLexicographicTemplate PiecewiseTemplate ParallelTemplate
[2019-05-02 19:56:23,761 INFO  L132        PluginConnector]: ------------------------ END LassoRanker----------------------------
[2019-05-02 19:56:23,762 INFO  L168              Benchmark]: Toolchain (without parser) took 616.90 ms. Allocated memory is still 514.9 MB. Free memory was 477.6 MB in the beginning and 406.7 MB in the end (delta: 71.0 MB). Peak memory consumption was 71.0 MB. Max. memory is 11.5 GB.
[2019-05-02 19:56:23,763 INFO  L168              Benchmark]: Boogie PL CUP Parser took 0.11 ms. Allocated memory is still 514.9 MB. Free memory is still 479.1 MB. There was no memory consumed. Max. memory is 11.5 GB.
[2019-05-02 19:56:23,764 INFO  L168              Benchmark]: Boogie Preprocessor took 28.17 ms. Allocated memory is still 514.9 MB. Free memory was 477.6 MB in the beginning and 474.9 MB in the end (delta: 2.7 MB). Peak memory consumption was 2.7 MB. Max. memory is 11.5 GB.
[2019-05-02 19:56:23,765 INFO  L168              Benchmark]: RCFGBuilder took 122.91 ms. Allocated memory is still 514.9 MB. Free memory was 474.9 MB in the beginning and 466.9 MB in the end (delta: 8.1 MB). Peak memory consumption was 8.1 MB. Max. memory is 11.5 GB.
[2019-05-02 19:56:23,765 INFO  L168              Benchmark]: LassoRanker took 463.64 ms. Allocated memory is still 514.9 MB. Free memory was 465.5 MB in the beginning and 406.7 MB in the end (delta: 58.8 MB). Peak memory consumption was 58.8 MB. Max. memory is 11.5 GB.
[2019-05-02 19:56:23,768 INFO  L336   ainManager$Toolchain]: #######################  End [Toolchain 1] #######################
 --- Results ---
 * Results from de.uni_freiburg.informatik.ultimate.core:
  - StatisticsResult: Toolchain Benchmarks
    Benchmark results are:
 * Boogie PL CUP Parser took 0.11 ms. Allocated memory is still 514.9 MB. Free memory is still 479.1 MB. There was no memory consumed. Max. memory is 11.5 GB.
 * Boogie Preprocessor took 28.17 ms. Allocated memory is still 514.9 MB. Free memory was 477.6 MB in the beginning and 474.9 MB in the end (delta: 2.7 MB). Peak memory consumption was 2.7 MB. Max. memory is 11.5 GB.
 * RCFGBuilder took 122.91 ms. Allocated memory is still 514.9 MB. Free memory was 474.9 MB in the beginning and 466.9 MB in the end (delta: 8.1 MB). Peak memory consumption was 8.1 MB. Max. memory is 11.5 GB.
 * LassoRanker took 463.64 ms. Allocated memory is still 514.9 MB. Free memory was 465.5 MB in the beginning and 406.7 MB in the end (delta: 58.8 MB). Peak memory consumption was 58.8 MB. Max. memory is 11.5 GB.
 * Results from de.uni_freiburg.informatik.ultimate.plugins.analysis.lassoranker:
  - NoResult [Line: 18]: LassoRanker could not prove termination
    LassoRanker could not prove termination or nontermination of the given linear lasso program.
Templates: AffineTemplate NestedTemplate NestedTemplate NestedTemplate MultiphaseTemplate ComposedLexicographicTemplate PiecewiseTemplate ParallelTemplate
RESULT: Ultimate could not prove your program: Toolchain returned no result.
Received shutdown request...
