This is Ultimate 0.1.24-16d85fa
[2019-05-02 19:56:29,264 INFO  L170        SettingsManager]: Resetting all preferences to default values...
[2019-05-02 19:56:29,266 INFO  L174        SettingsManager]: Resetting UltimateCore preferences to default values
[2019-05-02 19:56:29,275 INFO  L177        SettingsManager]: Ultimate Commandline Interface provides no preferences, ignoring...
[2019-05-02 19:56:29,276 INFO  L174        SettingsManager]: Resetting Boogie Preprocessor preferences to default values
[2019-05-02 19:56:29,276 INFO  L174        SettingsManager]: Resetting Boogie Procedure Inliner preferences to default values
[2019-05-02 19:56:29,277 INFO  L174        SettingsManager]: Resetting Abstract Interpretation preferences to default values
[2019-05-02 19:56:29,279 INFO  L174        SettingsManager]: Resetting LassoRanker preferences to default values
[2019-05-02 19:56:29,280 INFO  L174        SettingsManager]: Resetting Reaching Definitions preferences to default values
[2019-05-02 19:56:29,281 INFO  L174        SettingsManager]: Resetting SyntaxChecker preferences to default values
[2019-05-02 19:56:29,281 INFO  L177        SettingsManager]: Büchi Program Product provides no preferences, ignoring...
[2019-05-02 19:56:29,282 INFO  L174        SettingsManager]: Resetting LTL2Aut preferences to default values
[2019-05-02 19:56:29,282 INFO  L174        SettingsManager]: Resetting PEA to Boogie preferences to default values
[2019-05-02 19:56:29,283 INFO  L174        SettingsManager]: Resetting BlockEncodingV2 preferences to default values
[2019-05-02 19:56:29,283 INFO  L174        SettingsManager]: Resetting ChcToBoogie preferences to default values
[2019-05-02 19:56:29,284 INFO  L174        SettingsManager]: Resetting AutomataScriptInterpreter preferences to default values
[2019-05-02 19:56:29,284 INFO  L174        SettingsManager]: Resetting BuchiAutomizer preferences to default values
[2019-05-02 19:56:29,286 INFO  L174        SettingsManager]: Resetting CACSL2BoogieTranslator preferences to default values
[2019-05-02 19:56:29,287 INFO  L174        SettingsManager]: Resetting CodeCheck preferences to default values
[2019-05-02 19:56:29,288 INFO  L174        SettingsManager]: Resetting InvariantSynthesis preferences to default values
[2019-05-02 19:56:29,289 INFO  L174        SettingsManager]: Resetting RCFGBuilder preferences to default values
[2019-05-02 19:56:29,290 INFO  L174        SettingsManager]: Resetting TraceAbstraction preferences to default values
[2019-05-02 19:56:29,291 INFO  L177        SettingsManager]: TraceAbstractionConcurrent provides no preferences, ignoring...
[2019-05-02 19:56:29,292 INFO  L177        SettingsManager]: TraceAbstractionWithAFAs provides no preferences, ignoring...
[2019-05-02 19:56:29,292 INFO  L174        SettingsManager]: Resetting TreeAutomizer preferences to default values
[2019-05-02 19:56:29,292 INFO  L174        SettingsManager]: Resetting IcfgTransformer preferences to default values
[2019-05-02 19:56:29,293 INFO  L174        SettingsManager]: Resetting Boogie Printer preferences to default values
[2019-05-02 19:56:29,293 INFO  L174        SettingsManager]: Resetting ReqPrinter preferences to default values
[2019-05-02 19:56:29,294 INFO  L174        SettingsManager]: Resetting Witness Printer preferences to default values
[2019-05-02 19:56:29,295 INFO  L177        SettingsManager]: Boogie PL CUP Parser provides no preferences, ignoring...
[2019-05-02 19:56:29,295 INFO  L174        SettingsManager]: Resetting CDTParser preferences to default values
[2019-05-02 19:56:29,295 INFO  L177        SettingsManager]: AutomataScriptParser provides no preferences, ignoring...
[2019-05-02 19:56:29,295 INFO  L177        SettingsManager]: ReqParser provides no preferences, ignoring...
[2019-05-02 19:56:29,296 INFO  L174        SettingsManager]: Resetting SmtParser preferences to default values
[2019-05-02 19:56:29,296 INFO  L174        SettingsManager]: Resetting Witness Parser preferences to default values
[2019-05-02 19:56:29,297 INFO  L181        SettingsManager]: Finished resetting all preferences to default values...
[2019-05-02 19:56:29,313 INFO  L81    nceAwareModelManager]: Repository-Root is: /tmp
[2019-05-02 19:56:29,321 INFO  L258   ainManager$Toolchain]: [Toolchain 1]: Applicable parser(s) successfully (re)initialized
[2019-05-02 19:56:29,324 INFO  L214   ainManager$Toolchain]: [Toolchain 1]: Toolchain selected.
[2019-05-02 19:56:29,325 INFO  L271        PluginConnector]: Initializing Boogie PL CUP Parser...
[2019-05-02 19:56:29,326 INFO  L276        PluginConnector]: Boogie PL CUP Parser initialized
[2019-05-02 19:56:29,326 INFO  L418   ainManager$Toolchain]: [Toolchain 1]: Parsing single file: /home/xuechao/xuechao/work/Lab/Termination/Lasso-Ranker/Program_non/116.bpl
[2019-05-02 19:56:29,327 INFO  L111           BoogieParser]: Parsing: '/home/xuechao/xuechao/work/Lab/Termination/Lasso-Ranker/Program_non/116.bpl'
[2019-05-02 19:56:29,348 INFO  L296   ainManager$Toolchain]: ####################### [Toolchain 1] #######################
[2019-05-02 19:56:29,349 INFO  L131        ToolchainWalker]: Walking toolchain with 3 elements.
[2019-05-02 19:56:29,349 INFO  L113        PluginConnector]: ------------------------Boogie Preprocessor----------------------------
[2019-05-02 19:56:29,350 INFO  L271        PluginConnector]: Initializing Boogie Preprocessor...
[2019-05-02 19:56:29,350 INFO  L276        PluginConnector]: Boogie Preprocessor initialized
[2019-05-02 19:56:29,366 INFO  L185        PluginConnector]: Executing the observer EnsureBoogieModelObserver from plugin Boogie Preprocessor for "116.bpl de.uni_freiburg.informatik.ultimate.boogie.parser AST 02.05 07:56:29" (1/1) ...
[2019-05-02 19:56:29,367 INFO  L185        PluginConnector]: Executing the observer TypeChecker from plugin Boogie Preprocessor for "116.bpl de.uni_freiburg.informatik.ultimate.boogie.parser AST 02.05 07:56:29" (1/1) ...
[2019-05-02 19:56:29,371 INFO  L185        PluginConnector]: Executing the observer ConstExpander from plugin Boogie Preprocessor for "116.bpl de.uni_freiburg.informatik.ultimate.boogie.parser AST 02.05 07:56:29" (1/1) ...
[2019-05-02 19:56:29,372 INFO  L185        PluginConnector]: Executing the observer StructExpander from plugin Boogie Preprocessor for "116.bpl de.uni_freiburg.informatik.ultimate.boogie.parser AST 02.05 07:56:29" (1/1) ...
[2019-05-02 19:56:29,373 INFO  L185        PluginConnector]: Executing the observer UnstructureCode from plugin Boogie Preprocessor for "116.bpl de.uni_freiburg.informatik.ultimate.boogie.parser AST 02.05 07:56:29" (1/1) ...
[2019-05-02 19:56:29,376 INFO  L185        PluginConnector]: Executing the observer FunctionInliner from plugin Boogie Preprocessor for "116.bpl de.uni_freiburg.informatik.ultimate.boogie.parser AST 02.05 07:56:29" (1/1) ...
[2019-05-02 19:56:29,377 INFO  L185        PluginConnector]: Executing the observer BoogieSymbolTableConstructor from plugin Boogie Preprocessor for "116.bpl de.uni_freiburg.informatik.ultimate.boogie.parser AST 02.05 07:56:29" (1/1) ...
[2019-05-02 19:56:29,378 INFO  L132        PluginConnector]: ------------------------ END Boogie Preprocessor----------------------------
[2019-05-02 19:56:29,378 INFO  L113        PluginConnector]: ------------------------RCFGBuilder----------------------------
[2019-05-02 19:56:29,378 INFO  L271        PluginConnector]: Initializing RCFGBuilder...
[2019-05-02 19:56:29,379 INFO  L276        PluginConnector]: RCFGBuilder initialized
[2019-05-02 19:56:29,379 INFO  L185        PluginConnector]: Executing the observer RCFGBuilderObserver from plugin RCFGBuilder for "116.bpl de.uni_freiburg.informatik.ultimate.boogie.parser AST 02.05 07:56:29" (1/1) ...
No working directory specified, using /home/xuechao/xuechao/work/Lab/Termination/Lasso-Ranker/z3
Starting monitored process 1 with z3 SMTLIB2_COMPLIANT=true -memory:1024 -smt2 -in -t:12000 (exit command is (exit), workingDir is null)
Waiting until toolchain timeout for monitored process 1 with z3 SMTLIB2_COMPLIANT=true -memory:1024 -smt2 -in -t:12000
[2019-05-02 19:56:29,418 INFO  L124     BoogieDeclarations]: Specification and implementation of procedure main given in one single declaration
[2019-05-02 19:56:29,418 INFO  L130     BoogieDeclarations]: Found specification of procedure main
[2019-05-02 19:56:29,418 INFO  L138     BoogieDeclarations]: Found implementation of procedure main
[2019-05-02 19:56:29,508 INFO  L278             CfgBuilder]: Using library mode
[2019-05-02 19:56:29,508 INFO  L286             CfgBuilder]: Removed 0 assue(true) statements.
[2019-05-02 19:56:29,509 INFO  L202        PluginConnector]: Adding new model 116.bpl de.uni_freiburg.informatik.ultimate.plugins.generator.rcfgbuilder CFG 02.05 07:56:29 BoogieIcfgContainer
[2019-05-02 19:56:29,509 INFO  L132        PluginConnector]: ------------------------ END RCFGBuilder----------------------------
[2019-05-02 19:56:29,509 INFO  L113        PluginConnector]: ------------------------LassoRanker----------------------------
[2019-05-02 19:56:29,509 INFO  L271        PluginConnector]: Initializing LassoRanker...
[2019-05-02 19:56:29,509 INFO  L276        PluginConnector]: LassoRanker initialized
[2019-05-02 19:56:29,510 INFO  L185        PluginConnector]: Executing the observer LassoRankerObserver from plugin LassoRanker for "116.bpl de.uni_freiburg.informatik.ultimate.plugins.generator.rcfgbuilder CFG 02.05 07:56:29" (1/1) ...
[2019-05-02 19:56:29,531 INFO  L72            BuchiIsEmpty]: Start buchiIsEmpty. Operand 2 states.
[2019-05-02 19:56:29,547 INFO  L131   ngComponentsAnalysis]: Automaton has 1 accepting balls. 1
[2019-05-02 19:56:29,548 INFO  L87            BuchiIsEmpty]: Finished buchiIsEmpty Result is false
[2019-05-02 19:56:29,548 INFO  L119           BuchiIsEmpty]: Starting construction of run
[2019-05-02 19:56:29,553 INFO  L104     BuchiDifferenceFKV]: Start buchiDifferenceFKV. First operand 2 states. Second operand 1 states.
[2019-05-02 19:56:29,562 INFO  L108     BuchiDifferenceFKV]: Finished buchiDifferenceFKV. First operand 2 states. Second operand 1 states. Result 3 states and 4 transitions. Complement of second has 2 states 2 powerset states0 rank states. The highest rank that occured is -1
[2019-05-02 19:56:29,562 INFO  L72            BuchiIsEmpty]: Start buchiIsEmpty. Operand 3 states and 4 transitions.
[2019-05-02 19:56:29,562 INFO  L131   ngComponentsAnalysis]: Automaton has 0 accepting balls. 0
[2019-05-02 19:56:29,563 INFO  L87            BuchiIsEmpty]: Finished buchiIsEmpty Result is true
[2019-05-02 19:56:29,637 INFO  L216          LassoAnalysis]: Preferences:
[2019-05-02 19:56:29,637 INFO  L124   ssoRankerPreferences]: Compute integeral hull: false
[2019-05-02 19:56:29,638 INFO  L125   ssoRankerPreferences]: Enable LassoPartitioneer: true
[2019-05-02 19:56:29,638 INFO  L126   ssoRankerPreferences]: Term annotations enabled: false
[2019-05-02 19:56:29,638 INFO  L127   ssoRankerPreferences]: Use exernal solver: true
[2019-05-02 19:56:29,638 INFO  L128   ssoRankerPreferences]: SMT solver command: z3 -smt2 -in SMTLIB2_COMPLIANT=true
[2019-05-02 19:56:29,638 INFO  L129   ssoRankerPreferences]: Dump SMT script to file: false
[2019-05-02 19:56:29,638 INFO  L130   ssoRankerPreferences]: Path of dumped script: .
[2019-05-02 19:56:29,638 INFO  L131   ssoRankerPreferences]: Filename of dumped script: LassoRankerScript
[2019-05-02 19:56:29,638 INFO  L132   ssoRankerPreferences]: MapElimAlgo: Frank
[2019-05-02 19:56:29,638 INFO  L282          LassoAnalysis]: Starting lasso preprocessing...
[2019-05-02 19:56:29,654 INFO  L141          MapEliminator]: Using MapEliminator with SimplificationTechnique=SIMPLIFY_DDA XnfConversionTechnique=BOTTOM_UP_WITH_LOCAL_SIMPLIFICATION AddInequalities=false OnlyTrivialImplicationsArrayWrite=false OnlyTrivialImplicationsForModifiedArguments=true OnlyArgumentsInFormula=true
[2019-05-02 19:56:29,768 INFO  L300          LassoAnalysis]: Preprocessing complete.
[2019-05-02 19:56:29,769 INFO  L412          LassoAnalysis]: Checking for nontermination...
No working directory specified, using /home/xuechao/xuechao/work/Lab/Termination/Lasso-Ranker/z3
Starting monitored process 2 with z3 -smt2 -in SMTLIB2_COMPLIANT=true (exit command is (exit), workingDir is null)
Waiting until toolchain timeout for monitored process 2 with z3 -smt2 -in SMTLIB2_COMPLIANT=true
[2019-05-02 19:56:29,773 INFO  L151   nArgumentSynthesizer]: Nontermination analysis: LINEAR_WITH_GUESSES Allow bounded executions: true Number of generalized eigenvectors: 0 Nilpotent components: true
No working directory specified, using /home/xuechao/xuechao/work/Lab/Termination/Lasso-Ranker/z3
Starting monitored process 3 with z3 -smt2 -in SMTLIB2_COMPLIANT=true (exit command is (exit), workingDir is null)
Waiting until toolchain timeout for monitored process 3 with z3 -smt2 -in SMTLIB2_COMPLIANT=true
[2019-05-02 19:56:29,793 INFO  L151   nArgumentSynthesizer]: Nontermination analysis: LINEAR_WITH_GUESSES Allow bounded executions: true Number of generalized eigenvectors: 3 Nilpotent components: true
[2019-05-02 19:56:29,846 INFO  L452          LassoAnalysis]: Proving nontermination failed: No geometric nontermination argument exists.
[2019-05-02 19:56:29,860 INFO  L216          LassoAnalysis]: Preferences:
[2019-05-02 19:56:29,861 INFO  L124   ssoRankerPreferences]: Compute integeral hull: false
[2019-05-02 19:56:29,861 INFO  L125   ssoRankerPreferences]: Enable LassoPartitioneer: true
[2019-05-02 19:56:29,861 INFO  L126   ssoRankerPreferences]: Term annotations enabled: false
[2019-05-02 19:56:29,861 INFO  L127   ssoRankerPreferences]: Use exernal solver: true
[2019-05-02 19:56:29,861 INFO  L128   ssoRankerPreferences]: SMT solver command: z3 -smt2 -in SMTLIB2_COMPLIANT=true
[2019-05-02 19:56:29,861 INFO  L129   ssoRankerPreferences]: Dump SMT script to file: false
[2019-05-02 19:56:29,861 INFO  L130   ssoRankerPreferences]: Path of dumped script: .
[2019-05-02 19:56:29,861 INFO  L131   ssoRankerPreferences]: Filename of dumped script: LassoRankerScript
[2019-05-02 19:56:29,862 INFO  L132   ssoRankerPreferences]: MapElimAlgo: Frank
[2019-05-02 19:56:29,862 INFO  L282          LassoAnalysis]: Starting lasso preprocessing...
[2019-05-02 19:56:29,863 INFO  L141          MapEliminator]: Using MapEliminator with SimplificationTechnique=SIMPLIFY_DDA XnfConversionTechnique=BOTTOM_UP_WITH_LOCAL_SIMPLIFICATION AddInequalities=false OnlyTrivialImplicationsArrayWrite=false OnlyTrivialImplicationsForModifiedArguments=true OnlyArgumentsInFormula=true
[2019-05-02 19:56:29,934 INFO  L300          LassoAnalysis]: Preprocessing complete.
[2019-05-02 19:56:29,938 INFO  L497          LassoAnalysis]: Using template 'affine'.
No working directory specified, using /home/xuechao/xuechao/work/Lab/Termination/Lasso-Ranker/z3
Starting monitored process 4 with z3 -smt2 -in SMTLIB2_COMPLIANT=true (exit command is (exit), workingDir is null)
Waiting until toolchain timeout for monitored process 4 with z3 -smt2 -in SMTLIB2_COMPLIANT=true
[2019-05-02 19:56:29,946 INFO  L122   nArgumentSynthesizer]: Termination Analysis Settings:
Termination analysis: LINEAR_WITH_GUESSES
Number of strict supporting invariants: 1
Number of non-strict supporting invariants: 0
Consider only non-deceasing supporting invariants: true
Simplify termination arguments: true
Simplify supporting invariants: trueOverapproximate stem: false
[2019-05-02 19:56:29,947 INFO  L339   nArgumentSynthesizer]: Template has degree 0.
[2019-05-02 19:56:29,948 INFO  L352   nArgumentSynthesizer]: There is no stem transition; disabling supporting invariant generation.
[2019-05-02 19:56:29,948 INFO  L205   nArgumentSynthesizer]: 1 stem disjuncts
[2019-05-02 19:56:29,948 INFO  L206   nArgumentSynthesizer]: 1 loop disjuncts
[2019-05-02 19:56:29,949 INFO  L207   nArgumentSynthesizer]: 2 template conjuncts.
[2019-05-02 19:56:29,951 INFO  L402   nArgumentSynthesizer]: We have 2 Motzkin's Theorem applications.
[2019-05-02 19:56:29,952 INFO  L403   nArgumentSynthesizer]: A total of 0 supporting invariants were added.
[2019-05-02 19:56:29,954 INFO  L530          LassoAnalysis]: Proving termination failed for this template and these settings.
[2019-05-02 19:56:29,968 INFO  L497          LassoAnalysis]: Using template '2-nested'.
No working directory specified, using /home/xuechao/xuechao/work/Lab/Termination/Lasso-Ranker/z3
Starting monitored process 5 with z3 -smt2 -in SMTLIB2_COMPLIANT=true (exit command is (exit), workingDir is null)
Waiting until toolchain timeout for monitored process 5 with z3 -smt2 -in SMTLIB2_COMPLIANT=true
[2019-05-02 19:56:29,970 INFO  L122   nArgumentSynthesizer]: Termination Analysis Settings:
Termination analysis: LINEAR_WITH_GUESSES
Number of strict supporting invariants: 1
Number of non-strict supporting invariants: 0
Consider only non-deceasing supporting invariants: true
Simplify termination arguments: true
Simplify supporting invariants: trueOverapproximate stem: false
[2019-05-02 19:56:29,972 INFO  L339   nArgumentSynthesizer]: Template has degree 0.
[2019-05-02 19:56:29,972 INFO  L352   nArgumentSynthesizer]: There is no stem transition; disabling supporting invariant generation.
[2019-05-02 19:56:29,972 INFO  L205   nArgumentSynthesizer]: 1 stem disjuncts
[2019-05-02 19:56:29,972 INFO  L206   nArgumentSynthesizer]: 1 loop disjuncts
[2019-05-02 19:56:29,973 INFO  L207   nArgumentSynthesizer]: 3 template conjuncts.
[2019-05-02 19:56:29,976 INFO  L402   nArgumentSynthesizer]: We have 3 Motzkin's Theorem applications.
[2019-05-02 19:56:29,976 INFO  L403   nArgumentSynthesizer]: A total of 0 supporting invariants were added.
[2019-05-02 19:56:29,978 INFO  L530          LassoAnalysis]: Proving termination failed for this template and these settings.
[2019-05-02 19:56:29,992 INFO  L497          LassoAnalysis]: Using template '3-nested'.
No working directory specified, using /home/xuechao/xuechao/work/Lab/Termination/Lasso-Ranker/z3
Starting monitored process 6 with z3 -smt2 -in SMTLIB2_COMPLIANT=true (exit command is (exit), workingDir is null)
Waiting until toolchain timeout for monitored process 6 with z3 -smt2 -in SMTLIB2_COMPLIANT=true
[2019-05-02 19:56:29,999 INFO  L122   nArgumentSynthesizer]: Termination Analysis Settings:
Termination analysis: LINEAR_WITH_GUESSES
Number of strict supporting invariants: 1
Number of non-strict supporting invariants: 0
Consider only non-deceasing supporting invariants: true
Simplify termination arguments: true
Simplify supporting invariants: trueOverapproximate stem: false
[2019-05-02 19:56:30,002 INFO  L339   nArgumentSynthesizer]: Template has degree 0.
[2019-05-02 19:56:30,002 INFO  L352   nArgumentSynthesizer]: There is no stem transition; disabling supporting invariant generation.
[2019-05-02 19:56:30,002 INFO  L205   nArgumentSynthesizer]: 1 stem disjuncts
[2019-05-02 19:56:30,002 INFO  L206   nArgumentSynthesizer]: 1 loop disjuncts
[2019-05-02 19:56:30,002 INFO  L207   nArgumentSynthesizer]: 4 template conjuncts.
[2019-05-02 19:56:30,009 INFO  L402   nArgumentSynthesizer]: We have 4 Motzkin's Theorem applications.
[2019-05-02 19:56:30,009 INFO  L403   nArgumentSynthesizer]: A total of 0 supporting invariants were added.
[2019-05-02 19:56:30,014 INFO  L530          LassoAnalysis]: Proving termination failed for this template and these settings.
[2019-05-02 19:56:30,029 INFO  L497          LassoAnalysis]: Using template '4-nested'.
No working directory specified, using /home/xuechao/xuechao/work/Lab/Termination/Lasso-Ranker/z3
Starting monitored process 7 with z3 -smt2 -in SMTLIB2_COMPLIANT=true (exit command is (exit), workingDir is null)
Waiting until toolchain timeout for monitored process 7 with z3 -smt2 -in SMTLIB2_COMPLIANT=true
[2019-05-02 19:56:30,032 INFO  L122   nArgumentSynthesizer]: Termination Analysis Settings:
Termination analysis: LINEAR_WITH_GUESSES
Number of strict supporting invariants: 1
Number of non-strict supporting invariants: 0
Consider only non-deceasing supporting invariants: true
Simplify termination arguments: true
Simplify supporting invariants: trueOverapproximate stem: false
[2019-05-02 19:56:30,034 INFO  L339   nArgumentSynthesizer]: Template has degree 0.
[2019-05-02 19:56:30,034 INFO  L352   nArgumentSynthesizer]: There is no stem transition; disabling supporting invariant generation.
[2019-05-02 19:56:30,034 INFO  L205   nArgumentSynthesizer]: 1 stem disjuncts
[2019-05-02 19:56:30,034 INFO  L206   nArgumentSynthesizer]: 1 loop disjuncts
[2019-05-02 19:56:30,035 INFO  L207   nArgumentSynthesizer]: 5 template conjuncts.
[2019-05-02 19:56:30,038 INFO  L402   nArgumentSynthesizer]: We have 5 Motzkin's Theorem applications.
[2019-05-02 19:56:30,039 INFO  L403   nArgumentSynthesizer]: A total of 0 supporting invariants were added.
[2019-05-02 19:56:30,042 INFO  L530          LassoAnalysis]: Proving termination failed for this template and these settings.
[2019-05-02 19:56:30,056 INFO  L497          LassoAnalysis]: Using template '2-phase'.
No working directory specified, using /home/xuechao/xuechao/work/Lab/Termination/Lasso-Ranker/z3
Starting monitored process 8 with z3 -smt2 -in SMTLIB2_COMPLIANT=true (exit command is (exit), workingDir is null)
[2019-05-02 19:56:30,058 INFO  L122   nArgumentSynthesizer]: Termination Analysis Settings:
Termination analysis: LINEAR_WITH_GUESSES
Number of strict supporting invariants: 1
Number of non-strict supporting invariants: 0
Consider only non-deceasing supporting invariants: true
Simplify termination arguments: true
Simplify supporting invariants: trueOverapproximate stem: false
Waiting until toolchain timeout for monitored process 8 with z3 -smt2 -in SMTLIB2_COMPLIANT=true
[2019-05-02 19:56:30,060 WARN  L334   nArgumentSynthesizer]: Using a linear SMT query and a templates of degree > 0, hence this method is incomplete.
[2019-05-02 19:56:30,060 INFO  L339   nArgumentSynthesizer]: Template has degree 1.
[2019-05-02 19:56:30,060 INFO  L352   nArgumentSynthesizer]: There is no stem transition; disabling supporting invariant generation.
[2019-05-02 19:56:30,060 INFO  L205   nArgumentSynthesizer]: 1 stem disjuncts
[2019-05-02 19:56:30,060 INFO  L206   nArgumentSynthesizer]: 1 loop disjuncts
[2019-05-02 19:56:30,061 INFO  L207   nArgumentSynthesizer]: 3 template conjuncts.
[2019-05-02 19:56:30,064 INFO  L402   nArgumentSynthesizer]: We have 3 Motzkin's Theorem applications.
[2019-05-02 19:56:30,065 INFO  L403   nArgumentSynthesizer]: A total of 0 supporting invariants were added.
[2019-05-02 19:56:30,071 INFO  L530          LassoAnalysis]: Proving termination failed for this template and these settings.
[2019-05-02 19:56:30,086 INFO  L497          LassoAnalysis]: Using template 'lex(affine, affine)'.
No working directory specified, using /home/xuechao/xuechao/work/Lab/Termination/Lasso-Ranker/z3
Starting monitored process 9 with z3 -smt2 -in SMTLIB2_COMPLIANT=true (exit command is (exit), workingDir is null)
Waiting until toolchain timeout for monitored process 9 with z3 -smt2 -in SMTLIB2_COMPLIANT=true
[2019-05-02 19:56:30,088 INFO  L122   nArgumentSynthesizer]: Termination Analysis Settings:
Termination analysis: LINEAR_WITH_GUESSES
Number of strict supporting invariants: 1
Number of non-strict supporting invariants: 0
Consider only non-deceasing supporting invariants: true
Simplify termination arguments: true
Simplify supporting invariants: trueOverapproximate stem: false
[2019-05-02 19:56:30,090 WARN  L334   nArgumentSynthesizer]: Using a linear SMT query and a templates of degree > 0, hence this method is incomplete.
[2019-05-02 19:56:30,090 INFO  L339   nArgumentSynthesizer]: Template has degree 5.
[2019-05-02 19:56:30,090 INFO  L352   nArgumentSynthesizer]: There is no stem transition; disabling supporting invariant generation.
[2019-05-02 19:56:30,091 INFO  L205   nArgumentSynthesizer]: 1 stem disjuncts
[2019-05-02 19:56:30,091 INFO  L206   nArgumentSynthesizer]: 1 loop disjuncts
[2019-05-02 19:56:30,091 INFO  L207   nArgumentSynthesizer]: 4 template conjuncts.
[2019-05-02 19:56:30,097 INFO  L402   nArgumentSynthesizer]: We have 4 Motzkin's Theorem applications.
[2019-05-02 19:56:30,097 INFO  L403   nArgumentSynthesizer]: A total of 0 supporting invariants were added.
[2019-05-02 19:56:30,104 INFO  L530          LassoAnalysis]: Proving termination failed for this template and these settings.
[2019-05-02 19:56:30,118 INFO  L497          LassoAnalysis]: Using template '2-piece'.
No working directory specified, using /home/xuechao/xuechao/work/Lab/Termination/Lasso-Ranker/z3
Starting monitored process 10 with z3 -smt2 -in SMTLIB2_COMPLIANT=true (exit command is (exit), workingDir is null)
Waiting until toolchain timeout for monitored process 10 with z3 -smt2 -in SMTLIB2_COMPLIANT=true
[2019-05-02 19:56:30,120 INFO  L122   nArgumentSynthesizer]: Termination Analysis Settings:
Termination analysis: LINEAR_WITH_GUESSES
Number of strict supporting invariants: 1
Number of non-strict supporting invariants: 0
Consider only non-deceasing supporting invariants: true
Simplify termination arguments: true
Simplify supporting invariants: trueOverapproximate stem: false
[2019-05-02 19:56:30,122 WARN  L334   nArgumentSynthesizer]: Using a linear SMT query and a templates of degree > 0, hence this method is incomplete.
[2019-05-02 19:56:30,122 INFO  L339   nArgumentSynthesizer]: Template has degree 7.
[2019-05-02 19:56:30,122 INFO  L352   nArgumentSynthesizer]: There is no stem transition; disabling supporting invariant generation.
[2019-05-02 19:56:30,123 INFO  L205   nArgumentSynthesizer]: 1 stem disjuncts
[2019-05-02 19:56:30,123 INFO  L206   nArgumentSynthesizer]: 1 loop disjuncts
[2019-05-02 19:56:30,123 INFO  L207   nArgumentSynthesizer]: 7 template conjuncts.
[2019-05-02 19:56:30,140 INFO  L402   nArgumentSynthesizer]: We have 7 Motzkin's Theorem applications.
[2019-05-02 19:56:30,140 INFO  L403   nArgumentSynthesizer]: A total of 0 supporting invariants were added.
[2019-05-02 19:56:30,776 INFO  L530          LassoAnalysis]: Proving termination failed for this template and these settings.
[2019-05-02 19:56:30,791 INFO  L497          LassoAnalysis]: Using template '2-parallel'.
No working directory specified, using /home/xuechao/xuechao/work/Lab/Termination/Lasso-Ranker/z3
Starting monitored process 11 with z3 -smt2 -in SMTLIB2_COMPLIANT=true (exit command is (exit), workingDir is null)
Waiting until toolchain timeout for monitored process 11 with z3 -smt2 -in SMTLIB2_COMPLIANT=true
[2019-05-02 19:56:30,793 INFO  L122   nArgumentSynthesizer]: Termination Analysis Settings:
Termination analysis: LINEAR_WITH_GUESSES
Number of strict supporting invariants: 1
Number of non-strict supporting invariants: 0
Consider only non-deceasing supporting invariants: true
Simplify termination arguments: true
Simplify supporting invariants: trueOverapproximate stem: false
[2019-05-02 19:56:30,795 WARN  L334   nArgumentSynthesizer]: Using a linear SMT query and a templates of degree > 0, hence this method is incomplete.
[2019-05-02 19:56:30,795 INFO  L339   nArgumentSynthesizer]: Template has degree 4.
[2019-05-02 19:56:30,795 INFO  L352   nArgumentSynthesizer]: There is no stem transition; disabling supporting invariant generation.
[2019-05-02 19:56:30,795 INFO  L205   nArgumentSynthesizer]: 1 stem disjuncts
[2019-05-02 19:56:30,795 INFO  L206   nArgumentSynthesizer]: 1 loop disjuncts
[2019-05-02 19:56:30,795 INFO  L207   nArgumentSynthesizer]: 6 template conjuncts.
[2019-05-02 19:56:30,799 INFO  L402   nArgumentSynthesizer]: We have 6 Motzkin's Theorem applications.
[2019-05-02 19:56:30,800 INFO  L403   nArgumentSynthesizer]: A total of 0 supporting invariants were added.
[2019-05-02 19:56:30,811 INFO  L530          LassoAnalysis]: Proving termination failed for this template and these settings.
[2019-05-02 19:56:30,826 INFO  L489     LassoRankerStarter]: LassoRanker could not prove termination or nontermination of the given linear lasso program.
Templates: AffineTemplate NestedTemplate NestedTemplate NestedTemplate MultiphaseTemplate ComposedLexicographicTemplate PiecewiseTemplate ParallelTemplate
[2019-05-02 19:56:30,826 INFO  L132        PluginConnector]: ------------------------ END LassoRanker----------------------------
[2019-05-02 19:56:30,827 INFO  L168              Benchmark]: Toolchain (without parser) took 1478.73 ms. Allocated memory is still 514.9 MB. Free memory was 477.6 MB in the beginning and 383.6 MB in the end (delta: 94.1 MB). Peak memory consumption was 94.1 MB. Max. memory is 11.5 GB.
[2019-05-02 19:56:30,828 INFO  L168              Benchmark]: Boogie PL CUP Parser took 0.13 ms. Allocated memory is still 514.9 MB. Free memory is still 479.1 MB. There was no memory consumed. Max. memory is 11.5 GB.
[2019-05-02 19:56:30,829 INFO  L168              Benchmark]: Boogie Preprocessor took 28.59 ms. Allocated memory is still 514.9 MB. Free memory was 477.6 MB in the beginning and 475.0 MB in the end (delta: 2.7 MB). Peak memory consumption was 2.7 MB. Max. memory is 11.5 GB.
[2019-05-02 19:56:30,829 INFO  L168              Benchmark]: RCFGBuilder took 130.38 ms. Allocated memory is still 514.9 MB. Free memory was 475.0 MB in the beginning and 465.3 MB in the end (delta: 9.6 MB). Peak memory consumption was 9.6 MB. Max. memory is 11.5 GB.
[2019-05-02 19:56:30,830 INFO  L168              Benchmark]: LassoRanker took 1317.56 ms. Allocated memory is still 514.9 MB. Free memory was 465.3 MB in the beginning and 383.6 MB in the end (delta: 81.8 MB). Peak memory consumption was 81.8 MB. Max. memory is 11.5 GB.
[2019-05-02 19:56:30,833 INFO  L336   ainManager$Toolchain]: #######################  End [Toolchain 1] #######################
 --- Results ---
 * Results from de.uni_freiburg.informatik.ultimate.core:
  - StatisticsResult: Toolchain Benchmarks
    Benchmark results are:
 * Boogie PL CUP Parser took 0.13 ms. Allocated memory is still 514.9 MB. Free memory is still 479.1 MB. There was no memory consumed. Max. memory is 11.5 GB.
 * Boogie Preprocessor took 28.59 ms. Allocated memory is still 514.9 MB. Free memory was 477.6 MB in the beginning and 475.0 MB in the end (delta: 2.7 MB). Peak memory consumption was 2.7 MB. Max. memory is 11.5 GB.
 * RCFGBuilder took 130.38 ms. Allocated memory is still 514.9 MB. Free memory was 475.0 MB in the beginning and 465.3 MB in the end (delta: 9.6 MB). Peak memory consumption was 9.6 MB. Max. memory is 11.5 GB.
 * LassoRanker took 1317.56 ms. Allocated memory is still 514.9 MB. Free memory was 465.3 MB in the beginning and 383.6 MB in the end (delta: 81.8 MB). Peak memory consumption was 81.8 MB. Max. memory is 11.5 GB.
 * Results from de.uni_freiburg.informatik.ultimate.plugins.analysis.lassoranker:
  - NoResult [Line: 13]: LassoRanker could not prove termination
    LassoRanker could not prove termination or nontermination of the given linear lasso program.
Templates: AffineTemplate NestedTemplate NestedTemplate NestedTemplate MultiphaseTemplate ComposedLexicographicTemplate PiecewiseTemplate ParallelTemplate
RESULT: Ultimate could not prove your program: Toolchain returned no result.
Received shutdown request...
