This is Ultimate 0.1.24-16d85fa
[2019-05-02 19:56:40,077 INFO  L170        SettingsManager]: Resetting all preferences to default values...
[2019-05-02 19:56:40,079 INFO  L174        SettingsManager]: Resetting UltimateCore preferences to default values
[2019-05-02 19:56:40,088 INFO  L177        SettingsManager]: Ultimate Commandline Interface provides no preferences, ignoring...
[2019-05-02 19:56:40,089 INFO  L174        SettingsManager]: Resetting Boogie Preprocessor preferences to default values
[2019-05-02 19:56:40,090 INFO  L174        SettingsManager]: Resetting Boogie Procedure Inliner preferences to default values
[2019-05-02 19:56:40,091 INFO  L174        SettingsManager]: Resetting Abstract Interpretation preferences to default values
[2019-05-02 19:56:40,092 INFO  L174        SettingsManager]: Resetting LassoRanker preferences to default values
[2019-05-02 19:56:40,093 INFO  L174        SettingsManager]: Resetting Reaching Definitions preferences to default values
[2019-05-02 19:56:40,094 INFO  L174        SettingsManager]: Resetting SyntaxChecker preferences to default values
[2019-05-02 19:56:40,095 INFO  L177        SettingsManager]: Büchi Program Product provides no preferences, ignoring...
[2019-05-02 19:56:40,095 INFO  L174        SettingsManager]: Resetting LTL2Aut preferences to default values
[2019-05-02 19:56:40,095 INFO  L174        SettingsManager]: Resetting PEA to Boogie preferences to default values
[2019-05-02 19:56:40,096 INFO  L174        SettingsManager]: Resetting BlockEncodingV2 preferences to default values
[2019-05-02 19:56:40,097 INFO  L174        SettingsManager]: Resetting ChcToBoogie preferences to default values
[2019-05-02 19:56:40,097 INFO  L174        SettingsManager]: Resetting AutomataScriptInterpreter preferences to default values
[2019-05-02 19:56:40,098 INFO  L174        SettingsManager]: Resetting BuchiAutomizer preferences to default values
[2019-05-02 19:56:40,099 INFO  L174        SettingsManager]: Resetting CACSL2BoogieTranslator preferences to default values
[2019-05-02 19:56:40,100 INFO  L174        SettingsManager]: Resetting CodeCheck preferences to default values
[2019-05-02 19:56:40,101 INFO  L174        SettingsManager]: Resetting InvariantSynthesis preferences to default values
[2019-05-02 19:56:40,102 INFO  L174        SettingsManager]: Resetting RCFGBuilder preferences to default values
[2019-05-02 19:56:40,103 INFO  L174        SettingsManager]: Resetting TraceAbstraction preferences to default values
[2019-05-02 19:56:40,105 INFO  L177        SettingsManager]: TraceAbstractionConcurrent provides no preferences, ignoring...
[2019-05-02 19:56:40,105 INFO  L177        SettingsManager]: TraceAbstractionWithAFAs provides no preferences, ignoring...
[2019-05-02 19:56:40,105 INFO  L174        SettingsManager]: Resetting TreeAutomizer preferences to default values
[2019-05-02 19:56:40,106 INFO  L174        SettingsManager]: Resetting IcfgTransformer preferences to default values
[2019-05-02 19:56:40,107 INFO  L174        SettingsManager]: Resetting Boogie Printer preferences to default values
[2019-05-02 19:56:40,107 INFO  L174        SettingsManager]: Resetting ReqPrinter preferences to default values
[2019-05-02 19:56:40,108 INFO  L174        SettingsManager]: Resetting Witness Printer preferences to default values
[2019-05-02 19:56:40,109 INFO  L177        SettingsManager]: Boogie PL CUP Parser provides no preferences, ignoring...
[2019-05-02 19:56:40,109 INFO  L174        SettingsManager]: Resetting CDTParser preferences to default values
[2019-05-02 19:56:40,109 INFO  L177        SettingsManager]: AutomataScriptParser provides no preferences, ignoring...
[2019-05-02 19:56:40,109 INFO  L177        SettingsManager]: ReqParser provides no preferences, ignoring...
[2019-05-02 19:56:40,110 INFO  L174        SettingsManager]: Resetting SmtParser preferences to default values
[2019-05-02 19:56:40,110 INFO  L174        SettingsManager]: Resetting Witness Parser preferences to default values
[2019-05-02 19:56:40,111 INFO  L181        SettingsManager]: Finished resetting all preferences to default values...
[2019-05-02 19:56:40,127 INFO  L81    nceAwareModelManager]: Repository-Root is: /tmp
[2019-05-02 19:56:40,137 INFO  L258   ainManager$Toolchain]: [Toolchain 1]: Applicable parser(s) successfully (re)initialized
[2019-05-02 19:56:40,140 INFO  L214   ainManager$Toolchain]: [Toolchain 1]: Toolchain selected.
[2019-05-02 19:56:40,141 INFO  L271        PluginConnector]: Initializing Boogie PL CUP Parser...
[2019-05-02 19:56:40,141 INFO  L276        PluginConnector]: Boogie PL CUP Parser initialized
[2019-05-02 19:56:40,142 INFO  L418   ainManager$Toolchain]: [Toolchain 1]: Parsing single file: /home/xuechao/xuechao/work/Lab/Termination/Lasso-Ranker/Program_non/121.bpl
[2019-05-02 19:56:40,142 INFO  L111           BoogieParser]: Parsing: '/home/xuechao/xuechao/work/Lab/Termination/Lasso-Ranker/Program_non/121.bpl'
[2019-05-02 19:56:40,163 INFO  L296   ainManager$Toolchain]: ####################### [Toolchain 1] #######################
[2019-05-02 19:56:40,165 INFO  L131        ToolchainWalker]: Walking toolchain with 3 elements.
[2019-05-02 19:56:40,165 INFO  L113        PluginConnector]: ------------------------Boogie Preprocessor----------------------------
[2019-05-02 19:56:40,165 INFO  L271        PluginConnector]: Initializing Boogie Preprocessor...
[2019-05-02 19:56:40,165 INFO  L276        PluginConnector]: Boogie Preprocessor initialized
[2019-05-02 19:56:40,182 INFO  L185        PluginConnector]: Executing the observer EnsureBoogieModelObserver from plugin Boogie Preprocessor for "121.bpl de.uni_freiburg.informatik.ultimate.boogie.parser AST 02.05 07:56:40" (1/1) ...
[2019-05-02 19:56:40,183 INFO  L185        PluginConnector]: Executing the observer TypeChecker from plugin Boogie Preprocessor for "121.bpl de.uni_freiburg.informatik.ultimate.boogie.parser AST 02.05 07:56:40" (1/1) ...
[2019-05-02 19:56:40,187 INFO  L185        PluginConnector]: Executing the observer ConstExpander from plugin Boogie Preprocessor for "121.bpl de.uni_freiburg.informatik.ultimate.boogie.parser AST 02.05 07:56:40" (1/1) ...
[2019-05-02 19:56:40,187 INFO  L185        PluginConnector]: Executing the observer StructExpander from plugin Boogie Preprocessor for "121.bpl de.uni_freiburg.informatik.ultimate.boogie.parser AST 02.05 07:56:40" (1/1) ...
[2019-05-02 19:56:40,189 INFO  L185        PluginConnector]: Executing the observer UnstructureCode from plugin Boogie Preprocessor for "121.bpl de.uni_freiburg.informatik.ultimate.boogie.parser AST 02.05 07:56:40" (1/1) ...
[2019-05-02 19:56:40,192 INFO  L185        PluginConnector]: Executing the observer FunctionInliner from plugin Boogie Preprocessor for "121.bpl de.uni_freiburg.informatik.ultimate.boogie.parser AST 02.05 07:56:40" (1/1) ...
[2019-05-02 19:56:40,192 INFO  L185        PluginConnector]: Executing the observer BoogieSymbolTableConstructor from plugin Boogie Preprocessor for "121.bpl de.uni_freiburg.informatik.ultimate.boogie.parser AST 02.05 07:56:40" (1/1) ...
[2019-05-02 19:56:40,193 INFO  L132        PluginConnector]: ------------------------ END Boogie Preprocessor----------------------------
[2019-05-02 19:56:40,194 INFO  L113        PluginConnector]: ------------------------RCFGBuilder----------------------------
[2019-05-02 19:56:40,194 INFO  L271        PluginConnector]: Initializing RCFGBuilder...
[2019-05-02 19:56:40,194 INFO  L276        PluginConnector]: RCFGBuilder initialized
[2019-05-02 19:56:40,195 INFO  L185        PluginConnector]: Executing the observer RCFGBuilderObserver from plugin RCFGBuilder for "121.bpl de.uni_freiburg.informatik.ultimate.boogie.parser AST 02.05 07:56:40" (1/1) ...
No working directory specified, using /home/xuechao/xuechao/work/Lab/Termination/Lasso-Ranker/z3
Starting monitored process 1 with z3 SMTLIB2_COMPLIANT=true -memory:1024 -smt2 -in -t:12000 (exit command is (exit), workingDir is null)
Waiting until toolchain timeout for monitored process 1 with z3 SMTLIB2_COMPLIANT=true -memory:1024 -smt2 -in -t:12000
[2019-05-02 19:56:40,235 INFO  L124     BoogieDeclarations]: Specification and implementation of procedure Selestat given in one single declaration
[2019-05-02 19:56:40,235 INFO  L130     BoogieDeclarations]: Found specification of procedure Selestat
[2019-05-02 19:56:40,235 INFO  L138     BoogieDeclarations]: Found implementation of procedure Selestat
[2019-05-02 19:56:40,314 INFO  L278             CfgBuilder]: Using library mode
[2019-05-02 19:56:40,314 INFO  L286             CfgBuilder]: Removed 0 assue(true) statements.
[2019-05-02 19:56:40,315 INFO  L202        PluginConnector]: Adding new model 121.bpl de.uni_freiburg.informatik.ultimate.plugins.generator.rcfgbuilder CFG 02.05 07:56:40 BoogieIcfgContainer
[2019-05-02 19:56:40,315 INFO  L132        PluginConnector]: ------------------------ END RCFGBuilder----------------------------
[2019-05-02 19:56:40,315 INFO  L113        PluginConnector]: ------------------------LassoRanker----------------------------
[2019-05-02 19:56:40,316 INFO  L271        PluginConnector]: Initializing LassoRanker...
[2019-05-02 19:56:40,316 INFO  L276        PluginConnector]: LassoRanker initialized
[2019-05-02 19:56:40,316 INFO  L185        PluginConnector]: Executing the observer LassoRankerObserver from plugin LassoRanker for "121.bpl de.uni_freiburg.informatik.ultimate.plugins.generator.rcfgbuilder CFG 02.05 07:56:40" (1/1) ...
[2019-05-02 19:56:40,343 INFO  L72            BuchiIsEmpty]: Start buchiIsEmpty. Operand 2 states.
[2019-05-02 19:56:40,358 INFO  L131   ngComponentsAnalysis]: Automaton has 1 accepting balls. 1
[2019-05-02 19:56:40,358 INFO  L87            BuchiIsEmpty]: Finished buchiIsEmpty Result is false
[2019-05-02 19:56:40,358 INFO  L119           BuchiIsEmpty]: Starting construction of run
[2019-05-02 19:56:40,364 INFO  L104     BuchiDifferenceFKV]: Start buchiDifferenceFKV. First operand 2 states. Second operand 1 states.
[2019-05-02 19:56:40,372 INFO  L108     BuchiDifferenceFKV]: Finished buchiDifferenceFKV. First operand 2 states. Second operand 1 states. Result 3 states and 4 transitions. Complement of second has 2 states 2 powerset states0 rank states. The highest rank that occured is -1
[2019-05-02 19:56:40,373 INFO  L72            BuchiIsEmpty]: Start buchiIsEmpty. Operand 3 states and 4 transitions.
[2019-05-02 19:56:40,373 INFO  L131   ngComponentsAnalysis]: Automaton has 0 accepting balls. 0
[2019-05-02 19:56:40,373 INFO  L87            BuchiIsEmpty]: Finished buchiIsEmpty Result is true
[2019-05-02 19:56:40,423 INFO  L216          LassoAnalysis]: Preferences:
[2019-05-02 19:56:40,424 INFO  L124   ssoRankerPreferences]: Compute integeral hull: false
[2019-05-02 19:56:40,424 INFO  L125   ssoRankerPreferences]: Enable LassoPartitioneer: true
[2019-05-02 19:56:40,424 INFO  L126   ssoRankerPreferences]: Term annotations enabled: false
[2019-05-02 19:56:40,425 INFO  L127   ssoRankerPreferences]: Use exernal solver: true
[2019-05-02 19:56:40,425 INFO  L128   ssoRankerPreferences]: SMT solver command: z3 -smt2 -in SMTLIB2_COMPLIANT=true
[2019-05-02 19:56:40,425 INFO  L129   ssoRankerPreferences]: Dump SMT script to file: false
[2019-05-02 19:56:40,425 INFO  L130   ssoRankerPreferences]: Path of dumped script: .
[2019-05-02 19:56:40,425 INFO  L131   ssoRankerPreferences]: Filename of dumped script: LassoRankerScript
[2019-05-02 19:56:40,425 INFO  L132   ssoRankerPreferences]: MapElimAlgo: Frank
[2019-05-02 19:56:40,425 INFO  L282          LassoAnalysis]: Starting lasso preprocessing...
[2019-05-02 19:56:40,440 INFO  L141          MapEliminator]: Using MapEliminator with SimplificationTechnique=SIMPLIFY_DDA XnfConversionTechnique=BOTTOM_UP_WITH_LOCAL_SIMPLIFICATION AddInequalities=false OnlyTrivialImplicationsArrayWrite=false OnlyTrivialImplicationsForModifiedArguments=true OnlyArgumentsInFormula=true
[2019-05-02 19:56:40,491 INFO  L300          LassoAnalysis]: Preprocessing complete.
[2019-05-02 19:56:40,492 INFO  L412          LassoAnalysis]: Checking for nontermination...
No working directory specified, using /home/xuechao/xuechao/work/Lab/Termination/Lasso-Ranker/z3
Starting monitored process 2 with z3 -smt2 -in SMTLIB2_COMPLIANT=true (exit command is (exit), workingDir is null)
Waiting until toolchain timeout for monitored process 2 with z3 -smt2 -in SMTLIB2_COMPLIANT=true
[2019-05-02 19:56:40,497 INFO  L151   nArgumentSynthesizer]: Nontermination analysis: LINEAR_WITH_GUESSES Allow bounded executions: true Number of generalized eigenvectors: 0 Nilpotent components: true
[2019-05-02 19:56:40,497 INFO  L163   nArgumentSynthesizer]: Using integer mode.
No working directory specified, using /home/xuechao/xuechao/work/Lab/Termination/Lasso-Ranker/z3
Starting monitored process 3 with z3 -smt2 -in SMTLIB2_COMPLIANT=true (exit command is (exit), workingDir is null)
Waiting until toolchain timeout for monitored process 3 with z3 -smt2 -in SMTLIB2_COMPLIANT=true
[2019-05-02 19:56:40,521 INFO  L151   nArgumentSynthesizer]: Nontermination analysis: LINEAR_WITH_GUESSES Allow bounded executions: true Number of generalized eigenvectors: 3 Nilpotent components: true
[2019-05-02 19:56:40,521 INFO  L163   nArgumentSynthesizer]: Using integer mode.
[2019-05-02 19:56:40,542 INFO  L452          LassoAnalysis]: Proving nontermination failed: No geometric nontermination argument exists.
[2019-05-02 19:56:40,544 INFO  L216          LassoAnalysis]: Preferences:
[2019-05-02 19:56:40,544 INFO  L124   ssoRankerPreferences]: Compute integeral hull: false
[2019-05-02 19:56:40,544 INFO  L125   ssoRankerPreferences]: Enable LassoPartitioneer: true
[2019-05-02 19:56:40,544 INFO  L126   ssoRankerPreferences]: Term annotations enabled: false
[2019-05-02 19:56:40,544 INFO  L127   ssoRankerPreferences]: Use exernal solver: true
[2019-05-02 19:56:40,544 INFO  L128   ssoRankerPreferences]: SMT solver command: z3 -smt2 -in SMTLIB2_COMPLIANT=true
[2019-05-02 19:56:40,544 INFO  L129   ssoRankerPreferences]: Dump SMT script to file: false
[2019-05-02 19:56:40,545 INFO  L130   ssoRankerPreferences]: Path of dumped script: .
[2019-05-02 19:56:40,545 INFO  L131   ssoRankerPreferences]: Filename of dumped script: LassoRankerScript
[2019-05-02 19:56:40,545 INFO  L132   ssoRankerPreferences]: MapElimAlgo: Frank
[2019-05-02 19:56:40,545 INFO  L282          LassoAnalysis]: Starting lasso preprocessing...
[2019-05-02 19:56:40,546 INFO  L141          MapEliminator]: Using MapEliminator with SimplificationTechnique=SIMPLIFY_DDA XnfConversionTechnique=BOTTOM_UP_WITH_LOCAL_SIMPLIFICATION AddInequalities=false OnlyTrivialImplicationsArrayWrite=false OnlyTrivialImplicationsForModifiedArguments=true OnlyArgumentsInFormula=true
[2019-05-02 19:56:40,576 INFO  L300          LassoAnalysis]: Preprocessing complete.
[2019-05-02 19:56:40,580 INFO  L497          LassoAnalysis]: Using template 'affine'.
No working directory specified, using /home/xuechao/xuechao/work/Lab/Termination/Lasso-Ranker/z3
Starting monitored process 4 with z3 -smt2 -in SMTLIB2_COMPLIANT=true (exit command is (exit), workingDir is null)
Waiting until toolchain timeout for monitored process 4 with z3 -smt2 -in SMTLIB2_COMPLIANT=true
[2019-05-02 19:56:40,583 INFO  L122   nArgumentSynthesizer]: Termination Analysis Settings:
Termination analysis: LINEAR_WITH_GUESSES
Number of strict supporting invariants: 1
Number of non-strict supporting invariants: 0
Consider only non-deceasing supporting invariants: true
Simplify termination arguments: true
Simplify supporting invariants: trueOverapproximate stem: false
[2019-05-02 19:56:40,584 INFO  L339   nArgumentSynthesizer]: Template has degree 0.
[2019-05-02 19:56:40,584 INFO  L352   nArgumentSynthesizer]: There is no stem transition; disabling supporting invariant generation.
[2019-05-02 19:56:40,585 INFO  L205   nArgumentSynthesizer]: 1 stem disjuncts
[2019-05-02 19:56:40,585 INFO  L206   nArgumentSynthesizer]: 1 loop disjuncts
[2019-05-02 19:56:40,585 INFO  L207   nArgumentSynthesizer]: 2 template conjuncts.
[2019-05-02 19:56:40,587 INFO  L402   nArgumentSynthesizer]: We have 2 Motzkin's Theorem applications.
[2019-05-02 19:56:40,587 INFO  L403   nArgumentSynthesizer]: A total of 0 supporting invariants were added.
[2019-05-02 19:56:40,589 INFO  L530          LassoAnalysis]: Proving termination failed for this template and these settings.
[2019-05-02 19:56:40,604 INFO  L497          LassoAnalysis]: Using template '2-nested'.
No working directory specified, using /home/xuechao/xuechao/work/Lab/Termination/Lasso-Ranker/z3
Starting monitored process 5 with z3 -smt2 -in SMTLIB2_COMPLIANT=true (exit command is (exit), workingDir is null)
Waiting until toolchain timeout for monitored process 5 with z3 -smt2 -in SMTLIB2_COMPLIANT=true
[2019-05-02 19:56:40,606 INFO  L122   nArgumentSynthesizer]: Termination Analysis Settings:
Termination analysis: LINEAR_WITH_GUESSES
Number of strict supporting invariants: 1
Number of non-strict supporting invariants: 0
Consider only non-deceasing supporting invariants: true
Simplify termination arguments: true
Simplify supporting invariants: trueOverapproximate stem: false
[2019-05-02 19:56:40,607 INFO  L339   nArgumentSynthesizer]: Template has degree 0.
[2019-05-02 19:56:40,607 INFO  L352   nArgumentSynthesizer]: There is no stem transition; disabling supporting invariant generation.
[2019-05-02 19:56:40,607 INFO  L205   nArgumentSynthesizer]: 1 stem disjuncts
[2019-05-02 19:56:40,607 INFO  L206   nArgumentSynthesizer]: 1 loop disjuncts
[2019-05-02 19:56:40,608 INFO  L207   nArgumentSynthesizer]: 3 template conjuncts.
[2019-05-02 19:56:40,609 INFO  L402   nArgumentSynthesizer]: We have 3 Motzkin's Theorem applications.
[2019-05-02 19:56:40,609 INFO  L403   nArgumentSynthesizer]: A total of 0 supporting invariants were added.
[2019-05-02 19:56:40,611 INFO  L530          LassoAnalysis]: Proving termination failed for this template and these settings.
[2019-05-02 19:56:40,624 INFO  L497          LassoAnalysis]: Using template '3-nested'.
No working directory specified, using /home/xuechao/xuechao/work/Lab/Termination/Lasso-Ranker/z3
Starting monitored process 6 with z3 -smt2 -in SMTLIB2_COMPLIANT=true (exit command is (exit), workingDir is null)
Waiting until toolchain timeout for monitored process 6 with z3 -smt2 -in SMTLIB2_COMPLIANT=true
[2019-05-02 19:56:40,627 INFO  L122   nArgumentSynthesizer]: Termination Analysis Settings:
Termination analysis: LINEAR_WITH_GUESSES
Number of strict supporting invariants: 1
Number of non-strict supporting invariants: 0
Consider only non-deceasing supporting invariants: true
Simplify termination arguments: true
Simplify supporting invariants: trueOverapproximate stem: false
[2019-05-02 19:56:40,629 INFO  L339   nArgumentSynthesizer]: Template has degree 0.
[2019-05-02 19:56:40,629 INFO  L352   nArgumentSynthesizer]: There is no stem transition; disabling supporting invariant generation.
[2019-05-02 19:56:40,629 INFO  L205   nArgumentSynthesizer]: 1 stem disjuncts
[2019-05-02 19:56:40,629 INFO  L206   nArgumentSynthesizer]: 1 loop disjuncts
[2019-05-02 19:56:40,629 INFO  L207   nArgumentSynthesizer]: 4 template conjuncts.
[2019-05-02 19:56:40,634 INFO  L402   nArgumentSynthesizer]: We have 4 Motzkin's Theorem applications.
[2019-05-02 19:56:40,634 INFO  L403   nArgumentSynthesizer]: A total of 0 supporting invariants were added.
[2019-05-02 19:56:40,636 INFO  L530          LassoAnalysis]: Proving termination failed for this template and these settings.
[2019-05-02 19:56:40,650 INFO  L497          LassoAnalysis]: Using template '4-nested'.
No working directory specified, using /home/xuechao/xuechao/work/Lab/Termination/Lasso-Ranker/z3
Starting monitored process 7 with z3 -smt2 -in SMTLIB2_COMPLIANT=true (exit command is (exit), workingDir is null)
Waiting until toolchain timeout for monitored process 7 with z3 -smt2 -in SMTLIB2_COMPLIANT=true
[2019-05-02 19:56:40,653 INFO  L122   nArgumentSynthesizer]: Termination Analysis Settings:
Termination analysis: LINEAR_WITH_GUESSES
Number of strict supporting invariants: 1
Number of non-strict supporting invariants: 0
Consider only non-deceasing supporting invariants: true
Simplify termination arguments: true
Simplify supporting invariants: trueOverapproximate stem: false
[2019-05-02 19:56:40,655 INFO  L339   nArgumentSynthesizer]: Template has degree 0.
[2019-05-02 19:56:40,655 INFO  L352   nArgumentSynthesizer]: There is no stem transition; disabling supporting invariant generation.
[2019-05-02 19:56:40,655 INFO  L205   nArgumentSynthesizer]: 1 stem disjuncts
[2019-05-02 19:56:40,655 INFO  L206   nArgumentSynthesizer]: 1 loop disjuncts
[2019-05-02 19:56:40,655 INFO  L207   nArgumentSynthesizer]: 5 template conjuncts.
[2019-05-02 19:56:40,657 INFO  L402   nArgumentSynthesizer]: We have 5 Motzkin's Theorem applications.
[2019-05-02 19:56:40,657 INFO  L403   nArgumentSynthesizer]: A total of 0 supporting invariants were added.
[2019-05-02 19:56:40,660 INFO  L530          LassoAnalysis]: Proving termination failed for this template and these settings.
[2019-05-02 19:56:40,674 INFO  L497          LassoAnalysis]: Using template '2-phase'.
No working directory specified, using /home/xuechao/xuechao/work/Lab/Termination/Lasso-Ranker/z3
Starting monitored process 8 with z3 -smt2 -in SMTLIB2_COMPLIANT=true (exit command is (exit), workingDir is null)
Waiting until toolchain timeout for monitored process 8 with z3 -smt2 -in SMTLIB2_COMPLIANT=true
[2019-05-02 19:56:40,676 INFO  L122   nArgumentSynthesizer]: Termination Analysis Settings:
Termination analysis: LINEAR_WITH_GUESSES
Number of strict supporting invariants: 1
Number of non-strict supporting invariants: 0
Consider only non-deceasing supporting invariants: true
Simplify termination arguments: true
Simplify supporting invariants: trueOverapproximate stem: false
[2019-05-02 19:56:40,677 WARN  L334   nArgumentSynthesizer]: Using a linear SMT query and a templates of degree > 0, hence this method is incomplete.
[2019-05-02 19:56:40,678 INFO  L339   nArgumentSynthesizer]: Template has degree 1.
[2019-05-02 19:56:40,678 INFO  L352   nArgumentSynthesizer]: There is no stem transition; disabling supporting invariant generation.
[2019-05-02 19:56:40,678 INFO  L205   nArgumentSynthesizer]: 1 stem disjuncts
[2019-05-02 19:56:40,678 INFO  L206   nArgumentSynthesizer]: 1 loop disjuncts
[2019-05-02 19:56:40,678 INFO  L207   nArgumentSynthesizer]: 3 template conjuncts.
[2019-05-02 19:56:40,680 INFO  L402   nArgumentSynthesizer]: We have 3 Motzkin's Theorem applications.
[2019-05-02 19:56:40,680 INFO  L403   nArgumentSynthesizer]: A total of 0 supporting invariants were added.
[2019-05-02 19:56:40,683 INFO  L530          LassoAnalysis]: Proving termination failed for this template and these settings.
[2019-05-02 19:56:40,697 INFO  L497          LassoAnalysis]: Using template 'lex(affine, affine)'.
No working directory specified, using /home/xuechao/xuechao/work/Lab/Termination/Lasso-Ranker/z3
Starting monitored process 9 with z3 -smt2 -in SMTLIB2_COMPLIANT=true (exit command is (exit), workingDir is null)
Waiting until toolchain timeout for monitored process 9 with z3 -smt2 -in SMTLIB2_COMPLIANT=true
[2019-05-02 19:56:40,700 INFO  L122   nArgumentSynthesizer]: Termination Analysis Settings:
Termination analysis: LINEAR_WITH_GUESSES
Number of strict supporting invariants: 1
Number of non-strict supporting invariants: 0
Consider only non-deceasing supporting invariants: true
Simplify termination arguments: true
Simplify supporting invariants: trueOverapproximate stem: false
[2019-05-02 19:56:40,702 WARN  L334   nArgumentSynthesizer]: Using a linear SMT query and a templates of degree > 0, hence this method is incomplete.
[2019-05-02 19:56:40,702 INFO  L339   nArgumentSynthesizer]: Template has degree 5.
[2019-05-02 19:56:40,702 INFO  L352   nArgumentSynthesizer]: There is no stem transition; disabling supporting invariant generation.
[2019-05-02 19:56:40,702 INFO  L205   nArgumentSynthesizer]: 1 stem disjuncts
[2019-05-02 19:56:40,703 INFO  L206   nArgumentSynthesizer]: 1 loop disjuncts
[2019-05-02 19:56:40,703 INFO  L207   nArgumentSynthesizer]: 4 template conjuncts.
[2019-05-02 19:56:40,708 INFO  L402   nArgumentSynthesizer]: We have 4 Motzkin's Theorem applications.
[2019-05-02 19:56:40,708 INFO  L403   nArgumentSynthesizer]: A total of 0 supporting invariants were added.
[2019-05-02 19:56:40,711 INFO  L530          LassoAnalysis]: Proving termination failed for this template and these settings.
[2019-05-02 19:56:40,725 INFO  L497          LassoAnalysis]: Using template '2-piece'.
No working directory specified, using /home/xuechao/xuechao/work/Lab/Termination/Lasso-Ranker/z3
Starting monitored process 10 with z3 -smt2 -in SMTLIB2_COMPLIANT=true (exit command is (exit), workingDir is null)
Waiting until toolchain timeout for monitored process 10 with z3 -smt2 -in SMTLIB2_COMPLIANT=true
[2019-05-02 19:56:40,727 INFO  L122   nArgumentSynthesizer]: Termination Analysis Settings:
Termination analysis: LINEAR_WITH_GUESSES
Number of strict supporting invariants: 1
Number of non-strict supporting invariants: 0
Consider only non-deceasing supporting invariants: true
Simplify termination arguments: true
Simplify supporting invariants: trueOverapproximate stem: false
[2019-05-02 19:56:40,729 WARN  L334   nArgumentSynthesizer]: Using a linear SMT query and a templates of degree > 0, hence this method is incomplete.
[2019-05-02 19:56:40,729 INFO  L339   nArgumentSynthesizer]: Template has degree 7.
[2019-05-02 19:56:40,729 INFO  L352   nArgumentSynthesizer]: There is no stem transition; disabling supporting invariant generation.
[2019-05-02 19:56:40,730 INFO  L205   nArgumentSynthesizer]: 1 stem disjuncts
[2019-05-02 19:56:40,730 INFO  L206   nArgumentSynthesizer]: 1 loop disjuncts
[2019-05-02 19:56:40,730 INFO  L207   nArgumentSynthesizer]: 7 template conjuncts.
[2019-05-02 19:56:40,735 INFO  L402   nArgumentSynthesizer]: We have 7 Motzkin's Theorem applications.
[2019-05-02 19:56:40,735 INFO  L403   nArgumentSynthesizer]: A total of 0 supporting invariants were added.
[2019-05-02 19:56:40,745 INFO  L530          LassoAnalysis]: Proving termination failed for this template and these settings.
[2019-05-02 19:56:40,758 INFO  L497          LassoAnalysis]: Using template '2-parallel'.
No working directory specified, using /home/xuechao/xuechao/work/Lab/Termination/Lasso-Ranker/z3
Starting monitored process 11 with z3 -smt2 -in SMTLIB2_COMPLIANT=true (exit command is (exit), workingDir is null)
Waiting until toolchain timeout for monitored process 11 with z3 -smt2 -in SMTLIB2_COMPLIANT=true
[2019-05-02 19:56:40,761 INFO  L122   nArgumentSynthesizer]: Termination Analysis Settings:
Termination analysis: LINEAR_WITH_GUESSES
Number of strict supporting invariants: 1
Number of non-strict supporting invariants: 0
Consider only non-deceasing supporting invariants: true
Simplify termination arguments: true
Simplify supporting invariants: trueOverapproximate stem: false
[2019-05-02 19:56:40,763 WARN  L334   nArgumentSynthesizer]: Using a linear SMT query and a templates of degree > 0, hence this method is incomplete.
[2019-05-02 19:56:40,763 INFO  L339   nArgumentSynthesizer]: Template has degree 4.
[2019-05-02 19:56:40,763 INFO  L352   nArgumentSynthesizer]: There is no stem transition; disabling supporting invariant generation.
[2019-05-02 19:56:40,764 INFO  L205   nArgumentSynthesizer]: 1 stem disjuncts
[2019-05-02 19:56:40,764 INFO  L206   nArgumentSynthesizer]: 1 loop disjuncts
[2019-05-02 19:56:40,764 INFO  L207   nArgumentSynthesizer]: 6 template conjuncts.
[2019-05-02 19:56:40,776 INFO  L402   nArgumentSynthesizer]: We have 6 Motzkin's Theorem applications.
[2019-05-02 19:56:40,776 INFO  L403   nArgumentSynthesizer]: A total of 0 supporting invariants were added.
[2019-05-02 19:56:40,785 INFO  L530          LassoAnalysis]: Proving termination failed for this template and these settings.
[2019-05-02 19:56:40,800 INFO  L489     LassoRankerStarter]: LassoRanker could not prove termination or nontermination of the given linear lasso program.
Templates: AffineTemplate NestedTemplate NestedTemplate NestedTemplate MultiphaseTemplate ComposedLexicographicTemplate PiecewiseTemplate ParallelTemplate
[2019-05-02 19:56:40,800 INFO  L132        PluginConnector]: ------------------------ END LassoRanker----------------------------
[2019-05-02 19:56:40,801 INFO  L168              Benchmark]: Toolchain (without parser) took 637.23 ms. Allocated memory is still 514.9 MB. Free memory was 477.8 MB in the beginning and 414.2 MB in the end (delta: 63.6 MB). Peak memory consumption was 63.6 MB. Max. memory is 11.5 GB.
[2019-05-02 19:56:40,802 INFO  L168              Benchmark]: Boogie PL CUP Parser took 0.11 ms. Allocated memory is still 514.9 MB. Free memory is still 479.3 MB. There was no memory consumed. Max. memory is 11.5 GB.
[2019-05-02 19:56:40,803 INFO  L168              Benchmark]: Boogie Preprocessor took 28.45 ms. Allocated memory is still 514.9 MB. Free memory was 477.8 MB in the beginning and 475.1 MB in the end (delta: 2.7 MB). Peak memory consumption was 2.7 MB. Max. memory is 11.5 GB.
[2019-05-02 19:56:40,803 INFO  L168              Benchmark]: RCFGBuilder took 121.32 ms. Allocated memory is still 514.9 MB. Free memory was 475.1 MB in the beginning and 466.2 MB in the end (delta: 8.9 MB). Peak memory consumption was 8.9 MB. Max. memory is 11.5 GB.
[2019-05-02 19:56:40,804 INFO  L168              Benchmark]: LassoRanker took 485.14 ms. Allocated memory is still 514.9 MB. Free memory was 466.2 MB in the beginning and 414.2 MB in the end (delta: 51.9 MB). Peak memory consumption was 51.9 MB. Max. memory is 11.5 GB.
[2019-05-02 19:56:40,807 INFO  L336   ainManager$Toolchain]: #######################  End [Toolchain 1] #######################
 --- Results ---
 * Results from de.uni_freiburg.informatik.ultimate.core:
  - StatisticsResult: Toolchain Benchmarks
    Benchmark results are:
 * Boogie PL CUP Parser took 0.11 ms. Allocated memory is still 514.9 MB. Free memory is still 479.3 MB. There was no memory consumed. Max. memory is 11.5 GB.
 * Boogie Preprocessor took 28.45 ms. Allocated memory is still 514.9 MB. Free memory was 477.8 MB in the beginning and 475.1 MB in the end (delta: 2.7 MB). Peak memory consumption was 2.7 MB. Max. memory is 11.5 GB.
 * RCFGBuilder took 121.32 ms. Allocated memory is still 514.9 MB. Free memory was 475.1 MB in the beginning and 466.2 MB in the end (delta: 8.9 MB). Peak memory consumption was 8.9 MB. Max. memory is 11.5 GB.
 * LassoRanker took 485.14 ms. Allocated memory is still 514.9 MB. Free memory was 466.2 MB in the beginning and 414.2 MB in the end (delta: 51.9 MB). Peak memory consumption was 51.9 MB. Max. memory is 11.5 GB.
 * Results from de.uni_freiburg.informatik.ultimate.plugins.analysis.lassoranker:
  - NoResult [Line: 8]: LassoRanker could not prove termination
    LassoRanker could not prove termination or nontermination of the given linear lasso program.
Templates: AffineTemplate NestedTemplate NestedTemplate NestedTemplate MultiphaseTemplate ComposedLexicographicTemplate PiecewiseTemplate ParallelTemplate
RESULT: Ultimate could not prove your program: Toolchain returned no result.
Received shutdown request...
