This is Ultimate 0.1.24-16d85fa
[2019-05-02 19:56:48,152 INFO  L170        SettingsManager]: Resetting all preferences to default values...
[2019-05-02 19:56:48,153 INFO  L174        SettingsManager]: Resetting UltimateCore preferences to default values
[2019-05-02 19:56:48,162 INFO  L177        SettingsManager]: Ultimate Commandline Interface provides no preferences, ignoring...
[2019-05-02 19:56:48,162 INFO  L174        SettingsManager]: Resetting Boogie Preprocessor preferences to default values
[2019-05-02 19:56:48,163 INFO  L174        SettingsManager]: Resetting Boogie Procedure Inliner preferences to default values
[2019-05-02 19:56:48,164 INFO  L174        SettingsManager]: Resetting Abstract Interpretation preferences to default values
[2019-05-02 19:56:48,165 INFO  L174        SettingsManager]: Resetting LassoRanker preferences to default values
[2019-05-02 19:56:48,166 INFO  L174        SettingsManager]: Resetting Reaching Definitions preferences to default values
[2019-05-02 19:56:48,167 INFO  L174        SettingsManager]: Resetting SyntaxChecker preferences to default values
[2019-05-02 19:56:48,168 INFO  L177        SettingsManager]: Büchi Program Product provides no preferences, ignoring...
[2019-05-02 19:56:48,168 INFO  L174        SettingsManager]: Resetting LTL2Aut preferences to default values
[2019-05-02 19:56:48,168 INFO  L174        SettingsManager]: Resetting PEA to Boogie preferences to default values
[2019-05-02 19:56:48,169 INFO  L174        SettingsManager]: Resetting BlockEncodingV2 preferences to default values
[2019-05-02 19:56:48,170 INFO  L174        SettingsManager]: Resetting ChcToBoogie preferences to default values
[2019-05-02 19:56:48,170 INFO  L174        SettingsManager]: Resetting AutomataScriptInterpreter preferences to default values
[2019-05-02 19:56:48,171 INFO  L174        SettingsManager]: Resetting BuchiAutomizer preferences to default values
[2019-05-02 19:56:48,172 INFO  L174        SettingsManager]: Resetting CACSL2BoogieTranslator preferences to default values
[2019-05-02 19:56:48,174 INFO  L174        SettingsManager]: Resetting CodeCheck preferences to default values
[2019-05-02 19:56:48,175 INFO  L174        SettingsManager]: Resetting InvariantSynthesis preferences to default values
[2019-05-02 19:56:48,175 INFO  L174        SettingsManager]: Resetting RCFGBuilder preferences to default values
[2019-05-02 19:56:48,176 INFO  L174        SettingsManager]: Resetting TraceAbstraction preferences to default values
[2019-05-02 19:56:48,178 INFO  L177        SettingsManager]: TraceAbstractionConcurrent provides no preferences, ignoring...
[2019-05-02 19:56:48,178 INFO  L177        SettingsManager]: TraceAbstractionWithAFAs provides no preferences, ignoring...
[2019-05-02 19:56:48,178 INFO  L174        SettingsManager]: Resetting TreeAutomizer preferences to default values
[2019-05-02 19:56:48,179 INFO  L174        SettingsManager]: Resetting IcfgTransformer preferences to default values
[2019-05-02 19:56:48,179 INFO  L174        SettingsManager]: Resetting Boogie Printer preferences to default values
[2019-05-02 19:56:48,180 INFO  L174        SettingsManager]: Resetting ReqPrinter preferences to default values
[2019-05-02 19:56:48,180 INFO  L174        SettingsManager]: Resetting Witness Printer preferences to default values
[2019-05-02 19:56:48,181 INFO  L177        SettingsManager]: Boogie PL CUP Parser provides no preferences, ignoring...
[2019-05-02 19:56:48,181 INFO  L174        SettingsManager]: Resetting CDTParser preferences to default values
[2019-05-02 19:56:48,182 INFO  L177        SettingsManager]: AutomataScriptParser provides no preferences, ignoring...
[2019-05-02 19:56:48,182 INFO  L177        SettingsManager]: ReqParser provides no preferences, ignoring...
[2019-05-02 19:56:48,182 INFO  L174        SettingsManager]: Resetting SmtParser preferences to default values
[2019-05-02 19:56:48,182 INFO  L174        SettingsManager]: Resetting Witness Parser preferences to default values
[2019-05-02 19:56:48,183 INFO  L181        SettingsManager]: Finished resetting all preferences to default values...
[2019-05-02 19:56:48,199 INFO  L81    nceAwareModelManager]: Repository-Root is: /tmp
[2019-05-02 19:56:48,207 INFO  L258   ainManager$Toolchain]: [Toolchain 1]: Applicable parser(s) successfully (re)initialized
[2019-05-02 19:56:48,210 INFO  L214   ainManager$Toolchain]: [Toolchain 1]: Toolchain selected.
[2019-05-02 19:56:48,211 INFO  L271        PluginConnector]: Initializing Boogie PL CUP Parser...
[2019-05-02 19:56:48,211 INFO  L276        PluginConnector]: Boogie PL CUP Parser initialized
[2019-05-02 19:56:48,212 INFO  L418   ainManager$Toolchain]: [Toolchain 1]: Parsing single file: /home/xuechao/xuechao/work/Lab/Termination/Lasso-Ranker/Program_non/126.bpl
[2019-05-02 19:56:48,212 INFO  L111           BoogieParser]: Parsing: '/home/xuechao/xuechao/work/Lab/Termination/Lasso-Ranker/Program_non/126.bpl'
[2019-05-02 19:56:48,233 INFO  L296   ainManager$Toolchain]: ####################### [Toolchain 1] #######################
[2019-05-02 19:56:48,235 INFO  L131        ToolchainWalker]: Walking toolchain with 3 elements.
[2019-05-02 19:56:48,235 INFO  L113        PluginConnector]: ------------------------Boogie Preprocessor----------------------------
[2019-05-02 19:56:48,235 INFO  L271        PluginConnector]: Initializing Boogie Preprocessor...
[2019-05-02 19:56:48,235 INFO  L276        PluginConnector]: Boogie Preprocessor initialized
[2019-05-02 19:56:48,252 INFO  L185        PluginConnector]: Executing the observer EnsureBoogieModelObserver from plugin Boogie Preprocessor for "126.bpl de.uni_freiburg.informatik.ultimate.boogie.parser AST 02.05 07:56:48" (1/1) ...
[2019-05-02 19:56:48,253 INFO  L185        PluginConnector]: Executing the observer TypeChecker from plugin Boogie Preprocessor for "126.bpl de.uni_freiburg.informatik.ultimate.boogie.parser AST 02.05 07:56:48" (1/1) ...
[2019-05-02 19:56:48,257 INFO  L185        PluginConnector]: Executing the observer ConstExpander from plugin Boogie Preprocessor for "126.bpl de.uni_freiburg.informatik.ultimate.boogie.parser AST 02.05 07:56:48" (1/1) ...
[2019-05-02 19:56:48,257 INFO  L185        PluginConnector]: Executing the observer StructExpander from plugin Boogie Preprocessor for "126.bpl de.uni_freiburg.informatik.ultimate.boogie.parser AST 02.05 07:56:48" (1/1) ...
[2019-05-02 19:56:48,259 INFO  L185        PluginConnector]: Executing the observer UnstructureCode from plugin Boogie Preprocessor for "126.bpl de.uni_freiburg.informatik.ultimate.boogie.parser AST 02.05 07:56:48" (1/1) ...
[2019-05-02 19:56:48,262 INFO  L185        PluginConnector]: Executing the observer FunctionInliner from plugin Boogie Preprocessor for "126.bpl de.uni_freiburg.informatik.ultimate.boogie.parser AST 02.05 07:56:48" (1/1) ...
[2019-05-02 19:56:48,262 INFO  L185        PluginConnector]: Executing the observer BoogieSymbolTableConstructor from plugin Boogie Preprocessor for "126.bpl de.uni_freiburg.informatik.ultimate.boogie.parser AST 02.05 07:56:48" (1/1) ...
[2019-05-02 19:56:48,263 INFO  L132        PluginConnector]: ------------------------ END Boogie Preprocessor----------------------------
[2019-05-02 19:56:48,264 INFO  L113        PluginConnector]: ------------------------RCFGBuilder----------------------------
[2019-05-02 19:56:48,264 INFO  L271        PluginConnector]: Initializing RCFGBuilder...
[2019-05-02 19:56:48,264 INFO  L276        PluginConnector]: RCFGBuilder initialized
[2019-05-02 19:56:48,264 INFO  L185        PluginConnector]: Executing the observer RCFGBuilderObserver from plugin RCFGBuilder for "126.bpl de.uni_freiburg.informatik.ultimate.boogie.parser AST 02.05 07:56:48" (1/1) ...
No working directory specified, using /home/xuechao/xuechao/work/Lab/Termination/Lasso-Ranker/z3
Starting monitored process 1 with z3 SMTLIB2_COMPLIANT=true -memory:1024 -smt2 -in -t:12000 (exit command is (exit), workingDir is null)
Waiting until toolchain timeout for monitored process 1 with z3 SMTLIB2_COMPLIANT=true -memory:1024 -smt2 -in -t:12000
[2019-05-02 19:56:48,303 INFO  L124     BoogieDeclarations]: Specification and implementation of procedure Thun given in one single declaration
[2019-05-02 19:56:48,303 INFO  L130     BoogieDeclarations]: Found specification of procedure Thun
[2019-05-02 19:56:48,303 INFO  L138     BoogieDeclarations]: Found implementation of procedure Thun
[2019-05-02 19:56:48,379 INFO  L278             CfgBuilder]: Using library mode
[2019-05-02 19:56:48,379 INFO  L286             CfgBuilder]: Removed 0 assue(true) statements.
[2019-05-02 19:56:48,380 INFO  L202        PluginConnector]: Adding new model 126.bpl de.uni_freiburg.informatik.ultimate.plugins.generator.rcfgbuilder CFG 02.05 07:56:48 BoogieIcfgContainer
[2019-05-02 19:56:48,380 INFO  L132        PluginConnector]: ------------------------ END RCFGBuilder----------------------------
[2019-05-02 19:56:48,381 INFO  L113        PluginConnector]: ------------------------LassoRanker----------------------------
[2019-05-02 19:56:48,381 INFO  L271        PluginConnector]: Initializing LassoRanker...
[2019-05-02 19:56:48,381 INFO  L276        PluginConnector]: LassoRanker initialized
[2019-05-02 19:56:48,381 INFO  L185        PluginConnector]: Executing the observer LassoRankerObserver from plugin LassoRanker for "126.bpl de.uni_freiburg.informatik.ultimate.plugins.generator.rcfgbuilder CFG 02.05 07:56:48" (1/1) ...
[2019-05-02 19:56:48,408 INFO  L72            BuchiIsEmpty]: Start buchiIsEmpty. Operand 2 states.
[2019-05-02 19:56:48,424 INFO  L131   ngComponentsAnalysis]: Automaton has 1 accepting balls. 1
[2019-05-02 19:56:48,424 INFO  L87            BuchiIsEmpty]: Finished buchiIsEmpty Result is false
[2019-05-02 19:56:48,424 INFO  L119           BuchiIsEmpty]: Starting construction of run
[2019-05-02 19:56:48,430 INFO  L104     BuchiDifferenceFKV]: Start buchiDifferenceFKV. First operand 2 states. Second operand 1 states.
[2019-05-02 19:56:48,438 INFO  L108     BuchiDifferenceFKV]: Finished buchiDifferenceFKV. First operand 2 states. Second operand 1 states. Result 3 states and 4 transitions. Complement of second has 2 states 2 powerset states0 rank states. The highest rank that occured is -1
[2019-05-02 19:56:48,438 INFO  L72            BuchiIsEmpty]: Start buchiIsEmpty. Operand 3 states and 4 transitions.
[2019-05-02 19:56:48,439 INFO  L131   ngComponentsAnalysis]: Automaton has 0 accepting balls. 0
[2019-05-02 19:56:48,439 INFO  L87            BuchiIsEmpty]: Finished buchiIsEmpty Result is true
[2019-05-02 19:56:48,482 INFO  L216          LassoAnalysis]: Preferences:
[2019-05-02 19:56:48,483 INFO  L124   ssoRankerPreferences]: Compute integeral hull: false
[2019-05-02 19:56:48,483 INFO  L125   ssoRankerPreferences]: Enable LassoPartitioneer: true
[2019-05-02 19:56:48,483 INFO  L126   ssoRankerPreferences]: Term annotations enabled: false
[2019-05-02 19:56:48,483 INFO  L127   ssoRankerPreferences]: Use exernal solver: true
[2019-05-02 19:56:48,484 INFO  L128   ssoRankerPreferences]: SMT solver command: z3 -smt2 -in SMTLIB2_COMPLIANT=true
[2019-05-02 19:56:48,484 INFO  L129   ssoRankerPreferences]: Dump SMT script to file: false
[2019-05-02 19:56:48,484 INFO  L130   ssoRankerPreferences]: Path of dumped script: .
[2019-05-02 19:56:48,484 INFO  L131   ssoRankerPreferences]: Filename of dumped script: LassoRankerScript
[2019-05-02 19:56:48,484 INFO  L132   ssoRankerPreferences]: MapElimAlgo: Frank
[2019-05-02 19:56:48,484 INFO  L282          LassoAnalysis]: Starting lasso preprocessing...
[2019-05-02 19:56:48,500 INFO  L141          MapEliminator]: Using MapEliminator with SimplificationTechnique=SIMPLIFY_DDA XnfConversionTechnique=BOTTOM_UP_WITH_LOCAL_SIMPLIFICATION AddInequalities=false OnlyTrivialImplicationsArrayWrite=false OnlyTrivialImplicationsForModifiedArguments=true OnlyArgumentsInFormula=true
[2019-05-02 19:56:48,576 INFO  L300          LassoAnalysis]: Preprocessing complete.
[2019-05-02 19:56:48,577 INFO  L412          LassoAnalysis]: Checking for nontermination...
No working directory specified, using /home/xuechao/xuechao/work/Lab/Termination/Lasso-Ranker/z3
Starting monitored process 2 with z3 -smt2 -in SMTLIB2_COMPLIANT=true (exit command is (exit), workingDir is null)
Waiting until toolchain timeout for monitored process 2 with z3 -smt2 -in SMTLIB2_COMPLIANT=true
[2019-05-02 19:56:48,583 INFO  L151   nArgumentSynthesizer]: Nontermination analysis: LINEAR_WITH_GUESSES Allow bounded executions: true Number of generalized eigenvectors: 0 Nilpotent components: true
[2019-05-02 19:56:48,584 INFO  L163   nArgumentSynthesizer]: Using integer mode.
No working directory specified, using /home/xuechao/xuechao/work/Lab/Termination/Lasso-Ranker/z3
Starting monitored process 3 with z3 -smt2 -in SMTLIB2_COMPLIANT=true (exit command is (exit), workingDir is null)
Waiting until toolchain timeout for monitored process 3 with z3 -smt2 -in SMTLIB2_COMPLIANT=true
[2019-05-02 19:56:48,605 INFO  L151   nArgumentSynthesizer]: Nontermination analysis: LINEAR_WITH_GUESSES Allow bounded executions: true Number of generalized eigenvectors: 3 Nilpotent components: true
[2019-05-02 19:56:48,605 INFO  L163   nArgumentSynthesizer]: Using integer mode.
[2019-05-02 19:56:48,628 INFO  L452          LassoAnalysis]: Proving nontermination failed: No geometric nontermination argument exists.
[2019-05-02 19:56:48,630 INFO  L216          LassoAnalysis]: Preferences:
[2019-05-02 19:56:48,630 INFO  L124   ssoRankerPreferences]: Compute integeral hull: false
[2019-05-02 19:56:48,630 INFO  L125   ssoRankerPreferences]: Enable LassoPartitioneer: true
[2019-05-02 19:56:48,630 INFO  L126   ssoRankerPreferences]: Term annotations enabled: false
[2019-05-02 19:56:48,630 INFO  L127   ssoRankerPreferences]: Use exernal solver: true
[2019-05-02 19:56:48,630 INFO  L128   ssoRankerPreferences]: SMT solver command: z3 -smt2 -in SMTLIB2_COMPLIANT=true
[2019-05-02 19:56:48,630 INFO  L129   ssoRankerPreferences]: Dump SMT script to file: false
[2019-05-02 19:56:48,630 INFO  L130   ssoRankerPreferences]: Path of dumped script: .
[2019-05-02 19:56:48,630 INFO  L131   ssoRankerPreferences]: Filename of dumped script: LassoRankerScript
[2019-05-02 19:56:48,630 INFO  L132   ssoRankerPreferences]: MapElimAlgo: Frank
[2019-05-02 19:56:48,631 INFO  L282          LassoAnalysis]: Starting lasso preprocessing...
[2019-05-02 19:56:48,632 INFO  L141          MapEliminator]: Using MapEliminator with SimplificationTechnique=SIMPLIFY_DDA XnfConversionTechnique=BOTTOM_UP_WITH_LOCAL_SIMPLIFICATION AddInequalities=false OnlyTrivialImplicationsArrayWrite=false OnlyTrivialImplicationsForModifiedArguments=true OnlyArgumentsInFormula=true
[2019-05-02 19:56:48,691 INFO  L300          LassoAnalysis]: Preprocessing complete.
[2019-05-02 19:56:48,695 INFO  L497          LassoAnalysis]: Using template 'affine'.
No working directory specified, using /home/xuechao/xuechao/work/Lab/Termination/Lasso-Ranker/z3
Starting monitored process 4 with z3 -smt2 -in SMTLIB2_COMPLIANT=true (exit command is (exit), workingDir is null)
Waiting until toolchain timeout for monitored process 4 with z3 -smt2 -in SMTLIB2_COMPLIANT=true
[2019-05-02 19:56:48,698 INFO  L122   nArgumentSynthesizer]: Termination Analysis Settings:
Termination analysis: LINEAR_WITH_GUESSES
Number of strict supporting invariants: 1
Number of non-strict supporting invariants: 0
Consider only non-deceasing supporting invariants: true
Simplify termination arguments: true
Simplify supporting invariants: trueOverapproximate stem: false
[2019-05-02 19:56:48,699 INFO  L339   nArgumentSynthesizer]: Template has degree 0.
[2019-05-02 19:56:48,699 INFO  L352   nArgumentSynthesizer]: There is no stem transition; disabling supporting invariant generation.
[2019-05-02 19:56:48,700 INFO  L205   nArgumentSynthesizer]: 1 stem disjuncts
[2019-05-02 19:56:48,700 INFO  L206   nArgumentSynthesizer]: 1 loop disjuncts
[2019-05-02 19:56:48,700 INFO  L207   nArgumentSynthesizer]: 2 template conjuncts.
[2019-05-02 19:56:48,702 INFO  L402   nArgumentSynthesizer]: We have 2 Motzkin's Theorem applications.
[2019-05-02 19:56:48,703 INFO  L403   nArgumentSynthesizer]: A total of 0 supporting invariants were added.
[2019-05-02 19:56:48,705 INFO  L530          LassoAnalysis]: Proving termination failed for this template and these settings.
[2019-05-02 19:56:48,719 INFO  L497          LassoAnalysis]: Using template '2-nested'.
No working directory specified, using /home/xuechao/xuechao/work/Lab/Termination/Lasso-Ranker/z3
Starting monitored process 5 with z3 -smt2 -in SMTLIB2_COMPLIANT=true (exit command is (exit), workingDir is null)
Waiting until toolchain timeout for monitored process 5 with z3 -smt2 -in SMTLIB2_COMPLIANT=true
[2019-05-02 19:56:48,721 INFO  L122   nArgumentSynthesizer]: Termination Analysis Settings:
Termination analysis: LINEAR_WITH_GUESSES
Number of strict supporting invariants: 1
Number of non-strict supporting invariants: 0
Consider only non-deceasing supporting invariants: true
Simplify termination arguments: true
Simplify supporting invariants: trueOverapproximate stem: false
[2019-05-02 19:56:48,723 INFO  L339   nArgumentSynthesizer]: Template has degree 0.
[2019-05-02 19:56:48,723 INFO  L352   nArgumentSynthesizer]: There is no stem transition; disabling supporting invariant generation.
[2019-05-02 19:56:48,723 INFO  L205   nArgumentSynthesizer]: 1 stem disjuncts
[2019-05-02 19:56:48,724 INFO  L206   nArgumentSynthesizer]: 1 loop disjuncts
[2019-05-02 19:56:48,724 INFO  L207   nArgumentSynthesizer]: 3 template conjuncts.
[2019-05-02 19:56:48,726 INFO  L402   nArgumentSynthesizer]: We have 3 Motzkin's Theorem applications.
[2019-05-02 19:56:48,726 INFO  L403   nArgumentSynthesizer]: A total of 0 supporting invariants were added.
[2019-05-02 19:56:48,729 INFO  L421   nArgumentSynthesizer]: Found a termination argument, trying to simplify.
[2019-05-02 19:56:48,734 INFO  L443   ModelExtractionUtils]: Simplification made 4 calls to the SMT solver.
[2019-05-02 19:56:48,735 INFO  L444   ModelExtractionUtils]: 1 out of 7 variables were initially zero. Simplification set additionally 0 variables to zero.
No working directory specified, using /home/xuechao/xuechao/work/Lab/Termination/Lasso-Ranker/z3
Starting monitored process 6 with z3 -smt2 -in SMTLIB2_COMPLIANT=true (exit command is (exit), workingDir is null)
Waiting until toolchain timeout for monitored process 6 with z3 -smt2 -in SMTLIB2_COMPLIANT=true
[2019-05-02 19:56:48,738 INFO  L437   nArgumentSynthesizer]: Simplifying supporting invariants...
[2019-05-02 19:56:48,738 INFO  L440   nArgumentSynthesizer]: Removed 0 redundant supporting invariants from a total of 0.
[2019-05-02 19:56:48,738 INFO  L518          LassoAnalysis]: Proved termination.
[2019-05-02 19:56:48,739 INFO  L520          LassoAnalysis]: Termination argument consisting of:
Ranking function 2-nested ranking function:
  f0 = 2*Thun_y + 6*Thun_x + 1
  f1 = 2*Thun_x + 1
Supporting invariants []
[2019-05-02 19:56:48,759 INFO  L132        PluginConnector]: ------------------------ END LassoRanker----------------------------
[2019-05-02 19:56:48,759 INFO  L168              Benchmark]: Toolchain (without parser) took 525.49 ms. Allocated memory is still 514.9 MB. Free memory was 475.0 MB in the beginning and 424.2 MB in the end (delta: 50.8 MB). Peak memory consumption was 50.8 MB. Max. memory is 11.5 GB.
[2019-05-02 19:56:48,761 INFO  L168              Benchmark]: Boogie PL CUP Parser took 0.14 ms. Allocated memory is still 514.9 MB. Free memory is still 476.4 MB. There was no memory consumed. Max. memory is 11.5 GB.
[2019-05-02 19:56:48,761 INFO  L168              Benchmark]: Boogie Preprocessor took 28.18 ms. Allocated memory is still 514.9 MB. Free memory was 475.0 MB in the beginning and 472.3 MB in the end (delta: 2.7 MB). Peak memory consumption was 2.7 MB. Max. memory is 11.5 GB.
[2019-05-02 19:56:48,762 INFO  L168              Benchmark]: RCFGBuilder took 116.81 ms. Allocated memory is still 514.9 MB. Free memory was 472.3 MB in the beginning and 464.0 MB in the end (delta: 8.2 MB). Peak memory consumption was 8.2 MB. Max. memory is 11.5 GB.
[2019-05-02 19:56:48,762 INFO  L168              Benchmark]: LassoRanker took 378.17 ms. Allocated memory is still 514.9 MB. Free memory was 462.7 MB in the beginning and 424.2 MB in the end (delta: 38.5 MB). Peak memory consumption was 38.5 MB. Max. memory is 11.5 GB.
[2019-05-02 19:56:48,765 INFO  L336   ainManager$Toolchain]: #######################  End [Toolchain 1] #######################
 --- Results ---
 * Results from de.uni_freiburg.informatik.ultimate.core:
  - StatisticsResult: Toolchain Benchmarks
    Benchmark results are:
 * Boogie PL CUP Parser took 0.14 ms. Allocated memory is still 514.9 MB. Free memory is still 476.4 MB. There was no memory consumed. Max. memory is 11.5 GB.
 * Boogie Preprocessor took 28.18 ms. Allocated memory is still 514.9 MB. Free memory was 475.0 MB in the beginning and 472.3 MB in the end (delta: 2.7 MB). Peak memory consumption was 2.7 MB. Max. memory is 11.5 GB.
 * RCFGBuilder took 116.81 ms. Allocated memory is still 514.9 MB. Free memory was 472.3 MB in the beginning and 464.0 MB in the end (delta: 8.2 MB). Peak memory consumption was 8.2 MB. Max. memory is 11.5 GB.
 * LassoRanker took 378.17 ms. Allocated memory is still 514.9 MB. Free memory was 462.7 MB in the beginning and 424.2 MB in the end (delta: 38.5 MB). Peak memory consumption was 38.5 MB. Max. memory is 11.5 GB.
 * Results from de.uni_freiburg.informatik.ultimate.plugins.analysis.lassoranker:
  - TerminationArgumentResult [Line: 19]: Found 2-nested ranking function
    Found a termination argument consisting of the 2-nested ranking function: [(if 2 * y + 6 * x + 1 > 0 then 1 else 0), (if 2 * y + 6 * x + 1 > 0 then 2 * y + 6 * x + 1 else 2 * x + 1)] for which no supporting invariant is required.
RESULT: Ultimate proved your program to be correct!
Received shutdown request...
