This is Ultimate 0.1.24-16d85fa
[2019-05-02 19:56:52,648 INFO  L170        SettingsManager]: Resetting all preferences to default values...
[2019-05-02 19:56:52,649 INFO  L174        SettingsManager]: Resetting UltimateCore preferences to default values
[2019-05-02 19:56:52,659 INFO  L177        SettingsManager]: Ultimate Commandline Interface provides no preferences, ignoring...
[2019-05-02 19:56:52,659 INFO  L174        SettingsManager]: Resetting Boogie Preprocessor preferences to default values
[2019-05-02 19:56:52,660 INFO  L174        SettingsManager]: Resetting Boogie Procedure Inliner preferences to default values
[2019-05-02 19:56:52,661 INFO  L174        SettingsManager]: Resetting Abstract Interpretation preferences to default values
[2019-05-02 19:56:52,662 INFO  L174        SettingsManager]: Resetting LassoRanker preferences to default values
[2019-05-02 19:56:52,663 INFO  L174        SettingsManager]: Resetting Reaching Definitions preferences to default values
[2019-05-02 19:56:52,664 INFO  L174        SettingsManager]: Resetting SyntaxChecker preferences to default values
[2019-05-02 19:56:52,665 INFO  L177        SettingsManager]: Büchi Program Product provides no preferences, ignoring...
[2019-05-02 19:56:52,665 INFO  L174        SettingsManager]: Resetting LTL2Aut preferences to default values
[2019-05-02 19:56:52,665 INFO  L174        SettingsManager]: Resetting PEA to Boogie preferences to default values
[2019-05-02 19:56:52,666 INFO  L174        SettingsManager]: Resetting BlockEncodingV2 preferences to default values
[2019-05-02 19:56:52,667 INFO  L174        SettingsManager]: Resetting ChcToBoogie preferences to default values
[2019-05-02 19:56:52,667 INFO  L174        SettingsManager]: Resetting AutomataScriptInterpreter preferences to default values
[2019-05-02 19:56:52,668 INFO  L174        SettingsManager]: Resetting BuchiAutomizer preferences to default values
[2019-05-02 19:56:52,669 INFO  L174        SettingsManager]: Resetting CACSL2BoogieTranslator preferences to default values
[2019-05-02 19:56:52,671 INFO  L174        SettingsManager]: Resetting CodeCheck preferences to default values
[2019-05-02 19:56:52,672 INFO  L174        SettingsManager]: Resetting InvariantSynthesis preferences to default values
[2019-05-02 19:56:52,672 INFO  L174        SettingsManager]: Resetting RCFGBuilder preferences to default values
[2019-05-02 19:56:52,673 INFO  L174        SettingsManager]: Resetting TraceAbstraction preferences to default values
[2019-05-02 19:56:52,675 INFO  L177        SettingsManager]: TraceAbstractionConcurrent provides no preferences, ignoring...
[2019-05-02 19:56:52,675 INFO  L177        SettingsManager]: TraceAbstractionWithAFAs provides no preferences, ignoring...
[2019-05-02 19:56:52,675 INFO  L174        SettingsManager]: Resetting TreeAutomizer preferences to default values
[2019-05-02 19:56:52,676 INFO  L174        SettingsManager]: Resetting IcfgTransformer preferences to default values
[2019-05-02 19:56:52,677 INFO  L174        SettingsManager]: Resetting Boogie Printer preferences to default values
[2019-05-02 19:56:52,677 INFO  L174        SettingsManager]: Resetting ReqPrinter preferences to default values
[2019-05-02 19:56:52,678 INFO  L174        SettingsManager]: Resetting Witness Printer preferences to default values
[2019-05-02 19:56:52,678 INFO  L177        SettingsManager]: Boogie PL CUP Parser provides no preferences, ignoring...
[2019-05-02 19:56:52,678 INFO  L174        SettingsManager]: Resetting CDTParser preferences to default values
[2019-05-02 19:56:52,679 INFO  L177        SettingsManager]: AutomataScriptParser provides no preferences, ignoring...
[2019-05-02 19:56:52,679 INFO  L177        SettingsManager]: ReqParser provides no preferences, ignoring...
[2019-05-02 19:56:52,679 INFO  L174        SettingsManager]: Resetting SmtParser preferences to default values
[2019-05-02 19:56:52,680 INFO  L174        SettingsManager]: Resetting Witness Parser preferences to default values
[2019-05-02 19:56:52,680 INFO  L181        SettingsManager]: Finished resetting all preferences to default values...
[2019-05-02 19:56:52,697 INFO  L81    nceAwareModelManager]: Repository-Root is: /tmp
[2019-05-02 19:56:52,705 INFO  L258   ainManager$Toolchain]: [Toolchain 1]: Applicable parser(s) successfully (re)initialized
[2019-05-02 19:56:52,709 INFO  L214   ainManager$Toolchain]: [Toolchain 1]: Toolchain selected.
[2019-05-02 19:56:52,710 INFO  L271        PluginConnector]: Initializing Boogie PL CUP Parser...
[2019-05-02 19:56:52,710 INFO  L276        PluginConnector]: Boogie PL CUP Parser initialized
[2019-05-02 19:56:52,711 INFO  L418   ainManager$Toolchain]: [Toolchain 1]: Parsing single file: /home/xuechao/xuechao/work/Lab/Termination/Lasso-Ranker/Program_non/129.bpl
[2019-05-02 19:56:52,711 INFO  L111           BoogieParser]: Parsing: '/home/xuechao/xuechao/work/Lab/Termination/Lasso-Ranker/Program_non/129.bpl'
[2019-05-02 19:56:52,732 INFO  L296   ainManager$Toolchain]: ####################### [Toolchain 1] #######################
[2019-05-02 19:56:52,733 INFO  L131        ToolchainWalker]: Walking toolchain with 3 elements.
[2019-05-02 19:56:52,733 INFO  L113        PluginConnector]: ------------------------Boogie Preprocessor----------------------------
[2019-05-02 19:56:52,734 INFO  L271        PluginConnector]: Initializing Boogie Preprocessor...
[2019-05-02 19:56:52,734 INFO  L276        PluginConnector]: Boogie Preprocessor initialized
[2019-05-02 19:56:52,750 INFO  L185        PluginConnector]: Executing the observer EnsureBoogieModelObserver from plugin Boogie Preprocessor for "129.bpl de.uni_freiburg.informatik.ultimate.boogie.parser AST 02.05 07:56:52" (1/1) ...
[2019-05-02 19:56:52,751 INFO  L185        PluginConnector]: Executing the observer TypeChecker from plugin Boogie Preprocessor for "129.bpl de.uni_freiburg.informatik.ultimate.boogie.parser AST 02.05 07:56:52" (1/1) ...
[2019-05-02 19:56:52,755 INFO  L185        PluginConnector]: Executing the observer ConstExpander from plugin Boogie Preprocessor for "129.bpl de.uni_freiburg.informatik.ultimate.boogie.parser AST 02.05 07:56:52" (1/1) ...
[2019-05-02 19:56:52,755 INFO  L185        PluginConnector]: Executing the observer StructExpander from plugin Boogie Preprocessor for "129.bpl de.uni_freiburg.informatik.ultimate.boogie.parser AST 02.05 07:56:52" (1/1) ...
[2019-05-02 19:56:52,757 INFO  L185        PluginConnector]: Executing the observer UnstructureCode from plugin Boogie Preprocessor for "129.bpl de.uni_freiburg.informatik.ultimate.boogie.parser AST 02.05 07:56:52" (1/1) ...
[2019-05-02 19:56:52,760 INFO  L185        PluginConnector]: Executing the observer FunctionInliner from plugin Boogie Preprocessor for "129.bpl de.uni_freiburg.informatik.ultimate.boogie.parser AST 02.05 07:56:52" (1/1) ...
[2019-05-02 19:56:52,760 INFO  L185        PluginConnector]: Executing the observer BoogieSymbolTableConstructor from plugin Boogie Preprocessor for "129.bpl de.uni_freiburg.informatik.ultimate.boogie.parser AST 02.05 07:56:52" (1/1) ...
[2019-05-02 19:56:52,761 INFO  L132        PluginConnector]: ------------------------ END Boogie Preprocessor----------------------------
[2019-05-02 19:56:52,762 INFO  L113        PluginConnector]: ------------------------RCFGBuilder----------------------------
[2019-05-02 19:56:52,762 INFO  L271        PluginConnector]: Initializing RCFGBuilder...
[2019-05-02 19:56:52,762 INFO  L276        PluginConnector]: RCFGBuilder initialized
[2019-05-02 19:56:52,763 INFO  L185        PluginConnector]: Executing the observer RCFGBuilderObserver from plugin RCFGBuilder for "129.bpl de.uni_freiburg.informatik.ultimate.boogie.parser AST 02.05 07:56:52" (1/1) ...
No working directory specified, using /home/xuechao/xuechao/work/Lab/Termination/Lasso-Ranker/z3
Starting monitored process 1 with z3 SMTLIB2_COMPLIANT=true -memory:1024 -smt2 -in -t:12000 (exit command is (exit), workingDir is null)
Waiting until toolchain timeout for monitored process 1 with z3 SMTLIB2_COMPLIANT=true -memory:1024 -smt2 -in -t:12000
[2019-05-02 19:56:52,802 INFO  L124     BoogieDeclarations]: Specification and implementation of procedure Waldkirch given in one single declaration
[2019-05-02 19:56:52,802 INFO  L130     BoogieDeclarations]: Found specification of procedure Waldkirch
[2019-05-02 19:56:52,802 INFO  L138     BoogieDeclarations]: Found implementation of procedure Waldkirch
[2019-05-02 19:56:52,892 INFO  L278             CfgBuilder]: Using library mode
[2019-05-02 19:56:52,893 INFO  L286             CfgBuilder]: Removed 0 assue(true) statements.
[2019-05-02 19:56:52,893 INFO  L202        PluginConnector]: Adding new model 129.bpl de.uni_freiburg.informatik.ultimate.plugins.generator.rcfgbuilder CFG 02.05 07:56:52 BoogieIcfgContainer
[2019-05-02 19:56:52,893 INFO  L132        PluginConnector]: ------------------------ END RCFGBuilder----------------------------
[2019-05-02 19:56:52,898 INFO  L113        PluginConnector]: ------------------------LassoRanker----------------------------
[2019-05-02 19:56:52,898 INFO  L271        PluginConnector]: Initializing LassoRanker...
[2019-05-02 19:56:52,898 INFO  L276        PluginConnector]: LassoRanker initialized
[2019-05-02 19:56:52,898 INFO  L185        PluginConnector]: Executing the observer LassoRankerObserver from plugin LassoRanker for "129.bpl de.uni_freiburg.informatik.ultimate.plugins.generator.rcfgbuilder CFG 02.05 07:56:52" (1/1) ...
[2019-05-02 19:56:52,921 INFO  L72            BuchiIsEmpty]: Start buchiIsEmpty. Operand 2 states.
[2019-05-02 19:56:52,937 INFO  L131   ngComponentsAnalysis]: Automaton has 1 accepting balls. 1
[2019-05-02 19:56:52,937 INFO  L87            BuchiIsEmpty]: Finished buchiIsEmpty Result is false
[2019-05-02 19:56:52,938 INFO  L119           BuchiIsEmpty]: Starting construction of run
[2019-05-02 19:56:52,943 INFO  L104     BuchiDifferenceFKV]: Start buchiDifferenceFKV. First operand 2 states. Second operand 1 states.
[2019-05-02 19:56:52,952 INFO  L108     BuchiDifferenceFKV]: Finished buchiDifferenceFKV. First operand 2 states. Second operand 1 states. Result 3 states and 4 transitions. Complement of second has 2 states 2 powerset states0 rank states. The highest rank that occured is -1
[2019-05-02 19:56:52,952 INFO  L72            BuchiIsEmpty]: Start buchiIsEmpty. Operand 3 states and 4 transitions.
[2019-05-02 19:56:52,952 INFO  L131   ngComponentsAnalysis]: Automaton has 0 accepting balls. 0
[2019-05-02 19:56:52,952 INFO  L87            BuchiIsEmpty]: Finished buchiIsEmpty Result is true
[2019-05-02 19:56:52,986 INFO  L216          LassoAnalysis]: Preferences:
[2019-05-02 19:56:52,987 INFO  L124   ssoRankerPreferences]: Compute integeral hull: false
[2019-05-02 19:56:52,987 INFO  L125   ssoRankerPreferences]: Enable LassoPartitioneer: true
[2019-05-02 19:56:52,987 INFO  L126   ssoRankerPreferences]: Term annotations enabled: false
[2019-05-02 19:56:52,988 INFO  L127   ssoRankerPreferences]: Use exernal solver: true
[2019-05-02 19:56:52,988 INFO  L128   ssoRankerPreferences]: SMT solver command: z3 -smt2 -in SMTLIB2_COMPLIANT=true
[2019-05-02 19:56:52,988 INFO  L129   ssoRankerPreferences]: Dump SMT script to file: false
[2019-05-02 19:56:52,988 INFO  L130   ssoRankerPreferences]: Path of dumped script: .
[2019-05-02 19:56:52,988 INFO  L131   ssoRankerPreferences]: Filename of dumped script: LassoRankerScript
[2019-05-02 19:56:52,988 INFO  L132   ssoRankerPreferences]: MapElimAlgo: Frank
[2019-05-02 19:56:52,988 INFO  L282          LassoAnalysis]: Starting lasso preprocessing...
[2019-05-02 19:56:53,004 INFO  L141          MapEliminator]: Using MapEliminator with SimplificationTechnique=SIMPLIFY_DDA XnfConversionTechnique=BOTTOM_UP_WITH_LOCAL_SIMPLIFICATION AddInequalities=false OnlyTrivialImplicationsArrayWrite=false OnlyTrivialImplicationsForModifiedArguments=true OnlyArgumentsInFormula=true
[2019-05-02 19:56:53,077 INFO  L300          LassoAnalysis]: Preprocessing complete.
[2019-05-02 19:56:53,077 INFO  L412          LassoAnalysis]: Checking for nontermination...
No working directory specified, using /home/xuechao/xuechao/work/Lab/Termination/Lasso-Ranker/z3
Starting monitored process 2 with z3 -smt2 -in SMTLIB2_COMPLIANT=true (exit command is (exit), workingDir is null)
Waiting until toolchain timeout for monitored process 2 with z3 -smt2 -in SMTLIB2_COMPLIANT=true
[2019-05-02 19:56:53,083 INFO  L151   nArgumentSynthesizer]: Nontermination analysis: LINEAR_WITH_GUESSES Allow bounded executions: true Number of generalized eigenvectors: 0 Nilpotent components: true
[2019-05-02 19:56:53,084 INFO  L163   nArgumentSynthesizer]: Using integer mode.
No working directory specified, using /home/xuechao/xuechao/work/Lab/Termination/Lasso-Ranker/z3
Starting monitored process 3 with z3 -smt2 -in SMTLIB2_COMPLIANT=true (exit command is (exit), workingDir is null)
Waiting until toolchain timeout for monitored process 3 with z3 -smt2 -in SMTLIB2_COMPLIANT=true
[2019-05-02 19:56:53,103 INFO  L151   nArgumentSynthesizer]: Nontermination analysis: LINEAR_WITH_GUESSES Allow bounded executions: true Number of generalized eigenvectors: 3 Nilpotent components: true
[2019-05-02 19:56:53,104 INFO  L163   nArgumentSynthesizer]: Using integer mode.
[2019-05-02 19:56:53,124 INFO  L452          LassoAnalysis]: Proving nontermination failed: No geometric nontermination argument exists.
[2019-05-02 19:56:53,126 INFO  L216          LassoAnalysis]: Preferences:
[2019-05-02 19:56:53,126 INFO  L124   ssoRankerPreferences]: Compute integeral hull: false
[2019-05-02 19:56:53,126 INFO  L125   ssoRankerPreferences]: Enable LassoPartitioneer: true
[2019-05-02 19:56:53,126 INFO  L126   ssoRankerPreferences]: Term annotations enabled: false
[2019-05-02 19:56:53,126 INFO  L127   ssoRankerPreferences]: Use exernal solver: true
[2019-05-02 19:56:53,127 INFO  L128   ssoRankerPreferences]: SMT solver command: z3 -smt2 -in SMTLIB2_COMPLIANT=true
[2019-05-02 19:56:53,127 INFO  L129   ssoRankerPreferences]: Dump SMT script to file: false
[2019-05-02 19:56:53,127 INFO  L130   ssoRankerPreferences]: Path of dumped script: .
[2019-05-02 19:56:53,127 INFO  L131   ssoRankerPreferences]: Filename of dumped script: LassoRankerScript
[2019-05-02 19:56:53,127 INFO  L132   ssoRankerPreferences]: MapElimAlgo: Frank
[2019-05-02 19:56:53,127 INFO  L282          LassoAnalysis]: Starting lasso preprocessing...
[2019-05-02 19:56:53,128 INFO  L141          MapEliminator]: Using MapEliminator with SimplificationTechnique=SIMPLIFY_DDA XnfConversionTechnique=BOTTOM_UP_WITH_LOCAL_SIMPLIFICATION AddInequalities=false OnlyTrivialImplicationsArrayWrite=false OnlyTrivialImplicationsForModifiedArguments=true OnlyArgumentsInFormula=true
[2019-05-02 19:56:53,152 INFO  L300          LassoAnalysis]: Preprocessing complete.
[2019-05-02 19:56:53,156 INFO  L497          LassoAnalysis]: Using template 'affine'.
No working directory specified, using /home/xuechao/xuechao/work/Lab/Termination/Lasso-Ranker/z3
Starting monitored process 4 with z3 -smt2 -in SMTLIB2_COMPLIANT=true (exit command is (exit), workingDir is null)
Waiting until toolchain timeout for monitored process 4 with z3 -smt2 -in SMTLIB2_COMPLIANT=true
[2019-05-02 19:56:53,161 INFO  L122   nArgumentSynthesizer]: Termination Analysis Settings:
Termination analysis: LINEAR_WITH_GUESSES
Number of strict supporting invariants: 1
Number of non-strict supporting invariants: 0
Consider only non-deceasing supporting invariants: true
Simplify termination arguments: true
Simplify supporting invariants: trueOverapproximate stem: false
[2019-05-02 19:56:53,163 INFO  L339   nArgumentSynthesizer]: Template has degree 0.
[2019-05-02 19:56:53,163 INFO  L352   nArgumentSynthesizer]: There is no stem transition; disabling supporting invariant generation.
[2019-05-02 19:56:53,164 INFO  L205   nArgumentSynthesizer]: 1 stem disjuncts
[2019-05-02 19:56:53,164 INFO  L206   nArgumentSynthesizer]: 1 loop disjuncts
[2019-05-02 19:56:53,164 INFO  L207   nArgumentSynthesizer]: 2 template conjuncts.
[2019-05-02 19:56:53,166 INFO  L402   nArgumentSynthesizer]: We have 2 Motzkin's Theorem applications.
[2019-05-02 19:56:53,166 INFO  L403   nArgumentSynthesizer]: A total of 0 supporting invariants were added.
[2019-05-02 19:56:53,168 INFO  L421   nArgumentSynthesizer]: Found a termination argument, trying to simplify.
[2019-05-02 19:56:53,173 INFO  L443   ModelExtractionUtils]: Simplification made 3 calls to the SMT solver.
[2019-05-02 19:56:53,173 INFO  L444   ModelExtractionUtils]: 0 out of 3 variables were initially zero. Simplification set additionally 0 variables to zero.
No working directory specified, using /home/xuechao/xuechao/work/Lab/Termination/Lasso-Ranker/z3
Starting monitored process 5 with z3 -smt2 -in SMTLIB2_COMPLIANT=true (exit command is (exit), workingDir is null)
Waiting until toolchain timeout for monitored process 5 with z3 -smt2 -in SMTLIB2_COMPLIANT=true
[2019-05-02 19:56:53,177 INFO  L437   nArgumentSynthesizer]: Simplifying supporting invariants...
[2019-05-02 19:56:53,177 INFO  L440   nArgumentSynthesizer]: Removed 0 redundant supporting invariants from a total of 0.
[2019-05-02 19:56:53,177 INFO  L518          LassoAnalysis]: Proved termination.
[2019-05-02 19:56:53,178 INFO  L520          LassoAnalysis]: Termination argument consisting of:
Ranking function f(Waldkirch_x) = 2*Waldkirch_x + 2097
Supporting invariants []
[2019-05-02 19:56:53,197 INFO  L132        PluginConnector]: ------------------------ END LassoRanker----------------------------
[2019-05-02 19:56:53,198 INFO  L168              Benchmark]: Toolchain (without parser) took 465.35 ms. Allocated memory is still 514.9 MB. Free memory was 474.9 MB in the beginning and 432.4 MB in the end (delta: 42.5 MB). Peak memory consumption was 42.5 MB. Max. memory is 11.5 GB.
[2019-05-02 19:56:53,199 INFO  L168              Benchmark]: Boogie PL CUP Parser took 0.12 ms. Allocated memory is still 514.9 MB. Free memory is still 476.4 MB. There was no memory consumed. Max. memory is 11.5 GB.
[2019-05-02 19:56:53,200 INFO  L168              Benchmark]: Boogie Preprocessor took 27.89 ms. Allocated memory is still 514.9 MB. Free memory was 474.9 MB in the beginning and 472.3 MB in the end (delta: 2.7 MB). Peak memory consumption was 2.7 MB. Max. memory is 11.5 GB.
[2019-05-02 19:56:53,200 INFO  L168              Benchmark]: RCFGBuilder took 131.99 ms. Allocated memory is still 514.9 MB. Free memory was 472.3 MB in the beginning and 462.8 MB in the end (delta: 9.4 MB). Peak memory consumption was 9.4 MB. Max. memory is 11.5 GB.
[2019-05-02 19:56:53,201 INFO  L168              Benchmark]: LassoRanker took 299.73 ms. Allocated memory is still 514.9 MB. Free memory was 462.8 MB in the beginning and 432.4 MB in the end (delta: 30.4 MB). Peak memory consumption was 30.4 MB. Max. memory is 11.5 GB.
[2019-05-02 19:56:53,203 INFO  L336   ainManager$Toolchain]: #######################  End [Toolchain 1] #######################
 --- Results ---
 * Results from de.uni_freiburg.informatik.ultimate.core:
  - StatisticsResult: Toolchain Benchmarks
    Benchmark results are:
 * Boogie PL CUP Parser took 0.12 ms. Allocated memory is still 514.9 MB. Free memory is still 476.4 MB. There was no memory consumed. Max. memory is 11.5 GB.
 * Boogie Preprocessor took 27.89 ms. Allocated memory is still 514.9 MB. Free memory was 474.9 MB in the beginning and 472.3 MB in the end (delta: 2.7 MB). Peak memory consumption was 2.7 MB. Max. memory is 11.5 GB.
 * RCFGBuilder took 131.99 ms. Allocated memory is still 514.9 MB. Free memory was 472.3 MB in the beginning and 462.8 MB in the end (delta: 9.4 MB). Peak memory consumption was 9.4 MB. Max. memory is 11.5 GB.
 * LassoRanker took 299.73 ms. Allocated memory is still 514.9 MB. Free memory was 462.8 MB in the beginning and 432.4 MB in the end (delta: 30.4 MB). Peak memory consumption was 30.4 MB. Max. memory is 11.5 GB.
 * Results from de.uni_freiburg.informatik.ultimate.plugins.analysis.lassoranker:
  - TerminationArgumentResult [Line: 10]: Found affine ranking function
    Found a termination argument consisting of the affine ranking function: [2 * x + 2097] for which no supporting invariant is required.
RESULT: Ultimate proved your program to be correct!
Received shutdown request...
