This is Ultimate 0.1.24-16d85fa
[2019-05-02 19:57:12,173 INFO  L170        SettingsManager]: Resetting all preferences to default values...
[2019-05-02 19:57:12,175 INFO  L174        SettingsManager]: Resetting UltimateCore preferences to default values
[2019-05-02 19:57:12,184 INFO  L177        SettingsManager]: Ultimate Commandline Interface provides no preferences, ignoring...
[2019-05-02 19:57:12,184 INFO  L174        SettingsManager]: Resetting Boogie Preprocessor preferences to default values
[2019-05-02 19:57:12,185 INFO  L174        SettingsManager]: Resetting Boogie Procedure Inliner preferences to default values
[2019-05-02 19:57:12,186 INFO  L174        SettingsManager]: Resetting Abstract Interpretation preferences to default values
[2019-05-02 19:57:12,187 INFO  L174        SettingsManager]: Resetting LassoRanker preferences to default values
[2019-05-02 19:57:12,188 INFO  L174        SettingsManager]: Resetting Reaching Definitions preferences to default values
[2019-05-02 19:57:12,188 INFO  L174        SettingsManager]: Resetting SyntaxChecker preferences to default values
[2019-05-02 19:57:12,189 INFO  L177        SettingsManager]: Büchi Program Product provides no preferences, ignoring...
[2019-05-02 19:57:12,189 INFO  L174        SettingsManager]: Resetting LTL2Aut preferences to default values
[2019-05-02 19:57:12,190 INFO  L174        SettingsManager]: Resetting PEA to Boogie preferences to default values
[2019-05-02 19:57:12,190 INFO  L174        SettingsManager]: Resetting BlockEncodingV2 preferences to default values
[2019-05-02 19:57:12,191 INFO  L174        SettingsManager]: Resetting ChcToBoogie preferences to default values
[2019-05-02 19:57:12,191 INFO  L174        SettingsManager]: Resetting AutomataScriptInterpreter preferences to default values
[2019-05-02 19:57:12,192 INFO  L174        SettingsManager]: Resetting BuchiAutomizer preferences to default values
[2019-05-02 19:57:12,193 INFO  L174        SettingsManager]: Resetting CACSL2BoogieTranslator preferences to default values
[2019-05-02 19:57:12,195 INFO  L174        SettingsManager]: Resetting CodeCheck preferences to default values
[2019-05-02 19:57:12,196 INFO  L174        SettingsManager]: Resetting InvariantSynthesis preferences to default values
[2019-05-02 19:57:12,196 INFO  L174        SettingsManager]: Resetting RCFGBuilder preferences to default values
[2019-05-02 19:57:12,197 INFO  L174        SettingsManager]: Resetting TraceAbstraction preferences to default values
[2019-05-02 19:57:12,199 INFO  L177        SettingsManager]: TraceAbstractionConcurrent provides no preferences, ignoring...
[2019-05-02 19:57:12,199 INFO  L177        SettingsManager]: TraceAbstractionWithAFAs provides no preferences, ignoring...
[2019-05-02 19:57:12,199 INFO  L174        SettingsManager]: Resetting TreeAutomizer preferences to default values
[2019-05-02 19:57:12,200 INFO  L174        SettingsManager]: Resetting IcfgTransformer preferences to default values
[2019-05-02 19:57:12,200 INFO  L174        SettingsManager]: Resetting Boogie Printer preferences to default values
[2019-05-02 19:57:12,201 INFO  L174        SettingsManager]: Resetting ReqPrinter preferences to default values
[2019-05-02 19:57:12,201 INFO  L174        SettingsManager]: Resetting Witness Printer preferences to default values
[2019-05-02 19:57:12,202 INFO  L177        SettingsManager]: Boogie PL CUP Parser provides no preferences, ignoring...
[2019-05-02 19:57:12,202 INFO  L174        SettingsManager]: Resetting CDTParser preferences to default values
[2019-05-02 19:57:12,203 INFO  L177        SettingsManager]: AutomataScriptParser provides no preferences, ignoring...
[2019-05-02 19:57:12,203 INFO  L177        SettingsManager]: ReqParser provides no preferences, ignoring...
[2019-05-02 19:57:12,203 INFO  L174        SettingsManager]: Resetting SmtParser preferences to default values
[2019-05-02 19:57:12,203 INFO  L174        SettingsManager]: Resetting Witness Parser preferences to default values
[2019-05-02 19:57:12,204 INFO  L181        SettingsManager]: Finished resetting all preferences to default values...
[2019-05-02 19:57:12,220 INFO  L81    nceAwareModelManager]: Repository-Root is: /tmp
[2019-05-02 19:57:12,228 INFO  L258   ainManager$Toolchain]: [Toolchain 1]: Applicable parser(s) successfully (re)initialized
[2019-05-02 19:57:12,230 INFO  L214   ainManager$Toolchain]: [Toolchain 1]: Toolchain selected.
[2019-05-02 19:57:12,231 INFO  L271        PluginConnector]: Initializing Boogie PL CUP Parser...
[2019-05-02 19:57:12,232 INFO  L276        PluginConnector]: Boogie PL CUP Parser initialized
[2019-05-02 19:57:12,232 INFO  L418   ainManager$Toolchain]: [Toolchain 1]: Parsing single file: /home/xuechao/xuechao/work/Lab/Termination/Lasso-Ranker/Program_non/146.bpl
[2019-05-02 19:57:12,232 INFO  L111           BoogieParser]: Parsing: '/home/xuechao/xuechao/work/Lab/Termination/Lasso-Ranker/Program_non/146.bpl'
[2019-05-02 19:57:12,258 INFO  L296   ainManager$Toolchain]: ####################### [Toolchain 1] #######################
[2019-05-02 19:57:12,259 INFO  L131        ToolchainWalker]: Walking toolchain with 3 elements.
[2019-05-02 19:57:12,260 INFO  L113        PluginConnector]: ------------------------Boogie Preprocessor----------------------------
[2019-05-02 19:57:12,260 INFO  L271        PluginConnector]: Initializing Boogie Preprocessor...
[2019-05-02 19:57:12,260 INFO  L276        PluginConnector]: Boogie Preprocessor initialized
[2019-05-02 19:57:12,277 INFO  L185        PluginConnector]: Executing the observer EnsureBoogieModelObserver from plugin Boogie Preprocessor for "146.bpl de.uni_freiburg.informatik.ultimate.boogie.parser AST 02.05 07:57:12" (1/1) ...
[2019-05-02 19:57:12,278 INFO  L185        PluginConnector]: Executing the observer TypeChecker from plugin Boogie Preprocessor for "146.bpl de.uni_freiburg.informatik.ultimate.boogie.parser AST 02.05 07:57:12" (1/1) ...
[2019-05-02 19:57:12,283 INFO  L185        PluginConnector]: Executing the observer ConstExpander from plugin Boogie Preprocessor for "146.bpl de.uni_freiburg.informatik.ultimate.boogie.parser AST 02.05 07:57:12" (1/1) ...
[2019-05-02 19:57:12,283 INFO  L185        PluginConnector]: Executing the observer StructExpander from plugin Boogie Preprocessor for "146.bpl de.uni_freiburg.informatik.ultimate.boogie.parser AST 02.05 07:57:12" (1/1) ...
[2019-05-02 19:57:12,286 INFO  L185        PluginConnector]: Executing the observer UnstructureCode from plugin Boogie Preprocessor for "146.bpl de.uni_freiburg.informatik.ultimate.boogie.parser AST 02.05 07:57:12" (1/1) ...
[2019-05-02 19:57:12,289 INFO  L185        PluginConnector]: Executing the observer FunctionInliner from plugin Boogie Preprocessor for "146.bpl de.uni_freiburg.informatik.ultimate.boogie.parser AST 02.05 07:57:12" (1/1) ...
[2019-05-02 19:57:12,290 INFO  L185        PluginConnector]: Executing the observer BoogieSymbolTableConstructor from plugin Boogie Preprocessor for "146.bpl de.uni_freiburg.informatik.ultimate.boogie.parser AST 02.05 07:57:12" (1/1) ...
[2019-05-02 19:57:12,291 INFO  L132        PluginConnector]: ------------------------ END Boogie Preprocessor----------------------------
[2019-05-02 19:57:12,291 INFO  L113        PluginConnector]: ------------------------RCFGBuilder----------------------------
[2019-05-02 19:57:12,292 INFO  L271        PluginConnector]: Initializing RCFGBuilder...
[2019-05-02 19:57:12,292 INFO  L276        PluginConnector]: RCFGBuilder initialized
[2019-05-02 19:57:12,292 INFO  L185        PluginConnector]: Executing the observer RCFGBuilderObserver from plugin RCFGBuilder for "146.bpl de.uni_freiburg.informatik.ultimate.boogie.parser AST 02.05 07:57:12" (1/1) ...
No working directory specified, using /home/xuechao/xuechao/work/Lab/Termination/Lasso-Ranker/z3
Starting monitored process 1 with z3 SMTLIB2_COMPLIANT=true -memory:1024 -smt2 -in -t:12000 (exit command is (exit), workingDir is null)
Waiting until toolchain timeout for monitored process 1 with z3 SMTLIB2_COMPLIANT=true -memory:1024 -smt2 -in -t:12000
[2019-05-02 19:57:12,331 INFO  L124     BoogieDeclarations]: Specification and implementation of procedure main given in one single declaration
[2019-05-02 19:57:12,331 INFO  L130     BoogieDeclarations]: Found specification of procedure main
[2019-05-02 19:57:12,331 INFO  L138     BoogieDeclarations]: Found implementation of procedure main
[2019-05-02 19:57:12,475 INFO  L278             CfgBuilder]: Using library mode
[2019-05-02 19:57:12,475 INFO  L286             CfgBuilder]: Removed 0 assue(true) statements.
[2019-05-02 19:57:12,476 INFO  L202        PluginConnector]: Adding new model 146.bpl de.uni_freiburg.informatik.ultimate.plugins.generator.rcfgbuilder CFG 02.05 07:57:12 BoogieIcfgContainer
[2019-05-02 19:57:12,476 INFO  L132        PluginConnector]: ------------------------ END RCFGBuilder----------------------------
[2019-05-02 19:57:12,477 INFO  L113        PluginConnector]: ------------------------LassoRanker----------------------------
[2019-05-02 19:57:12,477 INFO  L271        PluginConnector]: Initializing LassoRanker...
[2019-05-02 19:57:12,477 INFO  L276        PluginConnector]: LassoRanker initialized
[2019-05-02 19:57:12,477 INFO  L185        PluginConnector]: Executing the observer LassoRankerObserver from plugin LassoRanker for "146.bpl de.uni_freiburg.informatik.ultimate.plugins.generator.rcfgbuilder CFG 02.05 07:57:12" (1/1) ...
[2019-05-02 19:57:12,497 INFO  L72            BuchiIsEmpty]: Start buchiIsEmpty. Operand 2 states.
[2019-05-02 19:57:12,513 INFO  L131   ngComponentsAnalysis]: Automaton has 1 accepting balls. 1
[2019-05-02 19:57:12,513 INFO  L87            BuchiIsEmpty]: Finished buchiIsEmpty Result is false
[2019-05-02 19:57:12,513 INFO  L119           BuchiIsEmpty]: Starting construction of run
[2019-05-02 19:57:12,519 INFO  L104     BuchiDifferenceFKV]: Start buchiDifferenceFKV. First operand 2 states. Second operand 1 states.
[2019-05-02 19:57:12,527 INFO  L108     BuchiDifferenceFKV]: Finished buchiDifferenceFKV. First operand 2 states. Second operand 1 states. Result 3 states and 4 transitions. Complement of second has 2 states 2 powerset states0 rank states. The highest rank that occured is -1
[2019-05-02 19:57:12,528 INFO  L72            BuchiIsEmpty]: Start buchiIsEmpty. Operand 3 states and 4 transitions.
[2019-05-02 19:57:12,528 INFO  L131   ngComponentsAnalysis]: Automaton has 0 accepting balls. 0
[2019-05-02 19:57:12,528 INFO  L87            BuchiIsEmpty]: Finished buchiIsEmpty Result is true
[2019-05-02 19:57:12,802 WARN  L181               SmtUtils]: Spent 257.00 ms on a formula simplification that was a NOOP. DAG size: 259
[2019-05-02 19:57:13,010 WARN  L181               SmtUtils]: Spent 207.00 ms on a formula simplification that was a NOOP. DAG size: 259
[2019-05-02 19:57:13,016 INFO  L216          LassoAnalysis]: Preferences:
[2019-05-02 19:57:13,017 INFO  L124   ssoRankerPreferences]: Compute integeral hull: false
[2019-05-02 19:57:13,018 INFO  L125   ssoRankerPreferences]: Enable LassoPartitioneer: true
[2019-05-02 19:57:13,018 INFO  L126   ssoRankerPreferences]: Term annotations enabled: false
[2019-05-02 19:57:13,018 INFO  L127   ssoRankerPreferences]: Use exernal solver: true
[2019-05-02 19:57:13,018 INFO  L128   ssoRankerPreferences]: SMT solver command: z3 -smt2 -in SMTLIB2_COMPLIANT=true
[2019-05-02 19:57:13,018 INFO  L129   ssoRankerPreferences]: Dump SMT script to file: false
[2019-05-02 19:57:13,018 INFO  L130   ssoRankerPreferences]: Path of dumped script: .
[2019-05-02 19:57:13,018 INFO  L131   ssoRankerPreferences]: Filename of dumped script: LassoRankerScript
[2019-05-02 19:57:13,018 INFO  L132   ssoRankerPreferences]: MapElimAlgo: Frank
[2019-05-02 19:57:13,019 INFO  L282          LassoAnalysis]: Starting lasso preprocessing...
[2019-05-02 19:57:13,048 INFO  L141          MapEliminator]: Using MapEliminator with SimplificationTechnique=SIMPLIFY_DDA XnfConversionTechnique=BOTTOM_UP_WITH_LOCAL_SIMPLIFICATION AddInequalities=false OnlyTrivialImplicationsArrayWrite=false OnlyTrivialImplicationsForModifiedArguments=true OnlyArgumentsInFormula=true
[2019-05-02 19:57:13,219 WARN  L181               SmtUtils]: Spent 159.00 ms on a formula simplification that was a NOOP. DAG size: 208
[2019-05-02 19:57:13,612 WARN  L181               SmtUtils]: Spent 383.00 ms on a formula simplification that was a NOOP. DAG size: 259
[2019-05-02 19:57:13,971 WARN  L181               SmtUtils]: Spent 354.00 ms on a formula simplification that was a NOOP. DAG size: 259
[2019-05-02 19:57:13,979 INFO  L300          LassoAnalysis]: Preprocessing complete.
[2019-05-02 19:57:13,979 INFO  L412          LassoAnalysis]: Checking for nontermination...
No working directory specified, using /home/xuechao/xuechao/work/Lab/Termination/Lasso-Ranker/z3
Starting monitored process 2 with z3 -smt2 -in SMTLIB2_COMPLIANT=true (exit command is (exit), workingDir is null)
Waiting until toolchain timeout for monitored process 2 with z3 -smt2 -in SMTLIB2_COMPLIANT=true
[2019-05-02 19:57:13,985 INFO  L151   nArgumentSynthesizer]: Nontermination analysis: LINEAR_WITH_GUESSES Allow bounded executions: true Number of generalized eigenvectors: 0 Nilpotent components: true
[2019-05-02 19:57:13,985 INFO  L163   nArgumentSynthesizer]: Using integer mode.
No working directory specified, using /home/xuechao/xuechao/work/Lab/Termination/Lasso-Ranker/z3
Starting monitored process 3 with z3 -smt2 -in SMTLIB2_COMPLIANT=true (exit command is (exit), workingDir is null)
Waiting until toolchain timeout for monitored process 3 with z3 -smt2 -in SMTLIB2_COMPLIANT=true
[2019-05-02 19:57:14,059 INFO  L151   nArgumentSynthesizer]: Nontermination analysis: LINEAR_WITH_GUESSES Allow bounded executions: true Number of generalized eigenvectors: 3 Nilpotent components: true
[2019-05-02 19:57:14,059 INFO  L163   nArgumentSynthesizer]: Using integer mode.
[2019-05-02 19:57:14,227 INFO  L452          LassoAnalysis]: Proving nontermination failed: No geometric nontermination argument exists.
[2019-05-02 19:57:14,229 INFO  L216          LassoAnalysis]: Preferences:
[2019-05-02 19:57:14,229 INFO  L124   ssoRankerPreferences]: Compute integeral hull: false
[2019-05-02 19:57:14,229 INFO  L125   ssoRankerPreferences]: Enable LassoPartitioneer: true
[2019-05-02 19:57:14,229 INFO  L126   ssoRankerPreferences]: Term annotations enabled: false
[2019-05-02 19:57:14,229 INFO  L127   ssoRankerPreferences]: Use exernal solver: true
[2019-05-02 19:57:14,230 INFO  L128   ssoRankerPreferences]: SMT solver command: z3 -smt2 -in SMTLIB2_COMPLIANT=true
[2019-05-02 19:57:14,230 INFO  L129   ssoRankerPreferences]: Dump SMT script to file: false
[2019-05-02 19:57:14,230 INFO  L130   ssoRankerPreferences]: Path of dumped script: .
[2019-05-02 19:57:14,230 INFO  L131   ssoRankerPreferences]: Filename of dumped script: LassoRankerScript
[2019-05-02 19:57:14,230 INFO  L132   ssoRankerPreferences]: MapElimAlgo: Frank
[2019-05-02 19:57:14,230 INFO  L282          LassoAnalysis]: Starting lasso preprocessing...
[2019-05-02 19:57:14,234 INFO  L141          MapEliminator]: Using MapEliminator with SimplificationTechnique=SIMPLIFY_DDA XnfConversionTechnique=BOTTOM_UP_WITH_LOCAL_SIMPLIFICATION AddInequalities=false OnlyTrivialImplicationsArrayWrite=false OnlyTrivialImplicationsForModifiedArguments=true OnlyArgumentsInFormula=true
[2019-05-02 19:57:14,395 WARN  L181               SmtUtils]: Spent 150.00 ms on a formula simplification that was a NOOP. DAG size: 208
[2019-05-02 19:57:14,737 WARN  L181               SmtUtils]: Spent 335.00 ms on a formula simplification that was a NOOP. DAG size: 259
[2019-05-02 19:57:15,096 WARN  L181               SmtUtils]: Spent 353.00 ms on a formula simplification that was a NOOP. DAG size: 259
[2019-05-02 19:57:15,099 INFO  L300          LassoAnalysis]: Preprocessing complete.
[2019-05-02 19:57:15,103 INFO  L497          LassoAnalysis]: Using template 'affine'.
No working directory specified, using /home/xuechao/xuechao/work/Lab/Termination/Lasso-Ranker/z3
Starting monitored process 4 with z3 -smt2 -in SMTLIB2_COMPLIANT=true (exit command is (exit), workingDir is null)
Waiting until toolchain timeout for monitored process 4 with z3 -smt2 -in SMTLIB2_COMPLIANT=true
[2019-05-02 19:57:15,106 INFO  L122   nArgumentSynthesizer]: Termination Analysis Settings:
Termination analysis: LINEAR_WITH_GUESSES
Number of strict supporting invariants: 1
Number of non-strict supporting invariants: 0
Consider only non-deceasing supporting invariants: true
Simplify termination arguments: true
Simplify supporting invariants: trueOverapproximate stem: false
[2019-05-02 19:57:15,110 INFO  L339   nArgumentSynthesizer]: Template has degree 0.
[2019-05-02 19:57:15,110 INFO  L352   nArgumentSynthesizer]: There is no stem transition; disabling supporting invariant generation.
[2019-05-02 19:57:15,110 INFO  L205   nArgumentSynthesizer]: 1 stem disjuncts
[2019-05-02 19:57:15,111 INFO  L206   nArgumentSynthesizer]: 1 loop disjuncts
[2019-05-02 19:57:15,111 INFO  L207   nArgumentSynthesizer]: 2 template conjuncts.
[2019-05-02 19:57:15,127 INFO  L402   nArgumentSynthesizer]: We have 2 Motzkin's Theorem applications.
[2019-05-02 19:57:15,128 INFO  L403   nArgumentSynthesizer]: A total of 0 supporting invariants were added.
[2019-05-02 19:57:15,149 INFO  L530          LassoAnalysis]: Proving termination failed for this template and these settings.
[2019-05-02 19:57:15,163 INFO  L497          LassoAnalysis]: Using template '2-nested'.
No working directory specified, using /home/xuechao/xuechao/work/Lab/Termination/Lasso-Ranker/z3
Starting monitored process 5 with z3 -smt2 -in SMTLIB2_COMPLIANT=true (exit command is (exit), workingDir is null)
Waiting until toolchain timeout for monitored process 5 with z3 -smt2 -in SMTLIB2_COMPLIANT=true
[2019-05-02 19:57:15,167 INFO  L122   nArgumentSynthesizer]: Termination Analysis Settings:
Termination analysis: LINEAR_WITH_GUESSES
Number of strict supporting invariants: 1
Number of non-strict supporting invariants: 0
Consider only non-deceasing supporting invariants: true
Simplify termination arguments: true
Simplify supporting invariants: trueOverapproximate stem: false
[2019-05-02 19:57:15,171 INFO  L339   nArgumentSynthesizer]: Template has degree 0.
[2019-05-02 19:57:15,171 INFO  L352   nArgumentSynthesizer]: There is no stem transition; disabling supporting invariant generation.
[2019-05-02 19:57:15,171 INFO  L205   nArgumentSynthesizer]: 1 stem disjuncts
[2019-05-02 19:57:15,171 INFO  L206   nArgumentSynthesizer]: 1 loop disjuncts
[2019-05-02 19:57:15,172 INFO  L207   nArgumentSynthesizer]: 3 template conjuncts.
[2019-05-02 19:57:15,196 INFO  L402   nArgumentSynthesizer]: We have 3 Motzkin's Theorem applications.
[2019-05-02 19:57:15,196 INFO  L403   nArgumentSynthesizer]: A total of 0 supporting invariants were added.
[2019-05-02 19:57:15,219 INFO  L421   nArgumentSynthesizer]: Found a termination argument, trying to simplify.
[2019-05-02 19:57:15,256 INFO  L443   ModelExtractionUtils]: Simplification made 7 calls to the SMT solver.
[2019-05-02 19:57:15,256 INFO  L444   ModelExtractionUtils]: 51 out of 105 variables were initially zero. Simplification set additionally 0 variables to zero.
No working directory specified, using /home/xuechao/xuechao/work/Lab/Termination/Lasso-Ranker/z3
Starting monitored process 6 with z3 -smt2 -in SMTLIB2_COMPLIANT=true (exit command is (exit), workingDir is null)
Waiting until toolchain timeout for monitored process 6 with z3 -smt2 -in SMTLIB2_COMPLIANT=true
[2019-05-02 19:57:15,266 INFO  L437   nArgumentSynthesizer]: Simplifying supporting invariants...
[2019-05-02 19:57:15,266 INFO  L440   nArgumentSynthesizer]: Removed 0 redundant supporting invariants from a total of 0.
[2019-05-02 19:57:15,266 INFO  L518          LassoAnalysis]: Proved termination.
[2019-05-02 19:57:15,266 INFO  L520          LassoAnalysis]: Termination argument consisting of:
Ranking function 2-nested ranking function:
  f0 = -1*main_x22 - 1*main_x23 - 1*main_x24 - 1*main_x25 - 1*main_x26 - 1*main_x27 - 1*main_x28 - 1*main_x29 - 1*main_x20 - 1*main_x21 - 1*main_x11 - 1*main_x12 - 1*main_x13 - 1*main_x14 - 1*main_x15 - 1*main_x16 - 1*main_x17 - 1*main_x18 - 1*main_x10 - 1*main_x19 - 1*main_x6 - 1*main_x44 - 1*main_x45 - 1*main_x46 - 1*main_x47 - 1*main_x48 - 1*main_x49 - 1*main_x40 - 1*main_x41 - 1*main_x42 - 1*main_x43 - 1*main_x8 - 1*main_x9 - 1*main_x7 - 1*main_x0 - 1*main_x33 - 1*main_x1 - 1*main_x34 - 1*main_x35 - 1*main_x36 - 1*main_x37 - 1*main_x4 - 1*main_x5 - 1*main_x38 - 1*main_x2 - 1*main_x39 - 1*main_x3 - 1*main_x30 - 1*main_x31 - 1*main_x32 + 25
  f1 = 1*main_y + 25
Supporting invariants []
[2019-05-02 19:57:15,290 INFO  L132        PluginConnector]: ------------------------ END LassoRanker----------------------------
[2019-05-02 19:57:15,291 INFO  L168              Benchmark]: Toolchain (without parser) took 3032.60 ms. Allocated memory was 514.9 MB in the beginning and 628.1 MB in the end (delta: 113.2 MB). Free memory was 477.6 MB in the beginning and 461.2 MB in the end (delta: 16.4 MB). Peak memory consumption was 237.5 MB. Max. memory is 11.5 GB.
[2019-05-02 19:57:15,292 INFO  L168              Benchmark]: Boogie PL CUP Parser took 0.17 ms. Allocated memory is still 514.9 MB. Free memory is still 479.1 MB. There was no memory consumed. Max. memory is 11.5 GB.
[2019-05-02 19:57:15,293 INFO  L168              Benchmark]: Boogie Preprocessor took 31.24 ms. Allocated memory is still 514.9 MB. Free memory was 477.6 MB in the beginning and 475.0 MB in the end (delta: 2.7 MB). Peak memory consumption was 2.7 MB. Max. memory is 11.5 GB.
[2019-05-02 19:57:15,293 INFO  L168              Benchmark]: RCFGBuilder took 184.81 ms. Allocated memory is still 514.9 MB. Free memory was 475.0 MB in the beginning and 461.4 MB in the end (delta: 13.6 MB). Peak memory consumption was 13.6 MB. Max. memory is 11.5 GB.
[2019-05-02 19:57:15,294 INFO  L168              Benchmark]: LassoRanker took 2814.23 ms. Allocated memory was 514.9 MB in the beginning and 628.1 MB in the end (delta: 113.2 MB). Free memory was 460.0 MB in the beginning and 461.2 MB in the end (delta: -1.2 MB). Peak memory consumption was 219.9 MB. Max. memory is 11.5 GB.
[2019-05-02 19:57:15,297 INFO  L336   ainManager$Toolchain]: #######################  End [Toolchain 1] #######################
 --- Results ---
 * Results from de.uni_freiburg.informatik.ultimate.core:
  - StatisticsResult: Toolchain Benchmarks
    Benchmark results are:
 * Boogie PL CUP Parser took 0.17 ms. Allocated memory is still 514.9 MB. Free memory is still 479.1 MB. There was no memory consumed. Max. memory is 11.5 GB.
 * Boogie Preprocessor took 31.24 ms. Allocated memory is still 514.9 MB. Free memory was 477.6 MB in the beginning and 475.0 MB in the end (delta: 2.7 MB). Peak memory consumption was 2.7 MB. Max. memory is 11.5 GB.
 * RCFGBuilder took 184.81 ms. Allocated memory is still 514.9 MB. Free memory was 475.0 MB in the beginning and 461.4 MB in the end (delta: 13.6 MB). Peak memory consumption was 13.6 MB. Max. memory is 11.5 GB.
 * LassoRanker took 2814.23 ms. Allocated memory was 514.9 MB in the beginning and 628.1 MB in the end (delta: 113.2 MB). Free memory was 460.0 MB in the beginning and 461.2 MB in the end (delta: -1.2 MB). Peak memory consumption was 219.9 MB. Max. memory is 11.5 GB.
 * Results from de.uni_freiburg.informatik.ultimate.plugins.analysis.lassoranker:
  - TerminationArgumentResult [Line: 5]: Found 2-nested ranking function
    Found a termination argument consisting of the 2-nested ranking function: [(if -1 * x22 + -1 * x23 + -1 * x24 + -1 * x25 + -1 * x26 + -1 * x27 + -1 * x28 + -1 * x29 + -1 * x20 + -1 * x21 + -1 * x11 + -1 * x12 + -1 * x13 + -1 * x14 + -1 * x15 + -1 * x16 + -1 * x17 + -1 * x18 + -1 * x10 + -1 * x19 + -1 * x6 + -1 * x44 + -1 * x45 + -1 * x46 + -1 * x47 + -1 * x48 + -1 * x49 + -1 * x40 + -1 * x41 + -1 * x42 + -1 * x43 + -1 * x8 + -1 * x9 + -1 * x7 + -1 * x0 + -1 * x33 + -1 * x1 + -1 * x34 + -1 * x35 + -1 * x36 + -1 * x37 + -1 * x4 + -1 * x5 + -1 * x38 + -1 * x2 + -1 * x39 + -1 * x3 + -1 * x30 + -1 * x31 + -1 * x32 + 25 > 0 then 1 else 0), (if -1 * x22 + -1 * x23 + -1 * x24 + -1 * x25 + -1 * x26 + -1 * x27 + -1 * x28 + -1 * x29 + -1 * x20 + -1 * x21 + -1 * x11 + -1 * x12 + -1 * x13 + -1 * x14 + -1 * x15 + -1 * x16 + -1 * x17 + -1 * x18 + -1 * x10 + -1 * x19 + -1 * x6 + -1 * x44 + -1 * x45 + -1 * x46 + -1 * x47 + -1 * x48 + -1 * x49 + -1 * x40 + -1 * x41 + -1 * x42 + -1 * x43 + -1 * x8 + -1 * x9 + -1 * x7 + -1 * x0 + -1 * x33 + -1 * x1 + -1 * x34 + -1 * x35 + -1 * x36 + -1 * x37 + -1 * x4 + -1 * x5 + -1 * x38 + -1 * x2 + -1 * x39 + -1 * x3 + -1 * x30 + -1 * x31 + -1 * x32 + 25 > 0 then -1 * x22 + -1 * x23 + -1 * x24 + -1 * x25 + -1 * x26 + -1 * x27 + -1 * x28 + -1 * x29 + -1 * x20 + -1 * x21 + -1 * x11 + -1 * x12 + -1 * x13 + -1 * x14 + -1 * x15 + -1 * x16 + -1 * x17 + -1 * x18 + -1 * x10 + -1 * x19 + -1 * x6 + -1 * x44 + -1 * x45 + -1 * x46 + -1 * x47 + -1 * x48 + -1 * x49 + -1 * x40 + -1 * x41 + -1 * x42 + -1 * x43 + -1 * x8 + -1 * x9 + -1 * x7 + -1 * x0 + -1 * x33 + -1 * x1 + -1 * x34 + -1 * x35 + -1 * x36 + -1 * x37 + -1 * x4 + -1 * x5 + -1 * x38 + -1 * x2 + -1 * x39 + -1 * x3 + -1 * x30 + -1 * x31 + -1 * x32 + 25 else y + 25)] for which no supporting invariant is required.
RESULT: Ultimate proved your program to be correct!
Received shutdown request...
