This is Ultimate 0.1.24-16d85fa
[2019-05-02 19:57:25,756 INFO  L170        SettingsManager]: Resetting all preferences to default values...
[2019-05-02 19:57:25,757 INFO  L174        SettingsManager]: Resetting UltimateCore preferences to default values
[2019-05-02 19:57:25,767 INFO  L177        SettingsManager]: Ultimate Commandline Interface provides no preferences, ignoring...
[2019-05-02 19:57:25,767 INFO  L174        SettingsManager]: Resetting Boogie Preprocessor preferences to default values
[2019-05-02 19:57:25,768 INFO  L174        SettingsManager]: Resetting Boogie Procedure Inliner preferences to default values
[2019-05-02 19:57:25,769 INFO  L174        SettingsManager]: Resetting Abstract Interpretation preferences to default values
[2019-05-02 19:57:25,770 INFO  L174        SettingsManager]: Resetting LassoRanker preferences to default values
[2019-05-02 19:57:25,771 INFO  L174        SettingsManager]: Resetting Reaching Definitions preferences to default values
[2019-05-02 19:57:25,772 INFO  L174        SettingsManager]: Resetting SyntaxChecker preferences to default values
[2019-05-02 19:57:25,773 INFO  L177        SettingsManager]: Büchi Program Product provides no preferences, ignoring...
[2019-05-02 19:57:25,773 INFO  L174        SettingsManager]: Resetting LTL2Aut preferences to default values
[2019-05-02 19:57:25,773 INFO  L174        SettingsManager]: Resetting PEA to Boogie preferences to default values
[2019-05-02 19:57:25,774 INFO  L174        SettingsManager]: Resetting BlockEncodingV2 preferences to default values
[2019-05-02 19:57:25,775 INFO  L174        SettingsManager]: Resetting ChcToBoogie preferences to default values
[2019-05-02 19:57:25,775 INFO  L174        SettingsManager]: Resetting AutomataScriptInterpreter preferences to default values
[2019-05-02 19:57:25,776 INFO  L174        SettingsManager]: Resetting BuchiAutomizer preferences to default values
[2019-05-02 19:57:25,777 INFO  L174        SettingsManager]: Resetting CACSL2BoogieTranslator preferences to default values
[2019-05-02 19:57:25,778 INFO  L174        SettingsManager]: Resetting CodeCheck preferences to default values
[2019-05-02 19:57:25,779 INFO  L174        SettingsManager]: Resetting InvariantSynthesis preferences to default values
[2019-05-02 19:57:25,780 INFO  L174        SettingsManager]: Resetting RCFGBuilder preferences to default values
[2019-05-02 19:57:25,781 INFO  L174        SettingsManager]: Resetting TraceAbstraction preferences to default values
[2019-05-02 19:57:25,782 INFO  L177        SettingsManager]: TraceAbstractionConcurrent provides no preferences, ignoring...
[2019-05-02 19:57:25,782 INFO  L177        SettingsManager]: TraceAbstractionWithAFAs provides no preferences, ignoring...
[2019-05-02 19:57:25,782 INFO  L174        SettingsManager]: Resetting TreeAutomizer preferences to default values
[2019-05-02 19:57:25,783 INFO  L174        SettingsManager]: Resetting IcfgTransformer preferences to default values
[2019-05-02 19:57:25,784 INFO  L174        SettingsManager]: Resetting Boogie Printer preferences to default values
[2019-05-02 19:57:25,784 INFO  L174        SettingsManager]: Resetting ReqPrinter preferences to default values
[2019-05-02 19:57:25,784 INFO  L174        SettingsManager]: Resetting Witness Printer preferences to default values
[2019-05-02 19:57:25,785 INFO  L177        SettingsManager]: Boogie PL CUP Parser provides no preferences, ignoring...
[2019-05-02 19:57:25,785 INFO  L174        SettingsManager]: Resetting CDTParser preferences to default values
[2019-05-02 19:57:25,786 INFO  L177        SettingsManager]: AutomataScriptParser provides no preferences, ignoring...
[2019-05-02 19:57:25,786 INFO  L177        SettingsManager]: ReqParser provides no preferences, ignoring...
[2019-05-02 19:57:25,786 INFO  L174        SettingsManager]: Resetting SmtParser preferences to default values
[2019-05-02 19:57:25,786 INFO  L174        SettingsManager]: Resetting Witness Parser preferences to default values
[2019-05-02 19:57:25,787 INFO  L181        SettingsManager]: Finished resetting all preferences to default values...
[2019-05-02 19:57:25,802 INFO  L81    nceAwareModelManager]: Repository-Root is: /tmp
[2019-05-02 19:57:25,810 INFO  L258   ainManager$Toolchain]: [Toolchain 1]: Applicable parser(s) successfully (re)initialized
[2019-05-02 19:57:25,813 INFO  L214   ainManager$Toolchain]: [Toolchain 1]: Toolchain selected.
[2019-05-02 19:57:25,814 INFO  L271        PluginConnector]: Initializing Boogie PL CUP Parser...
[2019-05-02 19:57:25,814 INFO  L276        PluginConnector]: Boogie PL CUP Parser initialized
[2019-05-02 19:57:25,815 INFO  L418   ainManager$Toolchain]: [Toolchain 1]: Parsing single file: /home/xuechao/xuechao/work/Lab/Termination/Lasso-Ranker/Program_non/149.bpl
[2019-05-02 19:57:25,815 INFO  L111           BoogieParser]: Parsing: '/home/xuechao/xuechao/work/Lab/Termination/Lasso-Ranker/Program_non/149.bpl'
[2019-05-02 19:57:25,837 INFO  L296   ainManager$Toolchain]: ####################### [Toolchain 1] #######################
[2019-05-02 19:57:25,838 INFO  L131        ToolchainWalker]: Walking toolchain with 3 elements.
[2019-05-02 19:57:25,839 INFO  L113        PluginConnector]: ------------------------Boogie Preprocessor----------------------------
[2019-05-02 19:57:25,839 INFO  L271        PluginConnector]: Initializing Boogie Preprocessor...
[2019-05-02 19:57:25,839 INFO  L276        PluginConnector]: Boogie Preprocessor initialized
[2019-05-02 19:57:25,855 INFO  L185        PluginConnector]: Executing the observer EnsureBoogieModelObserver from plugin Boogie Preprocessor for "149.bpl de.uni_freiburg.informatik.ultimate.boogie.parser AST 02.05 07:57:25" (1/1) ...
[2019-05-02 19:57:25,856 INFO  L185        PluginConnector]: Executing the observer TypeChecker from plugin Boogie Preprocessor for "149.bpl de.uni_freiburg.informatik.ultimate.boogie.parser AST 02.05 07:57:25" (1/1) ...
[2019-05-02 19:57:25,861 INFO  L185        PluginConnector]: Executing the observer ConstExpander from plugin Boogie Preprocessor for "149.bpl de.uni_freiburg.informatik.ultimate.boogie.parser AST 02.05 07:57:25" (1/1) ...
[2019-05-02 19:57:25,861 INFO  L185        PluginConnector]: Executing the observer StructExpander from plugin Boogie Preprocessor for "149.bpl de.uni_freiburg.informatik.ultimate.boogie.parser AST 02.05 07:57:25" (1/1) ...
[2019-05-02 19:57:25,863 INFO  L185        PluginConnector]: Executing the observer UnstructureCode from plugin Boogie Preprocessor for "149.bpl de.uni_freiburg.informatik.ultimate.boogie.parser AST 02.05 07:57:25" (1/1) ...
[2019-05-02 19:57:25,866 INFO  L185        PluginConnector]: Executing the observer FunctionInliner from plugin Boogie Preprocessor for "149.bpl de.uni_freiburg.informatik.ultimate.boogie.parser AST 02.05 07:57:25" (1/1) ...
[2019-05-02 19:57:25,867 INFO  L185        PluginConnector]: Executing the observer BoogieSymbolTableConstructor from plugin Boogie Preprocessor for "149.bpl de.uni_freiburg.informatik.ultimate.boogie.parser AST 02.05 07:57:25" (1/1) ...
[2019-05-02 19:57:25,868 INFO  L132        PluginConnector]: ------------------------ END Boogie Preprocessor----------------------------
[2019-05-02 19:57:25,868 INFO  L113        PluginConnector]: ------------------------RCFGBuilder----------------------------
[2019-05-02 19:57:25,868 INFO  L271        PluginConnector]: Initializing RCFGBuilder...
[2019-05-02 19:57:25,868 INFO  L276        PluginConnector]: RCFGBuilder initialized
[2019-05-02 19:57:25,869 INFO  L185        PluginConnector]: Executing the observer RCFGBuilderObserver from plugin RCFGBuilder for "149.bpl de.uni_freiburg.informatik.ultimate.boogie.parser AST 02.05 07:57:25" (1/1) ...
No working directory specified, using /home/xuechao/xuechao/work/Lab/Termination/Lasso-Ranker/z3
Starting monitored process 1 with z3 SMTLIB2_COMPLIANT=true -memory:1024 -smt2 -in -t:12000 (exit command is (exit), workingDir is null)
Waiting until toolchain timeout for monitored process 1 with z3 SMTLIB2_COMPLIANT=true -memory:1024 -smt2 -in -t:12000
[2019-05-02 19:57:25,919 INFO  L124     BoogieDeclarations]: Specification and implementation of procedure main given in one single declaration
[2019-05-02 19:57:25,920 INFO  L130     BoogieDeclarations]: Found specification of procedure main
[2019-05-02 19:57:25,920 INFO  L138     BoogieDeclarations]: Found implementation of procedure main
[2019-05-02 19:57:26,025 INFO  L278             CfgBuilder]: Using library mode
[2019-05-02 19:57:26,025 INFO  L286             CfgBuilder]: Removed 0 assue(true) statements.
[2019-05-02 19:57:26,026 INFO  L202        PluginConnector]: Adding new model 149.bpl de.uni_freiburg.informatik.ultimate.plugins.generator.rcfgbuilder CFG 02.05 07:57:26 BoogieIcfgContainer
[2019-05-02 19:57:26,026 INFO  L132        PluginConnector]: ------------------------ END RCFGBuilder----------------------------
[2019-05-02 19:57:26,026 INFO  L113        PluginConnector]: ------------------------LassoRanker----------------------------
[2019-05-02 19:57:26,027 INFO  L271        PluginConnector]: Initializing LassoRanker...
[2019-05-02 19:57:26,027 INFO  L276        PluginConnector]: LassoRanker initialized
[2019-05-02 19:57:26,027 INFO  L185        PluginConnector]: Executing the observer LassoRankerObserver from plugin LassoRanker for "149.bpl de.uni_freiburg.informatik.ultimate.plugins.generator.rcfgbuilder CFG 02.05 07:57:26" (1/1) ...
[2019-05-02 19:57:26,050 INFO  L72            BuchiIsEmpty]: Start buchiIsEmpty. Operand 2 states.
[2019-05-02 19:57:26,066 INFO  L131   ngComponentsAnalysis]: Automaton has 1 accepting balls. 1
[2019-05-02 19:57:26,066 INFO  L87            BuchiIsEmpty]: Finished buchiIsEmpty Result is false
[2019-05-02 19:57:26,067 INFO  L119           BuchiIsEmpty]: Starting construction of run
[2019-05-02 19:57:26,072 INFO  L104     BuchiDifferenceFKV]: Start buchiDifferenceFKV. First operand 2 states. Second operand 1 states.
[2019-05-02 19:57:26,081 INFO  L108     BuchiDifferenceFKV]: Finished buchiDifferenceFKV. First operand 2 states. Second operand 1 states. Result 3 states and 4 transitions. Complement of second has 2 states 2 powerset states0 rank states. The highest rank that occured is -1
[2019-05-02 19:57:26,081 INFO  L72            BuchiIsEmpty]: Start buchiIsEmpty. Operand 3 states and 4 transitions.
[2019-05-02 19:57:26,081 INFO  L131   ngComponentsAnalysis]: Automaton has 0 accepting balls. 0
[2019-05-02 19:57:26,081 INFO  L87            BuchiIsEmpty]: Finished buchiIsEmpty Result is true
[2019-05-02 19:57:26,230 INFO  L216          LassoAnalysis]: Preferences:
[2019-05-02 19:57:26,231 INFO  L124   ssoRankerPreferences]: Compute integeral hull: false
[2019-05-02 19:57:26,231 INFO  L125   ssoRankerPreferences]: Enable LassoPartitioneer: true
[2019-05-02 19:57:26,232 INFO  L126   ssoRankerPreferences]: Term annotations enabled: false
[2019-05-02 19:57:26,232 INFO  L127   ssoRankerPreferences]: Use exernal solver: true
[2019-05-02 19:57:26,232 INFO  L128   ssoRankerPreferences]: SMT solver command: z3 -smt2 -in SMTLIB2_COMPLIANT=true
[2019-05-02 19:57:26,232 INFO  L129   ssoRankerPreferences]: Dump SMT script to file: false
[2019-05-02 19:57:26,232 INFO  L130   ssoRankerPreferences]: Path of dumped script: .
[2019-05-02 19:57:26,232 INFO  L131   ssoRankerPreferences]: Filename of dumped script: LassoRankerScript
[2019-05-02 19:57:26,232 INFO  L132   ssoRankerPreferences]: MapElimAlgo: Frank
[2019-05-02 19:57:26,232 INFO  L282          LassoAnalysis]: Starting lasso preprocessing...
[2019-05-02 19:57:26,249 INFO  L141          MapEliminator]: Using MapEliminator with SimplificationTechnique=SIMPLIFY_DDA XnfConversionTechnique=BOTTOM_UP_WITH_LOCAL_SIMPLIFICATION AddInequalities=false OnlyTrivialImplicationsArrayWrite=false OnlyTrivialImplicationsForModifiedArguments=true OnlyArgumentsInFormula=true
[2019-05-02 19:57:26,494 WARN  L181               SmtUtils]: Spent 173.00 ms on a formula simplification that was a NOOP. DAG size: 25
[2019-05-02 19:57:26,616 WARN  L181               SmtUtils]: Spent 112.00 ms on a formula simplification that was a NOOP. DAG size: 25
[2019-05-02 19:57:26,619 ERROR L539     LassoRankerStarter]: Product with more than one non-constant factors found
[2019-05-02 19:57:26,620 INFO  L132        PluginConnector]: ------------------------ END LassoRanker----------------------------
[2019-05-02 19:57:26,621 INFO  L168              Benchmark]: Toolchain (without parser) took 783.19 ms. Allocated memory is still 514.9 MB. Free memory was 477.6 MB in the beginning and 449.0 MB in the end (delta: 28.6 MB). Peak memory consumption was 28.6 MB. Max. memory is 11.5 GB.
[2019-05-02 19:57:26,622 INFO  L168              Benchmark]: Boogie PL CUP Parser took 0.17 ms. Allocated memory is still 514.9 MB. Free memory is still 479.1 MB. There was no memory consumed. Max. memory is 11.5 GB.
[2019-05-02 19:57:26,622 INFO  L168              Benchmark]: Boogie Preprocessor took 29.21 ms. Allocated memory is still 514.9 MB. Free memory was 477.6 MB in the beginning and 475.0 MB in the end (delta: 2.7 MB). Peak memory consumption was 2.7 MB. Max. memory is 11.5 GB.
[2019-05-02 19:57:26,623 INFO  L168              Benchmark]: RCFGBuilder took 157.81 ms. Allocated memory is still 514.9 MB. Free memory was 475.0 MB in the beginning and 465.4 MB in the end (delta: 9.6 MB). Peak memory consumption was 9.6 MB. Max. memory is 11.5 GB.
[2019-05-02 19:57:26,624 INFO  L168              Benchmark]: LassoRanker took 593.83 ms. Allocated memory is still 514.9 MB. Free memory was 465.4 MB in the beginning and 449.0 MB in the end (delta: 16.3 MB). Peak memory consumption was 16.3 MB. Max. memory is 11.5 GB.
[2019-05-02 19:57:26,626 INFO  L336   ainManager$Toolchain]: #######################  End [Toolchain 1] #######################
 --- Results ---
 * Results from de.uni_freiburg.informatik.ultimate.core:
  - StatisticsResult: Toolchain Benchmarks
    Benchmark results are:
 * Boogie PL CUP Parser took 0.17 ms. Allocated memory is still 514.9 MB. Free memory is still 479.1 MB. There was no memory consumed. Max. memory is 11.5 GB.
 * Boogie Preprocessor took 29.21 ms. Allocated memory is still 514.9 MB. Free memory was 477.6 MB in the beginning and 475.0 MB in the end (delta: 2.7 MB). Peak memory consumption was 2.7 MB. Max. memory is 11.5 GB.
 * RCFGBuilder took 157.81 ms. Allocated memory is still 514.9 MB. Free memory was 475.0 MB in the beginning and 465.4 MB in the end (delta: 9.6 MB). Peak memory consumption was 9.6 MB. Max. memory is 11.5 GB.
 * LassoRanker took 593.83 ms. Allocated memory is still 514.9 MB. Free memory was 465.4 MB in the beginning and 449.0 MB in the end (delta: 16.3 MB). Peak memory consumption was 16.3 MB. Max. memory is 11.5 GB.
 * Results from de.uni_freiburg.informatik.ultimate.plugins.analysis.lassoranker:
  - UnsupportedSyntaxResult [Line: 1]: Unsupported Syntax
    Product with more than one non-constant factors found
RESULT: Ultimate could not prove your program: Toolchain returned no result.
Received shutdown request...
