This is Ultimate 0.1.24-16d85fa
[2019-05-02 20:02:45,551 INFO  L170        SettingsManager]: Resetting all preferences to default values...
[2019-05-02 20:02:45,552 INFO  L174        SettingsManager]: Resetting UltimateCore preferences to default values
[2019-05-02 20:02:45,562 INFO  L177        SettingsManager]: Ultimate Commandline Interface provides no preferences, ignoring...
[2019-05-02 20:02:45,562 INFO  L174        SettingsManager]: Resetting Boogie Preprocessor preferences to default values
[2019-05-02 20:02:45,563 INFO  L174        SettingsManager]: Resetting Boogie Procedure Inliner preferences to default values
[2019-05-02 20:02:45,564 INFO  L174        SettingsManager]: Resetting Abstract Interpretation preferences to default values
[2019-05-02 20:02:45,565 INFO  L174        SettingsManager]: Resetting LassoRanker preferences to default values
[2019-05-02 20:02:45,566 INFO  L174        SettingsManager]: Resetting Reaching Definitions preferences to default values
[2019-05-02 20:02:45,567 INFO  L174        SettingsManager]: Resetting SyntaxChecker preferences to default values
[2019-05-02 20:02:45,567 INFO  L177        SettingsManager]: Büchi Program Product provides no preferences, ignoring...
[2019-05-02 20:02:45,567 INFO  L174        SettingsManager]: Resetting LTL2Aut preferences to default values
[2019-05-02 20:02:45,568 INFO  L174        SettingsManager]: Resetting PEA to Boogie preferences to default values
[2019-05-02 20:02:45,569 INFO  L174        SettingsManager]: Resetting BlockEncodingV2 preferences to default values
[2019-05-02 20:02:45,570 INFO  L174        SettingsManager]: Resetting ChcToBoogie preferences to default values
[2019-05-02 20:02:45,570 INFO  L174        SettingsManager]: Resetting AutomataScriptInterpreter preferences to default values
[2019-05-02 20:02:45,571 INFO  L174        SettingsManager]: Resetting BuchiAutomizer preferences to default values
[2019-05-02 20:02:45,572 INFO  L174        SettingsManager]: Resetting CACSL2BoogieTranslator preferences to default values
[2019-05-02 20:02:45,573 INFO  L174        SettingsManager]: Resetting CodeCheck preferences to default values
[2019-05-02 20:02:45,574 INFO  L174        SettingsManager]: Resetting InvariantSynthesis preferences to default values
[2019-05-02 20:02:45,575 INFO  L174        SettingsManager]: Resetting RCFGBuilder preferences to default values
[2019-05-02 20:02:45,576 INFO  L174        SettingsManager]: Resetting TraceAbstraction preferences to default values
[2019-05-02 20:02:45,578 INFO  L177        SettingsManager]: TraceAbstractionConcurrent provides no preferences, ignoring...
[2019-05-02 20:02:45,578 INFO  L177        SettingsManager]: TraceAbstractionWithAFAs provides no preferences, ignoring...
[2019-05-02 20:02:45,578 INFO  L174        SettingsManager]: Resetting TreeAutomizer preferences to default values
[2019-05-02 20:02:45,579 INFO  L174        SettingsManager]: Resetting IcfgTransformer preferences to default values
[2019-05-02 20:02:45,579 INFO  L174        SettingsManager]: Resetting Boogie Printer preferences to default values
[2019-05-02 20:02:45,580 INFO  L174        SettingsManager]: Resetting ReqPrinter preferences to default values
[2019-05-02 20:02:45,580 INFO  L174        SettingsManager]: Resetting Witness Printer preferences to default values
[2019-05-02 20:02:45,581 INFO  L177        SettingsManager]: Boogie PL CUP Parser provides no preferences, ignoring...
[2019-05-02 20:02:45,581 INFO  L174        SettingsManager]: Resetting CDTParser preferences to default values
[2019-05-02 20:02:45,581 INFO  L177        SettingsManager]: AutomataScriptParser provides no preferences, ignoring...
[2019-05-02 20:02:45,581 INFO  L177        SettingsManager]: ReqParser provides no preferences, ignoring...
[2019-05-02 20:02:45,582 INFO  L174        SettingsManager]: Resetting SmtParser preferences to default values
[2019-05-02 20:02:45,582 INFO  L174        SettingsManager]: Resetting Witness Parser preferences to default values
[2019-05-02 20:02:45,583 INFO  L181        SettingsManager]: Finished resetting all preferences to default values...
[2019-05-02 20:02:45,599 INFO  L81    nceAwareModelManager]: Repository-Root is: /tmp
[2019-05-02 20:02:45,607 INFO  L258   ainManager$Toolchain]: [Toolchain 1]: Applicable parser(s) successfully (re)initialized
[2019-05-02 20:02:45,610 INFO  L214   ainManager$Toolchain]: [Toolchain 1]: Toolchain selected.
[2019-05-02 20:02:45,611 INFO  L271        PluginConnector]: Initializing Boogie PL CUP Parser...
[2019-05-02 20:02:45,611 INFO  L276        PluginConnector]: Boogie PL CUP Parser initialized
[2019-05-02 20:02:45,612 INFO  L418   ainManager$Toolchain]: [Toolchain 1]: Parsing single file: /home/xuechao/xuechao/work/Lab/Termination/Lasso-Ranker/Program_non/15.bpl
[2019-05-02 20:02:45,612 INFO  L111           BoogieParser]: Parsing: '/home/xuechao/xuechao/work/Lab/Termination/Lasso-Ranker/Program_non/15.bpl'
[2019-05-02 20:02:45,634 INFO  L296   ainManager$Toolchain]: ####################### [Toolchain 1] #######################
[2019-05-02 20:02:45,635 INFO  L131        ToolchainWalker]: Walking toolchain with 3 elements.
[2019-05-02 20:02:45,635 INFO  L113        PluginConnector]: ------------------------Boogie Preprocessor----------------------------
[2019-05-02 20:02:45,635 INFO  L271        PluginConnector]: Initializing Boogie Preprocessor...
[2019-05-02 20:02:45,635 INFO  L276        PluginConnector]: Boogie Preprocessor initialized
[2019-05-02 20:02:45,651 INFO  L185        PluginConnector]: Executing the observer EnsureBoogieModelObserver from plugin Boogie Preprocessor for "15.bpl de.uni_freiburg.informatik.ultimate.boogie.parser AST 02.05 08:02:45" (1/1) ...
[2019-05-02 20:02:45,652 INFO  L185        PluginConnector]: Executing the observer TypeChecker from plugin Boogie Preprocessor for "15.bpl de.uni_freiburg.informatik.ultimate.boogie.parser AST 02.05 08:02:45" (1/1) ...
[2019-05-02 20:02:45,657 INFO  L185        PluginConnector]: Executing the observer ConstExpander from plugin Boogie Preprocessor for "15.bpl de.uni_freiburg.informatik.ultimate.boogie.parser AST 02.05 08:02:45" (1/1) ...
[2019-05-02 20:02:45,657 INFO  L185        PluginConnector]: Executing the observer StructExpander from plugin Boogie Preprocessor for "15.bpl de.uni_freiburg.informatik.ultimate.boogie.parser AST 02.05 08:02:45" (1/1) ...
[2019-05-02 20:02:45,660 INFO  L185        PluginConnector]: Executing the observer UnstructureCode from plugin Boogie Preprocessor for "15.bpl de.uni_freiburg.informatik.ultimate.boogie.parser AST 02.05 08:02:45" (1/1) ...
[2019-05-02 20:02:45,663 INFO  L185        PluginConnector]: Executing the observer FunctionInliner from plugin Boogie Preprocessor for "15.bpl de.uni_freiburg.informatik.ultimate.boogie.parser AST 02.05 08:02:45" (1/1) ...
[2019-05-02 20:02:45,663 INFO  L185        PluginConnector]: Executing the observer BoogieSymbolTableConstructor from plugin Boogie Preprocessor for "15.bpl de.uni_freiburg.informatik.ultimate.boogie.parser AST 02.05 08:02:45" (1/1) ...
[2019-05-02 20:02:45,664 INFO  L132        PluginConnector]: ------------------------ END Boogie Preprocessor----------------------------
[2019-05-02 20:02:45,664 INFO  L113        PluginConnector]: ------------------------RCFGBuilder----------------------------
[2019-05-02 20:02:45,665 INFO  L271        PluginConnector]: Initializing RCFGBuilder...
[2019-05-02 20:02:45,665 INFO  L276        PluginConnector]: RCFGBuilder initialized
[2019-05-02 20:02:45,665 INFO  L185        PluginConnector]: Executing the observer RCFGBuilderObserver from plugin RCFGBuilder for "15.bpl de.uni_freiburg.informatik.ultimate.boogie.parser AST 02.05 08:02:45" (1/1) ...
No working directory specified, using /home/xuechao/xuechao/work/Lab/Termination/Lasso-Ranker/z3
Starting monitored process 1 with z3 SMTLIB2_COMPLIANT=true -memory:1024 -smt2 -in -t:12000 (exit command is (exit), workingDir is null)
Waiting until toolchain timeout for monitored process 1 with z3 SMTLIB2_COMPLIANT=true -memory:1024 -smt2 -in -t:12000
[2019-05-02 20:02:45,702 INFO  L124     BoogieDeclarations]: Specification and implementation of procedure Benghazi given in one single declaration
[2019-05-02 20:02:45,702 INFO  L130     BoogieDeclarations]: Found specification of procedure Benghazi
[2019-05-02 20:02:45,702 INFO  L138     BoogieDeclarations]: Found implementation of procedure Benghazi
[2019-05-02 20:02:45,782 INFO  L278             CfgBuilder]: Using library mode
[2019-05-02 20:02:45,782 INFO  L286             CfgBuilder]: Removed 0 assue(true) statements.
[2019-05-02 20:02:45,783 INFO  L202        PluginConnector]: Adding new model 15.bpl de.uni_freiburg.informatik.ultimate.plugins.generator.rcfgbuilder CFG 02.05 08:02:45 BoogieIcfgContainer
[2019-05-02 20:02:45,783 INFO  L132        PluginConnector]: ------------------------ END RCFGBuilder----------------------------
[2019-05-02 20:02:45,783 INFO  L113        PluginConnector]: ------------------------LassoRanker----------------------------
[2019-05-02 20:02:45,784 INFO  L271        PluginConnector]: Initializing LassoRanker...
[2019-05-02 20:02:45,784 INFO  L276        PluginConnector]: LassoRanker initialized
[2019-05-02 20:02:45,784 INFO  L185        PluginConnector]: Executing the observer LassoRankerObserver from plugin LassoRanker for "15.bpl de.uni_freiburg.informatik.ultimate.plugins.generator.rcfgbuilder CFG 02.05 08:02:45" (1/1) ...
[2019-05-02 20:02:45,805 INFO  L72            BuchiIsEmpty]: Start buchiIsEmpty. Operand 2 states.
[2019-05-02 20:02:45,821 INFO  L131   ngComponentsAnalysis]: Automaton has 1 accepting balls. 1
[2019-05-02 20:02:45,821 INFO  L87            BuchiIsEmpty]: Finished buchiIsEmpty Result is false
[2019-05-02 20:02:45,821 INFO  L119           BuchiIsEmpty]: Starting construction of run
[2019-05-02 20:02:45,827 INFO  L104     BuchiDifferenceFKV]: Start buchiDifferenceFKV. First operand 2 states. Second operand 1 states.
[2019-05-02 20:02:45,835 INFO  L108     BuchiDifferenceFKV]: Finished buchiDifferenceFKV. First operand 2 states. Second operand 1 states. Result 3 states and 4 transitions. Complement of second has 2 states 2 powerset states0 rank states. The highest rank that occured is -1
[2019-05-02 20:02:45,836 INFO  L72            BuchiIsEmpty]: Start buchiIsEmpty. Operand 3 states and 4 transitions.
[2019-05-02 20:02:45,836 INFO  L131   ngComponentsAnalysis]: Automaton has 0 accepting balls. 0
[2019-05-02 20:02:45,836 INFO  L87            BuchiIsEmpty]: Finished buchiIsEmpty Result is true
[2019-05-02 20:02:45,885 INFO  L216          LassoAnalysis]: Preferences:
[2019-05-02 20:02:45,885 INFO  L124   ssoRankerPreferences]: Compute integeral hull: false
[2019-05-02 20:02:45,886 INFO  L125   ssoRankerPreferences]: Enable LassoPartitioneer: true
[2019-05-02 20:02:45,886 INFO  L126   ssoRankerPreferences]: Term annotations enabled: false
[2019-05-02 20:02:45,886 INFO  L127   ssoRankerPreferences]: Use exernal solver: true
[2019-05-02 20:02:45,886 INFO  L128   ssoRankerPreferences]: SMT solver command: z3 -smt2 -in SMTLIB2_COMPLIANT=true
[2019-05-02 20:02:45,886 INFO  L129   ssoRankerPreferences]: Dump SMT script to file: false
[2019-05-02 20:02:45,886 INFO  L130   ssoRankerPreferences]: Path of dumped script: .
[2019-05-02 20:02:45,886 INFO  L131   ssoRankerPreferences]: Filename of dumped script: LassoRankerScript
[2019-05-02 20:02:45,886 INFO  L132   ssoRankerPreferences]: MapElimAlgo: Frank
[2019-05-02 20:02:45,886 INFO  L282          LassoAnalysis]: Starting lasso preprocessing...
[2019-05-02 20:02:45,902 INFO  L141          MapEliminator]: Using MapEliminator with SimplificationTechnique=SIMPLIFY_DDA XnfConversionTechnique=BOTTOM_UP_WITH_LOCAL_SIMPLIFICATION AddInequalities=false OnlyTrivialImplicationsArrayWrite=false OnlyTrivialImplicationsForModifiedArguments=true OnlyArgumentsInFormula=true
[2019-05-02 20:02:45,980 INFO  L300          LassoAnalysis]: Preprocessing complete.
[2019-05-02 20:02:45,981 INFO  L412          LassoAnalysis]: Checking for nontermination...
No working directory specified, using /home/xuechao/xuechao/work/Lab/Termination/Lasso-Ranker/z3
Starting monitored process 2 with z3 -smt2 -in SMTLIB2_COMPLIANT=true (exit command is (exit), workingDir is null)
Waiting until toolchain timeout for monitored process 2 with z3 -smt2 -in SMTLIB2_COMPLIANT=true
[2019-05-02 20:02:45,986 INFO  L151   nArgumentSynthesizer]: Nontermination analysis: LINEAR_WITH_GUESSES Allow bounded executions: true Number of generalized eigenvectors: 0 Nilpotent components: true
[2019-05-02 20:02:45,986 INFO  L163   nArgumentSynthesizer]: Using integer mode.
No working directory specified, using /home/xuechao/xuechao/work/Lab/Termination/Lasso-Ranker/z3
Starting monitored process 3 with z3 -smt2 -in SMTLIB2_COMPLIANT=true (exit command is (exit), workingDir is null)
Waiting until toolchain timeout for monitored process 3 with z3 -smt2 -in SMTLIB2_COMPLIANT=true
[2019-05-02 20:02:46,009 INFO  L151   nArgumentSynthesizer]: Nontermination analysis: LINEAR_WITH_GUESSES Allow bounded executions: true Number of generalized eigenvectors: 3 Nilpotent components: true
[2019-05-02 20:02:46,009 INFO  L163   nArgumentSynthesizer]: Using integer mode.
[2019-05-02 20:02:46,035 INFO  L452          LassoAnalysis]: Proving nontermination failed: No geometric nontermination argument exists.
[2019-05-02 20:02:46,037 INFO  L216          LassoAnalysis]: Preferences:
[2019-05-02 20:02:46,037 INFO  L124   ssoRankerPreferences]: Compute integeral hull: false
[2019-05-02 20:02:46,037 INFO  L125   ssoRankerPreferences]: Enable LassoPartitioneer: true
[2019-05-02 20:02:46,037 INFO  L126   ssoRankerPreferences]: Term annotations enabled: false
[2019-05-02 20:02:46,037 INFO  L127   ssoRankerPreferences]: Use exernal solver: true
[2019-05-02 20:02:46,037 INFO  L128   ssoRankerPreferences]: SMT solver command: z3 -smt2 -in SMTLIB2_COMPLIANT=true
[2019-05-02 20:02:46,037 INFO  L129   ssoRankerPreferences]: Dump SMT script to file: false
[2019-05-02 20:02:46,037 INFO  L130   ssoRankerPreferences]: Path of dumped script: .
[2019-05-02 20:02:46,037 INFO  L131   ssoRankerPreferences]: Filename of dumped script: LassoRankerScript
[2019-05-02 20:02:46,038 INFO  L132   ssoRankerPreferences]: MapElimAlgo: Frank
[2019-05-02 20:02:46,038 INFO  L282          LassoAnalysis]: Starting lasso preprocessing...
[2019-05-02 20:02:46,039 INFO  L141          MapEliminator]: Using MapEliminator with SimplificationTechnique=SIMPLIFY_DDA XnfConversionTechnique=BOTTOM_UP_WITH_LOCAL_SIMPLIFICATION AddInequalities=false OnlyTrivialImplicationsArrayWrite=false OnlyTrivialImplicationsForModifiedArguments=true OnlyArgumentsInFormula=true
[2019-05-02 20:02:46,110 INFO  L300          LassoAnalysis]: Preprocessing complete.
[2019-05-02 20:02:46,114 INFO  L497          LassoAnalysis]: Using template 'affine'.
No working directory specified, using /home/xuechao/xuechao/work/Lab/Termination/Lasso-Ranker/z3
Starting monitored process 4 with z3 -smt2 -in SMTLIB2_COMPLIANT=true (exit command is (exit), workingDir is null)
Waiting until toolchain timeout for monitored process 4 with z3 -smt2 -in SMTLIB2_COMPLIANT=true
[2019-05-02 20:02:46,124 INFO  L122   nArgumentSynthesizer]: Termination Analysis Settings:
Termination analysis: LINEAR_WITH_GUESSES
Number of strict supporting invariants: 1
Number of non-strict supporting invariants: 0
Consider only non-deceasing supporting invariants: true
Simplify termination arguments: true
Simplify supporting invariants: trueOverapproximate stem: false
[2019-05-02 20:02:46,126 INFO  L339   nArgumentSynthesizer]: Template has degree 0.
[2019-05-02 20:02:46,127 INFO  L352   nArgumentSynthesizer]: There is no stem transition; disabling supporting invariant generation.
[2019-05-02 20:02:46,127 INFO  L205   nArgumentSynthesizer]: 1 stem disjuncts
[2019-05-02 20:02:46,127 INFO  L206   nArgumentSynthesizer]: 1 loop disjuncts
[2019-05-02 20:02:46,128 INFO  L207   nArgumentSynthesizer]: 2 template conjuncts.
[2019-05-02 20:02:46,135 INFO  L402   nArgumentSynthesizer]: We have 2 Motzkin's Theorem applications.
[2019-05-02 20:02:46,135 INFO  L403   nArgumentSynthesizer]: A total of 0 supporting invariants were added.
[2019-05-02 20:02:46,138 INFO  L530          LassoAnalysis]: Proving termination failed for this template and these settings.
[2019-05-02 20:02:46,152 INFO  L497          LassoAnalysis]: Using template '2-nested'.
No working directory specified, using /home/xuechao/xuechao/work/Lab/Termination/Lasso-Ranker/z3
Starting monitored process 5 with z3 -smt2 -in SMTLIB2_COMPLIANT=true (exit command is (exit), workingDir is null)
Waiting until toolchain timeout for monitored process 5 with z3 -smt2 -in SMTLIB2_COMPLIANT=true
[2019-05-02 20:02:46,154 INFO  L122   nArgumentSynthesizer]: Termination Analysis Settings:
Termination analysis: LINEAR_WITH_GUESSES
Number of strict supporting invariants: 1
Number of non-strict supporting invariants: 0
Consider only non-deceasing supporting invariants: true
Simplify termination arguments: true
Simplify supporting invariants: trueOverapproximate stem: false
[2019-05-02 20:02:46,156 INFO  L339   nArgumentSynthesizer]: Template has degree 0.
[2019-05-02 20:02:46,156 INFO  L352   nArgumentSynthesizer]: There is no stem transition; disabling supporting invariant generation.
[2019-05-02 20:02:46,156 INFO  L205   nArgumentSynthesizer]: 1 stem disjuncts
[2019-05-02 20:02:46,156 INFO  L206   nArgumentSynthesizer]: 1 loop disjuncts
[2019-05-02 20:02:46,156 INFO  L207   nArgumentSynthesizer]: 3 template conjuncts.
[2019-05-02 20:02:46,158 INFO  L402   nArgumentSynthesizer]: We have 3 Motzkin's Theorem applications.
[2019-05-02 20:02:46,158 INFO  L403   nArgumentSynthesizer]: A total of 0 supporting invariants were added.
[2019-05-02 20:02:46,161 INFO  L530          LassoAnalysis]: Proving termination failed for this template and these settings.
[2019-05-02 20:02:46,175 INFO  L497          LassoAnalysis]: Using template '3-nested'.
No working directory specified, using /home/xuechao/xuechao/work/Lab/Termination/Lasso-Ranker/z3
Starting monitored process 6 with z3 -smt2 -in SMTLIB2_COMPLIANT=true (exit command is (exit), workingDir is null)
Waiting until toolchain timeout for monitored process 6 with z3 -smt2 -in SMTLIB2_COMPLIANT=true
[2019-05-02 20:02:46,180 INFO  L122   nArgumentSynthesizer]: Termination Analysis Settings:
Termination analysis: LINEAR_WITH_GUESSES
Number of strict supporting invariants: 1
Number of non-strict supporting invariants: 0
Consider only non-deceasing supporting invariants: true
Simplify termination arguments: true
Simplify supporting invariants: trueOverapproximate stem: false
[2019-05-02 20:02:46,181 INFO  L339   nArgumentSynthesizer]: Template has degree 0.
[2019-05-02 20:02:46,181 INFO  L352   nArgumentSynthesizer]: There is no stem transition; disabling supporting invariant generation.
[2019-05-02 20:02:46,182 INFO  L205   nArgumentSynthesizer]: 1 stem disjuncts
[2019-05-02 20:02:46,182 INFO  L206   nArgumentSynthesizer]: 1 loop disjuncts
[2019-05-02 20:02:46,182 INFO  L207   nArgumentSynthesizer]: 4 template conjuncts.
[2019-05-02 20:02:46,186 INFO  L402   nArgumentSynthesizer]: We have 4 Motzkin's Theorem applications.
[2019-05-02 20:02:46,187 INFO  L403   nArgumentSynthesizer]: A total of 0 supporting invariants were added.
[2019-05-02 20:02:46,190 INFO  L421   nArgumentSynthesizer]: Found a termination argument, trying to simplify.
[2019-05-02 20:02:46,197 INFO  L443   ModelExtractionUtils]: Simplification made 4 calls to the SMT solver.
[2019-05-02 20:02:46,197 INFO  L444   ModelExtractionUtils]: 6 out of 13 variables were initially zero. Simplification set additionally 0 variables to zero.
No working directory specified, using /home/xuechao/xuechao/work/Lab/Termination/Lasso-Ranker/z3
Starting monitored process 7 with z3 -smt2 -in SMTLIB2_COMPLIANT=true (exit command is (exit), workingDir is null)
Waiting until toolchain timeout for monitored process 7 with z3 -smt2 -in SMTLIB2_COMPLIANT=true
[2019-05-02 20:02:46,202 INFO  L437   nArgumentSynthesizer]: Simplifying supporting invariants...
[2019-05-02 20:02:46,202 INFO  L440   nArgumentSynthesizer]: Removed 0 redundant supporting invariants from a total of 0.
[2019-05-02 20:02:46,202 INFO  L518          LassoAnalysis]: Proved termination.
[2019-05-02 20:02:46,202 INFO  L520          LassoAnalysis]: Termination argument consisting of:
Ranking function 3-nested ranking function:
  f0 = -1*Benghazi_d2
  f1 = 1*Benghazi_x - 1*Benghazi_d1 + 1
  f2 = 1*Benghazi_x + 1
Supporting invariants []
[2019-05-02 20:02:46,223 INFO  L132        PluginConnector]: ------------------------ END LassoRanker----------------------------
[2019-05-02 20:02:46,223 INFO  L168              Benchmark]: Toolchain (without parser) took 589.09 ms. Allocated memory is still 514.9 MB. Free memory was 477.8 MB in the beginning and 421.5 MB in the end (delta: 56.3 MB). Peak memory consumption was 56.3 MB. Max. memory is 11.5 GB.
[2019-05-02 20:02:46,225 INFO  L168              Benchmark]: Boogie PL CUP Parser took 0.11 ms. Allocated memory is still 514.9 MB. Free memory is still 479.3 MB. There was no memory consumed. Max. memory is 11.5 GB.
[2019-05-02 20:02:46,225 INFO  L168              Benchmark]: Boogie Preprocessor took 29.09 ms. Allocated memory is still 514.9 MB. Free memory was 477.8 MB in the beginning and 475.1 MB in the end (delta: 2.7 MB). Peak memory consumption was 2.7 MB. Max. memory is 11.5 GB.
[2019-05-02 20:02:46,226 INFO  L168              Benchmark]: RCFGBuilder took 118.65 ms. Allocated memory is still 514.9 MB. Free memory was 475.1 MB in the beginning and 466.1 MB in the end (delta: 9.0 MB). Peak memory consumption was 9.0 MB. Max. memory is 11.5 GB.
[2019-05-02 20:02:46,226 INFO  L168              Benchmark]: LassoRanker took 439.28 ms. Allocated memory is still 514.9 MB. Free memory was 466.1 MB in the beginning and 421.5 MB in the end (delta: 44.6 MB). Peak memory consumption was 44.6 MB. Max. memory is 11.5 GB.
[2019-05-02 20:02:46,229 INFO  L336   ainManager$Toolchain]: #######################  End [Toolchain 1] #######################
 --- Results ---
 * Results from de.uni_freiburg.informatik.ultimate.core:
  - StatisticsResult: Toolchain Benchmarks
    Benchmark results are:
 * Boogie PL CUP Parser took 0.11 ms. Allocated memory is still 514.9 MB. Free memory is still 479.3 MB. There was no memory consumed. Max. memory is 11.5 GB.
 * Boogie Preprocessor took 29.09 ms. Allocated memory is still 514.9 MB. Free memory was 477.8 MB in the beginning and 475.1 MB in the end (delta: 2.7 MB). Peak memory consumption was 2.7 MB. Max. memory is 11.5 GB.
 * RCFGBuilder took 118.65 ms. Allocated memory is still 514.9 MB. Free memory was 475.1 MB in the beginning and 466.1 MB in the end (delta: 9.0 MB). Peak memory consumption was 9.0 MB. Max. memory is 11.5 GB.
 * LassoRanker took 439.28 ms. Allocated memory is still 514.9 MB. Free memory was 466.1 MB in the beginning and 421.5 MB in the end (delta: 44.6 MB). Peak memory consumption was 44.6 MB. Max. memory is 11.5 GB.
 * Results from de.uni_freiburg.informatik.ultimate.plugins.analysis.lassoranker:
  - TerminationArgumentResult [Line: 14]: Found 3-nested ranking function
    Found a termination argument consisting of the 3-nested ranking function: [(if -1 * d2 > 0 then 2 else (if x + -1 * d1 + 1 > 0 then 1 else 0)), (if -1 * d2 > 0 then -1 * d2 else (if x + -1 * d1 + 1 > 0 then x + -1 * d1 + 1 else x + 1))] for which no supporting invariant is required.
RESULT: Ultimate proved your program to be correct!
Received shutdown request...
