This is Ultimate 0.1.24-16d85fa
[2019-05-02 19:57:28,066 INFO  L170        SettingsManager]: Resetting all preferences to default values...
[2019-05-02 19:57:28,067 INFO  L174        SettingsManager]: Resetting UltimateCore preferences to default values
[2019-05-02 19:57:28,077 INFO  L177        SettingsManager]: Ultimate Commandline Interface provides no preferences, ignoring...
[2019-05-02 19:57:28,077 INFO  L174        SettingsManager]: Resetting Boogie Preprocessor preferences to default values
[2019-05-02 19:57:28,078 INFO  L174        SettingsManager]: Resetting Boogie Procedure Inliner preferences to default values
[2019-05-02 19:57:28,079 INFO  L174        SettingsManager]: Resetting Abstract Interpretation preferences to default values
[2019-05-02 19:57:28,080 INFO  L174        SettingsManager]: Resetting LassoRanker preferences to default values
[2019-05-02 19:57:28,081 INFO  L174        SettingsManager]: Resetting Reaching Definitions preferences to default values
[2019-05-02 19:57:28,082 INFO  L174        SettingsManager]: Resetting SyntaxChecker preferences to default values
[2019-05-02 19:57:28,082 INFO  L177        SettingsManager]: Büchi Program Product provides no preferences, ignoring...
[2019-05-02 19:57:28,082 INFO  L174        SettingsManager]: Resetting LTL2Aut preferences to default values
[2019-05-02 19:57:28,083 INFO  L174        SettingsManager]: Resetting PEA to Boogie preferences to default values
[2019-05-02 19:57:28,084 INFO  L174        SettingsManager]: Resetting BlockEncodingV2 preferences to default values
[2019-05-02 19:57:28,085 INFO  L174        SettingsManager]: Resetting ChcToBoogie preferences to default values
[2019-05-02 19:57:28,085 INFO  L174        SettingsManager]: Resetting AutomataScriptInterpreter preferences to default values
[2019-05-02 19:57:28,085 INFO  L174        SettingsManager]: Resetting BuchiAutomizer preferences to default values
[2019-05-02 19:57:28,087 INFO  L174        SettingsManager]: Resetting CACSL2BoogieTranslator preferences to default values
[2019-05-02 19:57:28,088 INFO  L174        SettingsManager]: Resetting CodeCheck preferences to default values
[2019-05-02 19:57:28,089 INFO  L174        SettingsManager]: Resetting InvariantSynthesis preferences to default values
[2019-05-02 19:57:28,090 INFO  L174        SettingsManager]: Resetting RCFGBuilder preferences to default values
[2019-05-02 19:57:28,091 INFO  L174        SettingsManager]: Resetting TraceAbstraction preferences to default values
[2019-05-02 19:57:28,092 INFO  L177        SettingsManager]: TraceAbstractionConcurrent provides no preferences, ignoring...
[2019-05-02 19:57:28,093 INFO  L177        SettingsManager]: TraceAbstractionWithAFAs provides no preferences, ignoring...
[2019-05-02 19:57:28,093 INFO  L174        SettingsManager]: Resetting TreeAutomizer preferences to default values
[2019-05-02 19:57:28,095 INFO  L174        SettingsManager]: Resetting IcfgTransformer preferences to default values
[2019-05-02 19:57:28,095 INFO  L174        SettingsManager]: Resetting Boogie Printer preferences to default values
[2019-05-02 19:57:28,096 INFO  L174        SettingsManager]: Resetting ReqPrinter preferences to default values
[2019-05-02 19:57:28,096 INFO  L174        SettingsManager]: Resetting Witness Printer preferences to default values
[2019-05-02 19:57:28,097 INFO  L177        SettingsManager]: Boogie PL CUP Parser provides no preferences, ignoring...
[2019-05-02 19:57:28,097 INFO  L174        SettingsManager]: Resetting CDTParser preferences to default values
[2019-05-02 19:57:28,097 INFO  L177        SettingsManager]: AutomataScriptParser provides no preferences, ignoring...
[2019-05-02 19:57:28,097 INFO  L177        SettingsManager]: ReqParser provides no preferences, ignoring...
[2019-05-02 19:57:28,097 INFO  L174        SettingsManager]: Resetting SmtParser preferences to default values
[2019-05-02 19:57:28,098 INFO  L174        SettingsManager]: Resetting Witness Parser preferences to default values
[2019-05-02 19:57:28,098 INFO  L181        SettingsManager]: Finished resetting all preferences to default values...
[2019-05-02 19:57:28,115 INFO  L81    nceAwareModelManager]: Repository-Root is: /tmp
[2019-05-02 19:57:28,123 INFO  L258   ainManager$Toolchain]: [Toolchain 1]: Applicable parser(s) successfully (re)initialized
[2019-05-02 19:57:28,125 INFO  L214   ainManager$Toolchain]: [Toolchain 1]: Toolchain selected.
[2019-05-02 19:57:28,126 INFO  L271        PluginConnector]: Initializing Boogie PL CUP Parser...
[2019-05-02 19:57:28,127 INFO  L276        PluginConnector]: Boogie PL CUP Parser initialized
[2019-05-02 19:57:28,127 INFO  L418   ainManager$Toolchain]: [Toolchain 1]: Parsing single file: /home/xuechao/xuechao/work/Lab/Termination/Lasso-Ranker/Program_non/150.bpl
[2019-05-02 19:57:28,127 INFO  L111           BoogieParser]: Parsing: '/home/xuechao/xuechao/work/Lab/Termination/Lasso-Ranker/Program_non/150.bpl'
[2019-05-02 19:57:28,149 INFO  L296   ainManager$Toolchain]: ####################### [Toolchain 1] #######################
[2019-05-02 19:57:28,150 INFO  L131        ToolchainWalker]: Walking toolchain with 3 elements.
[2019-05-02 19:57:28,150 INFO  L113        PluginConnector]: ------------------------Boogie Preprocessor----------------------------
[2019-05-02 19:57:28,150 INFO  L271        PluginConnector]: Initializing Boogie Preprocessor...
[2019-05-02 19:57:28,150 INFO  L276        PluginConnector]: Boogie Preprocessor initialized
[2019-05-02 19:57:28,166 INFO  L185        PluginConnector]: Executing the observer EnsureBoogieModelObserver from plugin Boogie Preprocessor for "150.bpl de.uni_freiburg.informatik.ultimate.boogie.parser AST 02.05 07:57:28" (1/1) ...
[2019-05-02 19:57:28,168 INFO  L185        PluginConnector]: Executing the observer TypeChecker from plugin Boogie Preprocessor for "150.bpl de.uni_freiburg.informatik.ultimate.boogie.parser AST 02.05 07:57:28" (1/1) ...
[2019-05-02 19:57:28,172 INFO  L185        PluginConnector]: Executing the observer ConstExpander from plugin Boogie Preprocessor for "150.bpl de.uni_freiburg.informatik.ultimate.boogie.parser AST 02.05 07:57:28" (1/1) ...
[2019-05-02 19:57:28,172 INFO  L185        PluginConnector]: Executing the observer StructExpander from plugin Boogie Preprocessor for "150.bpl de.uni_freiburg.informatik.ultimate.boogie.parser AST 02.05 07:57:28" (1/1) ...
[2019-05-02 19:57:28,174 INFO  L185        PluginConnector]: Executing the observer UnstructureCode from plugin Boogie Preprocessor for "150.bpl de.uni_freiburg.informatik.ultimate.boogie.parser AST 02.05 07:57:28" (1/1) ...
[2019-05-02 19:57:28,177 INFO  L185        PluginConnector]: Executing the observer FunctionInliner from plugin Boogie Preprocessor for "150.bpl de.uni_freiburg.informatik.ultimate.boogie.parser AST 02.05 07:57:28" (1/1) ...
[2019-05-02 19:57:28,177 INFO  L185        PluginConnector]: Executing the observer BoogieSymbolTableConstructor from plugin Boogie Preprocessor for "150.bpl de.uni_freiburg.informatik.ultimate.boogie.parser AST 02.05 07:57:28" (1/1) ...
[2019-05-02 19:57:28,178 INFO  L132        PluginConnector]: ------------------------ END Boogie Preprocessor----------------------------
[2019-05-02 19:57:28,179 INFO  L113        PluginConnector]: ------------------------RCFGBuilder----------------------------
[2019-05-02 19:57:28,179 INFO  L271        PluginConnector]: Initializing RCFGBuilder...
[2019-05-02 19:57:28,179 INFO  L276        PluginConnector]: RCFGBuilder initialized
[2019-05-02 19:57:28,180 INFO  L185        PluginConnector]: Executing the observer RCFGBuilderObserver from plugin RCFGBuilder for "150.bpl de.uni_freiburg.informatik.ultimate.boogie.parser AST 02.05 07:57:28" (1/1) ...
No working directory specified, using /home/xuechao/xuechao/work/Lab/Termination/Lasso-Ranker/z3
Starting monitored process 1 with z3 SMTLIB2_COMPLIANT=true -memory:1024 -smt2 -in -t:12000 (exit command is (exit), workingDir is null)
Waiting until toolchain timeout for monitored process 1 with z3 SMTLIB2_COMPLIANT=true -memory:1024 -smt2 -in -t:12000
[2019-05-02 19:57:28,219 INFO  L124     BoogieDeclarations]: Specification and implementation of procedure main given in one single declaration
[2019-05-02 19:57:28,219 INFO  L130     BoogieDeclarations]: Found specification of procedure main
[2019-05-02 19:57:28,219 INFO  L138     BoogieDeclarations]: Found implementation of procedure main
[2019-05-02 19:57:28,311 INFO  L278             CfgBuilder]: Using library mode
[2019-05-02 19:57:28,311 INFO  L286             CfgBuilder]: Removed 0 assue(true) statements.
[2019-05-02 19:57:28,312 INFO  L202        PluginConnector]: Adding new model 150.bpl de.uni_freiburg.informatik.ultimate.plugins.generator.rcfgbuilder CFG 02.05 07:57:28 BoogieIcfgContainer
[2019-05-02 19:57:28,312 INFO  L132        PluginConnector]: ------------------------ END RCFGBuilder----------------------------
[2019-05-02 19:57:28,312 INFO  L113        PluginConnector]: ------------------------LassoRanker----------------------------
[2019-05-02 19:57:28,312 INFO  L271        PluginConnector]: Initializing LassoRanker...
[2019-05-02 19:57:28,313 INFO  L276        PluginConnector]: LassoRanker initialized
[2019-05-02 19:57:28,313 INFO  L185        PluginConnector]: Executing the observer LassoRankerObserver from plugin LassoRanker for "150.bpl de.uni_freiburg.informatik.ultimate.plugins.generator.rcfgbuilder CFG 02.05 07:57:28" (1/1) ...
[2019-05-02 19:57:28,337 INFO  L72            BuchiIsEmpty]: Start buchiIsEmpty. Operand 2 states.
[2019-05-02 19:57:28,353 INFO  L131   ngComponentsAnalysis]: Automaton has 1 accepting balls. 1
[2019-05-02 19:57:28,353 INFO  L87            BuchiIsEmpty]: Finished buchiIsEmpty Result is false
[2019-05-02 19:57:28,353 INFO  L119           BuchiIsEmpty]: Starting construction of run
[2019-05-02 19:57:28,359 INFO  L104     BuchiDifferenceFKV]: Start buchiDifferenceFKV. First operand 2 states. Second operand 1 states.
[2019-05-02 19:57:28,367 INFO  L108     BuchiDifferenceFKV]: Finished buchiDifferenceFKV. First operand 2 states. Second operand 1 states. Result 3 states and 4 transitions. Complement of second has 2 states 2 powerset states0 rank states. The highest rank that occured is -1
[2019-05-02 19:57:28,367 INFO  L72            BuchiIsEmpty]: Start buchiIsEmpty. Operand 3 states and 4 transitions.
[2019-05-02 19:57:28,368 INFO  L131   ngComponentsAnalysis]: Automaton has 0 accepting balls. 0
[2019-05-02 19:57:28,368 INFO  L87            BuchiIsEmpty]: Finished buchiIsEmpty Result is true
[2019-05-02 19:57:28,446 INFO  L216          LassoAnalysis]: Preferences:
[2019-05-02 19:57:28,447 INFO  L124   ssoRankerPreferences]: Compute integeral hull: false
[2019-05-02 19:57:28,447 INFO  L125   ssoRankerPreferences]: Enable LassoPartitioneer: true
[2019-05-02 19:57:28,447 INFO  L126   ssoRankerPreferences]: Term annotations enabled: false
[2019-05-02 19:57:28,447 INFO  L127   ssoRankerPreferences]: Use exernal solver: true
[2019-05-02 19:57:28,447 INFO  L128   ssoRankerPreferences]: SMT solver command: z3 -smt2 -in SMTLIB2_COMPLIANT=true
[2019-05-02 19:57:28,447 INFO  L129   ssoRankerPreferences]: Dump SMT script to file: false
[2019-05-02 19:57:28,447 INFO  L130   ssoRankerPreferences]: Path of dumped script: .
[2019-05-02 19:57:28,448 INFO  L131   ssoRankerPreferences]: Filename of dumped script: LassoRankerScript
[2019-05-02 19:57:28,448 INFO  L132   ssoRankerPreferences]: MapElimAlgo: Frank
[2019-05-02 19:57:28,448 INFO  L282          LassoAnalysis]: Starting lasso preprocessing...
[2019-05-02 19:57:28,462 INFO  L141          MapEliminator]: Using MapEliminator with SimplificationTechnique=SIMPLIFY_DDA XnfConversionTechnique=BOTTOM_UP_WITH_LOCAL_SIMPLIFICATION AddInequalities=false OnlyTrivialImplicationsArrayWrite=false OnlyTrivialImplicationsForModifiedArguments=true OnlyArgumentsInFormula=true
[2019-05-02 19:57:28,542 INFO  L300          LassoAnalysis]: Preprocessing complete.
[2019-05-02 19:57:28,543 INFO  L412          LassoAnalysis]: Checking for nontermination...
No working directory specified, using /home/xuechao/xuechao/work/Lab/Termination/Lasso-Ranker/z3
Starting monitored process 2 with z3 -smt2 -in SMTLIB2_COMPLIANT=true (exit command is (exit), workingDir is null)
Waiting until toolchain timeout for monitored process 2 with z3 -smt2 -in SMTLIB2_COMPLIANT=true
[2019-05-02 19:57:28,548 INFO  L151   nArgumentSynthesizer]: Nontermination analysis: LINEAR_WITH_GUESSES Allow bounded executions: true Number of generalized eigenvectors: 0 Nilpotent components: true
No working directory specified, using /home/xuechao/xuechao/work/Lab/Termination/Lasso-Ranker/z3
Starting monitored process 3 with z3 -smt2 -in SMTLIB2_COMPLIANT=true (exit command is (exit), workingDir is null)
Waiting until toolchain timeout for monitored process 3 with z3 -smt2 -in SMTLIB2_COMPLIANT=true
[2019-05-02 19:57:28,567 INFO  L151   nArgumentSynthesizer]: Nontermination analysis: LINEAR_WITH_GUESSES Allow bounded executions: true Number of generalized eigenvectors: 3 Nilpotent components: true
[2019-05-02 19:57:28,577 INFO  L452          LassoAnalysis]: Proving nontermination failed: No geometric nontermination argument exists.
[2019-05-02 19:57:28,591 INFO  L216          LassoAnalysis]: Preferences:
[2019-05-02 19:57:28,591 INFO  L124   ssoRankerPreferences]: Compute integeral hull: false
[2019-05-02 19:57:28,591 INFO  L125   ssoRankerPreferences]: Enable LassoPartitioneer: true
[2019-05-02 19:57:28,592 INFO  L126   ssoRankerPreferences]: Term annotations enabled: false
[2019-05-02 19:57:28,592 INFO  L127   ssoRankerPreferences]: Use exernal solver: true
[2019-05-02 19:57:28,592 INFO  L128   ssoRankerPreferences]: SMT solver command: z3 -smt2 -in SMTLIB2_COMPLIANT=true
[2019-05-02 19:57:28,592 INFO  L129   ssoRankerPreferences]: Dump SMT script to file: false
[2019-05-02 19:57:28,592 INFO  L130   ssoRankerPreferences]: Path of dumped script: .
[2019-05-02 19:57:28,592 INFO  L131   ssoRankerPreferences]: Filename of dumped script: LassoRankerScript
[2019-05-02 19:57:28,592 INFO  L132   ssoRankerPreferences]: MapElimAlgo: Frank
[2019-05-02 19:57:28,592 INFO  L282          LassoAnalysis]: Starting lasso preprocessing...
[2019-05-02 19:57:28,593 INFO  L141          MapEliminator]: Using MapEliminator with SimplificationTechnique=SIMPLIFY_DDA XnfConversionTechnique=BOTTOM_UP_WITH_LOCAL_SIMPLIFICATION AddInequalities=false OnlyTrivialImplicationsArrayWrite=false OnlyTrivialImplicationsForModifiedArguments=true OnlyArgumentsInFormula=true
[2019-05-02 19:57:28,675 INFO  L300          LassoAnalysis]: Preprocessing complete.
[2019-05-02 19:57:28,679 INFO  L497          LassoAnalysis]: Using template 'affine'.
No working directory specified, using /home/xuechao/xuechao/work/Lab/Termination/Lasso-Ranker/z3
Starting monitored process 4 with z3 -smt2 -in SMTLIB2_COMPLIANT=true (exit command is (exit), workingDir is null)
Waiting until toolchain timeout for monitored process 4 with z3 -smt2 -in SMTLIB2_COMPLIANT=true
[2019-05-02 19:57:28,681 INFO  L122   nArgumentSynthesizer]: Termination Analysis Settings:
Termination analysis: LINEAR_WITH_GUESSES
Number of strict supporting invariants: 1
Number of non-strict supporting invariants: 0
Consider only non-deceasing supporting invariants: true
Simplify termination arguments: true
Simplify supporting invariants: trueOverapproximate stem: false
[2019-05-02 19:57:28,683 INFO  L339   nArgumentSynthesizer]: Template has degree 0.
[2019-05-02 19:57:28,683 INFO  L352   nArgumentSynthesizer]: There is no stem transition; disabling supporting invariant generation.
[2019-05-02 19:57:28,684 INFO  L205   nArgumentSynthesizer]: 1 stem disjuncts
[2019-05-02 19:57:28,684 INFO  L206   nArgumentSynthesizer]: 1 loop disjuncts
[2019-05-02 19:57:28,684 INFO  L207   nArgumentSynthesizer]: 2 template conjuncts.
[2019-05-02 19:57:28,686 INFO  L402   nArgumentSynthesizer]: We have 2 Motzkin's Theorem applications.
[2019-05-02 19:57:28,687 INFO  L403   nArgumentSynthesizer]: A total of 0 supporting invariants were added.
[2019-05-02 19:57:28,690 INFO  L421   nArgumentSynthesizer]: Found a termination argument, trying to simplify.
[2019-05-02 19:57:28,695 INFO  L443   ModelExtractionUtils]: Simplification made 3 calls to the SMT solver.
[2019-05-02 19:57:28,695 INFO  L444   ModelExtractionUtils]: 1 out of 4 variables were initially zero. Simplification set additionally 0 variables to zero.
No working directory specified, using /home/xuechao/xuechao/work/Lab/Termination/Lasso-Ranker/z3
Starting monitored process 5 with z3 -smt2 -in SMTLIB2_COMPLIANT=true (exit command is (exit), workingDir is null)
Waiting until toolchain timeout for monitored process 5 with z3 -smt2 -in SMTLIB2_COMPLIANT=true
[2019-05-02 19:57:28,709 INFO  L437   nArgumentSynthesizer]: Simplifying supporting invariants...
[2019-05-02 19:57:28,710 INFO  L440   nArgumentSynthesizer]: Removed 0 redundant supporting invariants from a total of 0.
[2019-05-02 19:57:28,710 INFO  L518          LassoAnalysis]: Proved termination.
[2019-05-02 19:57:28,711 INFO  L520          LassoAnalysis]: Termination argument consisting of:
Ranking function f(main_x1) = 2*main_x1 + 19
Supporting invariants []
[2019-05-02 19:57:28,727 FATAL L292        ToolchainWalker]: The Plugin de.uni_freiburg.informatik.ultimate.plugins.analysis.lassoranker has thrown an exception:
java.lang.IllegalArgumentException: Unknown sort Int
	at de.uni_freiburg.informatik.ultimate.modelcheckerutils.boogie.TypeSortTranslator.getType(TypeSortTranslator.java:145)
	at de.uni_freiburg.informatik.ultimate.modelcheckerutils.boogie.Term2Expression.translate(Term2Expression.java:361)
	at de.uni_freiburg.informatik.ultimate.modelcheckerutils.boogie.Term2Expression.translate(Term2Expression.java:131)
	at de.uni_freiburg.informatik.ultimate.modelcheckerutils.boogie.Term2Expression.translate(Term2Expression.java:165)
	at de.uni_freiburg.informatik.ultimate.modelcheckerutils.boogie.Term2Expression.translate(Term2Expression.java:129)
	at de.uni_freiburg.informatik.ultimate.modelcheckerutils.boogie.Term2Expression.translate(Term2Expression.java:165)
	at de.uni_freiburg.informatik.ultimate.modelcheckerutils.boogie.Term2Expression.translate(Term2Expression.java:129)
	at de.uni_freiburg.informatik.ultimate.plugins.generator.rcfgbuilder.RCFGBacktranslator.translateExpression(RCFGBacktranslator.java:394)
	at de.uni_freiburg.informatik.ultimate.plugins.generator.rcfgbuilder.RCFGBacktranslator.translateExpression(RCFGBacktranslator.java:1)
	at de.uni_freiburg.informatik.ultimate.core.coreplugin.services.ModelTranslationContainer.translateExpression(ModelTranslationContainer.java:105)
	at de.uni_freiburg.informatik.ultimate.core.coreplugin.services.ModelTranslationContainer.translateExpressionToString(ModelTranslationContainer.java:89)
	at de.uni_freiburg.informatik.ultimate.core.lib.results.TerminationArgumentResult.getLongDescription(TerminationArgumentResult.java:95)
	at de.uni_freiburg.informatik.ultimate.core.coreplugin.services.ResultService.reportResult(ResultService.java:85)
	at de.uni_freiburg.informatik.ultimate.plugins.analysis.lassoranker.LassoRankerStarter.reportResult(LassoRankerStarter.java:552)
	at de.uni_freiburg.informatik.ultimate.plugins.analysis.lassoranker.LassoRankerStarter.reportTerminationResult(LassoRankerStarter.java:437)
	at de.uni_freiburg.informatik.ultimate.plugins.analysis.lassoranker.LassoRankerStarter.<init>(LassoRankerStarter.java:254)
	at de.uni_freiburg.informatik.ultimate.plugins.analysis.lassoranker.LassoRankerObserver.process(LassoRankerObserver.java:72)
	at de.uni_freiburg.informatik.ultimate.core.coreplugin.modelwalker.CFGWalker.runObserver(CFGWalker.java:57)
	at de.uni_freiburg.informatik.ultimate.core.coreplugin.modelwalker.BaseWalker.runObserver(BaseWalker.java:93)
	at de.uni_freiburg.informatik.ultimate.core.coreplugin.modelwalker.BaseWalker.run(BaseWalker.java:86)
	at de.uni_freiburg.informatik.ultimate.core.coreplugin.PluginConnector.runObserver(PluginConnector.java:167)
	at de.uni_freiburg.informatik.ultimate.core.coreplugin.PluginConnector.runTool(PluginConnector.java:156)
	at de.uni_freiburg.informatik.ultimate.core.coreplugin.PluginConnector.run(PluginConnector.java:128)
	at de.uni_freiburg.informatik.ultimate.core.coreplugin.ToolchainWalker.executePluginConnector(ToolchainWalker.java:232)
	at de.uni_freiburg.informatik.ultimate.core.coreplugin.ToolchainWalker.processPlugin(ToolchainWalker.java:226)
	at de.uni_freiburg.informatik.ultimate.core.coreplugin.ToolchainWalker.walkUnprotected(ToolchainWalker.java:142)
	at de.uni_freiburg.informatik.ultimate.core.coreplugin.ToolchainWalker.walk(ToolchainWalker.java:104)
	at de.uni_freiburg.informatik.ultimate.core.coreplugin.ToolchainManager$Toolchain.processToolchain(ToolchainManager.java:316)
	at de.uni_freiburg.informatik.ultimate.core.coreplugin.toolchain.DefaultToolchainJob.run(DefaultToolchainJob.java:145)
	at org.eclipse.core.internal.jobs.Worker.run(Worker.java:55)
[2019-05-02 19:57:28,729 INFO  L168              Benchmark]: Toolchain (without parser) took 579.95 ms. Allocated memory is still 514.9 MB. Free memory was 475.0 MB in the beginning and 422.8 MB in the end (delta: 52.2 MB). Peak memory consumption was 52.2 MB. Max. memory is 11.5 GB.
[2019-05-02 19:57:28,731 INFO  L168              Benchmark]: Boogie PL CUP Parser took 0.12 ms. Allocated memory is still 514.9 MB. Free memory is still 479.1 MB. There was no memory consumed. Max. memory is 11.5 GB.
[2019-05-02 19:57:28,731 INFO  L168              Benchmark]: Boogie Preprocessor took 28.22 ms. Allocated memory is still 514.9 MB. Free memory was 475.0 MB in the beginning and 472.3 MB in the end (delta: 2.7 MB). Peak memory consumption was 2.7 MB. Max. memory is 11.5 GB.
[2019-05-02 19:57:28,732 INFO  L168              Benchmark]: RCFGBuilder took 133.48 ms. Allocated memory is still 514.9 MB. Free memory was 472.3 MB in the beginning and 462.7 MB in the end (delta: 9.6 MB). Peak memory consumption was 9.6 MB. Max. memory is 11.5 GB.
[2019-05-02 19:57:28,732 INFO  L168              Benchmark]: LassoRanker took 416.12 ms. Allocated memory is still 514.9 MB. Free memory was 462.7 MB in the beginning and 422.8 MB in the end (delta: 39.9 MB). Peak memory consumption was 39.9 MB. Max. memory is 11.5 GB.
[2019-05-02 19:57:28,735 INFO  L336   ainManager$Toolchain]: #######################  End [Toolchain 1] #######################
 --- Results ---
 * Results from de.uni_freiburg.informatik.ultimate.core:
  - StatisticsResult: Toolchain Benchmarks
    Benchmark results are:
 * Boogie PL CUP Parser took 0.12 ms. Allocated memory is still 514.9 MB. Free memory is still 479.1 MB. There was no memory consumed. Max. memory is 11.5 GB.
 * Boogie Preprocessor took 28.22 ms. Allocated memory is still 514.9 MB. Free memory was 475.0 MB in the beginning and 472.3 MB in the end (delta: 2.7 MB). Peak memory consumption was 2.7 MB. Max. memory is 11.5 GB.
 * RCFGBuilder took 133.48 ms. Allocated memory is still 514.9 MB. Free memory was 472.3 MB in the beginning and 462.7 MB in the end (delta: 9.6 MB). Peak memory consumption was 9.6 MB. Max. memory is 11.5 GB.
 * LassoRanker took 416.12 ms. Allocated memory is still 514.9 MB. Free memory was 462.7 MB in the beginning and 422.8 MB in the end (delta: 39.9 MB). Peak memory consumption was 39.9 MB. Max. memory is 11.5 GB.
 * Results from de.uni_freiburg.informatik.ultimate.plugins.analysis.lassoranker:
  - ExceptionOrErrorResult: IllegalArgumentException: Unknown sort Int
    de.uni_freiburg.informatik.ultimate.plugins.analysis.lassoranker: IllegalArgumentException: Unknown sort Int: de.uni_freiburg.informatik.ultimate.modelcheckerutils.boogie.TypeSortTranslator.getType(TypeSortTranslator.java:145)
RESULT: Ultimate could not prove your program: Toolchain returned no result.
Received shutdown request...
