This is Ultimate 0.1.24-16d85fa
[2019-05-02 19:57:30,344 INFO  L170        SettingsManager]: Resetting all preferences to default values...
[2019-05-02 19:57:30,345 INFO  L174        SettingsManager]: Resetting UltimateCore preferences to default values
[2019-05-02 19:57:30,355 INFO  L177        SettingsManager]: Ultimate Commandline Interface provides no preferences, ignoring...
[2019-05-02 19:57:30,355 INFO  L174        SettingsManager]: Resetting Boogie Preprocessor preferences to default values
[2019-05-02 19:57:30,356 INFO  L174        SettingsManager]: Resetting Boogie Procedure Inliner preferences to default values
[2019-05-02 19:57:30,357 INFO  L174        SettingsManager]: Resetting Abstract Interpretation preferences to default values
[2019-05-02 19:57:30,358 INFO  L174        SettingsManager]: Resetting LassoRanker preferences to default values
[2019-05-02 19:57:30,359 INFO  L174        SettingsManager]: Resetting Reaching Definitions preferences to default values
[2019-05-02 19:57:30,360 INFO  L174        SettingsManager]: Resetting SyntaxChecker preferences to default values
[2019-05-02 19:57:30,361 INFO  L177        SettingsManager]: Büchi Program Product provides no preferences, ignoring...
[2019-05-02 19:57:30,361 INFO  L174        SettingsManager]: Resetting LTL2Aut preferences to default values
[2019-05-02 19:57:30,361 INFO  L174        SettingsManager]: Resetting PEA to Boogie preferences to default values
[2019-05-02 19:57:30,362 INFO  L174        SettingsManager]: Resetting BlockEncodingV2 preferences to default values
[2019-05-02 19:57:30,363 INFO  L174        SettingsManager]: Resetting ChcToBoogie preferences to default values
[2019-05-02 19:57:30,363 INFO  L174        SettingsManager]: Resetting AutomataScriptInterpreter preferences to default values
[2019-05-02 19:57:30,364 INFO  L174        SettingsManager]: Resetting BuchiAutomizer preferences to default values
[2019-05-02 19:57:30,365 INFO  L174        SettingsManager]: Resetting CACSL2BoogieTranslator preferences to default values
[2019-05-02 19:57:30,366 INFO  L174        SettingsManager]: Resetting CodeCheck preferences to default values
[2019-05-02 19:57:30,367 INFO  L174        SettingsManager]: Resetting InvariantSynthesis preferences to default values
[2019-05-02 19:57:30,368 INFO  L174        SettingsManager]: Resetting RCFGBuilder preferences to default values
[2019-05-02 19:57:30,369 INFO  L174        SettingsManager]: Resetting TraceAbstraction preferences to default values
[2019-05-02 19:57:30,370 INFO  L177        SettingsManager]: TraceAbstractionConcurrent provides no preferences, ignoring...
[2019-05-02 19:57:30,371 INFO  L177        SettingsManager]: TraceAbstractionWithAFAs provides no preferences, ignoring...
[2019-05-02 19:57:30,371 INFO  L174        SettingsManager]: Resetting TreeAutomizer preferences to default values
[2019-05-02 19:57:30,371 INFO  L174        SettingsManager]: Resetting IcfgTransformer preferences to default values
[2019-05-02 19:57:30,372 INFO  L174        SettingsManager]: Resetting Boogie Printer preferences to default values
[2019-05-02 19:57:30,372 INFO  L174        SettingsManager]: Resetting ReqPrinter preferences to default values
[2019-05-02 19:57:30,373 INFO  L174        SettingsManager]: Resetting Witness Printer preferences to default values
[2019-05-02 19:57:30,374 INFO  L177        SettingsManager]: Boogie PL CUP Parser provides no preferences, ignoring...
[2019-05-02 19:57:30,374 INFO  L174        SettingsManager]: Resetting CDTParser preferences to default values
[2019-05-02 19:57:30,374 INFO  L177        SettingsManager]: AutomataScriptParser provides no preferences, ignoring...
[2019-05-02 19:57:30,374 INFO  L177        SettingsManager]: ReqParser provides no preferences, ignoring...
[2019-05-02 19:57:30,374 INFO  L174        SettingsManager]: Resetting SmtParser preferences to default values
[2019-05-02 19:57:30,375 INFO  L174        SettingsManager]: Resetting Witness Parser preferences to default values
[2019-05-02 19:57:30,375 INFO  L181        SettingsManager]: Finished resetting all preferences to default values...
[2019-05-02 19:57:30,391 INFO  L81    nceAwareModelManager]: Repository-Root is: /tmp
[2019-05-02 19:57:30,399 INFO  L258   ainManager$Toolchain]: [Toolchain 1]: Applicable parser(s) successfully (re)initialized
[2019-05-02 19:57:30,402 INFO  L214   ainManager$Toolchain]: [Toolchain 1]: Toolchain selected.
[2019-05-02 19:57:30,403 INFO  L271        PluginConnector]: Initializing Boogie PL CUP Parser...
[2019-05-02 19:57:30,403 INFO  L276        PluginConnector]: Boogie PL CUP Parser initialized
[2019-05-02 19:57:30,404 INFO  L418   ainManager$Toolchain]: [Toolchain 1]: Parsing single file: /home/xuechao/xuechao/work/Lab/Termination/Lasso-Ranker/Program_non/151.bpl
[2019-05-02 19:57:30,404 INFO  L111           BoogieParser]: Parsing: '/home/xuechao/xuechao/work/Lab/Termination/Lasso-Ranker/Program_non/151.bpl'
[2019-05-02 19:57:30,425 INFO  L296   ainManager$Toolchain]: ####################### [Toolchain 1] #######################
[2019-05-02 19:57:30,426 INFO  L131        ToolchainWalker]: Walking toolchain with 3 elements.
[2019-05-02 19:57:30,427 INFO  L113        PluginConnector]: ------------------------Boogie Preprocessor----------------------------
[2019-05-02 19:57:30,427 INFO  L271        PluginConnector]: Initializing Boogie Preprocessor...
[2019-05-02 19:57:30,427 INFO  L276        PluginConnector]: Boogie Preprocessor initialized
[2019-05-02 19:57:30,443 INFO  L185        PluginConnector]: Executing the observer EnsureBoogieModelObserver from plugin Boogie Preprocessor for "151.bpl de.uni_freiburg.informatik.ultimate.boogie.parser AST 02.05 07:57:30" (1/1) ...
[2019-05-02 19:57:30,444 INFO  L185        PluginConnector]: Executing the observer TypeChecker from plugin Boogie Preprocessor for "151.bpl de.uni_freiburg.informatik.ultimate.boogie.parser AST 02.05 07:57:30" (1/1) ...
[2019-05-02 19:57:30,448 INFO  L185        PluginConnector]: Executing the observer ConstExpander from plugin Boogie Preprocessor for "151.bpl de.uni_freiburg.informatik.ultimate.boogie.parser AST 02.05 07:57:30" (1/1) ...
[2019-05-02 19:57:30,449 INFO  L185        PluginConnector]: Executing the observer StructExpander from plugin Boogie Preprocessor for "151.bpl de.uni_freiburg.informatik.ultimate.boogie.parser AST 02.05 07:57:30" (1/1) ...
[2019-05-02 19:57:30,450 INFO  L185        PluginConnector]: Executing the observer UnstructureCode from plugin Boogie Preprocessor for "151.bpl de.uni_freiburg.informatik.ultimate.boogie.parser AST 02.05 07:57:30" (1/1) ...
[2019-05-02 19:57:30,453 INFO  L185        PluginConnector]: Executing the observer FunctionInliner from plugin Boogie Preprocessor for "151.bpl de.uni_freiburg.informatik.ultimate.boogie.parser AST 02.05 07:57:30" (1/1) ...
[2019-05-02 19:57:30,453 INFO  L185        PluginConnector]: Executing the observer BoogieSymbolTableConstructor from plugin Boogie Preprocessor for "151.bpl de.uni_freiburg.informatik.ultimate.boogie.parser AST 02.05 07:57:30" (1/1) ...
[2019-05-02 19:57:30,455 INFO  L132        PluginConnector]: ------------------------ END Boogie Preprocessor----------------------------
[2019-05-02 19:57:30,456 INFO  L113        PluginConnector]: ------------------------RCFGBuilder----------------------------
[2019-05-02 19:57:30,456 INFO  L271        PluginConnector]: Initializing RCFGBuilder...
[2019-05-02 19:57:30,456 INFO  L276        PluginConnector]: RCFGBuilder initialized
[2019-05-02 19:57:30,456 INFO  L185        PluginConnector]: Executing the observer RCFGBuilderObserver from plugin RCFGBuilder for "151.bpl de.uni_freiburg.informatik.ultimate.boogie.parser AST 02.05 07:57:30" (1/1) ...
No working directory specified, using /home/xuechao/xuechao/work/Lab/Termination/Lasso-Ranker/z3
Starting monitored process 1 with z3 SMTLIB2_COMPLIANT=true -memory:1024 -smt2 -in -t:12000 (exit command is (exit), workingDir is null)
Waiting until toolchain timeout for monitored process 1 with z3 SMTLIB2_COMPLIANT=true -memory:1024 -smt2 -in -t:12000
[2019-05-02 19:57:30,496 INFO  L124     BoogieDeclarations]: Specification and implementation of procedure main given in one single declaration
[2019-05-02 19:57:30,496 INFO  L130     BoogieDeclarations]: Found specification of procedure main
[2019-05-02 19:57:30,496 INFO  L138     BoogieDeclarations]: Found implementation of procedure main
[2019-05-02 19:57:30,604 INFO  L278             CfgBuilder]: Using library mode
[2019-05-02 19:57:30,604 INFO  L286             CfgBuilder]: Removed 0 assue(true) statements.
[2019-05-02 19:57:30,605 INFO  L202        PluginConnector]: Adding new model 151.bpl de.uni_freiburg.informatik.ultimate.plugins.generator.rcfgbuilder CFG 02.05 07:57:30 BoogieIcfgContainer
[2019-05-02 19:57:30,605 INFO  L132        PluginConnector]: ------------------------ END RCFGBuilder----------------------------
[2019-05-02 19:57:30,606 INFO  L113        PluginConnector]: ------------------------LassoRanker----------------------------
[2019-05-02 19:57:30,606 INFO  L271        PluginConnector]: Initializing LassoRanker...
[2019-05-02 19:57:30,606 INFO  L276        PluginConnector]: LassoRanker initialized
[2019-05-02 19:57:30,606 INFO  L185        PluginConnector]: Executing the observer LassoRankerObserver from plugin LassoRanker for "151.bpl de.uni_freiburg.informatik.ultimate.plugins.generator.rcfgbuilder CFG 02.05 07:57:30" (1/1) ...
[2019-05-02 19:57:30,629 INFO  L72            BuchiIsEmpty]: Start buchiIsEmpty. Operand 2 states.
[2019-05-02 19:57:30,645 INFO  L131   ngComponentsAnalysis]: Automaton has 1 accepting balls. 1
[2019-05-02 19:57:30,645 INFO  L87            BuchiIsEmpty]: Finished buchiIsEmpty Result is false
[2019-05-02 19:57:30,645 INFO  L119           BuchiIsEmpty]: Starting construction of run
[2019-05-02 19:57:30,651 INFO  L104     BuchiDifferenceFKV]: Start buchiDifferenceFKV. First operand 2 states. Second operand 1 states.
[2019-05-02 19:57:30,659 INFO  L108     BuchiDifferenceFKV]: Finished buchiDifferenceFKV. First operand 2 states. Second operand 1 states. Result 3 states and 4 transitions. Complement of second has 2 states 2 powerset states0 rank states. The highest rank that occured is -1
[2019-05-02 19:57:30,659 INFO  L72            BuchiIsEmpty]: Start buchiIsEmpty. Operand 3 states and 4 transitions.
[2019-05-02 19:57:30,660 INFO  L131   ngComponentsAnalysis]: Automaton has 0 accepting balls. 0
[2019-05-02 19:57:30,660 INFO  L87            BuchiIsEmpty]: Finished buchiIsEmpty Result is true
[2019-05-02 19:57:30,834 INFO  L216          LassoAnalysis]: Preferences:
[2019-05-02 19:57:30,835 INFO  L124   ssoRankerPreferences]: Compute integeral hull: false
[2019-05-02 19:57:30,835 INFO  L125   ssoRankerPreferences]: Enable LassoPartitioneer: true
[2019-05-02 19:57:30,835 INFO  L126   ssoRankerPreferences]: Term annotations enabled: false
[2019-05-02 19:57:30,835 INFO  L127   ssoRankerPreferences]: Use exernal solver: true
[2019-05-02 19:57:30,836 INFO  L128   ssoRankerPreferences]: SMT solver command: z3 -smt2 -in SMTLIB2_COMPLIANT=true
[2019-05-02 19:57:30,836 INFO  L129   ssoRankerPreferences]: Dump SMT script to file: false
[2019-05-02 19:57:30,836 INFO  L130   ssoRankerPreferences]: Path of dumped script: .
[2019-05-02 19:57:30,836 INFO  L131   ssoRankerPreferences]: Filename of dumped script: LassoRankerScript
[2019-05-02 19:57:30,836 INFO  L132   ssoRankerPreferences]: MapElimAlgo: Frank
[2019-05-02 19:57:30,836 INFO  L282          LassoAnalysis]: Starting lasso preprocessing...
[2019-05-02 19:57:30,851 INFO  L141          MapEliminator]: Using MapEliminator with SimplificationTechnique=SIMPLIFY_DDA XnfConversionTechnique=BOTTOM_UP_WITH_LOCAL_SIMPLIFICATION AddInequalities=false OnlyTrivialImplicationsArrayWrite=false OnlyTrivialImplicationsForModifiedArguments=true OnlyArgumentsInFormula=true
[2019-05-02 19:57:31,128 ERROR L539     LassoRankerStarter]: Product with more than one non-constant factors found
[2019-05-02 19:57:31,129 INFO  L132        PluginConnector]: ------------------------ END LassoRanker----------------------------
[2019-05-02 19:57:31,130 INFO  L168              Benchmark]: Toolchain (without parser) took 704.36 ms. Allocated memory is still 514.9 MB. Free memory was 475.0 MB in the beginning and 445.0 MB in the end (delta: 29.9 MB). Peak memory consumption was 29.9 MB. Max. memory is 11.5 GB.
[2019-05-02 19:57:31,131 INFO  L168              Benchmark]: Boogie PL CUP Parser took 0.11 ms. Allocated memory is still 514.9 MB. Free memory is still 476.4 MB. There was no memory consumed. Max. memory is 11.5 GB.
[2019-05-02 19:57:31,132 INFO  L168              Benchmark]: Boogie Preprocessor took 28.66 ms. Allocated memory is still 514.9 MB. Free memory was 475.0 MB in the beginning and 472.3 MB in the end (delta: 2.7 MB). Peak memory consumption was 2.7 MB. Max. memory is 11.5 GB.
[2019-05-02 19:57:31,132 INFO  L168              Benchmark]: RCFGBuilder took 150.01 ms. Allocated memory is still 514.9 MB. Free memory was 472.3 MB in the beginning and 462.7 MB in the end (delta: 9.6 MB). Peak memory consumption was 9.6 MB. Max. memory is 11.5 GB.
[2019-05-02 19:57:31,133 INFO  L168              Benchmark]: LassoRanker took 523.58 ms. Allocated memory is still 514.9 MB. Free memory was 462.7 MB in the beginning and 445.0 MB in the end (delta: 17.6 MB). Peak memory consumption was 17.6 MB. Max. memory is 11.5 GB.
[2019-05-02 19:57:31,136 INFO  L336   ainManager$Toolchain]: #######################  End [Toolchain 1] #######################
 --- Results ---
 * Results from de.uni_freiburg.informatik.ultimate.core:
  - StatisticsResult: Toolchain Benchmarks
    Benchmark results are:
 * Boogie PL CUP Parser took 0.11 ms. Allocated memory is still 514.9 MB. Free memory is still 476.4 MB. There was no memory consumed. Max. memory is 11.5 GB.
 * Boogie Preprocessor took 28.66 ms. Allocated memory is still 514.9 MB. Free memory was 475.0 MB in the beginning and 472.3 MB in the end (delta: 2.7 MB). Peak memory consumption was 2.7 MB. Max. memory is 11.5 GB.
 * RCFGBuilder took 150.01 ms. Allocated memory is still 514.9 MB. Free memory was 472.3 MB in the beginning and 462.7 MB in the end (delta: 9.6 MB). Peak memory consumption was 9.6 MB. Max. memory is 11.5 GB.
 * LassoRanker took 523.58 ms. Allocated memory is still 514.9 MB. Free memory was 462.7 MB in the beginning and 445.0 MB in the end (delta: 17.6 MB). Peak memory consumption was 17.6 MB. Max. memory is 11.5 GB.
 * Results from de.uni_freiburg.informatik.ultimate.plugins.analysis.lassoranker:
  - UnsupportedSyntaxResult [Line: 2]: Unsupported Syntax
    Product with more than one non-constant factors found
RESULT: Ultimate could not prove your program: Toolchain returned no result.
Received shutdown request...
