This is Ultimate 0.1.24-16d85fa
[2019-05-02 19:57:40,809 INFO  L170        SettingsManager]: Resetting all preferences to default values...
[2019-05-02 19:57:40,810 INFO  L174        SettingsManager]: Resetting UltimateCore preferences to default values
[2019-05-02 19:57:40,820 INFO  L177        SettingsManager]: Ultimate Commandline Interface provides no preferences, ignoring...
[2019-05-02 19:57:40,820 INFO  L174        SettingsManager]: Resetting Boogie Preprocessor preferences to default values
[2019-05-02 19:57:40,821 INFO  L174        SettingsManager]: Resetting Boogie Procedure Inliner preferences to default values
[2019-05-02 19:57:40,822 INFO  L174        SettingsManager]: Resetting Abstract Interpretation preferences to default values
[2019-05-02 19:57:40,823 INFO  L174        SettingsManager]: Resetting LassoRanker preferences to default values
[2019-05-02 19:57:40,824 INFO  L174        SettingsManager]: Resetting Reaching Definitions preferences to default values
[2019-05-02 19:57:40,825 INFO  L174        SettingsManager]: Resetting SyntaxChecker preferences to default values
[2019-05-02 19:57:40,825 INFO  L177        SettingsManager]: Büchi Program Product provides no preferences, ignoring...
[2019-05-02 19:57:40,825 INFO  L174        SettingsManager]: Resetting LTL2Aut preferences to default values
[2019-05-02 19:57:40,826 INFO  L174        SettingsManager]: Resetting PEA to Boogie preferences to default values
[2019-05-02 19:57:40,827 INFO  L174        SettingsManager]: Resetting BlockEncodingV2 preferences to default values
[2019-05-02 19:57:40,827 INFO  L174        SettingsManager]: Resetting ChcToBoogie preferences to default values
[2019-05-02 19:57:40,828 INFO  L174        SettingsManager]: Resetting AutomataScriptInterpreter preferences to default values
[2019-05-02 19:57:40,828 INFO  L174        SettingsManager]: Resetting BuchiAutomizer preferences to default values
[2019-05-02 19:57:40,830 INFO  L174        SettingsManager]: Resetting CACSL2BoogieTranslator preferences to default values
[2019-05-02 19:57:40,831 INFO  L174        SettingsManager]: Resetting CodeCheck preferences to default values
[2019-05-02 19:57:40,832 INFO  L174        SettingsManager]: Resetting InvariantSynthesis preferences to default values
[2019-05-02 19:57:40,833 INFO  L174        SettingsManager]: Resetting RCFGBuilder preferences to default values
[2019-05-02 19:57:40,834 INFO  L174        SettingsManager]: Resetting TraceAbstraction preferences to default values
[2019-05-02 19:57:40,835 INFO  L177        SettingsManager]: TraceAbstractionConcurrent provides no preferences, ignoring...
[2019-05-02 19:57:40,835 INFO  L177        SettingsManager]: TraceAbstractionWithAFAs provides no preferences, ignoring...
[2019-05-02 19:57:40,835 INFO  L174        SettingsManager]: Resetting TreeAutomizer preferences to default values
[2019-05-02 19:57:40,836 INFO  L174        SettingsManager]: Resetting IcfgTransformer preferences to default values
[2019-05-02 19:57:40,837 INFO  L174        SettingsManager]: Resetting Boogie Printer preferences to default values
[2019-05-02 19:57:40,837 INFO  L174        SettingsManager]: Resetting ReqPrinter preferences to default values
[2019-05-02 19:57:40,838 INFO  L174        SettingsManager]: Resetting Witness Printer preferences to default values
[2019-05-02 19:57:40,838 INFO  L177        SettingsManager]: Boogie PL CUP Parser provides no preferences, ignoring...
[2019-05-02 19:57:40,838 INFO  L174        SettingsManager]: Resetting CDTParser preferences to default values
[2019-05-02 19:57:40,839 INFO  L177        SettingsManager]: AutomataScriptParser provides no preferences, ignoring...
[2019-05-02 19:57:40,839 INFO  L177        SettingsManager]: ReqParser provides no preferences, ignoring...
[2019-05-02 19:57:40,839 INFO  L174        SettingsManager]: Resetting SmtParser preferences to default values
[2019-05-02 19:57:40,839 INFO  L174        SettingsManager]: Resetting Witness Parser preferences to default values
[2019-05-02 19:57:40,840 INFO  L181        SettingsManager]: Finished resetting all preferences to default values...
[2019-05-02 19:57:40,856 INFO  L81    nceAwareModelManager]: Repository-Root is: /tmp
[2019-05-02 19:57:40,864 INFO  L258   ainManager$Toolchain]: [Toolchain 1]: Applicable parser(s) successfully (re)initialized
[2019-05-02 19:57:40,867 INFO  L214   ainManager$Toolchain]: [Toolchain 1]: Toolchain selected.
[2019-05-02 19:57:40,868 INFO  L271        PluginConnector]: Initializing Boogie PL CUP Parser...
[2019-05-02 19:57:40,868 INFO  L276        PluginConnector]: Boogie PL CUP Parser initialized
[2019-05-02 19:57:40,869 INFO  L418   ainManager$Toolchain]: [Toolchain 1]: Parsing single file: /home/xuechao/xuechao/work/Lab/Termination/Lasso-Ranker/Program_non/156.bpl
[2019-05-02 19:57:40,869 INFO  L111           BoogieParser]: Parsing: '/home/xuechao/xuechao/work/Lab/Termination/Lasso-Ranker/Program_non/156.bpl'
[2019-05-02 19:57:40,896 INFO  L296   ainManager$Toolchain]: ####################### [Toolchain 1] #######################
[2019-05-02 19:57:40,897 INFO  L131        ToolchainWalker]: Walking toolchain with 3 elements.
[2019-05-02 19:57:40,897 INFO  L113        PluginConnector]: ------------------------Boogie Preprocessor----------------------------
[2019-05-02 19:57:40,897 INFO  L271        PluginConnector]: Initializing Boogie Preprocessor...
[2019-05-02 19:57:40,898 INFO  L276        PluginConnector]: Boogie Preprocessor initialized
[2019-05-02 19:57:40,914 INFO  L185        PluginConnector]: Executing the observer EnsureBoogieModelObserver from plugin Boogie Preprocessor for "156.bpl de.uni_freiburg.informatik.ultimate.boogie.parser AST 02.05 07:57:40" (1/1) ...
[2019-05-02 19:57:40,915 INFO  L185        PluginConnector]: Executing the observer TypeChecker from plugin Boogie Preprocessor for "156.bpl de.uni_freiburg.informatik.ultimate.boogie.parser AST 02.05 07:57:40" (1/1) ...
[2019-05-02 19:57:40,923 ERROR L1131           TypeChecker]: BPL: /home/xuechao/xuechao/work/Lab/Termination/Lasso-Ranker/Program_non/156.bpl:4/11-4/13: Type check failed for x0 >= 0
[2019-05-02 19:57:40,924 INFO  L185        PluginConnector]: Executing the observer ConstExpander from plugin Boogie Preprocessor for "156.bpl de.uni_freiburg.informatik.ultimate.boogie.parser AST 02.05 07:57:40" (1/1) ...
[2019-05-02 19:57:40,924 INFO  L185        PluginConnector]: Executing the observer StructExpander from plugin Boogie Preprocessor for "156.bpl de.uni_freiburg.informatik.ultimate.boogie.parser AST 02.05 07:57:40" (1/1) ...
[2019-05-02 19:57:40,925 INFO  L185        PluginConnector]: Executing the observer UnstructureCode from plugin Boogie Preprocessor for "156.bpl de.uni_freiburg.informatik.ultimate.boogie.parser AST 02.05 07:57:40" (1/1) ...
[2019-05-02 19:57:40,928 INFO  L185        PluginConnector]: Executing the observer FunctionInliner from plugin Boogie Preprocessor for "156.bpl de.uni_freiburg.informatik.ultimate.boogie.parser AST 02.05 07:57:40" (1/1) ...
[2019-05-02 19:57:40,929 INFO  L185        PluginConnector]: Executing the observer BoogieSymbolTableConstructor from plugin Boogie Preprocessor for "156.bpl de.uni_freiburg.informatik.ultimate.boogie.parser AST 02.05 07:57:40" (1/1) ...
[2019-05-02 19:57:40,929 INFO  L132        PluginConnector]: ------------------------ END Boogie Preprocessor----------------------------
[2019-05-02 19:57:40,930 INFO  L184        ToolchainWalker]: Toolchain execution was canceled (user or tool) before executing de.uni_freiburg.informatik.ultimate.plugins.generator.rcfgbuilder
[2019-05-02 19:57:40,931 INFO  L168              Benchmark]: Toolchain (without parser) took 34.50 ms. Allocated memory is still 514.9 MB. Free memory was 477.6 MB in the beginning and 475.0 MB in the end (delta: 2.7 MB). Peak memory consumption was 2.7 MB. Max. memory is 11.5 GB.
[2019-05-02 19:57:40,933 INFO  L168              Benchmark]: Boogie PL CUP Parser took 0.10 ms. Allocated memory is still 514.9 MB. Free memory is still 479.1 MB. There was no memory consumed. Max. memory is 11.5 GB.
[2019-05-02 19:57:40,934 INFO  L168              Benchmark]: Boogie Preprocessor took 32.59 ms. Allocated memory is still 514.9 MB. Free memory was 477.6 MB in the beginning and 475.0 MB in the end (delta: 2.7 MB). Peak memory consumption was 2.7 MB. Max. memory is 11.5 GB.
[2019-05-02 19:57:40,936 INFO  L336   ainManager$Toolchain]: #######################  End [Toolchain 1] #######################
 --- Results ---
 * Results from de.uni_freiburg.informatik.ultimate.core:
  - StatisticsResult: Toolchain Benchmarks
    Benchmark results are:
 * Boogie PL CUP Parser took 0.10 ms. Allocated memory is still 514.9 MB. Free memory is still 479.1 MB. There was no memory consumed. Max. memory is 11.5 GB.
 * Boogie Preprocessor took 32.59 ms. Allocated memory is still 514.9 MB. Free memory was 477.6 MB in the beginning and 475.0 MB in the end (delta: 2.7 MB). Peak memory consumption was 2.7 MB. Max. memory is 11.5 GB.
 * Results from de.uni_freiburg.informatik.ultimate.boogie.preprocessor:
  - TypeErrorResult [Line: 4]: Type Error
    Type check failed for x0 >= 0
RESULT: Ultimate could not prove your program: Toolchain returned no result.
Received shutdown request...
