This is Ultimate 0.1.24-16d85fa
[2019-05-02 19:57:42,255 INFO  L170        SettingsManager]: Resetting all preferences to default values...
[2019-05-02 19:57:42,257 INFO  L174        SettingsManager]: Resetting UltimateCore preferences to default values
[2019-05-02 19:57:42,266 INFO  L177        SettingsManager]: Ultimate Commandline Interface provides no preferences, ignoring...
[2019-05-02 19:57:42,267 INFO  L174        SettingsManager]: Resetting Boogie Preprocessor preferences to default values
[2019-05-02 19:57:42,268 INFO  L174        SettingsManager]: Resetting Boogie Procedure Inliner preferences to default values
[2019-05-02 19:57:42,268 INFO  L174        SettingsManager]: Resetting Abstract Interpretation preferences to default values
[2019-05-02 19:57:42,270 INFO  L174        SettingsManager]: Resetting LassoRanker preferences to default values
[2019-05-02 19:57:42,271 INFO  L174        SettingsManager]: Resetting Reaching Definitions preferences to default values
[2019-05-02 19:57:42,272 INFO  L174        SettingsManager]: Resetting SyntaxChecker preferences to default values
[2019-05-02 19:57:42,272 INFO  L177        SettingsManager]: Büchi Program Product provides no preferences, ignoring...
[2019-05-02 19:57:42,272 INFO  L174        SettingsManager]: Resetting LTL2Aut preferences to default values
[2019-05-02 19:57:42,273 INFO  L174        SettingsManager]: Resetting PEA to Boogie preferences to default values
[2019-05-02 19:57:42,274 INFO  L174        SettingsManager]: Resetting BlockEncodingV2 preferences to default values
[2019-05-02 19:57:42,274 INFO  L174        SettingsManager]: Resetting ChcToBoogie preferences to default values
[2019-05-02 19:57:42,275 INFO  L174        SettingsManager]: Resetting AutomataScriptInterpreter preferences to default values
[2019-05-02 19:57:42,275 INFO  L174        SettingsManager]: Resetting BuchiAutomizer preferences to default values
[2019-05-02 19:57:42,277 INFO  L174        SettingsManager]: Resetting CACSL2BoogieTranslator preferences to default values
[2019-05-02 19:57:42,278 INFO  L174        SettingsManager]: Resetting CodeCheck preferences to default values
[2019-05-02 19:57:42,279 INFO  L174        SettingsManager]: Resetting InvariantSynthesis preferences to default values
[2019-05-02 19:57:42,280 INFO  L174        SettingsManager]: Resetting RCFGBuilder preferences to default values
[2019-05-02 19:57:42,281 INFO  L174        SettingsManager]: Resetting TraceAbstraction preferences to default values
[2019-05-02 19:57:42,283 INFO  L177        SettingsManager]: TraceAbstractionConcurrent provides no preferences, ignoring...
[2019-05-02 19:57:42,283 INFO  L177        SettingsManager]: TraceAbstractionWithAFAs provides no preferences, ignoring...
[2019-05-02 19:57:42,283 INFO  L174        SettingsManager]: Resetting TreeAutomizer preferences to default values
[2019-05-02 19:57:42,284 INFO  L174        SettingsManager]: Resetting IcfgTransformer preferences to default values
[2019-05-02 19:57:42,284 INFO  L174        SettingsManager]: Resetting Boogie Printer preferences to default values
[2019-05-02 19:57:42,285 INFO  L174        SettingsManager]: Resetting ReqPrinter preferences to default values
[2019-05-02 19:57:42,285 INFO  L174        SettingsManager]: Resetting Witness Printer preferences to default values
[2019-05-02 19:57:42,286 INFO  L177        SettingsManager]: Boogie PL CUP Parser provides no preferences, ignoring...
[2019-05-02 19:57:42,286 INFO  L174        SettingsManager]: Resetting CDTParser preferences to default values
[2019-05-02 19:57:42,286 INFO  L177        SettingsManager]: AutomataScriptParser provides no preferences, ignoring...
[2019-05-02 19:57:42,286 INFO  L177        SettingsManager]: ReqParser provides no preferences, ignoring...
[2019-05-02 19:57:42,287 INFO  L174        SettingsManager]: Resetting SmtParser preferences to default values
[2019-05-02 19:57:42,287 INFO  L174        SettingsManager]: Resetting Witness Parser preferences to default values
[2019-05-02 19:57:42,288 INFO  L181        SettingsManager]: Finished resetting all preferences to default values...
[2019-05-02 19:57:42,304 INFO  L81    nceAwareModelManager]: Repository-Root is: /tmp
[2019-05-02 19:57:42,312 INFO  L258   ainManager$Toolchain]: [Toolchain 1]: Applicable parser(s) successfully (re)initialized
[2019-05-02 19:57:42,315 INFO  L214   ainManager$Toolchain]: [Toolchain 1]: Toolchain selected.
[2019-05-02 19:57:42,316 INFO  L271        PluginConnector]: Initializing Boogie PL CUP Parser...
[2019-05-02 19:57:42,316 INFO  L276        PluginConnector]: Boogie PL CUP Parser initialized
[2019-05-02 19:57:42,317 INFO  L418   ainManager$Toolchain]: [Toolchain 1]: Parsing single file: /home/xuechao/xuechao/work/Lab/Termination/Lasso-Ranker/Program_non/157.bpl
[2019-05-02 19:57:42,317 INFO  L111           BoogieParser]: Parsing: '/home/xuechao/xuechao/work/Lab/Termination/Lasso-Ranker/Program_non/157.bpl'
[2019-05-02 19:57:42,338 INFO  L296   ainManager$Toolchain]: ####################### [Toolchain 1] #######################
[2019-05-02 19:57:42,340 INFO  L131        ToolchainWalker]: Walking toolchain with 3 elements.
[2019-05-02 19:57:42,340 INFO  L113        PluginConnector]: ------------------------Boogie Preprocessor----------------------------
[2019-05-02 19:57:42,340 INFO  L271        PluginConnector]: Initializing Boogie Preprocessor...
[2019-05-02 19:57:42,340 INFO  L276        PluginConnector]: Boogie Preprocessor initialized
[2019-05-02 19:57:42,356 INFO  L185        PluginConnector]: Executing the observer EnsureBoogieModelObserver from plugin Boogie Preprocessor for "157.bpl de.uni_freiburg.informatik.ultimate.boogie.parser AST 02.05 07:57:42" (1/1) ...
[2019-05-02 19:57:42,357 INFO  L185        PluginConnector]: Executing the observer TypeChecker from plugin Boogie Preprocessor for "157.bpl de.uni_freiburg.informatik.ultimate.boogie.parser AST 02.05 07:57:42" (1/1) ...
[2019-05-02 19:57:42,361 INFO  L185        PluginConnector]: Executing the observer ConstExpander from plugin Boogie Preprocessor for "157.bpl de.uni_freiburg.informatik.ultimate.boogie.parser AST 02.05 07:57:42" (1/1) ...
[2019-05-02 19:57:42,361 INFO  L185        PluginConnector]: Executing the observer StructExpander from plugin Boogie Preprocessor for "157.bpl de.uni_freiburg.informatik.ultimate.boogie.parser AST 02.05 07:57:42" (1/1) ...
[2019-05-02 19:57:42,363 INFO  L185        PluginConnector]: Executing the observer UnstructureCode from plugin Boogie Preprocessor for "157.bpl de.uni_freiburg.informatik.ultimate.boogie.parser AST 02.05 07:57:42" (1/1) ...
[2019-05-02 19:57:42,366 INFO  L185        PluginConnector]: Executing the observer FunctionInliner from plugin Boogie Preprocessor for "157.bpl de.uni_freiburg.informatik.ultimate.boogie.parser AST 02.05 07:57:42" (1/1) ...
[2019-05-02 19:57:42,367 INFO  L185        PluginConnector]: Executing the observer BoogieSymbolTableConstructor from plugin Boogie Preprocessor for "157.bpl de.uni_freiburg.informatik.ultimate.boogie.parser AST 02.05 07:57:42" (1/1) ...
[2019-05-02 19:57:42,367 INFO  L132        PluginConnector]: ------------------------ END Boogie Preprocessor----------------------------
[2019-05-02 19:57:42,368 INFO  L113        PluginConnector]: ------------------------RCFGBuilder----------------------------
[2019-05-02 19:57:42,368 INFO  L271        PluginConnector]: Initializing RCFGBuilder...
[2019-05-02 19:57:42,368 INFO  L276        PluginConnector]: RCFGBuilder initialized
[2019-05-02 19:57:42,369 INFO  L185        PluginConnector]: Executing the observer RCFGBuilderObserver from plugin RCFGBuilder for "157.bpl de.uni_freiburg.informatik.ultimate.boogie.parser AST 02.05 07:57:42" (1/1) ...
No working directory specified, using /home/xuechao/xuechao/work/Lab/Termination/Lasso-Ranker/z3
Starting monitored process 1 with z3 SMTLIB2_COMPLIANT=true -memory:1024 -smt2 -in -t:12000 (exit command is (exit), workingDir is null)
Waiting until toolchain timeout for monitored process 1 with z3 SMTLIB2_COMPLIANT=true -memory:1024 -smt2 -in -t:12000
[2019-05-02 19:57:42,408 INFO  L124     BoogieDeclarations]: Specification and implementation of procedure main given in one single declaration
[2019-05-02 19:57:42,409 INFO  L130     BoogieDeclarations]: Found specification of procedure main
[2019-05-02 19:57:42,409 INFO  L138     BoogieDeclarations]: Found implementation of procedure main
[2019-05-02 19:57:42,514 INFO  L278             CfgBuilder]: Using library mode
[2019-05-02 19:57:42,514 INFO  L286             CfgBuilder]: Removed 0 assue(true) statements.
[2019-05-02 19:57:42,515 INFO  L202        PluginConnector]: Adding new model 157.bpl de.uni_freiburg.informatik.ultimate.plugins.generator.rcfgbuilder CFG 02.05 07:57:42 BoogieIcfgContainer
[2019-05-02 19:57:42,515 INFO  L132        PluginConnector]: ------------------------ END RCFGBuilder----------------------------
[2019-05-02 19:57:42,515 INFO  L113        PluginConnector]: ------------------------LassoRanker----------------------------
[2019-05-02 19:57:42,515 INFO  L271        PluginConnector]: Initializing LassoRanker...
[2019-05-02 19:57:42,515 INFO  L276        PluginConnector]: LassoRanker initialized
[2019-05-02 19:57:42,516 INFO  L185        PluginConnector]: Executing the observer LassoRankerObserver from plugin LassoRanker for "157.bpl de.uni_freiburg.informatik.ultimate.plugins.generator.rcfgbuilder CFG 02.05 07:57:42" (1/1) ...
[2019-05-02 19:57:42,537 INFO  L72            BuchiIsEmpty]: Start buchiIsEmpty. Operand 2 states.
[2019-05-02 19:57:42,553 INFO  L131   ngComponentsAnalysis]: Automaton has 1 accepting balls. 1
[2019-05-02 19:57:42,553 INFO  L87            BuchiIsEmpty]: Finished buchiIsEmpty Result is false
[2019-05-02 19:57:42,553 INFO  L119           BuchiIsEmpty]: Starting construction of run
[2019-05-02 19:57:42,559 INFO  L104     BuchiDifferenceFKV]: Start buchiDifferenceFKV. First operand 2 states. Second operand 1 states.
[2019-05-02 19:57:42,567 INFO  L108     BuchiDifferenceFKV]: Finished buchiDifferenceFKV. First operand 2 states. Second operand 1 states. Result 3 states and 4 transitions. Complement of second has 2 states 2 powerset states0 rank states. The highest rank that occured is -1
[2019-05-02 19:57:42,568 INFO  L72            BuchiIsEmpty]: Start buchiIsEmpty. Operand 3 states and 4 transitions.
[2019-05-02 19:57:42,568 INFO  L131   ngComponentsAnalysis]: Automaton has 0 accepting balls. 0
[2019-05-02 19:57:42,568 INFO  L87            BuchiIsEmpty]: Finished buchiIsEmpty Result is true
[2019-05-02 19:57:42,613 INFO  L216          LassoAnalysis]: Preferences:
[2019-05-02 19:57:42,614 INFO  L124   ssoRankerPreferences]: Compute integeral hull: false
[2019-05-02 19:57:42,614 INFO  L125   ssoRankerPreferences]: Enable LassoPartitioneer: true
[2019-05-02 19:57:42,614 INFO  L126   ssoRankerPreferences]: Term annotations enabled: false
[2019-05-02 19:57:42,614 INFO  L127   ssoRankerPreferences]: Use exernal solver: true
[2019-05-02 19:57:42,614 INFO  L128   ssoRankerPreferences]: SMT solver command: z3 -smt2 -in SMTLIB2_COMPLIANT=true
[2019-05-02 19:57:42,615 INFO  L129   ssoRankerPreferences]: Dump SMT script to file: false
[2019-05-02 19:57:42,615 INFO  L130   ssoRankerPreferences]: Path of dumped script: .
[2019-05-02 19:57:42,615 INFO  L131   ssoRankerPreferences]: Filename of dumped script: LassoRankerScript
[2019-05-02 19:57:42,615 INFO  L132   ssoRankerPreferences]: MapElimAlgo: Frank
[2019-05-02 19:57:42,615 INFO  L282          LassoAnalysis]: Starting lasso preprocessing...
[2019-05-02 19:57:42,631 INFO  L141          MapEliminator]: Using MapEliminator with SimplificationTechnique=SIMPLIFY_DDA XnfConversionTechnique=BOTTOM_UP_WITH_LOCAL_SIMPLIFICATION AddInequalities=false OnlyTrivialImplicationsArrayWrite=false OnlyTrivialImplicationsForModifiedArguments=true OnlyArgumentsInFormula=true
[2019-05-02 19:57:42,706 ERROR L539     LassoRankerStarter]: Product with more than one non-constant factors found
[2019-05-02 19:57:42,707 INFO  L132        PluginConnector]: ------------------------ END LassoRanker----------------------------
[2019-05-02 19:57:42,708 INFO  L168              Benchmark]: Toolchain (without parser) took 368.94 ms. Allocated memory is still 514.9 MB. Free memory was 477.8 MB in the beginning and 452.6 MB in the end (delta: 25.2 MB). Peak memory consumption was 25.2 MB. Max. memory is 11.5 GB.
[2019-05-02 19:57:42,709 INFO  L168              Benchmark]: Boogie PL CUP Parser took 0.13 ms. Allocated memory is still 514.9 MB. Free memory is still 479.3 MB. There was no memory consumed. Max. memory is 11.5 GB.
[2019-05-02 19:57:42,710 INFO  L168              Benchmark]: Boogie Preprocessor took 27.80 ms. Allocated memory is still 514.9 MB. Free memory was 477.8 MB in the beginning and 475.1 MB in the end (delta: 2.7 MB). Peak memory consumption was 2.7 MB. Max. memory is 11.5 GB.
[2019-05-02 19:57:42,711 INFO  L168              Benchmark]: RCFGBuilder took 146.75 ms. Allocated memory is still 514.9 MB. Free memory was 475.1 MB in the beginning and 466.1 MB in the end (delta: 9.0 MB). Peak memory consumption was 9.0 MB. Max. memory is 11.5 GB.
[2019-05-02 19:57:42,711 INFO  L168              Benchmark]: LassoRanker took 192.30 ms. Allocated memory is still 514.9 MB. Free memory was 466.1 MB in the beginning and 452.6 MB in the end (delta: 13.5 MB). Peak memory consumption was 13.5 MB. Max. memory is 11.5 GB.
[2019-05-02 19:57:42,715 INFO  L336   ainManager$Toolchain]: #######################  End [Toolchain 1] #######################
 --- Results ---
 * Results from de.uni_freiburg.informatik.ultimate.core:
  - StatisticsResult: Toolchain Benchmarks
    Benchmark results are:
 * Boogie PL CUP Parser took 0.13 ms. Allocated memory is still 514.9 MB. Free memory is still 479.3 MB. There was no memory consumed. Max. memory is 11.5 GB.
 * Boogie Preprocessor took 27.80 ms. Allocated memory is still 514.9 MB. Free memory was 477.8 MB in the beginning and 475.1 MB in the end (delta: 2.7 MB). Peak memory consumption was 2.7 MB. Max. memory is 11.5 GB.
 * RCFGBuilder took 146.75 ms. Allocated memory is still 514.9 MB. Free memory was 475.1 MB in the beginning and 466.1 MB in the end (delta: 9.0 MB). Peak memory consumption was 9.0 MB. Max. memory is 11.5 GB.
 * LassoRanker took 192.30 ms. Allocated memory is still 514.9 MB. Free memory was 466.1 MB in the beginning and 452.6 MB in the end (delta: 13.5 MB). Peak memory consumption was 13.5 MB. Max. memory is 11.5 GB.
 * Results from de.uni_freiburg.informatik.ultimate.plugins.analysis.lassoranker:
  - UnsupportedSyntaxResult [Line: 2]: Unsupported Syntax
    Product with more than one non-constant factors found
RESULT: Ultimate could not prove your program: Toolchain returned no result.
Received shutdown request...
