This is Ultimate 0.1.24-16d85fa
[2019-05-02 19:57:44,197 INFO  L170        SettingsManager]: Resetting all preferences to default values...
[2019-05-02 19:57:44,198 INFO  L174        SettingsManager]: Resetting UltimateCore preferences to default values
[2019-05-02 19:57:44,207 INFO  L177        SettingsManager]: Ultimate Commandline Interface provides no preferences, ignoring...
[2019-05-02 19:57:44,207 INFO  L174        SettingsManager]: Resetting Boogie Preprocessor preferences to default values
[2019-05-02 19:57:44,208 INFO  L174        SettingsManager]: Resetting Boogie Procedure Inliner preferences to default values
[2019-05-02 19:57:44,209 INFO  L174        SettingsManager]: Resetting Abstract Interpretation preferences to default values
[2019-05-02 19:57:44,210 INFO  L174        SettingsManager]: Resetting LassoRanker preferences to default values
[2019-05-02 19:57:44,212 INFO  L174        SettingsManager]: Resetting Reaching Definitions preferences to default values
[2019-05-02 19:57:44,212 INFO  L174        SettingsManager]: Resetting SyntaxChecker preferences to default values
[2019-05-02 19:57:44,213 INFO  L177        SettingsManager]: Büchi Program Product provides no preferences, ignoring...
[2019-05-02 19:57:44,213 INFO  L174        SettingsManager]: Resetting LTL2Aut preferences to default values
[2019-05-02 19:57:44,214 INFO  L174        SettingsManager]: Resetting PEA to Boogie preferences to default values
[2019-05-02 19:57:44,214 INFO  L174        SettingsManager]: Resetting BlockEncodingV2 preferences to default values
[2019-05-02 19:57:44,215 INFO  L174        SettingsManager]: Resetting ChcToBoogie preferences to default values
[2019-05-02 19:57:44,215 INFO  L174        SettingsManager]: Resetting AutomataScriptInterpreter preferences to default values
[2019-05-02 19:57:44,216 INFO  L174        SettingsManager]: Resetting BuchiAutomizer preferences to default values
[2019-05-02 19:57:44,217 INFO  L174        SettingsManager]: Resetting CACSL2BoogieTranslator preferences to default values
[2019-05-02 19:57:44,218 INFO  L174        SettingsManager]: Resetting CodeCheck preferences to default values
[2019-05-02 19:57:44,220 INFO  L174        SettingsManager]: Resetting InvariantSynthesis preferences to default values
[2019-05-02 19:57:44,220 INFO  L174        SettingsManager]: Resetting RCFGBuilder preferences to default values
[2019-05-02 19:57:44,221 INFO  L174        SettingsManager]: Resetting TraceAbstraction preferences to default values
[2019-05-02 19:57:44,223 INFO  L177        SettingsManager]: TraceAbstractionConcurrent provides no preferences, ignoring...
[2019-05-02 19:57:44,223 INFO  L177        SettingsManager]: TraceAbstractionWithAFAs provides no preferences, ignoring...
[2019-05-02 19:57:44,223 INFO  L174        SettingsManager]: Resetting TreeAutomizer preferences to default values
[2019-05-02 19:57:44,224 INFO  L174        SettingsManager]: Resetting IcfgTransformer preferences to default values
[2019-05-02 19:57:44,224 INFO  L174        SettingsManager]: Resetting Boogie Printer preferences to default values
[2019-05-02 19:57:44,225 INFO  L174        SettingsManager]: Resetting ReqPrinter preferences to default values
[2019-05-02 19:57:44,225 INFO  L174        SettingsManager]: Resetting Witness Printer preferences to default values
[2019-05-02 19:57:44,226 INFO  L177        SettingsManager]: Boogie PL CUP Parser provides no preferences, ignoring...
[2019-05-02 19:57:44,226 INFO  L174        SettingsManager]: Resetting CDTParser preferences to default values
[2019-05-02 19:57:44,226 INFO  L177        SettingsManager]: AutomataScriptParser provides no preferences, ignoring...
[2019-05-02 19:57:44,227 INFO  L177        SettingsManager]: ReqParser provides no preferences, ignoring...
[2019-05-02 19:57:44,227 INFO  L174        SettingsManager]: Resetting SmtParser preferences to default values
[2019-05-02 19:57:44,227 INFO  L174        SettingsManager]: Resetting Witness Parser preferences to default values
[2019-05-02 19:57:44,228 INFO  L181        SettingsManager]: Finished resetting all preferences to default values...
[2019-05-02 19:57:44,243 INFO  L81    nceAwareModelManager]: Repository-Root is: /tmp
[2019-05-02 19:57:44,251 INFO  L258   ainManager$Toolchain]: [Toolchain 1]: Applicable parser(s) successfully (re)initialized
[2019-05-02 19:57:44,254 INFO  L214   ainManager$Toolchain]: [Toolchain 1]: Toolchain selected.
[2019-05-02 19:57:44,255 INFO  L271        PluginConnector]: Initializing Boogie PL CUP Parser...
[2019-05-02 19:57:44,255 INFO  L276        PluginConnector]: Boogie PL CUP Parser initialized
[2019-05-02 19:57:44,256 INFO  L418   ainManager$Toolchain]: [Toolchain 1]: Parsing single file: /home/xuechao/xuechao/work/Lab/Termination/Lasso-Ranker/Program_non/158.bpl
[2019-05-02 19:57:44,256 INFO  L111           BoogieParser]: Parsing: '/home/xuechao/xuechao/work/Lab/Termination/Lasso-Ranker/Program_non/158.bpl'
[2019-05-02 19:57:44,277 INFO  L296   ainManager$Toolchain]: ####################### [Toolchain 1] #######################
[2019-05-02 19:57:44,279 INFO  L131        ToolchainWalker]: Walking toolchain with 3 elements.
[2019-05-02 19:57:44,279 INFO  L113        PluginConnector]: ------------------------Boogie Preprocessor----------------------------
[2019-05-02 19:57:44,279 INFO  L271        PluginConnector]: Initializing Boogie Preprocessor...
[2019-05-02 19:57:44,279 INFO  L276        PluginConnector]: Boogie Preprocessor initialized
[2019-05-02 19:57:44,295 INFO  L185        PluginConnector]: Executing the observer EnsureBoogieModelObserver from plugin Boogie Preprocessor for "158.bpl de.uni_freiburg.informatik.ultimate.boogie.parser AST 02.05 07:57:44" (1/1) ...
[2019-05-02 19:57:44,296 INFO  L185        PluginConnector]: Executing the observer TypeChecker from plugin Boogie Preprocessor for "158.bpl de.uni_freiburg.informatik.ultimate.boogie.parser AST 02.05 07:57:44" (1/1) ...
[2019-05-02 19:57:44,304 ERROR L1131           TypeChecker]: BPL: /home/xuechao/xuechao/work/Lab/Termination/Lasso-Ranker/Program_non/158.bpl:5/27-5/28: Type check failed for 1 / x1
[2019-05-02 19:57:44,304 INFO  L185        PluginConnector]: Executing the observer ConstExpander from plugin Boogie Preprocessor for "158.bpl de.uni_freiburg.informatik.ultimate.boogie.parser AST 02.05 07:57:44" (1/1) ...
[2019-05-02 19:57:44,305 INFO  L185        PluginConnector]: Executing the observer StructExpander from plugin Boogie Preprocessor for "158.bpl de.uni_freiburg.informatik.ultimate.boogie.parser AST 02.05 07:57:44" (1/1) ...
[2019-05-02 19:57:44,306 INFO  L185        PluginConnector]: Executing the observer UnstructureCode from plugin Boogie Preprocessor for "158.bpl de.uni_freiburg.informatik.ultimate.boogie.parser AST 02.05 07:57:44" (1/1) ...
[2019-05-02 19:57:44,309 INFO  L185        PluginConnector]: Executing the observer FunctionInliner from plugin Boogie Preprocessor for "158.bpl de.uni_freiburg.informatik.ultimate.boogie.parser AST 02.05 07:57:44" (1/1) ...
[2019-05-02 19:57:44,309 INFO  L185        PluginConnector]: Executing the observer BoogieSymbolTableConstructor from plugin Boogie Preprocessor for "158.bpl de.uni_freiburg.informatik.ultimate.boogie.parser AST 02.05 07:57:44" (1/1) ...
[2019-05-02 19:57:44,310 INFO  L132        PluginConnector]: ------------------------ END Boogie Preprocessor----------------------------
[2019-05-02 19:57:44,310 INFO  L184        ToolchainWalker]: Toolchain execution was canceled (user or tool) before executing de.uni_freiburg.informatik.ultimate.plugins.generator.rcfgbuilder
[2019-05-02 19:57:44,311 INFO  L168              Benchmark]: Toolchain (without parser) took 32.95 ms. Allocated memory is still 514.9 MB. Free memory was 477.6 MB in the beginning and 474.9 MB in the end (delta: 2.7 MB). Peak memory consumption was 2.7 MB. Max. memory is 11.5 GB.
[2019-05-02 19:57:44,314 INFO  L168              Benchmark]: Boogie PL CUP Parser took 0.11 ms. Allocated memory is still 514.9 MB. Free memory is still 479.1 MB. There was no memory consumed. Max. memory is 11.5 GB.
[2019-05-02 19:57:44,314 INFO  L168              Benchmark]: Boogie Preprocessor took 31.10 ms. Allocated memory is still 514.9 MB. Free memory was 477.6 MB in the beginning and 474.9 MB in the end (delta: 2.7 MB). Peak memory consumption was 2.7 MB. Max. memory is 11.5 GB.
[2019-05-02 19:57:44,316 INFO  L336   ainManager$Toolchain]: #######################  End [Toolchain 1] #######################
 --- Results ---
 * Results from de.uni_freiburg.informatik.ultimate.core:
  - StatisticsResult: Toolchain Benchmarks
    Benchmark results are:
 * Boogie PL CUP Parser took 0.11 ms. Allocated memory is still 514.9 MB. Free memory is still 479.1 MB. There was no memory consumed. Max. memory is 11.5 GB.
 * Boogie Preprocessor took 31.10 ms. Allocated memory is still 514.9 MB. Free memory was 477.6 MB in the beginning and 474.9 MB in the end (delta: 2.7 MB). Peak memory consumption was 2.7 MB. Max. memory is 11.5 GB.
 * Results from de.uni_freiburg.informatik.ultimate.boogie.preprocessor:
  - TypeErrorResult [Line: 5]: Type Error
    Type check failed for 1 / x1
RESULT: Ultimate could not prove your program: Toolchain returned no result.
Received shutdown request...
