This is Ultimate 0.1.24-16d85fa
[2019-05-02 19:57:45,529 INFO  L170        SettingsManager]: Resetting all preferences to default values...
[2019-05-02 19:57:45,530 INFO  L174        SettingsManager]: Resetting UltimateCore preferences to default values
[2019-05-02 19:57:45,539 INFO  L177        SettingsManager]: Ultimate Commandline Interface provides no preferences, ignoring...
[2019-05-02 19:57:45,540 INFO  L174        SettingsManager]: Resetting Boogie Preprocessor preferences to default values
[2019-05-02 19:57:45,541 INFO  L174        SettingsManager]: Resetting Boogie Procedure Inliner preferences to default values
[2019-05-02 19:57:45,542 INFO  L174        SettingsManager]: Resetting Abstract Interpretation preferences to default values
[2019-05-02 19:57:45,543 INFO  L174        SettingsManager]: Resetting LassoRanker preferences to default values
[2019-05-02 19:57:45,544 INFO  L174        SettingsManager]: Resetting Reaching Definitions preferences to default values
[2019-05-02 19:57:45,545 INFO  L174        SettingsManager]: Resetting SyntaxChecker preferences to default values
[2019-05-02 19:57:45,545 INFO  L177        SettingsManager]: Büchi Program Product provides no preferences, ignoring...
[2019-05-02 19:57:45,545 INFO  L174        SettingsManager]: Resetting LTL2Aut preferences to default values
[2019-05-02 19:57:45,546 INFO  L174        SettingsManager]: Resetting PEA to Boogie preferences to default values
[2019-05-02 19:57:45,546 INFO  L174        SettingsManager]: Resetting BlockEncodingV2 preferences to default values
[2019-05-02 19:57:45,547 INFO  L174        SettingsManager]: Resetting ChcToBoogie preferences to default values
[2019-05-02 19:57:45,548 INFO  L174        SettingsManager]: Resetting AutomataScriptInterpreter preferences to default values
[2019-05-02 19:57:45,548 INFO  L174        SettingsManager]: Resetting BuchiAutomizer preferences to default values
[2019-05-02 19:57:45,549 INFO  L174        SettingsManager]: Resetting CACSL2BoogieTranslator preferences to default values
[2019-05-02 19:57:45,551 INFO  L174        SettingsManager]: Resetting CodeCheck preferences to default values
[2019-05-02 19:57:45,552 INFO  L174        SettingsManager]: Resetting InvariantSynthesis preferences to default values
[2019-05-02 19:57:45,553 INFO  L174        SettingsManager]: Resetting RCFGBuilder preferences to default values
[2019-05-02 19:57:45,553 INFO  L174        SettingsManager]: Resetting TraceAbstraction preferences to default values
[2019-05-02 19:57:45,555 INFO  L177        SettingsManager]: TraceAbstractionConcurrent provides no preferences, ignoring...
[2019-05-02 19:57:45,555 INFO  L177        SettingsManager]: TraceAbstractionWithAFAs provides no preferences, ignoring...
[2019-05-02 19:57:45,555 INFO  L174        SettingsManager]: Resetting TreeAutomizer preferences to default values
[2019-05-02 19:57:45,556 INFO  L174        SettingsManager]: Resetting IcfgTransformer preferences to default values
[2019-05-02 19:57:45,556 INFO  L174        SettingsManager]: Resetting Boogie Printer preferences to default values
[2019-05-02 19:57:45,557 INFO  L174        SettingsManager]: Resetting ReqPrinter preferences to default values
[2019-05-02 19:57:45,557 INFO  L174        SettingsManager]: Resetting Witness Printer preferences to default values
[2019-05-02 19:57:45,558 INFO  L177        SettingsManager]: Boogie PL CUP Parser provides no preferences, ignoring...
[2019-05-02 19:57:45,558 INFO  L174        SettingsManager]: Resetting CDTParser preferences to default values
[2019-05-02 19:57:45,558 INFO  L177        SettingsManager]: AutomataScriptParser provides no preferences, ignoring...
[2019-05-02 19:57:45,559 INFO  L177        SettingsManager]: ReqParser provides no preferences, ignoring...
[2019-05-02 19:57:45,559 INFO  L174        SettingsManager]: Resetting SmtParser preferences to default values
[2019-05-02 19:57:45,559 INFO  L174        SettingsManager]: Resetting Witness Parser preferences to default values
[2019-05-02 19:57:45,560 INFO  L181        SettingsManager]: Finished resetting all preferences to default values...
[2019-05-02 19:57:45,576 INFO  L81    nceAwareModelManager]: Repository-Root is: /tmp
[2019-05-02 19:57:45,584 INFO  L258   ainManager$Toolchain]: [Toolchain 1]: Applicable parser(s) successfully (re)initialized
[2019-05-02 19:57:45,586 INFO  L214   ainManager$Toolchain]: [Toolchain 1]: Toolchain selected.
[2019-05-02 19:57:45,587 INFO  L271        PluginConnector]: Initializing Boogie PL CUP Parser...
[2019-05-02 19:57:45,588 INFO  L276        PluginConnector]: Boogie PL CUP Parser initialized
[2019-05-02 19:57:45,588 INFO  L418   ainManager$Toolchain]: [Toolchain 1]: Parsing single file: /home/xuechao/xuechao/work/Lab/Termination/Lasso-Ranker/Program_non/159.bpl
[2019-05-02 19:57:45,589 INFO  L111           BoogieParser]: Parsing: '/home/xuechao/xuechao/work/Lab/Termination/Lasso-Ranker/Program_non/159.bpl'
[2019-05-02 19:57:45,615 INFO  L296   ainManager$Toolchain]: ####################### [Toolchain 1] #######################
[2019-05-02 19:57:45,617 INFO  L131        ToolchainWalker]: Walking toolchain with 3 elements.
[2019-05-02 19:57:45,617 INFO  L113        PluginConnector]: ------------------------Boogie Preprocessor----------------------------
[2019-05-02 19:57:45,617 INFO  L271        PluginConnector]: Initializing Boogie Preprocessor...
[2019-05-02 19:57:45,617 INFO  L276        PluginConnector]: Boogie Preprocessor initialized
[2019-05-02 19:57:45,633 INFO  L185        PluginConnector]: Executing the observer EnsureBoogieModelObserver from plugin Boogie Preprocessor for "159.bpl de.uni_freiburg.informatik.ultimate.boogie.parser AST 02.05 07:57:45" (1/1) ...
[2019-05-02 19:57:45,634 INFO  L185        PluginConnector]: Executing the observer TypeChecker from plugin Boogie Preprocessor for "159.bpl de.uni_freiburg.informatik.ultimate.boogie.parser AST 02.05 07:57:45" (1/1) ...
[2019-05-02 19:57:45,639 INFO  L185        PluginConnector]: Executing the observer ConstExpander from plugin Boogie Preprocessor for "159.bpl de.uni_freiburg.informatik.ultimate.boogie.parser AST 02.05 07:57:45" (1/1) ...
[2019-05-02 19:57:45,639 INFO  L185        PluginConnector]: Executing the observer StructExpander from plugin Boogie Preprocessor for "159.bpl de.uni_freiburg.informatik.ultimate.boogie.parser AST 02.05 07:57:45" (1/1) ...
[2019-05-02 19:57:45,641 INFO  L185        PluginConnector]: Executing the observer UnstructureCode from plugin Boogie Preprocessor for "159.bpl de.uni_freiburg.informatik.ultimate.boogie.parser AST 02.05 07:57:45" (1/1) ...
[2019-05-02 19:57:45,644 INFO  L185        PluginConnector]: Executing the observer FunctionInliner from plugin Boogie Preprocessor for "159.bpl de.uni_freiburg.informatik.ultimate.boogie.parser AST 02.05 07:57:45" (1/1) ...
[2019-05-02 19:57:45,644 INFO  L185        PluginConnector]: Executing the observer BoogieSymbolTableConstructor from plugin Boogie Preprocessor for "159.bpl de.uni_freiburg.informatik.ultimate.boogie.parser AST 02.05 07:57:45" (1/1) ...
[2019-05-02 19:57:45,645 INFO  L132        PluginConnector]: ------------------------ END Boogie Preprocessor----------------------------
[2019-05-02 19:57:45,646 INFO  L113        PluginConnector]: ------------------------RCFGBuilder----------------------------
[2019-05-02 19:57:45,646 INFO  L271        PluginConnector]: Initializing RCFGBuilder...
[2019-05-02 19:57:45,646 INFO  L276        PluginConnector]: RCFGBuilder initialized
[2019-05-02 19:57:45,647 INFO  L185        PluginConnector]: Executing the observer RCFGBuilderObserver from plugin RCFGBuilder for "159.bpl de.uni_freiburg.informatik.ultimate.boogie.parser AST 02.05 07:57:45" (1/1) ...
No working directory specified, using /home/xuechao/xuechao/work/Lab/Termination/Lasso-Ranker/z3
Starting monitored process 1 with z3 SMTLIB2_COMPLIANT=true -memory:1024 -smt2 -in -t:12000 (exit command is (exit), workingDir is null)
Waiting until toolchain timeout for monitored process 1 with z3 SMTLIB2_COMPLIANT=true -memory:1024 -smt2 -in -t:12000
[2019-05-02 19:57:45,689 INFO  L124     BoogieDeclarations]: Specification and implementation of procedure main given in one single declaration
[2019-05-02 19:57:45,689 INFO  L130     BoogieDeclarations]: Found specification of procedure main
[2019-05-02 19:57:45,689 INFO  L138     BoogieDeclarations]: Found implementation of procedure main
[2019-05-02 19:58:09,685 INFO  L278             CfgBuilder]: Using library mode
[2019-05-02 19:58:09,685 INFO  L286             CfgBuilder]: Removed 0 assue(true) statements.
[2019-05-02 19:58:09,686 INFO  L202        PluginConnector]: Adding new model 159.bpl de.uni_freiburg.informatik.ultimate.plugins.generator.rcfgbuilder CFG 02.05 07:58:09 BoogieIcfgContainer
[2019-05-02 19:58:09,686 INFO  L132        PluginConnector]: ------------------------ END RCFGBuilder----------------------------
[2019-05-02 19:58:09,687 INFO  L113        PluginConnector]: ------------------------LassoRanker----------------------------
[2019-05-02 19:58:09,687 INFO  L271        PluginConnector]: Initializing LassoRanker...
[2019-05-02 19:58:09,687 INFO  L276        PluginConnector]: LassoRanker initialized
[2019-05-02 19:58:09,687 INFO  L185        PluginConnector]: Executing the observer LassoRankerObserver from plugin LassoRanker for "159.bpl de.uni_freiburg.informatik.ultimate.plugins.generator.rcfgbuilder CFG 02.05 07:58:09" (1/1) ...
[2019-05-02 19:58:09,711 INFO  L72            BuchiIsEmpty]: Start buchiIsEmpty. Operand 2 states.
[2019-05-02 19:58:09,727 INFO  L131   ngComponentsAnalysis]: Automaton has 1 accepting balls. 1
[2019-05-02 19:58:09,727 INFO  L87            BuchiIsEmpty]: Finished buchiIsEmpty Result is false
[2019-05-02 19:58:09,728 INFO  L119           BuchiIsEmpty]: Starting construction of run
[2019-05-02 19:58:09,733 INFO  L104     BuchiDifferenceFKV]: Start buchiDifferenceFKV. First operand 2 states. Second operand 1 states.
[2019-05-02 19:58:09,741 INFO  L108     BuchiDifferenceFKV]: Finished buchiDifferenceFKV. First operand 2 states. Second operand 1 states. Result 3 states and 4 transitions. Complement of second has 2 states 2 powerset states0 rank states. The highest rank that occured is -1
[2019-05-02 19:58:09,741 INFO  L72            BuchiIsEmpty]: Start buchiIsEmpty. Operand 3 states and 4 transitions.
[2019-05-02 19:58:09,741 INFO  L131   ngComponentsAnalysis]: Automaton has 0 accepting balls. 0
[2019-05-02 19:58:09,742 INFO  L87            BuchiIsEmpty]: Finished buchiIsEmpty Result is true
[2019-05-02 19:59:54,498 WARN  L181               SmtUtils]: Spent 1.75 m on a formula simplification that was a NOOP. DAG size: 27
[2019-05-02 20:01:39,250 WARN  L181               SmtUtils]: Spent 1.75 m on a formula simplification that was a NOOP. DAG size: 27
[2019-05-02 20:01:39,255 INFO  L216          LassoAnalysis]: Preferences:
[2019-05-02 20:01:39,256 INFO  L124   ssoRankerPreferences]: Compute integeral hull: false
[2019-05-02 20:01:39,256 INFO  L125   ssoRankerPreferences]: Enable LassoPartitioneer: true
[2019-05-02 20:01:39,257 INFO  L126   ssoRankerPreferences]: Term annotations enabled: false
[2019-05-02 20:01:39,257 INFO  L127   ssoRankerPreferences]: Use exernal solver: true
[2019-05-02 20:01:39,257 INFO  L128   ssoRankerPreferences]: SMT solver command: z3 -smt2 -in SMTLIB2_COMPLIANT=true
[2019-05-02 20:01:39,257 INFO  L129   ssoRankerPreferences]: Dump SMT script to file: false
[2019-05-02 20:01:39,257 INFO  L130   ssoRankerPreferences]: Path of dumped script: .
[2019-05-02 20:01:39,257 INFO  L131   ssoRankerPreferences]: Filename of dumped script: LassoRankerScript
[2019-05-02 20:01:39,257 INFO  L132   ssoRankerPreferences]: MapElimAlgo: Frank
[2019-05-02 20:01:39,258 INFO  L282          LassoAnalysis]: Starting lasso preprocessing...
[2019-05-02 20:01:39,273 INFO  L141          MapEliminator]: Using MapEliminator with SimplificationTechnique=SIMPLIFY_DDA XnfConversionTechnique=BOTTOM_UP_WITH_LOCAL_SIMPLIFICATION AddInequalities=false OnlyTrivialImplicationsArrayWrite=false OnlyTrivialImplicationsForModifiedArguments=true OnlyArgumentsInFormula=true
Received shutdown request...
[2019-05-02 20:02:44,380 FATAL L265        ToolchainWalker]: An unrecoverable error occured during an interaction with an SMT solver:
de.uni_freiburg.informatik.ultimate.logic.SMTLIBException: External (z3 SMTLIB2_COMPLIANT=true -memory:1024 -smt2 -in -t:12000)Received EOF on stdin. No stderr output.
	at de.uni_freiburg.informatik.ultimate.smtsolver.external.Executor.parse(Executor.java:208)
	at de.uni_freiburg.informatik.ultimate.smtsolver.external.Executor.parseCheckSatResult(Executor.java:225)
	at de.uni_freiburg.informatik.ultimate.smtsolver.external.Scriptor.checkSat(Scriptor.java:155)
	at de.uni_freiburg.informatik.ultimate.modelcheckerutils.smt.WrapperScript.checkSat(WrapperScript.java:116)
	at de.uni_freiburg.informatik.ultimate.modelcheckerutils.smt.WrapperScript.checkSat(WrapperScript.java:116)
	at de.uni_freiburg.informatik.ultimate.logic.Util.checkSat(Util.java:61)
	at de.uni_freiburg.informatik.ultimate.logic.simplification.SimplifyDDA.getRedundancy(SimplifyDDA.java:626)
	at de.uni_freiburg.informatik.ultimate.modelcheckerutils.smt.SimplifyDDAWithTimeout.getRedundancy(SimplifyDDAWithTimeout.java:122)
	at de.uni_freiburg.informatik.ultimate.logic.simplification.SimplifyDDA$Simplifier.walk(SimplifyDDA.java:371)
	at de.uni_freiburg.informatik.ultimate.logic.NonRecursive.run(NonRecursive.java:122)
	at de.uni_freiburg.informatik.ultimate.logic.NonRecursive.run(NonRecursive.java:113)
	at de.uni_freiburg.informatik.ultimate.logic.simplification.SimplifyDDA.simplifyOnce(SimplifyDDA.java:650)
	at de.uni_freiburg.informatik.ultimate.modelcheckerutils.smt.SimplifyDDAWithTimeout.getSimplifiedTerm(SimplifyDDAWithTimeout.java:187)
	at de.uni_freiburg.informatik.ultimate.modelcheckerutils.smt.SmtUtils.simplify(SmtUtils.java:152)
	at de.uni_freiburg.informatik.ultimate.modelcheckerutils.smt.mapelimination.MapEliminator.setFormulaAndSimplify(MapEliminator.java:441)
	at de.uni_freiburg.informatik.ultimate.modelcheckerutils.smt.mapelimination.MapEliminator.getRewrittenTransFormula(MapEliminator.java:345)
	at de.uni_freiburg.informatik.ultimate.lassoranker.preprocessors.MapEliminationLassoPreprocessor.process(MapEliminationLassoPreprocessor.java:111)
	at de.uni_freiburg.informatik.ultimate.lassoranker.variables.LassoBuilder.applyPreprocessor(LassoBuilder.java:154)
	at de.uni_freiburg.informatik.ultimate.lassoranker.variables.LassoBuilder.preprocess(LassoBuilder.java:262)
	at de.uni_freiburg.informatik.ultimate.lassoranker.LassoAnalysis.preprocess(LassoAnalysis.java:286)
	at de.uni_freiburg.informatik.ultimate.lassoranker.LassoAnalysis.<init>(LassoAnalysis.java:235)
	at de.uni_freiburg.informatik.ultimate.plugins.analysis.lassoranker.LassoRankerStarter.<init>(LassoRankerStarter.java:183)
	at de.uni_freiburg.informatik.ultimate.plugins.analysis.lassoranker.LassoRankerObserver.process(LassoRankerObserver.java:72)
	at de.uni_freiburg.informatik.ultimate.core.coreplugin.modelwalker.CFGWalker.runObserver(CFGWalker.java:57)
	at de.uni_freiburg.informatik.ultimate.core.coreplugin.modelwalker.BaseWalker.runObserver(BaseWalker.java:93)
	at de.uni_freiburg.informatik.ultimate.core.coreplugin.modelwalker.BaseWalker.run(BaseWalker.java:86)
	at de.uni_freiburg.informatik.ultimate.core.coreplugin.PluginConnector.runObserver(PluginConnector.java:167)
	at de.uni_freiburg.informatik.ultimate.core.coreplugin.PluginConnector.runTool(PluginConnector.java:156)
	at de.uni_freiburg.informatik.ultimate.core.coreplugin.PluginConnector.run(PluginConnector.java:128)
	at de.uni_freiburg.informatik.ultimate.core.coreplugin.ToolchainWalker.executePluginConnector(ToolchainWalker.java:232)
	at de.uni_freiburg.informatik.ultimate.core.coreplugin.ToolchainWalker.processPlugin(ToolchainWalker.java:226)
	at de.uni_freiburg.informatik.ultimate.core.coreplugin.ToolchainWalker.walkUnprotected(ToolchainWalker.java:142)
	at de.uni_freiburg.informatik.ultimate.core.coreplugin.ToolchainWalker.walk(ToolchainWalker.java:104)
	at de.uni_freiburg.informatik.ultimate.core.coreplugin.ToolchainManager$Toolchain.processToolchain(ToolchainManager.java:316)
	at de.uni_freiburg.informatik.ultimate.core.coreplugin.toolchain.DefaultToolchainJob.run(DefaultToolchainJob.java:145)
	at org.eclipse.core.internal.jobs.Worker.run(Worker.java:55)
Caused by: de.uni_freiburg.informatik.ultimate.logic.SMTLIBException: EOF
	at de.uni_freiburg.informatik.ultimate.smtsolver.external.Parser$Action$.CUP$do_action(Parser.java:1427)
	at de.uni_freiburg.informatik.ultimate.smtsolver.external.Parser.do_action(Parser.java:630)
	at com.github.jhoenicke.javacup.runtime.LRParser.parse(LRParser.java:419)
	at de.uni_freiburg.informatik.ultimate.smtsolver.external.Executor.parse(Executor.java:205)
	... 35 more
[2019-05-02 20:02:44,383 INFO  L168              Benchmark]: Toolchain (without parser) took 298767.25 ms. Allocated memory is still 514.9 MB. Free memory was 477.6 MB in the beginning and 447.7 MB in the end (delta: 29.9 MB). Peak memory consumption was 29.9 MB. Max. memory is 11.5 GB.
[2019-05-02 20:02:44,384 INFO  L168              Benchmark]: Boogie PL CUP Parser took 0.13 ms. Allocated memory is still 514.9 MB. Free memory is still 479.1 MB. There was no memory consumed. Max. memory is 11.5 GB.
[2019-05-02 20:02:44,385 INFO  L168              Benchmark]: Boogie Preprocessor took 28.45 ms. Allocated memory is still 514.9 MB. Free memory was 477.6 MB in the beginning and 475.0 MB in the end (delta: 2.7 MB). Peak memory consumption was 2.7 MB. Max. memory is 11.5 GB.
[2019-05-02 20:02:44,386 INFO  L168              Benchmark]: RCFGBuilder took 24040.65 ms. Allocated memory is still 514.9 MB. Free memory was 475.0 MB in the beginning and 464.0 MB in the end (delta: 11.0 MB). Peak memory consumption was 11.0 MB. Max. memory is 11.5 GB.
[2019-05-02 20:02:44,386 INFO  L168              Benchmark]: LassoRanker took 274695.89 ms. Allocated memory is still 514.9 MB. Free memory was 464.0 MB in the beginning and 447.7 MB in the end (delta: 16.3 MB). Peak memory consumption was 16.3 MB. Max. memory is 11.5 GB.
[2019-05-02 20:02:44,389 INFO  L336   ainManager$Toolchain]: #######################  End [Toolchain 1] #######################
 --- Results ---
 * Results from de.uni_freiburg.informatik.ultimate.core:
  - StatisticsResult: Toolchain Benchmarks
    Benchmark results are:
 * Boogie PL CUP Parser took 0.13 ms. Allocated memory is still 514.9 MB. Free memory is still 479.1 MB. There was no memory consumed. Max. memory is 11.5 GB.
 * Boogie Preprocessor took 28.45 ms. Allocated memory is still 514.9 MB. Free memory was 477.6 MB in the beginning and 475.0 MB in the end (delta: 2.7 MB). Peak memory consumption was 2.7 MB. Max. memory is 11.5 GB.
 * RCFGBuilder took 24040.65 ms. Allocated memory is still 514.9 MB. Free memory was 475.0 MB in the beginning and 464.0 MB in the end (delta: 11.0 MB). Peak memory consumption was 11.0 MB. Max. memory is 11.5 GB.
 * LassoRanker took 274695.89 ms. Allocated memory is still 514.9 MB. Free memory was 464.0 MB in the beginning and 447.7 MB in the end (delta: 16.3 MB). Peak memory consumption was 16.3 MB. Max. memory is 11.5 GB.
 * Results from de.uni_freiburg.informatik.ultimate.plugins.analysis.lassoranker:
  - ExceptionOrErrorResult: SMTLIBException: External (z3 SMTLIB2_COMPLIANT=true -memory:1024 -smt2 -in -t:12000)Received EOF on stdin. No stderr output.
    de.uni_freiburg.informatik.ultimate.plugins.analysis.lassoranker: SMTLIBException: External (z3 SMTLIB2_COMPLIANT=true -memory:1024 -smt2 -in -t:12000)Received EOF on stdin. No stderr output.: de.uni_freiburg.informatik.ultimate.smtsolver.external.Executor.parse(Executor.java:208)
RESULT: Ultimate could not prove your program: Toolchain returned no result.
Completed graceful shutdown
