This is Ultimate 0.1.24-16d85fa
[2019-05-02 20:08:00,816 INFO  L170        SettingsManager]: Resetting all preferences to default values...
[2019-05-02 20:08:00,818 INFO  L174        SettingsManager]: Resetting UltimateCore preferences to default values
[2019-05-02 20:08:00,827 INFO  L177        SettingsManager]: Ultimate Commandline Interface provides no preferences, ignoring...
[2019-05-02 20:08:00,827 INFO  L174        SettingsManager]: Resetting Boogie Preprocessor preferences to default values
[2019-05-02 20:08:00,828 INFO  L174        SettingsManager]: Resetting Boogie Procedure Inliner preferences to default values
[2019-05-02 20:08:00,829 INFO  L174        SettingsManager]: Resetting Abstract Interpretation preferences to default values
[2019-05-02 20:08:00,830 INFO  L174        SettingsManager]: Resetting LassoRanker preferences to default values
[2019-05-02 20:08:00,831 INFO  L174        SettingsManager]: Resetting Reaching Definitions preferences to default values
[2019-05-02 20:08:00,832 INFO  L174        SettingsManager]: Resetting SyntaxChecker preferences to default values
[2019-05-02 20:08:00,832 INFO  L177        SettingsManager]: Büchi Program Product provides no preferences, ignoring...
[2019-05-02 20:08:00,832 INFO  L174        SettingsManager]: Resetting LTL2Aut preferences to default values
[2019-05-02 20:08:00,833 INFO  L174        SettingsManager]: Resetting PEA to Boogie preferences to default values
[2019-05-02 20:08:00,833 INFO  L174        SettingsManager]: Resetting BlockEncodingV2 preferences to default values
[2019-05-02 20:08:00,834 INFO  L174        SettingsManager]: Resetting ChcToBoogie preferences to default values
[2019-05-02 20:08:00,835 INFO  L174        SettingsManager]: Resetting AutomataScriptInterpreter preferences to default values
[2019-05-02 20:08:00,835 INFO  L174        SettingsManager]: Resetting BuchiAutomizer preferences to default values
[2019-05-02 20:08:00,836 INFO  L174        SettingsManager]: Resetting CACSL2BoogieTranslator preferences to default values
[2019-05-02 20:08:00,838 INFO  L174        SettingsManager]: Resetting CodeCheck preferences to default values
[2019-05-02 20:08:00,839 INFO  L174        SettingsManager]: Resetting InvariantSynthesis preferences to default values
[2019-05-02 20:08:00,840 INFO  L174        SettingsManager]: Resetting RCFGBuilder preferences to default values
[2019-05-02 20:08:00,841 INFO  L174        SettingsManager]: Resetting TraceAbstraction preferences to default values
[2019-05-02 20:08:00,842 INFO  L177        SettingsManager]: TraceAbstractionConcurrent provides no preferences, ignoring...
[2019-05-02 20:08:00,842 INFO  L177        SettingsManager]: TraceAbstractionWithAFAs provides no preferences, ignoring...
[2019-05-02 20:08:00,842 INFO  L174        SettingsManager]: Resetting TreeAutomizer preferences to default values
[2019-05-02 20:08:00,843 INFO  L174        SettingsManager]: Resetting IcfgTransformer preferences to default values
[2019-05-02 20:08:00,844 INFO  L174        SettingsManager]: Resetting Boogie Printer preferences to default values
[2019-05-02 20:08:00,844 INFO  L174        SettingsManager]: Resetting ReqPrinter preferences to default values
[2019-05-02 20:08:00,845 INFO  L174        SettingsManager]: Resetting Witness Printer preferences to default values
[2019-05-02 20:08:00,845 INFO  L177        SettingsManager]: Boogie PL CUP Parser provides no preferences, ignoring...
[2019-05-02 20:08:00,845 INFO  L174        SettingsManager]: Resetting CDTParser preferences to default values
[2019-05-02 20:08:00,846 INFO  L177        SettingsManager]: AutomataScriptParser provides no preferences, ignoring...
[2019-05-02 20:08:00,846 INFO  L177        SettingsManager]: ReqParser provides no preferences, ignoring...
[2019-05-02 20:08:00,846 INFO  L174        SettingsManager]: Resetting SmtParser preferences to default values
[2019-05-02 20:08:00,847 INFO  L174        SettingsManager]: Resetting Witness Parser preferences to default values
[2019-05-02 20:08:00,847 INFO  L181        SettingsManager]: Finished resetting all preferences to default values...
[2019-05-02 20:08:00,863 INFO  L81    nceAwareModelManager]: Repository-Root is: /tmp
[2019-05-02 20:08:00,871 INFO  L258   ainManager$Toolchain]: [Toolchain 1]: Applicable parser(s) successfully (re)initialized
[2019-05-02 20:08:00,873 INFO  L214   ainManager$Toolchain]: [Toolchain 1]: Toolchain selected.
[2019-05-02 20:08:00,874 INFO  L271        PluginConnector]: Initializing Boogie PL CUP Parser...
[2019-05-02 20:08:00,875 INFO  L276        PluginConnector]: Boogie PL CUP Parser initialized
[2019-05-02 20:08:00,875 INFO  L418   ainManager$Toolchain]: [Toolchain 1]: Parsing single file: /home/xuechao/xuechao/work/Lab/Termination/Lasso-Ranker/Program_non/167.bpl
[2019-05-02 20:08:00,875 INFO  L111           BoogieParser]: Parsing: '/home/xuechao/xuechao/work/Lab/Termination/Lasso-Ranker/Program_non/167.bpl'
[2019-05-02 20:08:00,897 INFO  L296   ainManager$Toolchain]: ####################### [Toolchain 1] #######################
[2019-05-02 20:08:00,898 INFO  L131        ToolchainWalker]: Walking toolchain with 3 elements.
[2019-05-02 20:08:00,898 INFO  L113        PluginConnector]: ------------------------Boogie Preprocessor----------------------------
[2019-05-02 20:08:00,898 INFO  L271        PluginConnector]: Initializing Boogie Preprocessor...
[2019-05-02 20:08:00,899 INFO  L276        PluginConnector]: Boogie Preprocessor initialized
[2019-05-02 20:08:00,914 INFO  L185        PluginConnector]: Executing the observer EnsureBoogieModelObserver from plugin Boogie Preprocessor for "167.bpl de.uni_freiburg.informatik.ultimate.boogie.parser AST 02.05 08:08:00" (1/1) ...
[2019-05-02 20:08:00,915 INFO  L185        PluginConnector]: Executing the observer TypeChecker from plugin Boogie Preprocessor for "167.bpl de.uni_freiburg.informatik.ultimate.boogie.parser AST 02.05 08:08:00" (1/1) ...
[2019-05-02 20:08:00,919 INFO  L185        PluginConnector]: Executing the observer ConstExpander from plugin Boogie Preprocessor for "167.bpl de.uni_freiburg.informatik.ultimate.boogie.parser AST 02.05 08:08:00" (1/1) ...
[2019-05-02 20:08:00,920 INFO  L185        PluginConnector]: Executing the observer StructExpander from plugin Boogie Preprocessor for "167.bpl de.uni_freiburg.informatik.ultimate.boogie.parser AST 02.05 08:08:00" (1/1) ...
[2019-05-02 20:08:00,921 INFO  L185        PluginConnector]: Executing the observer UnstructureCode from plugin Boogie Preprocessor for "167.bpl de.uni_freiburg.informatik.ultimate.boogie.parser AST 02.05 08:08:00" (1/1) ...
[2019-05-02 20:08:00,924 INFO  L185        PluginConnector]: Executing the observer FunctionInliner from plugin Boogie Preprocessor for "167.bpl de.uni_freiburg.informatik.ultimate.boogie.parser AST 02.05 08:08:00" (1/1) ...
[2019-05-02 20:08:00,924 INFO  L185        PluginConnector]: Executing the observer BoogieSymbolTableConstructor from plugin Boogie Preprocessor for "167.bpl de.uni_freiburg.informatik.ultimate.boogie.parser AST 02.05 08:08:00" (1/1) ...
[2019-05-02 20:08:00,925 INFO  L132        PluginConnector]: ------------------------ END Boogie Preprocessor----------------------------
[2019-05-02 20:08:00,925 INFO  L113        PluginConnector]: ------------------------RCFGBuilder----------------------------
[2019-05-02 20:08:00,925 INFO  L271        PluginConnector]: Initializing RCFGBuilder...
[2019-05-02 20:08:00,926 INFO  L276        PluginConnector]: RCFGBuilder initialized
[2019-05-02 20:08:00,926 INFO  L185        PluginConnector]: Executing the observer RCFGBuilderObserver from plugin RCFGBuilder for "167.bpl de.uni_freiburg.informatik.ultimate.boogie.parser AST 02.05 08:08:00" (1/1) ...
No working directory specified, using /home/xuechao/xuechao/work/Lab/Termination/Lasso-Ranker/z3
Starting monitored process 1 with z3 SMTLIB2_COMPLIANT=true -memory:1024 -smt2 -in -t:12000 (exit command is (exit), workingDir is null)
Waiting until toolchain timeout for monitored process 1 with z3 SMTLIB2_COMPLIANT=true -memory:1024 -smt2 -in -t:12000
[2019-05-02 20:08:00,967 INFO  L124     BoogieDeclarations]: Specification and implementation of procedure main given in one single declaration
[2019-05-02 20:08:00,968 INFO  L130     BoogieDeclarations]: Found specification of procedure main
[2019-05-02 20:08:00,968 INFO  L138     BoogieDeclarations]: Found implementation of procedure main
[2019-05-02 20:08:01,048 INFO  L278             CfgBuilder]: Using library mode
[2019-05-02 20:08:01,048 INFO  L286             CfgBuilder]: Removed 0 assue(true) statements.
[2019-05-02 20:08:01,049 INFO  L202        PluginConnector]: Adding new model 167.bpl de.uni_freiburg.informatik.ultimate.plugins.generator.rcfgbuilder CFG 02.05 08:08:01 BoogieIcfgContainer
[2019-05-02 20:08:01,049 INFO  L132        PluginConnector]: ------------------------ END RCFGBuilder----------------------------
[2019-05-02 20:08:01,050 INFO  L113        PluginConnector]: ------------------------LassoRanker----------------------------
[2019-05-02 20:08:01,050 INFO  L271        PluginConnector]: Initializing LassoRanker...
[2019-05-02 20:08:01,050 INFO  L276        PluginConnector]: LassoRanker initialized
[2019-05-02 20:08:01,050 INFO  L185        PluginConnector]: Executing the observer LassoRankerObserver from plugin LassoRanker for "167.bpl de.uni_freiburg.informatik.ultimate.plugins.generator.rcfgbuilder CFG 02.05 08:08:01" (1/1) ...
[2019-05-02 20:08:01,074 INFO  L72            BuchiIsEmpty]: Start buchiIsEmpty. Operand 2 states.
[2019-05-02 20:08:01,090 INFO  L131   ngComponentsAnalysis]: Automaton has 1 accepting balls. 1
[2019-05-02 20:08:01,090 INFO  L87            BuchiIsEmpty]: Finished buchiIsEmpty Result is false
[2019-05-02 20:08:01,090 INFO  L119           BuchiIsEmpty]: Starting construction of run
[2019-05-02 20:08:01,096 INFO  L104     BuchiDifferenceFKV]: Start buchiDifferenceFKV. First operand 2 states. Second operand 1 states.
[2019-05-02 20:08:01,104 INFO  L108     BuchiDifferenceFKV]: Finished buchiDifferenceFKV. First operand 2 states. Second operand 1 states. Result 3 states and 4 transitions. Complement of second has 2 states 2 powerset states0 rank states. The highest rank that occured is -1
[2019-05-02 20:08:01,104 INFO  L72            BuchiIsEmpty]: Start buchiIsEmpty. Operand 3 states and 4 transitions.
[2019-05-02 20:08:01,105 INFO  L131   ngComponentsAnalysis]: Automaton has 0 accepting balls. 0
[2019-05-02 20:08:01,105 INFO  L87            BuchiIsEmpty]: Finished buchiIsEmpty Result is true
[2019-05-02 20:08:01,189 INFO  L216          LassoAnalysis]: Preferences:
[2019-05-02 20:08:01,190 INFO  L124   ssoRankerPreferences]: Compute integeral hull: false
[2019-05-02 20:08:01,190 INFO  L125   ssoRankerPreferences]: Enable LassoPartitioneer: true
[2019-05-02 20:08:01,190 INFO  L126   ssoRankerPreferences]: Term annotations enabled: false
[2019-05-02 20:08:01,190 INFO  L127   ssoRankerPreferences]: Use exernal solver: true
[2019-05-02 20:08:01,190 INFO  L128   ssoRankerPreferences]: SMT solver command: z3 -smt2 -in SMTLIB2_COMPLIANT=true
[2019-05-02 20:08:01,190 INFO  L129   ssoRankerPreferences]: Dump SMT script to file: false
[2019-05-02 20:08:01,190 INFO  L130   ssoRankerPreferences]: Path of dumped script: .
[2019-05-02 20:08:01,190 INFO  L131   ssoRankerPreferences]: Filename of dumped script: LassoRankerScript
[2019-05-02 20:08:01,191 INFO  L132   ssoRankerPreferences]: MapElimAlgo: Frank
[2019-05-02 20:08:01,191 INFO  L282          LassoAnalysis]: Starting lasso preprocessing...
[2019-05-02 20:08:01,206 INFO  L141          MapEliminator]: Using MapEliminator with SimplificationTechnique=SIMPLIFY_DDA XnfConversionTechnique=BOTTOM_UP_WITH_LOCAL_SIMPLIFICATION AddInequalities=false OnlyTrivialImplicationsArrayWrite=false OnlyTrivialImplicationsForModifiedArguments=true OnlyArgumentsInFormula=true
[2019-05-02 20:08:01,322 ERROR L539     LassoRankerStarter]: Product with more than one non-constant factors found
[2019-05-02 20:08:01,323 INFO  L132        PluginConnector]: ------------------------ END LassoRanker----------------------------
[2019-05-02 20:08:01,324 INFO  L168              Benchmark]: Toolchain (without parser) took 426.41 ms. Allocated memory is still 514.9 MB. Free memory was 477.6 MB in the beginning and 446.4 MB in the end (delta: 31.2 MB). Peak memory consumption was 31.2 MB. Max. memory is 11.5 GB.
[2019-05-02 20:08:01,325 INFO  L168              Benchmark]: Boogie PL CUP Parser took 0.11 ms. Allocated memory is still 514.9 MB. Free memory is still 479.1 MB. There was no memory consumed. Max. memory is 11.5 GB.
[2019-05-02 20:08:01,325 INFO  L168              Benchmark]: Boogie Preprocessor took 26.83 ms. Allocated memory is still 514.9 MB. Free memory was 477.6 MB in the beginning and 475.0 MB in the end (delta: 2.7 MB). Peak memory consumption was 2.7 MB. Max. memory is 11.5 GB.
[2019-05-02 20:08:01,326 INFO  L168              Benchmark]: RCFGBuilder took 124.05 ms. Allocated memory is still 514.9 MB. Free memory was 475.0 MB in the beginning and 465.4 MB in the end (delta: 9.6 MB). Peak memory consumption was 9.6 MB. Max. memory is 11.5 GB.
[2019-05-02 20:08:01,327 INFO  L168              Benchmark]: LassoRanker took 273.46 ms. Allocated memory is still 514.9 MB. Free memory was 465.4 MB in the beginning and 446.4 MB in the end (delta: 19.0 MB). Peak memory consumption was 19.0 MB. Max. memory is 11.5 GB.
[2019-05-02 20:08:01,329 INFO  L336   ainManager$Toolchain]: #######################  End [Toolchain 1] #######################
 --- Results ---
 * Results from de.uni_freiburg.informatik.ultimate.core:
  - StatisticsResult: Toolchain Benchmarks
    Benchmark results are:
 * Boogie PL CUP Parser took 0.11 ms. Allocated memory is still 514.9 MB. Free memory is still 479.1 MB. There was no memory consumed. Max. memory is 11.5 GB.
 * Boogie Preprocessor took 26.83 ms. Allocated memory is still 514.9 MB. Free memory was 477.6 MB in the beginning and 475.0 MB in the end (delta: 2.7 MB). Peak memory consumption was 2.7 MB. Max. memory is 11.5 GB.
 * RCFGBuilder took 124.05 ms. Allocated memory is still 514.9 MB. Free memory was 475.0 MB in the beginning and 465.4 MB in the end (delta: 9.6 MB). Peak memory consumption was 9.6 MB. Max. memory is 11.5 GB.
 * LassoRanker took 273.46 ms. Allocated memory is still 514.9 MB. Free memory was 465.4 MB in the beginning and 446.4 MB in the end (delta: 19.0 MB). Peak memory consumption was 19.0 MB. Max. memory is 11.5 GB.
 * Results from de.uni_freiburg.informatik.ultimate.plugins.analysis.lassoranker:
  - UnsupportedSyntaxResult [Line: 2]: Unsupported Syntax
    Product with more than one non-constant factors found
RESULT: Ultimate could not prove your program: Toolchain returned no result.
Received shutdown request...
