This is Ultimate 0.1.24-16d85fa
[2019-05-02 20:08:05,252 INFO  L170        SettingsManager]: Resetting all preferences to default values...
[2019-05-02 20:08:05,253 INFO  L174        SettingsManager]: Resetting UltimateCore preferences to default values
[2019-05-02 20:08:05,263 INFO  L177        SettingsManager]: Ultimate Commandline Interface provides no preferences, ignoring...
[2019-05-02 20:08:05,263 INFO  L174        SettingsManager]: Resetting Boogie Preprocessor preferences to default values
[2019-05-02 20:08:05,264 INFO  L174        SettingsManager]: Resetting Boogie Procedure Inliner preferences to default values
[2019-05-02 20:08:05,265 INFO  L174        SettingsManager]: Resetting Abstract Interpretation preferences to default values
[2019-05-02 20:08:05,266 INFO  L174        SettingsManager]: Resetting LassoRanker preferences to default values
[2019-05-02 20:08:05,268 INFO  L174        SettingsManager]: Resetting Reaching Definitions preferences to default values
[2019-05-02 20:08:05,268 INFO  L174        SettingsManager]: Resetting SyntaxChecker preferences to default values
[2019-05-02 20:08:05,269 INFO  L177        SettingsManager]: Büchi Program Product provides no preferences, ignoring...
[2019-05-02 20:08:05,269 INFO  L174        SettingsManager]: Resetting LTL2Aut preferences to default values
[2019-05-02 20:08:05,270 INFO  L174        SettingsManager]: Resetting PEA to Boogie preferences to default values
[2019-05-02 20:08:05,270 INFO  L174        SettingsManager]: Resetting BlockEncodingV2 preferences to default values
[2019-05-02 20:08:05,271 INFO  L174        SettingsManager]: Resetting ChcToBoogie preferences to default values
[2019-05-02 20:08:05,271 INFO  L174        SettingsManager]: Resetting AutomataScriptInterpreter preferences to default values
[2019-05-02 20:08:05,272 INFO  L174        SettingsManager]: Resetting BuchiAutomizer preferences to default values
[2019-05-02 20:08:05,273 INFO  L174        SettingsManager]: Resetting CACSL2BoogieTranslator preferences to default values
[2019-05-02 20:08:05,275 INFO  L174        SettingsManager]: Resetting CodeCheck preferences to default values
[2019-05-02 20:08:05,276 INFO  L174        SettingsManager]: Resetting InvariantSynthesis preferences to default values
[2019-05-02 20:08:05,276 INFO  L174        SettingsManager]: Resetting RCFGBuilder preferences to default values
[2019-05-02 20:08:05,277 INFO  L174        SettingsManager]: Resetting TraceAbstraction preferences to default values
[2019-05-02 20:08:05,279 INFO  L177        SettingsManager]: TraceAbstractionConcurrent provides no preferences, ignoring...
[2019-05-02 20:08:05,279 INFO  L177        SettingsManager]: TraceAbstractionWithAFAs provides no preferences, ignoring...
[2019-05-02 20:08:05,279 INFO  L174        SettingsManager]: Resetting TreeAutomizer preferences to default values
[2019-05-02 20:08:05,280 INFO  L174        SettingsManager]: Resetting IcfgTransformer preferences to default values
[2019-05-02 20:08:05,280 INFO  L174        SettingsManager]: Resetting Boogie Printer preferences to default values
[2019-05-02 20:08:05,281 INFO  L174        SettingsManager]: Resetting ReqPrinter preferences to default values
[2019-05-02 20:08:05,281 INFO  L174        SettingsManager]: Resetting Witness Printer preferences to default values
[2019-05-02 20:08:05,282 INFO  L177        SettingsManager]: Boogie PL CUP Parser provides no preferences, ignoring...
[2019-05-02 20:08:05,282 INFO  L174        SettingsManager]: Resetting CDTParser preferences to default values
[2019-05-02 20:08:05,282 INFO  L177        SettingsManager]: AutomataScriptParser provides no preferences, ignoring...
[2019-05-02 20:08:05,282 INFO  L177        SettingsManager]: ReqParser provides no preferences, ignoring...
[2019-05-02 20:08:05,283 INFO  L174        SettingsManager]: Resetting SmtParser preferences to default values
[2019-05-02 20:08:05,283 INFO  L174        SettingsManager]: Resetting Witness Parser preferences to default values
[2019-05-02 20:08:05,284 INFO  L181        SettingsManager]: Finished resetting all preferences to default values...
[2019-05-02 20:08:05,300 INFO  L81    nceAwareModelManager]: Repository-Root is: /tmp
[2019-05-02 20:08:05,308 INFO  L258   ainManager$Toolchain]: [Toolchain 1]: Applicable parser(s) successfully (re)initialized
[2019-05-02 20:08:05,311 INFO  L214   ainManager$Toolchain]: [Toolchain 1]: Toolchain selected.
[2019-05-02 20:08:05,312 INFO  L271        PluginConnector]: Initializing Boogie PL CUP Parser...
[2019-05-02 20:08:05,312 INFO  L276        PluginConnector]: Boogie PL CUP Parser initialized
[2019-05-02 20:08:05,313 INFO  L418   ainManager$Toolchain]: [Toolchain 1]: Parsing single file: /home/xuechao/xuechao/work/Lab/Termination/Lasso-Ranker/Program_non/169.bpl
[2019-05-02 20:08:05,313 INFO  L111           BoogieParser]: Parsing: '/home/xuechao/xuechao/work/Lab/Termination/Lasso-Ranker/Program_non/169.bpl'
[2019-05-02 20:08:05,335 INFO  L296   ainManager$Toolchain]: ####################### [Toolchain 1] #######################
[2019-05-02 20:08:05,336 INFO  L131        ToolchainWalker]: Walking toolchain with 3 elements.
[2019-05-02 20:08:05,337 INFO  L113        PluginConnector]: ------------------------Boogie Preprocessor----------------------------
[2019-05-02 20:08:05,337 INFO  L271        PluginConnector]: Initializing Boogie Preprocessor...
[2019-05-02 20:08:05,337 INFO  L276        PluginConnector]: Boogie Preprocessor initialized
[2019-05-02 20:08:05,353 INFO  L185        PluginConnector]: Executing the observer EnsureBoogieModelObserver from plugin Boogie Preprocessor for "169.bpl de.uni_freiburg.informatik.ultimate.boogie.parser AST 02.05 08:08:05" (1/1) ...
[2019-05-02 20:08:05,354 INFO  L185        PluginConnector]: Executing the observer TypeChecker from plugin Boogie Preprocessor for "169.bpl de.uni_freiburg.informatik.ultimate.boogie.parser AST 02.05 08:08:05" (1/1) ...
[2019-05-02 20:08:05,359 INFO  L185        PluginConnector]: Executing the observer ConstExpander from plugin Boogie Preprocessor for "169.bpl de.uni_freiburg.informatik.ultimate.boogie.parser AST 02.05 08:08:05" (1/1) ...
[2019-05-02 20:08:05,359 INFO  L185        PluginConnector]: Executing the observer StructExpander from plugin Boogie Preprocessor for "169.bpl de.uni_freiburg.informatik.ultimate.boogie.parser AST 02.05 08:08:05" (1/1) ...
[2019-05-02 20:08:05,361 INFO  L185        PluginConnector]: Executing the observer UnstructureCode from plugin Boogie Preprocessor for "169.bpl de.uni_freiburg.informatik.ultimate.boogie.parser AST 02.05 08:08:05" (1/1) ...
[2019-05-02 20:08:05,364 INFO  L185        PluginConnector]: Executing the observer FunctionInliner from plugin Boogie Preprocessor for "169.bpl de.uni_freiburg.informatik.ultimate.boogie.parser AST 02.05 08:08:05" (1/1) ...
[2019-05-02 20:08:05,364 INFO  L185        PluginConnector]: Executing the observer BoogieSymbolTableConstructor from plugin Boogie Preprocessor for "169.bpl de.uni_freiburg.informatik.ultimate.boogie.parser AST 02.05 08:08:05" (1/1) ...
[2019-05-02 20:08:05,365 INFO  L132        PluginConnector]: ------------------------ END Boogie Preprocessor----------------------------
[2019-05-02 20:08:05,366 INFO  L113        PluginConnector]: ------------------------RCFGBuilder----------------------------
[2019-05-02 20:08:05,366 INFO  L271        PluginConnector]: Initializing RCFGBuilder...
[2019-05-02 20:08:05,366 INFO  L276        PluginConnector]: RCFGBuilder initialized
[2019-05-02 20:08:05,367 INFO  L185        PluginConnector]: Executing the observer RCFGBuilderObserver from plugin RCFGBuilder for "169.bpl de.uni_freiburg.informatik.ultimate.boogie.parser AST 02.05 08:08:05" (1/1) ...
No working directory specified, using /home/xuechao/xuechao/work/Lab/Termination/Lasso-Ranker/z3
Starting monitored process 1 with z3 SMTLIB2_COMPLIANT=true -memory:1024 -smt2 -in -t:12000 (exit command is (exit), workingDir is null)
Waiting until toolchain timeout for monitored process 1 with z3 SMTLIB2_COMPLIANT=true -memory:1024 -smt2 -in -t:12000
[2019-05-02 20:08:05,411 INFO  L124     BoogieDeclarations]: Specification and implementation of procedure main given in one single declaration
[2019-05-02 20:08:05,412 INFO  L130     BoogieDeclarations]: Found specification of procedure main
[2019-05-02 20:08:05,412 INFO  L138     BoogieDeclarations]: Found implementation of procedure main
[2019-05-02 20:08:05,538 INFO  L278             CfgBuilder]: Using library mode
[2019-05-02 20:08:05,539 INFO  L286             CfgBuilder]: Removed 0 assue(true) statements.
[2019-05-02 20:08:05,540 INFO  L202        PluginConnector]: Adding new model 169.bpl de.uni_freiburg.informatik.ultimate.plugins.generator.rcfgbuilder CFG 02.05 08:08:05 BoogieIcfgContainer
[2019-05-02 20:08:05,540 INFO  L132        PluginConnector]: ------------------------ END RCFGBuilder----------------------------
[2019-05-02 20:08:05,540 INFO  L113        PluginConnector]: ------------------------LassoRanker----------------------------
[2019-05-02 20:08:05,540 INFO  L271        PluginConnector]: Initializing LassoRanker...
[2019-05-02 20:08:05,540 INFO  L276        PluginConnector]: LassoRanker initialized
[2019-05-02 20:08:05,541 INFO  L185        PluginConnector]: Executing the observer LassoRankerObserver from plugin LassoRanker for "169.bpl de.uni_freiburg.informatik.ultimate.plugins.generator.rcfgbuilder CFG 02.05 08:08:05" (1/1) ...
[2019-05-02 20:08:05,562 INFO  L72            BuchiIsEmpty]: Start buchiIsEmpty. Operand 2 states.
[2019-05-02 20:08:05,578 INFO  L131   ngComponentsAnalysis]: Automaton has 1 accepting balls. 1
[2019-05-02 20:08:05,578 INFO  L87            BuchiIsEmpty]: Finished buchiIsEmpty Result is false
[2019-05-02 20:08:05,579 INFO  L119           BuchiIsEmpty]: Starting construction of run
[2019-05-02 20:08:05,584 INFO  L104     BuchiDifferenceFKV]: Start buchiDifferenceFKV. First operand 2 states. Second operand 1 states.
[2019-05-02 20:08:05,593 INFO  L108     BuchiDifferenceFKV]: Finished buchiDifferenceFKV. First operand 2 states. Second operand 1 states. Result 3 states and 4 transitions. Complement of second has 2 states 2 powerset states0 rank states. The highest rank that occured is -1
[2019-05-02 20:08:05,593 INFO  L72            BuchiIsEmpty]: Start buchiIsEmpty. Operand 3 states and 4 transitions.
[2019-05-02 20:08:05,593 INFO  L131   ngComponentsAnalysis]: Automaton has 0 accepting balls. 0
[2019-05-02 20:08:05,594 INFO  L87            BuchiIsEmpty]: Finished buchiIsEmpty Result is true
[2019-05-02 20:08:05,657 INFO  L216          LassoAnalysis]: Preferences:
[2019-05-02 20:08:05,658 INFO  L124   ssoRankerPreferences]: Compute integeral hull: false
[2019-05-02 20:08:05,658 INFO  L125   ssoRankerPreferences]: Enable LassoPartitioneer: true
[2019-05-02 20:08:05,658 INFO  L126   ssoRankerPreferences]: Term annotations enabled: false
[2019-05-02 20:08:05,659 INFO  L127   ssoRankerPreferences]: Use exernal solver: true
[2019-05-02 20:08:05,659 INFO  L128   ssoRankerPreferences]: SMT solver command: z3 -smt2 -in SMTLIB2_COMPLIANT=true
[2019-05-02 20:08:05,659 INFO  L129   ssoRankerPreferences]: Dump SMT script to file: false
[2019-05-02 20:08:05,659 INFO  L130   ssoRankerPreferences]: Path of dumped script: .
[2019-05-02 20:08:05,659 INFO  L131   ssoRankerPreferences]: Filename of dumped script: LassoRankerScript
[2019-05-02 20:08:05,659 INFO  L132   ssoRankerPreferences]: MapElimAlgo: Frank
[2019-05-02 20:08:05,659 INFO  L282          LassoAnalysis]: Starting lasso preprocessing...
[2019-05-02 20:08:05,677 INFO  L141          MapEliminator]: Using MapEliminator with SimplificationTechnique=SIMPLIFY_DDA XnfConversionTechnique=BOTTOM_UP_WITH_LOCAL_SIMPLIFICATION AddInequalities=false OnlyTrivialImplicationsArrayWrite=false OnlyTrivialImplicationsForModifiedArguments=true OnlyArgumentsInFormula=true
[2019-05-02 20:08:05,865 INFO  L300          LassoAnalysis]: Preprocessing complete.
[2019-05-02 20:08:05,865 INFO  L412          LassoAnalysis]: Checking for nontermination...
No working directory specified, using /home/xuechao/xuechao/work/Lab/Termination/Lasso-Ranker/z3
Starting monitored process 2 with z3 -smt2 -in SMTLIB2_COMPLIANT=true (exit command is (exit), workingDir is null)
Waiting until toolchain timeout for monitored process 2 with z3 -smt2 -in SMTLIB2_COMPLIANT=true
[2019-05-02 20:08:05,871 INFO  L151   nArgumentSynthesizer]: Nontermination analysis: LINEAR_WITH_GUESSES Allow bounded executions: true Number of generalized eigenvectors: 0 Nilpotent components: true
[2019-05-02 20:08:05,871 INFO  L163   nArgumentSynthesizer]: Using integer mode.
No working directory specified, using /home/xuechao/xuechao/work/Lab/Termination/Lasso-Ranker/z3
Starting monitored process 3 with z3 -smt2 -in SMTLIB2_COMPLIANT=true (exit command is (exit), workingDir is null)
Waiting until toolchain timeout for monitored process 3 with z3 -smt2 -in SMTLIB2_COMPLIANT=true
[2019-05-02 20:08:05,891 INFO  L151   nArgumentSynthesizer]: Nontermination analysis: LINEAR_WITH_GUESSES Allow bounded executions: true Number of generalized eigenvectors: 3 Nilpotent components: true
[2019-05-02 20:08:05,891 INFO  L163   nArgumentSynthesizer]: Using integer mode.
[2019-05-02 20:08:05,914 INFO  L452          LassoAnalysis]: Proving nontermination failed: No geometric nontermination argument exists.
[2019-05-02 20:08:05,915 INFO  L216          LassoAnalysis]: Preferences:
[2019-05-02 20:08:05,915 INFO  L124   ssoRankerPreferences]: Compute integeral hull: false
[2019-05-02 20:08:05,915 INFO  L125   ssoRankerPreferences]: Enable LassoPartitioneer: true
[2019-05-02 20:08:05,915 INFO  L126   ssoRankerPreferences]: Term annotations enabled: false
[2019-05-02 20:08:05,915 INFO  L127   ssoRankerPreferences]: Use exernal solver: true
[2019-05-02 20:08:05,915 INFO  L128   ssoRankerPreferences]: SMT solver command: z3 -smt2 -in SMTLIB2_COMPLIANT=true
[2019-05-02 20:08:05,916 INFO  L129   ssoRankerPreferences]: Dump SMT script to file: false
[2019-05-02 20:08:05,916 INFO  L130   ssoRankerPreferences]: Path of dumped script: .
[2019-05-02 20:08:05,916 INFO  L131   ssoRankerPreferences]: Filename of dumped script: LassoRankerScript
[2019-05-02 20:08:05,916 INFO  L132   ssoRankerPreferences]: MapElimAlgo: Frank
[2019-05-02 20:08:05,916 INFO  L282          LassoAnalysis]: Starting lasso preprocessing...
[2019-05-02 20:08:05,917 INFO  L141          MapEliminator]: Using MapEliminator with SimplificationTechnique=SIMPLIFY_DDA XnfConversionTechnique=BOTTOM_UP_WITH_LOCAL_SIMPLIFICATION AddInequalities=false OnlyTrivialImplicationsArrayWrite=false OnlyTrivialImplicationsForModifiedArguments=true OnlyArgumentsInFormula=true
[2019-05-02 20:08:06,030 INFO  L300          LassoAnalysis]: Preprocessing complete.
[2019-05-02 20:08:06,034 INFO  L497          LassoAnalysis]: Using template 'affine'.
No working directory specified, using /home/xuechao/xuechao/work/Lab/Termination/Lasso-Ranker/z3
Starting monitored process 4 with z3 -smt2 -in SMTLIB2_COMPLIANT=true (exit command is (exit), workingDir is null)
Waiting until toolchain timeout for monitored process 4 with z3 -smt2 -in SMTLIB2_COMPLIANT=true
[2019-05-02 20:08:06,045 INFO  L122   nArgumentSynthesizer]: Termination Analysis Settings:
Termination analysis: LINEAR_WITH_GUESSES
Number of strict supporting invariants: 1
Number of non-strict supporting invariants: 0
Consider only non-deceasing supporting invariants: true
Simplify termination arguments: true
Simplify supporting invariants: trueOverapproximate stem: false
[2019-05-02 20:08:06,046 INFO  L339   nArgumentSynthesizer]: Template has degree 0.
[2019-05-02 20:08:06,047 INFO  L352   nArgumentSynthesizer]: There is no stem transition; disabling supporting invariant generation.
[2019-05-02 20:08:06,047 INFO  L205   nArgumentSynthesizer]: 1 stem disjuncts
[2019-05-02 20:08:06,047 INFO  L206   nArgumentSynthesizer]: 2 loop disjuncts
[2019-05-02 20:08:06,047 INFO  L207   nArgumentSynthesizer]: 2 template conjuncts.
[2019-05-02 20:08:06,050 INFO  L402   nArgumentSynthesizer]: We have 4 Motzkin's Theorem applications.
[2019-05-02 20:08:06,050 INFO  L403   nArgumentSynthesizer]: A total of 0 supporting invariants were added.
[2019-05-02 20:08:06,053 INFO  L530          LassoAnalysis]: Proving termination failed for this template and these settings.
[2019-05-02 20:08:06,067 INFO  L497          LassoAnalysis]: Using template '2-nested'.
No working directory specified, using /home/xuechao/xuechao/work/Lab/Termination/Lasso-Ranker/z3
Starting monitored process 5 with z3 -smt2 -in SMTLIB2_COMPLIANT=true (exit command is (exit), workingDir is null)
Waiting until toolchain timeout for monitored process 5 with z3 -smt2 -in SMTLIB2_COMPLIANT=true
[2019-05-02 20:08:06,071 INFO  L122   nArgumentSynthesizer]: Termination Analysis Settings:
Termination analysis: LINEAR_WITH_GUESSES
Number of strict supporting invariants: 1
Number of non-strict supporting invariants: 0
Consider only non-deceasing supporting invariants: true
Simplify termination arguments: true
Simplify supporting invariants: trueOverapproximate stem: false
[2019-05-02 20:08:06,073 INFO  L339   nArgumentSynthesizer]: Template has degree 0.
[2019-05-02 20:08:06,073 INFO  L352   nArgumentSynthesizer]: There is no stem transition; disabling supporting invariant generation.
[2019-05-02 20:08:06,073 INFO  L205   nArgumentSynthesizer]: 1 stem disjuncts
[2019-05-02 20:08:06,073 INFO  L206   nArgumentSynthesizer]: 2 loop disjuncts
[2019-05-02 20:08:06,073 INFO  L207   nArgumentSynthesizer]: 3 template conjuncts.
[2019-05-02 20:08:06,076 INFO  L402   nArgumentSynthesizer]: We have 6 Motzkin's Theorem applications.
[2019-05-02 20:08:06,076 INFO  L403   nArgumentSynthesizer]: A total of 0 supporting invariants were added.
[2019-05-02 20:08:06,080 INFO  L530          LassoAnalysis]: Proving termination failed for this template and these settings.
[2019-05-02 20:08:06,094 INFO  L497          LassoAnalysis]: Using template '3-nested'.
No working directory specified, using /home/xuechao/xuechao/work/Lab/Termination/Lasso-Ranker/z3
Starting monitored process 6 with z3 -smt2 -in SMTLIB2_COMPLIANT=true (exit command is (exit), workingDir is null)
Waiting until toolchain timeout for monitored process 6 with z3 -smt2 -in SMTLIB2_COMPLIANT=true
[2019-05-02 20:08:06,096 INFO  L122   nArgumentSynthesizer]: Termination Analysis Settings:
Termination analysis: LINEAR_WITH_GUESSES
Number of strict supporting invariants: 1
Number of non-strict supporting invariants: 0
Consider only non-deceasing supporting invariants: true
Simplify termination arguments: true
Simplify supporting invariants: trueOverapproximate stem: false
[2019-05-02 20:08:06,097 INFO  L339   nArgumentSynthesizer]: Template has degree 0.
[2019-05-02 20:08:06,097 INFO  L352   nArgumentSynthesizer]: There is no stem transition; disabling supporting invariant generation.
[2019-05-02 20:08:06,098 INFO  L205   nArgumentSynthesizer]: 1 stem disjuncts
[2019-05-02 20:08:06,098 INFO  L206   nArgumentSynthesizer]: 2 loop disjuncts
[2019-05-02 20:08:06,098 INFO  L207   nArgumentSynthesizer]: 4 template conjuncts.
[2019-05-02 20:08:06,100 INFO  L402   nArgumentSynthesizer]: We have 8 Motzkin's Theorem applications.
[2019-05-02 20:08:06,100 INFO  L403   nArgumentSynthesizer]: A total of 0 supporting invariants were added.
[2019-05-02 20:08:06,103 INFO  L530          LassoAnalysis]: Proving termination failed for this template and these settings.
[2019-05-02 20:08:06,118 INFO  L497          LassoAnalysis]: Using template '4-nested'.
No working directory specified, using /home/xuechao/xuechao/work/Lab/Termination/Lasso-Ranker/z3
Starting monitored process 7 with z3 -smt2 -in SMTLIB2_COMPLIANT=true (exit command is (exit), workingDir is null)
Waiting until toolchain timeout for monitored process 7 with z3 -smt2 -in SMTLIB2_COMPLIANT=true
[2019-05-02 20:08:06,121 INFO  L122   nArgumentSynthesizer]: Termination Analysis Settings:
Termination analysis: LINEAR_WITH_GUESSES
Number of strict supporting invariants: 1
Number of non-strict supporting invariants: 0
Consider only non-deceasing supporting invariants: true
Simplify termination arguments: true
Simplify supporting invariants: trueOverapproximate stem: false
[2019-05-02 20:08:06,122 INFO  L339   nArgumentSynthesizer]: Template has degree 0.
[2019-05-02 20:08:06,122 INFO  L352   nArgumentSynthesizer]: There is no stem transition; disabling supporting invariant generation.
[2019-05-02 20:08:06,123 INFO  L205   nArgumentSynthesizer]: 1 stem disjuncts
[2019-05-02 20:08:06,123 INFO  L206   nArgumentSynthesizer]: 2 loop disjuncts
[2019-05-02 20:08:06,123 INFO  L207   nArgumentSynthesizer]: 5 template conjuncts.
[2019-05-02 20:08:06,126 INFO  L402   nArgumentSynthesizer]: We have 10 Motzkin's Theorem applications.
[2019-05-02 20:08:06,126 INFO  L403   nArgumentSynthesizer]: A total of 0 supporting invariants were added.
[2019-05-02 20:08:06,129 INFO  L530          LassoAnalysis]: Proving termination failed for this template and these settings.
[2019-05-02 20:08:06,144 INFO  L497          LassoAnalysis]: Using template '2-phase'.
No working directory specified, using /home/xuechao/xuechao/work/Lab/Termination/Lasso-Ranker/z3
Starting monitored process 8 with z3 -smt2 -in SMTLIB2_COMPLIANT=true (exit command is (exit), workingDir is null)
Waiting until toolchain timeout for monitored process 8 with z3 -smt2 -in SMTLIB2_COMPLIANT=true
[2019-05-02 20:08:06,146 INFO  L122   nArgumentSynthesizer]: Termination Analysis Settings:
Termination analysis: LINEAR_WITH_GUESSES
Number of strict supporting invariants: 1
Number of non-strict supporting invariants: 0
Consider only non-deceasing supporting invariants: true
Simplify termination arguments: true
Simplify supporting invariants: trueOverapproximate stem: false
[2019-05-02 20:08:06,148 WARN  L334   nArgumentSynthesizer]: Using a linear SMT query and a templates of degree > 0, hence this method is incomplete.
[2019-05-02 20:08:06,148 INFO  L339   nArgumentSynthesizer]: Template has degree 1.
[2019-05-02 20:08:06,148 INFO  L352   nArgumentSynthesizer]: There is no stem transition; disabling supporting invariant generation.
[2019-05-02 20:08:06,148 INFO  L205   nArgumentSynthesizer]: 1 stem disjuncts
[2019-05-02 20:08:06,148 INFO  L206   nArgumentSynthesizer]: 2 loop disjuncts
[2019-05-02 20:08:06,148 INFO  L207   nArgumentSynthesizer]: 3 template conjuncts.
[2019-05-02 20:08:06,151 INFO  L402   nArgumentSynthesizer]: We have 6 Motzkin's Theorem applications.
[2019-05-02 20:08:06,151 INFO  L403   nArgumentSynthesizer]: A total of 0 supporting invariants were added.
[2019-05-02 20:08:06,155 INFO  L530          LassoAnalysis]: Proving termination failed for this template and these settings.
[2019-05-02 20:08:06,170 INFO  L497          LassoAnalysis]: Using template 'lex(affine, affine)'.
No working directory specified, using /home/xuechao/xuechao/work/Lab/Termination/Lasso-Ranker/z3
Starting monitored process 9 with z3 -smt2 -in SMTLIB2_COMPLIANT=true (exit command is (exit), workingDir is null)
Waiting until toolchain timeout for monitored process 9 with z3 -smt2 -in SMTLIB2_COMPLIANT=true
[2019-05-02 20:08:06,172 INFO  L122   nArgumentSynthesizer]: Termination Analysis Settings:
Termination analysis: LINEAR_WITH_GUESSES
Number of strict supporting invariants: 1
Number of non-strict supporting invariants: 0
Consider only non-deceasing supporting invariants: true
Simplify termination arguments: true
Simplify supporting invariants: trueOverapproximate stem: false
[2019-05-02 20:08:06,174 WARN  L334   nArgumentSynthesizer]: Using a linear SMT query and a templates of degree > 0, hence this method is incomplete.
[2019-05-02 20:08:06,174 INFO  L339   nArgumentSynthesizer]: Template has degree 5.
[2019-05-02 20:08:06,174 INFO  L352   nArgumentSynthesizer]: There is no stem transition; disabling supporting invariant generation.
[2019-05-02 20:08:06,174 INFO  L205   nArgumentSynthesizer]: 1 stem disjuncts
[2019-05-02 20:08:06,174 INFO  L206   nArgumentSynthesizer]: 2 loop disjuncts
[2019-05-02 20:08:06,174 INFO  L207   nArgumentSynthesizer]: 4 template conjuncts.
[2019-05-02 20:08:06,177 INFO  L402   nArgumentSynthesizer]: We have 8 Motzkin's Theorem applications.
[2019-05-02 20:08:06,177 INFO  L403   nArgumentSynthesizer]: A total of 0 supporting invariants were added.
[2019-05-02 20:08:06,182 INFO  L530          LassoAnalysis]: Proving termination failed for this template and these settings.
[2019-05-02 20:08:06,196 INFO  L497          LassoAnalysis]: Using template '2-piece'.
No working directory specified, using /home/xuechao/xuechao/work/Lab/Termination/Lasso-Ranker/z3
Starting monitored process 10 with z3 -smt2 -in SMTLIB2_COMPLIANT=true (exit command is (exit), workingDir is null)
Waiting until toolchain timeout for monitored process 10 with z3 -smt2 -in SMTLIB2_COMPLIANT=true
[2019-05-02 20:08:06,197 INFO  L122   nArgumentSynthesizer]: Termination Analysis Settings:
Termination analysis: LINEAR_WITH_GUESSES
Number of strict supporting invariants: 1
Number of non-strict supporting invariants: 0
Consider only non-deceasing supporting invariants: true
Simplify termination arguments: true
Simplify supporting invariants: trueOverapproximate stem: false
[2019-05-02 20:08:06,199 WARN  L334   nArgumentSynthesizer]: Using a linear SMT query and a templates of degree > 0, hence this method is incomplete.
[2019-05-02 20:08:06,199 INFO  L339   nArgumentSynthesizer]: Template has degree 7.
[2019-05-02 20:08:06,199 INFO  L352   nArgumentSynthesizer]: There is no stem transition; disabling supporting invariant generation.
[2019-05-02 20:08:06,199 INFO  L205   nArgumentSynthesizer]: 1 stem disjuncts
[2019-05-02 20:08:06,199 INFO  L206   nArgumentSynthesizer]: 2 loop disjuncts
[2019-05-02 20:08:06,199 INFO  L207   nArgumentSynthesizer]: 7 template conjuncts.
[2019-05-02 20:08:06,215 INFO  L402   nArgumentSynthesizer]: We have 14 Motzkin's Theorem applications.
[2019-05-02 20:08:06,215 INFO  L403   nArgumentSynthesizer]: A total of 0 supporting invariants were added.
[2019-05-02 20:08:06,244 INFO  L530          LassoAnalysis]: Proving termination failed for this template and these settings.
[2019-05-02 20:08:06,258 INFO  L497          LassoAnalysis]: Using template '2-parallel'.
No working directory specified, using /home/xuechao/xuechao/work/Lab/Termination/Lasso-Ranker/z3
Starting monitored process 11 with z3 -smt2 -in SMTLIB2_COMPLIANT=true (exit command is (exit), workingDir is null)
Waiting until toolchain timeout for monitored process 11 with z3 -smt2 -in SMTLIB2_COMPLIANT=true
[2019-05-02 20:08:06,260 INFO  L122   nArgumentSynthesizer]: Termination Analysis Settings:
Termination analysis: LINEAR_WITH_GUESSES
Number of strict supporting invariants: 1
Number of non-strict supporting invariants: 0
Consider only non-deceasing supporting invariants: true
Simplify termination arguments: true
Simplify supporting invariants: trueOverapproximate stem: false
[2019-05-02 20:08:06,261 WARN  L334   nArgumentSynthesizer]: Using a linear SMT query and a templates of degree > 0, hence this method is incomplete.
[2019-05-02 20:08:06,262 INFO  L339   nArgumentSynthesizer]: Template has degree 4.
[2019-05-02 20:08:06,262 INFO  L352   nArgumentSynthesizer]: There is no stem transition; disabling supporting invariant generation.
[2019-05-02 20:08:06,262 INFO  L205   nArgumentSynthesizer]: 1 stem disjuncts
[2019-05-02 20:08:06,262 INFO  L206   nArgumentSynthesizer]: 2 loop disjuncts
[2019-05-02 20:08:06,262 INFO  L207   nArgumentSynthesizer]: 6 template conjuncts.
[2019-05-02 20:08:06,267 INFO  L402   nArgumentSynthesizer]: We have 12 Motzkin's Theorem applications.
[2019-05-02 20:08:06,268 INFO  L403   nArgumentSynthesizer]: A total of 0 supporting invariants were added.
[2019-05-02 20:08:06,274 INFO  L530          LassoAnalysis]: Proving termination failed for this template and these settings.
[2019-05-02 20:08:06,289 INFO  L489     LassoRankerStarter]: LassoRanker could not prove termination or nontermination of the given linear lasso program.
Templates: AffineTemplate NestedTemplate NestedTemplate NestedTemplate MultiphaseTemplate ComposedLexicographicTemplate PiecewiseTemplate ParallelTemplate
[2019-05-02 20:08:06,289 INFO  L132        PluginConnector]: ------------------------ END LassoRanker----------------------------
[2019-05-02 20:08:06,290 INFO  L168              Benchmark]: Toolchain (without parser) took 954.20 ms. Allocated memory is still 514.9 MB. Free memory was 477.8 MB in the beginning and 381.7 MB in the end (delta: 96.1 MB). Peak memory consumption was 96.1 MB. Max. memory is 11.5 GB.
[2019-05-02 20:08:06,291 INFO  L168              Benchmark]: Boogie PL CUP Parser took 0.11 ms. Allocated memory is still 514.9 MB. Free memory is still 479.3 MB. There was no memory consumed. Max. memory is 11.5 GB.
[2019-05-02 20:08:06,291 INFO  L168              Benchmark]: Boogie Preprocessor took 28.74 ms. Allocated memory is still 514.9 MB. Free memory was 477.8 MB in the beginning and 475.1 MB in the end (delta: 2.7 MB). Peak memory consumption was 2.7 MB. Max. memory is 11.5 GB.
[2019-05-02 20:08:06,292 INFO  L168              Benchmark]: RCFGBuilder took 174.08 ms. Allocated memory is still 514.9 MB. Free memory was 475.1 MB in the beginning and 466.0 MB in the end (delta: 9.1 MB). Peak memory consumption was 9.1 MB. Max. memory is 11.5 GB.
[2019-05-02 20:08:06,293 INFO  L168              Benchmark]: LassoRanker took 749.17 ms. Allocated memory is still 514.9 MB. Free memory was 466.0 MB in the beginning and 381.7 MB in the end (delta: 84.4 MB). Peak memory consumption was 84.4 MB. Max. memory is 11.5 GB.
[2019-05-02 20:08:06,295 INFO  L336   ainManager$Toolchain]: #######################  End [Toolchain 1] #######################
 --- Results ---
 * Results from de.uni_freiburg.informatik.ultimate.core:
  - StatisticsResult: Toolchain Benchmarks
    Benchmark results are:
 * Boogie PL CUP Parser took 0.11 ms. Allocated memory is still 514.9 MB. Free memory is still 479.3 MB. There was no memory consumed. Max. memory is 11.5 GB.
 * Boogie Preprocessor took 28.74 ms. Allocated memory is still 514.9 MB. Free memory was 477.8 MB in the beginning and 475.1 MB in the end (delta: 2.7 MB). Peak memory consumption was 2.7 MB. Max. memory is 11.5 GB.
 * RCFGBuilder took 174.08 ms. Allocated memory is still 514.9 MB. Free memory was 475.1 MB in the beginning and 466.0 MB in the end (delta: 9.1 MB). Peak memory consumption was 9.1 MB. Max. memory is 11.5 GB.
 * LassoRanker took 749.17 ms. Allocated memory is still 514.9 MB. Free memory was 466.0 MB in the beginning and 381.7 MB in the end (delta: 84.4 MB). Peak memory consumption was 84.4 MB. Max. memory is 11.5 GB.
 * Results from de.uni_freiburg.informatik.ultimate.plugins.analysis.lassoranker:
  - NoResult [Line: 2]: LassoRanker could not prove termination
    LassoRanker could not prove termination or nontermination of the given linear lasso program.
Templates: AffineTemplate NestedTemplate NestedTemplate NestedTemplate MultiphaseTemplate ComposedLexicographicTemplate PiecewiseTemplate ParallelTemplate
RESULT: Ultimate could not prove your program: Toolchain returned no result.
Received shutdown request...
