This is Ultimate 0.1.24-16d85fa
[2019-05-02 20:08:07,790 INFO  L170        SettingsManager]: Resetting all preferences to default values...
[2019-05-02 20:08:07,791 INFO  L174        SettingsManager]: Resetting UltimateCore preferences to default values
[2019-05-02 20:08:07,801 INFO  L177        SettingsManager]: Ultimate Commandline Interface provides no preferences, ignoring...
[2019-05-02 20:08:07,801 INFO  L174        SettingsManager]: Resetting Boogie Preprocessor preferences to default values
[2019-05-02 20:08:07,802 INFO  L174        SettingsManager]: Resetting Boogie Procedure Inliner preferences to default values
[2019-05-02 20:08:07,803 INFO  L174        SettingsManager]: Resetting Abstract Interpretation preferences to default values
[2019-05-02 20:08:07,804 INFO  L174        SettingsManager]: Resetting LassoRanker preferences to default values
[2019-05-02 20:08:07,805 INFO  L174        SettingsManager]: Resetting Reaching Definitions preferences to default values
[2019-05-02 20:08:07,806 INFO  L174        SettingsManager]: Resetting SyntaxChecker preferences to default values
[2019-05-02 20:08:07,807 INFO  L177        SettingsManager]: Büchi Program Product provides no preferences, ignoring...
[2019-05-02 20:08:07,807 INFO  L174        SettingsManager]: Resetting LTL2Aut preferences to default values
[2019-05-02 20:08:07,807 INFO  L174        SettingsManager]: Resetting PEA to Boogie preferences to default values
[2019-05-02 20:08:07,808 INFO  L174        SettingsManager]: Resetting BlockEncodingV2 preferences to default values
[2019-05-02 20:08:07,809 INFO  L174        SettingsManager]: Resetting ChcToBoogie preferences to default values
[2019-05-02 20:08:07,809 INFO  L174        SettingsManager]: Resetting AutomataScriptInterpreter preferences to default values
[2019-05-02 20:08:07,810 INFO  L174        SettingsManager]: Resetting BuchiAutomizer preferences to default values
[2019-05-02 20:08:07,811 INFO  L174        SettingsManager]: Resetting CACSL2BoogieTranslator preferences to default values
[2019-05-02 20:08:07,812 INFO  L174        SettingsManager]: Resetting CodeCheck preferences to default values
[2019-05-02 20:08:07,813 INFO  L174        SettingsManager]: Resetting InvariantSynthesis preferences to default values
[2019-05-02 20:08:07,814 INFO  L174        SettingsManager]: Resetting RCFGBuilder preferences to default values
[2019-05-02 20:08:07,815 INFO  L174        SettingsManager]: Resetting TraceAbstraction preferences to default values
[2019-05-02 20:08:07,817 INFO  L177        SettingsManager]: TraceAbstractionConcurrent provides no preferences, ignoring...
[2019-05-02 20:08:07,817 INFO  L177        SettingsManager]: TraceAbstractionWithAFAs provides no preferences, ignoring...
[2019-05-02 20:08:07,817 INFO  L174        SettingsManager]: Resetting TreeAutomizer preferences to default values
[2019-05-02 20:08:07,817 INFO  L174        SettingsManager]: Resetting IcfgTransformer preferences to default values
[2019-05-02 20:08:07,818 INFO  L174        SettingsManager]: Resetting Boogie Printer preferences to default values
[2019-05-02 20:08:07,819 INFO  L174        SettingsManager]: Resetting ReqPrinter preferences to default values
[2019-05-02 20:08:07,819 INFO  L174        SettingsManager]: Resetting Witness Printer preferences to default values
[2019-05-02 20:08:07,820 INFO  L177        SettingsManager]: Boogie PL CUP Parser provides no preferences, ignoring...
[2019-05-02 20:08:07,820 INFO  L174        SettingsManager]: Resetting CDTParser preferences to default values
[2019-05-02 20:08:07,820 INFO  L177        SettingsManager]: AutomataScriptParser provides no preferences, ignoring...
[2019-05-02 20:08:07,820 INFO  L177        SettingsManager]: ReqParser provides no preferences, ignoring...
[2019-05-02 20:08:07,820 INFO  L174        SettingsManager]: Resetting SmtParser preferences to default values
[2019-05-02 20:08:07,821 INFO  L174        SettingsManager]: Resetting Witness Parser preferences to default values
[2019-05-02 20:08:07,821 INFO  L181        SettingsManager]: Finished resetting all preferences to default values...
[2019-05-02 20:08:07,838 INFO  L81    nceAwareModelManager]: Repository-Root is: /tmp
[2019-05-02 20:08:07,846 INFO  L258   ainManager$Toolchain]: [Toolchain 1]: Applicable parser(s) successfully (re)initialized
[2019-05-02 20:08:07,848 INFO  L214   ainManager$Toolchain]: [Toolchain 1]: Toolchain selected.
[2019-05-02 20:08:07,849 INFO  L271        PluginConnector]: Initializing Boogie PL CUP Parser...
[2019-05-02 20:08:07,850 INFO  L276        PluginConnector]: Boogie PL CUP Parser initialized
[2019-05-02 20:08:07,850 INFO  L418   ainManager$Toolchain]: [Toolchain 1]: Parsing single file: /home/xuechao/xuechao/work/Lab/Termination/Lasso-Ranker/Program_non/170.bpl
[2019-05-02 20:08:07,851 INFO  L111           BoogieParser]: Parsing: '/home/xuechao/xuechao/work/Lab/Termination/Lasso-Ranker/Program_non/170.bpl'
[2019-05-02 20:08:07,871 INFO  L296   ainManager$Toolchain]: ####################### [Toolchain 1] #######################
[2019-05-02 20:08:07,873 INFO  L131        ToolchainWalker]: Walking toolchain with 3 elements.
[2019-05-02 20:08:07,873 INFO  L113        PluginConnector]: ------------------------Boogie Preprocessor----------------------------
[2019-05-02 20:08:07,873 INFO  L271        PluginConnector]: Initializing Boogie Preprocessor...
[2019-05-02 20:08:07,873 INFO  L276        PluginConnector]: Boogie Preprocessor initialized
[2019-05-02 20:08:07,889 INFO  L185        PluginConnector]: Executing the observer EnsureBoogieModelObserver from plugin Boogie Preprocessor for "170.bpl de.uni_freiburg.informatik.ultimate.boogie.parser AST 02.05 08:08:07" (1/1) ...
[2019-05-02 20:08:07,890 INFO  L185        PluginConnector]: Executing the observer TypeChecker from plugin Boogie Preprocessor for "170.bpl de.uni_freiburg.informatik.ultimate.boogie.parser AST 02.05 08:08:07" (1/1) ...
[2019-05-02 20:08:07,895 INFO  L185        PluginConnector]: Executing the observer ConstExpander from plugin Boogie Preprocessor for "170.bpl de.uni_freiburg.informatik.ultimate.boogie.parser AST 02.05 08:08:07" (1/1) ...
[2019-05-02 20:08:07,895 INFO  L185        PluginConnector]: Executing the observer StructExpander from plugin Boogie Preprocessor for "170.bpl de.uni_freiburg.informatik.ultimate.boogie.parser AST 02.05 08:08:07" (1/1) ...
[2019-05-02 20:08:07,897 INFO  L185        PluginConnector]: Executing the observer UnstructureCode from plugin Boogie Preprocessor for "170.bpl de.uni_freiburg.informatik.ultimate.boogie.parser AST 02.05 08:08:07" (1/1) ...
[2019-05-02 20:08:07,899 INFO  L185        PluginConnector]: Executing the observer FunctionInliner from plugin Boogie Preprocessor for "170.bpl de.uni_freiburg.informatik.ultimate.boogie.parser AST 02.05 08:08:07" (1/1) ...
[2019-05-02 20:08:07,900 INFO  L185        PluginConnector]: Executing the observer BoogieSymbolTableConstructor from plugin Boogie Preprocessor for "170.bpl de.uni_freiburg.informatik.ultimate.boogie.parser AST 02.05 08:08:07" (1/1) ...
[2019-05-02 20:08:07,901 INFO  L132        PluginConnector]: ------------------------ END Boogie Preprocessor----------------------------
[2019-05-02 20:08:07,901 INFO  L113        PluginConnector]: ------------------------RCFGBuilder----------------------------
[2019-05-02 20:08:07,901 INFO  L271        PluginConnector]: Initializing RCFGBuilder...
[2019-05-02 20:08:07,902 INFO  L276        PluginConnector]: RCFGBuilder initialized
[2019-05-02 20:08:07,902 INFO  L185        PluginConnector]: Executing the observer RCFGBuilderObserver from plugin RCFGBuilder for "170.bpl de.uni_freiburg.informatik.ultimate.boogie.parser AST 02.05 08:08:07" (1/1) ...
No working directory specified, using /home/xuechao/xuechao/work/Lab/Termination/Lasso-Ranker/z3
Starting monitored process 1 with z3 SMTLIB2_COMPLIANT=true -memory:1024 -smt2 -in -t:12000 (exit command is (exit), workingDir is null)
Waiting until toolchain timeout for monitored process 1 with z3 SMTLIB2_COMPLIANT=true -memory:1024 -smt2 -in -t:12000
[2019-05-02 20:08:07,943 INFO  L124     BoogieDeclarations]: Specification and implementation of procedure main given in one single declaration
[2019-05-02 20:08:07,943 INFO  L130     BoogieDeclarations]: Found specification of procedure main
[2019-05-02 20:08:07,943 INFO  L138     BoogieDeclarations]: Found implementation of procedure main
[2019-05-02 20:08:08,027 INFO  L278             CfgBuilder]: Using library mode
[2019-05-02 20:08:08,027 INFO  L286             CfgBuilder]: Removed 0 assue(true) statements.
[2019-05-02 20:08:08,028 INFO  L202        PluginConnector]: Adding new model 170.bpl de.uni_freiburg.informatik.ultimate.plugins.generator.rcfgbuilder CFG 02.05 08:08:08 BoogieIcfgContainer
[2019-05-02 20:08:08,029 INFO  L132        PluginConnector]: ------------------------ END RCFGBuilder----------------------------
[2019-05-02 20:08:08,029 INFO  L113        PluginConnector]: ------------------------LassoRanker----------------------------
[2019-05-02 20:08:08,029 INFO  L271        PluginConnector]: Initializing LassoRanker...
[2019-05-02 20:08:08,029 INFO  L276        PluginConnector]: LassoRanker initialized
[2019-05-02 20:08:08,030 INFO  L185        PluginConnector]: Executing the observer LassoRankerObserver from plugin LassoRanker for "170.bpl de.uni_freiburg.informatik.ultimate.plugins.generator.rcfgbuilder CFG 02.05 08:08:08" (1/1) ...
[2019-05-02 20:08:08,051 INFO  L72            BuchiIsEmpty]: Start buchiIsEmpty. Operand 2 states.
[2019-05-02 20:08:08,067 INFO  L131   ngComponentsAnalysis]: Automaton has 1 accepting balls. 1
[2019-05-02 20:08:08,067 INFO  L87            BuchiIsEmpty]: Finished buchiIsEmpty Result is false
[2019-05-02 20:08:08,068 INFO  L119           BuchiIsEmpty]: Starting construction of run
[2019-05-02 20:08:08,073 INFO  L104     BuchiDifferenceFKV]: Start buchiDifferenceFKV. First operand 2 states. Second operand 1 states.
[2019-05-02 20:08:08,082 INFO  L108     BuchiDifferenceFKV]: Finished buchiDifferenceFKV. First operand 2 states. Second operand 1 states. Result 3 states and 4 transitions. Complement of second has 2 states 2 powerset states0 rank states. The highest rank that occured is -1
[2019-05-02 20:08:08,082 INFO  L72            BuchiIsEmpty]: Start buchiIsEmpty. Operand 3 states and 4 transitions.
[2019-05-02 20:08:08,082 INFO  L131   ngComponentsAnalysis]: Automaton has 0 accepting balls. 0
[2019-05-02 20:08:08,082 INFO  L87            BuchiIsEmpty]: Finished buchiIsEmpty Result is true
[2019-05-02 20:08:08,123 INFO  L216          LassoAnalysis]: Preferences:
[2019-05-02 20:08:08,124 INFO  L124   ssoRankerPreferences]: Compute integeral hull: false
[2019-05-02 20:08:08,124 INFO  L125   ssoRankerPreferences]: Enable LassoPartitioneer: true
[2019-05-02 20:08:08,124 INFO  L126   ssoRankerPreferences]: Term annotations enabled: false
[2019-05-02 20:08:08,124 INFO  L127   ssoRankerPreferences]: Use exernal solver: true
[2019-05-02 20:08:08,124 INFO  L128   ssoRankerPreferences]: SMT solver command: z3 -smt2 -in SMTLIB2_COMPLIANT=true
[2019-05-02 20:08:08,124 INFO  L129   ssoRankerPreferences]: Dump SMT script to file: false
[2019-05-02 20:08:08,124 INFO  L130   ssoRankerPreferences]: Path of dumped script: .
[2019-05-02 20:08:08,125 INFO  L131   ssoRankerPreferences]: Filename of dumped script: LassoRankerScript
[2019-05-02 20:08:08,125 INFO  L132   ssoRankerPreferences]: MapElimAlgo: Frank
[2019-05-02 20:08:08,125 INFO  L282          LassoAnalysis]: Starting lasso preprocessing...
[2019-05-02 20:08:08,141 INFO  L141          MapEliminator]: Using MapEliminator with SimplificationTechnique=SIMPLIFY_DDA XnfConversionTechnique=BOTTOM_UP_WITH_LOCAL_SIMPLIFICATION AddInequalities=false OnlyTrivialImplicationsArrayWrite=false OnlyTrivialImplicationsForModifiedArguments=true OnlyArgumentsInFormula=true
[2019-05-02 20:08:08,227 INFO  L300          LassoAnalysis]: Preprocessing complete.
[2019-05-02 20:08:08,227 INFO  L412          LassoAnalysis]: Checking for nontermination...
No working directory specified, using /home/xuechao/xuechao/work/Lab/Termination/Lasso-Ranker/z3
Starting monitored process 2 with z3 -smt2 -in SMTLIB2_COMPLIANT=true (exit command is (exit), workingDir is null)
Waiting until toolchain timeout for monitored process 2 with z3 -smt2 -in SMTLIB2_COMPLIANT=true
[2019-05-02 20:08:08,239 INFO  L151   nArgumentSynthesizer]: Nontermination analysis: LINEAR_WITH_GUESSES Allow bounded executions: true Number of generalized eigenvectors: 0 Nilpotent components: true
No working directory specified, using /home/xuechao/xuechao/work/Lab/Termination/Lasso-Ranker/z3
Starting monitored process 3 with z3 -smt2 -in SMTLIB2_COMPLIANT=true (exit command is (exit), workingDir is null)
Waiting until toolchain timeout for monitored process 3 with z3 -smt2 -in SMTLIB2_COMPLIANT=true
[2019-05-02 20:08:08,261 INFO  L151   nArgumentSynthesizer]: Nontermination analysis: LINEAR_WITH_GUESSES Allow bounded executions: true Number of generalized eigenvectors: 3 Nilpotent components: true
[2019-05-02 20:08:08,274 INFO  L452          LassoAnalysis]: Proving nontermination failed: No geometric nontermination argument exists.
[2019-05-02 20:08:08,289 INFO  L216          LassoAnalysis]: Preferences:
[2019-05-02 20:08:08,289 INFO  L124   ssoRankerPreferences]: Compute integeral hull: false
[2019-05-02 20:08:08,289 INFO  L125   ssoRankerPreferences]: Enable LassoPartitioneer: true
[2019-05-02 20:08:08,289 INFO  L126   ssoRankerPreferences]: Term annotations enabled: false
[2019-05-02 20:08:08,289 INFO  L127   ssoRankerPreferences]: Use exernal solver: true
[2019-05-02 20:08:08,289 INFO  L128   ssoRankerPreferences]: SMT solver command: z3 -smt2 -in SMTLIB2_COMPLIANT=true
[2019-05-02 20:08:08,289 INFO  L129   ssoRankerPreferences]: Dump SMT script to file: false
[2019-05-02 20:08:08,289 INFO  L130   ssoRankerPreferences]: Path of dumped script: .
[2019-05-02 20:08:08,289 INFO  L131   ssoRankerPreferences]: Filename of dumped script: LassoRankerScript
[2019-05-02 20:08:08,290 INFO  L132   ssoRankerPreferences]: MapElimAlgo: Frank
[2019-05-02 20:08:08,290 INFO  L282          LassoAnalysis]: Starting lasso preprocessing...
[2019-05-02 20:08:08,291 INFO  L141          MapEliminator]: Using MapEliminator with SimplificationTechnique=SIMPLIFY_DDA XnfConversionTechnique=BOTTOM_UP_WITH_LOCAL_SIMPLIFICATION AddInequalities=false OnlyTrivialImplicationsArrayWrite=false OnlyTrivialImplicationsForModifiedArguments=true OnlyArgumentsInFormula=true
[2019-05-02 20:08:08,374 INFO  L300          LassoAnalysis]: Preprocessing complete.
[2019-05-02 20:08:08,378 INFO  L497          LassoAnalysis]: Using template 'affine'.
No working directory specified, using /home/xuechao/xuechao/work/Lab/Termination/Lasso-Ranker/z3
Starting monitored process 4 with z3 -smt2 -in SMTLIB2_COMPLIANT=true (exit command is (exit), workingDir is null)
Waiting until toolchain timeout for monitored process 4 with z3 -smt2 -in SMTLIB2_COMPLIANT=true
[2019-05-02 20:08:08,383 INFO  L122   nArgumentSynthesizer]: Termination Analysis Settings:
Termination analysis: LINEAR_WITH_GUESSES
Number of strict supporting invariants: 1
Number of non-strict supporting invariants: 0
Consider only non-deceasing supporting invariants: true
Simplify termination arguments: true
Simplify supporting invariants: trueOverapproximate stem: false
[2019-05-02 20:08:08,385 INFO  L339   nArgumentSynthesizer]: Template has degree 0.
[2019-05-02 20:08:08,385 INFO  L352   nArgumentSynthesizer]: There is no stem transition; disabling supporting invariant generation.
[2019-05-02 20:08:08,386 INFO  L205   nArgumentSynthesizer]: 1 stem disjuncts
[2019-05-02 20:08:08,386 INFO  L206   nArgumentSynthesizer]: 1 loop disjuncts
[2019-05-02 20:08:08,386 INFO  L207   nArgumentSynthesizer]: 2 template conjuncts.
[2019-05-02 20:08:08,389 INFO  L402   nArgumentSynthesizer]: We have 2 Motzkin's Theorem applications.
[2019-05-02 20:08:08,389 INFO  L403   nArgumentSynthesizer]: A total of 0 supporting invariants were added.
[2019-05-02 20:08:08,391 INFO  L530          LassoAnalysis]: Proving termination failed for this template and these settings.
[2019-05-02 20:08:08,405 INFO  L497          LassoAnalysis]: Using template '2-nested'.
No working directory specified, using /home/xuechao/xuechao/work/Lab/Termination/Lasso-Ranker/z3
Starting monitored process 5 with z3 -smt2 -in SMTLIB2_COMPLIANT=true (exit command is (exit), workingDir is null)
Waiting until toolchain timeout for monitored process 5 with z3 -smt2 -in SMTLIB2_COMPLIANT=true
[2019-05-02 20:08:08,407 INFO  L122   nArgumentSynthesizer]: Termination Analysis Settings:
Termination analysis: LINEAR_WITH_GUESSES
Number of strict supporting invariants: 1
Number of non-strict supporting invariants: 0
Consider only non-deceasing supporting invariants: true
Simplify termination arguments: true
Simplify supporting invariants: trueOverapproximate stem: false
[2019-05-02 20:08:08,409 INFO  L339   nArgumentSynthesizer]: Template has degree 0.
[2019-05-02 20:08:08,409 INFO  L352   nArgumentSynthesizer]: There is no stem transition; disabling supporting invariant generation.
[2019-05-02 20:08:08,409 INFO  L205   nArgumentSynthesizer]: 1 stem disjuncts
[2019-05-02 20:08:08,409 INFO  L206   nArgumentSynthesizer]: 1 loop disjuncts
[2019-05-02 20:08:08,409 INFO  L207   nArgumentSynthesizer]: 3 template conjuncts.
[2019-05-02 20:08:08,413 INFO  L402   nArgumentSynthesizer]: We have 3 Motzkin's Theorem applications.
[2019-05-02 20:08:08,413 INFO  L403   nArgumentSynthesizer]: A total of 0 supporting invariants were added.
[2019-05-02 20:08:08,415 INFO  L530          LassoAnalysis]: Proving termination failed for this template and these settings.
[2019-05-02 20:08:08,429 INFO  L497          LassoAnalysis]: Using template '3-nested'.
No working directory specified, using /home/xuechao/xuechao/work/Lab/Termination/Lasso-Ranker/z3
Starting monitored process 6 with z3 -smt2 -in SMTLIB2_COMPLIANT=true (exit command is (exit), workingDir is null)
Waiting until toolchain timeout for monitored process 6 with z3 -smt2 -in SMTLIB2_COMPLIANT=true
[2019-05-02 20:08:08,431 INFO  L122   nArgumentSynthesizer]: Termination Analysis Settings:
Termination analysis: LINEAR_WITH_GUESSES
Number of strict supporting invariants: 1
Number of non-strict supporting invariants: 0
Consider only non-deceasing supporting invariants: true
Simplify termination arguments: true
Simplify supporting invariants: trueOverapproximate stem: false
[2019-05-02 20:08:08,433 INFO  L339   nArgumentSynthesizer]: Template has degree 0.
[2019-05-02 20:08:08,433 INFO  L352   nArgumentSynthesizer]: There is no stem transition; disabling supporting invariant generation.
[2019-05-02 20:08:08,433 INFO  L205   nArgumentSynthesizer]: 1 stem disjuncts
[2019-05-02 20:08:08,433 INFO  L206   nArgumentSynthesizer]: 1 loop disjuncts
[2019-05-02 20:08:08,433 INFO  L207   nArgumentSynthesizer]: 4 template conjuncts.
[2019-05-02 20:08:08,436 INFO  L402   nArgumentSynthesizer]: We have 4 Motzkin's Theorem applications.
[2019-05-02 20:08:08,436 INFO  L403   nArgumentSynthesizer]: A total of 0 supporting invariants were added.
[2019-05-02 20:08:08,445 INFO  L530          LassoAnalysis]: Proving termination failed for this template and these settings.
[2019-05-02 20:08:08,459 INFO  L497          LassoAnalysis]: Using template '4-nested'.
No working directory specified, using /home/xuechao/xuechao/work/Lab/Termination/Lasso-Ranker/z3
Starting monitored process 7 with z3 -smt2 -in SMTLIB2_COMPLIANT=true (exit command is (exit), workingDir is null)
Waiting until toolchain timeout for monitored process 7 with z3 -smt2 -in SMTLIB2_COMPLIANT=true
[2019-05-02 20:08:08,462 INFO  L122   nArgumentSynthesizer]: Termination Analysis Settings:
Termination analysis: LINEAR_WITH_GUESSES
Number of strict supporting invariants: 1
Number of non-strict supporting invariants: 0
Consider only non-deceasing supporting invariants: true
Simplify termination arguments: true
Simplify supporting invariants: trueOverapproximate stem: false
[2019-05-02 20:08:08,464 INFO  L339   nArgumentSynthesizer]: Template has degree 0.
[2019-05-02 20:08:08,464 INFO  L352   nArgumentSynthesizer]: There is no stem transition; disabling supporting invariant generation.
[2019-05-02 20:08:08,464 INFO  L205   nArgumentSynthesizer]: 1 stem disjuncts
[2019-05-02 20:08:08,464 INFO  L206   nArgumentSynthesizer]: 1 loop disjuncts
[2019-05-02 20:08:08,464 INFO  L207   nArgumentSynthesizer]: 5 template conjuncts.
[2019-05-02 20:08:08,467 INFO  L402   nArgumentSynthesizer]: We have 5 Motzkin's Theorem applications.
[2019-05-02 20:08:08,467 INFO  L403   nArgumentSynthesizer]: A total of 0 supporting invariants were added.
[2019-05-02 20:08:08,470 INFO  L530          LassoAnalysis]: Proving termination failed for this template and these settings.
[2019-05-02 20:08:08,484 INFO  L497          LassoAnalysis]: Using template '2-phase'.
No working directory specified, using /home/xuechao/xuechao/work/Lab/Termination/Lasso-Ranker/z3
Starting monitored process 8 with z3 -smt2 -in SMTLIB2_COMPLIANT=true (exit command is (exit), workingDir is null)
Waiting until toolchain timeout for monitored process 8 with z3 -smt2 -in SMTLIB2_COMPLIANT=true
[2019-05-02 20:08:08,486 INFO  L122   nArgumentSynthesizer]: Termination Analysis Settings:
Termination analysis: LINEAR_WITH_GUESSES
Number of strict supporting invariants: 1
Number of non-strict supporting invariants: 0
Consider only non-deceasing supporting invariants: true
Simplify termination arguments: true
Simplify supporting invariants: trueOverapproximate stem: false
[2019-05-02 20:08:08,487 WARN  L334   nArgumentSynthesizer]: Using a linear SMT query and a templates of degree > 0, hence this method is incomplete.
[2019-05-02 20:08:08,488 INFO  L339   nArgumentSynthesizer]: Template has degree 1.
[2019-05-02 20:08:08,488 INFO  L352   nArgumentSynthesizer]: There is no stem transition; disabling supporting invariant generation.
[2019-05-02 20:08:08,488 INFO  L205   nArgumentSynthesizer]: 1 stem disjuncts
[2019-05-02 20:08:08,488 INFO  L206   nArgumentSynthesizer]: 1 loop disjuncts
[2019-05-02 20:08:08,488 INFO  L207   nArgumentSynthesizer]: 3 template conjuncts.
[2019-05-02 20:08:08,493 INFO  L402   nArgumentSynthesizer]: We have 3 Motzkin's Theorem applications.
[2019-05-02 20:08:08,493 INFO  L403   nArgumentSynthesizer]: A total of 0 supporting invariants were added.
[2019-05-02 20:08:08,543 INFO  L530          LassoAnalysis]: Proving termination failed for this template and these settings.
[2019-05-02 20:08:08,558 INFO  L497          LassoAnalysis]: Using template 'lex(affine, affine)'.
No working directory specified, using /home/xuechao/xuechao/work/Lab/Termination/Lasso-Ranker/z3
Starting monitored process 9 with z3 -smt2 -in SMTLIB2_COMPLIANT=true (exit command is (exit), workingDir is null)
Waiting until toolchain timeout for monitored process 9 with z3 -smt2 -in SMTLIB2_COMPLIANT=true
[2019-05-02 20:08:08,563 INFO  L122   nArgumentSynthesizer]: Termination Analysis Settings:
Termination analysis: LINEAR_WITH_GUESSES
Number of strict supporting invariants: 1
Number of non-strict supporting invariants: 0
Consider only non-deceasing supporting invariants: true
Simplify termination arguments: true
Simplify supporting invariants: trueOverapproximate stem: false
[2019-05-02 20:08:08,567 WARN  L334   nArgumentSynthesizer]: Using a linear SMT query and a templates of degree > 0, hence this method is incomplete.
[2019-05-02 20:08:08,567 INFO  L339   nArgumentSynthesizer]: Template has degree 5.
[2019-05-02 20:08:08,567 INFO  L352   nArgumentSynthesizer]: There is no stem transition; disabling supporting invariant generation.
[2019-05-02 20:08:08,567 INFO  L205   nArgumentSynthesizer]: 1 stem disjuncts
[2019-05-02 20:08:08,567 INFO  L206   nArgumentSynthesizer]: 1 loop disjuncts
[2019-05-02 20:08:08,568 INFO  L207   nArgumentSynthesizer]: 4 template conjuncts.
[2019-05-02 20:08:08,574 INFO  L402   nArgumentSynthesizer]: We have 4 Motzkin's Theorem applications.
[2019-05-02 20:08:08,575 INFO  L403   nArgumentSynthesizer]: A total of 0 supporting invariants were added.
[2019-05-02 20:08:08,619 INFO  L530          LassoAnalysis]: Proving termination failed for this template and these settings.
[2019-05-02 20:08:08,632 INFO  L497          LassoAnalysis]: Using template '2-piece'.
No working directory specified, using /home/xuechao/xuechao/work/Lab/Termination/Lasso-Ranker/z3
Starting monitored process 10 with z3 -smt2 -in SMTLIB2_COMPLIANT=true (exit command is (exit), workingDir is null)
Waiting until toolchain timeout for monitored process 10 with z3 -smt2 -in SMTLIB2_COMPLIANT=true
[2019-05-02 20:08:08,634 INFO  L122   nArgumentSynthesizer]: Termination Analysis Settings:
Termination analysis: LINEAR_WITH_GUESSES
Number of strict supporting invariants: 1
Number of non-strict supporting invariants: 0
Consider only non-deceasing supporting invariants: true
Simplify termination arguments: true
Simplify supporting invariants: trueOverapproximate stem: false
[2019-05-02 20:08:08,637 WARN  L334   nArgumentSynthesizer]: Using a linear SMT query and a templates of degree > 0, hence this method is incomplete.
[2019-05-02 20:08:08,637 INFO  L339   nArgumentSynthesizer]: Template has degree 7.
[2019-05-02 20:08:08,637 INFO  L352   nArgumentSynthesizer]: There is no stem transition; disabling supporting invariant generation.
[2019-05-02 20:08:08,637 INFO  L205   nArgumentSynthesizer]: 1 stem disjuncts
[2019-05-02 20:08:08,637 INFO  L206   nArgumentSynthesizer]: 1 loop disjuncts
[2019-05-02 20:08:08,637 INFO  L207   nArgumentSynthesizer]: 7 template conjuncts.
[2019-05-02 20:08:08,660 INFO  L402   nArgumentSynthesizer]: We have 7 Motzkin's Theorem applications.
[2019-05-02 20:08:08,660 INFO  L403   nArgumentSynthesizer]: A total of 0 supporting invariants were added.
[2019-05-02 20:08:10,013 INFO  L530          LassoAnalysis]: Proving termination failed for this template and these settings.
[2019-05-02 20:08:10,026 INFO  L497          LassoAnalysis]: Using template '2-parallel'.
No working directory specified, using /home/xuechao/xuechao/work/Lab/Termination/Lasso-Ranker/z3
Starting monitored process 11 with z3 -smt2 -in SMTLIB2_COMPLIANT=true (exit command is (exit), workingDir is null)
Waiting until toolchain timeout for monitored process 11 with z3 -smt2 -in SMTLIB2_COMPLIANT=true
[2019-05-02 20:08:10,028 INFO  L122   nArgumentSynthesizer]: Termination Analysis Settings:
Termination analysis: LINEAR_WITH_GUESSES
Number of strict supporting invariants: 1
Number of non-strict supporting invariants: 0
Consider only non-deceasing supporting invariants: true
Simplify termination arguments: true
Simplify supporting invariants: trueOverapproximate stem: false
[2019-05-02 20:08:10,030 WARN  L334   nArgumentSynthesizer]: Using a linear SMT query and a templates of degree > 0, hence this method is incomplete.
[2019-05-02 20:08:10,030 INFO  L339   nArgumentSynthesizer]: Template has degree 4.
[2019-05-02 20:08:10,031 INFO  L352   nArgumentSynthesizer]: There is no stem transition; disabling supporting invariant generation.
[2019-05-02 20:08:10,031 INFO  L205   nArgumentSynthesizer]: 1 stem disjuncts
[2019-05-02 20:08:10,031 INFO  L206   nArgumentSynthesizer]: 1 loop disjuncts
[2019-05-02 20:08:10,031 INFO  L207   nArgumentSynthesizer]: 6 template conjuncts.
[2019-05-02 20:08:10,036 INFO  L402   nArgumentSynthesizer]: We have 6 Motzkin's Theorem applications.
[2019-05-02 20:08:10,036 INFO  L403   nArgumentSynthesizer]: A total of 0 supporting invariants were added.
[2019-05-02 20:08:10,099 INFO  L530          LassoAnalysis]: Proving termination failed for this template and these settings.
[2019-05-02 20:08:10,113 INFO  L489     LassoRankerStarter]: LassoRanker could not prove termination or nontermination of the given linear lasso program.
Templates: AffineTemplate NestedTemplate NestedTemplate NestedTemplate MultiphaseTemplate ComposedLexicographicTemplate PiecewiseTemplate ParallelTemplate
[2019-05-02 20:08:10,113 INFO  L132        PluginConnector]: ------------------------ END LassoRanker----------------------------
[2019-05-02 20:08:10,114 INFO  L168              Benchmark]: Toolchain (without parser) took 2241.99 ms. Allocated memory is still 514.9 MB. Free memory was 477.6 MB in the beginning and 388.8 MB in the end (delta: 88.8 MB). Peak memory consumption was 88.8 MB. Max. memory is 11.5 GB.
[2019-05-02 20:08:10,115 INFO  L168              Benchmark]: Boogie PL CUP Parser took 0.13 ms. Allocated memory is still 514.9 MB. Free memory is still 479.1 MB. There was no memory consumed. Max. memory is 11.5 GB.
[2019-05-02 20:08:10,116 INFO  L168              Benchmark]: Boogie Preprocessor took 28.03 ms. Allocated memory is still 514.9 MB. Free memory was 477.6 MB in the beginning and 475.0 MB in the end (delta: 2.7 MB). Peak memory consumption was 2.7 MB. Max. memory is 11.5 GB.
[2019-05-02 20:08:10,116 INFO  L168              Benchmark]: RCFGBuilder took 127.27 ms. Allocated memory is still 514.9 MB. Free memory was 475.0 MB in the beginning and 465.4 MB in the end (delta: 9.6 MB). Peak memory consumption was 9.6 MB. Max. memory is 11.5 GB.
[2019-05-02 20:08:10,117 INFO  L168              Benchmark]: LassoRanker took 2084.45 ms. Allocated memory is still 514.9 MB. Free memory was 465.4 MB in the beginning and 388.8 MB in the end (delta: 76.6 MB). Peak memory consumption was 76.6 MB. Max. memory is 11.5 GB.
[2019-05-02 20:08:10,120 INFO  L336   ainManager$Toolchain]: #######################  End [Toolchain 1] #######################
 --- Results ---
 * Results from de.uni_freiburg.informatik.ultimate.core:
  - StatisticsResult: Toolchain Benchmarks
    Benchmark results are:
 * Boogie PL CUP Parser took 0.13 ms. Allocated memory is still 514.9 MB. Free memory is still 479.1 MB. There was no memory consumed. Max. memory is 11.5 GB.
 * Boogie Preprocessor took 28.03 ms. Allocated memory is still 514.9 MB. Free memory was 477.6 MB in the beginning and 475.0 MB in the end (delta: 2.7 MB). Peak memory consumption was 2.7 MB. Max. memory is 11.5 GB.
 * RCFGBuilder took 127.27 ms. Allocated memory is still 514.9 MB. Free memory was 475.0 MB in the beginning and 465.4 MB in the end (delta: 9.6 MB). Peak memory consumption was 9.6 MB. Max. memory is 11.5 GB.
 * LassoRanker took 2084.45 ms. Allocated memory is still 514.9 MB. Free memory was 465.4 MB in the beginning and 388.8 MB in the end (delta: 76.6 MB). Peak memory consumption was 76.6 MB. Max. memory is 11.5 GB.
 * Results from de.uni_freiburg.informatik.ultimate.plugins.analysis.lassoranker:
  - NoResult [Line: 2]: LassoRanker could not prove termination
    LassoRanker could not prove termination or nontermination of the given linear lasso program.
Templates: AffineTemplate NestedTemplate NestedTemplate NestedTemplate MultiphaseTemplate ComposedLexicographicTemplate PiecewiseTemplate ParallelTemplate
RESULT: Ultimate could not prove your program: Toolchain returned no result.
Received shutdown request...
