This is Ultimate 0.1.24-16d85fa
[2019-05-02 20:08:15,906 INFO  L170        SettingsManager]: Resetting all preferences to default values...
[2019-05-02 20:08:15,908 INFO  L174        SettingsManager]: Resetting UltimateCore preferences to default values
[2019-05-02 20:08:15,917 INFO  L177        SettingsManager]: Ultimate Commandline Interface provides no preferences, ignoring...
[2019-05-02 20:08:15,918 INFO  L174        SettingsManager]: Resetting Boogie Preprocessor preferences to default values
[2019-05-02 20:08:15,918 INFO  L174        SettingsManager]: Resetting Boogie Procedure Inliner preferences to default values
[2019-05-02 20:08:15,919 INFO  L174        SettingsManager]: Resetting Abstract Interpretation preferences to default values
[2019-05-02 20:08:15,920 INFO  L174        SettingsManager]: Resetting LassoRanker preferences to default values
[2019-05-02 20:08:15,922 INFO  L174        SettingsManager]: Resetting Reaching Definitions preferences to default values
[2019-05-02 20:08:15,922 INFO  L174        SettingsManager]: Resetting SyntaxChecker preferences to default values
[2019-05-02 20:08:15,923 INFO  L177        SettingsManager]: Büchi Program Product provides no preferences, ignoring...
[2019-05-02 20:08:15,923 INFO  L174        SettingsManager]: Resetting LTL2Aut preferences to default values
[2019-05-02 20:08:15,923 INFO  L174        SettingsManager]: Resetting PEA to Boogie preferences to default values
[2019-05-02 20:08:15,924 INFO  L174        SettingsManager]: Resetting BlockEncodingV2 preferences to default values
[2019-05-02 20:08:15,925 INFO  L174        SettingsManager]: Resetting ChcToBoogie preferences to default values
[2019-05-02 20:08:15,925 INFO  L174        SettingsManager]: Resetting AutomataScriptInterpreter preferences to default values
[2019-05-02 20:08:15,926 INFO  L174        SettingsManager]: Resetting BuchiAutomizer preferences to default values
[2019-05-02 20:08:15,927 INFO  L174        SettingsManager]: Resetting CACSL2BoogieTranslator preferences to default values
[2019-05-02 20:08:15,928 INFO  L174        SettingsManager]: Resetting CodeCheck preferences to default values
[2019-05-02 20:08:15,929 INFO  L174        SettingsManager]: Resetting InvariantSynthesis preferences to default values
[2019-05-02 20:08:15,930 INFO  L174        SettingsManager]: Resetting RCFGBuilder preferences to default values
[2019-05-02 20:08:15,931 INFO  L174        SettingsManager]: Resetting TraceAbstraction preferences to default values
[2019-05-02 20:08:15,932 INFO  L177        SettingsManager]: TraceAbstractionConcurrent provides no preferences, ignoring...
[2019-05-02 20:08:15,933 INFO  L177        SettingsManager]: TraceAbstractionWithAFAs provides no preferences, ignoring...
[2019-05-02 20:08:15,933 INFO  L174        SettingsManager]: Resetting TreeAutomizer preferences to default values
[2019-05-02 20:08:15,933 INFO  L174        SettingsManager]: Resetting IcfgTransformer preferences to default values
[2019-05-02 20:08:15,934 INFO  L174        SettingsManager]: Resetting Boogie Printer preferences to default values
[2019-05-02 20:08:15,934 INFO  L174        SettingsManager]: Resetting ReqPrinter preferences to default values
[2019-05-02 20:08:15,935 INFO  L174        SettingsManager]: Resetting Witness Printer preferences to default values
[2019-05-02 20:08:15,936 INFO  L177        SettingsManager]: Boogie PL CUP Parser provides no preferences, ignoring...
[2019-05-02 20:08:15,936 INFO  L174        SettingsManager]: Resetting CDTParser preferences to default values
[2019-05-02 20:08:15,936 INFO  L177        SettingsManager]: AutomataScriptParser provides no preferences, ignoring...
[2019-05-02 20:08:15,936 INFO  L177        SettingsManager]: ReqParser provides no preferences, ignoring...
[2019-05-02 20:08:15,936 INFO  L174        SettingsManager]: Resetting SmtParser preferences to default values
[2019-05-02 20:08:15,937 INFO  L174        SettingsManager]: Resetting Witness Parser preferences to default values
[2019-05-02 20:08:15,937 INFO  L181        SettingsManager]: Finished resetting all preferences to default values...
[2019-05-02 20:08:15,953 INFO  L81    nceAwareModelManager]: Repository-Root is: /tmp
[2019-05-02 20:08:15,961 INFO  L258   ainManager$Toolchain]: [Toolchain 1]: Applicable parser(s) successfully (re)initialized
[2019-05-02 20:08:15,964 INFO  L214   ainManager$Toolchain]: [Toolchain 1]: Toolchain selected.
[2019-05-02 20:08:15,965 INFO  L271        PluginConnector]: Initializing Boogie PL CUP Parser...
[2019-05-02 20:08:15,965 INFO  L276        PluginConnector]: Boogie PL CUP Parser initialized
[2019-05-02 20:08:15,966 INFO  L418   ainManager$Toolchain]: [Toolchain 1]: Parsing single file: /home/xuechao/xuechao/work/Lab/Termination/Lasso-Ranker/Program_non/21.bpl
[2019-05-02 20:08:15,966 INFO  L111           BoogieParser]: Parsing: '/home/xuechao/xuechao/work/Lab/Termination/Lasso-Ranker/Program_non/21.bpl'
[2019-05-02 20:08:15,988 INFO  L296   ainManager$Toolchain]: ####################### [Toolchain 1] #######################
[2019-05-02 20:08:15,989 INFO  L131        ToolchainWalker]: Walking toolchain with 3 elements.
[2019-05-02 20:08:15,989 INFO  L113        PluginConnector]: ------------------------Boogie Preprocessor----------------------------
[2019-05-02 20:08:15,990 INFO  L271        PluginConnector]: Initializing Boogie Preprocessor...
[2019-05-02 20:08:15,990 INFO  L276        PluginConnector]: Boogie Preprocessor initialized
[2019-05-02 20:08:16,006 INFO  L185        PluginConnector]: Executing the observer EnsureBoogieModelObserver from plugin Boogie Preprocessor for "21.bpl de.uni_freiburg.informatik.ultimate.boogie.parser AST 02.05 08:08:15" (1/1) ...
[2019-05-02 20:08:16,007 INFO  L185        PluginConnector]: Executing the observer TypeChecker from plugin Boogie Preprocessor for "21.bpl de.uni_freiburg.informatik.ultimate.boogie.parser AST 02.05 08:08:15" (1/1) ...
[2019-05-02 20:08:16,012 INFO  L185        PluginConnector]: Executing the observer ConstExpander from plugin Boogie Preprocessor for "21.bpl de.uni_freiburg.informatik.ultimate.boogie.parser AST 02.05 08:08:15" (1/1) ...
[2019-05-02 20:08:16,012 INFO  L185        PluginConnector]: Executing the observer StructExpander from plugin Boogie Preprocessor for "21.bpl de.uni_freiburg.informatik.ultimate.boogie.parser AST 02.05 08:08:15" (1/1) ...
[2019-05-02 20:08:16,013 INFO  L185        PluginConnector]: Executing the observer UnstructureCode from plugin Boogie Preprocessor for "21.bpl de.uni_freiburg.informatik.ultimate.boogie.parser AST 02.05 08:08:15" (1/1) ...
[2019-05-02 20:08:16,016 INFO  L185        PluginConnector]: Executing the observer FunctionInliner from plugin Boogie Preprocessor for "21.bpl de.uni_freiburg.informatik.ultimate.boogie.parser AST 02.05 08:08:15" (1/1) ...
[2019-05-02 20:08:16,016 INFO  L185        PluginConnector]: Executing the observer BoogieSymbolTableConstructor from plugin Boogie Preprocessor for "21.bpl de.uni_freiburg.informatik.ultimate.boogie.parser AST 02.05 08:08:15" (1/1) ...
[2019-05-02 20:08:16,017 INFO  L132        PluginConnector]: ------------------------ END Boogie Preprocessor----------------------------
[2019-05-02 20:08:16,018 INFO  L113        PluginConnector]: ------------------------RCFGBuilder----------------------------
[2019-05-02 20:08:16,018 INFO  L271        PluginConnector]: Initializing RCFGBuilder...
[2019-05-02 20:08:16,018 INFO  L276        PluginConnector]: RCFGBuilder initialized
[2019-05-02 20:08:16,019 INFO  L185        PluginConnector]: Executing the observer RCFGBuilderObserver from plugin RCFGBuilder for "21.bpl de.uni_freiburg.informatik.ultimate.boogie.parser AST 02.05 08:08:15" (1/1) ...
No working directory specified, using /home/xuechao/xuechao/work/Lab/Termination/Lasso-Ranker/z3
Starting monitored process 1 with z3 SMTLIB2_COMPLIANT=true -memory:1024 -smt2 -in -t:12000 (exit command is (exit), workingDir is null)
Waiting until toolchain timeout for monitored process 1 with z3 SMTLIB2_COMPLIANT=true -memory:1024 -smt2 -in -t:12000
[2019-05-02 20:08:16,057 INFO  L124     BoogieDeclarations]: Specification and implementation of procedure main given in one single declaration
[2019-05-02 20:08:16,057 INFO  L130     BoogieDeclarations]: Found specification of procedure main
[2019-05-02 20:08:16,058 INFO  L138     BoogieDeclarations]: Found implementation of procedure main
[2019-05-02 20:08:16,148 INFO  L278             CfgBuilder]: Using library mode
[2019-05-02 20:08:16,148 INFO  L286             CfgBuilder]: Removed 1 assue(true) statements.
[2019-05-02 20:08:16,149 INFO  L202        PluginConnector]: Adding new model 21.bpl de.uni_freiburg.informatik.ultimate.plugins.generator.rcfgbuilder CFG 02.05 08:08:16 BoogieIcfgContainer
[2019-05-02 20:08:16,149 INFO  L132        PluginConnector]: ------------------------ END RCFGBuilder----------------------------
[2019-05-02 20:08:16,150 INFO  L113        PluginConnector]: ------------------------LassoRanker----------------------------
[2019-05-02 20:08:16,150 INFO  L271        PluginConnector]: Initializing LassoRanker...
[2019-05-02 20:08:16,150 INFO  L276        PluginConnector]: LassoRanker initialized
[2019-05-02 20:08:16,150 INFO  L185        PluginConnector]: Executing the observer LassoRankerObserver from plugin LassoRanker for "21.bpl de.uni_freiburg.informatik.ultimate.plugins.generator.rcfgbuilder CFG 02.05 08:08:16" (1/1) ...
[2019-05-02 20:08:16,174 INFO  L72            BuchiIsEmpty]: Start buchiIsEmpty. Operand 2 states.
[2019-05-02 20:08:16,190 INFO  L131   ngComponentsAnalysis]: Automaton has 1 accepting balls. 1
[2019-05-02 20:08:16,190 INFO  L87            BuchiIsEmpty]: Finished buchiIsEmpty Result is false
[2019-05-02 20:08:16,190 INFO  L119           BuchiIsEmpty]: Starting construction of run
[2019-05-02 20:08:16,195 INFO  L104     BuchiDifferenceFKV]: Start buchiDifferenceFKV. First operand 2 states. Second operand 1 states.
[2019-05-02 20:08:16,204 INFO  L108     BuchiDifferenceFKV]: Finished buchiDifferenceFKV. First operand 2 states. Second operand 1 states. Result 3 states and 4 transitions. Complement of second has 2 states 2 powerset states0 rank states. The highest rank that occured is -1
[2019-05-02 20:08:16,204 INFO  L72            BuchiIsEmpty]: Start buchiIsEmpty. Operand 3 states and 4 transitions.
[2019-05-02 20:08:16,204 INFO  L131   ngComponentsAnalysis]: Automaton has 0 accepting balls. 0
[2019-05-02 20:08:16,204 INFO  L87            BuchiIsEmpty]: Finished buchiIsEmpty Result is true
[2019-05-02 20:08:16,243 INFO  L216          LassoAnalysis]: Preferences:
[2019-05-02 20:08:16,243 INFO  L124   ssoRankerPreferences]: Compute integeral hull: false
[2019-05-02 20:08:16,244 INFO  L125   ssoRankerPreferences]: Enable LassoPartitioneer: true
[2019-05-02 20:08:16,244 INFO  L126   ssoRankerPreferences]: Term annotations enabled: false
[2019-05-02 20:08:16,244 INFO  L127   ssoRankerPreferences]: Use exernal solver: true
[2019-05-02 20:08:16,244 INFO  L128   ssoRankerPreferences]: SMT solver command: z3 -smt2 -in SMTLIB2_COMPLIANT=true
[2019-05-02 20:08:16,244 INFO  L129   ssoRankerPreferences]: Dump SMT script to file: false
[2019-05-02 20:08:16,244 INFO  L130   ssoRankerPreferences]: Path of dumped script: .
[2019-05-02 20:08:16,244 INFO  L131   ssoRankerPreferences]: Filename of dumped script: LassoRankerScript
[2019-05-02 20:08:16,244 INFO  L132   ssoRankerPreferences]: MapElimAlgo: Frank
[2019-05-02 20:08:16,245 INFO  L282          LassoAnalysis]: Starting lasso preprocessing...
[2019-05-02 20:08:16,260 INFO  L141          MapEliminator]: Using MapEliminator with SimplificationTechnique=SIMPLIFY_DDA XnfConversionTechnique=BOTTOM_UP_WITH_LOCAL_SIMPLIFICATION AddInequalities=false OnlyTrivialImplicationsArrayWrite=false OnlyTrivialImplicationsForModifiedArguments=true OnlyArgumentsInFormula=true
[2019-05-02 20:08:16,325 INFO  L300          LassoAnalysis]: Preprocessing complete.
[2019-05-02 20:08:16,326 INFO  L412          LassoAnalysis]: Checking for nontermination...
No working directory specified, using /home/xuechao/xuechao/work/Lab/Termination/Lasso-Ranker/z3
Starting monitored process 2 with z3 -smt2 -in SMTLIB2_COMPLIANT=true (exit command is (exit), workingDir is null)
Waiting until toolchain timeout for monitored process 2 with z3 -smt2 -in SMTLIB2_COMPLIANT=true
[2019-05-02 20:08:16,331 INFO  L151   nArgumentSynthesizer]: Nontermination analysis: LINEAR_WITH_GUESSES Allow bounded executions: true Number of generalized eigenvectors: 0 Nilpotent components: true
[2019-05-02 20:08:16,331 INFO  L163   nArgumentSynthesizer]: Using integer mode.
No working directory specified, using /home/xuechao/xuechao/work/Lab/Termination/Lasso-Ranker/z3
Starting monitored process 3 with z3 -smt2 -in SMTLIB2_COMPLIANT=true (exit command is (exit), workingDir is null)
Waiting until toolchain timeout for monitored process 3 with z3 -smt2 -in SMTLIB2_COMPLIANT=true
[2019-05-02 20:08:16,360 INFO  L151   nArgumentSynthesizer]: Nontermination analysis: LINEAR_WITH_GUESSES Allow bounded executions: true Number of generalized eigenvectors: 3 Nilpotent components: true
[2019-05-02 20:08:16,360 INFO  L163   nArgumentSynthesizer]: Using integer mode.
[2019-05-02 20:08:16,384 INFO  L452          LassoAnalysis]: Proving nontermination failed: No geometric nontermination argument exists.
[2019-05-02 20:08:16,385 INFO  L216          LassoAnalysis]: Preferences:
[2019-05-02 20:08:16,385 INFO  L124   ssoRankerPreferences]: Compute integeral hull: false
[2019-05-02 20:08:16,385 INFO  L125   ssoRankerPreferences]: Enable LassoPartitioneer: true
[2019-05-02 20:08:16,385 INFO  L126   ssoRankerPreferences]: Term annotations enabled: false
[2019-05-02 20:08:16,385 INFO  L127   ssoRankerPreferences]: Use exernal solver: true
[2019-05-02 20:08:16,385 INFO  L128   ssoRankerPreferences]: SMT solver command: z3 -smt2 -in SMTLIB2_COMPLIANT=true
[2019-05-02 20:08:16,385 INFO  L129   ssoRankerPreferences]: Dump SMT script to file: false
[2019-05-02 20:08:16,386 INFO  L130   ssoRankerPreferences]: Path of dumped script: .
[2019-05-02 20:08:16,386 INFO  L131   ssoRankerPreferences]: Filename of dumped script: LassoRankerScript
[2019-05-02 20:08:16,386 INFO  L132   ssoRankerPreferences]: MapElimAlgo: Frank
[2019-05-02 20:08:16,386 INFO  L282          LassoAnalysis]: Starting lasso preprocessing...
[2019-05-02 20:08:16,387 INFO  L141          MapEliminator]: Using MapEliminator with SimplificationTechnique=SIMPLIFY_DDA XnfConversionTechnique=BOTTOM_UP_WITH_LOCAL_SIMPLIFICATION AddInequalities=false OnlyTrivialImplicationsArrayWrite=false OnlyTrivialImplicationsForModifiedArguments=true OnlyArgumentsInFormula=true
[2019-05-02 20:08:16,459 INFO  L300          LassoAnalysis]: Preprocessing complete.
[2019-05-02 20:08:16,463 INFO  L497          LassoAnalysis]: Using template 'affine'.
No working directory specified, using /home/xuechao/xuechao/work/Lab/Termination/Lasso-Ranker/z3
Starting monitored process 4 with z3 -smt2 -in SMTLIB2_COMPLIANT=true (exit command is (exit), workingDir is null)
Waiting until toolchain timeout for monitored process 4 with z3 -smt2 -in SMTLIB2_COMPLIANT=true
[2019-05-02 20:08:16,472 INFO  L122   nArgumentSynthesizer]: Termination Analysis Settings:
Termination analysis: LINEAR_WITH_GUESSES
Number of strict supporting invariants: 1
Number of non-strict supporting invariants: 0
Consider only non-deceasing supporting invariants: true
Simplify termination arguments: true
Simplify supporting invariants: trueOverapproximate stem: false
[2019-05-02 20:08:16,475 INFO  L339   nArgumentSynthesizer]: Template has degree 0.
[2019-05-02 20:08:16,476 INFO  L352   nArgumentSynthesizer]: There is no stem transition; disabling supporting invariant generation.
[2019-05-02 20:08:16,477 INFO  L205   nArgumentSynthesizer]: 1 stem disjuncts
[2019-05-02 20:08:16,477 INFO  L206   nArgumentSynthesizer]: 1 loop disjuncts
[2019-05-02 20:08:16,477 INFO  L207   nArgumentSynthesizer]: 2 template conjuncts.
[2019-05-02 20:08:16,484 INFO  L402   nArgumentSynthesizer]: We have 2 Motzkin's Theorem applications.
[2019-05-02 20:08:16,484 INFO  L403   nArgumentSynthesizer]: A total of 0 supporting invariants were added.
[2019-05-02 20:08:16,487 INFO  L530          LassoAnalysis]: Proving termination failed for this template and these settings.
[2019-05-02 20:08:16,501 INFO  L497          LassoAnalysis]: Using template '2-nested'.
No working directory specified, using /home/xuechao/xuechao/work/Lab/Termination/Lasso-Ranker/z3
Starting monitored process 5 with z3 -smt2 -in SMTLIB2_COMPLIANT=true (exit command is (exit), workingDir is null)
Waiting until toolchain timeout for monitored process 5 with z3 -smt2 -in SMTLIB2_COMPLIANT=true
[2019-05-02 20:08:16,507 INFO  L122   nArgumentSynthesizer]: Termination Analysis Settings:
Termination analysis: LINEAR_WITH_GUESSES
Number of strict supporting invariants: 1
Number of non-strict supporting invariants: 0
Consider only non-deceasing supporting invariants: true
Simplify termination arguments: true
Simplify supporting invariants: trueOverapproximate stem: false
[2019-05-02 20:08:16,508 INFO  L339   nArgumentSynthesizer]: Template has degree 0.
[2019-05-02 20:08:16,508 INFO  L352   nArgumentSynthesizer]: There is no stem transition; disabling supporting invariant generation.
[2019-05-02 20:08:16,508 INFO  L205   nArgumentSynthesizer]: 1 stem disjuncts
[2019-05-02 20:08:16,509 INFO  L206   nArgumentSynthesizer]: 1 loop disjuncts
[2019-05-02 20:08:16,509 INFO  L207   nArgumentSynthesizer]: 3 template conjuncts.
[2019-05-02 20:08:16,513 INFO  L402   nArgumentSynthesizer]: We have 3 Motzkin's Theorem applications.
[2019-05-02 20:08:16,514 INFO  L403   nArgumentSynthesizer]: A total of 0 supporting invariants were added.
[2019-05-02 20:08:16,516 INFO  L530          LassoAnalysis]: Proving termination failed for this template and these settings.
[2019-05-02 20:08:16,530 INFO  L497          LassoAnalysis]: Using template '3-nested'.
No working directory specified, using /home/xuechao/xuechao/work/Lab/Termination/Lasso-Ranker/z3
Starting monitored process 6 with z3 -smt2 -in SMTLIB2_COMPLIANT=true (exit command is (exit), workingDir is null)
Waiting until toolchain timeout for monitored process 6 with z3 -smt2 -in SMTLIB2_COMPLIANT=true
[2019-05-02 20:08:16,535 INFO  L122   nArgumentSynthesizer]: Termination Analysis Settings:
Termination analysis: LINEAR_WITH_GUESSES
Number of strict supporting invariants: 1
Number of non-strict supporting invariants: 0
Consider only non-deceasing supporting invariants: true
Simplify termination arguments: true
Simplify supporting invariants: trueOverapproximate stem: false
[2019-05-02 20:08:16,537 INFO  L339   nArgumentSynthesizer]: Template has degree 0.
[2019-05-02 20:08:16,537 INFO  L352   nArgumentSynthesizer]: There is no stem transition; disabling supporting invariant generation.
[2019-05-02 20:08:16,537 INFO  L205   nArgumentSynthesizer]: 1 stem disjuncts
[2019-05-02 20:08:16,538 INFO  L206   nArgumentSynthesizer]: 1 loop disjuncts
[2019-05-02 20:08:16,538 INFO  L207   nArgumentSynthesizer]: 4 template conjuncts.
[2019-05-02 20:08:16,541 INFO  L402   nArgumentSynthesizer]: We have 4 Motzkin's Theorem applications.
[2019-05-02 20:08:16,541 INFO  L403   nArgumentSynthesizer]: A total of 0 supporting invariants were added.
[2019-05-02 20:08:16,544 INFO  L530          LassoAnalysis]: Proving termination failed for this template and these settings.
[2019-05-02 20:08:16,558 INFO  L497          LassoAnalysis]: Using template '4-nested'.
No working directory specified, using /home/xuechao/xuechao/work/Lab/Termination/Lasso-Ranker/z3
Starting monitored process 7 with z3 -smt2 -in SMTLIB2_COMPLIANT=true (exit command is (exit), workingDir is null)
Waiting until toolchain timeout for monitored process 7 with z3 -smt2 -in SMTLIB2_COMPLIANT=true
[2019-05-02 20:08:16,560 INFO  L122   nArgumentSynthesizer]: Termination Analysis Settings:
Termination analysis: LINEAR_WITH_GUESSES
Number of strict supporting invariants: 1
Number of non-strict supporting invariants: 0
Consider only non-deceasing supporting invariants: true
Simplify termination arguments: true
Simplify supporting invariants: trueOverapproximate stem: false
[2019-05-02 20:08:16,562 INFO  L339   nArgumentSynthesizer]: Template has degree 0.
[2019-05-02 20:08:16,562 INFO  L352   nArgumentSynthesizer]: There is no stem transition; disabling supporting invariant generation.
[2019-05-02 20:08:16,562 INFO  L205   nArgumentSynthesizer]: 1 stem disjuncts
[2019-05-02 20:08:16,562 INFO  L206   nArgumentSynthesizer]: 1 loop disjuncts
[2019-05-02 20:08:16,562 INFO  L207   nArgumentSynthesizer]: 5 template conjuncts.
[2019-05-02 20:08:16,569 INFO  L402   nArgumentSynthesizer]: We have 5 Motzkin's Theorem applications.
[2019-05-02 20:08:16,569 INFO  L403   nArgumentSynthesizer]: A total of 0 supporting invariants were added.
[2019-05-02 20:08:16,572 INFO  L530          LassoAnalysis]: Proving termination failed for this template and these settings.
[2019-05-02 20:08:16,586 INFO  L497          LassoAnalysis]: Using template '2-phase'.
No working directory specified, using /home/xuechao/xuechao/work/Lab/Termination/Lasso-Ranker/z3
Starting monitored process 8 with z3 -smt2 -in SMTLIB2_COMPLIANT=true (exit command is (exit), workingDir is null)
Waiting until toolchain timeout for monitored process 8 with z3 -smt2 -in SMTLIB2_COMPLIANT=true
[2019-05-02 20:08:16,588 INFO  L122   nArgumentSynthesizer]: Termination Analysis Settings:
Termination analysis: LINEAR_WITH_GUESSES
Number of strict supporting invariants: 1
Number of non-strict supporting invariants: 0
Consider only non-deceasing supporting invariants: true
Simplify termination arguments: true
Simplify supporting invariants: trueOverapproximate stem: false
[2019-05-02 20:08:16,590 WARN  L334   nArgumentSynthesizer]: Using a linear SMT query and a templates of degree > 0, hence this method is incomplete.
[2019-05-02 20:08:16,590 INFO  L339   nArgumentSynthesizer]: Template has degree 1.
[2019-05-02 20:08:16,591 INFO  L352   nArgumentSynthesizer]: There is no stem transition; disabling supporting invariant generation.
[2019-05-02 20:08:16,591 INFO  L205   nArgumentSynthesizer]: 1 stem disjuncts
[2019-05-02 20:08:16,591 INFO  L206   nArgumentSynthesizer]: 1 loop disjuncts
[2019-05-02 20:08:16,591 INFO  L207   nArgumentSynthesizer]: 3 template conjuncts.
[2019-05-02 20:08:16,595 INFO  L402   nArgumentSynthesizer]: We have 3 Motzkin's Theorem applications.
[2019-05-02 20:08:16,595 INFO  L403   nArgumentSynthesizer]: A total of 0 supporting invariants were added.
[2019-05-02 20:08:16,599 INFO  L530          LassoAnalysis]: Proving termination failed for this template and these settings.
[2019-05-02 20:08:16,613 INFO  L497          LassoAnalysis]: Using template 'lex(affine, affine)'.
No working directory specified, using /home/xuechao/xuechao/work/Lab/Termination/Lasso-Ranker/z3
Starting monitored process 9 with z3 -smt2 -in SMTLIB2_COMPLIANT=true (exit command is (exit), workingDir is null)
Waiting until toolchain timeout for monitored process 9 with z3 -smt2 -in SMTLIB2_COMPLIANT=true
[2019-05-02 20:08:16,615 INFO  L122   nArgumentSynthesizer]: Termination Analysis Settings:
Termination analysis: LINEAR_WITH_GUESSES
Number of strict supporting invariants: 1
Number of non-strict supporting invariants: 0
Consider only non-deceasing supporting invariants: true
Simplify termination arguments: true
Simplify supporting invariants: trueOverapproximate stem: false
[2019-05-02 20:08:16,617 WARN  L334   nArgumentSynthesizer]: Using a linear SMT query and a templates of degree > 0, hence this method is incomplete.
[2019-05-02 20:08:16,618 INFO  L339   nArgumentSynthesizer]: Template has degree 5.
[2019-05-02 20:08:16,618 INFO  L352   nArgumentSynthesizer]: There is no stem transition; disabling supporting invariant generation.
[2019-05-02 20:08:16,618 INFO  L205   nArgumentSynthesizer]: 1 stem disjuncts
[2019-05-02 20:08:16,618 INFO  L206   nArgumentSynthesizer]: 1 loop disjuncts
[2019-05-02 20:08:16,618 INFO  L207   nArgumentSynthesizer]: 4 template conjuncts.
[2019-05-02 20:08:16,623 INFO  L402   nArgumentSynthesizer]: We have 4 Motzkin's Theorem applications.
[2019-05-02 20:08:16,623 INFO  L403   nArgumentSynthesizer]: A total of 0 supporting invariants were added.
[2019-05-02 20:08:16,630 INFO  L530          LassoAnalysis]: Proving termination failed for this template and these settings.
[2019-05-02 20:08:16,644 INFO  L497          LassoAnalysis]: Using template '2-piece'.
No working directory specified, using /home/xuechao/xuechao/work/Lab/Termination/Lasso-Ranker/z3
Starting monitored process 10 with z3 -smt2 -in SMTLIB2_COMPLIANT=true (exit command is (exit), workingDir is null)
Waiting until toolchain timeout for monitored process 10 with z3 -smt2 -in SMTLIB2_COMPLIANT=true
[2019-05-02 20:08:16,646 INFO  L122   nArgumentSynthesizer]: Termination Analysis Settings:
Termination analysis: LINEAR_WITH_GUESSES
Number of strict supporting invariants: 1
Number of non-strict supporting invariants: 0
Consider only non-deceasing supporting invariants: true
Simplify termination arguments: true
Simplify supporting invariants: trueOverapproximate stem: false
[2019-05-02 20:08:16,648 WARN  L334   nArgumentSynthesizer]: Using a linear SMT query and a templates of degree > 0, hence this method is incomplete.
[2019-05-02 20:08:16,648 INFO  L339   nArgumentSynthesizer]: Template has degree 7.
[2019-05-02 20:08:16,648 INFO  L352   nArgumentSynthesizer]: There is no stem transition; disabling supporting invariant generation.
[2019-05-02 20:08:16,648 INFO  L205   nArgumentSynthesizer]: 1 stem disjuncts
[2019-05-02 20:08:16,649 INFO  L206   nArgumentSynthesizer]: 1 loop disjuncts
[2019-05-02 20:08:16,649 INFO  L207   nArgumentSynthesizer]: 7 template conjuncts.
[2019-05-02 20:08:16,654 INFO  L402   nArgumentSynthesizer]: We have 7 Motzkin's Theorem applications.
[2019-05-02 20:08:16,655 INFO  L403   nArgumentSynthesizer]: A total of 0 supporting invariants were added.
[2019-05-02 20:08:16,739 INFO  L530          LassoAnalysis]: Proving termination failed for this template and these settings.
[2019-05-02 20:08:16,752 INFO  L497          LassoAnalysis]: Using template '2-parallel'.
No working directory specified, using /home/xuechao/xuechao/work/Lab/Termination/Lasso-Ranker/z3
Starting monitored process 11 with z3 -smt2 -in SMTLIB2_COMPLIANT=true (exit command is (exit), workingDir is null)
Waiting until toolchain timeout for monitored process 11 with z3 -smt2 -in SMTLIB2_COMPLIANT=true
[2019-05-02 20:08:16,754 INFO  L122   nArgumentSynthesizer]: Termination Analysis Settings:
Termination analysis: LINEAR_WITH_GUESSES
Number of strict supporting invariants: 1
Number of non-strict supporting invariants: 0
Consider only non-deceasing supporting invariants: true
Simplify termination arguments: true
Simplify supporting invariants: trueOverapproximate stem: false
[2019-05-02 20:08:16,756 WARN  L334   nArgumentSynthesizer]: Using a linear SMT query and a templates of degree > 0, hence this method is incomplete.
[2019-05-02 20:08:16,756 INFO  L339   nArgumentSynthesizer]: Template has degree 4.
[2019-05-02 20:08:16,756 INFO  L352   nArgumentSynthesizer]: There is no stem transition; disabling supporting invariant generation.
[2019-05-02 20:08:16,756 INFO  L205   nArgumentSynthesizer]: 1 stem disjuncts
[2019-05-02 20:08:16,756 INFO  L206   nArgumentSynthesizer]: 1 loop disjuncts
[2019-05-02 20:08:16,757 INFO  L207   nArgumentSynthesizer]: 6 template conjuncts.
[2019-05-02 20:08:16,764 INFO  L402   nArgumentSynthesizer]: We have 6 Motzkin's Theorem applications.
[2019-05-02 20:08:16,765 INFO  L403   nArgumentSynthesizer]: A total of 0 supporting invariants were added.
[2019-05-02 20:08:16,783 INFO  L530          LassoAnalysis]: Proving termination failed for this template and these settings.
[2019-05-02 20:08:16,797 INFO  L489     LassoRankerStarter]: LassoRanker could not prove termination or nontermination of the given linear lasso program.
Templates: AffineTemplate NestedTemplate NestedTemplate NestedTemplate MultiphaseTemplate ComposedLexicographicTemplate PiecewiseTemplate ParallelTemplate
[2019-05-02 20:08:16,798 INFO  L132        PluginConnector]: ------------------------ END LassoRanker----------------------------
[2019-05-02 20:08:16,799 INFO  L168              Benchmark]: Toolchain (without parser) took 810.40 ms. Allocated memory is still 514.9 MB. Free memory was 475.0 MB in the beginning and 397.1 MB in the end (delta: 77.8 MB). Peak memory consumption was 77.8 MB. Max. memory is 11.5 GB.
[2019-05-02 20:08:16,800 INFO  L168              Benchmark]: Boogie PL CUP Parser took 0.12 ms. Allocated memory is still 514.9 MB. Free memory is still 476.4 MB. There was no memory consumed. Max. memory is 11.5 GB.
[2019-05-02 20:08:16,800 INFO  L168              Benchmark]: Boogie Preprocessor took 27.92 ms. Allocated memory is still 514.9 MB. Free memory was 475.0 MB in the beginning and 472.3 MB in the end (delta: 2.7 MB). Peak memory consumption was 2.7 MB. Max. memory is 11.5 GB.
[2019-05-02 20:08:16,801 INFO  L168              Benchmark]: RCFGBuilder took 131.56 ms. Allocated memory is still 514.9 MB. Free memory was 472.3 MB in the beginning and 462.7 MB in the end (delta: 9.6 MB). Peak memory consumption was 9.6 MB. Max. memory is 11.5 GB.
[2019-05-02 20:08:16,802 INFO  L168              Benchmark]: LassoRanker took 648.66 ms. Allocated memory is still 514.9 MB. Free memory was 462.7 MB in the beginning and 397.1 MB in the end (delta: 65.6 MB). Peak memory consumption was 65.6 MB. Max. memory is 11.5 GB.
[2019-05-02 20:08:16,804 INFO  L336   ainManager$Toolchain]: #######################  End [Toolchain 1] #######################
 --- Results ---
 * Results from de.uni_freiburg.informatik.ultimate.core:
  - StatisticsResult: Toolchain Benchmarks
    Benchmark results are:
 * Boogie PL CUP Parser took 0.12 ms. Allocated memory is still 514.9 MB. Free memory is still 476.4 MB. There was no memory consumed. Max. memory is 11.5 GB.
 * Boogie Preprocessor took 27.92 ms. Allocated memory is still 514.9 MB. Free memory was 475.0 MB in the beginning and 472.3 MB in the end (delta: 2.7 MB). Peak memory consumption was 2.7 MB. Max. memory is 11.5 GB.
 * RCFGBuilder took 131.56 ms. Allocated memory is still 514.9 MB. Free memory was 472.3 MB in the beginning and 462.7 MB in the end (delta: 9.6 MB). Peak memory consumption was 9.6 MB. Max. memory is 11.5 GB.
 * LassoRanker took 648.66 ms. Allocated memory is still 514.9 MB. Free memory was 462.7 MB in the beginning and 397.1 MB in the end (delta: 65.6 MB). Peak memory consumption was 65.6 MB. Max. memory is 11.5 GB.
 * Results from de.uni_freiburg.informatik.ultimate.plugins.analysis.lassoranker:
  - NoResult [Line: 13]: LassoRanker could not prove termination
    LassoRanker could not prove termination or nontermination of the given linear lasso program.
Templates: AffineTemplate NestedTemplate NestedTemplate NestedTemplate MultiphaseTemplate ComposedLexicographicTemplate PiecewiseTemplate ParallelTemplate
RESULT: Ultimate could not prove your program: Toolchain returned no result.
Received shutdown request...
