This is Ultimate 0.1.24-16d85fa
[2019-05-02 20:08:18,284 INFO  L170        SettingsManager]: Resetting all preferences to default values...
[2019-05-02 20:08:18,286 INFO  L174        SettingsManager]: Resetting UltimateCore preferences to default values
[2019-05-02 20:08:18,295 INFO  L177        SettingsManager]: Ultimate Commandline Interface provides no preferences, ignoring...
[2019-05-02 20:08:18,296 INFO  L174        SettingsManager]: Resetting Boogie Preprocessor preferences to default values
[2019-05-02 20:08:18,296 INFO  L174        SettingsManager]: Resetting Boogie Procedure Inliner preferences to default values
[2019-05-02 20:08:18,297 INFO  L174        SettingsManager]: Resetting Abstract Interpretation preferences to default values
[2019-05-02 20:08:18,299 INFO  L174        SettingsManager]: Resetting LassoRanker preferences to default values
[2019-05-02 20:08:18,300 INFO  L174        SettingsManager]: Resetting Reaching Definitions preferences to default values
[2019-05-02 20:08:18,300 INFO  L174        SettingsManager]: Resetting SyntaxChecker preferences to default values
[2019-05-02 20:08:18,301 INFO  L177        SettingsManager]: Büchi Program Product provides no preferences, ignoring...
[2019-05-02 20:08:18,301 INFO  L174        SettingsManager]: Resetting LTL2Aut preferences to default values
[2019-05-02 20:08:18,302 INFO  L174        SettingsManager]: Resetting PEA to Boogie preferences to default values
[2019-05-02 20:08:18,302 INFO  L174        SettingsManager]: Resetting BlockEncodingV2 preferences to default values
[2019-05-02 20:08:18,303 INFO  L174        SettingsManager]: Resetting ChcToBoogie preferences to default values
[2019-05-02 20:08:18,304 INFO  L174        SettingsManager]: Resetting AutomataScriptInterpreter preferences to default values
[2019-05-02 20:08:18,304 INFO  L174        SettingsManager]: Resetting BuchiAutomizer preferences to default values
[2019-05-02 20:08:18,306 INFO  L174        SettingsManager]: Resetting CACSL2BoogieTranslator preferences to default values
[2019-05-02 20:08:18,307 INFO  L174        SettingsManager]: Resetting CodeCheck preferences to default values
[2019-05-02 20:08:18,308 INFO  L174        SettingsManager]: Resetting InvariantSynthesis preferences to default values
[2019-05-02 20:08:18,309 INFO  L174        SettingsManager]: Resetting RCFGBuilder preferences to default values
[2019-05-02 20:08:18,310 INFO  L174        SettingsManager]: Resetting TraceAbstraction preferences to default values
[2019-05-02 20:08:18,311 INFO  L177        SettingsManager]: TraceAbstractionConcurrent provides no preferences, ignoring...
[2019-05-02 20:08:18,312 INFO  L177        SettingsManager]: TraceAbstractionWithAFAs provides no preferences, ignoring...
[2019-05-02 20:08:18,312 INFO  L174        SettingsManager]: Resetting TreeAutomizer preferences to default values
[2019-05-02 20:08:18,312 INFO  L174        SettingsManager]: Resetting IcfgTransformer preferences to default values
[2019-05-02 20:08:18,313 INFO  L174        SettingsManager]: Resetting Boogie Printer preferences to default values
[2019-05-02 20:08:18,313 INFO  L174        SettingsManager]: Resetting ReqPrinter preferences to default values
[2019-05-02 20:08:18,314 INFO  L174        SettingsManager]: Resetting Witness Printer preferences to default values
[2019-05-02 20:08:18,315 INFO  L177        SettingsManager]: Boogie PL CUP Parser provides no preferences, ignoring...
[2019-05-02 20:08:18,315 INFO  L174        SettingsManager]: Resetting CDTParser preferences to default values
[2019-05-02 20:08:18,315 INFO  L177        SettingsManager]: AutomataScriptParser provides no preferences, ignoring...
[2019-05-02 20:08:18,315 INFO  L177        SettingsManager]: ReqParser provides no preferences, ignoring...
[2019-05-02 20:08:18,315 INFO  L174        SettingsManager]: Resetting SmtParser preferences to default values
[2019-05-02 20:08:18,316 INFO  L174        SettingsManager]: Resetting Witness Parser preferences to default values
[2019-05-02 20:08:18,316 INFO  L181        SettingsManager]: Finished resetting all preferences to default values...
[2019-05-02 20:08:18,334 INFO  L81    nceAwareModelManager]: Repository-Root is: /tmp
[2019-05-02 20:08:18,342 INFO  L258   ainManager$Toolchain]: [Toolchain 1]: Applicable parser(s) successfully (re)initialized
[2019-05-02 20:08:18,344 INFO  L214   ainManager$Toolchain]: [Toolchain 1]: Toolchain selected.
[2019-05-02 20:08:18,345 INFO  L271        PluginConnector]: Initializing Boogie PL CUP Parser...
[2019-05-02 20:08:18,346 INFO  L276        PluginConnector]: Boogie PL CUP Parser initialized
[2019-05-02 20:08:18,346 INFO  L418   ainManager$Toolchain]: [Toolchain 1]: Parsing single file: /home/xuechao/xuechao/work/Lab/Termination/Lasso-Ranker/Program_non/22.bpl
[2019-05-02 20:08:18,347 INFO  L111           BoogieParser]: Parsing: '/home/xuechao/xuechao/work/Lab/Termination/Lasso-Ranker/Program_non/22.bpl'
[2019-05-02 20:08:18,367 INFO  L296   ainManager$Toolchain]: ####################### [Toolchain 1] #######################
[2019-05-02 20:08:18,368 INFO  L131        ToolchainWalker]: Walking toolchain with 3 elements.
[2019-05-02 20:08:18,369 INFO  L113        PluginConnector]: ------------------------Boogie Preprocessor----------------------------
[2019-05-02 20:08:18,369 INFO  L271        PluginConnector]: Initializing Boogie Preprocessor...
[2019-05-02 20:08:18,369 INFO  L276        PluginConnector]: Boogie Preprocessor initialized
[2019-05-02 20:08:18,385 INFO  L185        PluginConnector]: Executing the observer EnsureBoogieModelObserver from plugin Boogie Preprocessor for "22.bpl de.uni_freiburg.informatik.ultimate.boogie.parser AST 02.05 08:08:18" (1/1) ...
[2019-05-02 20:08:18,386 INFO  L185        PluginConnector]: Executing the observer TypeChecker from plugin Boogie Preprocessor for "22.bpl de.uni_freiburg.informatik.ultimate.boogie.parser AST 02.05 08:08:18" (1/1) ...
[2019-05-02 20:08:18,391 INFO  L185        PluginConnector]: Executing the observer ConstExpander from plugin Boogie Preprocessor for "22.bpl de.uni_freiburg.informatik.ultimate.boogie.parser AST 02.05 08:08:18" (1/1) ...
[2019-05-02 20:08:18,391 INFO  L185        PluginConnector]: Executing the observer StructExpander from plugin Boogie Preprocessor for "22.bpl de.uni_freiburg.informatik.ultimate.boogie.parser AST 02.05 08:08:18" (1/1) ...
[2019-05-02 20:08:18,393 INFO  L185        PluginConnector]: Executing the observer UnstructureCode from plugin Boogie Preprocessor for "22.bpl de.uni_freiburg.informatik.ultimate.boogie.parser AST 02.05 08:08:18" (1/1) ...
[2019-05-02 20:08:18,395 INFO  L185        PluginConnector]: Executing the observer FunctionInliner from plugin Boogie Preprocessor for "22.bpl de.uni_freiburg.informatik.ultimate.boogie.parser AST 02.05 08:08:18" (1/1) ...
[2019-05-02 20:08:18,396 INFO  L185        PluginConnector]: Executing the observer BoogieSymbolTableConstructor from plugin Boogie Preprocessor for "22.bpl de.uni_freiburg.informatik.ultimate.boogie.parser AST 02.05 08:08:18" (1/1) ...
[2019-05-02 20:08:18,397 INFO  L132        PluginConnector]: ------------------------ END Boogie Preprocessor----------------------------
[2019-05-02 20:08:18,397 INFO  L113        PluginConnector]: ------------------------RCFGBuilder----------------------------
[2019-05-02 20:08:18,397 INFO  L271        PluginConnector]: Initializing RCFGBuilder...
[2019-05-02 20:08:18,398 INFO  L276        PluginConnector]: RCFGBuilder initialized
[2019-05-02 20:08:18,398 INFO  L185        PluginConnector]: Executing the observer RCFGBuilderObserver from plugin RCFGBuilder for "22.bpl de.uni_freiburg.informatik.ultimate.boogie.parser AST 02.05 08:08:18" (1/1) ...
No working directory specified, using /home/xuechao/xuechao/work/Lab/Termination/Lasso-Ranker/z3
Starting monitored process 1 with z3 SMTLIB2_COMPLIANT=true -memory:1024 -smt2 -in -t:12000 (exit command is (exit), workingDir is null)
Waiting until toolchain timeout for monitored process 1 with z3 SMTLIB2_COMPLIANT=true -memory:1024 -smt2 -in -t:12000
[2019-05-02 20:08:18,438 INFO  L124     BoogieDeclarations]: Specification and implementation of procedure Cairo given in one single declaration
[2019-05-02 20:08:18,438 INFO  L130     BoogieDeclarations]: Found specification of procedure Cairo
[2019-05-02 20:08:18,438 INFO  L138     BoogieDeclarations]: Found implementation of procedure Cairo
[2019-05-02 20:08:18,516 INFO  L278             CfgBuilder]: Using library mode
[2019-05-02 20:08:18,516 INFO  L286             CfgBuilder]: Removed 0 assue(true) statements.
[2019-05-02 20:08:18,517 INFO  L202        PluginConnector]: Adding new model 22.bpl de.uni_freiburg.informatik.ultimate.plugins.generator.rcfgbuilder CFG 02.05 08:08:18 BoogieIcfgContainer
[2019-05-02 20:08:18,517 INFO  L132        PluginConnector]: ------------------------ END RCFGBuilder----------------------------
[2019-05-02 20:08:18,518 INFO  L113        PluginConnector]: ------------------------LassoRanker----------------------------
[2019-05-02 20:08:18,518 INFO  L271        PluginConnector]: Initializing LassoRanker...
[2019-05-02 20:08:18,518 INFO  L276        PluginConnector]: LassoRanker initialized
[2019-05-02 20:08:18,518 INFO  L185        PluginConnector]: Executing the observer LassoRankerObserver from plugin LassoRanker for "22.bpl de.uni_freiburg.informatik.ultimate.plugins.generator.rcfgbuilder CFG 02.05 08:08:18" (1/1) ...
[2019-05-02 20:08:18,540 INFO  L72            BuchiIsEmpty]: Start buchiIsEmpty. Operand 2 states.
[2019-05-02 20:08:18,555 INFO  L131   ngComponentsAnalysis]: Automaton has 1 accepting balls. 1
[2019-05-02 20:08:18,556 INFO  L87            BuchiIsEmpty]: Finished buchiIsEmpty Result is false
[2019-05-02 20:08:18,556 INFO  L119           BuchiIsEmpty]: Starting construction of run
[2019-05-02 20:08:18,561 INFO  L104     BuchiDifferenceFKV]: Start buchiDifferenceFKV. First operand 2 states. Second operand 1 states.
[2019-05-02 20:08:18,570 INFO  L108     BuchiDifferenceFKV]: Finished buchiDifferenceFKV. First operand 2 states. Second operand 1 states. Result 3 states and 4 transitions. Complement of second has 2 states 2 powerset states0 rank states. The highest rank that occured is -1
[2019-05-02 20:08:18,570 INFO  L72            BuchiIsEmpty]: Start buchiIsEmpty. Operand 3 states and 4 transitions.
[2019-05-02 20:08:18,570 INFO  L131   ngComponentsAnalysis]: Automaton has 0 accepting balls. 0
[2019-05-02 20:08:18,571 INFO  L87            BuchiIsEmpty]: Finished buchiIsEmpty Result is true
[2019-05-02 20:08:18,610 INFO  L216          LassoAnalysis]: Preferences:
[2019-05-02 20:08:18,611 INFO  L124   ssoRankerPreferences]: Compute integeral hull: false
[2019-05-02 20:08:18,611 INFO  L125   ssoRankerPreferences]: Enable LassoPartitioneer: true
[2019-05-02 20:08:18,611 INFO  L126   ssoRankerPreferences]: Term annotations enabled: false
[2019-05-02 20:08:18,611 INFO  L127   ssoRankerPreferences]: Use exernal solver: true
[2019-05-02 20:08:18,611 INFO  L128   ssoRankerPreferences]: SMT solver command: z3 -smt2 -in SMTLIB2_COMPLIANT=true
[2019-05-02 20:08:18,611 INFO  L129   ssoRankerPreferences]: Dump SMT script to file: false
[2019-05-02 20:08:18,612 INFO  L130   ssoRankerPreferences]: Path of dumped script: .
[2019-05-02 20:08:18,612 INFO  L131   ssoRankerPreferences]: Filename of dumped script: LassoRankerScript
[2019-05-02 20:08:18,612 INFO  L132   ssoRankerPreferences]: MapElimAlgo: Frank
[2019-05-02 20:08:18,612 INFO  L282          LassoAnalysis]: Starting lasso preprocessing...
[2019-05-02 20:08:18,629 INFO  L141          MapEliminator]: Using MapEliminator with SimplificationTechnique=SIMPLIFY_DDA XnfConversionTechnique=BOTTOM_UP_WITH_LOCAL_SIMPLIFICATION AddInequalities=false OnlyTrivialImplicationsArrayWrite=false OnlyTrivialImplicationsForModifiedArguments=true OnlyArgumentsInFormula=true
[2019-05-02 20:08:18,710 INFO  L300          LassoAnalysis]: Preprocessing complete.
[2019-05-02 20:08:18,711 INFO  L412          LassoAnalysis]: Checking for nontermination...
No working directory specified, using /home/xuechao/xuechao/work/Lab/Termination/Lasso-Ranker/z3
Starting monitored process 2 with z3 -smt2 -in SMTLIB2_COMPLIANT=true (exit command is (exit), workingDir is null)
Waiting until toolchain timeout for monitored process 2 with z3 -smt2 -in SMTLIB2_COMPLIANT=true
[2019-05-02 20:08:18,715 INFO  L151   nArgumentSynthesizer]: Nontermination analysis: LINEAR_WITH_GUESSES Allow bounded executions: true Number of generalized eigenvectors: 0 Nilpotent components: true
[2019-05-02 20:08:18,715 INFO  L163   nArgumentSynthesizer]: Using integer mode.
No working directory specified, using /home/xuechao/xuechao/work/Lab/Termination/Lasso-Ranker/z3
Starting monitored process 3 with z3 -smt2 -in SMTLIB2_COMPLIANT=true (exit command is (exit), workingDir is null)
Waiting until toolchain timeout for monitored process 3 with z3 -smt2 -in SMTLIB2_COMPLIANT=true
[2019-05-02 20:08:18,736 INFO  L151   nArgumentSynthesizer]: Nontermination analysis: LINEAR_WITH_GUESSES Allow bounded executions: true Number of generalized eigenvectors: 3 Nilpotent components: true
[2019-05-02 20:08:18,736 INFO  L163   nArgumentSynthesizer]: Using integer mode.
[2019-05-02 20:08:18,760 INFO  L452          LassoAnalysis]: Proving nontermination failed: No geometric nontermination argument exists.
[2019-05-02 20:08:18,761 INFO  L216          LassoAnalysis]: Preferences:
[2019-05-02 20:08:18,761 INFO  L124   ssoRankerPreferences]: Compute integeral hull: false
[2019-05-02 20:08:18,761 INFO  L125   ssoRankerPreferences]: Enable LassoPartitioneer: true
[2019-05-02 20:08:18,761 INFO  L126   ssoRankerPreferences]: Term annotations enabled: false
[2019-05-02 20:08:18,762 INFO  L127   ssoRankerPreferences]: Use exernal solver: true
[2019-05-02 20:08:18,762 INFO  L128   ssoRankerPreferences]: SMT solver command: z3 -smt2 -in SMTLIB2_COMPLIANT=true
[2019-05-02 20:08:18,762 INFO  L129   ssoRankerPreferences]: Dump SMT script to file: false
[2019-05-02 20:08:18,762 INFO  L130   ssoRankerPreferences]: Path of dumped script: .
[2019-05-02 20:08:18,762 INFO  L131   ssoRankerPreferences]: Filename of dumped script: LassoRankerScript
[2019-05-02 20:08:18,762 INFO  L132   ssoRankerPreferences]: MapElimAlgo: Frank
[2019-05-02 20:08:18,762 INFO  L282          LassoAnalysis]: Starting lasso preprocessing...
[2019-05-02 20:08:18,763 INFO  L141          MapEliminator]: Using MapEliminator with SimplificationTechnique=SIMPLIFY_DDA XnfConversionTechnique=BOTTOM_UP_WITH_LOCAL_SIMPLIFICATION AddInequalities=false OnlyTrivialImplicationsArrayWrite=false OnlyTrivialImplicationsForModifiedArguments=true OnlyArgumentsInFormula=true
[2019-05-02 20:08:18,808 INFO  L300          LassoAnalysis]: Preprocessing complete.
[2019-05-02 20:08:18,811 INFO  L497          LassoAnalysis]: Using template 'affine'.
No working directory specified, using /home/xuechao/xuechao/work/Lab/Termination/Lasso-Ranker/z3
Starting monitored process 4 with z3 -smt2 -in SMTLIB2_COMPLIANT=true (exit command is (exit), workingDir is null)
Waiting until toolchain timeout for monitored process 4 with z3 -smt2 -in SMTLIB2_COMPLIANT=true
[2019-05-02 20:08:18,814 INFO  L122   nArgumentSynthesizer]: Termination Analysis Settings:
Termination analysis: LINEAR_WITH_GUESSES
Number of strict supporting invariants: 1
Number of non-strict supporting invariants: 0
Consider only non-deceasing supporting invariants: true
Simplify termination arguments: true
Simplify supporting invariants: trueOverapproximate stem: false
[2019-05-02 20:08:18,816 INFO  L339   nArgumentSynthesizer]: Template has degree 0.
[2019-05-02 20:08:18,816 INFO  L352   nArgumentSynthesizer]: There is no stem transition; disabling supporting invariant generation.
[2019-05-02 20:08:18,817 INFO  L205   nArgumentSynthesizer]: 1 stem disjuncts
[2019-05-02 20:08:18,817 INFO  L206   nArgumentSynthesizer]: 2 loop disjuncts
[2019-05-02 20:08:18,817 INFO  L207   nArgumentSynthesizer]: 2 template conjuncts.
[2019-05-02 20:08:18,820 INFO  L402   nArgumentSynthesizer]: We have 4 Motzkin's Theorem applications.
[2019-05-02 20:08:18,820 INFO  L403   nArgumentSynthesizer]: A total of 0 supporting invariants were added.
[2019-05-02 20:08:18,823 INFO  L530          LassoAnalysis]: Proving termination failed for this template and these settings.
[2019-05-02 20:08:18,837 INFO  L497          LassoAnalysis]: Using template '2-nested'.
No working directory specified, using /home/xuechao/xuechao/work/Lab/Termination/Lasso-Ranker/z3
Starting monitored process 5 with z3 -smt2 -in SMTLIB2_COMPLIANT=true (exit command is (exit), workingDir is null)
Waiting until toolchain timeout for monitored process 5 with z3 -smt2 -in SMTLIB2_COMPLIANT=true
[2019-05-02 20:08:18,839 INFO  L122   nArgumentSynthesizer]: Termination Analysis Settings:
Termination analysis: LINEAR_WITH_GUESSES
Number of strict supporting invariants: 1
Number of non-strict supporting invariants: 0
Consider only non-deceasing supporting invariants: true
Simplify termination arguments: true
Simplify supporting invariants: trueOverapproximate stem: false
[2019-05-02 20:08:18,846 INFO  L339   nArgumentSynthesizer]: Template has degree 0.
[2019-05-02 20:08:18,846 INFO  L352   nArgumentSynthesizer]: There is no stem transition; disabling supporting invariant generation.
[2019-05-02 20:08:18,847 INFO  L205   nArgumentSynthesizer]: 1 stem disjuncts
[2019-05-02 20:08:18,847 INFO  L206   nArgumentSynthesizer]: 2 loop disjuncts
[2019-05-02 20:08:18,847 INFO  L207   nArgumentSynthesizer]: 3 template conjuncts.
[2019-05-02 20:08:18,849 INFO  L402   nArgumentSynthesizer]: We have 6 Motzkin's Theorem applications.
[2019-05-02 20:08:18,850 INFO  L403   nArgumentSynthesizer]: A total of 0 supporting invariants were added.
[2019-05-02 20:08:18,852 INFO  L530          LassoAnalysis]: Proving termination failed for this template and these settings.
[2019-05-02 20:08:18,866 INFO  L497          LassoAnalysis]: Using template '3-nested'.
No working directory specified, using /home/xuechao/xuechao/work/Lab/Termination/Lasso-Ranker/z3
Starting monitored process 6 with z3 -smt2 -in SMTLIB2_COMPLIANT=true (exit command is (exit), workingDir is null)
Waiting until toolchain timeout for monitored process 6 with z3 -smt2 -in SMTLIB2_COMPLIANT=true
[2019-05-02 20:08:18,868 INFO  L122   nArgumentSynthesizer]: Termination Analysis Settings:
Termination analysis: LINEAR_WITH_GUESSES
Number of strict supporting invariants: 1
Number of non-strict supporting invariants: 0
Consider only non-deceasing supporting invariants: true
Simplify termination arguments: true
Simplify supporting invariants: trueOverapproximate stem: false
[2019-05-02 20:08:18,870 INFO  L339   nArgumentSynthesizer]: Template has degree 0.
[2019-05-02 20:08:18,870 INFO  L352   nArgumentSynthesizer]: There is no stem transition; disabling supporting invariant generation.
[2019-05-02 20:08:18,870 INFO  L205   nArgumentSynthesizer]: 1 stem disjuncts
[2019-05-02 20:08:18,870 INFO  L206   nArgumentSynthesizer]: 2 loop disjuncts
[2019-05-02 20:08:18,870 INFO  L207   nArgumentSynthesizer]: 4 template conjuncts.
[2019-05-02 20:08:18,874 INFO  L402   nArgumentSynthesizer]: We have 8 Motzkin's Theorem applications.
[2019-05-02 20:08:18,874 INFO  L403   nArgumentSynthesizer]: A total of 0 supporting invariants were added.
[2019-05-02 20:08:18,877 INFO  L530          LassoAnalysis]: Proving termination failed for this template and these settings.
[2019-05-02 20:08:18,892 INFO  L497          LassoAnalysis]: Using template '4-nested'.
No working directory specified, using /home/xuechao/xuechao/work/Lab/Termination/Lasso-Ranker/z3
Starting monitored process 7 with z3 -smt2 -in SMTLIB2_COMPLIANT=true (exit command is (exit), workingDir is null)
Waiting until toolchain timeout for monitored process 7 with z3 -smt2 -in SMTLIB2_COMPLIANT=true
[2019-05-02 20:08:18,899 INFO  L122   nArgumentSynthesizer]: Termination Analysis Settings:
Termination analysis: LINEAR_WITH_GUESSES
Number of strict supporting invariants: 1
Number of non-strict supporting invariants: 0
Consider only non-deceasing supporting invariants: true
Simplify termination arguments: true
Simplify supporting invariants: trueOverapproximate stem: false
[2019-05-02 20:08:18,901 INFO  L339   nArgumentSynthesizer]: Template has degree 0.
[2019-05-02 20:08:18,901 INFO  L352   nArgumentSynthesizer]: There is no stem transition; disabling supporting invariant generation.
[2019-05-02 20:08:18,901 INFO  L205   nArgumentSynthesizer]: 1 stem disjuncts
[2019-05-02 20:08:18,901 INFO  L206   nArgumentSynthesizer]: 2 loop disjuncts
[2019-05-02 20:08:18,901 INFO  L207   nArgumentSynthesizer]: 5 template conjuncts.
[2019-05-02 20:08:18,907 INFO  L402   nArgumentSynthesizer]: We have 10 Motzkin's Theorem applications.
[2019-05-02 20:08:18,907 INFO  L403   nArgumentSynthesizer]: A total of 0 supporting invariants were added.
[2019-05-02 20:08:18,911 INFO  L530          LassoAnalysis]: Proving termination failed for this template and these settings.
[2019-05-02 20:08:18,926 INFO  L497          LassoAnalysis]: Using template '2-phase'.
No working directory specified, using /home/xuechao/xuechao/work/Lab/Termination/Lasso-Ranker/z3
Starting monitored process 8 with z3 -smt2 -in SMTLIB2_COMPLIANT=true (exit command is (exit), workingDir is null)
Waiting until toolchain timeout for monitored process 8 with z3 -smt2 -in SMTLIB2_COMPLIANT=true
[2019-05-02 20:08:18,931 INFO  L122   nArgumentSynthesizer]: Termination Analysis Settings:
Termination analysis: LINEAR_WITH_GUESSES
Number of strict supporting invariants: 1
Number of non-strict supporting invariants: 0
Consider only non-deceasing supporting invariants: true
Simplify termination arguments: true
Simplify supporting invariants: trueOverapproximate stem: false
[2019-05-02 20:08:18,933 WARN  L334   nArgumentSynthesizer]: Using a linear SMT query and a templates of degree > 0, hence this method is incomplete.
[2019-05-02 20:08:18,933 INFO  L339   nArgumentSynthesizer]: Template has degree 1.
[2019-05-02 20:08:18,933 INFO  L352   nArgumentSynthesizer]: There is no stem transition; disabling supporting invariant generation.
[2019-05-02 20:08:18,933 INFO  L205   nArgumentSynthesizer]: 1 stem disjuncts
[2019-05-02 20:08:18,933 INFO  L206   nArgumentSynthesizer]: 2 loop disjuncts
[2019-05-02 20:08:18,933 INFO  L207   nArgumentSynthesizer]: 3 template conjuncts.
[2019-05-02 20:08:18,937 INFO  L402   nArgumentSynthesizer]: We have 6 Motzkin's Theorem applications.
[2019-05-02 20:08:18,937 INFO  L403   nArgumentSynthesizer]: A total of 0 supporting invariants were added.
[2019-05-02 20:08:18,942 INFO  L530          LassoAnalysis]: Proving termination failed for this template and these settings.
[2019-05-02 20:08:18,956 INFO  L497          LassoAnalysis]: Using template 'lex(affine, affine)'.
No working directory specified, using /home/xuechao/xuechao/work/Lab/Termination/Lasso-Ranker/z3
Starting monitored process 9 with z3 -smt2 -in SMTLIB2_COMPLIANT=true (exit command is (exit), workingDir is null)
Waiting until toolchain timeout for monitored process 9 with z3 -smt2 -in SMTLIB2_COMPLIANT=true
[2019-05-02 20:08:18,959 INFO  L122   nArgumentSynthesizer]: Termination Analysis Settings:
Termination analysis: LINEAR_WITH_GUESSES
Number of strict supporting invariants: 1
Number of non-strict supporting invariants: 0
Consider only non-deceasing supporting invariants: true
Simplify termination arguments: true
Simplify supporting invariants: trueOverapproximate stem: false
[2019-05-02 20:08:18,961 WARN  L334   nArgumentSynthesizer]: Using a linear SMT query and a templates of degree > 0, hence this method is incomplete.
[2019-05-02 20:08:18,961 INFO  L339   nArgumentSynthesizer]: Template has degree 5.
[2019-05-02 20:08:18,961 INFO  L352   nArgumentSynthesizer]: There is no stem transition; disabling supporting invariant generation.
[2019-05-02 20:08:18,962 INFO  L205   nArgumentSynthesizer]: 1 stem disjuncts
[2019-05-02 20:08:18,962 INFO  L206   nArgumentSynthesizer]: 2 loop disjuncts
[2019-05-02 20:08:18,962 INFO  L207   nArgumentSynthesizer]: 4 template conjuncts.
[2019-05-02 20:08:18,966 INFO  L402   nArgumentSynthesizer]: We have 8 Motzkin's Theorem applications.
[2019-05-02 20:08:18,966 INFO  L403   nArgumentSynthesizer]: A total of 0 supporting invariants were added.
[2019-05-02 20:08:18,971 INFO  L530          LassoAnalysis]: Proving termination failed for this template and these settings.
[2019-05-02 20:08:18,984 INFO  L497          LassoAnalysis]: Using template '2-piece'.
No working directory specified, using /home/xuechao/xuechao/work/Lab/Termination/Lasso-Ranker/z3
Starting monitored process 10 with z3 -smt2 -in SMTLIB2_COMPLIANT=true (exit command is (exit), workingDir is null)
Waiting until toolchain timeout for monitored process 10 with z3 -smt2 -in SMTLIB2_COMPLIANT=true
[2019-05-02 20:08:18,986 INFO  L122   nArgumentSynthesizer]: Termination Analysis Settings:
Termination analysis: LINEAR_WITH_GUESSES
Number of strict supporting invariants: 1
Number of non-strict supporting invariants: 0
Consider only non-deceasing supporting invariants: true
Simplify termination arguments: true
Simplify supporting invariants: trueOverapproximate stem: false
[2019-05-02 20:08:18,988 WARN  L334   nArgumentSynthesizer]: Using a linear SMT query and a templates of degree > 0, hence this method is incomplete.
[2019-05-02 20:08:18,988 INFO  L339   nArgumentSynthesizer]: Template has degree 7.
[2019-05-02 20:08:18,988 INFO  L352   nArgumentSynthesizer]: There is no stem transition; disabling supporting invariant generation.
[2019-05-02 20:08:18,988 INFO  L205   nArgumentSynthesizer]: 1 stem disjuncts
[2019-05-02 20:08:18,988 INFO  L206   nArgumentSynthesizer]: 2 loop disjuncts
[2019-05-02 20:08:18,988 INFO  L207   nArgumentSynthesizer]: 7 template conjuncts.
[2019-05-02 20:08:18,996 INFO  L402   nArgumentSynthesizer]: We have 14 Motzkin's Theorem applications.
[2019-05-02 20:08:18,996 INFO  L403   nArgumentSynthesizer]: A total of 0 supporting invariants were added.
[2019-05-02 20:08:19,022 INFO  L530          LassoAnalysis]: Proving termination failed for this template and these settings.
[2019-05-02 20:08:19,037 INFO  L497          LassoAnalysis]: Using template '2-parallel'.
No working directory specified, using /home/xuechao/xuechao/work/Lab/Termination/Lasso-Ranker/z3
Starting monitored process 11 with z3 -smt2 -in SMTLIB2_COMPLIANT=true (exit command is (exit), workingDir is null)
Waiting until toolchain timeout for monitored process 11 with z3 -smt2 -in SMTLIB2_COMPLIANT=true
[2019-05-02 20:08:19,048 INFO  L122   nArgumentSynthesizer]: Termination Analysis Settings:
Termination analysis: LINEAR_WITH_GUESSES
Number of strict supporting invariants: 1
Number of non-strict supporting invariants: 0
Consider only non-deceasing supporting invariants: true
Simplify termination arguments: true
Simplify supporting invariants: trueOverapproximate stem: false
[2019-05-02 20:08:19,049 WARN  L334   nArgumentSynthesizer]: Using a linear SMT query and a templates of degree > 0, hence this method is incomplete.
[2019-05-02 20:08:19,049 INFO  L339   nArgumentSynthesizer]: Template has degree 4.
[2019-05-02 20:08:19,049 INFO  L352   nArgumentSynthesizer]: There is no stem transition; disabling supporting invariant generation.
[2019-05-02 20:08:19,050 INFO  L205   nArgumentSynthesizer]: 1 stem disjuncts
[2019-05-02 20:08:19,050 INFO  L206   nArgumentSynthesizer]: 2 loop disjuncts
[2019-05-02 20:08:19,050 INFO  L207   nArgumentSynthesizer]: 6 template conjuncts.
[2019-05-02 20:08:19,057 INFO  L402   nArgumentSynthesizer]: We have 12 Motzkin's Theorem applications.
[2019-05-02 20:08:19,057 INFO  L403   nArgumentSynthesizer]: A total of 0 supporting invariants were added.
[2019-05-02 20:08:19,070 INFO  L530          LassoAnalysis]: Proving termination failed for this template and these settings.
[2019-05-02 20:08:19,085 INFO  L489     LassoRankerStarter]: LassoRanker could not prove termination or nontermination of the given linear lasso program.
Templates: AffineTemplate NestedTemplate NestedTemplate NestedTemplate MultiphaseTemplate ComposedLexicographicTemplate PiecewiseTemplate ParallelTemplate
[2019-05-02 20:08:19,086 INFO  L132        PluginConnector]: ------------------------ END LassoRanker----------------------------
[2019-05-02 20:08:19,086 INFO  L168              Benchmark]: Toolchain (without parser) took 719.06 ms. Allocated memory is still 514.9 MB. Free memory was 477.8 MB in the beginning and 404.7 MB in the end (delta: 73.1 MB). Peak memory consumption was 73.1 MB. Max. memory is 11.5 GB.
[2019-05-02 20:08:19,088 INFO  L168              Benchmark]: Boogie PL CUP Parser took 0.12 ms. Allocated memory is still 514.9 MB. Free memory is still 479.3 MB. There was no memory consumed. Max. memory is 11.5 GB.
[2019-05-02 20:08:19,088 INFO  L168              Benchmark]: Boogie Preprocessor took 28.43 ms. Allocated memory is still 514.9 MB. Free memory was 477.8 MB in the beginning and 475.1 MB in the end (delta: 2.7 MB). Peak memory consumption was 2.7 MB. Max. memory is 11.5 GB.
[2019-05-02 20:08:19,090 INFO  L168              Benchmark]: RCFGBuilder took 119.99 ms. Allocated memory is still 514.9 MB. Free memory was 475.1 MB in the beginning and 467.4 MB in the end (delta: 7.7 MB). Peak memory consumption was 7.7 MB. Max. memory is 11.5 GB.
[2019-05-02 20:08:19,092 INFO  L168              Benchmark]: LassoRanker took 568.34 ms. Allocated memory is still 514.9 MB. Free memory was 467.4 MB in the beginning and 404.7 MB in the end (delta: 62.7 MB). Peak memory consumption was 62.7 MB. Max. memory is 11.5 GB.
[2019-05-02 20:08:19,096 INFO  L336   ainManager$Toolchain]: #######################  End [Toolchain 1] #######################
 --- Results ---
 * Results from de.uni_freiburg.informatik.ultimate.core:
  - StatisticsResult: Toolchain Benchmarks
    Benchmark results are:
 * Boogie PL CUP Parser took 0.12 ms. Allocated memory is still 514.9 MB. Free memory is still 479.3 MB. There was no memory consumed. Max. memory is 11.5 GB.
 * Boogie Preprocessor took 28.43 ms. Allocated memory is still 514.9 MB. Free memory was 477.8 MB in the beginning and 475.1 MB in the end (delta: 2.7 MB). Peak memory consumption was 2.7 MB. Max. memory is 11.5 GB.
 * RCFGBuilder took 119.99 ms. Allocated memory is still 514.9 MB. Free memory was 475.1 MB in the beginning and 467.4 MB in the end (delta: 7.7 MB). Peak memory consumption was 7.7 MB. Max. memory is 11.5 GB.
 * LassoRanker took 568.34 ms. Allocated memory is still 514.9 MB. Free memory was 467.4 MB in the beginning and 404.7 MB in the end (delta: 62.7 MB). Peak memory consumption was 62.7 MB. Max. memory is 11.5 GB.
 * Results from de.uni_freiburg.informatik.ultimate.plugins.analysis.lassoranker:
  - NoResult [Line: 13]: LassoRanker could not prove termination
    LassoRanker could not prove termination or nontermination of the given linear lasso program.
Templates: AffineTemplate NestedTemplate NestedTemplate NestedTemplate MultiphaseTemplate ComposedLexicographicTemplate PiecewiseTemplate ParallelTemplate
RESULT: Ultimate could not prove your program: Toolchain returned no result.
Received shutdown request...
