This is Ultimate 0.1.24-16d85fa
[2019-05-02 20:08:22,976 INFO  L170        SettingsManager]: Resetting all preferences to default values...
[2019-05-02 20:08:22,978 INFO  L174        SettingsManager]: Resetting UltimateCore preferences to default values
[2019-05-02 20:08:22,987 INFO  L177        SettingsManager]: Ultimate Commandline Interface provides no preferences, ignoring...
[2019-05-02 20:08:22,987 INFO  L174        SettingsManager]: Resetting Boogie Preprocessor preferences to default values
[2019-05-02 20:08:22,988 INFO  L174        SettingsManager]: Resetting Boogie Procedure Inliner preferences to default values
[2019-05-02 20:08:22,989 INFO  L174        SettingsManager]: Resetting Abstract Interpretation preferences to default values
[2019-05-02 20:08:22,990 INFO  L174        SettingsManager]: Resetting LassoRanker preferences to default values
[2019-05-02 20:08:22,991 INFO  L174        SettingsManager]: Resetting Reaching Definitions preferences to default values
[2019-05-02 20:08:22,992 INFO  L174        SettingsManager]: Resetting SyntaxChecker preferences to default values
[2019-05-02 20:08:22,992 INFO  L177        SettingsManager]: Büchi Program Product provides no preferences, ignoring...
[2019-05-02 20:08:22,992 INFO  L174        SettingsManager]: Resetting LTL2Aut preferences to default values
[2019-05-02 20:08:22,993 INFO  L174        SettingsManager]: Resetting PEA to Boogie preferences to default values
[2019-05-02 20:08:22,993 INFO  L174        SettingsManager]: Resetting BlockEncodingV2 preferences to default values
[2019-05-02 20:08:22,994 INFO  L174        SettingsManager]: Resetting ChcToBoogie preferences to default values
[2019-05-02 20:08:22,995 INFO  L174        SettingsManager]: Resetting AutomataScriptInterpreter preferences to default values
[2019-05-02 20:08:22,995 INFO  L174        SettingsManager]: Resetting BuchiAutomizer preferences to default values
[2019-05-02 20:08:22,996 INFO  L174        SettingsManager]: Resetting CACSL2BoogieTranslator preferences to default values
[2019-05-02 20:08:22,998 INFO  L174        SettingsManager]: Resetting CodeCheck preferences to default values
[2019-05-02 20:08:22,999 INFO  L174        SettingsManager]: Resetting InvariantSynthesis preferences to default values
[2019-05-02 20:08:23,000 INFO  L174        SettingsManager]: Resetting RCFGBuilder preferences to default values
[2019-05-02 20:08:23,000 INFO  L174        SettingsManager]: Resetting TraceAbstraction preferences to default values
[2019-05-02 20:08:23,002 INFO  L177        SettingsManager]: TraceAbstractionConcurrent provides no preferences, ignoring...
[2019-05-02 20:08:23,002 INFO  L177        SettingsManager]: TraceAbstractionWithAFAs provides no preferences, ignoring...
[2019-05-02 20:08:23,002 INFO  L174        SettingsManager]: Resetting TreeAutomizer preferences to default values
[2019-05-02 20:08:23,003 INFO  L174        SettingsManager]: Resetting IcfgTransformer preferences to default values
[2019-05-02 20:08:23,003 INFO  L174        SettingsManager]: Resetting Boogie Printer preferences to default values
[2019-05-02 20:08:23,004 INFO  L174        SettingsManager]: Resetting ReqPrinter preferences to default values
[2019-05-02 20:08:23,004 INFO  L174        SettingsManager]: Resetting Witness Printer preferences to default values
[2019-05-02 20:08:23,005 INFO  L177        SettingsManager]: Boogie PL CUP Parser provides no preferences, ignoring...
[2019-05-02 20:08:23,005 INFO  L174        SettingsManager]: Resetting CDTParser preferences to default values
[2019-05-02 20:08:23,006 INFO  L177        SettingsManager]: AutomataScriptParser provides no preferences, ignoring...
[2019-05-02 20:08:23,006 INFO  L177        SettingsManager]: ReqParser provides no preferences, ignoring...
[2019-05-02 20:08:23,006 INFO  L174        SettingsManager]: Resetting SmtParser preferences to default values
[2019-05-02 20:08:23,006 INFO  L174        SettingsManager]: Resetting Witness Parser preferences to default values
[2019-05-02 20:08:23,007 INFO  L181        SettingsManager]: Finished resetting all preferences to default values...
[2019-05-02 20:08:23,022 INFO  L81    nceAwareModelManager]: Repository-Root is: /tmp
[2019-05-02 20:08:23,030 INFO  L258   ainManager$Toolchain]: [Toolchain 1]: Applicable parser(s) successfully (re)initialized
[2019-05-02 20:08:23,033 INFO  L214   ainManager$Toolchain]: [Toolchain 1]: Toolchain selected.
[2019-05-02 20:08:23,034 INFO  L271        PluginConnector]: Initializing Boogie PL CUP Parser...
[2019-05-02 20:08:23,034 INFO  L276        PluginConnector]: Boogie PL CUP Parser initialized
[2019-05-02 20:08:23,035 INFO  L418   ainManager$Toolchain]: [Toolchain 1]: Parsing single file: /home/xuechao/xuechao/work/Lab/Termination/Lasso-Ranker/Program_non/24.bpl
[2019-05-02 20:08:23,035 INFO  L111           BoogieParser]: Parsing: '/home/xuechao/xuechao/work/Lab/Termination/Lasso-Ranker/Program_non/24.bpl'
[2019-05-02 20:08:23,057 INFO  L296   ainManager$Toolchain]: ####################### [Toolchain 1] #######################
[2019-05-02 20:08:23,058 INFO  L131        ToolchainWalker]: Walking toolchain with 3 elements.
[2019-05-02 20:08:23,058 INFO  L113        PluginConnector]: ------------------------Boogie Preprocessor----------------------------
[2019-05-02 20:08:23,058 INFO  L271        PluginConnector]: Initializing Boogie Preprocessor...
[2019-05-02 20:08:23,059 INFO  L276        PluginConnector]: Boogie Preprocessor initialized
[2019-05-02 20:08:23,074 INFO  L185        PluginConnector]: Executing the observer EnsureBoogieModelObserver from plugin Boogie Preprocessor for "24.bpl de.uni_freiburg.informatik.ultimate.boogie.parser AST 02.05 08:08:23" (1/1) ...
[2019-05-02 20:08:23,076 INFO  L185        PluginConnector]: Executing the observer TypeChecker from plugin Boogie Preprocessor for "24.bpl de.uni_freiburg.informatik.ultimate.boogie.parser AST 02.05 08:08:23" (1/1) ...
[2019-05-02 20:08:23,080 INFO  L185        PluginConnector]: Executing the observer ConstExpander from plugin Boogie Preprocessor for "24.bpl de.uni_freiburg.informatik.ultimate.boogie.parser AST 02.05 08:08:23" (1/1) ...
[2019-05-02 20:08:23,080 INFO  L185        PluginConnector]: Executing the observer StructExpander from plugin Boogie Preprocessor for "24.bpl de.uni_freiburg.informatik.ultimate.boogie.parser AST 02.05 08:08:23" (1/1) ...
[2019-05-02 20:08:23,082 INFO  L185        PluginConnector]: Executing the observer UnstructureCode from plugin Boogie Preprocessor for "24.bpl de.uni_freiburg.informatik.ultimate.boogie.parser AST 02.05 08:08:23" (1/1) ...
[2019-05-02 20:08:23,085 INFO  L185        PluginConnector]: Executing the observer FunctionInliner from plugin Boogie Preprocessor for "24.bpl de.uni_freiburg.informatik.ultimate.boogie.parser AST 02.05 08:08:23" (1/1) ...
[2019-05-02 20:08:23,086 INFO  L185        PluginConnector]: Executing the observer BoogieSymbolTableConstructor from plugin Boogie Preprocessor for "24.bpl de.uni_freiburg.informatik.ultimate.boogie.parser AST 02.05 08:08:23" (1/1) ...
[2019-05-02 20:08:23,086 INFO  L132        PluginConnector]: ------------------------ END Boogie Preprocessor----------------------------
[2019-05-02 20:08:23,087 INFO  L113        PluginConnector]: ------------------------RCFGBuilder----------------------------
[2019-05-02 20:08:23,087 INFO  L271        PluginConnector]: Initializing RCFGBuilder...
[2019-05-02 20:08:23,087 INFO  L276        PluginConnector]: RCFGBuilder initialized
[2019-05-02 20:08:23,088 INFO  L185        PluginConnector]: Executing the observer RCFGBuilderObserver from plugin RCFGBuilder for "24.bpl de.uni_freiburg.informatik.ultimate.boogie.parser AST 02.05 08:08:23" (1/1) ...
No working directory specified, using /home/xuechao/xuechao/work/Lab/Termination/Lasso-Ranker/z3
Starting monitored process 1 with z3 SMTLIB2_COMPLIANT=true -memory:1024 -smt2 -in -t:12000 (exit command is (exit), workingDir is null)
Waiting until toolchain timeout for monitored process 1 with z3 SMTLIB2_COMPLIANT=true -memory:1024 -smt2 -in -t:12000
[2019-05-02 20:08:23,128 INFO  L124     BoogieDeclarations]: Specification and implementation of procedure Collatz given in one single declaration
[2019-05-02 20:08:23,128 INFO  L130     BoogieDeclarations]: Found specification of procedure Collatz
[2019-05-02 20:08:23,128 INFO  L138     BoogieDeclarations]: Found implementation of procedure Collatz
[2019-05-02 20:08:23,238 INFO  L278             CfgBuilder]: Using library mode
[2019-05-02 20:08:23,238 INFO  L286             CfgBuilder]: Removed 0 assue(true) statements.
[2019-05-02 20:08:23,239 INFO  L202        PluginConnector]: Adding new model 24.bpl de.uni_freiburg.informatik.ultimate.plugins.generator.rcfgbuilder CFG 02.05 08:08:23 BoogieIcfgContainer
[2019-05-02 20:08:23,239 INFO  L132        PluginConnector]: ------------------------ END RCFGBuilder----------------------------
[2019-05-02 20:08:23,239 INFO  L113        PluginConnector]: ------------------------LassoRanker----------------------------
[2019-05-02 20:08:23,239 INFO  L271        PluginConnector]: Initializing LassoRanker...
[2019-05-02 20:08:23,240 INFO  L276        PluginConnector]: LassoRanker initialized
[2019-05-02 20:08:23,240 INFO  L185        PluginConnector]: Executing the observer LassoRankerObserver from plugin LassoRanker for "24.bpl de.uni_freiburg.informatik.ultimate.plugins.generator.rcfgbuilder CFG 02.05 08:08:23" (1/1) ...
[2019-05-02 20:08:23,263 INFO  L72            BuchiIsEmpty]: Start buchiIsEmpty. Operand 2 states.
[2019-05-02 20:08:23,279 INFO  L131   ngComponentsAnalysis]: Automaton has 1 accepting balls. 1
[2019-05-02 20:08:23,279 INFO  L87            BuchiIsEmpty]: Finished buchiIsEmpty Result is false
[2019-05-02 20:08:23,279 INFO  L119           BuchiIsEmpty]: Starting construction of run
[2019-05-02 20:08:23,284 INFO  L104     BuchiDifferenceFKV]: Start buchiDifferenceFKV. First operand 2 states. Second operand 1 states.
[2019-05-02 20:08:23,293 INFO  L108     BuchiDifferenceFKV]: Finished buchiDifferenceFKV. First operand 2 states. Second operand 1 states. Result 3 states and 4 transitions. Complement of second has 2 states 2 powerset states0 rank states. The highest rank that occured is -1
[2019-05-02 20:08:23,293 INFO  L72            BuchiIsEmpty]: Start buchiIsEmpty. Operand 3 states and 4 transitions.
[2019-05-02 20:08:23,293 INFO  L131   ngComponentsAnalysis]: Automaton has 0 accepting balls. 0
[2019-05-02 20:08:23,293 INFO  L87            BuchiIsEmpty]: Finished buchiIsEmpty Result is true
[2019-05-02 20:08:23,370 INFO  L216          LassoAnalysis]: Preferences:
[2019-05-02 20:08:23,371 INFO  L124   ssoRankerPreferences]: Compute integeral hull: false
[2019-05-02 20:08:23,371 INFO  L125   ssoRankerPreferences]: Enable LassoPartitioneer: true
[2019-05-02 20:08:23,371 INFO  L126   ssoRankerPreferences]: Term annotations enabled: false
[2019-05-02 20:08:23,371 INFO  L127   ssoRankerPreferences]: Use exernal solver: true
[2019-05-02 20:08:23,371 INFO  L128   ssoRankerPreferences]: SMT solver command: z3 -smt2 -in SMTLIB2_COMPLIANT=true
[2019-05-02 20:08:23,371 INFO  L129   ssoRankerPreferences]: Dump SMT script to file: false
[2019-05-02 20:08:23,371 INFO  L130   ssoRankerPreferences]: Path of dumped script: .
[2019-05-02 20:08:23,372 INFO  L131   ssoRankerPreferences]: Filename of dumped script: LassoRankerScript
[2019-05-02 20:08:23,372 INFO  L132   ssoRankerPreferences]: MapElimAlgo: Frank
[2019-05-02 20:08:23,372 INFO  L282          LassoAnalysis]: Starting lasso preprocessing...
[2019-05-02 20:08:23,388 INFO  L141          MapEliminator]: Using MapEliminator with SimplificationTechnique=SIMPLIFY_DDA XnfConversionTechnique=BOTTOM_UP_WITH_LOCAL_SIMPLIFICATION AddInequalities=false OnlyTrivialImplicationsArrayWrite=false OnlyTrivialImplicationsForModifiedArguments=true OnlyArgumentsInFormula=true
[2019-05-02 20:08:23,581 WARN  L181               SmtUtils]: Spent 111.00 ms on a formula simplification. DAG size of input: 32 DAG size of output: 30
[2019-05-02 20:08:23,654 INFO  L300          LassoAnalysis]: Preprocessing complete.
[2019-05-02 20:08:23,654 INFO  L412          LassoAnalysis]: Checking for nontermination...
No working directory specified, using /home/xuechao/xuechao/work/Lab/Termination/Lasso-Ranker/z3
Starting monitored process 2 with z3 -smt2 -in SMTLIB2_COMPLIANT=true (exit command is (exit), workingDir is null)
Waiting until toolchain timeout for monitored process 2 with z3 -smt2 -in SMTLIB2_COMPLIANT=true
[2019-05-02 20:08:23,667 INFO  L151   nArgumentSynthesizer]: Nontermination analysis: LINEAR_WITH_GUESSES Allow bounded executions: true Number of generalized eigenvectors: 0 Nilpotent components: true
[2019-05-02 20:08:23,667 INFO  L163   nArgumentSynthesizer]: Using integer mode.
No working directory specified, using /home/xuechao/xuechao/work/Lab/Termination/Lasso-Ranker/z3
Starting monitored process 3 with z3 -smt2 -in SMTLIB2_COMPLIANT=true (exit command is (exit), workingDir is null)
Waiting until toolchain timeout for monitored process 3 with z3 -smt2 -in SMTLIB2_COMPLIANT=true
[2019-05-02 20:08:23,691 INFO  L151   nArgumentSynthesizer]: Nontermination analysis: LINEAR_WITH_GUESSES Allow bounded executions: true Number of generalized eigenvectors: 3 Nilpotent components: true
[2019-05-02 20:08:23,691 INFO  L163   nArgumentSynthesizer]: Using integer mode.
[2019-05-02 20:08:23,721 INFO  L452          LassoAnalysis]: Proving nontermination failed: No geometric nontermination argument exists.
[2019-05-02 20:08:23,723 INFO  L216          LassoAnalysis]: Preferences:
[2019-05-02 20:08:23,723 INFO  L124   ssoRankerPreferences]: Compute integeral hull: false
[2019-05-02 20:08:23,723 INFO  L125   ssoRankerPreferences]: Enable LassoPartitioneer: true
[2019-05-02 20:08:23,723 INFO  L126   ssoRankerPreferences]: Term annotations enabled: false
[2019-05-02 20:08:23,723 INFO  L127   ssoRankerPreferences]: Use exernal solver: true
[2019-05-02 20:08:23,723 INFO  L128   ssoRankerPreferences]: SMT solver command: z3 -smt2 -in SMTLIB2_COMPLIANT=true
[2019-05-02 20:08:23,723 INFO  L129   ssoRankerPreferences]: Dump SMT script to file: false
[2019-05-02 20:08:23,723 INFO  L130   ssoRankerPreferences]: Path of dumped script: .
[2019-05-02 20:08:23,724 INFO  L131   ssoRankerPreferences]: Filename of dumped script: LassoRankerScript
[2019-05-02 20:08:23,724 INFO  L132   ssoRankerPreferences]: MapElimAlgo: Frank
[2019-05-02 20:08:23,724 INFO  L282          LassoAnalysis]: Starting lasso preprocessing...
[2019-05-02 20:08:23,725 INFO  L141          MapEliminator]: Using MapEliminator with SimplificationTechnique=SIMPLIFY_DDA XnfConversionTechnique=BOTTOM_UP_WITH_LOCAL_SIMPLIFICATION AddInequalities=false OnlyTrivialImplicationsArrayWrite=false OnlyTrivialImplicationsForModifiedArguments=true OnlyArgumentsInFormula=true
[2019-05-02 20:08:23,873 INFO  L300          LassoAnalysis]: Preprocessing complete.
[2019-05-02 20:08:23,877 INFO  L497          LassoAnalysis]: Using template 'affine'.
No working directory specified, using /home/xuechao/xuechao/work/Lab/Termination/Lasso-Ranker/z3
Starting monitored process 4 with z3 -smt2 -in SMTLIB2_COMPLIANT=true (exit command is (exit), workingDir is null)
Waiting until toolchain timeout for monitored process 4 with z3 -smt2 -in SMTLIB2_COMPLIANT=true
[2019-05-02 20:08:23,883 INFO  L122   nArgumentSynthesizer]: Termination Analysis Settings:
Termination analysis: LINEAR_WITH_GUESSES
Number of strict supporting invariants: 1
Number of non-strict supporting invariants: 0
Consider only non-deceasing supporting invariants: true
Simplify termination arguments: true
Simplify supporting invariants: trueOverapproximate stem: false
[2019-05-02 20:08:23,885 INFO  L339   nArgumentSynthesizer]: Template has degree 0.
[2019-05-02 20:08:23,885 INFO  L352   nArgumentSynthesizer]: There is no stem transition; disabling supporting invariant generation.
[2019-05-02 20:08:23,886 INFO  L205   nArgumentSynthesizer]: 1 stem disjuncts
[2019-05-02 20:08:23,886 INFO  L206   nArgumentSynthesizer]: 2 loop disjuncts
[2019-05-02 20:08:23,886 INFO  L207   nArgumentSynthesizer]: 2 template conjuncts.
[2019-05-02 20:08:23,892 INFO  L402   nArgumentSynthesizer]: We have 4 Motzkin's Theorem applications.
[2019-05-02 20:08:23,892 INFO  L403   nArgumentSynthesizer]: A total of 0 supporting invariants were added.
[2019-05-02 20:08:23,895 INFO  L530          LassoAnalysis]: Proving termination failed for this template and these settings.
[2019-05-02 20:08:23,910 INFO  L497          LassoAnalysis]: Using template '2-nested'.
No working directory specified, using /home/xuechao/xuechao/work/Lab/Termination/Lasso-Ranker/z3
Starting monitored process 5 with z3 -smt2 -in SMTLIB2_COMPLIANT=true (exit command is (exit), workingDir is null)
[2019-05-02 20:08:23,911 INFO  L122   nArgumentSynthesizer]: Termination Analysis Settings:
Termination analysis: LINEAR_WITH_GUESSES
Number of strict supporting invariants: 1
Number of non-strict supporting invariants: 0
Consider only non-deceasing supporting invariants: true
Simplify termination arguments: true
Simplify supporting invariants: trueOverapproximate stem: false
Waiting until toolchain timeout for monitored process 5 with z3 -smt2 -in SMTLIB2_COMPLIANT=true
[2019-05-02 20:08:23,913 INFO  L339   nArgumentSynthesizer]: Template has degree 0.
[2019-05-02 20:08:23,913 INFO  L352   nArgumentSynthesizer]: There is no stem transition; disabling supporting invariant generation.
[2019-05-02 20:08:23,913 INFO  L205   nArgumentSynthesizer]: 1 stem disjuncts
[2019-05-02 20:08:23,913 INFO  L206   nArgumentSynthesizer]: 2 loop disjuncts
[2019-05-02 20:08:23,913 INFO  L207   nArgumentSynthesizer]: 3 template conjuncts.
[2019-05-02 20:08:23,917 INFO  L402   nArgumentSynthesizer]: We have 6 Motzkin's Theorem applications.
[2019-05-02 20:08:23,917 INFO  L403   nArgumentSynthesizer]: A total of 0 supporting invariants were added.
[2019-05-02 20:08:23,920 INFO  L530          LassoAnalysis]: Proving termination failed for this template and these settings.
[2019-05-02 20:08:23,934 INFO  L497          LassoAnalysis]: Using template '3-nested'.
No working directory specified, using /home/xuechao/xuechao/work/Lab/Termination/Lasso-Ranker/z3
Starting monitored process 6 with z3 -smt2 -in SMTLIB2_COMPLIANT=true (exit command is (exit), workingDir is null)
Waiting until toolchain timeout for monitored process 6 with z3 -smt2 -in SMTLIB2_COMPLIANT=true
[2019-05-02 20:08:23,936 INFO  L122   nArgumentSynthesizer]: Termination Analysis Settings:
Termination analysis: LINEAR_WITH_GUESSES
Number of strict supporting invariants: 1
Number of non-strict supporting invariants: 0
Consider only non-deceasing supporting invariants: true
Simplify termination arguments: true
Simplify supporting invariants: trueOverapproximate stem: false
[2019-05-02 20:08:23,938 INFO  L339   nArgumentSynthesizer]: Template has degree 0.
[2019-05-02 20:08:23,938 INFO  L352   nArgumentSynthesizer]: There is no stem transition; disabling supporting invariant generation.
[2019-05-02 20:08:23,938 INFO  L205   nArgumentSynthesizer]: 1 stem disjuncts
[2019-05-02 20:08:23,938 INFO  L206   nArgumentSynthesizer]: 2 loop disjuncts
[2019-05-02 20:08:23,938 INFO  L207   nArgumentSynthesizer]: 4 template conjuncts.
[2019-05-02 20:08:23,942 INFO  L402   nArgumentSynthesizer]: We have 8 Motzkin's Theorem applications.
[2019-05-02 20:08:23,942 INFO  L403   nArgumentSynthesizer]: A total of 0 supporting invariants were added.
[2019-05-02 20:08:23,945 INFO  L530          LassoAnalysis]: Proving termination failed for this template and these settings.
[2019-05-02 20:08:23,959 INFO  L497          LassoAnalysis]: Using template '4-nested'.
No working directory specified, using /home/xuechao/xuechao/work/Lab/Termination/Lasso-Ranker/z3
Starting monitored process 7 with z3 -smt2 -in SMTLIB2_COMPLIANT=true (exit command is (exit), workingDir is null)
Waiting until toolchain timeout for monitored process 7 with z3 -smt2 -in SMTLIB2_COMPLIANT=true
[2019-05-02 20:08:23,962 INFO  L122   nArgumentSynthesizer]: Termination Analysis Settings:
Termination analysis: LINEAR_WITH_GUESSES
Number of strict supporting invariants: 1
Number of non-strict supporting invariants: 0
Consider only non-deceasing supporting invariants: true
Simplify termination arguments: true
Simplify supporting invariants: trueOverapproximate stem: false
[2019-05-02 20:08:23,963 INFO  L339   nArgumentSynthesizer]: Template has degree 0.
[2019-05-02 20:08:23,964 INFO  L352   nArgumentSynthesizer]: There is no stem transition; disabling supporting invariant generation.
[2019-05-02 20:08:23,964 INFO  L205   nArgumentSynthesizer]: 1 stem disjuncts
[2019-05-02 20:08:23,964 INFO  L206   nArgumentSynthesizer]: 2 loop disjuncts
[2019-05-02 20:08:23,964 INFO  L207   nArgumentSynthesizer]: 5 template conjuncts.
[2019-05-02 20:08:23,972 INFO  L402   nArgumentSynthesizer]: We have 10 Motzkin's Theorem applications.
[2019-05-02 20:08:23,972 INFO  L403   nArgumentSynthesizer]: A total of 0 supporting invariants were added.
[2019-05-02 20:08:23,976 INFO  L530          LassoAnalysis]: Proving termination failed for this template and these settings.
[2019-05-02 20:08:23,991 INFO  L497          LassoAnalysis]: Using template '2-phase'.
No working directory specified, using /home/xuechao/xuechao/work/Lab/Termination/Lasso-Ranker/z3
Starting monitored process 8 with z3 -smt2 -in SMTLIB2_COMPLIANT=true (exit command is (exit), workingDir is null)
Waiting until toolchain timeout for monitored process 8 with z3 -smt2 -in SMTLIB2_COMPLIANT=true
[2019-05-02 20:08:23,993 INFO  L122   nArgumentSynthesizer]: Termination Analysis Settings:
Termination analysis: LINEAR_WITH_GUESSES
Number of strict supporting invariants: 1
Number of non-strict supporting invariants: 0
Consider only non-deceasing supporting invariants: true
Simplify termination arguments: true
Simplify supporting invariants: trueOverapproximate stem: false
[2019-05-02 20:08:23,994 WARN  L334   nArgumentSynthesizer]: Using a linear SMT query and a templates of degree > 0, hence this method is incomplete.
[2019-05-02 20:08:23,994 INFO  L339   nArgumentSynthesizer]: Template has degree 1.
[2019-05-02 20:08:23,995 INFO  L352   nArgumentSynthesizer]: There is no stem transition; disabling supporting invariant generation.
[2019-05-02 20:08:23,995 INFO  L205   nArgumentSynthesizer]: 1 stem disjuncts
[2019-05-02 20:08:23,995 INFO  L206   nArgumentSynthesizer]: 2 loop disjuncts
[2019-05-02 20:08:23,995 INFO  L207   nArgumentSynthesizer]: 3 template conjuncts.
[2019-05-02 20:08:24,001 INFO  L402   nArgumentSynthesizer]: We have 6 Motzkin's Theorem applications.
[2019-05-02 20:08:24,001 INFO  L403   nArgumentSynthesizer]: A total of 0 supporting invariants were added.
[2019-05-02 20:08:24,030 INFO  L530          LassoAnalysis]: Proving termination failed for this template and these settings.
[2019-05-02 20:08:24,045 INFO  L497          LassoAnalysis]: Using template 'lex(affine, affine)'.
No working directory specified, using /home/xuechao/xuechao/work/Lab/Termination/Lasso-Ranker/z3
Starting monitored process 9 with z3 -smt2 -in SMTLIB2_COMPLIANT=true (exit command is (exit), workingDir is null)
Waiting until toolchain timeout for monitored process 9 with z3 -smt2 -in SMTLIB2_COMPLIANT=true
[2019-05-02 20:08:24,051 INFO  L122   nArgumentSynthesizer]: Termination Analysis Settings:
Termination analysis: LINEAR_WITH_GUESSES
Number of strict supporting invariants: 1
Number of non-strict supporting invariants: 0
Consider only non-deceasing supporting invariants: true
Simplify termination arguments: true
Simplify supporting invariants: trueOverapproximate stem: false
[2019-05-02 20:08:24,053 WARN  L334   nArgumentSynthesizer]: Using a linear SMT query and a templates of degree > 0, hence this method is incomplete.
[2019-05-02 20:08:24,053 INFO  L339   nArgumentSynthesizer]: Template has degree 5.
[2019-05-02 20:08:24,053 INFO  L352   nArgumentSynthesizer]: There is no stem transition; disabling supporting invariant generation.
[2019-05-02 20:08:24,053 INFO  L205   nArgumentSynthesizer]: 1 stem disjuncts
[2019-05-02 20:08:24,054 INFO  L206   nArgumentSynthesizer]: 2 loop disjuncts
[2019-05-02 20:08:24,054 INFO  L207   nArgumentSynthesizer]: 4 template conjuncts.
[2019-05-02 20:08:24,057 INFO  L402   nArgumentSynthesizer]: We have 8 Motzkin's Theorem applications.
[2019-05-02 20:08:24,058 INFO  L403   nArgumentSynthesizer]: A total of 0 supporting invariants were added.
[2019-05-02 20:08:24,086 INFO  L530          LassoAnalysis]: Proving termination failed for this template and these settings.
[2019-05-02 20:08:24,100 INFO  L497          LassoAnalysis]: Using template '2-piece'.
No working directory specified, using /home/xuechao/xuechao/work/Lab/Termination/Lasso-Ranker/z3
Starting monitored process 10 with z3 -smt2 -in SMTLIB2_COMPLIANT=true (exit command is (exit), workingDir is null)
Waiting until toolchain timeout for monitored process 10 with z3 -smt2 -in SMTLIB2_COMPLIANT=true
[2019-05-02 20:08:24,102 INFO  L122   nArgumentSynthesizer]: Termination Analysis Settings:
Termination analysis: LINEAR_WITH_GUESSES
Number of strict supporting invariants: 1
Number of non-strict supporting invariants: 0
Consider only non-deceasing supporting invariants: true
Simplify termination arguments: true
Simplify supporting invariants: trueOverapproximate stem: false
[2019-05-02 20:08:24,103 WARN  L334   nArgumentSynthesizer]: Using a linear SMT query and a templates of degree > 0, hence this method is incomplete.
[2019-05-02 20:08:24,103 INFO  L339   nArgumentSynthesizer]: Template has degree 7.
[2019-05-02 20:08:24,103 INFO  L352   nArgumentSynthesizer]: There is no stem transition; disabling supporting invariant generation.
[2019-05-02 20:08:24,104 INFO  L205   nArgumentSynthesizer]: 1 stem disjuncts
[2019-05-02 20:08:24,104 INFO  L206   nArgumentSynthesizer]: 2 loop disjuncts
[2019-05-02 20:08:24,104 INFO  L207   nArgumentSynthesizer]: 7 template conjuncts.
[2019-05-02 20:08:24,120 INFO  L402   nArgumentSynthesizer]: We have 14 Motzkin's Theorem applications.
[2019-05-02 20:08:24,120 INFO  L403   nArgumentSynthesizer]: A total of 0 supporting invariants were added.
[2019-05-02 20:08:24,485 INFO  L530          LassoAnalysis]: Proving termination failed for this template and these settings.
[2019-05-02 20:08:24,499 INFO  L497          LassoAnalysis]: Using template '2-parallel'.
No working directory specified, using /home/xuechao/xuechao/work/Lab/Termination/Lasso-Ranker/z3
Starting monitored process 11 with z3 -smt2 -in SMTLIB2_COMPLIANT=true (exit command is (exit), workingDir is null)
Waiting until toolchain timeout for monitored process 11 with z3 -smt2 -in SMTLIB2_COMPLIANT=true
[2019-05-02 20:08:24,501 INFO  L122   nArgumentSynthesizer]: Termination Analysis Settings:
Termination analysis: LINEAR_WITH_GUESSES
Number of strict supporting invariants: 1
Number of non-strict supporting invariants: 0
Consider only non-deceasing supporting invariants: true
Simplify termination arguments: true
Simplify supporting invariants: trueOverapproximate stem: false
[2019-05-02 20:08:24,502 WARN  L334   nArgumentSynthesizer]: Using a linear SMT query and a templates of degree > 0, hence this method is incomplete.
[2019-05-02 20:08:24,502 INFO  L339   nArgumentSynthesizer]: Template has degree 4.
[2019-05-02 20:08:24,502 INFO  L352   nArgumentSynthesizer]: There is no stem transition; disabling supporting invariant generation.
[2019-05-02 20:08:24,502 INFO  L205   nArgumentSynthesizer]: 1 stem disjuncts
[2019-05-02 20:08:24,503 INFO  L206   nArgumentSynthesizer]: 2 loop disjuncts
[2019-05-02 20:08:24,503 INFO  L207   nArgumentSynthesizer]: 6 template conjuncts.
[2019-05-02 20:08:24,517 INFO  L402   nArgumentSynthesizer]: We have 12 Motzkin's Theorem applications.
[2019-05-02 20:08:24,517 INFO  L403   nArgumentSynthesizer]: A total of 0 supporting invariants were added.
[2019-05-02 20:08:24,531 INFO  L530          LassoAnalysis]: Proving termination failed for this template and these settings.
[2019-05-02 20:08:24,545 INFO  L489     LassoRankerStarter]: LassoRanker could not prove termination or nontermination of the given linear lasso program.
Templates: AffineTemplate NestedTemplate NestedTemplate NestedTemplate MultiphaseTemplate ComposedLexicographicTemplate PiecewiseTemplate ParallelTemplate
[2019-05-02 20:08:24,546 INFO  L132        PluginConnector]: ------------------------ END LassoRanker----------------------------
[2019-05-02 20:08:24,547 INFO  L168              Benchmark]: Toolchain (without parser) took 1489.50 ms. Allocated memory was 514.9 MB in the beginning and 539.5 MB in the end (delta: 24.6 MB). Free memory was 474.9 MB in the beginning and 486.2 MB in the end (delta: -11.3 MB). Peak memory consumption was 122.7 MB. Max. memory is 11.5 GB.
[2019-05-02 20:08:24,548 INFO  L168              Benchmark]: Boogie PL CUP Parser took 0.12 ms. Allocated memory is still 514.9 MB. Free memory is still 476.4 MB. There was no memory consumed. Max. memory is 11.5 GB.
[2019-05-02 20:08:24,548 INFO  L168              Benchmark]: Boogie Preprocessor took 28.59 ms. Allocated memory is still 514.9 MB. Free memory was 474.9 MB in the beginning and 472.3 MB in the end (delta: 2.7 MB). Peak memory consumption was 2.7 MB. Max. memory is 11.5 GB.
[2019-05-02 20:08:24,549 INFO  L168              Benchmark]: RCFGBuilder took 151.94 ms. Allocated memory is still 514.9 MB. Free memory was 472.3 MB in the beginning and 462.6 MB in the end (delta: 9.6 MB). Peak memory consumption was 9.6 MB. Max. memory is 11.5 GB.
[2019-05-02 20:08:24,549 INFO  L168              Benchmark]: LassoRanker took 1306.81 ms. Allocated memory was 514.9 MB in the beginning and 539.5 MB in the end (delta: 24.6 MB). Free memory was 462.6 MB in the beginning and 486.2 MB in the end (delta: -23.6 MB). Peak memory consumption was 110.3 MB. Max. memory is 11.5 GB.
[2019-05-02 20:08:24,552 INFO  L336   ainManager$Toolchain]: #######################  End [Toolchain 1] #######################
 --- Results ---
 * Results from de.uni_freiburg.informatik.ultimate.core:
  - StatisticsResult: Toolchain Benchmarks
    Benchmark results are:
 * Boogie PL CUP Parser took 0.12 ms. Allocated memory is still 514.9 MB. Free memory is still 476.4 MB. There was no memory consumed. Max. memory is 11.5 GB.
 * Boogie Preprocessor took 28.59 ms. Allocated memory is still 514.9 MB. Free memory was 474.9 MB in the beginning and 472.3 MB in the end (delta: 2.7 MB). Peak memory consumption was 2.7 MB. Max. memory is 11.5 GB.
 * RCFGBuilder took 151.94 ms. Allocated memory is still 514.9 MB. Free memory was 472.3 MB in the beginning and 462.6 MB in the end (delta: 9.6 MB). Peak memory consumption was 9.6 MB. Max. memory is 11.5 GB.
 * LassoRanker took 1306.81 ms. Allocated memory was 514.9 MB in the beginning and 539.5 MB in the end (delta: 24.6 MB). Free memory was 462.6 MB in the beginning and 486.2 MB in the end (delta: -23.6 MB). Peak memory consumption was 110.3 MB. Max. memory is 11.5 GB.
 * Results from de.uni_freiburg.informatik.ultimate.plugins.analysis.lassoranker:
  - NoResult [Line: 9]: LassoRanker could not prove termination
    LassoRanker could not prove termination or nontermination of the given linear lasso program.
Templates: AffineTemplate NestedTemplate NestedTemplate NestedTemplate MultiphaseTemplate ComposedLexicographicTemplate PiecewiseTemplate ParallelTemplate
RESULT: Ultimate could not prove your program: Toolchain returned no result.
Received shutdown request...
