This is Ultimate 0.1.24-16d85fa
[2019-05-02 20:08:35,621 INFO  L170        SettingsManager]: Resetting all preferences to default values...
[2019-05-02 20:08:35,623 INFO  L174        SettingsManager]: Resetting UltimateCore preferences to default values
[2019-05-02 20:08:35,632 INFO  L177        SettingsManager]: Ultimate Commandline Interface provides no preferences, ignoring...
[2019-05-02 20:08:35,633 INFO  L174        SettingsManager]: Resetting Boogie Preprocessor preferences to default values
[2019-05-02 20:08:35,633 INFO  L174        SettingsManager]: Resetting Boogie Procedure Inliner preferences to default values
[2019-05-02 20:08:35,634 INFO  L174        SettingsManager]: Resetting Abstract Interpretation preferences to default values
[2019-05-02 20:08:35,636 INFO  L174        SettingsManager]: Resetting LassoRanker preferences to default values
[2019-05-02 20:08:35,637 INFO  L174        SettingsManager]: Resetting Reaching Definitions preferences to default values
[2019-05-02 20:08:35,637 INFO  L174        SettingsManager]: Resetting SyntaxChecker preferences to default values
[2019-05-02 20:08:35,638 INFO  L177        SettingsManager]: Büchi Program Product provides no preferences, ignoring...
[2019-05-02 20:08:35,638 INFO  L174        SettingsManager]: Resetting LTL2Aut preferences to default values
[2019-05-02 20:08:35,639 INFO  L174        SettingsManager]: Resetting PEA to Boogie preferences to default values
[2019-05-02 20:08:35,640 INFO  L174        SettingsManager]: Resetting BlockEncodingV2 preferences to default values
[2019-05-02 20:08:35,640 INFO  L174        SettingsManager]: Resetting ChcToBoogie preferences to default values
[2019-05-02 20:08:35,641 INFO  L174        SettingsManager]: Resetting AutomataScriptInterpreter preferences to default values
[2019-05-02 20:08:35,641 INFO  L174        SettingsManager]: Resetting BuchiAutomizer preferences to default values
[2019-05-02 20:08:35,643 INFO  L174        SettingsManager]: Resetting CACSL2BoogieTranslator preferences to default values
[2019-05-02 20:08:35,644 INFO  L174        SettingsManager]: Resetting CodeCheck preferences to default values
[2019-05-02 20:08:35,645 INFO  L174        SettingsManager]: Resetting InvariantSynthesis preferences to default values
[2019-05-02 20:08:35,646 INFO  L174        SettingsManager]: Resetting RCFGBuilder preferences to default values
[2019-05-02 20:08:35,647 INFO  L174        SettingsManager]: Resetting TraceAbstraction preferences to default values
[2019-05-02 20:08:35,648 INFO  L177        SettingsManager]: TraceAbstractionConcurrent provides no preferences, ignoring...
[2019-05-02 20:08:35,648 INFO  L177        SettingsManager]: TraceAbstractionWithAFAs provides no preferences, ignoring...
[2019-05-02 20:08:35,648 INFO  L174        SettingsManager]: Resetting TreeAutomizer preferences to default values
[2019-05-02 20:08:35,649 INFO  L174        SettingsManager]: Resetting IcfgTransformer preferences to default values
[2019-05-02 20:08:35,650 INFO  L174        SettingsManager]: Resetting Boogie Printer preferences to default values
[2019-05-02 20:08:35,650 INFO  L174        SettingsManager]: Resetting ReqPrinter preferences to default values
[2019-05-02 20:08:35,651 INFO  L174        SettingsManager]: Resetting Witness Printer preferences to default values
[2019-05-02 20:08:35,651 INFO  L177        SettingsManager]: Boogie PL CUP Parser provides no preferences, ignoring...
[2019-05-02 20:08:35,651 INFO  L174        SettingsManager]: Resetting CDTParser preferences to default values
[2019-05-02 20:08:35,652 INFO  L177        SettingsManager]: AutomataScriptParser provides no preferences, ignoring...
[2019-05-02 20:08:35,652 INFO  L177        SettingsManager]: ReqParser provides no preferences, ignoring...
[2019-05-02 20:08:35,652 INFO  L174        SettingsManager]: Resetting SmtParser preferences to default values
[2019-05-02 20:08:35,653 INFO  L174        SettingsManager]: Resetting Witness Parser preferences to default values
[2019-05-02 20:08:35,653 INFO  L181        SettingsManager]: Finished resetting all preferences to default values...
[2019-05-02 20:08:35,670 INFO  L81    nceAwareModelManager]: Repository-Root is: /tmp
[2019-05-02 20:08:35,678 INFO  L258   ainManager$Toolchain]: [Toolchain 1]: Applicable parser(s) successfully (re)initialized
[2019-05-02 20:08:35,681 INFO  L214   ainManager$Toolchain]: [Toolchain 1]: Toolchain selected.
[2019-05-02 20:08:35,682 INFO  L271        PluginConnector]: Initializing Boogie PL CUP Parser...
[2019-05-02 20:08:35,683 INFO  L276        PluginConnector]: Boogie PL CUP Parser initialized
[2019-05-02 20:08:35,683 INFO  L418   ainManager$Toolchain]: [Toolchain 1]: Parsing single file: /home/xuechao/xuechao/work/Lab/Termination/Lasso-Ranker/Program_non/29.bpl
[2019-05-02 20:08:35,683 INFO  L111           BoogieParser]: Parsing: '/home/xuechao/xuechao/work/Lab/Termination/Lasso-Ranker/Program_non/29.bpl'
[2019-05-02 20:08:35,706 INFO  L296   ainManager$Toolchain]: ####################### [Toolchain 1] #######################
[2019-05-02 20:08:35,707 INFO  L131        ToolchainWalker]: Walking toolchain with 3 elements.
[2019-05-02 20:08:35,707 INFO  L113        PluginConnector]: ------------------------Boogie Preprocessor----------------------------
[2019-05-02 20:08:35,707 INFO  L271        PluginConnector]: Initializing Boogie Preprocessor...
[2019-05-02 20:08:35,708 INFO  L276        PluginConnector]: Boogie Preprocessor initialized
[2019-05-02 20:08:35,723 INFO  L185        PluginConnector]: Executing the observer EnsureBoogieModelObserver from plugin Boogie Preprocessor for "29.bpl de.uni_freiburg.informatik.ultimate.boogie.parser AST 02.05 08:08:35" (1/1) ...
[2019-05-02 20:08:35,725 INFO  L185        PluginConnector]: Executing the observer TypeChecker from plugin Boogie Preprocessor for "29.bpl de.uni_freiburg.informatik.ultimate.boogie.parser AST 02.05 08:08:35" (1/1) ...
[2019-05-02 20:08:35,729 INFO  L185        PluginConnector]: Executing the observer ConstExpander from plugin Boogie Preprocessor for "29.bpl de.uni_freiburg.informatik.ultimate.boogie.parser AST 02.05 08:08:35" (1/1) ...
[2019-05-02 20:08:35,729 INFO  L185        PluginConnector]: Executing the observer StructExpander from plugin Boogie Preprocessor for "29.bpl de.uni_freiburg.informatik.ultimate.boogie.parser AST 02.05 08:08:35" (1/1) ...
[2019-05-02 20:08:35,731 INFO  L185        PluginConnector]: Executing the observer UnstructureCode from plugin Boogie Preprocessor for "29.bpl de.uni_freiburg.informatik.ultimate.boogie.parser AST 02.05 08:08:35" (1/1) ...
[2019-05-02 20:08:35,734 INFO  L185        PluginConnector]: Executing the observer FunctionInliner from plugin Boogie Preprocessor for "29.bpl de.uni_freiburg.informatik.ultimate.boogie.parser AST 02.05 08:08:35" (1/1) ...
[2019-05-02 20:08:35,734 INFO  L185        PluginConnector]: Executing the observer BoogieSymbolTableConstructor from plugin Boogie Preprocessor for "29.bpl de.uni_freiburg.informatik.ultimate.boogie.parser AST 02.05 08:08:35" (1/1) ...
[2019-05-02 20:08:35,735 INFO  L132        PluginConnector]: ------------------------ END Boogie Preprocessor----------------------------
[2019-05-02 20:08:35,736 INFO  L113        PluginConnector]: ------------------------RCFGBuilder----------------------------
[2019-05-02 20:08:35,736 INFO  L271        PluginConnector]: Initializing RCFGBuilder...
[2019-05-02 20:08:35,736 INFO  L276        PluginConnector]: RCFGBuilder initialized
[2019-05-02 20:08:35,737 INFO  L185        PluginConnector]: Executing the observer RCFGBuilderObserver from plugin RCFGBuilder for "29.bpl de.uni_freiburg.informatik.ultimate.boogie.parser AST 02.05 08:08:35" (1/1) ...
No working directory specified, using /home/xuechao/xuechao/work/Lab/Termination/Lasso-Ranker/z3
Starting monitored process 1 with z3 SMTLIB2_COMPLIANT=true -memory:1024 -smt2 -in -t:12000 (exit command is (exit), workingDir is null)
Waiting until toolchain timeout for monitored process 1 with z3 SMTLIB2_COMPLIANT=true -memory:1024 -smt2 -in -t:12000
[2019-05-02 20:08:35,776 INFO  L124     BoogieDeclarations]: Specification and implementation of procedure Copenhagen given in one single declaration
[2019-05-02 20:08:35,776 INFO  L130     BoogieDeclarations]: Found specification of procedure Copenhagen
[2019-05-02 20:08:35,776 INFO  L138     BoogieDeclarations]: Found implementation of procedure Copenhagen
[2019-05-02 20:08:35,857 INFO  L278             CfgBuilder]: Using library mode
[2019-05-02 20:08:35,858 INFO  L286             CfgBuilder]: Removed 1 assue(true) statements.
[2019-05-02 20:08:35,859 INFO  L202        PluginConnector]: Adding new model 29.bpl de.uni_freiburg.informatik.ultimate.plugins.generator.rcfgbuilder CFG 02.05 08:08:35 BoogieIcfgContainer
[2019-05-02 20:08:35,859 INFO  L132        PluginConnector]: ------------------------ END RCFGBuilder----------------------------
[2019-05-02 20:08:35,859 INFO  L113        PluginConnector]: ------------------------LassoRanker----------------------------
[2019-05-02 20:08:35,859 INFO  L271        PluginConnector]: Initializing LassoRanker...
[2019-05-02 20:08:35,859 INFO  L276        PluginConnector]: LassoRanker initialized
[2019-05-02 20:08:35,860 INFO  L185        PluginConnector]: Executing the observer LassoRankerObserver from plugin LassoRanker for "29.bpl de.uni_freiburg.informatik.ultimate.plugins.generator.rcfgbuilder CFG 02.05 08:08:35" (1/1) ...
[2019-05-02 20:08:35,881 INFO  L72            BuchiIsEmpty]: Start buchiIsEmpty. Operand 2 states.
[2019-05-02 20:08:35,897 INFO  L131   ngComponentsAnalysis]: Automaton has 1 accepting balls. 1
[2019-05-02 20:08:35,897 INFO  L87            BuchiIsEmpty]: Finished buchiIsEmpty Result is false
[2019-05-02 20:08:35,897 INFO  L119           BuchiIsEmpty]: Starting construction of run
[2019-05-02 20:08:35,903 INFO  L104     BuchiDifferenceFKV]: Start buchiDifferenceFKV. First operand 2 states. Second operand 1 states.
[2019-05-02 20:08:35,911 INFO  L108     BuchiDifferenceFKV]: Finished buchiDifferenceFKV. First operand 2 states. Second operand 1 states. Result 3 states and 4 transitions. Complement of second has 2 states 2 powerset states0 rank states. The highest rank that occured is -1
[2019-05-02 20:08:35,911 INFO  L72            BuchiIsEmpty]: Start buchiIsEmpty. Operand 3 states and 4 transitions.
[2019-05-02 20:08:35,911 INFO  L131   ngComponentsAnalysis]: Automaton has 0 accepting balls. 0
[2019-05-02 20:08:35,912 INFO  L87            BuchiIsEmpty]: Finished buchiIsEmpty Result is true
[2019-05-02 20:08:35,977 INFO  L216          LassoAnalysis]: Preferences:
[2019-05-02 20:08:35,978 INFO  L124   ssoRankerPreferences]: Compute integeral hull: false
[2019-05-02 20:08:35,978 INFO  L125   ssoRankerPreferences]: Enable LassoPartitioneer: true
[2019-05-02 20:08:35,978 INFO  L126   ssoRankerPreferences]: Term annotations enabled: false
[2019-05-02 20:08:35,978 INFO  L127   ssoRankerPreferences]: Use exernal solver: true
[2019-05-02 20:08:35,978 INFO  L128   ssoRankerPreferences]: SMT solver command: z3 -smt2 -in SMTLIB2_COMPLIANT=true
[2019-05-02 20:08:35,978 INFO  L129   ssoRankerPreferences]: Dump SMT script to file: false
[2019-05-02 20:08:35,979 INFO  L130   ssoRankerPreferences]: Path of dumped script: .
[2019-05-02 20:08:35,979 INFO  L131   ssoRankerPreferences]: Filename of dumped script: LassoRankerScript
[2019-05-02 20:08:35,979 INFO  L132   ssoRankerPreferences]: MapElimAlgo: Frank
[2019-05-02 20:08:35,979 INFO  L282          LassoAnalysis]: Starting lasso preprocessing...
[2019-05-02 20:08:35,995 INFO  L141          MapEliminator]: Using MapEliminator with SimplificationTechnique=SIMPLIFY_DDA XnfConversionTechnique=BOTTOM_UP_WITH_LOCAL_SIMPLIFICATION AddInequalities=false OnlyTrivialImplicationsArrayWrite=false OnlyTrivialImplicationsForModifiedArguments=true OnlyArgumentsInFormula=true
[2019-05-02 20:08:36,080 INFO  L300          LassoAnalysis]: Preprocessing complete.
[2019-05-02 20:08:36,080 INFO  L412          LassoAnalysis]: Checking for nontermination...
No working directory specified, using /home/xuechao/xuechao/work/Lab/Termination/Lasso-Ranker/z3
Starting monitored process 2 with z3 -smt2 -in SMTLIB2_COMPLIANT=true (exit command is (exit), workingDir is null)
Waiting until toolchain timeout for monitored process 2 with z3 -smt2 -in SMTLIB2_COMPLIANT=true
[2019-05-02 20:08:36,084 INFO  L151   nArgumentSynthesizer]: Nontermination analysis: LINEAR_WITH_GUESSES Allow bounded executions: true Number of generalized eigenvectors: 0 Nilpotent components: true
[2019-05-02 20:08:36,084 INFO  L163   nArgumentSynthesizer]: Using integer mode.
No working directory specified, using /home/xuechao/xuechao/work/Lab/Termination/Lasso-Ranker/z3
Starting monitored process 3 with z3 -smt2 -in SMTLIB2_COMPLIANT=true (exit command is (exit), workingDir is null)
Waiting until toolchain timeout for monitored process 3 with z3 -smt2 -in SMTLIB2_COMPLIANT=true
[2019-05-02 20:08:36,109 INFO  L151   nArgumentSynthesizer]: Nontermination analysis: LINEAR_WITH_GUESSES Allow bounded executions: true Number of generalized eigenvectors: 3 Nilpotent components: true
[2019-05-02 20:08:36,109 INFO  L163   nArgumentSynthesizer]: Using integer mode.
[2019-05-02 20:08:36,137 INFO  L452          LassoAnalysis]: Proving nontermination failed: No geometric nontermination argument exists.
[2019-05-02 20:08:36,138 INFO  L216          LassoAnalysis]: Preferences:
[2019-05-02 20:08:36,138 INFO  L124   ssoRankerPreferences]: Compute integeral hull: false
[2019-05-02 20:08:36,138 INFO  L125   ssoRankerPreferences]: Enable LassoPartitioneer: true
[2019-05-02 20:08:36,138 INFO  L126   ssoRankerPreferences]: Term annotations enabled: false
[2019-05-02 20:08:36,139 INFO  L127   ssoRankerPreferences]: Use exernal solver: true
[2019-05-02 20:08:36,139 INFO  L128   ssoRankerPreferences]: SMT solver command: z3 -smt2 -in SMTLIB2_COMPLIANT=true
[2019-05-02 20:08:36,139 INFO  L129   ssoRankerPreferences]: Dump SMT script to file: false
[2019-05-02 20:08:36,139 INFO  L130   ssoRankerPreferences]: Path of dumped script: .
[2019-05-02 20:08:36,139 INFO  L131   ssoRankerPreferences]: Filename of dumped script: LassoRankerScript
[2019-05-02 20:08:36,139 INFO  L132   ssoRankerPreferences]: MapElimAlgo: Frank
[2019-05-02 20:08:36,139 INFO  L282          LassoAnalysis]: Starting lasso preprocessing...
[2019-05-02 20:08:36,140 INFO  L141          MapEliminator]: Using MapEliminator with SimplificationTechnique=SIMPLIFY_DDA XnfConversionTechnique=BOTTOM_UP_WITH_LOCAL_SIMPLIFICATION AddInequalities=false OnlyTrivialImplicationsArrayWrite=false OnlyTrivialImplicationsForModifiedArguments=true OnlyArgumentsInFormula=true
[2019-05-02 20:08:36,216 INFO  L300          LassoAnalysis]: Preprocessing complete.
[2019-05-02 20:08:36,220 INFO  L497          LassoAnalysis]: Using template 'affine'.
No working directory specified, using /home/xuechao/xuechao/work/Lab/Termination/Lasso-Ranker/z3
Starting monitored process 4 with z3 -smt2 -in SMTLIB2_COMPLIANT=true (exit command is (exit), workingDir is null)
Waiting until toolchain timeout for monitored process 4 with z3 -smt2 -in SMTLIB2_COMPLIANT=true
[2019-05-02 20:08:36,222 INFO  L122   nArgumentSynthesizer]: Termination Analysis Settings:
Termination analysis: LINEAR_WITH_GUESSES
Number of strict supporting invariants: 1
Number of non-strict supporting invariants: 0
Consider only non-deceasing supporting invariants: true
Simplify termination arguments: true
Simplify supporting invariants: trueOverapproximate stem: false
[2019-05-02 20:08:36,224 INFO  L339   nArgumentSynthesizer]: Template has degree 0.
[2019-05-02 20:08:36,224 INFO  L352   nArgumentSynthesizer]: There is no stem transition; disabling supporting invariant generation.
[2019-05-02 20:08:36,225 INFO  L205   nArgumentSynthesizer]: 1 stem disjuncts
[2019-05-02 20:08:36,225 INFO  L206   nArgumentSynthesizer]: 1 loop disjuncts
[2019-05-02 20:08:36,225 INFO  L207   nArgumentSynthesizer]: 2 template conjuncts.
[2019-05-02 20:08:36,228 INFO  L402   nArgumentSynthesizer]: We have 2 Motzkin's Theorem applications.
[2019-05-02 20:08:36,229 INFO  L403   nArgumentSynthesizer]: A total of 0 supporting invariants were added.
[2019-05-02 20:08:36,231 INFO  L421   nArgumentSynthesizer]: Found a termination argument, trying to simplify.
[2019-05-02 20:08:36,237 INFO  L443   ModelExtractionUtils]: Simplification made 3 calls to the SMT solver.
[2019-05-02 20:08:36,237 INFO  L444   ModelExtractionUtils]: 1 out of 5 variables were initially zero. Simplification set additionally 0 variables to zero.
No working directory specified, using /home/xuechao/xuechao/work/Lab/Termination/Lasso-Ranker/z3
Starting monitored process 5 with z3 -smt2 -in SMTLIB2_COMPLIANT=true (exit command is (exit), workingDir is null)
Waiting until toolchain timeout for monitored process 5 with z3 -smt2 -in SMTLIB2_COMPLIANT=true
[2019-05-02 20:08:36,240 INFO  L437   nArgumentSynthesizer]: Simplifying supporting invariants...
[2019-05-02 20:08:36,240 INFO  L440   nArgumentSynthesizer]: Removed 0 redundant supporting invariants from a total of 0.
[2019-05-02 20:08:36,241 INFO  L518          LassoAnalysis]: Proved termination.
[2019-05-02 20:08:36,241 INFO  L520          LassoAnalysis]: Termination argument consisting of:
Ranking function f(Copenhagen_x, Copenhagen_y) = 2*Copenhagen_x + 2*Copenhagen_y + 1
Supporting invariants []
[2019-05-02 20:08:36,261 INFO  L132        PluginConnector]: ------------------------ END LassoRanker----------------------------
[2019-05-02 20:08:36,261 INFO  L168              Benchmark]: Toolchain (without parser) took 555.20 ms. Allocated memory is still 514.9 MB. Free memory was 474.9 MB in the beginning and 421.5 MB in the end (delta: 53.5 MB). Peak memory consumption was 53.5 MB. Max. memory is 11.5 GB.
[2019-05-02 20:08:36,263 INFO  L168              Benchmark]: Boogie PL CUP Parser took 0.11 ms. Allocated memory is still 514.9 MB. Free memory is still 476.4 MB. There was no memory consumed. Max. memory is 11.5 GB.
[2019-05-02 20:08:36,263 INFO  L168              Benchmark]: Boogie Preprocessor took 28.34 ms. Allocated memory is still 514.9 MB. Free memory was 474.9 MB in the beginning and 472.3 MB in the end (delta: 2.7 MB). Peak memory consumption was 2.7 MB. Max. memory is 11.5 GB.
[2019-05-02 20:08:36,264 INFO  L168              Benchmark]: RCFGBuilder took 122.86 ms. Allocated memory is still 514.9 MB. Free memory was 472.3 MB in the beginning and 462.7 MB in the end (delta: 9.6 MB). Peak memory consumption was 9.6 MB. Max. memory is 11.5 GB.
[2019-05-02 20:08:36,264 INFO  L168              Benchmark]: LassoRanker took 401.63 ms. Allocated memory is still 514.9 MB. Free memory was 462.7 MB in the beginning and 421.5 MB in the end (delta: 41.2 MB). Peak memory consumption was 41.2 MB. Max. memory is 11.5 GB.
[2019-05-02 20:08:36,267 INFO  L336   ainManager$Toolchain]: #######################  End [Toolchain 1] #######################
 --- Results ---
 * Results from de.uni_freiburg.informatik.ultimate.core:
  - StatisticsResult: Toolchain Benchmarks
    Benchmark results are:
 * Boogie PL CUP Parser took 0.11 ms. Allocated memory is still 514.9 MB. Free memory is still 476.4 MB. There was no memory consumed. Max. memory is 11.5 GB.
 * Boogie Preprocessor took 28.34 ms. Allocated memory is still 514.9 MB. Free memory was 474.9 MB in the beginning and 472.3 MB in the end (delta: 2.7 MB). Peak memory consumption was 2.7 MB. Max. memory is 11.5 GB.
 * RCFGBuilder took 122.86 ms. Allocated memory is still 514.9 MB. Free memory was 472.3 MB in the beginning and 462.7 MB in the end (delta: 9.6 MB). Peak memory consumption was 9.6 MB. Max. memory is 11.5 GB.
 * LassoRanker took 401.63 ms. Allocated memory is still 514.9 MB. Free memory was 462.7 MB in the beginning and 421.5 MB in the end (delta: 41.2 MB). Peak memory consumption was 41.2 MB. Max. memory is 11.5 GB.
 * Results from de.uni_freiburg.informatik.ultimate.plugins.analysis.lassoranker:
  - TerminationArgumentResult [Line: 8]: Found affine ranking function
    Found a termination argument consisting of the affine ranking function: [2 * x + 2 * y + 1] for which no supporting invariant is required.
RESULT: Ultimate proved your program to be correct!
Received shutdown request...
