This is Ultimate 0.1.24-16d85fa
[2019-05-02 20:08:42,520 INFO  L170        SettingsManager]: Resetting all preferences to default values...
[2019-05-02 20:08:42,521 INFO  L174        SettingsManager]: Resetting UltimateCore preferences to default values
[2019-05-02 20:08:42,531 INFO  L177        SettingsManager]: Ultimate Commandline Interface provides no preferences, ignoring...
[2019-05-02 20:08:42,531 INFO  L174        SettingsManager]: Resetting Boogie Preprocessor preferences to default values
[2019-05-02 20:08:42,532 INFO  L174        SettingsManager]: Resetting Boogie Procedure Inliner preferences to default values
[2019-05-02 20:08:42,533 INFO  L174        SettingsManager]: Resetting Abstract Interpretation preferences to default values
[2019-05-02 20:08:42,534 INFO  L174        SettingsManager]: Resetting LassoRanker preferences to default values
[2019-05-02 20:08:42,536 INFO  L174        SettingsManager]: Resetting Reaching Definitions preferences to default values
[2019-05-02 20:08:42,536 INFO  L174        SettingsManager]: Resetting SyntaxChecker preferences to default values
[2019-05-02 20:08:42,537 INFO  L177        SettingsManager]: Büchi Program Product provides no preferences, ignoring...
[2019-05-02 20:08:42,537 INFO  L174        SettingsManager]: Resetting LTL2Aut preferences to default values
[2019-05-02 20:08:42,537 INFO  L174        SettingsManager]: Resetting PEA to Boogie preferences to default values
[2019-05-02 20:08:42,538 INFO  L174        SettingsManager]: Resetting BlockEncodingV2 preferences to default values
[2019-05-02 20:08:42,539 INFO  L174        SettingsManager]: Resetting ChcToBoogie preferences to default values
[2019-05-02 20:08:42,539 INFO  L174        SettingsManager]: Resetting AutomataScriptInterpreter preferences to default values
[2019-05-02 20:08:42,540 INFO  L174        SettingsManager]: Resetting BuchiAutomizer preferences to default values
[2019-05-02 20:08:42,541 INFO  L174        SettingsManager]: Resetting CACSL2BoogieTranslator preferences to default values
[2019-05-02 20:08:42,542 INFO  L174        SettingsManager]: Resetting CodeCheck preferences to default values
[2019-05-02 20:08:42,543 INFO  L174        SettingsManager]: Resetting InvariantSynthesis preferences to default values
[2019-05-02 20:08:42,544 INFO  L174        SettingsManager]: Resetting RCFGBuilder preferences to default values
[2019-05-02 20:08:42,545 INFO  L174        SettingsManager]: Resetting TraceAbstraction preferences to default values
[2019-05-02 20:08:42,547 INFO  L177        SettingsManager]: TraceAbstractionConcurrent provides no preferences, ignoring...
[2019-05-02 20:08:42,547 INFO  L177        SettingsManager]: TraceAbstractionWithAFAs provides no preferences, ignoring...
[2019-05-02 20:08:42,547 INFO  L174        SettingsManager]: Resetting TreeAutomizer preferences to default values
[2019-05-02 20:08:42,547 INFO  L174        SettingsManager]: Resetting IcfgTransformer preferences to default values
[2019-05-02 20:08:42,548 INFO  L174        SettingsManager]: Resetting Boogie Printer preferences to default values
[2019-05-02 20:08:42,549 INFO  L174        SettingsManager]: Resetting ReqPrinter preferences to default values
[2019-05-02 20:08:42,549 INFO  L174        SettingsManager]: Resetting Witness Printer preferences to default values
[2019-05-02 20:08:42,550 INFO  L177        SettingsManager]: Boogie PL CUP Parser provides no preferences, ignoring...
[2019-05-02 20:08:42,550 INFO  L174        SettingsManager]: Resetting CDTParser preferences to default values
[2019-05-02 20:08:42,550 INFO  L177        SettingsManager]: AutomataScriptParser provides no preferences, ignoring...
[2019-05-02 20:08:42,550 INFO  L177        SettingsManager]: ReqParser provides no preferences, ignoring...
[2019-05-02 20:08:42,550 INFO  L174        SettingsManager]: Resetting SmtParser preferences to default values
[2019-05-02 20:08:42,551 INFO  L174        SettingsManager]: Resetting Witness Parser preferences to default values
[2019-05-02 20:08:42,551 INFO  L181        SettingsManager]: Finished resetting all preferences to default values...
[2019-05-02 20:08:42,567 INFO  L81    nceAwareModelManager]: Repository-Root is: /tmp
[2019-05-02 20:08:42,576 INFO  L258   ainManager$Toolchain]: [Toolchain 1]: Applicable parser(s) successfully (re)initialized
[2019-05-02 20:08:42,578 INFO  L214   ainManager$Toolchain]: [Toolchain 1]: Toolchain selected.
[2019-05-02 20:08:42,579 INFO  L271        PluginConnector]: Initializing Boogie PL CUP Parser...
[2019-05-02 20:08:42,580 INFO  L276        PluginConnector]: Boogie PL CUP Parser initialized
[2019-05-02 20:08:42,580 INFO  L418   ainManager$Toolchain]: [Toolchain 1]: Parsing single file: /home/xuechao/xuechao/work/Lab/Termination/Lasso-Ranker/Program_non/31.bpl
[2019-05-02 20:08:42,581 INFO  L111           BoogieParser]: Parsing: '/home/xuechao/xuechao/work/Lab/Termination/Lasso-Ranker/Program_non/31.bpl'
[2019-05-02 20:08:42,606 INFO  L296   ainManager$Toolchain]: ####################### [Toolchain 1] #######################
[2019-05-02 20:08:42,607 INFO  L131        ToolchainWalker]: Walking toolchain with 3 elements.
[2019-05-02 20:08:42,607 INFO  L113        PluginConnector]: ------------------------Boogie Preprocessor----------------------------
[2019-05-02 20:08:42,607 INFO  L271        PluginConnector]: Initializing Boogie Preprocessor...
[2019-05-02 20:08:42,608 INFO  L276        PluginConnector]: Boogie Preprocessor initialized
[2019-05-02 20:08:42,624 INFO  L185        PluginConnector]: Executing the observer EnsureBoogieModelObserver from plugin Boogie Preprocessor for "31.bpl de.uni_freiburg.informatik.ultimate.boogie.parser AST 02.05 08:08:42" (1/1) ...
[2019-05-02 20:08:42,625 INFO  L185        PluginConnector]: Executing the observer TypeChecker from plugin Boogie Preprocessor for "31.bpl de.uni_freiburg.informatik.ultimate.boogie.parser AST 02.05 08:08:42" (1/1) ...
[2019-05-02 20:08:42,629 INFO  L185        PluginConnector]: Executing the observer ConstExpander from plugin Boogie Preprocessor for "31.bpl de.uni_freiburg.informatik.ultimate.boogie.parser AST 02.05 08:08:42" (1/1) ...
[2019-05-02 20:08:42,629 INFO  L185        PluginConnector]: Executing the observer StructExpander from plugin Boogie Preprocessor for "31.bpl de.uni_freiburg.informatik.ultimate.boogie.parser AST 02.05 08:08:42" (1/1) ...
[2019-05-02 20:08:42,631 INFO  L185        PluginConnector]: Executing the observer UnstructureCode from plugin Boogie Preprocessor for "31.bpl de.uni_freiburg.informatik.ultimate.boogie.parser AST 02.05 08:08:42" (1/1) ...
[2019-05-02 20:08:42,634 INFO  L185        PluginConnector]: Executing the observer FunctionInliner from plugin Boogie Preprocessor for "31.bpl de.uni_freiburg.informatik.ultimate.boogie.parser AST 02.05 08:08:42" (1/1) ...
[2019-05-02 20:08:42,634 INFO  L185        PluginConnector]: Executing the observer BoogieSymbolTableConstructor from plugin Boogie Preprocessor for "31.bpl de.uni_freiburg.informatik.ultimate.boogie.parser AST 02.05 08:08:42" (1/1) ...
[2019-05-02 20:08:42,635 INFO  L132        PluginConnector]: ------------------------ END Boogie Preprocessor----------------------------
[2019-05-02 20:08:42,636 INFO  L113        PluginConnector]: ------------------------RCFGBuilder----------------------------
[2019-05-02 20:08:42,636 INFO  L271        PluginConnector]: Initializing RCFGBuilder...
[2019-05-02 20:08:42,636 INFO  L276        PluginConnector]: RCFGBuilder initialized
[2019-05-02 20:08:42,637 INFO  L185        PluginConnector]: Executing the observer RCFGBuilderObserver from plugin RCFGBuilder for "31.bpl de.uni_freiburg.informatik.ultimate.boogie.parser AST 02.05 08:08:42" (1/1) ...
No working directory specified, using /home/xuechao/xuechao/work/Lab/Termination/Lasso-Ranker/z3
Starting monitored process 1 with z3 SMTLIB2_COMPLIANT=true -memory:1024 -smt2 -in -t:12000 (exit command is (exit), workingDir is null)
Waiting until toolchain timeout for monitored process 1 with z3 SMTLIB2_COMPLIANT=true -memory:1024 -smt2 -in -t:12000
[2019-05-02 20:08:42,679 INFO  L124     BoogieDeclarations]: Specification and implementation of procedure main given in one single declaration
[2019-05-02 20:08:42,679 INFO  L130     BoogieDeclarations]: Found specification of procedure main
[2019-05-02 20:08:42,680 INFO  L138     BoogieDeclarations]: Found implementation of procedure main
[2019-05-02 20:08:42,761 INFO  L278             CfgBuilder]: Using library mode
[2019-05-02 20:08:42,761 INFO  L286             CfgBuilder]: Removed 0 assue(true) statements.
[2019-05-02 20:08:42,762 INFO  L202        PluginConnector]: Adding new model 31.bpl de.uni_freiburg.informatik.ultimate.plugins.generator.rcfgbuilder CFG 02.05 08:08:42 BoogieIcfgContainer
[2019-05-02 20:08:42,762 INFO  L132        PluginConnector]: ------------------------ END RCFGBuilder----------------------------
[2019-05-02 20:08:42,762 INFO  L113        PluginConnector]: ------------------------LassoRanker----------------------------
[2019-05-02 20:08:42,762 INFO  L271        PluginConnector]: Initializing LassoRanker...
[2019-05-02 20:08:42,762 INFO  L276        PluginConnector]: LassoRanker initialized
[2019-05-02 20:08:42,763 INFO  L185        PluginConnector]: Executing the observer LassoRankerObserver from plugin LassoRanker for "31.bpl de.uni_freiburg.informatik.ultimate.plugins.generator.rcfgbuilder CFG 02.05 08:08:42" (1/1) ...
[2019-05-02 20:08:42,784 INFO  L72            BuchiIsEmpty]: Start buchiIsEmpty. Operand 2 states.
[2019-05-02 20:08:42,800 INFO  L131   ngComponentsAnalysis]: Automaton has 1 accepting balls. 1
[2019-05-02 20:08:42,800 INFO  L87            BuchiIsEmpty]: Finished buchiIsEmpty Result is false
[2019-05-02 20:08:42,801 INFO  L119           BuchiIsEmpty]: Starting construction of run
[2019-05-02 20:08:42,806 INFO  L104     BuchiDifferenceFKV]: Start buchiDifferenceFKV. First operand 2 states. Second operand 1 states.
[2019-05-02 20:08:42,815 INFO  L108     BuchiDifferenceFKV]: Finished buchiDifferenceFKV. First operand 2 states. Second operand 1 states. Result 3 states and 4 transitions. Complement of second has 2 states 2 powerset states0 rank states. The highest rank that occured is -1
[2019-05-02 20:08:42,815 INFO  L72            BuchiIsEmpty]: Start buchiIsEmpty. Operand 3 states and 4 transitions.
[2019-05-02 20:08:42,815 INFO  L131   ngComponentsAnalysis]: Automaton has 0 accepting balls. 0
[2019-05-02 20:08:42,815 INFO  L87            BuchiIsEmpty]: Finished buchiIsEmpty Result is true
[2019-05-02 20:08:42,890 INFO  L216          LassoAnalysis]: Preferences:
[2019-05-02 20:08:42,891 INFO  L124   ssoRankerPreferences]: Compute integeral hull: false
[2019-05-02 20:08:42,891 INFO  L125   ssoRankerPreferences]: Enable LassoPartitioneer: true
[2019-05-02 20:08:42,891 INFO  L126   ssoRankerPreferences]: Term annotations enabled: false
[2019-05-02 20:08:42,891 INFO  L127   ssoRankerPreferences]: Use exernal solver: true
[2019-05-02 20:08:42,891 INFO  L128   ssoRankerPreferences]: SMT solver command: z3 -smt2 -in SMTLIB2_COMPLIANT=true
[2019-05-02 20:08:42,891 INFO  L129   ssoRankerPreferences]: Dump SMT script to file: false
[2019-05-02 20:08:42,891 INFO  L130   ssoRankerPreferences]: Path of dumped script: .
[2019-05-02 20:08:42,892 INFO  L131   ssoRankerPreferences]: Filename of dumped script: LassoRankerScript
[2019-05-02 20:08:42,892 INFO  L132   ssoRankerPreferences]: MapElimAlgo: Frank
[2019-05-02 20:08:42,892 INFO  L282          LassoAnalysis]: Starting lasso preprocessing...
[2019-05-02 20:08:42,908 INFO  L141          MapEliminator]: Using MapEliminator with SimplificationTechnique=SIMPLIFY_DDA XnfConversionTechnique=BOTTOM_UP_WITH_LOCAL_SIMPLIFICATION AddInequalities=false OnlyTrivialImplicationsArrayWrite=false OnlyTrivialImplicationsForModifiedArguments=true OnlyArgumentsInFormula=true
[2019-05-02 20:08:43,049 INFO  L300          LassoAnalysis]: Preprocessing complete.
[2019-05-02 20:08:43,049 INFO  L412          LassoAnalysis]: Checking for nontermination...
No working directory specified, using /home/xuechao/xuechao/work/Lab/Termination/Lasso-Ranker/z3
Starting monitored process 2 with z3 -smt2 -in SMTLIB2_COMPLIANT=true (exit command is (exit), workingDir is null)
Waiting until toolchain timeout for monitored process 2 with z3 -smt2 -in SMTLIB2_COMPLIANT=true
[2019-05-02 20:08:43,059 INFO  L151   nArgumentSynthesizer]: Nontermination analysis: LINEAR_WITH_GUESSES Allow bounded executions: true Number of generalized eigenvectors: 0 Nilpotent components: true
No working directory specified, using /home/xuechao/xuechao/work/Lab/Termination/Lasso-Ranker/z3
Starting monitored process 3 with z3 -smt2 -in SMTLIB2_COMPLIANT=true (exit command is (exit), workingDir is null)
Waiting until toolchain timeout for monitored process 3 with z3 -smt2 -in SMTLIB2_COMPLIANT=true
[2019-05-02 20:08:43,082 INFO  L151   nArgumentSynthesizer]: Nontermination analysis: LINEAR_WITH_GUESSES Allow bounded executions: true Number of generalized eigenvectors: 3 Nilpotent components: true
[2019-05-02 20:08:43,100 INFO  L452          LassoAnalysis]: Proving nontermination failed: No geometric nontermination argument exists.
[2019-05-02 20:08:43,115 INFO  L216          LassoAnalysis]: Preferences:
[2019-05-02 20:08:43,115 INFO  L124   ssoRankerPreferences]: Compute integeral hull: false
[2019-05-02 20:08:43,115 INFO  L125   ssoRankerPreferences]: Enable LassoPartitioneer: true
[2019-05-02 20:08:43,115 INFO  L126   ssoRankerPreferences]: Term annotations enabled: false
[2019-05-02 20:08:43,116 INFO  L127   ssoRankerPreferences]: Use exernal solver: true
[2019-05-02 20:08:43,116 INFO  L128   ssoRankerPreferences]: SMT solver command: z3 -smt2 -in SMTLIB2_COMPLIANT=true
[2019-05-02 20:08:43,116 INFO  L129   ssoRankerPreferences]: Dump SMT script to file: false
[2019-05-02 20:08:43,116 INFO  L130   ssoRankerPreferences]: Path of dumped script: .
[2019-05-02 20:08:43,116 INFO  L131   ssoRankerPreferences]: Filename of dumped script: LassoRankerScript
[2019-05-02 20:08:43,116 INFO  L132   ssoRankerPreferences]: MapElimAlgo: Frank
[2019-05-02 20:08:43,116 INFO  L282          LassoAnalysis]: Starting lasso preprocessing...
[2019-05-02 20:08:43,117 INFO  L141          MapEliminator]: Using MapEliminator with SimplificationTechnique=SIMPLIFY_DDA XnfConversionTechnique=BOTTOM_UP_WITH_LOCAL_SIMPLIFICATION AddInequalities=false OnlyTrivialImplicationsArrayWrite=false OnlyTrivialImplicationsForModifiedArguments=true OnlyArgumentsInFormula=true
[2019-05-02 20:08:43,199 INFO  L300          LassoAnalysis]: Preprocessing complete.
[2019-05-02 20:08:43,203 INFO  L497          LassoAnalysis]: Using template 'affine'.
No working directory specified, using /home/xuechao/xuechao/work/Lab/Termination/Lasso-Ranker/z3
Starting monitored process 4 with z3 -smt2 -in SMTLIB2_COMPLIANT=true (exit command is (exit), workingDir is null)
Waiting until toolchain timeout for monitored process 4 with z3 -smt2 -in SMTLIB2_COMPLIANT=true
[2019-05-02 20:08:43,206 INFO  L122   nArgumentSynthesizer]: Termination Analysis Settings:
Termination analysis: LINEAR_WITH_GUESSES
Number of strict supporting invariants: 1
Number of non-strict supporting invariants: 0
Consider only non-deceasing supporting invariants: true
Simplify termination arguments: true
Simplify supporting invariants: trueOverapproximate stem: false
[2019-05-02 20:08:43,208 INFO  L339   nArgumentSynthesizer]: Template has degree 0.
[2019-05-02 20:08:43,208 INFO  L352   nArgumentSynthesizer]: There is no stem transition; disabling supporting invariant generation.
[2019-05-02 20:08:43,208 INFO  L205   nArgumentSynthesizer]: 1 stem disjuncts
[2019-05-02 20:08:43,209 INFO  L206   nArgumentSynthesizer]: 1 loop disjuncts
[2019-05-02 20:08:43,209 INFO  L207   nArgumentSynthesizer]: 2 template conjuncts.
[2019-05-02 20:08:43,217 INFO  L402   nArgumentSynthesizer]: We have 2 Motzkin's Theorem applications.
[2019-05-02 20:08:43,217 INFO  L403   nArgumentSynthesizer]: A total of 0 supporting invariants were added.
[2019-05-02 20:08:43,220 INFO  L530          LassoAnalysis]: Proving termination failed for this template and these settings.
[2019-05-02 20:08:43,235 INFO  L497          LassoAnalysis]: Using template '2-nested'.
No working directory specified, using /home/xuechao/xuechao/work/Lab/Termination/Lasso-Ranker/z3
Starting monitored process 5 with z3 -smt2 -in SMTLIB2_COMPLIANT=true (exit command is (exit), workingDir is null)
Waiting until toolchain timeout for monitored process 5 with z3 -smt2 -in SMTLIB2_COMPLIANT=true
[2019-05-02 20:08:43,239 INFO  L122   nArgumentSynthesizer]: Termination Analysis Settings:
Termination analysis: LINEAR_WITH_GUESSES
Number of strict supporting invariants: 1
Number of non-strict supporting invariants: 0
Consider only non-deceasing supporting invariants: true
Simplify termination arguments: true
Simplify supporting invariants: trueOverapproximate stem: false
[2019-05-02 20:08:43,240 INFO  L339   nArgumentSynthesizer]: Template has degree 0.
[2019-05-02 20:08:43,240 INFO  L352   nArgumentSynthesizer]: There is no stem transition; disabling supporting invariant generation.
[2019-05-02 20:08:43,241 INFO  L205   nArgumentSynthesizer]: 1 stem disjuncts
[2019-05-02 20:08:43,241 INFO  L206   nArgumentSynthesizer]: 1 loop disjuncts
[2019-05-02 20:08:43,241 INFO  L207   nArgumentSynthesizer]: 3 template conjuncts.
[2019-05-02 20:08:43,248 INFO  L402   nArgumentSynthesizer]: We have 3 Motzkin's Theorem applications.
[2019-05-02 20:08:43,248 INFO  L403   nArgumentSynthesizer]: A total of 0 supporting invariants were added.
[2019-05-02 20:08:43,257 INFO  L530          LassoAnalysis]: Proving termination failed for this template and these settings.
[2019-05-02 20:08:43,271 INFO  L497          LassoAnalysis]: Using template '3-nested'.
No working directory specified, using /home/xuechao/xuechao/work/Lab/Termination/Lasso-Ranker/z3
Starting monitored process 6 with z3 -smt2 -in SMTLIB2_COMPLIANT=true (exit command is (exit), workingDir is null)
Waiting until toolchain timeout for monitored process 6 with z3 -smt2 -in SMTLIB2_COMPLIANT=true
[2019-05-02 20:08:43,273 INFO  L122   nArgumentSynthesizer]: Termination Analysis Settings:
Termination analysis: LINEAR_WITH_GUESSES
Number of strict supporting invariants: 1
Number of non-strict supporting invariants: 0
Consider only non-deceasing supporting invariants: true
Simplify termination arguments: true
Simplify supporting invariants: trueOverapproximate stem: false
[2019-05-02 20:08:43,275 INFO  L339   nArgumentSynthesizer]: Template has degree 0.
[2019-05-02 20:08:43,275 INFO  L352   nArgumentSynthesizer]: There is no stem transition; disabling supporting invariant generation.
[2019-05-02 20:08:43,275 INFO  L205   nArgumentSynthesizer]: 1 stem disjuncts
[2019-05-02 20:08:43,275 INFO  L206   nArgumentSynthesizer]: 1 loop disjuncts
[2019-05-02 20:08:43,275 INFO  L207   nArgumentSynthesizer]: 4 template conjuncts.
[2019-05-02 20:08:43,278 INFO  L402   nArgumentSynthesizer]: We have 4 Motzkin's Theorem applications.
[2019-05-02 20:08:43,278 INFO  L403   nArgumentSynthesizer]: A total of 0 supporting invariants were added.
[2019-05-02 20:08:43,283 INFO  L530          LassoAnalysis]: Proving termination failed for this template and these settings.
[2019-05-02 20:08:43,297 INFO  L497          LassoAnalysis]: Using template '4-nested'.
No working directory specified, using /home/xuechao/xuechao/work/Lab/Termination/Lasso-Ranker/z3
Starting monitored process 7 with z3 -smt2 -in SMTLIB2_COMPLIANT=true (exit command is (exit), workingDir is null)
Waiting until toolchain timeout for monitored process 7 with z3 -smt2 -in SMTLIB2_COMPLIANT=true
[2019-05-02 20:08:43,299 INFO  L122   nArgumentSynthesizer]: Termination Analysis Settings:
Termination analysis: LINEAR_WITH_GUESSES
Number of strict supporting invariants: 1
Number of non-strict supporting invariants: 0
Consider only non-deceasing supporting invariants: true
Simplify termination arguments: true
Simplify supporting invariants: trueOverapproximate stem: false
[2019-05-02 20:08:43,301 INFO  L339   nArgumentSynthesizer]: Template has degree 0.
[2019-05-02 20:08:43,302 INFO  L352   nArgumentSynthesizer]: There is no stem transition; disabling supporting invariant generation.
[2019-05-02 20:08:43,302 INFO  L205   nArgumentSynthesizer]: 1 stem disjuncts
[2019-05-02 20:08:43,302 INFO  L206   nArgumentSynthesizer]: 1 loop disjuncts
[2019-05-02 20:08:43,302 INFO  L207   nArgumentSynthesizer]: 5 template conjuncts.
[2019-05-02 20:08:43,307 INFO  L402   nArgumentSynthesizer]: We have 5 Motzkin's Theorem applications.
[2019-05-02 20:08:43,307 INFO  L403   nArgumentSynthesizer]: A total of 0 supporting invariants were added.
[2019-05-02 20:08:43,312 INFO  L530          LassoAnalysis]: Proving termination failed for this template and these settings.
[2019-05-02 20:08:43,326 INFO  L497          LassoAnalysis]: Using template '2-phase'.
No working directory specified, using /home/xuechao/xuechao/work/Lab/Termination/Lasso-Ranker/z3
Starting monitored process 8 with z3 -smt2 -in SMTLIB2_COMPLIANT=true (exit command is (exit), workingDir is null)
Waiting until toolchain timeout for monitored process 8 with z3 -smt2 -in SMTLIB2_COMPLIANT=true
[2019-05-02 20:08:43,328 INFO  L122   nArgumentSynthesizer]: Termination Analysis Settings:
Termination analysis: LINEAR_WITH_GUESSES
Number of strict supporting invariants: 1
Number of non-strict supporting invariants: 0
Consider only non-deceasing supporting invariants: true
Simplify termination arguments: true
Simplify supporting invariants: trueOverapproximate stem: false
[2019-05-02 20:08:43,330 WARN  L334   nArgumentSynthesizer]: Using a linear SMT query and a templates of degree > 0, hence this method is incomplete.
[2019-05-02 20:08:43,330 INFO  L339   nArgumentSynthesizer]: Template has degree 1.
[2019-05-02 20:08:43,330 INFO  L352   nArgumentSynthesizer]: There is no stem transition; disabling supporting invariant generation.
[2019-05-02 20:08:43,330 INFO  L205   nArgumentSynthesizer]: 1 stem disjuncts
[2019-05-02 20:08:43,330 INFO  L206   nArgumentSynthesizer]: 1 loop disjuncts
[2019-05-02 20:08:43,330 INFO  L207   nArgumentSynthesizer]: 3 template conjuncts.
[2019-05-02 20:08:43,336 INFO  L402   nArgumentSynthesizer]: We have 3 Motzkin's Theorem applications.
[2019-05-02 20:08:43,336 INFO  L403   nArgumentSynthesizer]: A total of 0 supporting invariants were added.
[2019-05-02 20:08:43,374 INFO  L530          LassoAnalysis]: Proving termination failed for this template and these settings.
[2019-05-02 20:08:43,388 INFO  L497          LassoAnalysis]: Using template 'lex(affine, affine)'.
No working directory specified, using /home/xuechao/xuechao/work/Lab/Termination/Lasso-Ranker/z3
Starting monitored process 9 with z3 -smt2 -in SMTLIB2_COMPLIANT=true (exit command is (exit), workingDir is null)
Waiting until toolchain timeout for monitored process 9 with z3 -smt2 -in SMTLIB2_COMPLIANT=true
[2019-05-02 20:08:43,390 INFO  L122   nArgumentSynthesizer]: Termination Analysis Settings:
Termination analysis: LINEAR_WITH_GUESSES
Number of strict supporting invariants: 1
Number of non-strict supporting invariants: 0
Consider only non-deceasing supporting invariants: true
Simplify termination arguments: true
Simplify supporting invariants: trueOverapproximate stem: false
[2019-05-02 20:08:43,393 WARN  L334   nArgumentSynthesizer]: Using a linear SMT query and a templates of degree > 0, hence this method is incomplete.
[2019-05-02 20:08:43,393 INFO  L339   nArgumentSynthesizer]: Template has degree 5.
[2019-05-02 20:08:43,393 INFO  L352   nArgumentSynthesizer]: There is no stem transition; disabling supporting invariant generation.
[2019-05-02 20:08:43,394 INFO  L205   nArgumentSynthesizer]: 1 stem disjuncts
[2019-05-02 20:08:43,394 INFO  L206   nArgumentSynthesizer]: 1 loop disjuncts
[2019-05-02 20:08:43,394 INFO  L207   nArgumentSynthesizer]: 4 template conjuncts.
[2019-05-02 20:08:43,410 INFO  L402   nArgumentSynthesizer]: We have 4 Motzkin's Theorem applications.
[2019-05-02 20:08:43,410 INFO  L403   nArgumentSynthesizer]: A total of 0 supporting invariants were added.
[2019-05-02 20:08:43,436 INFO  L530          LassoAnalysis]: Proving termination failed for this template and these settings.
[2019-05-02 20:08:43,451 INFO  L497          LassoAnalysis]: Using template '2-piece'.
No working directory specified, using /home/xuechao/xuechao/work/Lab/Termination/Lasso-Ranker/z3
Starting monitored process 10 with z3 -smt2 -in SMTLIB2_COMPLIANT=true (exit command is (exit), workingDir is null)
Waiting until toolchain timeout for monitored process 10 with z3 -smt2 -in SMTLIB2_COMPLIANT=true
[2019-05-02 20:08:43,453 INFO  L122   nArgumentSynthesizer]: Termination Analysis Settings:
Termination analysis: LINEAR_WITH_GUESSES
Number of strict supporting invariants: 1
Number of non-strict supporting invariants: 0
Consider only non-deceasing supporting invariants: true
Simplify termination arguments: true
Simplify supporting invariants: trueOverapproximate stem: false
[2019-05-02 20:08:43,462 WARN  L334   nArgumentSynthesizer]: Using a linear SMT query and a templates of degree > 0, hence this method is incomplete.
[2019-05-02 20:08:43,462 INFO  L339   nArgumentSynthesizer]: Template has degree 7.
[2019-05-02 20:08:43,462 INFO  L352   nArgumentSynthesizer]: There is no stem transition; disabling supporting invariant generation.
[2019-05-02 20:08:43,463 INFO  L205   nArgumentSynthesizer]: 1 stem disjuncts
[2019-05-02 20:08:43,463 INFO  L206   nArgumentSynthesizer]: 1 loop disjuncts
[2019-05-02 20:08:43,463 INFO  L207   nArgumentSynthesizer]: 7 template conjuncts.
[2019-05-02 20:08:43,478 INFO  L402   nArgumentSynthesizer]: We have 7 Motzkin's Theorem applications.
[2019-05-02 20:08:43,479 INFO  L403   nArgumentSynthesizer]: A total of 0 supporting invariants were added.
[2019-05-02 20:08:44,604 INFO  L530          LassoAnalysis]: Proving termination failed for this template and these settings.
[2019-05-02 20:08:44,617 INFO  L497          LassoAnalysis]: Using template '2-parallel'.
No working directory specified, using /home/xuechao/xuechao/work/Lab/Termination/Lasso-Ranker/z3
Starting monitored process 11 with z3 -smt2 -in SMTLIB2_COMPLIANT=true (exit command is (exit), workingDir is null)
Waiting until toolchain timeout for monitored process 11 with z3 -smt2 -in SMTLIB2_COMPLIANT=true
[2019-05-02 20:08:44,619 INFO  L122   nArgumentSynthesizer]: Termination Analysis Settings:
Termination analysis: LINEAR_WITH_GUESSES
Number of strict supporting invariants: 1
Number of non-strict supporting invariants: 0
Consider only non-deceasing supporting invariants: true
Simplify termination arguments: true
Simplify supporting invariants: trueOverapproximate stem: false
[2019-05-02 20:08:44,621 WARN  L334   nArgumentSynthesizer]: Using a linear SMT query and a templates of degree > 0, hence this method is incomplete.
[2019-05-02 20:08:44,621 INFO  L339   nArgumentSynthesizer]: Template has degree 4.
[2019-05-02 20:08:44,621 INFO  L352   nArgumentSynthesizer]: There is no stem transition; disabling supporting invariant generation.
[2019-05-02 20:08:44,621 INFO  L205   nArgumentSynthesizer]: 1 stem disjuncts
[2019-05-02 20:08:44,621 INFO  L206   nArgumentSynthesizer]: 1 loop disjuncts
[2019-05-02 20:08:44,621 INFO  L207   nArgumentSynthesizer]: 6 template conjuncts.
[2019-05-02 20:08:44,627 INFO  L402   nArgumentSynthesizer]: We have 6 Motzkin's Theorem applications.
[2019-05-02 20:08:44,627 INFO  L403   nArgumentSynthesizer]: A total of 0 supporting invariants were added.
[2019-05-02 20:08:44,684 INFO  L530          LassoAnalysis]: Proving termination failed for this template and these settings.
[2019-05-02 20:08:44,699 INFO  L489     LassoRankerStarter]: LassoRanker could not prove termination or nontermination of the given linear lasso program.
Templates: AffineTemplate NestedTemplate NestedTemplate NestedTemplate MultiphaseTemplate ComposedLexicographicTemplate PiecewiseTemplate ParallelTemplate
[2019-05-02 20:08:44,699 INFO  L132        PluginConnector]: ------------------------ END LassoRanker----------------------------
[2019-05-02 20:08:44,700 INFO  L168              Benchmark]: Toolchain (without parser) took 2093.60 ms. Allocated memory is still 514.9 MB. Free memory was 477.6 MB in the beginning and 367.3 MB in the end (delta: 110.3 MB). Peak memory consumption was 110.3 MB. Max. memory is 11.5 GB.
[2019-05-02 20:08:44,701 INFO  L168              Benchmark]: Boogie PL CUP Parser took 0.16 ms. Allocated memory is still 514.9 MB. Free memory is still 479.1 MB. There was no memory consumed. Max. memory is 11.5 GB.
[2019-05-02 20:08:44,702 INFO  L168              Benchmark]: Boogie Preprocessor took 28.10 ms. Allocated memory is still 514.9 MB. Free memory was 477.6 MB in the beginning and 475.0 MB in the end (delta: 2.7 MB). Peak memory consumption was 2.7 MB. Max. memory is 11.5 GB.
[2019-05-02 20:08:44,702 INFO  L168              Benchmark]: RCFGBuilder took 126.34 ms. Allocated memory is still 514.9 MB. Free memory was 475.0 MB in the beginning and 465.3 MB in the end (delta: 9.6 MB). Peak memory consumption was 9.6 MB. Max. memory is 11.5 GB.
[2019-05-02 20:08:44,703 INFO  L168              Benchmark]: LassoRanker took 1937.01 ms. Allocated memory is still 514.9 MB. Free memory was 465.3 MB in the beginning and 367.3 MB in the end (delta: 98.0 MB). Peak memory consumption was 98.0 MB. Max. memory is 11.5 GB.
[2019-05-02 20:08:44,705 INFO  L336   ainManager$Toolchain]: #######################  End [Toolchain 1] #######################
 --- Results ---
 * Results from de.uni_freiburg.informatik.ultimate.core:
  - StatisticsResult: Toolchain Benchmarks
    Benchmark results are:
 * Boogie PL CUP Parser took 0.16 ms. Allocated memory is still 514.9 MB. Free memory is still 479.1 MB. There was no memory consumed. Max. memory is 11.5 GB.
 * Boogie Preprocessor took 28.10 ms. Allocated memory is still 514.9 MB. Free memory was 477.6 MB in the beginning and 475.0 MB in the end (delta: 2.7 MB). Peak memory consumption was 2.7 MB. Max. memory is 11.5 GB.
 * RCFGBuilder took 126.34 ms. Allocated memory is still 514.9 MB. Free memory was 475.0 MB in the beginning and 465.3 MB in the end (delta: 9.6 MB). Peak memory consumption was 9.6 MB. Max. memory is 11.5 GB.
 * LassoRanker took 1937.01 ms. Allocated memory is still 514.9 MB. Free memory was 465.3 MB in the beginning and 367.3 MB in the end (delta: 98.0 MB). Peak memory consumption was 98.0 MB. Max. memory is 11.5 GB.
 * Results from de.uni_freiburg.informatik.ultimate.plugins.analysis.lassoranker:
  - NoResult [Line: 23]: LassoRanker could not prove termination
    LassoRanker could not prove termination or nontermination of the given linear lasso program.
Templates: AffineTemplate NestedTemplate NestedTemplate NestedTemplate MultiphaseTemplate ComposedLexicographicTemplate PiecewiseTemplate ParallelTemplate
RESULT: Ultimate could not prove your program: Toolchain returned no result.
Received shutdown request...
