This is Ultimate 0.1.24-16d85fa
[2019-05-02 20:08:46,201 INFO  L170        SettingsManager]: Resetting all preferences to default values...
[2019-05-02 20:08:46,202 INFO  L174        SettingsManager]: Resetting UltimateCore preferences to default values
[2019-05-02 20:08:46,212 INFO  L177        SettingsManager]: Ultimate Commandline Interface provides no preferences, ignoring...
[2019-05-02 20:08:46,212 INFO  L174        SettingsManager]: Resetting Boogie Preprocessor preferences to default values
[2019-05-02 20:08:46,213 INFO  L174        SettingsManager]: Resetting Boogie Procedure Inliner preferences to default values
[2019-05-02 20:08:46,214 INFO  L174        SettingsManager]: Resetting Abstract Interpretation preferences to default values
[2019-05-02 20:08:46,215 INFO  L174        SettingsManager]: Resetting LassoRanker preferences to default values
[2019-05-02 20:08:46,216 INFO  L174        SettingsManager]: Resetting Reaching Definitions preferences to default values
[2019-05-02 20:08:46,217 INFO  L174        SettingsManager]: Resetting SyntaxChecker preferences to default values
[2019-05-02 20:08:46,217 INFO  L177        SettingsManager]: Büchi Program Product provides no preferences, ignoring...
[2019-05-02 20:08:46,217 INFO  L174        SettingsManager]: Resetting LTL2Aut preferences to default values
[2019-05-02 20:08:46,218 INFO  L174        SettingsManager]: Resetting PEA to Boogie preferences to default values
[2019-05-02 20:08:46,219 INFO  L174        SettingsManager]: Resetting BlockEncodingV2 preferences to default values
[2019-05-02 20:08:46,219 INFO  L174        SettingsManager]: Resetting ChcToBoogie preferences to default values
[2019-05-02 20:08:46,220 INFO  L174        SettingsManager]: Resetting AutomataScriptInterpreter preferences to default values
[2019-05-02 20:08:46,220 INFO  L174        SettingsManager]: Resetting BuchiAutomizer preferences to default values
[2019-05-02 20:08:46,221 INFO  L174        SettingsManager]: Resetting CACSL2BoogieTranslator preferences to default values
[2019-05-02 20:08:46,223 INFO  L174        SettingsManager]: Resetting CodeCheck preferences to default values
[2019-05-02 20:08:46,224 INFO  L174        SettingsManager]: Resetting InvariantSynthesis preferences to default values
[2019-05-02 20:08:46,224 INFO  L174        SettingsManager]: Resetting RCFGBuilder preferences to default values
[2019-05-02 20:08:46,225 INFO  L174        SettingsManager]: Resetting TraceAbstraction preferences to default values
[2019-05-02 20:08:46,227 INFO  L177        SettingsManager]: TraceAbstractionConcurrent provides no preferences, ignoring...
[2019-05-02 20:08:46,227 INFO  L177        SettingsManager]: TraceAbstractionWithAFAs provides no preferences, ignoring...
[2019-05-02 20:08:46,227 INFO  L174        SettingsManager]: Resetting TreeAutomizer preferences to default values
[2019-05-02 20:08:46,228 INFO  L174        SettingsManager]: Resetting IcfgTransformer preferences to default values
[2019-05-02 20:08:46,228 INFO  L174        SettingsManager]: Resetting Boogie Printer preferences to default values
[2019-05-02 20:08:46,229 INFO  L174        SettingsManager]: Resetting ReqPrinter preferences to default values
[2019-05-02 20:08:46,229 INFO  L174        SettingsManager]: Resetting Witness Printer preferences to default values
[2019-05-02 20:08:46,230 INFO  L177        SettingsManager]: Boogie PL CUP Parser provides no preferences, ignoring...
[2019-05-02 20:08:46,230 INFO  L174        SettingsManager]: Resetting CDTParser preferences to default values
[2019-05-02 20:08:46,230 INFO  L177        SettingsManager]: AutomataScriptParser provides no preferences, ignoring...
[2019-05-02 20:08:46,231 INFO  L177        SettingsManager]: ReqParser provides no preferences, ignoring...
[2019-05-02 20:08:46,231 INFO  L174        SettingsManager]: Resetting SmtParser preferences to default values
[2019-05-02 20:08:46,231 INFO  L174        SettingsManager]: Resetting Witness Parser preferences to default values
[2019-05-02 20:08:46,232 INFO  L181        SettingsManager]: Finished resetting all preferences to default values...
[2019-05-02 20:08:46,247 INFO  L81    nceAwareModelManager]: Repository-Root is: /tmp
[2019-05-02 20:08:46,256 INFO  L258   ainManager$Toolchain]: [Toolchain 1]: Applicable parser(s) successfully (re)initialized
[2019-05-02 20:08:46,258 INFO  L214   ainManager$Toolchain]: [Toolchain 1]: Toolchain selected.
[2019-05-02 20:08:46,259 INFO  L271        PluginConnector]: Initializing Boogie PL CUP Parser...
[2019-05-02 20:08:46,260 INFO  L276        PluginConnector]: Boogie PL CUP Parser initialized
[2019-05-02 20:08:46,260 INFO  L418   ainManager$Toolchain]: [Toolchain 1]: Parsing single file: /home/xuechao/xuechao/work/Lab/Termination/Lasso-Ranker/Program_non/32.bpl
[2019-05-02 20:08:46,260 INFO  L111           BoogieParser]: Parsing: '/home/xuechao/xuechao/work/Lab/Termination/Lasso-Ranker/Program_non/32.bpl'
[2019-05-02 20:08:46,281 INFO  L296   ainManager$Toolchain]: ####################### [Toolchain 1] #######################
[2019-05-02 20:08:46,283 INFO  L131        ToolchainWalker]: Walking toolchain with 3 elements.
[2019-05-02 20:08:46,283 INFO  L113        PluginConnector]: ------------------------Boogie Preprocessor----------------------------
[2019-05-02 20:08:46,283 INFO  L271        PluginConnector]: Initializing Boogie Preprocessor...
[2019-05-02 20:08:46,283 INFO  L276        PluginConnector]: Boogie Preprocessor initialized
[2019-05-02 20:08:46,300 INFO  L185        PluginConnector]: Executing the observer EnsureBoogieModelObserver from plugin Boogie Preprocessor for "32.bpl de.uni_freiburg.informatik.ultimate.boogie.parser AST 02.05 08:08:46" (1/1) ...
[2019-05-02 20:08:46,301 INFO  L185        PluginConnector]: Executing the observer TypeChecker from plugin Boogie Preprocessor for "32.bpl de.uni_freiburg.informatik.ultimate.boogie.parser AST 02.05 08:08:46" (1/1) ...
[2019-05-02 20:08:46,305 INFO  L185        PluginConnector]: Executing the observer ConstExpander from plugin Boogie Preprocessor for "32.bpl de.uni_freiburg.informatik.ultimate.boogie.parser AST 02.05 08:08:46" (1/1) ...
[2019-05-02 20:08:46,305 INFO  L185        PluginConnector]: Executing the observer StructExpander from plugin Boogie Preprocessor for "32.bpl de.uni_freiburg.informatik.ultimate.boogie.parser AST 02.05 08:08:46" (1/1) ...
[2019-05-02 20:08:46,307 INFO  L185        PluginConnector]: Executing the observer UnstructureCode from plugin Boogie Preprocessor for "32.bpl de.uni_freiburg.informatik.ultimate.boogie.parser AST 02.05 08:08:46" (1/1) ...
[2019-05-02 20:08:46,310 INFO  L185        PluginConnector]: Executing the observer FunctionInliner from plugin Boogie Preprocessor for "32.bpl de.uni_freiburg.informatik.ultimate.boogie.parser AST 02.05 08:08:46" (1/1) ...
[2019-05-02 20:08:46,310 INFO  L185        PluginConnector]: Executing the observer BoogieSymbolTableConstructor from plugin Boogie Preprocessor for "32.bpl de.uni_freiburg.informatik.ultimate.boogie.parser AST 02.05 08:08:46" (1/1) ...
[2019-05-02 20:08:46,311 INFO  L132        PluginConnector]: ------------------------ END Boogie Preprocessor----------------------------
[2019-05-02 20:08:46,312 INFO  L113        PluginConnector]: ------------------------RCFGBuilder----------------------------
[2019-05-02 20:08:46,312 INFO  L271        PluginConnector]: Initializing RCFGBuilder...
[2019-05-02 20:08:46,312 INFO  L276        PluginConnector]: RCFGBuilder initialized
[2019-05-02 20:08:46,313 INFO  L185        PluginConnector]: Executing the observer RCFGBuilderObserver from plugin RCFGBuilder for "32.bpl de.uni_freiburg.informatik.ultimate.boogie.parser AST 02.05 08:08:46" (1/1) ...
No working directory specified, using /home/xuechao/xuechao/work/Lab/Termination/Lasso-Ranker/z3
Starting monitored process 1 with z3 SMTLIB2_COMPLIANT=true -memory:1024 -smt2 -in -t:12000 (exit command is (exit), workingDir is null)
Waiting until toolchain timeout for monitored process 1 with z3 SMTLIB2_COMPLIANT=true -memory:1024 -smt2 -in -t:12000
[2019-05-02 20:08:46,355 INFO  L124     BoogieDeclarations]: Specification and implementation of procedure Damaskus given in one single declaration
[2019-05-02 20:08:46,355 INFO  L130     BoogieDeclarations]: Found specification of procedure Damaskus
[2019-05-02 20:08:46,356 INFO  L138     BoogieDeclarations]: Found implementation of procedure Damaskus
[2019-05-02 20:08:46,428 INFO  L278             CfgBuilder]: Using library mode
[2019-05-02 20:08:46,428 INFO  L286             CfgBuilder]: Removed 0 assue(true) statements.
[2019-05-02 20:08:46,429 INFO  L202        PluginConnector]: Adding new model 32.bpl de.uni_freiburg.informatik.ultimate.plugins.generator.rcfgbuilder CFG 02.05 08:08:46 BoogieIcfgContainer
[2019-05-02 20:08:46,430 INFO  L132        PluginConnector]: ------------------------ END RCFGBuilder----------------------------
[2019-05-02 20:08:46,430 INFO  L113        PluginConnector]: ------------------------LassoRanker----------------------------
[2019-05-02 20:08:46,430 INFO  L271        PluginConnector]: Initializing LassoRanker...
[2019-05-02 20:08:46,430 INFO  L276        PluginConnector]: LassoRanker initialized
[2019-05-02 20:08:46,431 INFO  L185        PluginConnector]: Executing the observer LassoRankerObserver from plugin LassoRanker for "32.bpl de.uni_freiburg.informatik.ultimate.plugins.generator.rcfgbuilder CFG 02.05 08:08:46" (1/1) ...
[2019-05-02 20:08:46,456 INFO  L72            BuchiIsEmpty]: Start buchiIsEmpty. Operand 2 states.
[2019-05-02 20:08:46,472 INFO  L131   ngComponentsAnalysis]: Automaton has 1 accepting balls. 1
[2019-05-02 20:08:46,472 INFO  L87            BuchiIsEmpty]: Finished buchiIsEmpty Result is false
[2019-05-02 20:08:46,472 INFO  L119           BuchiIsEmpty]: Starting construction of run
[2019-05-02 20:08:46,478 INFO  L104     BuchiDifferenceFKV]: Start buchiDifferenceFKV. First operand 2 states. Second operand 1 states.
[2019-05-02 20:08:46,486 INFO  L108     BuchiDifferenceFKV]: Finished buchiDifferenceFKV. First operand 2 states. Second operand 1 states. Result 3 states and 4 transitions. Complement of second has 2 states 2 powerset states0 rank states. The highest rank that occured is -1
[2019-05-02 20:08:46,487 INFO  L72            BuchiIsEmpty]: Start buchiIsEmpty. Operand 3 states and 4 transitions.
[2019-05-02 20:08:46,487 INFO  L131   ngComponentsAnalysis]: Automaton has 0 accepting balls. 0
[2019-05-02 20:08:46,487 INFO  L87            BuchiIsEmpty]: Finished buchiIsEmpty Result is true
[2019-05-02 20:08:46,538 INFO  L216          LassoAnalysis]: Preferences:
[2019-05-02 20:08:46,539 INFO  L124   ssoRankerPreferences]: Compute integeral hull: false
[2019-05-02 20:08:46,539 INFO  L125   ssoRankerPreferences]: Enable LassoPartitioneer: true
[2019-05-02 20:08:46,539 INFO  L126   ssoRankerPreferences]: Term annotations enabled: false
[2019-05-02 20:08:46,539 INFO  L127   ssoRankerPreferences]: Use exernal solver: true
[2019-05-02 20:08:46,539 INFO  L128   ssoRankerPreferences]: SMT solver command: z3 -smt2 -in SMTLIB2_COMPLIANT=true
[2019-05-02 20:08:46,539 INFO  L129   ssoRankerPreferences]: Dump SMT script to file: false
[2019-05-02 20:08:46,539 INFO  L130   ssoRankerPreferences]: Path of dumped script: .
[2019-05-02 20:08:46,540 INFO  L131   ssoRankerPreferences]: Filename of dumped script: LassoRankerScript
[2019-05-02 20:08:46,540 INFO  L132   ssoRankerPreferences]: MapElimAlgo: Frank
[2019-05-02 20:08:46,540 INFO  L282          LassoAnalysis]: Starting lasso preprocessing...
[2019-05-02 20:08:46,556 INFO  L141          MapEliminator]: Using MapEliminator with SimplificationTechnique=SIMPLIFY_DDA XnfConversionTechnique=BOTTOM_UP_WITH_LOCAL_SIMPLIFICATION AddInequalities=false OnlyTrivialImplicationsArrayWrite=false OnlyTrivialImplicationsForModifiedArguments=true OnlyArgumentsInFormula=true
[2019-05-02 20:08:46,630 INFO  L300          LassoAnalysis]: Preprocessing complete.
[2019-05-02 20:08:46,630 INFO  L412          LassoAnalysis]: Checking for nontermination...
No working directory specified, using /home/xuechao/xuechao/work/Lab/Termination/Lasso-Ranker/z3
Starting monitored process 2 with z3 -smt2 -in SMTLIB2_COMPLIANT=true (exit command is (exit), workingDir is null)
Waiting until toolchain timeout for monitored process 2 with z3 -smt2 -in SMTLIB2_COMPLIANT=true
[2019-05-02 20:08:46,634 INFO  L151   nArgumentSynthesizer]: Nontermination analysis: LINEAR_WITH_GUESSES Allow bounded executions: true Number of generalized eigenvectors: 0 Nilpotent components: true
[2019-05-02 20:08:46,634 INFO  L163   nArgumentSynthesizer]: Using integer mode.
No working directory specified, using /home/xuechao/xuechao/work/Lab/Termination/Lasso-Ranker/z3
Starting monitored process 3 with z3 -smt2 -in SMTLIB2_COMPLIANT=true (exit command is (exit), workingDir is null)
Waiting until toolchain timeout for monitored process 3 with z3 -smt2 -in SMTLIB2_COMPLIANT=true
[2019-05-02 20:08:46,655 INFO  L151   nArgumentSynthesizer]: Nontermination analysis: LINEAR_WITH_GUESSES Allow bounded executions: true Number of generalized eigenvectors: 3 Nilpotent components: true
[2019-05-02 20:08:46,655 INFO  L163   nArgumentSynthesizer]: Using integer mode.
[2019-05-02 20:08:46,683 INFO  L452          LassoAnalysis]: Proving nontermination failed: No geometric nontermination argument exists.
[2019-05-02 20:08:46,685 INFO  L216          LassoAnalysis]: Preferences:
[2019-05-02 20:08:46,685 INFO  L124   ssoRankerPreferences]: Compute integeral hull: false
[2019-05-02 20:08:46,685 INFO  L125   ssoRankerPreferences]: Enable LassoPartitioneer: true
[2019-05-02 20:08:46,685 INFO  L126   ssoRankerPreferences]: Term annotations enabled: false
[2019-05-02 20:08:46,685 INFO  L127   ssoRankerPreferences]: Use exernal solver: true
[2019-05-02 20:08:46,685 INFO  L128   ssoRankerPreferences]: SMT solver command: z3 -smt2 -in SMTLIB2_COMPLIANT=true
[2019-05-02 20:08:46,685 INFO  L129   ssoRankerPreferences]: Dump SMT script to file: false
[2019-05-02 20:08:46,686 INFO  L130   ssoRankerPreferences]: Path of dumped script: .
[2019-05-02 20:08:46,686 INFO  L131   ssoRankerPreferences]: Filename of dumped script: LassoRankerScript
[2019-05-02 20:08:46,686 INFO  L132   ssoRankerPreferences]: MapElimAlgo: Frank
[2019-05-02 20:08:46,686 INFO  L282          LassoAnalysis]: Starting lasso preprocessing...
[2019-05-02 20:08:46,687 INFO  L141          MapEliminator]: Using MapEliminator with SimplificationTechnique=SIMPLIFY_DDA XnfConversionTechnique=BOTTOM_UP_WITH_LOCAL_SIMPLIFICATION AddInequalities=false OnlyTrivialImplicationsArrayWrite=false OnlyTrivialImplicationsForModifiedArguments=true OnlyArgumentsInFormula=true
[2019-05-02 20:08:46,725 INFO  L300          LassoAnalysis]: Preprocessing complete.
[2019-05-02 20:08:46,729 INFO  L497          LassoAnalysis]: Using template 'affine'.
No working directory specified, using /home/xuechao/xuechao/work/Lab/Termination/Lasso-Ranker/z3
Starting monitored process 4 with z3 -smt2 -in SMTLIB2_COMPLIANT=true (exit command is (exit), workingDir is null)
Waiting until toolchain timeout for monitored process 4 with z3 -smt2 -in SMTLIB2_COMPLIANT=true
[2019-05-02 20:08:46,738 INFO  L122   nArgumentSynthesizer]: Termination Analysis Settings:
Termination analysis: LINEAR_WITH_GUESSES
Number of strict supporting invariants: 1
Number of non-strict supporting invariants: 0
Consider only non-deceasing supporting invariants: true
Simplify termination arguments: true
Simplify supporting invariants: trueOverapproximate stem: false
[2019-05-02 20:08:46,740 INFO  L339   nArgumentSynthesizer]: Template has degree 0.
[2019-05-02 20:08:46,740 INFO  L352   nArgumentSynthesizer]: There is no stem transition; disabling supporting invariant generation.
[2019-05-02 20:08:46,741 INFO  L205   nArgumentSynthesizer]: 1 stem disjuncts
[2019-05-02 20:08:46,741 INFO  L206   nArgumentSynthesizer]: 2 loop disjuncts
[2019-05-02 20:08:46,741 INFO  L207   nArgumentSynthesizer]: 2 template conjuncts.
[2019-05-02 20:08:46,751 INFO  L402   nArgumentSynthesizer]: We have 4 Motzkin's Theorem applications.
[2019-05-02 20:08:46,751 INFO  L403   nArgumentSynthesizer]: A total of 0 supporting invariants were added.
[2019-05-02 20:08:46,754 INFO  L530          LassoAnalysis]: Proving termination failed for this template and these settings.
[2019-05-02 20:08:46,767 INFO  L497          LassoAnalysis]: Using template '2-nested'.
No working directory specified, using /home/xuechao/xuechao/work/Lab/Termination/Lasso-Ranker/z3
Starting monitored process 5 with z3 -smt2 -in SMTLIB2_COMPLIANT=true (exit command is (exit), workingDir is null)
Waiting until toolchain timeout for monitored process 5 with z3 -smt2 -in SMTLIB2_COMPLIANT=true
[2019-05-02 20:08:46,769 INFO  L122   nArgumentSynthesizer]: Termination Analysis Settings:
Termination analysis: LINEAR_WITH_GUESSES
Number of strict supporting invariants: 1
Number of non-strict supporting invariants: 0
Consider only non-deceasing supporting invariants: true
Simplify termination arguments: true
Simplify supporting invariants: trueOverapproximate stem: false
[2019-05-02 20:08:46,771 INFO  L339   nArgumentSynthesizer]: Template has degree 0.
[2019-05-02 20:08:46,771 INFO  L352   nArgumentSynthesizer]: There is no stem transition; disabling supporting invariant generation.
[2019-05-02 20:08:46,771 INFO  L205   nArgumentSynthesizer]: 1 stem disjuncts
[2019-05-02 20:08:46,771 INFO  L206   nArgumentSynthesizer]: 2 loop disjuncts
[2019-05-02 20:08:46,771 INFO  L207   nArgumentSynthesizer]: 3 template conjuncts.
[2019-05-02 20:08:46,774 INFO  L402   nArgumentSynthesizer]: We have 6 Motzkin's Theorem applications.
[2019-05-02 20:08:46,774 INFO  L403   nArgumentSynthesizer]: A total of 0 supporting invariants were added.
[2019-05-02 20:08:46,777 INFO  L530          LassoAnalysis]: Proving termination failed for this template and these settings.
[2019-05-02 20:08:46,790 INFO  L497          LassoAnalysis]: Using template '3-nested'.
No working directory specified, using /home/xuechao/xuechao/work/Lab/Termination/Lasso-Ranker/z3
Starting monitored process 6 with z3 -smt2 -in SMTLIB2_COMPLIANT=true (exit command is (exit), workingDir is null)
Waiting until toolchain timeout for monitored process 6 with z3 -smt2 -in SMTLIB2_COMPLIANT=true
[2019-05-02 20:08:46,792 INFO  L122   nArgumentSynthesizer]: Termination Analysis Settings:
Termination analysis: LINEAR_WITH_GUESSES
Number of strict supporting invariants: 1
Number of non-strict supporting invariants: 0
Consider only non-deceasing supporting invariants: true
Simplify termination arguments: true
Simplify supporting invariants: trueOverapproximate stem: false
[2019-05-02 20:08:46,794 INFO  L339   nArgumentSynthesizer]: Template has degree 0.
[2019-05-02 20:08:46,794 INFO  L352   nArgumentSynthesizer]: There is no stem transition; disabling supporting invariant generation.
[2019-05-02 20:08:46,794 INFO  L205   nArgumentSynthesizer]: 1 stem disjuncts
[2019-05-02 20:08:46,794 INFO  L206   nArgumentSynthesizer]: 2 loop disjuncts
[2019-05-02 20:08:46,795 INFO  L207   nArgumentSynthesizer]: 4 template conjuncts.
[2019-05-02 20:08:46,799 INFO  L402   nArgumentSynthesizer]: We have 8 Motzkin's Theorem applications.
[2019-05-02 20:08:46,799 INFO  L403   nArgumentSynthesizer]: A total of 0 supporting invariants were added.
[2019-05-02 20:08:46,803 INFO  L530          LassoAnalysis]: Proving termination failed for this template and these settings.
[2019-05-02 20:08:46,816 INFO  L497          LassoAnalysis]: Using template '4-nested'.
No working directory specified, using /home/xuechao/xuechao/work/Lab/Termination/Lasso-Ranker/z3
Starting monitored process 7 with z3 -smt2 -in SMTLIB2_COMPLIANT=true (exit command is (exit), workingDir is null)
Waiting until toolchain timeout for monitored process 7 with z3 -smt2 -in SMTLIB2_COMPLIANT=true
[2019-05-02 20:08:46,818 INFO  L122   nArgumentSynthesizer]: Termination Analysis Settings:
Termination analysis: LINEAR_WITH_GUESSES
Number of strict supporting invariants: 1
Number of non-strict supporting invariants: 0
Consider only non-deceasing supporting invariants: true
Simplify termination arguments: true
Simplify supporting invariants: trueOverapproximate stem: false
[2019-05-02 20:08:46,820 INFO  L339   nArgumentSynthesizer]: Template has degree 0.
[2019-05-02 20:08:46,821 INFO  L352   nArgumentSynthesizer]: There is no stem transition; disabling supporting invariant generation.
[2019-05-02 20:08:46,821 INFO  L205   nArgumentSynthesizer]: 1 stem disjuncts
[2019-05-02 20:08:46,821 INFO  L206   nArgumentSynthesizer]: 2 loop disjuncts
[2019-05-02 20:08:46,821 INFO  L207   nArgumentSynthesizer]: 5 template conjuncts.
[2019-05-02 20:08:46,825 INFO  L402   nArgumentSynthesizer]: We have 10 Motzkin's Theorem applications.
[2019-05-02 20:08:46,825 INFO  L403   nArgumentSynthesizer]: A total of 0 supporting invariants were added.
[2019-05-02 20:08:46,829 INFO  L530          LassoAnalysis]: Proving termination failed for this template and these settings.
[2019-05-02 20:08:46,842 INFO  L497          LassoAnalysis]: Using template '2-phase'.
No working directory specified, using /home/xuechao/xuechao/work/Lab/Termination/Lasso-Ranker/z3
Starting monitored process 8 with z3 -smt2 -in SMTLIB2_COMPLIANT=true (exit command is (exit), workingDir is null)
Waiting until toolchain timeout for monitored process 8 with z3 -smt2 -in SMTLIB2_COMPLIANT=true
[2019-05-02 20:08:46,845 INFO  L122   nArgumentSynthesizer]: Termination Analysis Settings:
Termination analysis: LINEAR_WITH_GUESSES
Number of strict supporting invariants: 1
Number of non-strict supporting invariants: 0
Consider only non-deceasing supporting invariants: true
Simplify termination arguments: true
Simplify supporting invariants: trueOverapproximate stem: false
[2019-05-02 20:08:46,846 WARN  L334   nArgumentSynthesizer]: Using a linear SMT query and a templates of degree > 0, hence this method is incomplete.
[2019-05-02 20:08:46,846 INFO  L339   nArgumentSynthesizer]: Template has degree 1.
[2019-05-02 20:08:46,846 INFO  L352   nArgumentSynthesizer]: There is no stem transition; disabling supporting invariant generation.
[2019-05-02 20:08:46,847 INFO  L205   nArgumentSynthesizer]: 1 stem disjuncts
[2019-05-02 20:08:46,847 INFO  L206   nArgumentSynthesizer]: 2 loop disjuncts
[2019-05-02 20:08:46,847 INFO  L207   nArgumentSynthesizer]: 3 template conjuncts.
[2019-05-02 20:08:46,850 INFO  L402   nArgumentSynthesizer]: We have 6 Motzkin's Theorem applications.
[2019-05-02 20:08:46,850 INFO  L403   nArgumentSynthesizer]: A total of 0 supporting invariants were added.
[2019-05-02 20:08:46,861 INFO  L530          LassoAnalysis]: Proving termination failed for this template and these settings.
[2019-05-02 20:08:46,875 INFO  L497          LassoAnalysis]: Using template 'lex(affine, affine)'.
No working directory specified, using /home/xuechao/xuechao/work/Lab/Termination/Lasso-Ranker/z3
Starting monitored process 9 with z3 -smt2 -in SMTLIB2_COMPLIANT=true (exit command is (exit), workingDir is null)
Waiting until toolchain timeout for monitored process 9 with z3 -smt2 -in SMTLIB2_COMPLIANT=true
[2019-05-02 20:08:46,879 INFO  L122   nArgumentSynthesizer]: Termination Analysis Settings:
Termination analysis: LINEAR_WITH_GUESSES
Number of strict supporting invariants: 1
Number of non-strict supporting invariants: 0
Consider only non-deceasing supporting invariants: true
Simplify termination arguments: true
Simplify supporting invariants: trueOverapproximate stem: false
[2019-05-02 20:08:46,881 WARN  L334   nArgumentSynthesizer]: Using a linear SMT query and a templates of degree > 0, hence this method is incomplete.
[2019-05-02 20:08:46,881 INFO  L339   nArgumentSynthesizer]: Template has degree 5.
[2019-05-02 20:08:46,882 INFO  L352   nArgumentSynthesizer]: There is no stem transition; disabling supporting invariant generation.
[2019-05-02 20:08:46,882 INFO  L205   nArgumentSynthesizer]: 1 stem disjuncts
[2019-05-02 20:08:46,882 INFO  L206   nArgumentSynthesizer]: 2 loop disjuncts
[2019-05-02 20:08:46,882 INFO  L207   nArgumentSynthesizer]: 4 template conjuncts.
[2019-05-02 20:08:46,887 INFO  L402   nArgumentSynthesizer]: We have 8 Motzkin's Theorem applications.
[2019-05-02 20:08:46,887 INFO  L403   nArgumentSynthesizer]: A total of 0 supporting invariants were added.
[2019-05-02 20:08:46,893 INFO  L530          LassoAnalysis]: Proving termination failed for this template and these settings.
[2019-05-02 20:08:46,907 INFO  L497          LassoAnalysis]: Using template '2-piece'.
No working directory specified, using /home/xuechao/xuechao/work/Lab/Termination/Lasso-Ranker/z3
Starting monitored process 10 with z3 -smt2 -in SMTLIB2_COMPLIANT=true (exit command is (exit), workingDir is null)
Waiting until toolchain timeout for monitored process 10 with z3 -smt2 -in SMTLIB2_COMPLIANT=true
[2019-05-02 20:08:46,909 INFO  L122   nArgumentSynthesizer]: Termination Analysis Settings:
Termination analysis: LINEAR_WITH_GUESSES
Number of strict supporting invariants: 1
Number of non-strict supporting invariants: 0
Consider only non-deceasing supporting invariants: true
Simplify termination arguments: true
Simplify supporting invariants: trueOverapproximate stem: false
[2019-05-02 20:08:46,911 WARN  L334   nArgumentSynthesizer]: Using a linear SMT query and a templates of degree > 0, hence this method is incomplete.
[2019-05-02 20:08:46,911 INFO  L339   nArgumentSynthesizer]: Template has degree 7.
[2019-05-02 20:08:46,911 INFO  L352   nArgumentSynthesizer]: There is no stem transition; disabling supporting invariant generation.
[2019-05-02 20:08:46,911 INFO  L205   nArgumentSynthesizer]: 1 stem disjuncts
[2019-05-02 20:08:46,912 INFO  L206   nArgumentSynthesizer]: 2 loop disjuncts
[2019-05-02 20:08:46,912 INFO  L207   nArgumentSynthesizer]: 7 template conjuncts.
[2019-05-02 20:08:46,920 INFO  L402   nArgumentSynthesizer]: We have 14 Motzkin's Theorem applications.
[2019-05-02 20:08:46,921 INFO  L403   nArgumentSynthesizer]: A total of 0 supporting invariants were added.
[2019-05-02 20:08:46,943 INFO  L530          LassoAnalysis]: Proving termination failed for this template and these settings.
[2019-05-02 20:08:46,958 INFO  L497          LassoAnalysis]: Using template '2-parallel'.
No working directory specified, using /home/xuechao/xuechao/work/Lab/Termination/Lasso-Ranker/z3
Starting monitored process 11 with z3 -smt2 -in SMTLIB2_COMPLIANT=true (exit command is (exit), workingDir is null)
Waiting until toolchain timeout for monitored process 11 with z3 -smt2 -in SMTLIB2_COMPLIANT=true
[2019-05-02 20:08:46,961 INFO  L122   nArgumentSynthesizer]: Termination Analysis Settings:
Termination analysis: LINEAR_WITH_GUESSES
Number of strict supporting invariants: 1
Number of non-strict supporting invariants: 0
Consider only non-deceasing supporting invariants: true
Simplify termination arguments: true
Simplify supporting invariants: trueOverapproximate stem: false
[2019-05-02 20:08:46,963 WARN  L334   nArgumentSynthesizer]: Using a linear SMT query and a templates of degree > 0, hence this method is incomplete.
[2019-05-02 20:08:46,963 INFO  L339   nArgumentSynthesizer]: Template has degree 4.
[2019-05-02 20:08:46,963 INFO  L352   nArgumentSynthesizer]: There is no stem transition; disabling supporting invariant generation.
[2019-05-02 20:08:46,964 INFO  L205   nArgumentSynthesizer]: 1 stem disjuncts
[2019-05-02 20:08:46,964 INFO  L206   nArgumentSynthesizer]: 2 loop disjuncts
[2019-05-02 20:08:46,964 INFO  L207   nArgumentSynthesizer]: 6 template conjuncts.
[2019-05-02 20:08:46,972 INFO  L402   nArgumentSynthesizer]: We have 12 Motzkin's Theorem applications.
[2019-05-02 20:08:46,972 INFO  L403   nArgumentSynthesizer]: A total of 0 supporting invariants were added.
[2019-05-02 20:08:46,984 INFO  L530          LassoAnalysis]: Proving termination failed for this template and these settings.
[2019-05-02 20:08:46,999 INFO  L489     LassoRankerStarter]: LassoRanker could not prove termination or nontermination of the given linear lasso program.
Templates: AffineTemplate NestedTemplate NestedTemplate NestedTemplate MultiphaseTemplate ComposedLexicographicTemplate PiecewiseTemplate ParallelTemplate
[2019-05-02 20:08:47,000 INFO  L132        PluginConnector]: ------------------------ END LassoRanker----------------------------
[2019-05-02 20:08:47,000 INFO  L168              Benchmark]: Toolchain (without parser) took 718.50 ms. Allocated memory is still 514.9 MB. Free memory was 477.6 MB in the beginning and 397.1 MB in the end (delta: 80.5 MB). Peak memory consumption was 80.5 MB. Max. memory is 11.5 GB.
[2019-05-02 20:08:47,003 INFO  L168              Benchmark]: Boogie PL CUP Parser took 0.13 ms. Allocated memory is still 514.9 MB. Free memory is still 479.1 MB. There was no memory consumed. Max. memory is 11.5 GB.
[2019-05-02 20:08:47,003 INFO  L168              Benchmark]: Boogie Preprocessor took 28.41 ms. Allocated memory is still 514.9 MB. Free memory was 477.6 MB in the beginning and 475.0 MB in the end (delta: 2.7 MB). Peak memory consumption was 2.7 MB. Max. memory is 11.5 GB.
[2019-05-02 20:08:47,008 INFO  L168              Benchmark]: RCFGBuilder took 117.89 ms. Allocated memory is still 514.9 MB. Free memory was 475.0 MB in the beginning and 466.7 MB in the end (delta: 8.2 MB). Peak memory consumption was 8.2 MB. Max. memory is 11.5 GB.
[2019-05-02 20:08:47,008 INFO  L168              Benchmark]: LassoRanker took 569.98 ms. Allocated memory is still 514.9 MB. Free memory was 466.7 MB in the beginning and 397.1 MB in the end (delta: 69.6 MB). Peak memory consumption was 69.6 MB. Max. memory is 11.5 GB.
[2019-05-02 20:08:47,011 INFO  L336   ainManager$Toolchain]: #######################  End [Toolchain 1] #######################
 --- Results ---
 * Results from de.uni_freiburg.informatik.ultimate.core:
  - StatisticsResult: Toolchain Benchmarks
    Benchmark results are:
 * Boogie PL CUP Parser took 0.13 ms. Allocated memory is still 514.9 MB. Free memory is still 479.1 MB. There was no memory consumed. Max. memory is 11.5 GB.
 * Boogie Preprocessor took 28.41 ms. Allocated memory is still 514.9 MB. Free memory was 477.6 MB in the beginning and 475.0 MB in the end (delta: 2.7 MB). Peak memory consumption was 2.7 MB. Max. memory is 11.5 GB.
 * RCFGBuilder took 117.89 ms. Allocated memory is still 514.9 MB. Free memory was 475.0 MB in the beginning and 466.7 MB in the end (delta: 8.2 MB). Peak memory consumption was 8.2 MB. Max. memory is 11.5 GB.
 * LassoRanker took 569.98 ms. Allocated memory is still 514.9 MB. Free memory was 466.7 MB in the beginning and 397.1 MB in the end (delta: 69.6 MB). Peak memory consumption was 69.6 MB. Max. memory is 11.5 GB.
 * Results from de.uni_freiburg.informatik.ultimate.plugins.analysis.lassoranker:
  - NoResult [Line: 9]: LassoRanker could not prove termination
    LassoRanker could not prove termination or nontermination of the given linear lasso program.
Templates: AffineTemplate NestedTemplate NestedTemplate NestedTemplate MultiphaseTemplate ComposedLexicographicTemplate PiecewiseTemplate ParallelTemplate
RESULT: Ultimate could not prove your program: Toolchain returned no result.
Received shutdown request...
