This is Ultimate 0.1.24-16d85fa
[2019-05-02 20:14:12,188 INFO  L170        SettingsManager]: Resetting all preferences to default values...
[2019-05-02 20:14:12,189 INFO  L174        SettingsManager]: Resetting UltimateCore preferences to default values
[2019-05-02 20:14:12,199 INFO  L177        SettingsManager]: Ultimate Commandline Interface provides no preferences, ignoring...
[2019-05-02 20:14:12,199 INFO  L174        SettingsManager]: Resetting Boogie Preprocessor preferences to default values
[2019-05-02 20:14:12,200 INFO  L174        SettingsManager]: Resetting Boogie Procedure Inliner preferences to default values
[2019-05-02 20:14:12,201 INFO  L174        SettingsManager]: Resetting Abstract Interpretation preferences to default values
[2019-05-02 20:14:12,202 INFO  L174        SettingsManager]: Resetting LassoRanker preferences to default values
[2019-05-02 20:14:12,203 INFO  L174        SettingsManager]: Resetting Reaching Definitions preferences to default values
[2019-05-02 20:14:12,204 INFO  L174        SettingsManager]: Resetting SyntaxChecker preferences to default values
[2019-05-02 20:14:12,205 INFO  L177        SettingsManager]: Büchi Program Product provides no preferences, ignoring...
[2019-05-02 20:14:12,205 INFO  L174        SettingsManager]: Resetting LTL2Aut preferences to default values
[2019-05-02 20:14:12,206 INFO  L174        SettingsManager]: Resetting PEA to Boogie preferences to default values
[2019-05-02 20:14:12,206 INFO  L174        SettingsManager]: Resetting BlockEncodingV2 preferences to default values
[2019-05-02 20:14:12,207 INFO  L174        SettingsManager]: Resetting ChcToBoogie preferences to default values
[2019-05-02 20:14:12,207 INFO  L174        SettingsManager]: Resetting AutomataScriptInterpreter preferences to default values
[2019-05-02 20:14:12,208 INFO  L174        SettingsManager]: Resetting BuchiAutomizer preferences to default values
[2019-05-02 20:14:12,209 INFO  L174        SettingsManager]: Resetting CACSL2BoogieTranslator preferences to default values
[2019-05-02 20:14:12,210 INFO  L174        SettingsManager]: Resetting CodeCheck preferences to default values
[2019-05-02 20:14:12,212 INFO  L174        SettingsManager]: Resetting InvariantSynthesis preferences to default values
[2019-05-02 20:14:12,212 INFO  L174        SettingsManager]: Resetting RCFGBuilder preferences to default values
[2019-05-02 20:14:12,213 INFO  L174        SettingsManager]: Resetting TraceAbstraction preferences to default values
[2019-05-02 20:14:12,215 INFO  L177        SettingsManager]: TraceAbstractionConcurrent provides no preferences, ignoring...
[2019-05-02 20:14:12,215 INFO  L177        SettingsManager]: TraceAbstractionWithAFAs provides no preferences, ignoring...
[2019-05-02 20:14:12,215 INFO  L174        SettingsManager]: Resetting TreeAutomizer preferences to default values
[2019-05-02 20:14:12,216 INFO  L174        SettingsManager]: Resetting IcfgTransformer preferences to default values
[2019-05-02 20:14:12,216 INFO  L174        SettingsManager]: Resetting Boogie Printer preferences to default values
[2019-05-02 20:14:12,217 INFO  L174        SettingsManager]: Resetting ReqPrinter preferences to default values
[2019-05-02 20:14:12,217 INFO  L174        SettingsManager]: Resetting Witness Printer preferences to default values
[2019-05-02 20:14:12,218 INFO  L177        SettingsManager]: Boogie PL CUP Parser provides no preferences, ignoring...
[2019-05-02 20:14:12,218 INFO  L174        SettingsManager]: Resetting CDTParser preferences to default values
[2019-05-02 20:14:12,218 INFO  L177        SettingsManager]: AutomataScriptParser provides no preferences, ignoring...
[2019-05-02 20:14:12,219 INFO  L177        SettingsManager]: ReqParser provides no preferences, ignoring...
[2019-05-02 20:14:12,219 INFO  L174        SettingsManager]: Resetting SmtParser preferences to default values
[2019-05-02 20:14:12,219 INFO  L174        SettingsManager]: Resetting Witness Parser preferences to default values
[2019-05-02 20:14:12,220 INFO  L181        SettingsManager]: Finished resetting all preferences to default values...
[2019-05-02 20:14:12,237 INFO  L81    nceAwareModelManager]: Repository-Root is: /tmp
[2019-05-02 20:14:12,245 INFO  L258   ainManager$Toolchain]: [Toolchain 1]: Applicable parser(s) successfully (re)initialized
[2019-05-02 20:14:12,248 INFO  L214   ainManager$Toolchain]: [Toolchain 1]: Toolchain selected.
[2019-05-02 20:14:12,249 INFO  L271        PluginConnector]: Initializing Boogie PL CUP Parser...
[2019-05-02 20:14:12,249 INFO  L276        PluginConnector]: Boogie PL CUP Parser initialized
[2019-05-02 20:14:12,250 INFO  L418   ainManager$Toolchain]: [Toolchain 1]: Parsing single file: /home/xuechao/xuechao/work/Lab/Termination/Lasso-Ranker/Program_non/4.bpl
[2019-05-02 20:14:12,250 INFO  L111           BoogieParser]: Parsing: '/home/xuechao/xuechao/work/Lab/Termination/Lasso-Ranker/Program_non/4.bpl'
[2019-05-02 20:14:12,271 INFO  L296   ainManager$Toolchain]: ####################### [Toolchain 1] #######################
[2019-05-02 20:14:12,272 INFO  L131        ToolchainWalker]: Walking toolchain with 3 elements.
[2019-05-02 20:14:12,273 INFO  L113        PluginConnector]: ------------------------Boogie Preprocessor----------------------------
[2019-05-02 20:14:12,273 INFO  L271        PluginConnector]: Initializing Boogie Preprocessor...
[2019-05-02 20:14:12,273 INFO  L276        PluginConnector]: Boogie Preprocessor initialized
[2019-05-02 20:14:12,289 INFO  L185        PluginConnector]: Executing the observer EnsureBoogieModelObserver from plugin Boogie Preprocessor for "4.bpl de.uni_freiburg.informatik.ultimate.boogie.parser AST 02.05 08:14:12" (1/1) ...
[2019-05-02 20:14:12,290 INFO  L185        PluginConnector]: Executing the observer TypeChecker from plugin Boogie Preprocessor for "4.bpl de.uni_freiburg.informatik.ultimate.boogie.parser AST 02.05 08:14:12" (1/1) ...
[2019-05-02 20:14:12,294 INFO  L185        PluginConnector]: Executing the observer ConstExpander from plugin Boogie Preprocessor for "4.bpl de.uni_freiburg.informatik.ultimate.boogie.parser AST 02.05 08:14:12" (1/1) ...
[2019-05-02 20:14:12,295 INFO  L185        PluginConnector]: Executing the observer StructExpander from plugin Boogie Preprocessor for "4.bpl de.uni_freiburg.informatik.ultimate.boogie.parser AST 02.05 08:14:12" (1/1) ...
[2019-05-02 20:14:12,296 INFO  L185        PluginConnector]: Executing the observer UnstructureCode from plugin Boogie Preprocessor for "4.bpl de.uni_freiburg.informatik.ultimate.boogie.parser AST 02.05 08:14:12" (1/1) ...
[2019-05-02 20:14:12,299 INFO  L185        PluginConnector]: Executing the observer FunctionInliner from plugin Boogie Preprocessor for "4.bpl de.uni_freiburg.informatik.ultimate.boogie.parser AST 02.05 08:14:12" (1/1) ...
[2019-05-02 20:14:12,300 INFO  L185        PluginConnector]: Executing the observer BoogieSymbolTableConstructor from plugin Boogie Preprocessor for "4.bpl de.uni_freiburg.informatik.ultimate.boogie.parser AST 02.05 08:14:12" (1/1) ...
[2019-05-02 20:14:12,301 INFO  L132        PluginConnector]: ------------------------ END Boogie Preprocessor----------------------------
[2019-05-02 20:14:12,301 INFO  L113        PluginConnector]: ------------------------RCFGBuilder----------------------------
[2019-05-02 20:14:12,302 INFO  L271        PluginConnector]: Initializing RCFGBuilder...
[2019-05-02 20:14:12,302 INFO  L276        PluginConnector]: RCFGBuilder initialized
[2019-05-02 20:14:12,302 INFO  L185        PluginConnector]: Executing the observer RCFGBuilderObserver from plugin RCFGBuilder for "4.bpl de.uni_freiburg.informatik.ultimate.boogie.parser AST 02.05 08:14:12" (1/1) ...
No working directory specified, using /home/xuechao/xuechao/work/Lab/Termination/Lasso-Ranker/z3
Starting monitored process 1 with z3 SMTLIB2_COMPLIANT=true -memory:1024 -smt2 -in -t:12000 (exit command is (exit), workingDir is null)
Waiting until toolchain timeout for monitored process 1 with z3 SMTLIB2_COMPLIANT=true -memory:1024 -smt2 -in -t:12000
[2019-05-02 20:14:12,343 INFO  L124     BoogieDeclarations]: Specification and implementation of procedure main given in one single declaration
[2019-05-02 20:14:12,343 INFO  L130     BoogieDeclarations]: Found specification of procedure main
[2019-05-02 20:14:12,343 INFO  L138     BoogieDeclarations]: Found implementation of procedure main
[2019-05-02 20:14:12,473 INFO  L278             CfgBuilder]: Using library mode
[2019-05-02 20:14:12,474 INFO  L286             CfgBuilder]: Removed 0 assue(true) statements.
[2019-05-02 20:14:12,475 INFO  L202        PluginConnector]: Adding new model 4.bpl de.uni_freiburg.informatik.ultimate.plugins.generator.rcfgbuilder CFG 02.05 08:14:12 BoogieIcfgContainer
[2019-05-02 20:14:12,475 INFO  L132        PluginConnector]: ------------------------ END RCFGBuilder----------------------------
[2019-05-02 20:14:12,475 INFO  L113        PluginConnector]: ------------------------LassoRanker----------------------------
[2019-05-02 20:14:12,475 INFO  L271        PluginConnector]: Initializing LassoRanker...
[2019-05-02 20:14:12,475 INFO  L276        PluginConnector]: LassoRanker initialized
[2019-05-02 20:14:12,476 INFO  L185        PluginConnector]: Executing the observer LassoRankerObserver from plugin LassoRanker for "4.bpl de.uni_freiburg.informatik.ultimate.plugins.generator.rcfgbuilder CFG 02.05 08:14:12" (1/1) ...
[2019-05-02 20:14:12,499 INFO  L72            BuchiIsEmpty]: Start buchiIsEmpty. Operand 2 states.
[2019-05-02 20:14:12,515 INFO  L131   ngComponentsAnalysis]: Automaton has 1 accepting balls. 1
[2019-05-02 20:14:12,515 INFO  L87            BuchiIsEmpty]: Finished buchiIsEmpty Result is false
[2019-05-02 20:14:12,515 INFO  L119           BuchiIsEmpty]: Starting construction of run
[2019-05-02 20:14:12,521 INFO  L104     BuchiDifferenceFKV]: Start buchiDifferenceFKV. First operand 2 states. Second operand 1 states.
[2019-05-02 20:14:12,529 INFO  L108     BuchiDifferenceFKV]: Finished buchiDifferenceFKV. First operand 2 states. Second operand 1 states. Result 3 states and 4 transitions. Complement of second has 2 states 2 powerset states0 rank states. The highest rank that occured is -1
[2019-05-02 20:14:12,530 INFO  L72            BuchiIsEmpty]: Start buchiIsEmpty. Operand 3 states and 4 transitions.
[2019-05-02 20:14:12,530 INFO  L131   ngComponentsAnalysis]: Automaton has 0 accepting balls. 0
[2019-05-02 20:14:12,530 INFO  L87            BuchiIsEmpty]: Finished buchiIsEmpty Result is true
[2019-05-02 20:14:12,665 INFO  L216          LassoAnalysis]: Preferences:
[2019-05-02 20:14:12,666 INFO  L124   ssoRankerPreferences]: Compute integeral hull: false
[2019-05-02 20:14:12,666 INFO  L125   ssoRankerPreferences]: Enable LassoPartitioneer: true
[2019-05-02 20:14:12,666 INFO  L126   ssoRankerPreferences]: Term annotations enabled: false
[2019-05-02 20:14:12,666 INFO  L127   ssoRankerPreferences]: Use exernal solver: true
[2019-05-02 20:14:12,666 INFO  L128   ssoRankerPreferences]: SMT solver command: z3 -smt2 -in SMTLIB2_COMPLIANT=true
[2019-05-02 20:14:12,666 INFO  L129   ssoRankerPreferences]: Dump SMT script to file: false
[2019-05-02 20:14:12,666 INFO  L130   ssoRankerPreferences]: Path of dumped script: .
[2019-05-02 20:14:12,666 INFO  L131   ssoRankerPreferences]: Filename of dumped script: LassoRankerScript
[2019-05-02 20:14:12,666 INFO  L132   ssoRankerPreferences]: MapElimAlgo: Frank
[2019-05-02 20:14:12,667 INFO  L282          LassoAnalysis]: Starting lasso preprocessing...
[2019-05-02 20:14:12,687 INFO  L141          MapEliminator]: Using MapEliminator with SimplificationTechnique=SIMPLIFY_DDA XnfConversionTechnique=BOTTOM_UP_WITH_LOCAL_SIMPLIFICATION AddInequalities=false OnlyTrivialImplicationsArrayWrite=false OnlyTrivialImplicationsForModifiedArguments=true OnlyArgumentsInFormula=true
[2019-05-02 20:14:12,885 WARN  L181               SmtUtils]: Spent 188.00 ms on a formula simplification. DAG size of input: 66 DAG size of output: 31
[2019-05-02 20:14:12,968 WARN  L138   XnfTransformerHelper]: expecting exponential blowup for input size 8
[2019-05-02 20:14:13,086 WARN  L181               SmtUtils]: Spent 114.00 ms on a formula simplification. DAG size of input: 44 DAG size of output: 32
[2019-05-02 20:14:13,091 INFO  L300          LassoAnalysis]: Preprocessing complete.
[2019-05-02 20:14:13,092 INFO  L412          LassoAnalysis]: Checking for nontermination...
No working directory specified, using /home/xuechao/xuechao/work/Lab/Termination/Lasso-Ranker/z3
Starting monitored process 2 with z3 -smt2 -in SMTLIB2_COMPLIANT=true (exit command is (exit), workingDir is null)
Waiting until toolchain timeout for monitored process 2 with z3 -smt2 -in SMTLIB2_COMPLIANT=true
[2019-05-02 20:14:13,099 INFO  L151   nArgumentSynthesizer]: Nontermination analysis: LINEAR_WITH_GUESSES Allow bounded executions: true Number of generalized eigenvectors: 0 Nilpotent components: true
[2019-05-02 20:14:13,099 INFO  L163   nArgumentSynthesizer]: Using integer mode.
No working directory specified, using /home/xuechao/xuechao/work/Lab/Termination/Lasso-Ranker/z3
Starting monitored process 3 with z3 -smt2 -in SMTLIB2_COMPLIANT=true (exit command is (exit), workingDir is null)
Waiting until toolchain timeout for monitored process 3 with z3 -smt2 -in SMTLIB2_COMPLIANT=true
[2019-05-02 20:14:13,131 INFO  L151   nArgumentSynthesizer]: Nontermination analysis: LINEAR_WITH_GUESSES Allow bounded executions: true Number of generalized eigenvectors: 3 Nilpotent components: true
[2019-05-02 20:14:13,131 INFO  L163   nArgumentSynthesizer]: Using integer mode.
[2019-05-02 20:14:13,158 INFO  L452          LassoAnalysis]: Proving nontermination failed: No geometric nontermination argument exists.
[2019-05-02 20:14:13,159 INFO  L216          LassoAnalysis]: Preferences:
[2019-05-02 20:14:13,160 INFO  L124   ssoRankerPreferences]: Compute integeral hull: false
[2019-05-02 20:14:13,160 INFO  L125   ssoRankerPreferences]: Enable LassoPartitioneer: true
[2019-05-02 20:14:13,160 INFO  L126   ssoRankerPreferences]: Term annotations enabled: false
[2019-05-02 20:14:13,160 INFO  L127   ssoRankerPreferences]: Use exernal solver: true
[2019-05-02 20:14:13,160 INFO  L128   ssoRankerPreferences]: SMT solver command: z3 -smt2 -in SMTLIB2_COMPLIANT=true
[2019-05-02 20:14:13,160 INFO  L129   ssoRankerPreferences]: Dump SMT script to file: false
[2019-05-02 20:14:13,160 INFO  L130   ssoRankerPreferences]: Path of dumped script: .
[2019-05-02 20:14:13,160 INFO  L131   ssoRankerPreferences]: Filename of dumped script: LassoRankerScript
[2019-05-02 20:14:13,160 INFO  L132   ssoRankerPreferences]: MapElimAlgo: Frank
[2019-05-02 20:14:13,160 INFO  L282          LassoAnalysis]: Starting lasso preprocessing...
[2019-05-02 20:14:13,163 INFO  L141          MapEliminator]: Using MapEliminator with SimplificationTechnique=SIMPLIFY_DDA XnfConversionTechnique=BOTTOM_UP_WITH_LOCAL_SIMPLIFICATION AddInequalities=false OnlyTrivialImplicationsArrayWrite=false OnlyTrivialImplicationsForModifiedArguments=true OnlyArgumentsInFormula=true
[2019-05-02 20:14:13,297 WARN  L181               SmtUtils]: Spent 129.00 ms on a formula simplification. DAG size of input: 66 DAG size of output: 31
[2019-05-02 20:14:13,348 WARN  L138   XnfTransformerHelper]: expecting exponential blowup for input size 8
[2019-05-02 20:14:13,444 INFO  L300          LassoAnalysis]: Preprocessing complete.
[2019-05-02 20:14:13,448 INFO  L497          LassoAnalysis]: Using template 'affine'.
No working directory specified, using /home/xuechao/xuechao/work/Lab/Termination/Lasso-Ranker/z3
Starting monitored process 4 with z3 -smt2 -in SMTLIB2_COMPLIANT=true (exit command is (exit), workingDir is null)
Waiting until toolchain timeout for monitored process 4 with z3 -smt2 -in SMTLIB2_COMPLIANT=true
[2019-05-02 20:14:13,452 INFO  L122   nArgumentSynthesizer]: Termination Analysis Settings:
Termination analysis: LINEAR_WITH_GUESSES
Number of strict supporting invariants: 1
Number of non-strict supporting invariants: 0
Consider only non-deceasing supporting invariants: true
Simplify termination arguments: true
Simplify supporting invariants: trueOverapproximate stem: false
[2019-05-02 20:14:13,454 INFO  L339   nArgumentSynthesizer]: Template has degree 0.
[2019-05-02 20:14:13,454 INFO  L352   nArgumentSynthesizer]: There is no stem transition; disabling supporting invariant generation.
[2019-05-02 20:14:13,454 INFO  L205   nArgumentSynthesizer]: 1 stem disjuncts
[2019-05-02 20:14:13,454 INFO  L206   nArgumentSynthesizer]: 3 loop disjuncts
[2019-05-02 20:14:13,454 INFO  L207   nArgumentSynthesizer]: 2 template conjuncts.
[2019-05-02 20:14:13,462 INFO  L402   nArgumentSynthesizer]: We have 6 Motzkin's Theorem applications.
[2019-05-02 20:14:13,463 INFO  L403   nArgumentSynthesizer]: A total of 0 supporting invariants were added.
[2019-05-02 20:14:13,466 INFO  L530          LassoAnalysis]: Proving termination failed for this template and these settings.
[2019-05-02 20:14:13,481 INFO  L497          LassoAnalysis]: Using template '2-nested'.
No working directory specified, using /home/xuechao/xuechao/work/Lab/Termination/Lasso-Ranker/z3
Starting monitored process 5 with z3 -smt2 -in SMTLIB2_COMPLIANT=true (exit command is (exit), workingDir is null)
Waiting until toolchain timeout for monitored process 5 with z3 -smt2 -in SMTLIB2_COMPLIANT=true
[2019-05-02 20:14:13,487 INFO  L122   nArgumentSynthesizer]: Termination Analysis Settings:
Termination analysis: LINEAR_WITH_GUESSES
Number of strict supporting invariants: 1
Number of non-strict supporting invariants: 0
Consider only non-deceasing supporting invariants: true
Simplify termination arguments: true
Simplify supporting invariants: trueOverapproximate stem: false
[2019-05-02 20:14:13,489 INFO  L339   nArgumentSynthesizer]: Template has degree 0.
[2019-05-02 20:14:13,489 INFO  L352   nArgumentSynthesizer]: There is no stem transition; disabling supporting invariant generation.
[2019-05-02 20:14:13,489 INFO  L205   nArgumentSynthesizer]: 1 stem disjuncts
[2019-05-02 20:14:13,489 INFO  L206   nArgumentSynthesizer]: 3 loop disjuncts
[2019-05-02 20:14:13,489 INFO  L207   nArgumentSynthesizer]: 3 template conjuncts.
[2019-05-02 20:14:13,494 INFO  L402   nArgumentSynthesizer]: We have 9 Motzkin's Theorem applications.
[2019-05-02 20:14:13,494 INFO  L403   nArgumentSynthesizer]: A total of 0 supporting invariants were added.
[2019-05-02 20:14:13,498 INFO  L530          LassoAnalysis]: Proving termination failed for this template and these settings.
[2019-05-02 20:14:13,512 INFO  L497          LassoAnalysis]: Using template '3-nested'.
No working directory specified, using /home/xuechao/xuechao/work/Lab/Termination/Lasso-Ranker/z3
Starting monitored process 6 with z3 -smt2 -in SMTLIB2_COMPLIANT=true (exit command is (exit), workingDir is null)
Waiting until toolchain timeout for monitored process 6 with z3 -smt2 -in SMTLIB2_COMPLIANT=true
[2019-05-02 20:14:13,514 INFO  L122   nArgumentSynthesizer]: Termination Analysis Settings:
Termination analysis: LINEAR_WITH_GUESSES
Number of strict supporting invariants: 1
Number of non-strict supporting invariants: 0
Consider only non-deceasing supporting invariants: true
Simplify termination arguments: true
Simplify supporting invariants: trueOverapproximate stem: false
[2019-05-02 20:14:13,515 INFO  L339   nArgumentSynthesizer]: Template has degree 0.
[2019-05-02 20:14:13,515 INFO  L352   nArgumentSynthesizer]: There is no stem transition; disabling supporting invariant generation.
[2019-05-02 20:14:13,515 INFO  L205   nArgumentSynthesizer]: 1 stem disjuncts
[2019-05-02 20:14:13,516 INFO  L206   nArgumentSynthesizer]: 3 loop disjuncts
[2019-05-02 20:14:13,516 INFO  L207   nArgumentSynthesizer]: 4 template conjuncts.
[2019-05-02 20:14:13,521 INFO  L402   nArgumentSynthesizer]: We have 12 Motzkin's Theorem applications.
[2019-05-02 20:14:13,521 INFO  L403   nArgumentSynthesizer]: A total of 0 supporting invariants were added.
[2019-05-02 20:14:13,526 INFO  L530          LassoAnalysis]: Proving termination failed for this template and these settings.
[2019-05-02 20:14:13,540 INFO  L497          LassoAnalysis]: Using template '4-nested'.
No working directory specified, using /home/xuechao/xuechao/work/Lab/Termination/Lasso-Ranker/z3
Starting monitored process 7 with z3 -smt2 -in SMTLIB2_COMPLIANT=true (exit command is (exit), workingDir is null)
Waiting until toolchain timeout for monitored process 7 with z3 -smt2 -in SMTLIB2_COMPLIANT=true
[2019-05-02 20:14:13,542 INFO  L122   nArgumentSynthesizer]: Termination Analysis Settings:
Termination analysis: LINEAR_WITH_GUESSES
Number of strict supporting invariants: 1
Number of non-strict supporting invariants: 0
Consider only non-deceasing supporting invariants: true
Simplify termination arguments: true
Simplify supporting invariants: trueOverapproximate stem: false
[2019-05-02 20:14:13,544 INFO  L339   nArgumentSynthesizer]: Template has degree 0.
[2019-05-02 20:14:13,544 INFO  L352   nArgumentSynthesizer]: There is no stem transition; disabling supporting invariant generation.
[2019-05-02 20:14:13,544 INFO  L205   nArgumentSynthesizer]: 1 stem disjuncts
[2019-05-02 20:14:13,544 INFO  L206   nArgumentSynthesizer]: 3 loop disjuncts
[2019-05-02 20:14:13,544 INFO  L207   nArgumentSynthesizer]: 5 template conjuncts.
[2019-05-02 20:14:13,549 INFO  L402   nArgumentSynthesizer]: We have 15 Motzkin's Theorem applications.
[2019-05-02 20:14:13,550 INFO  L403   nArgumentSynthesizer]: A total of 0 supporting invariants were added.
[2019-05-02 20:14:13,556 INFO  L530          LassoAnalysis]: Proving termination failed for this template and these settings.
[2019-05-02 20:14:13,570 INFO  L497          LassoAnalysis]: Using template '2-phase'.
No working directory specified, using /home/xuechao/xuechao/work/Lab/Termination/Lasso-Ranker/z3
Starting monitored process 8 with z3 -smt2 -in SMTLIB2_COMPLIANT=true (exit command is (exit), workingDir is null)
Waiting until toolchain timeout for monitored process 8 with z3 -smt2 -in SMTLIB2_COMPLIANT=true
[2019-05-02 20:14:13,571 INFO  L122   nArgumentSynthesizer]: Termination Analysis Settings:
Termination analysis: LINEAR_WITH_GUESSES
Number of strict supporting invariants: 1
Number of non-strict supporting invariants: 0
Consider only non-deceasing supporting invariants: true
Simplify termination arguments: true
Simplify supporting invariants: trueOverapproximate stem: false
[2019-05-02 20:14:13,573 WARN  L334   nArgumentSynthesizer]: Using a linear SMT query and a templates of degree > 0, hence this method is incomplete.
[2019-05-02 20:14:13,573 INFO  L339   nArgumentSynthesizer]: Template has degree 1.
[2019-05-02 20:14:13,573 INFO  L352   nArgumentSynthesizer]: There is no stem transition; disabling supporting invariant generation.
[2019-05-02 20:14:13,573 INFO  L205   nArgumentSynthesizer]: 1 stem disjuncts
[2019-05-02 20:14:13,573 INFO  L206   nArgumentSynthesizer]: 3 loop disjuncts
[2019-05-02 20:14:13,573 INFO  L207   nArgumentSynthesizer]: 3 template conjuncts.
[2019-05-02 20:14:13,578 INFO  L402   nArgumentSynthesizer]: We have 9 Motzkin's Theorem applications.
[2019-05-02 20:14:13,578 INFO  L403   nArgumentSynthesizer]: A total of 0 supporting invariants were added.
[2019-05-02 20:14:13,587 INFO  L530          LassoAnalysis]: Proving termination failed for this template and these settings.
[2019-05-02 20:14:13,601 INFO  L497          LassoAnalysis]: Using template 'lex(affine, affine)'.
No working directory specified, using /home/xuechao/xuechao/work/Lab/Termination/Lasso-Ranker/z3
Starting monitored process 9 with z3 -smt2 -in SMTLIB2_COMPLIANT=true (exit command is (exit), workingDir is null)
Waiting until toolchain timeout for monitored process 9 with z3 -smt2 -in SMTLIB2_COMPLIANT=true
[2019-05-02 20:14:13,603 INFO  L122   nArgumentSynthesizer]: Termination Analysis Settings:
Termination analysis: LINEAR_WITH_GUESSES
Number of strict supporting invariants: 1
Number of non-strict supporting invariants: 0
Consider only non-deceasing supporting invariants: true
Simplify termination arguments: true
Simplify supporting invariants: trueOverapproximate stem: false
[2019-05-02 20:14:13,604 WARN  L334   nArgumentSynthesizer]: Using a linear SMT query and a templates of degree > 0, hence this method is incomplete.
[2019-05-02 20:14:13,604 INFO  L339   nArgumentSynthesizer]: Template has degree 5.
[2019-05-02 20:14:13,605 INFO  L352   nArgumentSynthesizer]: There is no stem transition; disabling supporting invariant generation.
[2019-05-02 20:14:13,605 INFO  L205   nArgumentSynthesizer]: 1 stem disjuncts
[2019-05-02 20:14:13,605 INFO  L206   nArgumentSynthesizer]: 3 loop disjuncts
[2019-05-02 20:14:13,605 INFO  L207   nArgumentSynthesizer]: 4 template conjuncts.
[2019-05-02 20:14:13,610 INFO  L402   nArgumentSynthesizer]: We have 12 Motzkin's Theorem applications.
[2019-05-02 20:14:13,611 INFO  L403   nArgumentSynthesizer]: A total of 0 supporting invariants were added.
[2019-05-02 20:14:13,620 INFO  L530          LassoAnalysis]: Proving termination failed for this template and these settings.
[2019-05-02 20:14:13,635 INFO  L497          LassoAnalysis]: Using template '2-piece'.
No working directory specified, using /home/xuechao/xuechao/work/Lab/Termination/Lasso-Ranker/z3
Starting monitored process 10 with z3 -smt2 -in SMTLIB2_COMPLIANT=true (exit command is (exit), workingDir is null)
Waiting until toolchain timeout for monitored process 10 with z3 -smt2 -in SMTLIB2_COMPLIANT=true
[2019-05-02 20:14:13,639 INFO  L122   nArgumentSynthesizer]: Termination Analysis Settings:
Termination analysis: LINEAR_WITH_GUESSES
Number of strict supporting invariants: 1
Number of non-strict supporting invariants: 0
Consider only non-deceasing supporting invariants: true
Simplify termination arguments: true
Simplify supporting invariants: trueOverapproximate stem: false
[2019-05-02 20:14:13,640 WARN  L334   nArgumentSynthesizer]: Using a linear SMT query and a templates of degree > 0, hence this method is incomplete.
[2019-05-02 20:14:13,640 INFO  L339   nArgumentSynthesizer]: Template has degree 7.
[2019-05-02 20:14:13,641 INFO  L352   nArgumentSynthesizer]: There is no stem transition; disabling supporting invariant generation.
[2019-05-02 20:14:13,641 INFO  L205   nArgumentSynthesizer]: 1 stem disjuncts
[2019-05-02 20:14:13,641 INFO  L206   nArgumentSynthesizer]: 3 loop disjuncts
[2019-05-02 20:14:13,641 INFO  L207   nArgumentSynthesizer]: 7 template conjuncts.
[2019-05-02 20:14:13,651 INFO  L402   nArgumentSynthesizer]: We have 21 Motzkin's Theorem applications.
[2019-05-02 20:14:13,652 INFO  L403   nArgumentSynthesizer]: A total of 0 supporting invariants were added.
[2019-05-02 20:14:13,726 INFO  L530          LassoAnalysis]: Proving termination failed for this template and these settings.
[2019-05-02 20:14:13,741 INFO  L497          LassoAnalysis]: Using template '2-parallel'.
No working directory specified, using /home/xuechao/xuechao/work/Lab/Termination/Lasso-Ranker/z3
Starting monitored process 11 with z3 -smt2 -in SMTLIB2_COMPLIANT=true (exit command is (exit), workingDir is null)
Waiting until toolchain timeout for monitored process 11 with z3 -smt2 -in SMTLIB2_COMPLIANT=true
[2019-05-02 20:14:13,747 INFO  L122   nArgumentSynthesizer]: Termination Analysis Settings:
Termination analysis: LINEAR_WITH_GUESSES
Number of strict supporting invariants: 1
Number of non-strict supporting invariants: 0
Consider only non-deceasing supporting invariants: true
Simplify termination arguments: true
Simplify supporting invariants: trueOverapproximate stem: false
[2019-05-02 20:14:13,748 WARN  L334   nArgumentSynthesizer]: Using a linear SMT query and a templates of degree > 0, hence this method is incomplete.
[2019-05-02 20:14:13,748 INFO  L339   nArgumentSynthesizer]: Template has degree 4.
[2019-05-02 20:14:13,748 INFO  L352   nArgumentSynthesizer]: There is no stem transition; disabling supporting invariant generation.
[2019-05-02 20:14:13,749 INFO  L205   nArgumentSynthesizer]: 1 stem disjuncts
[2019-05-02 20:14:13,749 INFO  L206   nArgumentSynthesizer]: 3 loop disjuncts
[2019-05-02 20:14:13,749 INFO  L207   nArgumentSynthesizer]: 6 template conjuncts.
[2019-05-02 20:14:13,762 INFO  L402   nArgumentSynthesizer]: We have 18 Motzkin's Theorem applications.
[2019-05-02 20:14:13,762 INFO  L403   nArgumentSynthesizer]: A total of 0 supporting invariants were added.
[2019-05-02 20:14:13,796 INFO  L530          LassoAnalysis]: Proving termination failed for this template and these settings.
[2019-05-02 20:14:13,811 INFO  L489     LassoRankerStarter]: LassoRanker could not prove termination or nontermination of the given linear lasso program.
Templates: AffineTemplate NestedTemplate NestedTemplate NestedTemplate MultiphaseTemplate ComposedLexicographicTemplate PiecewiseTemplate ParallelTemplate
[2019-05-02 20:14:13,811 INFO  L132        PluginConnector]: ------------------------ END LassoRanker----------------------------
[2019-05-02 20:14:13,812 INFO  L168              Benchmark]: Toolchain (without parser) took 1540.59 ms. Allocated memory was 514.9 MB in the beginning and 537.9 MB in the end (delta: 23.1 MB). Free memory was 475.0 MB in the beginning and 365.5 MB in the end (delta: 109.4 MB). Peak memory consumption was 132.5 MB. Max. memory is 11.5 GB.
[2019-05-02 20:14:13,813 INFO  L168              Benchmark]: Boogie PL CUP Parser took 0.12 ms. Allocated memory is still 514.9 MB. Free memory is still 476.4 MB. There was no memory consumed. Max. memory is 11.5 GB.
[2019-05-02 20:14:13,813 INFO  L168              Benchmark]: Boogie Preprocessor took 28.50 ms. Allocated memory is still 514.9 MB. Free memory was 475.0 MB in the beginning and 472.3 MB in the end (delta: 2.7 MB). Peak memory consumption was 2.7 MB. Max. memory is 11.5 GB.
[2019-05-02 20:14:13,814 INFO  L168              Benchmark]: RCFGBuilder took 173.40 ms. Allocated memory is still 514.9 MB. Free memory was 472.3 MB in the beginning and 461.3 MB in the end (delta: 11.0 MB). Peak memory consumption was 11.0 MB. Max. memory is 11.5 GB.
[2019-05-02 20:14:13,814 INFO  L168              Benchmark]: LassoRanker took 1336.36 ms. Allocated memory was 514.9 MB in the beginning and 537.9 MB in the end (delta: 23.1 MB). Free memory was 461.3 MB in the beginning and 365.5 MB in the end (delta: 95.8 MB). Peak memory consumption was 118.8 MB. Max. memory is 11.5 GB.
[2019-05-02 20:14:13,817 INFO  L336   ainManager$Toolchain]: #######################  End [Toolchain 1] #######################
 --- Results ---
 * Results from de.uni_freiburg.informatik.ultimate.core:
  - StatisticsResult: Toolchain Benchmarks
    Benchmark results are:
 * Boogie PL CUP Parser took 0.12 ms. Allocated memory is still 514.9 MB. Free memory is still 476.4 MB. There was no memory consumed. Max. memory is 11.5 GB.
 * Boogie Preprocessor took 28.50 ms. Allocated memory is still 514.9 MB. Free memory was 475.0 MB in the beginning and 472.3 MB in the end (delta: 2.7 MB). Peak memory consumption was 2.7 MB. Max. memory is 11.5 GB.
 * RCFGBuilder took 173.40 ms. Allocated memory is still 514.9 MB. Free memory was 472.3 MB in the beginning and 461.3 MB in the end (delta: 11.0 MB). Peak memory consumption was 11.0 MB. Max. memory is 11.5 GB.
 * LassoRanker took 1336.36 ms. Allocated memory was 514.9 MB in the beginning and 537.9 MB in the end (delta: 23.1 MB). Free memory was 461.3 MB in the beginning and 365.5 MB in the end (delta: 95.8 MB). Peak memory consumption was 118.8 MB. Max. memory is 11.5 GB.
 * Results from de.uni_freiburg.informatik.ultimate.plugins.analysis.lassoranker:
  - NoResult [Line: 10]: LassoRanker could not prove termination
    LassoRanker could not prove termination or nontermination of the given linear lasso program.
Templates: AffineTemplate NestedTemplate NestedTemplate NestedTemplate MultiphaseTemplate ComposedLexicographicTemplate PiecewiseTemplate ParallelTemplate
RESULT: Ultimate could not prove your program: Toolchain returned no result.
Received shutdown request...
