This is Ultimate 0.1.24-16d85fa
[2019-05-02 20:14:03,718 INFO  L170        SettingsManager]: Resetting all preferences to default values...
[2019-05-02 20:14:03,719 INFO  L174        SettingsManager]: Resetting UltimateCore preferences to default values
[2019-05-02 20:14:03,729 INFO  L177        SettingsManager]: Ultimate Commandline Interface provides no preferences, ignoring...
[2019-05-02 20:14:03,729 INFO  L174        SettingsManager]: Resetting Boogie Preprocessor preferences to default values
[2019-05-02 20:14:03,730 INFO  L174        SettingsManager]: Resetting Boogie Procedure Inliner preferences to default values
[2019-05-02 20:14:03,731 INFO  L174        SettingsManager]: Resetting Abstract Interpretation preferences to default values
[2019-05-02 20:14:03,732 INFO  L174        SettingsManager]: Resetting LassoRanker preferences to default values
[2019-05-02 20:14:03,734 INFO  L174        SettingsManager]: Resetting Reaching Definitions preferences to default values
[2019-05-02 20:14:03,734 INFO  L174        SettingsManager]: Resetting SyntaxChecker preferences to default values
[2019-05-02 20:14:03,735 INFO  L177        SettingsManager]: Büchi Program Product provides no preferences, ignoring...
[2019-05-02 20:14:03,735 INFO  L174        SettingsManager]: Resetting LTL2Aut preferences to default values
[2019-05-02 20:14:03,736 INFO  L174        SettingsManager]: Resetting PEA to Boogie preferences to default values
[2019-05-02 20:14:03,736 INFO  L174        SettingsManager]: Resetting BlockEncodingV2 preferences to default values
[2019-05-02 20:14:03,737 INFO  L174        SettingsManager]: Resetting ChcToBoogie preferences to default values
[2019-05-02 20:14:03,737 INFO  L174        SettingsManager]: Resetting AutomataScriptInterpreter preferences to default values
[2019-05-02 20:14:03,738 INFO  L174        SettingsManager]: Resetting BuchiAutomizer preferences to default values
[2019-05-02 20:14:03,739 INFO  L174        SettingsManager]: Resetting CACSL2BoogieTranslator preferences to default values
[2019-05-02 20:14:03,741 INFO  L174        SettingsManager]: Resetting CodeCheck preferences to default values
[2019-05-02 20:14:03,742 INFO  L174        SettingsManager]: Resetting InvariantSynthesis preferences to default values
[2019-05-02 20:14:03,743 INFO  L174        SettingsManager]: Resetting RCFGBuilder preferences to default values
[2019-05-02 20:14:03,744 INFO  L174        SettingsManager]: Resetting TraceAbstraction preferences to default values
[2019-05-02 20:14:03,745 INFO  L177        SettingsManager]: TraceAbstractionConcurrent provides no preferences, ignoring...
[2019-05-02 20:14:03,745 INFO  L177        SettingsManager]: TraceAbstractionWithAFAs provides no preferences, ignoring...
[2019-05-02 20:14:03,745 INFO  L174        SettingsManager]: Resetting TreeAutomizer preferences to default values
[2019-05-02 20:14:03,746 INFO  L174        SettingsManager]: Resetting IcfgTransformer preferences to default values
[2019-05-02 20:14:03,746 INFO  L174        SettingsManager]: Resetting Boogie Printer preferences to default values
[2019-05-02 20:14:03,747 INFO  L174        SettingsManager]: Resetting ReqPrinter preferences to default values
[2019-05-02 20:14:03,747 INFO  L174        SettingsManager]: Resetting Witness Printer preferences to default values
[2019-05-02 20:14:03,748 INFO  L177        SettingsManager]: Boogie PL CUP Parser provides no preferences, ignoring...
[2019-05-02 20:14:03,748 INFO  L174        SettingsManager]: Resetting CDTParser preferences to default values
[2019-05-02 20:14:03,748 INFO  L177        SettingsManager]: AutomataScriptParser provides no preferences, ignoring...
[2019-05-02 20:14:03,749 INFO  L177        SettingsManager]: ReqParser provides no preferences, ignoring...
[2019-05-02 20:14:03,749 INFO  L174        SettingsManager]: Resetting SmtParser preferences to default values
[2019-05-02 20:14:03,749 INFO  L174        SettingsManager]: Resetting Witness Parser preferences to default values
[2019-05-02 20:14:03,750 INFO  L181        SettingsManager]: Finished resetting all preferences to default values...
[2019-05-02 20:14:03,766 INFO  L81    nceAwareModelManager]: Repository-Root is: /tmp
[2019-05-02 20:14:03,774 INFO  L258   ainManager$Toolchain]: [Toolchain 1]: Applicable parser(s) successfully (re)initialized
[2019-05-02 20:14:03,776 INFO  L214   ainManager$Toolchain]: [Toolchain 1]: Toolchain selected.
[2019-05-02 20:14:03,778 INFO  L271        PluginConnector]: Initializing Boogie PL CUP Parser...
[2019-05-02 20:14:03,778 INFO  L276        PluginConnector]: Boogie PL CUP Parser initialized
[2019-05-02 20:14:03,779 INFO  L418   ainManager$Toolchain]: [Toolchain 1]: Parsing single file: /home/xuechao/xuechao/work/Lab/Termination/Lasso-Ranker/Program_non/46.bpl
[2019-05-02 20:14:03,779 INFO  L111           BoogieParser]: Parsing: '/home/xuechao/xuechao/work/Lab/Termination/Lasso-Ranker/Program_non/46.bpl'
[2019-05-02 20:14:03,800 INFO  L296   ainManager$Toolchain]: ####################### [Toolchain 1] #######################
[2019-05-02 20:14:03,802 INFO  L131        ToolchainWalker]: Walking toolchain with 3 elements.
[2019-05-02 20:14:03,802 INFO  L113        PluginConnector]: ------------------------Boogie Preprocessor----------------------------
[2019-05-02 20:14:03,802 INFO  L271        PluginConnector]: Initializing Boogie Preprocessor...
[2019-05-02 20:14:03,802 INFO  L276        PluginConnector]: Boogie Preprocessor initialized
[2019-05-02 20:14:03,818 INFO  L185        PluginConnector]: Executing the observer EnsureBoogieModelObserver from plugin Boogie Preprocessor for "46.bpl de.uni_freiburg.informatik.ultimate.boogie.parser AST 02.05 08:14:03" (1/1) ...
[2019-05-02 20:14:03,820 INFO  L185        PluginConnector]: Executing the observer TypeChecker from plugin Boogie Preprocessor for "46.bpl de.uni_freiburg.informatik.ultimate.boogie.parser AST 02.05 08:14:03" (1/1) ...
[2019-05-02 20:14:03,824 INFO  L185        PluginConnector]: Executing the observer ConstExpander from plugin Boogie Preprocessor for "46.bpl de.uni_freiburg.informatik.ultimate.boogie.parser AST 02.05 08:14:03" (1/1) ...
[2019-05-02 20:14:03,825 INFO  L185        PluginConnector]: Executing the observer StructExpander from plugin Boogie Preprocessor for "46.bpl de.uni_freiburg.informatik.ultimate.boogie.parser AST 02.05 08:14:03" (1/1) ...
[2019-05-02 20:14:03,826 INFO  L185        PluginConnector]: Executing the observer UnstructureCode from plugin Boogie Preprocessor for "46.bpl de.uni_freiburg.informatik.ultimate.boogie.parser AST 02.05 08:14:03" (1/1) ...
[2019-05-02 20:14:03,829 INFO  L185        PluginConnector]: Executing the observer FunctionInliner from plugin Boogie Preprocessor for "46.bpl de.uni_freiburg.informatik.ultimate.boogie.parser AST 02.05 08:14:03" (1/1) ...
[2019-05-02 20:14:03,830 INFO  L185        PluginConnector]: Executing the observer BoogieSymbolTableConstructor from plugin Boogie Preprocessor for "46.bpl de.uni_freiburg.informatik.ultimate.boogie.parser AST 02.05 08:14:03" (1/1) ...
[2019-05-02 20:14:03,830 INFO  L132        PluginConnector]: ------------------------ END Boogie Preprocessor----------------------------
[2019-05-02 20:14:03,831 INFO  L113        PluginConnector]: ------------------------RCFGBuilder----------------------------
[2019-05-02 20:14:03,831 INFO  L271        PluginConnector]: Initializing RCFGBuilder...
[2019-05-02 20:14:03,831 INFO  L276        PluginConnector]: RCFGBuilder initialized
[2019-05-02 20:14:03,832 INFO  L185        PluginConnector]: Executing the observer RCFGBuilderObserver from plugin RCFGBuilder for "46.bpl de.uni_freiburg.informatik.ultimate.boogie.parser AST 02.05 08:14:03" (1/1) ...
No working directory specified, using /home/xuechao/xuechao/work/Lab/Termination/Lasso-Ranker/z3
Starting monitored process 1 with z3 SMTLIB2_COMPLIANT=true -memory:1024 -smt2 -in -t:12000 (exit command is (exit), workingDir is null)
Waiting until toolchain timeout for monitored process 1 with z3 SMTLIB2_COMPLIANT=true -memory:1024 -smt2 -in -t:12000
[2019-05-02 20:14:03,870 INFO  L124     BoogieDeclarations]: Specification and implementation of procedure Gothenburg given in one single declaration
[2019-05-02 20:14:03,870 INFO  L130     BoogieDeclarations]: Found specification of procedure Gothenburg
[2019-05-02 20:14:03,871 INFO  L138     BoogieDeclarations]: Found implementation of procedure Gothenburg
[2019-05-02 20:14:03,956 INFO  L278             CfgBuilder]: Using library mode
[2019-05-02 20:14:03,956 INFO  L286             CfgBuilder]: Removed 0 assue(true) statements.
[2019-05-02 20:14:03,957 INFO  L202        PluginConnector]: Adding new model 46.bpl de.uni_freiburg.informatik.ultimate.plugins.generator.rcfgbuilder CFG 02.05 08:14:03 BoogieIcfgContainer
[2019-05-02 20:14:03,957 INFO  L132        PluginConnector]: ------------------------ END RCFGBuilder----------------------------
[2019-05-02 20:14:03,957 INFO  L113        PluginConnector]: ------------------------LassoRanker----------------------------
[2019-05-02 20:14:03,958 INFO  L271        PluginConnector]: Initializing LassoRanker...
[2019-05-02 20:14:03,958 INFO  L276        PluginConnector]: LassoRanker initialized
[2019-05-02 20:14:03,958 INFO  L185        PluginConnector]: Executing the observer LassoRankerObserver from plugin LassoRanker for "46.bpl de.uni_freiburg.informatik.ultimate.plugins.generator.rcfgbuilder CFG 02.05 08:14:03" (1/1) ...
[2019-05-02 20:14:03,979 INFO  L72            BuchiIsEmpty]: Start buchiIsEmpty. Operand 2 states.
[2019-05-02 20:14:03,995 INFO  L131   ngComponentsAnalysis]: Automaton has 1 accepting balls. 1
[2019-05-02 20:14:03,995 INFO  L87            BuchiIsEmpty]: Finished buchiIsEmpty Result is false
[2019-05-02 20:14:03,995 INFO  L119           BuchiIsEmpty]: Starting construction of run
[2019-05-02 20:14:04,001 INFO  L104     BuchiDifferenceFKV]: Start buchiDifferenceFKV. First operand 2 states. Second operand 1 states.
[2019-05-02 20:14:04,010 INFO  L108     BuchiDifferenceFKV]: Finished buchiDifferenceFKV. First operand 2 states. Second operand 1 states. Result 3 states and 4 transitions. Complement of second has 2 states 2 powerset states0 rank states. The highest rank that occured is -1
[2019-05-02 20:14:04,010 INFO  L72            BuchiIsEmpty]: Start buchiIsEmpty. Operand 3 states and 4 transitions.
[2019-05-02 20:14:04,011 INFO  L131   ngComponentsAnalysis]: Automaton has 0 accepting balls. 0
[2019-05-02 20:14:04,011 INFO  L87            BuchiIsEmpty]: Finished buchiIsEmpty Result is true
[2019-05-02 20:14:04,074 INFO  L216          LassoAnalysis]: Preferences:
[2019-05-02 20:14:04,075 INFO  L124   ssoRankerPreferences]: Compute integeral hull: false
[2019-05-02 20:14:04,075 INFO  L125   ssoRankerPreferences]: Enable LassoPartitioneer: true
[2019-05-02 20:14:04,075 INFO  L126   ssoRankerPreferences]: Term annotations enabled: false
[2019-05-02 20:14:04,075 INFO  L127   ssoRankerPreferences]: Use exernal solver: true
[2019-05-02 20:14:04,076 INFO  L128   ssoRankerPreferences]: SMT solver command: z3 -smt2 -in SMTLIB2_COMPLIANT=true
[2019-05-02 20:14:04,076 INFO  L129   ssoRankerPreferences]: Dump SMT script to file: false
[2019-05-02 20:14:04,076 INFO  L130   ssoRankerPreferences]: Path of dumped script: .
[2019-05-02 20:14:04,076 INFO  L131   ssoRankerPreferences]: Filename of dumped script: LassoRankerScript
[2019-05-02 20:14:04,076 INFO  L132   ssoRankerPreferences]: MapElimAlgo: Frank
[2019-05-02 20:14:04,076 INFO  L282          LassoAnalysis]: Starting lasso preprocessing...
[2019-05-02 20:14:04,093 INFO  L141          MapEliminator]: Using MapEliminator with SimplificationTechnique=SIMPLIFY_DDA XnfConversionTechnique=BOTTOM_UP_WITH_LOCAL_SIMPLIFICATION AddInequalities=false OnlyTrivialImplicationsArrayWrite=false OnlyTrivialImplicationsForModifiedArguments=true OnlyArgumentsInFormula=true
[2019-05-02 20:14:04,199 INFO  L300          LassoAnalysis]: Preprocessing complete.
[2019-05-02 20:14:04,200 INFO  L412          LassoAnalysis]: Checking for nontermination...
No working directory specified, using /home/xuechao/xuechao/work/Lab/Termination/Lasso-Ranker/z3
Starting monitored process 2 with z3 -smt2 -in SMTLIB2_COMPLIANT=true (exit command is (exit), workingDir is null)
Waiting until toolchain timeout for monitored process 2 with z3 -smt2 -in SMTLIB2_COMPLIANT=true
[2019-05-02 20:14:04,204 INFO  L151   nArgumentSynthesizer]: Nontermination analysis: LINEAR_WITH_GUESSES Allow bounded executions: true Number of generalized eigenvectors: 0 Nilpotent components: true
[2019-05-02 20:14:04,204 INFO  L163   nArgumentSynthesizer]: Using integer mode.
No working directory specified, using /home/xuechao/xuechao/work/Lab/Termination/Lasso-Ranker/z3
Starting monitored process 3 with z3 -smt2 -in SMTLIB2_COMPLIANT=true (exit command is (exit), workingDir is null)
Waiting until toolchain timeout for monitored process 3 with z3 -smt2 -in SMTLIB2_COMPLIANT=true
[2019-05-02 20:14:04,226 INFO  L151   nArgumentSynthesizer]: Nontermination analysis: LINEAR_WITH_GUESSES Allow bounded executions: true Number of generalized eigenvectors: 3 Nilpotent components: true
[2019-05-02 20:14:04,226 INFO  L163   nArgumentSynthesizer]: Using integer mode.
[2019-05-02 20:14:04,255 INFO  L452          LassoAnalysis]: Proving nontermination failed: No geometric nontermination argument exists.
[2019-05-02 20:14:04,256 INFO  L216          LassoAnalysis]: Preferences:
[2019-05-02 20:14:04,256 INFO  L124   ssoRankerPreferences]: Compute integeral hull: false
[2019-05-02 20:14:04,257 INFO  L125   ssoRankerPreferences]: Enable LassoPartitioneer: true
[2019-05-02 20:14:04,257 INFO  L126   ssoRankerPreferences]: Term annotations enabled: false
[2019-05-02 20:14:04,257 INFO  L127   ssoRankerPreferences]: Use exernal solver: true
[2019-05-02 20:14:04,257 INFO  L128   ssoRankerPreferences]: SMT solver command: z3 -smt2 -in SMTLIB2_COMPLIANT=true
[2019-05-02 20:14:04,257 INFO  L129   ssoRankerPreferences]: Dump SMT script to file: false
[2019-05-02 20:14:04,257 INFO  L130   ssoRankerPreferences]: Path of dumped script: .
[2019-05-02 20:14:04,257 INFO  L131   ssoRankerPreferences]: Filename of dumped script: LassoRankerScript
[2019-05-02 20:14:04,258 INFO  L132   ssoRankerPreferences]: MapElimAlgo: Frank
[2019-05-02 20:14:04,258 INFO  L282          LassoAnalysis]: Starting lasso preprocessing...
[2019-05-02 20:14:04,259 INFO  L141          MapEliminator]: Using MapEliminator with SimplificationTechnique=SIMPLIFY_DDA XnfConversionTechnique=BOTTOM_UP_WITH_LOCAL_SIMPLIFICATION AddInequalities=false OnlyTrivialImplicationsArrayWrite=false OnlyTrivialImplicationsForModifiedArguments=true OnlyArgumentsInFormula=true
[2019-05-02 20:14:04,358 INFO  L300          LassoAnalysis]: Preprocessing complete.
[2019-05-02 20:14:04,362 INFO  L497          LassoAnalysis]: Using template 'affine'.
No working directory specified, using /home/xuechao/xuechao/work/Lab/Termination/Lasso-Ranker/z3
Starting monitored process 4 with z3 -smt2 -in SMTLIB2_COMPLIANT=true (exit command is (exit), workingDir is null)
Waiting until toolchain timeout for monitored process 4 with z3 -smt2 -in SMTLIB2_COMPLIANT=true
[2019-05-02 20:14:04,365 INFO  L122   nArgumentSynthesizer]: Termination Analysis Settings:
Termination analysis: LINEAR_WITH_GUESSES
Number of strict supporting invariants: 1
Number of non-strict supporting invariants: 0
Consider only non-deceasing supporting invariants: true
Simplify termination arguments: true
Simplify supporting invariants: trueOverapproximate stem: false
[2019-05-02 20:14:04,367 INFO  L339   nArgumentSynthesizer]: Template has degree 0.
[2019-05-02 20:14:04,367 INFO  L352   nArgumentSynthesizer]: There is no stem transition; disabling supporting invariant generation.
[2019-05-02 20:14:04,368 INFO  L205   nArgumentSynthesizer]: 1 stem disjuncts
[2019-05-02 20:14:04,368 INFO  L206   nArgumentSynthesizer]: 2 loop disjuncts
[2019-05-02 20:14:04,368 INFO  L207   nArgumentSynthesizer]: 2 template conjuncts.
[2019-05-02 20:14:04,371 INFO  L402   nArgumentSynthesizer]: We have 4 Motzkin's Theorem applications.
[2019-05-02 20:14:04,371 INFO  L403   nArgumentSynthesizer]: A total of 0 supporting invariants were added.
[2019-05-02 20:14:04,375 INFO  L530          LassoAnalysis]: Proving termination failed for this template and these settings.
[2019-05-02 20:14:04,388 INFO  L497          LassoAnalysis]: Using template '2-nested'.
No working directory specified, using /home/xuechao/xuechao/work/Lab/Termination/Lasso-Ranker/z3
Starting monitored process 5 with z3 -smt2 -in SMTLIB2_COMPLIANT=true (exit command is (exit), workingDir is null)
Waiting until toolchain timeout for monitored process 5 with z3 -smt2 -in SMTLIB2_COMPLIANT=true
[2019-05-02 20:14:04,395 INFO  L122   nArgumentSynthesizer]: Termination Analysis Settings:
Termination analysis: LINEAR_WITH_GUESSES
Number of strict supporting invariants: 1
Number of non-strict supporting invariants: 0
Consider only non-deceasing supporting invariants: true
Simplify termination arguments: true
Simplify supporting invariants: trueOverapproximate stem: false
[2019-05-02 20:14:04,397 INFO  L339   nArgumentSynthesizer]: Template has degree 0.
[2019-05-02 20:14:04,397 INFO  L352   nArgumentSynthesizer]: There is no stem transition; disabling supporting invariant generation.
[2019-05-02 20:14:04,397 INFO  L205   nArgumentSynthesizer]: 1 stem disjuncts
[2019-05-02 20:14:04,398 INFO  L206   nArgumentSynthesizer]: 2 loop disjuncts
[2019-05-02 20:14:04,398 INFO  L207   nArgumentSynthesizer]: 3 template conjuncts.
[2019-05-02 20:14:04,401 INFO  L402   nArgumentSynthesizer]: We have 6 Motzkin's Theorem applications.
[2019-05-02 20:14:04,401 INFO  L403   nArgumentSynthesizer]: A total of 0 supporting invariants were added.
[2019-05-02 20:14:04,404 INFO  L530          LassoAnalysis]: Proving termination failed for this template and these settings.
[2019-05-02 20:14:04,419 INFO  L497          LassoAnalysis]: Using template '3-nested'.
No working directory specified, using /home/xuechao/xuechao/work/Lab/Termination/Lasso-Ranker/z3
Starting monitored process 6 with z3 -smt2 -in SMTLIB2_COMPLIANT=true (exit command is (exit), workingDir is null)
[2019-05-02 20:14:04,427 INFO  L122   nArgumentSynthesizer]: Termination Analysis Settings:
Termination analysis: LINEAR_WITH_GUESSES
Number of strict supporting invariants: 1
Number of non-strict supporting invariants: 0
Consider only non-deceasing supporting invariants: true
Simplify termination arguments: true
Simplify supporting invariants: trueOverapproximate stem: false
[2019-05-02 20:14:04,428 INFO  L339   nArgumentSynthesizer]: Template has degree 0.
[2019-05-02 20:14:04,429 INFO  L352   nArgumentSynthesizer]: There is no stem transition; disabling supporting invariant generation.
[2019-05-02 20:14:04,429 INFO  L205   nArgumentSynthesizer]: 1 stem disjuncts
[2019-05-02 20:14:04,429 INFO  L206   nArgumentSynthesizer]: 2 loop disjuncts
[2019-05-02 20:14:04,429 INFO  L207   nArgumentSynthesizer]: 4 template conjuncts.
Waiting until toolchain timeout for monitored process 6 with z3 -smt2 -in SMTLIB2_COMPLIANT=true
[2019-05-02 20:14:04,433 INFO  L402   nArgumentSynthesizer]: We have 8 Motzkin's Theorem applications.
[2019-05-02 20:14:04,433 INFO  L403   nArgumentSynthesizer]: A total of 0 supporting invariants were added.
[2019-05-02 20:14:04,438 INFO  L530          LassoAnalysis]: Proving termination failed for this template and these settings.
[2019-05-02 20:14:04,452 INFO  L497          LassoAnalysis]: Using template '4-nested'.
No working directory specified, using /home/xuechao/xuechao/work/Lab/Termination/Lasso-Ranker/z3
Starting monitored process 7 with z3 -smt2 -in SMTLIB2_COMPLIANT=true (exit command is (exit), workingDir is null)
Waiting until toolchain timeout for monitored process 7 with z3 -smt2 -in SMTLIB2_COMPLIANT=true
[2019-05-02 20:14:04,454 INFO  L122   nArgumentSynthesizer]: Termination Analysis Settings:
Termination analysis: LINEAR_WITH_GUESSES
Number of strict supporting invariants: 1
Number of non-strict supporting invariants: 0
Consider only non-deceasing supporting invariants: true
Simplify termination arguments: true
Simplify supporting invariants: trueOverapproximate stem: false
[2019-05-02 20:14:04,456 INFO  L339   nArgumentSynthesizer]: Template has degree 0.
[2019-05-02 20:14:04,456 INFO  L352   nArgumentSynthesizer]: There is no stem transition; disabling supporting invariant generation.
[2019-05-02 20:14:04,456 INFO  L205   nArgumentSynthesizer]: 1 stem disjuncts
[2019-05-02 20:14:04,457 INFO  L206   nArgumentSynthesizer]: 2 loop disjuncts
[2019-05-02 20:14:04,457 INFO  L207   nArgumentSynthesizer]: 5 template conjuncts.
[2019-05-02 20:14:04,461 INFO  L402   nArgumentSynthesizer]: We have 10 Motzkin's Theorem applications.
[2019-05-02 20:14:04,461 INFO  L403   nArgumentSynthesizer]: A total of 0 supporting invariants were added.
[2019-05-02 20:14:04,467 INFO  L530          LassoAnalysis]: Proving termination failed for this template and these settings.
[2019-05-02 20:14:04,481 INFO  L497          LassoAnalysis]: Using template '2-phase'.
No working directory specified, using /home/xuechao/xuechao/work/Lab/Termination/Lasso-Ranker/z3
Starting monitored process 8 with z3 -smt2 -in SMTLIB2_COMPLIANT=true (exit command is (exit), workingDir is null)
Waiting until toolchain timeout for monitored process 8 with z3 -smt2 -in SMTLIB2_COMPLIANT=true
[2019-05-02 20:14:04,483 INFO  L122   nArgumentSynthesizer]: Termination Analysis Settings:
Termination analysis: LINEAR_WITH_GUESSES
Number of strict supporting invariants: 1
Number of non-strict supporting invariants: 0
Consider only non-deceasing supporting invariants: true
Simplify termination arguments: true
Simplify supporting invariants: trueOverapproximate stem: false
[2019-05-02 20:14:04,484 WARN  L334   nArgumentSynthesizer]: Using a linear SMT query and a templates of degree > 0, hence this method is incomplete.
[2019-05-02 20:14:04,485 INFO  L339   nArgumentSynthesizer]: Template has degree 1.
[2019-05-02 20:14:04,485 INFO  L352   nArgumentSynthesizer]: There is no stem transition; disabling supporting invariant generation.
[2019-05-02 20:14:04,485 INFO  L205   nArgumentSynthesizer]: 1 stem disjuncts
[2019-05-02 20:14:04,485 INFO  L206   nArgumentSynthesizer]: 2 loop disjuncts
[2019-05-02 20:14:04,485 INFO  L207   nArgumentSynthesizer]: 3 template conjuncts.
[2019-05-02 20:14:04,490 INFO  L402   nArgumentSynthesizer]: We have 6 Motzkin's Theorem applications.
[2019-05-02 20:14:04,490 INFO  L403   nArgumentSynthesizer]: A total of 0 supporting invariants were added.
[2019-05-02 20:14:04,497 INFO  L530          LassoAnalysis]: Proving termination failed for this template and these settings.
[2019-05-02 20:14:04,512 INFO  L497          LassoAnalysis]: Using template 'lex(affine, affine)'.
No working directory specified, using /home/xuechao/xuechao/work/Lab/Termination/Lasso-Ranker/z3
Starting monitored process 9 with z3 -smt2 -in SMTLIB2_COMPLIANT=true (exit command is (exit), workingDir is null)
Waiting until toolchain timeout for monitored process 9 with z3 -smt2 -in SMTLIB2_COMPLIANT=true
[2019-05-02 20:14:04,514 INFO  L122   nArgumentSynthesizer]: Termination Analysis Settings:
Termination analysis: LINEAR_WITH_GUESSES
Number of strict supporting invariants: 1
Number of non-strict supporting invariants: 0
Consider only non-deceasing supporting invariants: true
Simplify termination arguments: true
Simplify supporting invariants: trueOverapproximate stem: false
[2019-05-02 20:14:04,516 WARN  L334   nArgumentSynthesizer]: Using a linear SMT query and a templates of degree > 0, hence this method is incomplete.
[2019-05-02 20:14:04,516 INFO  L339   nArgumentSynthesizer]: Template has degree 5.
[2019-05-02 20:14:04,516 INFO  L352   nArgumentSynthesizer]: There is no stem transition; disabling supporting invariant generation.
[2019-05-02 20:14:04,516 INFO  L205   nArgumentSynthesizer]: 1 stem disjuncts
[2019-05-02 20:14:04,516 INFO  L206   nArgumentSynthesizer]: 2 loop disjuncts
[2019-05-02 20:14:04,517 INFO  L207   nArgumentSynthesizer]: 4 template conjuncts.
[2019-05-02 20:14:04,520 INFO  L402   nArgumentSynthesizer]: We have 8 Motzkin's Theorem applications.
[2019-05-02 20:14:04,520 INFO  L403   nArgumentSynthesizer]: A total of 0 supporting invariants were added.
[2019-05-02 20:14:04,528 INFO  L530          LassoAnalysis]: Proving termination failed for this template and these settings.
[2019-05-02 20:14:04,543 INFO  L497          LassoAnalysis]: Using template '2-piece'.
No working directory specified, using /home/xuechao/xuechao/work/Lab/Termination/Lasso-Ranker/z3
Starting monitored process 10 with z3 -smt2 -in SMTLIB2_COMPLIANT=true (exit command is (exit), workingDir is null)
Waiting until toolchain timeout for monitored process 10 with z3 -smt2 -in SMTLIB2_COMPLIANT=true
[2019-05-02 20:14:04,545 INFO  L122   nArgumentSynthesizer]: Termination Analysis Settings:
Termination analysis: LINEAR_WITH_GUESSES
Number of strict supporting invariants: 1
Number of non-strict supporting invariants: 0
Consider only non-deceasing supporting invariants: true
Simplify termination arguments: true
Simplify supporting invariants: trueOverapproximate stem: false
[2019-05-02 20:14:04,547 WARN  L334   nArgumentSynthesizer]: Using a linear SMT query and a templates of degree > 0, hence this method is incomplete.
[2019-05-02 20:14:04,547 INFO  L339   nArgumentSynthesizer]: Template has degree 7.
[2019-05-02 20:14:04,547 INFO  L352   nArgumentSynthesizer]: There is no stem transition; disabling supporting invariant generation.
[2019-05-02 20:14:04,547 INFO  L205   nArgumentSynthesizer]: 1 stem disjuncts
[2019-05-02 20:14:04,547 INFO  L206   nArgumentSynthesizer]: 2 loop disjuncts
[2019-05-02 20:14:04,547 INFO  L207   nArgumentSynthesizer]: 7 template conjuncts.
[2019-05-02 20:14:04,561 INFO  L402   nArgumentSynthesizer]: We have 14 Motzkin's Theorem applications.
[2019-05-02 20:14:04,561 INFO  L403   nArgumentSynthesizer]: A total of 0 supporting invariants were added.
[2019-05-02 20:14:04,591 INFO  L530          LassoAnalysis]: Proving termination failed for this template and these settings.
[2019-05-02 20:14:04,606 INFO  L497          LassoAnalysis]: Using template '2-parallel'.
No working directory specified, using /home/xuechao/xuechao/work/Lab/Termination/Lasso-Ranker/z3
Starting monitored process 11 with z3 -smt2 -in SMTLIB2_COMPLIANT=true (exit command is (exit), workingDir is null)
Waiting until toolchain timeout for monitored process 11 with z3 -smt2 -in SMTLIB2_COMPLIANT=true
[2019-05-02 20:14:04,608 INFO  L122   nArgumentSynthesizer]: Termination Analysis Settings:
Termination analysis: LINEAR_WITH_GUESSES
Number of strict supporting invariants: 1
Number of non-strict supporting invariants: 0
Consider only non-deceasing supporting invariants: true
Simplify termination arguments: true
Simplify supporting invariants: trueOverapproximate stem: false
[2019-05-02 20:14:04,610 WARN  L334   nArgumentSynthesizer]: Using a linear SMT query and a templates of degree > 0, hence this method is incomplete.
[2019-05-02 20:14:04,610 INFO  L339   nArgumentSynthesizer]: Template has degree 4.
[2019-05-02 20:14:04,610 INFO  L352   nArgumentSynthesizer]: There is no stem transition; disabling supporting invariant generation.
[2019-05-02 20:14:04,610 INFO  L205   nArgumentSynthesizer]: 1 stem disjuncts
[2019-05-02 20:14:04,610 INFO  L206   nArgumentSynthesizer]: 2 loop disjuncts
[2019-05-02 20:14:04,610 INFO  L207   nArgumentSynthesizer]: 6 template conjuncts.
[2019-05-02 20:14:04,617 INFO  L402   nArgumentSynthesizer]: We have 12 Motzkin's Theorem applications.
[2019-05-02 20:14:04,618 INFO  L403   nArgumentSynthesizer]: A total of 0 supporting invariants were added.
[2019-05-02 20:14:04,634 INFO  L530          LassoAnalysis]: Proving termination failed for this template and these settings.
[2019-05-02 20:14:04,648 INFO  L489     LassoRankerStarter]: LassoRanker could not prove termination or nontermination of the given linear lasso program.
Templates: AffineTemplate NestedTemplate NestedTemplate NestedTemplate MultiphaseTemplate ComposedLexicographicTemplate PiecewiseTemplate ParallelTemplate
[2019-05-02 20:14:04,649 INFO  L132        PluginConnector]: ------------------------ END LassoRanker----------------------------
[2019-05-02 20:14:04,650 INFO  L168              Benchmark]: Toolchain (without parser) took 848.97 ms. Allocated memory is still 514.9 MB. Free memory was 477.6 MB in the beginning and 379.5 MB in the end (delta: 98.1 MB). Peak memory consumption was 98.1 MB. Max. memory is 11.5 GB.
[2019-05-02 20:14:04,651 INFO  L168              Benchmark]: Boogie PL CUP Parser took 0.12 ms. Allocated memory is still 514.9 MB. Free memory is still 477.6 MB. There was no memory consumed. Max. memory is 11.5 GB.
[2019-05-02 20:14:04,651 INFO  L168              Benchmark]: Boogie Preprocessor took 28.84 ms. Allocated memory is still 514.9 MB. Free memory was 477.6 MB in the beginning and 474.9 MB in the end (delta: 2.7 MB). Peak memory consumption was 2.7 MB. Max. memory is 11.5 GB.
[2019-05-02 20:14:04,652 INFO  L168              Benchmark]: RCFGBuilder took 126.13 ms. Allocated memory is still 514.9 MB. Free memory was 474.9 MB in the beginning and 463.8 MB in the end (delta: 11.0 MB). Peak memory consumption was 11.0 MB. Max. memory is 11.5 GB.
[2019-05-02 20:14:04,653 INFO  L168              Benchmark]: LassoRanker took 691.89 ms. Allocated memory is still 514.9 MB. Free memory was 463.8 MB in the beginning and 379.5 MB in the end (delta: 84.4 MB). Peak memory consumption was 84.4 MB. Max. memory is 11.5 GB.
[2019-05-02 20:14:04,656 INFO  L336   ainManager$Toolchain]: #######################  End [Toolchain 1] #######################
 --- Results ---
 * Results from de.uni_freiburg.informatik.ultimate.core:
  - StatisticsResult: Toolchain Benchmarks
    Benchmark results are:
 * Boogie PL CUP Parser took 0.12 ms. Allocated memory is still 514.9 MB. Free memory is still 477.6 MB. There was no memory consumed. Max. memory is 11.5 GB.
 * Boogie Preprocessor took 28.84 ms. Allocated memory is still 514.9 MB. Free memory was 477.6 MB in the beginning and 474.9 MB in the end (delta: 2.7 MB). Peak memory consumption was 2.7 MB. Max. memory is 11.5 GB.
 * RCFGBuilder took 126.13 ms. Allocated memory is still 514.9 MB. Free memory was 474.9 MB in the beginning and 463.8 MB in the end (delta: 11.0 MB). Peak memory consumption was 11.0 MB. Max. memory is 11.5 GB.
 * LassoRanker took 691.89 ms. Allocated memory is still 514.9 MB. Free memory was 463.8 MB in the beginning and 379.5 MB in the end (delta: 84.4 MB). Peak memory consumption was 84.4 MB. Max. memory is 11.5 GB.
 * Results from de.uni_freiburg.informatik.ultimate.plugins.analysis.lassoranker:
  - NoResult [Line: 11]: LassoRanker could not prove termination
    LassoRanker could not prove termination or nontermination of the given linear lasso program.
Templates: AffineTemplate NestedTemplate NestedTemplate NestedTemplate MultiphaseTemplate ComposedLexicographicTemplate PiecewiseTemplate ParallelTemplate
RESULT: Ultimate could not prove your program: Toolchain returned no result.
Received shutdown request...
