This is Ultimate 0.1.24-16d85fa
[2019-05-02 20:14:06,124 INFO  L170        SettingsManager]: Resetting all preferences to default values...
[2019-05-02 20:14:06,125 INFO  L174        SettingsManager]: Resetting UltimateCore preferences to default values
[2019-05-02 20:14:06,135 INFO  L177        SettingsManager]: Ultimate Commandline Interface provides no preferences, ignoring...
[2019-05-02 20:14:06,135 INFO  L174        SettingsManager]: Resetting Boogie Preprocessor preferences to default values
[2019-05-02 20:14:06,136 INFO  L174        SettingsManager]: Resetting Boogie Procedure Inliner preferences to default values
[2019-05-02 20:14:06,137 INFO  L174        SettingsManager]: Resetting Abstract Interpretation preferences to default values
[2019-05-02 20:14:06,138 INFO  L174        SettingsManager]: Resetting LassoRanker preferences to default values
[2019-05-02 20:14:06,139 INFO  L174        SettingsManager]: Resetting Reaching Definitions preferences to default values
[2019-05-02 20:14:06,140 INFO  L174        SettingsManager]: Resetting SyntaxChecker preferences to default values
[2019-05-02 20:14:06,141 INFO  L177        SettingsManager]: Büchi Program Product provides no preferences, ignoring...
[2019-05-02 20:14:06,141 INFO  L174        SettingsManager]: Resetting LTL2Aut preferences to default values
[2019-05-02 20:14:06,141 INFO  L174        SettingsManager]: Resetting PEA to Boogie preferences to default values
[2019-05-02 20:14:06,142 INFO  L174        SettingsManager]: Resetting BlockEncodingV2 preferences to default values
[2019-05-02 20:14:06,143 INFO  L174        SettingsManager]: Resetting ChcToBoogie preferences to default values
[2019-05-02 20:14:06,143 INFO  L174        SettingsManager]: Resetting AutomataScriptInterpreter preferences to default values
[2019-05-02 20:14:06,144 INFO  L174        SettingsManager]: Resetting BuchiAutomizer preferences to default values
[2019-05-02 20:14:06,145 INFO  L174        SettingsManager]: Resetting CACSL2BoogieTranslator preferences to default values
[2019-05-02 20:14:06,146 INFO  L174        SettingsManager]: Resetting CodeCheck preferences to default values
[2019-05-02 20:14:06,147 INFO  L174        SettingsManager]: Resetting InvariantSynthesis preferences to default values
[2019-05-02 20:14:06,148 INFO  L174        SettingsManager]: Resetting RCFGBuilder preferences to default values
[2019-05-02 20:14:06,149 INFO  L174        SettingsManager]: Resetting TraceAbstraction preferences to default values
[2019-05-02 20:14:06,150 INFO  L177        SettingsManager]: TraceAbstractionConcurrent provides no preferences, ignoring...
[2019-05-02 20:14:06,150 INFO  L177        SettingsManager]: TraceAbstractionWithAFAs provides no preferences, ignoring...
[2019-05-02 20:14:06,151 INFO  L174        SettingsManager]: Resetting TreeAutomizer preferences to default values
[2019-05-02 20:14:06,151 INFO  L174        SettingsManager]: Resetting IcfgTransformer preferences to default values
[2019-05-02 20:14:06,152 INFO  L174        SettingsManager]: Resetting Boogie Printer preferences to default values
[2019-05-02 20:14:06,152 INFO  L174        SettingsManager]: Resetting ReqPrinter preferences to default values
[2019-05-02 20:14:06,153 INFO  L174        SettingsManager]: Resetting Witness Printer preferences to default values
[2019-05-02 20:14:06,153 INFO  L177        SettingsManager]: Boogie PL CUP Parser provides no preferences, ignoring...
[2019-05-02 20:14:06,154 INFO  L174        SettingsManager]: Resetting CDTParser preferences to default values
[2019-05-02 20:14:06,154 INFO  L177        SettingsManager]: AutomataScriptParser provides no preferences, ignoring...
[2019-05-02 20:14:06,154 INFO  L177        SettingsManager]: ReqParser provides no preferences, ignoring...
[2019-05-02 20:14:06,154 INFO  L174        SettingsManager]: Resetting SmtParser preferences to default values
[2019-05-02 20:14:06,155 INFO  L174        SettingsManager]: Resetting Witness Parser preferences to default values
[2019-05-02 20:14:06,155 INFO  L181        SettingsManager]: Finished resetting all preferences to default values...
[2019-05-02 20:14:06,171 INFO  L81    nceAwareModelManager]: Repository-Root is: /tmp
[2019-05-02 20:14:06,179 INFO  L258   ainManager$Toolchain]: [Toolchain 1]: Applicable parser(s) successfully (re)initialized
[2019-05-02 20:14:06,182 INFO  L214   ainManager$Toolchain]: [Toolchain 1]: Toolchain selected.
[2019-05-02 20:14:06,183 INFO  L271        PluginConnector]: Initializing Boogie PL CUP Parser...
[2019-05-02 20:14:06,183 INFO  L276        PluginConnector]: Boogie PL CUP Parser initialized
[2019-05-02 20:14:06,184 INFO  L418   ainManager$Toolchain]: [Toolchain 1]: Parsing single file: /home/xuechao/xuechao/work/Lab/Termination/Lasso-Ranker/Program_non/47.bpl
[2019-05-02 20:14:06,184 INFO  L111           BoogieParser]: Parsing: '/home/xuechao/xuechao/work/Lab/Termination/Lasso-Ranker/Program_non/47.bpl'
[2019-05-02 20:14:06,213 INFO  L296   ainManager$Toolchain]: ####################### [Toolchain 1] #######################
[2019-05-02 20:14:06,214 INFO  L131        ToolchainWalker]: Walking toolchain with 3 elements.
[2019-05-02 20:14:06,214 INFO  L113        PluginConnector]: ------------------------Boogie Preprocessor----------------------------
[2019-05-02 20:14:06,214 INFO  L271        PluginConnector]: Initializing Boogie Preprocessor...
[2019-05-02 20:14:06,214 INFO  L276        PluginConnector]: Boogie Preprocessor initialized
[2019-05-02 20:14:06,231 INFO  L185        PluginConnector]: Executing the observer EnsureBoogieModelObserver from plugin Boogie Preprocessor for "47.bpl de.uni_freiburg.informatik.ultimate.boogie.parser AST 02.05 08:14:06" (1/1) ...
[2019-05-02 20:14:06,232 INFO  L185        PluginConnector]: Executing the observer TypeChecker from plugin Boogie Preprocessor for "47.bpl de.uni_freiburg.informatik.ultimate.boogie.parser AST 02.05 08:14:06" (1/1) ...
[2019-05-02 20:14:06,236 INFO  L185        PluginConnector]: Executing the observer ConstExpander from plugin Boogie Preprocessor for "47.bpl de.uni_freiburg.informatik.ultimate.boogie.parser AST 02.05 08:14:06" (1/1) ...
[2019-05-02 20:14:06,237 INFO  L185        PluginConnector]: Executing the observer StructExpander from plugin Boogie Preprocessor for "47.bpl de.uni_freiburg.informatik.ultimate.boogie.parser AST 02.05 08:14:06" (1/1) ...
[2019-05-02 20:14:06,238 INFO  L185        PluginConnector]: Executing the observer UnstructureCode from plugin Boogie Preprocessor for "47.bpl de.uni_freiburg.informatik.ultimate.boogie.parser AST 02.05 08:14:06" (1/1) ...
[2019-05-02 20:14:06,241 INFO  L185        PluginConnector]: Executing the observer FunctionInliner from plugin Boogie Preprocessor for "47.bpl de.uni_freiburg.informatik.ultimate.boogie.parser AST 02.05 08:14:06" (1/1) ...
[2019-05-02 20:14:06,242 INFO  L185        PluginConnector]: Executing the observer BoogieSymbolTableConstructor from plugin Boogie Preprocessor for "47.bpl de.uni_freiburg.informatik.ultimate.boogie.parser AST 02.05 08:14:06" (1/1) ...
[2019-05-02 20:14:06,242 INFO  L132        PluginConnector]: ------------------------ END Boogie Preprocessor----------------------------
[2019-05-02 20:14:06,243 INFO  L113        PluginConnector]: ------------------------RCFGBuilder----------------------------
[2019-05-02 20:14:06,243 INFO  L271        PluginConnector]: Initializing RCFGBuilder...
[2019-05-02 20:14:06,243 INFO  L276        PluginConnector]: RCFGBuilder initialized
[2019-05-02 20:14:06,244 INFO  L185        PluginConnector]: Executing the observer RCFGBuilderObserver from plugin RCFGBuilder for "47.bpl de.uni_freiburg.informatik.ultimate.boogie.parser AST 02.05 08:14:06" (1/1) ...
No working directory specified, using /home/xuechao/xuechao/work/Lab/Termination/Lasso-Ranker/z3
Starting monitored process 1 with z3 SMTLIB2_COMPLIANT=true -memory:1024 -smt2 -in -t:12000 (exit command is (exit), workingDir is null)
Waiting until toolchain timeout for monitored process 1 with z3 SMTLIB2_COMPLIANT=true -memory:1024 -smt2 -in -t:12000
[2019-05-02 20:14:06,283 INFO  L124     BoogieDeclarations]: Specification and implementation of procedure cyclic given in one single declaration
[2019-05-02 20:14:06,283 INFO  L130     BoogieDeclarations]: Found specification of procedure cyclic
[2019-05-02 20:14:06,284 INFO  L138     BoogieDeclarations]: Found implementation of procedure cyclic
[2019-05-02 20:14:06,389 INFO  L278             CfgBuilder]: Using library mode
[2019-05-02 20:14:06,389 INFO  L286             CfgBuilder]: Removed 0 assue(true) statements.
[2019-05-02 20:14:06,390 INFO  L202        PluginConnector]: Adding new model 47.bpl de.uni_freiburg.informatik.ultimate.plugins.generator.rcfgbuilder CFG 02.05 08:14:06 BoogieIcfgContainer
[2019-05-02 20:14:06,390 INFO  L132        PluginConnector]: ------------------------ END RCFGBuilder----------------------------
[2019-05-02 20:14:06,391 INFO  L113        PluginConnector]: ------------------------LassoRanker----------------------------
[2019-05-02 20:14:06,391 INFO  L271        PluginConnector]: Initializing LassoRanker...
[2019-05-02 20:14:06,391 INFO  L276        PluginConnector]: LassoRanker initialized
[2019-05-02 20:14:06,391 INFO  L185        PluginConnector]: Executing the observer LassoRankerObserver from plugin LassoRanker for "47.bpl de.uni_freiburg.informatik.ultimate.plugins.generator.rcfgbuilder CFG 02.05 08:14:06" (1/1) ...
[2019-05-02 20:14:06,414 INFO  L72            BuchiIsEmpty]: Start buchiIsEmpty. Operand 2 states.
[2019-05-02 20:14:06,429 INFO  L131   ngComponentsAnalysis]: Automaton has 1 accepting balls. 1
[2019-05-02 20:14:06,429 INFO  L87            BuchiIsEmpty]: Finished buchiIsEmpty Result is false
[2019-05-02 20:14:06,429 INFO  L119           BuchiIsEmpty]: Starting construction of run
[2019-05-02 20:14:06,435 INFO  L104     BuchiDifferenceFKV]: Start buchiDifferenceFKV. First operand 2 states. Second operand 1 states.
[2019-05-02 20:14:06,443 INFO  L108     BuchiDifferenceFKV]: Finished buchiDifferenceFKV. First operand 2 states. Second operand 1 states. Result 3 states and 4 transitions. Complement of second has 2 states 2 powerset states0 rank states. The highest rank that occured is -1
[2019-05-02 20:14:06,444 INFO  L72            BuchiIsEmpty]: Start buchiIsEmpty. Operand 3 states and 4 transitions.
[2019-05-02 20:14:06,444 INFO  L131   ngComponentsAnalysis]: Automaton has 0 accepting balls. 0
[2019-05-02 20:14:06,444 INFO  L87            BuchiIsEmpty]: Finished buchiIsEmpty Result is true
[2019-05-02 20:14:06,514 INFO  L216          LassoAnalysis]: Preferences:
[2019-05-02 20:14:06,514 INFO  L124   ssoRankerPreferences]: Compute integeral hull: false
[2019-05-02 20:14:06,515 INFO  L125   ssoRankerPreferences]: Enable LassoPartitioneer: true
[2019-05-02 20:14:06,515 INFO  L126   ssoRankerPreferences]: Term annotations enabled: false
[2019-05-02 20:14:06,515 INFO  L127   ssoRankerPreferences]: Use exernal solver: true
[2019-05-02 20:14:06,515 INFO  L128   ssoRankerPreferences]: SMT solver command: z3 -smt2 -in SMTLIB2_COMPLIANT=true
[2019-05-02 20:14:06,515 INFO  L129   ssoRankerPreferences]: Dump SMT script to file: false
[2019-05-02 20:14:06,515 INFO  L130   ssoRankerPreferences]: Path of dumped script: .
[2019-05-02 20:14:06,515 INFO  L131   ssoRankerPreferences]: Filename of dumped script: LassoRankerScript
[2019-05-02 20:14:06,515 INFO  L132   ssoRankerPreferences]: MapElimAlgo: Frank
[2019-05-02 20:14:06,515 INFO  L282          LassoAnalysis]: Starting lasso preprocessing...
[2019-05-02 20:14:06,532 INFO  L141          MapEliminator]: Using MapEliminator with SimplificationTechnique=SIMPLIFY_DDA XnfConversionTechnique=BOTTOM_UP_WITH_LOCAL_SIMPLIFICATION AddInequalities=false OnlyTrivialImplicationsArrayWrite=false OnlyTrivialImplicationsForModifiedArguments=true OnlyArgumentsInFormula=true
[2019-05-02 20:14:06,759 WARN  L181               SmtUtils]: Spent 107.00 ms on a formula simplification. DAG size of input: 26 DAG size of output: 22
[2019-05-02 20:14:06,764 INFO  L300          LassoAnalysis]: Preprocessing complete.
[2019-05-02 20:14:06,764 INFO  L412          LassoAnalysis]: Checking for nontermination...
No working directory specified, using /home/xuechao/xuechao/work/Lab/Termination/Lasso-Ranker/z3
Starting monitored process 2 with z3 -smt2 -in SMTLIB2_COMPLIANT=true (exit command is (exit), workingDir is null)
Waiting until toolchain timeout for monitored process 2 with z3 -smt2 -in SMTLIB2_COMPLIANT=true
[2019-05-02 20:14:06,774 INFO  L151   nArgumentSynthesizer]: Nontermination analysis: LINEAR_WITH_GUESSES Allow bounded executions: true Number of generalized eigenvectors: 0 Nilpotent components: true
[2019-05-02 20:14:06,774 INFO  L163   nArgumentSynthesizer]: Using integer mode.
[2019-05-02 20:14:06,797 INFO  L445          LassoAnalysis]: Proved nontermination for one component.
[2019-05-02 20:14:06,798 INFO  L448          LassoAnalysis]: Non-Termination argument consisting of: Initial state: {cyclic_maxId=-1, cyclic_tmp=0, cyclic_id=-1} Honda state: {cyclic_maxId=-1, cyclic_tmp=0, cyclic_id=-1} Generalized eigenvectors: [] Lambdas: [] Nus: []
[2019-05-02 20:14:06,810 INFO  L132        PluginConnector]: ------------------------ END LassoRanker----------------------------
[2019-05-02 20:14:06,811 INFO  L168              Benchmark]: Toolchain (without parser) took 597.50 ms. Allocated memory is still 514.9 MB. Free memory was 474.9 MB in the beginning and 424.1 MB in the end (delta: 50.8 MB). Peak memory consumption was 50.8 MB. Max. memory is 11.5 GB.
[2019-05-02 20:14:06,812 INFO  L168              Benchmark]: Boogie PL CUP Parser took 0.17 ms. Allocated memory is still 514.9 MB. Free memory is still 476.4 MB. There was no memory consumed. Max. memory is 11.5 GB.
[2019-05-02 20:14:06,812 INFO  L168              Benchmark]: Boogie Preprocessor took 28.62 ms. Allocated memory is still 514.9 MB. Free memory was 474.9 MB in the beginning and 472.2 MB in the end (delta: 2.7 MB). Peak memory consumption was 2.7 MB. Max. memory is 11.5 GB.
[2019-05-02 20:14:06,813 INFO  L168              Benchmark]: RCFGBuilder took 147.26 ms. Allocated memory is still 514.9 MB. Free memory was 472.2 MB in the beginning and 462.6 MB in the end (delta: 9.6 MB). Peak memory consumption was 9.6 MB. Max. memory is 11.5 GB.
[2019-05-02 20:14:06,813 INFO  L168              Benchmark]: LassoRanker took 419.35 ms. Allocated memory is still 514.9 MB. Free memory was 462.6 MB in the beginning and 424.1 MB in the end (delta: 38.5 MB). Peak memory consumption was 38.5 MB. Max. memory is 11.5 GB.
[2019-05-02 20:14:06,816 INFO  L336   ainManager$Toolchain]: #######################  End [Toolchain 1] #######################
 --- Results ---
 * Results from de.uni_freiburg.informatik.ultimate.core:
  - StatisticsResult: Toolchain Benchmarks
    Benchmark results are:
 * Boogie PL CUP Parser took 0.17 ms. Allocated memory is still 514.9 MB. Free memory is still 476.4 MB. There was no memory consumed. Max. memory is 11.5 GB.
 * Boogie Preprocessor took 28.62 ms. Allocated memory is still 514.9 MB. Free memory was 474.9 MB in the beginning and 472.2 MB in the end (delta: 2.7 MB). Peak memory consumption was 2.7 MB. Max. memory is 11.5 GB.
 * RCFGBuilder took 147.26 ms. Allocated memory is still 514.9 MB. Free memory was 472.2 MB in the beginning and 462.6 MB in the end (delta: 9.6 MB). Peak memory consumption was 9.6 MB. Max. memory is 11.5 GB.
 * LassoRanker took 419.35 ms. Allocated memory is still 514.9 MB. Free memory was 462.6 MB in the beginning and 424.1 MB in the end (delta: 38.5 MB). Peak memory consumption was 38.5 MB. Max. memory is 11.5 GB.
 * Results from de.uni_freiburg.informatik.ultimate.plugins.analysis.lassoranker:
  - StatisticsResult: NonterminationArgumentStatistics
    Fixpoint 0GEVs Lambdas: [] Mus: []
  - GeometricNonTerminationArgumentResult [Line: 14]: Nontermination argument in form of an infinite program execution.
    Nontermination argument in form of an infinite execution
State at position 0 is
{id=-1, maxId=-1, tmp=0}
State at position 1 is
{id=-1, maxId=-1, tmp=0}
For i>1, the state at position i is
{id=-1 + sum_{k=0}^i 0, maxId=-1 + sum_{k=0}^i 0, tmp=0 + sum_{k=0}^i 0}
RESULT: Ultimate could not prove your program: Toolchain returned no result.
Received shutdown request...
