This is Ultimate 0.1.24-16d85fa
[2019-05-02 20:14:15,328 INFO  L170        SettingsManager]: Resetting all preferences to default values...
[2019-05-02 20:14:15,329 INFO  L174        SettingsManager]: Resetting UltimateCore preferences to default values
[2019-05-02 20:14:15,339 INFO  L177        SettingsManager]: Ultimate Commandline Interface provides no preferences, ignoring...
[2019-05-02 20:14:15,339 INFO  L174        SettingsManager]: Resetting Boogie Preprocessor preferences to default values
[2019-05-02 20:14:15,340 INFO  L174        SettingsManager]: Resetting Boogie Procedure Inliner preferences to default values
[2019-05-02 20:14:15,341 INFO  L174        SettingsManager]: Resetting Abstract Interpretation preferences to default values
[2019-05-02 20:14:15,342 INFO  L174        SettingsManager]: Resetting LassoRanker preferences to default values
[2019-05-02 20:14:15,343 INFO  L174        SettingsManager]: Resetting Reaching Definitions preferences to default values
[2019-05-02 20:14:15,344 INFO  L174        SettingsManager]: Resetting SyntaxChecker preferences to default values
[2019-05-02 20:14:15,344 INFO  L177        SettingsManager]: Büchi Program Product provides no preferences, ignoring...
[2019-05-02 20:14:15,344 INFO  L174        SettingsManager]: Resetting LTL2Aut preferences to default values
[2019-05-02 20:14:15,345 INFO  L174        SettingsManager]: Resetting PEA to Boogie preferences to default values
[2019-05-02 20:14:15,346 INFO  L174        SettingsManager]: Resetting BlockEncodingV2 preferences to default values
[2019-05-02 20:14:15,346 INFO  L174        SettingsManager]: Resetting ChcToBoogie preferences to default values
[2019-05-02 20:14:15,347 INFO  L174        SettingsManager]: Resetting AutomataScriptInterpreter preferences to default values
[2019-05-02 20:14:15,347 INFO  L174        SettingsManager]: Resetting BuchiAutomizer preferences to default values
[2019-05-02 20:14:15,348 INFO  L174        SettingsManager]: Resetting CACSL2BoogieTranslator preferences to default values
[2019-05-02 20:14:15,350 INFO  L174        SettingsManager]: Resetting CodeCheck preferences to default values
[2019-05-02 20:14:15,351 INFO  L174        SettingsManager]: Resetting InvariantSynthesis preferences to default values
[2019-05-02 20:14:15,352 INFO  L174        SettingsManager]: Resetting RCFGBuilder preferences to default values
[2019-05-02 20:14:15,352 INFO  L174        SettingsManager]: Resetting TraceAbstraction preferences to default values
[2019-05-02 20:14:15,354 INFO  L177        SettingsManager]: TraceAbstractionConcurrent provides no preferences, ignoring...
[2019-05-02 20:14:15,354 INFO  L177        SettingsManager]: TraceAbstractionWithAFAs provides no preferences, ignoring...
[2019-05-02 20:14:15,354 INFO  L174        SettingsManager]: Resetting TreeAutomizer preferences to default values
[2019-05-02 20:14:15,355 INFO  L174        SettingsManager]: Resetting IcfgTransformer preferences to default values
[2019-05-02 20:14:15,355 INFO  L174        SettingsManager]: Resetting Boogie Printer preferences to default values
[2019-05-02 20:14:15,356 INFO  L174        SettingsManager]: Resetting ReqPrinter preferences to default values
[2019-05-02 20:14:15,356 INFO  L174        SettingsManager]: Resetting Witness Printer preferences to default values
[2019-05-02 20:14:15,357 INFO  L177        SettingsManager]: Boogie PL CUP Parser provides no preferences, ignoring...
[2019-05-02 20:14:15,357 INFO  L174        SettingsManager]: Resetting CDTParser preferences to default values
[2019-05-02 20:14:15,358 INFO  L177        SettingsManager]: AutomataScriptParser provides no preferences, ignoring...
[2019-05-02 20:14:15,358 INFO  L177        SettingsManager]: ReqParser provides no preferences, ignoring...
[2019-05-02 20:14:15,358 INFO  L174        SettingsManager]: Resetting SmtParser preferences to default values
[2019-05-02 20:14:15,358 INFO  L174        SettingsManager]: Resetting Witness Parser preferences to default values
[2019-05-02 20:14:15,359 INFO  L181        SettingsManager]: Finished resetting all preferences to default values...
[2019-05-02 20:14:15,375 INFO  L81    nceAwareModelManager]: Repository-Root is: /tmp
[2019-05-02 20:14:15,383 INFO  L258   ainManager$Toolchain]: [Toolchain 1]: Applicable parser(s) successfully (re)initialized
[2019-05-02 20:14:15,385 INFO  L214   ainManager$Toolchain]: [Toolchain 1]: Toolchain selected.
[2019-05-02 20:14:15,386 INFO  L271        PluginConnector]: Initializing Boogie PL CUP Parser...
[2019-05-02 20:14:15,387 INFO  L276        PluginConnector]: Boogie PL CUP Parser initialized
[2019-05-02 20:14:15,387 INFO  L418   ainManager$Toolchain]: [Toolchain 1]: Parsing single file: /home/xuechao/xuechao/work/Lab/Termination/Lasso-Ranker/Program_non/50.bpl
[2019-05-02 20:14:15,388 INFO  L111           BoogieParser]: Parsing: '/home/xuechao/xuechao/work/Lab/Termination/Lasso-Ranker/Program_non/50.bpl'
[2019-05-02 20:14:15,409 INFO  L296   ainManager$Toolchain]: ####################### [Toolchain 1] #######################
[2019-05-02 20:14:15,410 INFO  L131        ToolchainWalker]: Walking toolchain with 3 elements.
[2019-05-02 20:14:15,410 INFO  L113        PluginConnector]: ------------------------Boogie Preprocessor----------------------------
[2019-05-02 20:14:15,410 INFO  L271        PluginConnector]: Initializing Boogie Preprocessor...
[2019-05-02 20:14:15,410 INFO  L276        PluginConnector]: Boogie Preprocessor initialized
[2019-05-02 20:14:15,426 INFO  L185        PluginConnector]: Executing the observer EnsureBoogieModelObserver from plugin Boogie Preprocessor for "50.bpl de.uni_freiburg.informatik.ultimate.boogie.parser AST 02.05 08:14:15" (1/1) ...
[2019-05-02 20:14:15,427 INFO  L185        PluginConnector]: Executing the observer TypeChecker from plugin Boogie Preprocessor for "50.bpl de.uni_freiburg.informatik.ultimate.boogie.parser AST 02.05 08:14:15" (1/1) ...
[2019-05-02 20:14:15,432 INFO  L185        PluginConnector]: Executing the observer ConstExpander from plugin Boogie Preprocessor for "50.bpl de.uni_freiburg.informatik.ultimate.boogie.parser AST 02.05 08:14:15" (1/1) ...
[2019-05-02 20:14:15,432 INFO  L185        PluginConnector]: Executing the observer StructExpander from plugin Boogie Preprocessor for "50.bpl de.uni_freiburg.informatik.ultimate.boogie.parser AST 02.05 08:14:15" (1/1) ...
[2019-05-02 20:14:15,433 INFO  L185        PluginConnector]: Executing the observer UnstructureCode from plugin Boogie Preprocessor for "50.bpl de.uni_freiburg.informatik.ultimate.boogie.parser AST 02.05 08:14:15" (1/1) ...
[2019-05-02 20:14:15,436 INFO  L185        PluginConnector]: Executing the observer FunctionInliner from plugin Boogie Preprocessor for "50.bpl de.uni_freiburg.informatik.ultimate.boogie.parser AST 02.05 08:14:15" (1/1) ...
[2019-05-02 20:14:15,436 INFO  L185        PluginConnector]: Executing the observer BoogieSymbolTableConstructor from plugin Boogie Preprocessor for "50.bpl de.uni_freiburg.informatik.ultimate.boogie.parser AST 02.05 08:14:15" (1/1) ...
[2019-05-02 20:14:15,437 INFO  L132        PluginConnector]: ------------------------ END Boogie Preprocessor----------------------------
[2019-05-02 20:14:15,438 INFO  L113        PluginConnector]: ------------------------RCFGBuilder----------------------------
[2019-05-02 20:14:15,438 INFO  L271        PluginConnector]: Initializing RCFGBuilder...
[2019-05-02 20:14:15,438 INFO  L276        PluginConnector]: RCFGBuilder initialized
[2019-05-02 20:14:15,439 INFO  L185        PluginConnector]: Executing the observer RCFGBuilderObserver from plugin RCFGBuilder for "50.bpl de.uni_freiburg.informatik.ultimate.boogie.parser AST 02.05 08:14:15" (1/1) ...
No working directory specified, using /home/xuechao/xuechao/work/Lab/Termination/Lasso-Ranker/z3
Starting monitored process 1 with z3 SMTLIB2_COMPLIANT=true -memory:1024 -smt2 -in -t:12000 (exit command is (exit), workingDir is null)
Waiting until toolchain timeout for monitored process 1 with z3 SMTLIB2_COMPLIANT=true -memory:1024 -smt2 -in -t:12000
[2019-05-02 20:14:15,477 INFO  L124     BoogieDeclarations]: Specification and implementation of procedure main given in one single declaration
[2019-05-02 20:14:15,478 INFO  L130     BoogieDeclarations]: Found specification of procedure main
[2019-05-02 20:14:15,478 INFO  L138     BoogieDeclarations]: Found implementation of procedure main
[2019-05-02 20:14:15,573 INFO  L278             CfgBuilder]: Using library mode
[2019-05-02 20:14:15,573 INFO  L286             CfgBuilder]: Removed 0 assue(true) statements.
[2019-05-02 20:14:15,574 INFO  L202        PluginConnector]: Adding new model 50.bpl de.uni_freiburg.informatik.ultimate.plugins.generator.rcfgbuilder CFG 02.05 08:14:15 BoogieIcfgContainer
[2019-05-02 20:14:15,574 INFO  L132        PluginConnector]: ------------------------ END RCFGBuilder----------------------------
[2019-05-02 20:14:15,574 INFO  L113        PluginConnector]: ------------------------LassoRanker----------------------------
[2019-05-02 20:14:15,574 INFO  L271        PluginConnector]: Initializing LassoRanker...
[2019-05-02 20:14:15,575 INFO  L276        PluginConnector]: LassoRanker initialized
[2019-05-02 20:14:15,575 INFO  L185        PluginConnector]: Executing the observer LassoRankerObserver from plugin LassoRanker for "50.bpl de.uni_freiburg.informatik.ultimate.plugins.generator.rcfgbuilder CFG 02.05 08:14:15" (1/1) ...
[2019-05-02 20:14:15,597 INFO  L72            BuchiIsEmpty]: Start buchiIsEmpty. Operand 2 states.
[2019-05-02 20:14:15,613 INFO  L131   ngComponentsAnalysis]: Automaton has 1 accepting balls. 1
[2019-05-02 20:14:15,613 INFO  L87            BuchiIsEmpty]: Finished buchiIsEmpty Result is false
[2019-05-02 20:14:15,613 INFO  L119           BuchiIsEmpty]: Starting construction of run
[2019-05-02 20:14:15,619 INFO  L104     BuchiDifferenceFKV]: Start buchiDifferenceFKV. First operand 2 states. Second operand 1 states.
[2019-05-02 20:14:15,627 INFO  L108     BuchiDifferenceFKV]: Finished buchiDifferenceFKV. First operand 2 states. Second operand 1 states. Result 3 states and 4 transitions. Complement of second has 2 states 2 powerset states0 rank states. The highest rank that occured is -1
[2019-05-02 20:14:15,628 INFO  L72            BuchiIsEmpty]: Start buchiIsEmpty. Operand 3 states and 4 transitions.
[2019-05-02 20:14:15,628 INFO  L131   ngComponentsAnalysis]: Automaton has 0 accepting balls. 0
[2019-05-02 20:14:15,628 INFO  L87            BuchiIsEmpty]: Finished buchiIsEmpty Result is true
[2019-05-02 20:14:15,677 INFO  L216          LassoAnalysis]: Preferences:
[2019-05-02 20:14:15,678 INFO  L124   ssoRankerPreferences]: Compute integeral hull: false
[2019-05-02 20:14:15,678 INFO  L125   ssoRankerPreferences]: Enable LassoPartitioneer: true
[2019-05-02 20:14:15,678 INFO  L126   ssoRankerPreferences]: Term annotations enabled: false
[2019-05-02 20:14:15,679 INFO  L127   ssoRankerPreferences]: Use exernal solver: true
[2019-05-02 20:14:15,679 INFO  L128   ssoRankerPreferences]: SMT solver command: z3 -smt2 -in SMTLIB2_COMPLIANT=true
[2019-05-02 20:14:15,679 INFO  L129   ssoRankerPreferences]: Dump SMT script to file: false
[2019-05-02 20:14:15,679 INFO  L130   ssoRankerPreferences]: Path of dumped script: .
[2019-05-02 20:14:15,679 INFO  L131   ssoRankerPreferences]: Filename of dumped script: LassoRankerScript
[2019-05-02 20:14:15,679 INFO  L132   ssoRankerPreferences]: MapElimAlgo: Frank
[2019-05-02 20:14:15,679 INFO  L282          LassoAnalysis]: Starting lasso preprocessing...
[2019-05-02 20:14:15,694 INFO  L141          MapEliminator]: Using MapEliminator with SimplificationTechnique=SIMPLIFY_DDA XnfConversionTechnique=BOTTOM_UP_WITH_LOCAL_SIMPLIFICATION AddInequalities=false OnlyTrivialImplicationsArrayWrite=false OnlyTrivialImplicationsForModifiedArguments=true OnlyArgumentsInFormula=true
[2019-05-02 20:14:15,764 INFO  L300          LassoAnalysis]: Preprocessing complete.
[2019-05-02 20:14:15,764 INFO  L412          LassoAnalysis]: Checking for nontermination...
No working directory specified, using /home/xuechao/xuechao/work/Lab/Termination/Lasso-Ranker/z3
Starting monitored process 2 with z3 -smt2 -in SMTLIB2_COMPLIANT=true (exit command is (exit), workingDir is null)
Waiting until toolchain timeout for monitored process 2 with z3 -smt2 -in SMTLIB2_COMPLIANT=true
[2019-05-02 20:14:15,768 INFO  L151   nArgumentSynthesizer]: Nontermination analysis: LINEAR_WITH_GUESSES Allow bounded executions: true Number of generalized eigenvectors: 0 Nilpotent components: true
[2019-05-02 20:14:15,768 INFO  L163   nArgumentSynthesizer]: Using integer mode.
No working directory specified, using /home/xuechao/xuechao/work/Lab/Termination/Lasso-Ranker/z3
Starting monitored process 3 with z3 -smt2 -in SMTLIB2_COMPLIANT=true (exit command is (exit), workingDir is null)
Waiting until toolchain timeout for monitored process 3 with z3 -smt2 -in SMTLIB2_COMPLIANT=true
[2019-05-02 20:14:15,789 INFO  L151   nArgumentSynthesizer]: Nontermination analysis: LINEAR_WITH_GUESSES Allow bounded executions: true Number of generalized eigenvectors: 3 Nilpotent components: true
[2019-05-02 20:14:15,789 INFO  L163   nArgumentSynthesizer]: Using integer mode.
[2019-05-02 20:14:15,812 INFO  L452          LassoAnalysis]: Proving nontermination failed: No geometric nontermination argument exists.
[2019-05-02 20:14:15,813 INFO  L216          LassoAnalysis]: Preferences:
[2019-05-02 20:14:15,813 INFO  L124   ssoRankerPreferences]: Compute integeral hull: false
[2019-05-02 20:14:15,813 INFO  L125   ssoRankerPreferences]: Enable LassoPartitioneer: true
[2019-05-02 20:14:15,814 INFO  L126   ssoRankerPreferences]: Term annotations enabled: false
[2019-05-02 20:14:15,814 INFO  L127   ssoRankerPreferences]: Use exernal solver: true
[2019-05-02 20:14:15,814 INFO  L128   ssoRankerPreferences]: SMT solver command: z3 -smt2 -in SMTLIB2_COMPLIANT=true
[2019-05-02 20:14:15,814 INFO  L129   ssoRankerPreferences]: Dump SMT script to file: false
[2019-05-02 20:14:15,814 INFO  L130   ssoRankerPreferences]: Path of dumped script: .
[2019-05-02 20:14:15,814 INFO  L131   ssoRankerPreferences]: Filename of dumped script: LassoRankerScript
[2019-05-02 20:14:15,814 INFO  L132   ssoRankerPreferences]: MapElimAlgo: Frank
[2019-05-02 20:14:15,814 INFO  L282          LassoAnalysis]: Starting lasso preprocessing...
[2019-05-02 20:14:15,815 INFO  L141          MapEliminator]: Using MapEliminator with SimplificationTechnique=SIMPLIFY_DDA XnfConversionTechnique=BOTTOM_UP_WITH_LOCAL_SIMPLIFICATION AddInequalities=false OnlyTrivialImplicationsArrayWrite=false OnlyTrivialImplicationsForModifiedArguments=true OnlyArgumentsInFormula=true
[2019-05-02 20:14:15,857 INFO  L300          LassoAnalysis]: Preprocessing complete.
[2019-05-02 20:14:15,860 INFO  L497          LassoAnalysis]: Using template 'affine'.
No working directory specified, using /home/xuechao/xuechao/work/Lab/Termination/Lasso-Ranker/z3
Starting monitored process 4 with z3 -smt2 -in SMTLIB2_COMPLIANT=true (exit command is (exit), workingDir is null)
Waiting until toolchain timeout for monitored process 4 with z3 -smt2 -in SMTLIB2_COMPLIANT=true
[2019-05-02 20:14:15,863 INFO  L122   nArgumentSynthesizer]: Termination Analysis Settings:
Termination analysis: LINEAR_WITH_GUESSES
Number of strict supporting invariants: 1
Number of non-strict supporting invariants: 0
Consider only non-deceasing supporting invariants: true
Simplify termination arguments: true
Simplify supporting invariants: trueOverapproximate stem: false
[2019-05-02 20:14:15,865 INFO  L339   nArgumentSynthesizer]: Template has degree 0.
[2019-05-02 20:14:15,865 INFO  L352   nArgumentSynthesizer]: There is no stem transition; disabling supporting invariant generation.
[2019-05-02 20:14:15,865 INFO  L205   nArgumentSynthesizer]: 1 stem disjuncts
[2019-05-02 20:14:15,866 INFO  L206   nArgumentSynthesizer]: 1 loop disjuncts
[2019-05-02 20:14:15,866 INFO  L207   nArgumentSynthesizer]: 2 template conjuncts.
[2019-05-02 20:14:15,868 INFO  L402   nArgumentSynthesizer]: We have 2 Motzkin's Theorem applications.
[2019-05-02 20:14:15,868 INFO  L403   nArgumentSynthesizer]: A total of 0 supporting invariants were added.
[2019-05-02 20:14:15,874 INFO  L530          LassoAnalysis]: Proving termination failed for this template and these settings.
[2019-05-02 20:14:15,888 INFO  L497          LassoAnalysis]: Using template '2-nested'.
No working directory specified, using /home/xuechao/xuechao/work/Lab/Termination/Lasso-Ranker/z3
Starting monitored process 5 with z3 -smt2 -in SMTLIB2_COMPLIANT=true (exit command is (exit), workingDir is null)
Waiting until toolchain timeout for monitored process 5 with z3 -smt2 -in SMTLIB2_COMPLIANT=true
[2019-05-02 20:14:15,896 INFO  L122   nArgumentSynthesizer]: Termination Analysis Settings:
Termination analysis: LINEAR_WITH_GUESSES
Number of strict supporting invariants: 1
Number of non-strict supporting invariants: 0
Consider only non-deceasing supporting invariants: true
Simplify termination arguments: true
Simplify supporting invariants: trueOverapproximate stem: false
[2019-05-02 20:14:15,897 INFO  L339   nArgumentSynthesizer]: Template has degree 0.
[2019-05-02 20:14:15,898 INFO  L352   nArgumentSynthesizer]: There is no stem transition; disabling supporting invariant generation.
[2019-05-02 20:14:15,898 INFO  L205   nArgumentSynthesizer]: 1 stem disjuncts
[2019-05-02 20:14:15,898 INFO  L206   nArgumentSynthesizer]: 1 loop disjuncts
[2019-05-02 20:14:15,898 INFO  L207   nArgumentSynthesizer]: 3 template conjuncts.
[2019-05-02 20:14:15,900 INFO  L402   nArgumentSynthesizer]: We have 3 Motzkin's Theorem applications.
[2019-05-02 20:14:15,900 INFO  L403   nArgumentSynthesizer]: A total of 0 supporting invariants were added.
[2019-05-02 20:14:15,902 INFO  L530          LassoAnalysis]: Proving termination failed for this template and these settings.
[2019-05-02 20:14:15,916 INFO  L497          LassoAnalysis]: Using template '3-nested'.
No working directory specified, using /home/xuechao/xuechao/work/Lab/Termination/Lasso-Ranker/z3
Starting monitored process 6 with z3 -smt2 -in SMTLIB2_COMPLIANT=true (exit command is (exit), workingDir is null)
Waiting until toolchain timeout for monitored process 6 with z3 -smt2 -in SMTLIB2_COMPLIANT=true
[2019-05-02 20:14:15,918 INFO  L122   nArgumentSynthesizer]: Termination Analysis Settings:
Termination analysis: LINEAR_WITH_GUESSES
Number of strict supporting invariants: 1
Number of non-strict supporting invariants: 0
Consider only non-deceasing supporting invariants: true
Simplify termination arguments: true
Simplify supporting invariants: trueOverapproximate stem: false
[2019-05-02 20:14:15,919 INFO  L339   nArgumentSynthesizer]: Template has degree 0.
[2019-05-02 20:14:15,919 INFO  L352   nArgumentSynthesizer]: There is no stem transition; disabling supporting invariant generation.
[2019-05-02 20:14:15,920 INFO  L205   nArgumentSynthesizer]: 1 stem disjuncts
[2019-05-02 20:14:15,920 INFO  L206   nArgumentSynthesizer]: 1 loop disjuncts
[2019-05-02 20:14:15,920 INFO  L207   nArgumentSynthesizer]: 4 template conjuncts.
[2019-05-02 20:14:15,927 INFO  L402   nArgumentSynthesizer]: We have 4 Motzkin's Theorem applications.
[2019-05-02 20:14:15,927 INFO  L403   nArgumentSynthesizer]: A total of 0 supporting invariants were added.
[2019-05-02 20:14:15,929 INFO  L530          LassoAnalysis]: Proving termination failed for this template and these settings.
[2019-05-02 20:14:15,943 INFO  L497          LassoAnalysis]: Using template '4-nested'.
No working directory specified, using /home/xuechao/xuechao/work/Lab/Termination/Lasso-Ranker/z3
Starting monitored process 7 with z3 -smt2 -in SMTLIB2_COMPLIANT=true (exit command is (exit), workingDir is null)
Waiting until toolchain timeout for monitored process 7 with z3 -smt2 -in SMTLIB2_COMPLIANT=true
[2019-05-02 20:14:15,948 INFO  L122   nArgumentSynthesizer]: Termination Analysis Settings:
Termination analysis: LINEAR_WITH_GUESSES
Number of strict supporting invariants: 1
Number of non-strict supporting invariants: 0
Consider only non-deceasing supporting invariants: true
Simplify termination arguments: true
Simplify supporting invariants: trueOverapproximate stem: false
[2019-05-02 20:14:15,950 INFO  L339   nArgumentSynthesizer]: Template has degree 0.
[2019-05-02 20:14:15,950 INFO  L352   nArgumentSynthesizer]: There is no stem transition; disabling supporting invariant generation.
[2019-05-02 20:14:15,951 INFO  L205   nArgumentSynthesizer]: 1 stem disjuncts
[2019-05-02 20:14:15,951 INFO  L206   nArgumentSynthesizer]: 1 loop disjuncts
[2019-05-02 20:14:15,951 INFO  L207   nArgumentSynthesizer]: 5 template conjuncts.
[2019-05-02 20:14:15,953 INFO  L402   nArgumentSynthesizer]: We have 5 Motzkin's Theorem applications.
[2019-05-02 20:14:15,954 INFO  L403   nArgumentSynthesizer]: A total of 0 supporting invariants were added.
[2019-05-02 20:14:15,956 INFO  L530          LassoAnalysis]: Proving termination failed for this template and these settings.
[2019-05-02 20:14:15,971 INFO  L497          LassoAnalysis]: Using template '2-phase'.
No working directory specified, using /home/xuechao/xuechao/work/Lab/Termination/Lasso-Ranker/z3
Starting monitored process 8 with z3 -smt2 -in SMTLIB2_COMPLIANT=true (exit command is (exit), workingDir is null)
Waiting until toolchain timeout for monitored process 8 with z3 -smt2 -in SMTLIB2_COMPLIANT=true
[2019-05-02 20:14:15,979 INFO  L122   nArgumentSynthesizer]: Termination Analysis Settings:
Termination analysis: LINEAR_WITH_GUESSES
Number of strict supporting invariants: 1
Number of non-strict supporting invariants: 0
Consider only non-deceasing supporting invariants: true
Simplify termination arguments: true
Simplify supporting invariants: trueOverapproximate stem: false
[2019-05-02 20:14:15,981 WARN  L334   nArgumentSynthesizer]: Using a linear SMT query and a templates of degree > 0, hence this method is incomplete.
[2019-05-02 20:14:15,981 INFO  L339   nArgumentSynthesizer]: Template has degree 1.
[2019-05-02 20:14:15,981 INFO  L352   nArgumentSynthesizer]: There is no stem transition; disabling supporting invariant generation.
[2019-05-02 20:14:15,981 INFO  L205   nArgumentSynthesizer]: 1 stem disjuncts
[2019-05-02 20:14:15,981 INFO  L206   nArgumentSynthesizer]: 1 loop disjuncts
[2019-05-02 20:14:15,981 INFO  L207   nArgumentSynthesizer]: 3 template conjuncts.
[2019-05-02 20:14:15,986 INFO  L402   nArgumentSynthesizer]: We have 3 Motzkin's Theorem applications.
[2019-05-02 20:14:15,986 INFO  L403   nArgumentSynthesizer]: A total of 0 supporting invariants were added.
[2019-05-02 20:14:15,990 INFO  L530          LassoAnalysis]: Proving termination failed for this template and these settings.
[2019-05-02 20:14:16,004 INFO  L497          LassoAnalysis]: Using template 'lex(affine, affine)'.
No working directory specified, using /home/xuechao/xuechao/work/Lab/Termination/Lasso-Ranker/z3
Starting monitored process 9 with z3 -smt2 -in SMTLIB2_COMPLIANT=true (exit command is (exit), workingDir is null)
Waiting until toolchain timeout for monitored process 9 with z3 -smt2 -in SMTLIB2_COMPLIANT=true
[2019-05-02 20:14:16,010 INFO  L122   nArgumentSynthesizer]: Termination Analysis Settings:
Termination analysis: LINEAR_WITH_GUESSES
Number of strict supporting invariants: 1
Number of non-strict supporting invariants: 0
Consider only non-deceasing supporting invariants: true
Simplify termination arguments: true
Simplify supporting invariants: trueOverapproximate stem: false
[2019-05-02 20:14:16,012 WARN  L334   nArgumentSynthesizer]: Using a linear SMT query and a templates of degree > 0, hence this method is incomplete.
[2019-05-02 20:14:16,013 INFO  L339   nArgumentSynthesizer]: Template has degree 5.
[2019-05-02 20:14:16,013 INFO  L352   nArgumentSynthesizer]: There is no stem transition; disabling supporting invariant generation.
[2019-05-02 20:14:16,013 INFO  L205   nArgumentSynthesizer]: 1 stem disjuncts
[2019-05-02 20:14:16,013 INFO  L206   nArgumentSynthesizer]: 1 loop disjuncts
[2019-05-02 20:14:16,014 INFO  L207   nArgumentSynthesizer]: 4 template conjuncts.
[2019-05-02 20:14:16,023 INFO  L402   nArgumentSynthesizer]: We have 4 Motzkin's Theorem applications.
[2019-05-02 20:14:16,023 INFO  L403   nArgumentSynthesizer]: A total of 0 supporting invariants were added.
[2019-05-02 20:14:16,030 INFO  L530          LassoAnalysis]: Proving termination failed for this template and these settings.
[2019-05-02 20:14:16,043 INFO  L497          LassoAnalysis]: Using template '2-piece'.
No working directory specified, using /home/xuechao/xuechao/work/Lab/Termination/Lasso-Ranker/z3
Starting monitored process 10 with z3 -smt2 -in SMTLIB2_COMPLIANT=true (exit command is (exit), workingDir is null)
Waiting until toolchain timeout for monitored process 10 with z3 -smt2 -in SMTLIB2_COMPLIANT=true
[2019-05-02 20:14:16,046 INFO  L122   nArgumentSynthesizer]: Termination Analysis Settings:
Termination analysis: LINEAR_WITH_GUESSES
Number of strict supporting invariants: 1
Number of non-strict supporting invariants: 0
Consider only non-deceasing supporting invariants: true
Simplify termination arguments: true
Simplify supporting invariants: trueOverapproximate stem: false
[2019-05-02 20:14:16,048 WARN  L334   nArgumentSynthesizer]: Using a linear SMT query and a templates of degree > 0, hence this method is incomplete.
[2019-05-02 20:14:16,048 INFO  L339   nArgumentSynthesizer]: Template has degree 7.
[2019-05-02 20:14:16,048 INFO  L352   nArgumentSynthesizer]: There is no stem transition; disabling supporting invariant generation.
[2019-05-02 20:14:16,048 INFO  L205   nArgumentSynthesizer]: 1 stem disjuncts
[2019-05-02 20:14:16,048 INFO  L206   nArgumentSynthesizer]: 1 loop disjuncts
[2019-05-02 20:14:16,048 INFO  L207   nArgumentSynthesizer]: 7 template conjuncts.
[2019-05-02 20:14:16,058 INFO  L402   nArgumentSynthesizer]: We have 7 Motzkin's Theorem applications.
[2019-05-02 20:14:16,058 INFO  L403   nArgumentSynthesizer]: A total of 0 supporting invariants were added.
[2019-05-02 20:14:30,623 INFO  L530          LassoAnalysis]: Proving termination failed for this template and these settings.
[2019-05-02 20:14:30,636 INFO  L497          LassoAnalysis]: Using template '2-parallel'.
No working directory specified, using /home/xuechao/xuechao/work/Lab/Termination/Lasso-Ranker/z3
Starting monitored process 11 with z3 -smt2 -in SMTLIB2_COMPLIANT=true (exit command is (exit), workingDir is null)
Waiting until toolchain timeout for monitored process 11 with z3 -smt2 -in SMTLIB2_COMPLIANT=true
[2019-05-02 20:14:30,638 INFO  L122   nArgumentSynthesizer]: Termination Analysis Settings:
Termination analysis: LINEAR_WITH_GUESSES
Number of strict supporting invariants: 1
Number of non-strict supporting invariants: 0
Consider only non-deceasing supporting invariants: true
Simplify termination arguments: true
Simplify supporting invariants: trueOverapproximate stem: false
[2019-05-02 20:14:30,640 WARN  L334   nArgumentSynthesizer]: Using a linear SMT query and a templates of degree > 0, hence this method is incomplete.
[2019-05-02 20:14:30,641 INFO  L339   nArgumentSynthesizer]: Template has degree 4.
[2019-05-02 20:14:30,641 INFO  L352   nArgumentSynthesizer]: There is no stem transition; disabling supporting invariant generation.
[2019-05-02 20:14:30,641 INFO  L205   nArgumentSynthesizer]: 1 stem disjuncts
[2019-05-02 20:14:30,641 INFO  L206   nArgumentSynthesizer]: 1 loop disjuncts
[2019-05-02 20:14:30,641 INFO  L207   nArgumentSynthesizer]: 6 template conjuncts.
[2019-05-02 20:14:30,645 INFO  L402   nArgumentSynthesizer]: We have 6 Motzkin's Theorem applications.
[2019-05-02 20:14:30,646 INFO  L403   nArgumentSynthesizer]: A total of 0 supporting invariants were added.
[2019-05-02 20:14:30,653 INFO  L530          LassoAnalysis]: Proving termination failed for this template and these settings.
[2019-05-02 20:14:30,669 INFO  L489     LassoRankerStarter]: LassoRanker could not prove termination or nontermination of the given linear lasso program.
Templates: AffineTemplate NestedTemplate NestedTemplate NestedTemplate MultiphaseTemplate ComposedLexicographicTemplate PiecewiseTemplate ParallelTemplate
[2019-05-02 20:14:30,670 INFO  L132        PluginConnector]: ------------------------ END LassoRanker----------------------------
[2019-05-02 20:14:30,670 INFO  L168              Benchmark]: Toolchain (without parser) took 15261.16 ms. Allocated memory is still 514.9 MB. Free memory was 477.6 MB in the beginning and 398.5 MB in the end (delta: 79.1 MB). Peak memory consumption was 79.1 MB. Max. memory is 11.5 GB.
[2019-05-02 20:14:30,671 INFO  L168              Benchmark]: Boogie PL CUP Parser took 0.11 ms. Allocated memory is still 514.9 MB. Free memory is still 479.1 MB. There was no memory consumed. Max. memory is 11.5 GB.
[2019-05-02 20:14:30,672 INFO  L168              Benchmark]: Boogie Preprocessor took 27.47 ms. Allocated memory is still 514.9 MB. Free memory was 477.6 MB in the beginning and 475.0 MB in the end (delta: 2.7 MB). Peak memory consumption was 2.7 MB. Max. memory is 11.5 GB.
[2019-05-02 20:14:30,673 INFO  L168              Benchmark]: RCFGBuilder took 136.16 ms. Allocated memory is still 514.9 MB. Free memory was 475.0 MB in the beginning and 466.7 MB in the end (delta: 8.2 MB). Peak memory consumption was 8.2 MB. Max. memory is 11.5 GB.
[2019-05-02 20:14:30,673 INFO  L168              Benchmark]: LassoRanker took 15095.33 ms. Allocated memory is still 514.9 MB. Free memory was 465.4 MB in the beginning and 398.5 MB in the end (delta: 66.9 MB). Peak memory consumption was 66.9 MB. Max. memory is 11.5 GB.
[2019-05-02 20:14:30,676 INFO  L336   ainManager$Toolchain]: #######################  End [Toolchain 1] #######################
 --- Results ---
 * Results from de.uni_freiburg.informatik.ultimate.core:
  - StatisticsResult: Toolchain Benchmarks
    Benchmark results are:
 * Boogie PL CUP Parser took 0.11 ms. Allocated memory is still 514.9 MB. Free memory is still 479.1 MB. There was no memory consumed. Max. memory is 11.5 GB.
 * Boogie Preprocessor took 27.47 ms. Allocated memory is still 514.9 MB. Free memory was 477.6 MB in the beginning and 475.0 MB in the end (delta: 2.7 MB). Peak memory consumption was 2.7 MB. Max. memory is 11.5 GB.
 * RCFGBuilder took 136.16 ms. Allocated memory is still 514.9 MB. Free memory was 475.0 MB in the beginning and 466.7 MB in the end (delta: 8.2 MB). Peak memory consumption was 8.2 MB. Max. memory is 11.5 GB.
 * LassoRanker took 15095.33 ms. Allocated memory is still 514.9 MB. Free memory was 465.4 MB in the beginning and 398.5 MB in the end (delta: 66.9 MB). Peak memory consumption was 66.9 MB. Max. memory is 11.5 GB.
 * Results from de.uni_freiburg.informatik.ultimate.plugins.analysis.lassoranker:
  - NoResult [Line: 11]: LassoRanker could not prove termination
    LassoRanker could not prove termination or nontermination of the given linear lasso program.
Templates: AffineTemplate NestedTemplate NestedTemplate NestedTemplate MultiphaseTemplate ComposedLexicographicTemplate PiecewiseTemplate ParallelTemplate
RESULT: Ultimate could not prove your program: Toolchain returned no result.
Received shutdown request...
