This is Ultimate 0.1.24-16d85fa
[2019-05-02 20:14:49,138 INFO  L170        SettingsManager]: Resetting all preferences to default values...
[2019-05-02 20:14:49,140 INFO  L174        SettingsManager]: Resetting UltimateCore preferences to default values
[2019-05-02 20:14:49,149 INFO  L177        SettingsManager]: Ultimate Commandline Interface provides no preferences, ignoring...
[2019-05-02 20:14:49,149 INFO  L174        SettingsManager]: Resetting Boogie Preprocessor preferences to default values
[2019-05-02 20:14:49,150 INFO  L174        SettingsManager]: Resetting Boogie Procedure Inliner preferences to default values
[2019-05-02 20:14:49,151 INFO  L174        SettingsManager]: Resetting Abstract Interpretation preferences to default values
[2019-05-02 20:14:49,152 INFO  L174        SettingsManager]: Resetting LassoRanker preferences to default values
[2019-05-02 20:14:49,153 INFO  L174        SettingsManager]: Resetting Reaching Definitions preferences to default values
[2019-05-02 20:14:49,154 INFO  L174        SettingsManager]: Resetting SyntaxChecker preferences to default values
[2019-05-02 20:14:49,155 INFO  L177        SettingsManager]: Büchi Program Product provides no preferences, ignoring...
[2019-05-02 20:14:49,155 INFO  L174        SettingsManager]: Resetting LTL2Aut preferences to default values
[2019-05-02 20:14:49,155 INFO  L174        SettingsManager]: Resetting PEA to Boogie preferences to default values
[2019-05-02 20:14:49,156 INFO  L174        SettingsManager]: Resetting BlockEncodingV2 preferences to default values
[2019-05-02 20:14:49,157 INFO  L174        SettingsManager]: Resetting ChcToBoogie preferences to default values
[2019-05-02 20:14:49,157 INFO  L174        SettingsManager]: Resetting AutomataScriptInterpreter preferences to default values
[2019-05-02 20:14:49,158 INFO  L174        SettingsManager]: Resetting BuchiAutomizer preferences to default values
[2019-05-02 20:14:49,159 INFO  L174        SettingsManager]: Resetting CACSL2BoogieTranslator preferences to default values
[2019-05-02 20:14:49,161 INFO  L174        SettingsManager]: Resetting CodeCheck preferences to default values
[2019-05-02 20:14:49,162 INFO  L174        SettingsManager]: Resetting InvariantSynthesis preferences to default values
[2019-05-02 20:14:49,163 INFO  L174        SettingsManager]: Resetting RCFGBuilder preferences to default values
[2019-05-02 20:14:49,163 INFO  L174        SettingsManager]: Resetting TraceAbstraction preferences to default values
[2019-05-02 20:14:49,165 INFO  L177        SettingsManager]: TraceAbstractionConcurrent provides no preferences, ignoring...
[2019-05-02 20:14:49,165 INFO  L177        SettingsManager]: TraceAbstractionWithAFAs provides no preferences, ignoring...
[2019-05-02 20:14:49,165 INFO  L174        SettingsManager]: Resetting TreeAutomizer preferences to default values
[2019-05-02 20:14:49,166 INFO  L174        SettingsManager]: Resetting IcfgTransformer preferences to default values
[2019-05-02 20:14:49,167 INFO  L174        SettingsManager]: Resetting Boogie Printer preferences to default values
[2019-05-02 20:14:49,167 INFO  L174        SettingsManager]: Resetting ReqPrinter preferences to default values
[2019-05-02 20:14:49,168 INFO  L174        SettingsManager]: Resetting Witness Printer preferences to default values
[2019-05-02 20:14:49,168 INFO  L177        SettingsManager]: Boogie PL CUP Parser provides no preferences, ignoring...
[2019-05-02 20:14:49,169 INFO  L174        SettingsManager]: Resetting CDTParser preferences to default values
[2019-05-02 20:14:49,169 INFO  L177        SettingsManager]: AutomataScriptParser provides no preferences, ignoring...
[2019-05-02 20:14:49,169 INFO  L177        SettingsManager]: ReqParser provides no preferences, ignoring...
[2019-05-02 20:14:49,169 INFO  L174        SettingsManager]: Resetting SmtParser preferences to default values
[2019-05-02 20:14:49,170 INFO  L174        SettingsManager]: Resetting Witness Parser preferences to default values
[2019-05-02 20:14:49,170 INFO  L181        SettingsManager]: Finished resetting all preferences to default values...
[2019-05-02 20:14:49,187 INFO  L81    nceAwareModelManager]: Repository-Root is: /tmp
[2019-05-02 20:14:49,195 INFO  L258   ainManager$Toolchain]: [Toolchain 1]: Applicable parser(s) successfully (re)initialized
[2019-05-02 20:14:49,198 INFO  L214   ainManager$Toolchain]: [Toolchain 1]: Toolchain selected.
[2019-05-02 20:14:49,199 INFO  L271        PluginConnector]: Initializing Boogie PL CUP Parser...
[2019-05-02 20:14:49,199 INFO  L276        PluginConnector]: Boogie PL CUP Parser initialized
[2019-05-02 20:14:49,200 INFO  L418   ainManager$Toolchain]: [Toolchain 1]: Parsing single file: /home/xuechao/xuechao/work/Lab/Termination/Lasso-Ranker/Program_non/61.bpl
[2019-05-02 20:14:49,200 INFO  L111           BoogieParser]: Parsing: '/home/xuechao/xuechao/work/Lab/Termination/Lasso-Ranker/Program_non/61.bpl'
[2019-05-02 20:14:49,221 INFO  L296   ainManager$Toolchain]: ####################### [Toolchain 1] #######################
[2019-05-02 20:14:49,222 INFO  L131        ToolchainWalker]: Walking toolchain with 3 elements.
[2019-05-02 20:14:49,222 INFO  L113        PluginConnector]: ------------------------Boogie Preprocessor----------------------------
[2019-05-02 20:14:49,223 INFO  L271        PluginConnector]: Initializing Boogie Preprocessor...
[2019-05-02 20:14:49,223 INFO  L276        PluginConnector]: Boogie Preprocessor initialized
[2019-05-02 20:14:49,238 INFO  L185        PluginConnector]: Executing the observer EnsureBoogieModelObserver from plugin Boogie Preprocessor for "61.bpl de.uni_freiburg.informatik.ultimate.boogie.parser AST 02.05 08:14:49" (1/1) ...
[2019-05-02 20:14:49,240 INFO  L185        PluginConnector]: Executing the observer TypeChecker from plugin Boogie Preprocessor for "61.bpl de.uni_freiburg.informatik.ultimate.boogie.parser AST 02.05 08:14:49" (1/1) ...
[2019-05-02 20:14:49,244 INFO  L185        PluginConnector]: Executing the observer ConstExpander from plugin Boogie Preprocessor for "61.bpl de.uni_freiburg.informatik.ultimate.boogie.parser AST 02.05 08:14:49" (1/1) ...
[2019-05-02 20:14:49,244 INFO  L185        PluginConnector]: Executing the observer StructExpander from plugin Boogie Preprocessor for "61.bpl de.uni_freiburg.informatik.ultimate.boogie.parser AST 02.05 08:14:49" (1/1) ...
[2019-05-02 20:14:49,246 INFO  L185        PluginConnector]: Executing the observer UnstructureCode from plugin Boogie Preprocessor for "61.bpl de.uni_freiburg.informatik.ultimate.boogie.parser AST 02.05 08:14:49" (1/1) ...
[2019-05-02 20:14:49,248 INFO  L185        PluginConnector]: Executing the observer FunctionInliner from plugin Boogie Preprocessor for "61.bpl de.uni_freiburg.informatik.ultimate.boogie.parser AST 02.05 08:14:49" (1/1) ...
[2019-05-02 20:14:49,249 INFO  L185        PluginConnector]: Executing the observer BoogieSymbolTableConstructor from plugin Boogie Preprocessor for "61.bpl de.uni_freiburg.informatik.ultimate.boogie.parser AST 02.05 08:14:49" (1/1) ...
[2019-05-02 20:14:49,250 INFO  L132        PluginConnector]: ------------------------ END Boogie Preprocessor----------------------------
[2019-05-02 20:14:49,251 INFO  L113        PluginConnector]: ------------------------RCFGBuilder----------------------------
[2019-05-02 20:14:49,251 INFO  L271        PluginConnector]: Initializing RCFGBuilder...
[2019-05-02 20:14:49,251 INFO  L276        PluginConnector]: RCFGBuilder initialized
[2019-05-02 20:14:49,252 INFO  L185        PluginConnector]: Executing the observer RCFGBuilderObserver from plugin RCFGBuilder for "61.bpl de.uni_freiburg.informatik.ultimate.boogie.parser AST 02.05 08:14:49" (1/1) ...
No working directory specified, using /home/xuechao/xuechao/work/Lab/Termination/Lasso-Ranker/z3
Starting monitored process 1 with z3 SMTLIB2_COMPLIANT=true -memory:1024 -smt2 -in -t:12000 (exit command is (exit), workingDir is null)
Waiting until toolchain timeout for monitored process 1 with z3 SMTLIB2_COMPLIANT=true -memory:1024 -smt2 -in -t:12000
[2019-05-02 20:14:49,291 INFO  L124     BoogieDeclarations]: Specification and implementation of procedure MenloPark given in one single declaration
[2019-05-02 20:14:49,291 INFO  L130     BoogieDeclarations]: Found specification of procedure MenloPark
[2019-05-02 20:14:49,291 INFO  L138     BoogieDeclarations]: Found implementation of procedure MenloPark
[2019-05-02 20:14:49,372 INFO  L278             CfgBuilder]: Using library mode
[2019-05-02 20:14:49,373 INFO  L286             CfgBuilder]: Removed 0 assue(true) statements.
[2019-05-02 20:14:49,374 INFO  L202        PluginConnector]: Adding new model 61.bpl de.uni_freiburg.informatik.ultimate.plugins.generator.rcfgbuilder CFG 02.05 08:14:49 BoogieIcfgContainer
[2019-05-02 20:14:49,374 INFO  L132        PluginConnector]: ------------------------ END RCFGBuilder----------------------------
[2019-05-02 20:14:49,374 INFO  L113        PluginConnector]: ------------------------LassoRanker----------------------------
[2019-05-02 20:14:49,374 INFO  L271        PluginConnector]: Initializing LassoRanker...
[2019-05-02 20:14:49,374 INFO  L276        PluginConnector]: LassoRanker initialized
[2019-05-02 20:14:49,375 INFO  L185        PluginConnector]: Executing the observer LassoRankerObserver from plugin LassoRanker for "61.bpl de.uni_freiburg.informatik.ultimate.plugins.generator.rcfgbuilder CFG 02.05 08:14:49" (1/1) ...
[2019-05-02 20:14:49,397 INFO  L72            BuchiIsEmpty]: Start buchiIsEmpty. Operand 2 states.
[2019-05-02 20:14:49,413 INFO  L131   ngComponentsAnalysis]: Automaton has 1 accepting balls. 1
[2019-05-02 20:14:49,413 INFO  L87            BuchiIsEmpty]: Finished buchiIsEmpty Result is false
[2019-05-02 20:14:49,414 INFO  L119           BuchiIsEmpty]: Starting construction of run
[2019-05-02 20:14:49,419 INFO  L104     BuchiDifferenceFKV]: Start buchiDifferenceFKV. First operand 2 states. Second operand 1 states.
[2019-05-02 20:14:49,428 INFO  L108     BuchiDifferenceFKV]: Finished buchiDifferenceFKV. First operand 2 states. Second operand 1 states. Result 3 states and 4 transitions. Complement of second has 2 states 2 powerset states0 rank states. The highest rank that occured is -1
[2019-05-02 20:14:49,428 INFO  L72            BuchiIsEmpty]: Start buchiIsEmpty. Operand 3 states and 4 transitions.
[2019-05-02 20:14:49,428 INFO  L131   ngComponentsAnalysis]: Automaton has 0 accepting balls. 0
[2019-05-02 20:14:49,428 INFO  L87            BuchiIsEmpty]: Finished buchiIsEmpty Result is true
[2019-05-02 20:14:49,497 INFO  L216          LassoAnalysis]: Preferences:
[2019-05-02 20:14:49,498 INFO  L124   ssoRankerPreferences]: Compute integeral hull: false
[2019-05-02 20:14:49,499 INFO  L125   ssoRankerPreferences]: Enable LassoPartitioneer: true
[2019-05-02 20:14:49,499 INFO  L126   ssoRankerPreferences]: Term annotations enabled: false
[2019-05-02 20:14:49,499 INFO  L127   ssoRankerPreferences]: Use exernal solver: true
[2019-05-02 20:14:49,499 INFO  L128   ssoRankerPreferences]: SMT solver command: z3 -smt2 -in SMTLIB2_COMPLIANT=true
[2019-05-02 20:14:49,499 INFO  L129   ssoRankerPreferences]: Dump SMT script to file: false
[2019-05-02 20:14:49,499 INFO  L130   ssoRankerPreferences]: Path of dumped script: .
[2019-05-02 20:14:49,499 INFO  L131   ssoRankerPreferences]: Filename of dumped script: LassoRankerScript
[2019-05-02 20:14:49,499 INFO  L132   ssoRankerPreferences]: MapElimAlgo: Frank
[2019-05-02 20:14:49,500 INFO  L282          LassoAnalysis]: Starting lasso preprocessing...
[2019-05-02 20:14:49,515 INFO  L141          MapEliminator]: Using MapEliminator with SimplificationTechnique=SIMPLIFY_DDA XnfConversionTechnique=BOTTOM_UP_WITH_LOCAL_SIMPLIFICATION AddInequalities=false OnlyTrivialImplicationsArrayWrite=false OnlyTrivialImplicationsForModifiedArguments=true OnlyArgumentsInFormula=true
[2019-05-02 20:14:49,577 INFO  L300          LassoAnalysis]: Preprocessing complete.
[2019-05-02 20:14:49,577 INFO  L412          LassoAnalysis]: Checking for nontermination...
No working directory specified, using /home/xuechao/xuechao/work/Lab/Termination/Lasso-Ranker/z3
Starting monitored process 2 with z3 -smt2 -in SMTLIB2_COMPLIANT=true (exit command is (exit), workingDir is null)
Waiting until toolchain timeout for monitored process 2 with z3 -smt2 -in SMTLIB2_COMPLIANT=true
[2019-05-02 20:14:49,581 INFO  L151   nArgumentSynthesizer]: Nontermination analysis: LINEAR_WITH_GUESSES Allow bounded executions: true Number of generalized eigenvectors: 0 Nilpotent components: true
[2019-05-02 20:14:49,581 INFO  L163   nArgumentSynthesizer]: Using integer mode.
No working directory specified, using /home/xuechao/xuechao/work/Lab/Termination/Lasso-Ranker/z3
Starting monitored process 3 with z3 -smt2 -in SMTLIB2_COMPLIANT=true (exit command is (exit), workingDir is null)
Waiting until toolchain timeout for monitored process 3 with z3 -smt2 -in SMTLIB2_COMPLIANT=true
[2019-05-02 20:14:49,603 INFO  L151   nArgumentSynthesizer]: Nontermination analysis: LINEAR_WITH_GUESSES Allow bounded executions: true Number of generalized eigenvectors: 3 Nilpotent components: true
[2019-05-02 20:14:49,603 INFO  L163   nArgumentSynthesizer]: Using integer mode.
[2019-05-02 20:14:49,627 INFO  L452          LassoAnalysis]: Proving nontermination failed: No geometric nontermination argument exists.
[2019-05-02 20:14:49,628 INFO  L216          LassoAnalysis]: Preferences:
[2019-05-02 20:14:49,628 INFO  L124   ssoRankerPreferences]: Compute integeral hull: false
[2019-05-02 20:14:49,628 INFO  L125   ssoRankerPreferences]: Enable LassoPartitioneer: true
[2019-05-02 20:14:49,628 INFO  L126   ssoRankerPreferences]: Term annotations enabled: false
[2019-05-02 20:14:49,628 INFO  L127   ssoRankerPreferences]: Use exernal solver: true
[2019-05-02 20:14:49,629 INFO  L128   ssoRankerPreferences]: SMT solver command: z3 -smt2 -in SMTLIB2_COMPLIANT=true
[2019-05-02 20:14:49,629 INFO  L129   ssoRankerPreferences]: Dump SMT script to file: false
[2019-05-02 20:14:49,629 INFO  L130   ssoRankerPreferences]: Path of dumped script: .
[2019-05-02 20:14:49,629 INFO  L131   ssoRankerPreferences]: Filename of dumped script: LassoRankerScript
[2019-05-02 20:14:49,629 INFO  L132   ssoRankerPreferences]: MapElimAlgo: Frank
[2019-05-02 20:14:49,629 INFO  L282          LassoAnalysis]: Starting lasso preprocessing...
[2019-05-02 20:14:49,630 INFO  L141          MapEliminator]: Using MapEliminator with SimplificationTechnique=SIMPLIFY_DDA XnfConversionTechnique=BOTTOM_UP_WITH_LOCAL_SIMPLIFICATION AddInequalities=false OnlyTrivialImplicationsArrayWrite=false OnlyTrivialImplicationsForModifiedArguments=true OnlyArgumentsInFormula=true
[2019-05-02 20:14:49,703 INFO  L300          LassoAnalysis]: Preprocessing complete.
[2019-05-02 20:14:49,707 INFO  L497          LassoAnalysis]: Using template 'affine'.
No working directory specified, using /home/xuechao/xuechao/work/Lab/Termination/Lasso-Ranker/z3
Starting monitored process 4 with z3 -smt2 -in SMTLIB2_COMPLIANT=true (exit command is (exit), workingDir is null)
Waiting until toolchain timeout for monitored process 4 with z3 -smt2 -in SMTLIB2_COMPLIANT=true
[2019-05-02 20:14:49,716 INFO  L122   nArgumentSynthesizer]: Termination Analysis Settings:
Termination analysis: LINEAR_WITH_GUESSES
Number of strict supporting invariants: 1
Number of non-strict supporting invariants: 0
Consider only non-deceasing supporting invariants: true
Simplify termination arguments: true
Simplify supporting invariants: trueOverapproximate stem: false
[2019-05-02 20:14:49,718 INFO  L339   nArgumentSynthesizer]: Template has degree 0.
[2019-05-02 20:14:49,718 INFO  L352   nArgumentSynthesizer]: There is no stem transition; disabling supporting invariant generation.
[2019-05-02 20:14:49,718 INFO  L205   nArgumentSynthesizer]: 1 stem disjuncts
[2019-05-02 20:14:49,718 INFO  L206   nArgumentSynthesizer]: 1 loop disjuncts
[2019-05-02 20:14:49,719 INFO  L207   nArgumentSynthesizer]: 2 template conjuncts.
[2019-05-02 20:14:49,721 INFO  L402   nArgumentSynthesizer]: We have 2 Motzkin's Theorem applications.
[2019-05-02 20:14:49,721 INFO  L403   nArgumentSynthesizer]: A total of 0 supporting invariants were added.
[2019-05-02 20:14:49,724 INFO  L421   nArgumentSynthesizer]: Found a termination argument, trying to simplify.
[2019-05-02 20:14:49,729 INFO  L443   ModelExtractionUtils]: Simplification made 3 calls to the SMT solver.
[2019-05-02 20:14:49,729 INFO  L444   ModelExtractionUtils]: 1 out of 4 variables were initially zero. Simplification set additionally 0 variables to zero.
No working directory specified, using /home/xuechao/xuechao/work/Lab/Termination/Lasso-Ranker/z3
Starting monitored process 5 with z3 -smt2 -in SMTLIB2_COMPLIANT=true (exit command is (exit), workingDir is null)
Waiting until toolchain timeout for monitored process 5 with z3 -smt2 -in SMTLIB2_COMPLIANT=true
[2019-05-02 20:14:49,743 INFO  L437   nArgumentSynthesizer]: Simplifying supporting invariants...
[2019-05-02 20:14:49,743 INFO  L440   nArgumentSynthesizer]: Removed 0 redundant supporting invariants from a total of 0.
[2019-05-02 20:14:49,743 INFO  L518          LassoAnalysis]: Proved termination.
[2019-05-02 20:14:49,744 INFO  L520          LassoAnalysis]: Termination argument consisting of:
Ranking function f(MenloPark_x) = 2*MenloPark_x + 1
Supporting invariants []
[2019-05-02 20:14:49,764 INFO  L132        PluginConnector]: ------------------------ END LassoRanker----------------------------
[2019-05-02 20:14:49,764 INFO  L168              Benchmark]: Toolchain (without parser) took 543.01 ms. Allocated memory is still 514.9 MB. Free memory was 477.6 MB in the beginning and 428.2 MB in the end (delta: 49.4 MB). Peak memory consumption was 49.4 MB. Max. memory is 11.5 GB.
[2019-05-02 20:14:49,766 INFO  L168              Benchmark]: Boogie PL CUP Parser took 0.16 ms. Allocated memory is still 514.9 MB. Free memory is still 479.1 MB. There was no memory consumed. Max. memory is 11.5 GB.
[2019-05-02 20:14:49,767 INFO  L168              Benchmark]: Boogie Preprocessor took 28.01 ms. Allocated memory is still 514.9 MB. Free memory was 477.6 MB in the beginning and 475.0 MB in the end (delta: 2.7 MB). Peak memory consumption was 2.7 MB. Max. memory is 11.5 GB.
[2019-05-02 20:14:49,767 INFO  L168              Benchmark]: RCFGBuilder took 123.01 ms. Allocated memory is still 514.9 MB. Free memory was 475.0 MB in the beginning and 465.4 MB in the end (delta: 9.6 MB). Peak memory consumption was 9.6 MB. Max. memory is 11.5 GB.
[2019-05-02 20:14:49,769 INFO  L168              Benchmark]: LassoRanker took 389.80 ms. Allocated memory is still 514.9 MB. Free memory was 465.4 MB in the beginning and 428.2 MB in the end (delta: 37.2 MB). Peak memory consumption was 37.2 MB. Max. memory is 11.5 GB.
[2019-05-02 20:14:49,773 INFO  L336   ainManager$Toolchain]: #######################  End [Toolchain 1] #######################
 --- Results ---
 * Results from de.uni_freiburg.informatik.ultimate.core:
  - StatisticsResult: Toolchain Benchmarks
    Benchmark results are:
 * Boogie PL CUP Parser took 0.16 ms. Allocated memory is still 514.9 MB. Free memory is still 479.1 MB. There was no memory consumed. Max. memory is 11.5 GB.
 * Boogie Preprocessor took 28.01 ms. Allocated memory is still 514.9 MB. Free memory was 477.6 MB in the beginning and 475.0 MB in the end (delta: 2.7 MB). Peak memory consumption was 2.7 MB. Max. memory is 11.5 GB.
 * RCFGBuilder took 123.01 ms. Allocated memory is still 514.9 MB. Free memory was 475.0 MB in the beginning and 465.4 MB in the end (delta: 9.6 MB). Peak memory consumption was 9.6 MB. Max. memory is 11.5 GB.
 * LassoRanker took 389.80 ms. Allocated memory is still 514.9 MB. Free memory was 465.4 MB in the beginning and 428.2 MB in the end (delta: 37.2 MB). Peak memory consumption was 37.2 MB. Max. memory is 11.5 GB.
 * Results from de.uni_freiburg.informatik.ultimate.plugins.analysis.lassoranker:
  - TerminationArgumentResult [Line: 21]: Found affine ranking function
    Found a termination argument consisting of the affine ranking function: [2 * x + 1] for which no supporting invariant is required.
RESULT: Ultimate proved your program to be correct!
Received shutdown request...
