This is Ultimate 0.1.24-16d85fa
[2019-05-02 20:20:24,009 INFO  L170        SettingsManager]: Resetting all preferences to default values...
[2019-05-02 20:20:24,010 INFO  L174        SettingsManager]: Resetting UltimateCore preferences to default values
[2019-05-02 20:20:24,020 INFO  L177        SettingsManager]: Ultimate Commandline Interface provides no preferences, ignoring...
[2019-05-02 20:20:24,020 INFO  L174        SettingsManager]: Resetting Boogie Preprocessor preferences to default values
[2019-05-02 20:20:24,021 INFO  L174        SettingsManager]: Resetting Boogie Procedure Inliner preferences to default values
[2019-05-02 20:20:24,022 INFO  L174        SettingsManager]: Resetting Abstract Interpretation preferences to default values
[2019-05-02 20:20:24,023 INFO  L174        SettingsManager]: Resetting LassoRanker preferences to default values
[2019-05-02 20:20:24,024 INFO  L174        SettingsManager]: Resetting Reaching Definitions preferences to default values
[2019-05-02 20:20:24,025 INFO  L174        SettingsManager]: Resetting SyntaxChecker preferences to default values
[2019-05-02 20:20:24,025 INFO  L177        SettingsManager]: Büchi Program Product provides no preferences, ignoring...
[2019-05-02 20:20:24,026 INFO  L174        SettingsManager]: Resetting LTL2Aut preferences to default values
[2019-05-02 20:20:24,026 INFO  L174        SettingsManager]: Resetting PEA to Boogie preferences to default values
[2019-05-02 20:20:24,027 INFO  L174        SettingsManager]: Resetting BlockEncodingV2 preferences to default values
[2019-05-02 20:20:24,027 INFO  L174        SettingsManager]: Resetting ChcToBoogie preferences to default values
[2019-05-02 20:20:24,028 INFO  L174        SettingsManager]: Resetting AutomataScriptInterpreter preferences to default values
[2019-05-02 20:20:24,028 INFO  L174        SettingsManager]: Resetting BuchiAutomizer preferences to default values
[2019-05-02 20:20:24,030 INFO  L174        SettingsManager]: Resetting CACSL2BoogieTranslator preferences to default values
[2019-05-02 20:20:24,031 INFO  L174        SettingsManager]: Resetting CodeCheck preferences to default values
[2019-05-02 20:20:24,032 INFO  L174        SettingsManager]: Resetting InvariantSynthesis preferences to default values
[2019-05-02 20:20:24,033 INFO  L174        SettingsManager]: Resetting RCFGBuilder preferences to default values
[2019-05-02 20:20:24,034 INFO  L174        SettingsManager]: Resetting TraceAbstraction preferences to default values
[2019-05-02 20:20:24,035 INFO  L177        SettingsManager]: TraceAbstractionConcurrent provides no preferences, ignoring...
[2019-05-02 20:20:24,035 INFO  L177        SettingsManager]: TraceAbstractionWithAFAs provides no preferences, ignoring...
[2019-05-02 20:20:24,036 INFO  L174        SettingsManager]: Resetting TreeAutomizer preferences to default values
[2019-05-02 20:20:24,036 INFO  L174        SettingsManager]: Resetting IcfgTransformer preferences to default values
[2019-05-02 20:20:24,037 INFO  L174        SettingsManager]: Resetting Boogie Printer preferences to default values
[2019-05-02 20:20:24,037 INFO  L174        SettingsManager]: Resetting ReqPrinter preferences to default values
[2019-05-02 20:20:24,038 INFO  L174        SettingsManager]: Resetting Witness Printer preferences to default values
[2019-05-02 20:20:24,038 INFO  L177        SettingsManager]: Boogie PL CUP Parser provides no preferences, ignoring...
[2019-05-02 20:20:24,039 INFO  L174        SettingsManager]: Resetting CDTParser preferences to default values
[2019-05-02 20:20:24,039 INFO  L177        SettingsManager]: AutomataScriptParser provides no preferences, ignoring...
[2019-05-02 20:20:24,039 INFO  L177        SettingsManager]: ReqParser provides no preferences, ignoring...
[2019-05-02 20:20:24,039 INFO  L174        SettingsManager]: Resetting SmtParser preferences to default values
[2019-05-02 20:20:24,040 INFO  L174        SettingsManager]: Resetting Witness Parser preferences to default values
[2019-05-02 20:20:24,040 INFO  L181        SettingsManager]: Finished resetting all preferences to default values...
[2019-05-02 20:20:24,056 INFO  L81    nceAwareModelManager]: Repository-Root is: /tmp
[2019-05-02 20:20:24,064 INFO  L258   ainManager$Toolchain]: [Toolchain 1]: Applicable parser(s) successfully (re)initialized
[2019-05-02 20:20:24,067 INFO  L214   ainManager$Toolchain]: [Toolchain 1]: Toolchain selected.
[2019-05-02 20:20:24,068 INFO  L271        PluginConnector]: Initializing Boogie PL CUP Parser...
[2019-05-02 20:20:24,068 INFO  L276        PluginConnector]: Boogie PL CUP Parser initialized
[2019-05-02 20:20:24,069 INFO  L418   ainManager$Toolchain]: [Toolchain 1]: Parsing single file: /home/xuechao/xuechao/work/Lab/Termination/Lasso-Ranker/Program_non/7.bpl
[2019-05-02 20:20:24,069 INFO  L111           BoogieParser]: Parsing: '/home/xuechao/xuechao/work/Lab/Termination/Lasso-Ranker/Program_non/7.bpl'
[2019-05-02 20:20:24,089 INFO  L296   ainManager$Toolchain]: ####################### [Toolchain 1] #######################
[2019-05-02 20:20:24,091 INFO  L131        ToolchainWalker]: Walking toolchain with 3 elements.
[2019-05-02 20:20:24,091 INFO  L113        PluginConnector]: ------------------------Boogie Preprocessor----------------------------
[2019-05-02 20:20:24,091 INFO  L271        PluginConnector]: Initializing Boogie Preprocessor...
[2019-05-02 20:20:24,091 INFO  L276        PluginConnector]: Boogie Preprocessor initialized
[2019-05-02 20:20:24,107 INFO  L185        PluginConnector]: Executing the observer EnsureBoogieModelObserver from plugin Boogie Preprocessor for "7.bpl de.uni_freiburg.informatik.ultimate.boogie.parser AST 02.05 08:20:24" (1/1) ...
[2019-05-02 20:20:24,108 INFO  L185        PluginConnector]: Executing the observer TypeChecker from plugin Boogie Preprocessor for "7.bpl de.uni_freiburg.informatik.ultimate.boogie.parser AST 02.05 08:20:24" (1/1) ...
[2019-05-02 20:20:24,112 INFO  L185        PluginConnector]: Executing the observer ConstExpander from plugin Boogie Preprocessor for "7.bpl de.uni_freiburg.informatik.ultimate.boogie.parser AST 02.05 08:20:24" (1/1) ...
[2019-05-02 20:20:24,113 INFO  L185        PluginConnector]: Executing the observer StructExpander from plugin Boogie Preprocessor for "7.bpl de.uni_freiburg.informatik.ultimate.boogie.parser AST 02.05 08:20:24" (1/1) ...
[2019-05-02 20:20:24,114 INFO  L185        PluginConnector]: Executing the observer UnstructureCode from plugin Boogie Preprocessor for "7.bpl de.uni_freiburg.informatik.ultimate.boogie.parser AST 02.05 08:20:24" (1/1) ...
[2019-05-02 20:20:24,117 INFO  L185        PluginConnector]: Executing the observer FunctionInliner from plugin Boogie Preprocessor for "7.bpl de.uni_freiburg.informatik.ultimate.boogie.parser AST 02.05 08:20:24" (1/1) ...
[2019-05-02 20:20:24,118 INFO  L185        PluginConnector]: Executing the observer BoogieSymbolTableConstructor from plugin Boogie Preprocessor for "7.bpl de.uni_freiburg.informatik.ultimate.boogie.parser AST 02.05 08:20:24" (1/1) ...
[2019-05-02 20:20:24,118 INFO  L132        PluginConnector]: ------------------------ END Boogie Preprocessor----------------------------
[2019-05-02 20:20:24,119 INFO  L113        PluginConnector]: ------------------------RCFGBuilder----------------------------
[2019-05-02 20:20:24,119 INFO  L271        PluginConnector]: Initializing RCFGBuilder...
[2019-05-02 20:20:24,119 INFO  L276        PluginConnector]: RCFGBuilder initialized
[2019-05-02 20:20:24,120 INFO  L185        PluginConnector]: Executing the observer RCFGBuilderObserver from plugin RCFGBuilder for "7.bpl de.uni_freiburg.informatik.ultimate.boogie.parser AST 02.05 08:20:24" (1/1) ...
No working directory specified, using /home/xuechao/xuechao/work/Lab/Termination/Lasso-Ranker/z3
Starting monitored process 1 with z3 SMTLIB2_COMPLIANT=true -memory:1024 -smt2 -in -t:12000 (exit command is (exit), workingDir is null)
Waiting until toolchain timeout for monitored process 1 with z3 SMTLIB2_COMPLIANT=true -memory:1024 -smt2 -in -t:12000
[2019-05-02 20:20:24,173 INFO  L124     BoogieDeclarations]: Specification and implementation of procedure main given in one single declaration
[2019-05-02 20:20:24,174 INFO  L130     BoogieDeclarations]: Found specification of procedure main
[2019-05-02 20:20:24,174 INFO  L138     BoogieDeclarations]: Found implementation of procedure main
[2019-05-02 20:20:24,257 INFO  L278             CfgBuilder]: Using library mode
[2019-05-02 20:20:24,257 INFO  L286             CfgBuilder]: Removed 0 assue(true) statements.
[2019-05-02 20:20:24,258 INFO  L202        PluginConnector]: Adding new model 7.bpl de.uni_freiburg.informatik.ultimate.plugins.generator.rcfgbuilder CFG 02.05 08:20:24 BoogieIcfgContainer
[2019-05-02 20:20:24,258 INFO  L132        PluginConnector]: ------------------------ END RCFGBuilder----------------------------
[2019-05-02 20:20:24,259 INFO  L113        PluginConnector]: ------------------------LassoRanker----------------------------
[2019-05-02 20:20:24,259 INFO  L271        PluginConnector]: Initializing LassoRanker...
[2019-05-02 20:20:24,259 INFO  L276        PluginConnector]: LassoRanker initialized
[2019-05-02 20:20:24,259 INFO  L185        PluginConnector]: Executing the observer LassoRankerObserver from plugin LassoRanker for "7.bpl de.uni_freiburg.informatik.ultimate.plugins.generator.rcfgbuilder CFG 02.05 08:20:24" (1/1) ...
[2019-05-02 20:20:24,282 INFO  L72            BuchiIsEmpty]: Start buchiIsEmpty. Operand 2 states.
[2019-05-02 20:20:24,298 INFO  L131   ngComponentsAnalysis]: Automaton has 1 accepting balls. 1
[2019-05-02 20:20:24,298 INFO  L87            BuchiIsEmpty]: Finished buchiIsEmpty Result is false
[2019-05-02 20:20:24,298 INFO  L119           BuchiIsEmpty]: Starting construction of run
[2019-05-02 20:20:24,304 INFO  L104     BuchiDifferenceFKV]: Start buchiDifferenceFKV. First operand 2 states. Second operand 1 states.
[2019-05-02 20:20:24,312 INFO  L108     BuchiDifferenceFKV]: Finished buchiDifferenceFKV. First operand 2 states. Second operand 1 states. Result 3 states and 4 transitions. Complement of second has 2 states 2 powerset states0 rank states. The highest rank that occured is -1
[2019-05-02 20:20:24,312 INFO  L72            BuchiIsEmpty]: Start buchiIsEmpty. Operand 3 states and 4 transitions.
[2019-05-02 20:20:24,313 INFO  L131   ngComponentsAnalysis]: Automaton has 0 accepting balls. 0
[2019-05-02 20:20:24,313 INFO  L87            BuchiIsEmpty]: Finished buchiIsEmpty Result is true
[2019-05-02 20:20:24,390 INFO  L216          LassoAnalysis]: Preferences:
[2019-05-02 20:20:24,391 INFO  L124   ssoRankerPreferences]: Compute integeral hull: false
[2019-05-02 20:20:24,391 INFO  L125   ssoRankerPreferences]: Enable LassoPartitioneer: true
[2019-05-02 20:20:24,391 INFO  L126   ssoRankerPreferences]: Term annotations enabled: false
[2019-05-02 20:20:24,391 INFO  L127   ssoRankerPreferences]: Use exernal solver: true
[2019-05-02 20:20:24,391 INFO  L128   ssoRankerPreferences]: SMT solver command: z3 -smt2 -in SMTLIB2_COMPLIANT=true
[2019-05-02 20:20:24,391 INFO  L129   ssoRankerPreferences]: Dump SMT script to file: false
[2019-05-02 20:20:24,391 INFO  L130   ssoRankerPreferences]: Path of dumped script: .
[2019-05-02 20:20:24,391 INFO  L131   ssoRankerPreferences]: Filename of dumped script: LassoRankerScript
[2019-05-02 20:20:24,391 INFO  L132   ssoRankerPreferences]: MapElimAlgo: Frank
[2019-05-02 20:20:24,392 INFO  L282          LassoAnalysis]: Starting lasso preprocessing...
[2019-05-02 20:20:24,408 INFO  L141          MapEliminator]: Using MapEliminator with SimplificationTechnique=SIMPLIFY_DDA XnfConversionTechnique=BOTTOM_UP_WITH_LOCAL_SIMPLIFICATION AddInequalities=false OnlyTrivialImplicationsArrayWrite=false OnlyTrivialImplicationsForModifiedArguments=true OnlyArgumentsInFormula=true
[2019-05-02 20:20:24,573 INFO  L300          LassoAnalysis]: Preprocessing complete.
[2019-05-02 20:20:24,574 INFO  L412          LassoAnalysis]: Checking for nontermination...
No working directory specified, using /home/xuechao/xuechao/work/Lab/Termination/Lasso-Ranker/z3
Starting monitored process 2 with z3 -smt2 -in SMTLIB2_COMPLIANT=true (exit command is (exit), workingDir is null)
Waiting until toolchain timeout for monitored process 2 with z3 -smt2 -in SMTLIB2_COMPLIANT=true
[2019-05-02 20:20:24,579 INFO  L151   nArgumentSynthesizer]: Nontermination analysis: LINEAR_WITH_GUESSES Allow bounded executions: true Number of generalized eigenvectors: 0 Nilpotent components: true
[2019-05-02 20:20:24,579 INFO  L163   nArgumentSynthesizer]: Using integer mode.
No working directory specified, using /home/xuechao/xuechao/work/Lab/Termination/Lasso-Ranker/z3
Starting monitored process 3 with z3 -smt2 -in SMTLIB2_COMPLIANT=true (exit command is (exit), workingDir is null)
Waiting until toolchain timeout for monitored process 3 with z3 -smt2 -in SMTLIB2_COMPLIANT=true
[2019-05-02 20:20:24,601 INFO  L151   nArgumentSynthesizer]: Nontermination analysis: LINEAR_WITH_GUESSES Allow bounded executions: true Number of generalized eigenvectors: 3 Nilpotent components: true
[2019-05-02 20:20:24,601 INFO  L163   nArgumentSynthesizer]: Using integer mode.
[2019-05-02 20:20:24,632 INFO  L452          LassoAnalysis]: Proving nontermination failed: No geometric nontermination argument exists.
[2019-05-02 20:20:24,633 INFO  L216          LassoAnalysis]: Preferences:
[2019-05-02 20:20:24,634 INFO  L124   ssoRankerPreferences]: Compute integeral hull: false
[2019-05-02 20:20:24,634 INFO  L125   ssoRankerPreferences]: Enable LassoPartitioneer: true
[2019-05-02 20:20:24,634 INFO  L126   ssoRankerPreferences]: Term annotations enabled: false
[2019-05-02 20:20:24,634 INFO  L127   ssoRankerPreferences]: Use exernal solver: true
[2019-05-02 20:20:24,634 INFO  L128   ssoRankerPreferences]: SMT solver command: z3 -smt2 -in SMTLIB2_COMPLIANT=true
[2019-05-02 20:20:24,634 INFO  L129   ssoRankerPreferences]: Dump SMT script to file: false
[2019-05-02 20:20:24,634 INFO  L130   ssoRankerPreferences]: Path of dumped script: .
[2019-05-02 20:20:24,634 INFO  L131   ssoRankerPreferences]: Filename of dumped script: LassoRankerScript
[2019-05-02 20:20:24,634 INFO  L132   ssoRankerPreferences]: MapElimAlgo: Frank
[2019-05-02 20:20:24,634 INFO  L282          LassoAnalysis]: Starting lasso preprocessing...
[2019-05-02 20:20:24,636 INFO  L141          MapEliminator]: Using MapEliminator with SimplificationTechnique=SIMPLIFY_DDA XnfConversionTechnique=BOTTOM_UP_WITH_LOCAL_SIMPLIFICATION AddInequalities=false OnlyTrivialImplicationsArrayWrite=false OnlyTrivialImplicationsForModifiedArguments=true OnlyArgumentsInFormula=true
[2019-05-02 20:20:24,734 INFO  L300          LassoAnalysis]: Preprocessing complete.
[2019-05-02 20:20:24,738 INFO  L497          LassoAnalysis]: Using template 'affine'.
No working directory specified, using /home/xuechao/xuechao/work/Lab/Termination/Lasso-Ranker/z3
Starting monitored process 4 with z3 -smt2 -in SMTLIB2_COMPLIANT=true (exit command is (exit), workingDir is null)
Waiting until toolchain timeout for monitored process 4 with z3 -smt2 -in SMTLIB2_COMPLIANT=true
[2019-05-02 20:20:24,747 INFO  L122   nArgumentSynthesizer]: Termination Analysis Settings:
Termination analysis: LINEAR_WITH_GUESSES
Number of strict supporting invariants: 1
Number of non-strict supporting invariants: 0
Consider only non-deceasing supporting invariants: true
Simplify termination arguments: true
Simplify supporting invariants: trueOverapproximate stem: false
[2019-05-02 20:20:24,749 INFO  L339   nArgumentSynthesizer]: Template has degree 0.
[2019-05-02 20:20:24,750 INFO  L352   nArgumentSynthesizer]: There is no stem transition; disabling supporting invariant generation.
[2019-05-02 20:20:24,750 INFO  L205   nArgumentSynthesizer]: 1 stem disjuncts
[2019-05-02 20:20:24,750 INFO  L206   nArgumentSynthesizer]: 2 loop disjuncts
[2019-05-02 20:20:24,750 INFO  L207   nArgumentSynthesizer]: 2 template conjuncts.
[2019-05-02 20:20:24,757 INFO  L402   nArgumentSynthesizer]: We have 4 Motzkin's Theorem applications.
[2019-05-02 20:20:24,757 INFO  L403   nArgumentSynthesizer]: A total of 0 supporting invariants were added.
[2019-05-02 20:20:24,761 INFO  L530          LassoAnalysis]: Proving termination failed for this template and these settings.
[2019-05-02 20:20:24,776 INFO  L497          LassoAnalysis]: Using template '2-nested'.
No working directory specified, using /home/xuechao/xuechao/work/Lab/Termination/Lasso-Ranker/z3
Starting monitored process 5 with z3 -smt2 -in SMTLIB2_COMPLIANT=true (exit command is (exit), workingDir is null)
Waiting until toolchain timeout for monitored process 5 with z3 -smt2 -in SMTLIB2_COMPLIANT=true
[2019-05-02 20:20:24,778 INFO  L122   nArgumentSynthesizer]: Termination Analysis Settings:
Termination analysis: LINEAR_WITH_GUESSES
Number of strict supporting invariants: 1
Number of non-strict supporting invariants: 0
Consider only non-deceasing supporting invariants: true
Simplify termination arguments: true
Simplify supporting invariants: trueOverapproximate stem: false
[2019-05-02 20:20:24,780 INFO  L339   nArgumentSynthesizer]: Template has degree 0.
[2019-05-02 20:20:24,780 INFO  L352   nArgumentSynthesizer]: There is no stem transition; disabling supporting invariant generation.
[2019-05-02 20:20:24,780 INFO  L205   nArgumentSynthesizer]: 1 stem disjuncts
[2019-05-02 20:20:24,780 INFO  L206   nArgumentSynthesizer]: 2 loop disjuncts
[2019-05-02 20:20:24,780 INFO  L207   nArgumentSynthesizer]: 3 template conjuncts.
[2019-05-02 20:20:24,789 INFO  L402   nArgumentSynthesizer]: We have 6 Motzkin's Theorem applications.
[2019-05-02 20:20:24,789 INFO  L403   nArgumentSynthesizer]: A total of 0 supporting invariants were added.
[2019-05-02 20:20:24,796 INFO  L530          LassoAnalysis]: Proving termination failed for this template and these settings.
[2019-05-02 20:20:24,811 INFO  L497          LassoAnalysis]: Using template '3-nested'.
No working directory specified, using /home/xuechao/xuechao/work/Lab/Termination/Lasso-Ranker/z3
Starting monitored process 6 with z3 -smt2 -in SMTLIB2_COMPLIANT=true (exit command is (exit), workingDir is null)
Waiting until toolchain timeout for monitored process 6 with z3 -smt2 -in SMTLIB2_COMPLIANT=true
[2019-05-02 20:20:24,819 INFO  L122   nArgumentSynthesizer]: Termination Analysis Settings:
Termination analysis: LINEAR_WITH_GUESSES
Number of strict supporting invariants: 1
Number of non-strict supporting invariants: 0
Consider only non-deceasing supporting invariants: true
Simplify termination arguments: true
Simplify supporting invariants: trueOverapproximate stem: false
[2019-05-02 20:20:24,821 INFO  L339   nArgumentSynthesizer]: Template has degree 0.
[2019-05-02 20:20:24,821 INFO  L352   nArgumentSynthesizer]: There is no stem transition; disabling supporting invariant generation.
[2019-05-02 20:20:24,822 INFO  L205   nArgumentSynthesizer]: 1 stem disjuncts
[2019-05-02 20:20:24,822 INFO  L206   nArgumentSynthesizer]: 2 loop disjuncts
[2019-05-02 20:20:24,822 INFO  L207   nArgumentSynthesizer]: 4 template conjuncts.
[2019-05-02 20:20:24,835 INFO  L402   nArgumentSynthesizer]: We have 8 Motzkin's Theorem applications.
[2019-05-02 20:20:24,835 INFO  L403   nArgumentSynthesizer]: A total of 0 supporting invariants were added.
[2019-05-02 20:20:24,843 INFO  L530          LassoAnalysis]: Proving termination failed for this template and these settings.
[2019-05-02 20:20:24,857 INFO  L497          LassoAnalysis]: Using template '4-nested'.
No working directory specified, using /home/xuechao/xuechao/work/Lab/Termination/Lasso-Ranker/z3
Starting monitored process 7 with z3 -smt2 -in SMTLIB2_COMPLIANT=true (exit command is (exit), workingDir is null)
Waiting until toolchain timeout for monitored process 7 with z3 -smt2 -in SMTLIB2_COMPLIANT=true
[2019-05-02 20:20:24,860 INFO  L122   nArgumentSynthesizer]: Termination Analysis Settings:
Termination analysis: LINEAR_WITH_GUESSES
Number of strict supporting invariants: 1
Number of non-strict supporting invariants: 0
Consider only non-deceasing supporting invariants: true
Simplify termination arguments: true
Simplify supporting invariants: trueOverapproximate stem: false
[2019-05-02 20:20:24,861 INFO  L339   nArgumentSynthesizer]: Template has degree 0.
[2019-05-02 20:20:24,862 INFO  L352   nArgumentSynthesizer]: There is no stem transition; disabling supporting invariant generation.
[2019-05-02 20:20:24,862 INFO  L205   nArgumentSynthesizer]: 1 stem disjuncts
[2019-05-02 20:20:24,862 INFO  L206   nArgumentSynthesizer]: 2 loop disjuncts
[2019-05-02 20:20:24,862 INFO  L207   nArgumentSynthesizer]: 5 template conjuncts.
[2019-05-02 20:20:24,868 INFO  L402   nArgumentSynthesizer]: We have 10 Motzkin's Theorem applications.
[2019-05-02 20:20:24,869 INFO  L403   nArgumentSynthesizer]: A total of 0 supporting invariants were added.
[2019-05-02 20:20:24,875 INFO  L530          LassoAnalysis]: Proving termination failed for this template and these settings.
[2019-05-02 20:20:24,889 INFO  L497          LassoAnalysis]: Using template '2-phase'.
No working directory specified, using /home/xuechao/xuechao/work/Lab/Termination/Lasso-Ranker/z3
Starting monitored process 8 with z3 -smt2 -in SMTLIB2_COMPLIANT=true (exit command is (exit), workingDir is null)
Waiting until toolchain timeout for monitored process 8 with z3 -smt2 -in SMTLIB2_COMPLIANT=true
[2019-05-02 20:20:24,891 INFO  L122   nArgumentSynthesizer]: Termination Analysis Settings:
Termination analysis: LINEAR_WITH_GUESSES
Number of strict supporting invariants: 1
Number of non-strict supporting invariants: 0
Consider only non-deceasing supporting invariants: true
Simplify termination arguments: true
Simplify supporting invariants: trueOverapproximate stem: false
[2019-05-02 20:20:24,892 WARN  L334   nArgumentSynthesizer]: Using a linear SMT query and a templates of degree > 0, hence this method is incomplete.
[2019-05-02 20:20:24,893 INFO  L339   nArgumentSynthesizer]: Template has degree 1.
[2019-05-02 20:20:24,893 INFO  L352   nArgumentSynthesizer]: There is no stem transition; disabling supporting invariant generation.
[2019-05-02 20:20:24,893 INFO  L205   nArgumentSynthesizer]: 1 stem disjuncts
[2019-05-02 20:20:24,893 INFO  L206   nArgumentSynthesizer]: 2 loop disjuncts
[2019-05-02 20:20:24,893 INFO  L207   nArgumentSynthesizer]: 3 template conjuncts.
[2019-05-02 20:20:24,898 INFO  L402   nArgumentSynthesizer]: We have 6 Motzkin's Theorem applications.
[2019-05-02 20:20:24,898 INFO  L403   nArgumentSynthesizer]: A total of 0 supporting invariants were added.
[2019-05-02 20:20:24,905 INFO  L530          LassoAnalysis]: Proving termination failed for this template and these settings.
[2019-05-02 20:20:24,920 INFO  L497          LassoAnalysis]: Using template 'lex(affine, affine)'.
No working directory specified, using /home/xuechao/xuechao/work/Lab/Termination/Lasso-Ranker/z3
Starting monitored process 9 with z3 -smt2 -in SMTLIB2_COMPLIANT=true (exit command is (exit), workingDir is null)
Waiting until toolchain timeout for monitored process 9 with z3 -smt2 -in SMTLIB2_COMPLIANT=true
[2019-05-02 20:20:24,922 INFO  L122   nArgumentSynthesizer]: Termination Analysis Settings:
Termination analysis: LINEAR_WITH_GUESSES
Number of strict supporting invariants: 1
Number of non-strict supporting invariants: 0
Consider only non-deceasing supporting invariants: true
Simplify termination arguments: true
Simplify supporting invariants: trueOverapproximate stem: false
[2019-05-02 20:20:24,924 WARN  L334   nArgumentSynthesizer]: Using a linear SMT query and a templates of degree > 0, hence this method is incomplete.
[2019-05-02 20:20:24,924 INFO  L339   nArgumentSynthesizer]: Template has degree 5.
[2019-05-02 20:20:24,925 INFO  L352   nArgumentSynthesizer]: There is no stem transition; disabling supporting invariant generation.
[2019-05-02 20:20:24,925 INFO  L205   nArgumentSynthesizer]: 1 stem disjuncts
[2019-05-02 20:20:24,925 INFO  L206   nArgumentSynthesizer]: 2 loop disjuncts
[2019-05-02 20:20:24,925 INFO  L207   nArgumentSynthesizer]: 4 template conjuncts.
[2019-05-02 20:20:24,931 INFO  L402   nArgumentSynthesizer]: We have 8 Motzkin's Theorem applications.
[2019-05-02 20:20:24,931 INFO  L403   nArgumentSynthesizer]: A total of 0 supporting invariants were added.
[2019-05-02 20:20:24,939 INFO  L530          LassoAnalysis]: Proving termination failed for this template and these settings.
[2019-05-02 20:20:24,954 INFO  L497          LassoAnalysis]: Using template '2-piece'.
No working directory specified, using /home/xuechao/xuechao/work/Lab/Termination/Lasso-Ranker/z3
Starting monitored process 10 with z3 -smt2 -in SMTLIB2_COMPLIANT=true (exit command is (exit), workingDir is null)
Waiting until toolchain timeout for monitored process 10 with z3 -smt2 -in SMTLIB2_COMPLIANT=true
[2019-05-02 20:20:24,959 INFO  L122   nArgumentSynthesizer]: Termination Analysis Settings:
Termination analysis: LINEAR_WITH_GUESSES
Number of strict supporting invariants: 1
Number of non-strict supporting invariants: 0
Consider only non-deceasing supporting invariants: true
Simplify termination arguments: true
Simplify supporting invariants: trueOverapproximate stem: false
[2019-05-02 20:20:24,961 WARN  L334   nArgumentSynthesizer]: Using a linear SMT query and a templates of degree > 0, hence this method is incomplete.
[2019-05-02 20:20:24,961 INFO  L339   nArgumentSynthesizer]: Template has degree 7.
[2019-05-02 20:20:24,961 INFO  L352   nArgumentSynthesizer]: There is no stem transition; disabling supporting invariant generation.
[2019-05-02 20:20:24,961 INFO  L205   nArgumentSynthesizer]: 1 stem disjuncts
[2019-05-02 20:20:24,961 INFO  L206   nArgumentSynthesizer]: 2 loop disjuncts
[2019-05-02 20:20:24,961 INFO  L207   nArgumentSynthesizer]: 7 template conjuncts.
[2019-05-02 20:20:24,975 INFO  L402   nArgumentSynthesizer]: We have 14 Motzkin's Theorem applications.
[2019-05-02 20:20:24,975 INFO  L403   nArgumentSynthesizer]: A total of 0 supporting invariants were added.
[2019-05-02 20:20:25,012 INFO  L530          LassoAnalysis]: Proving termination failed for this template and these settings.
[2019-05-02 20:20:25,026 INFO  L497          LassoAnalysis]: Using template '2-parallel'.
No working directory specified, using /home/xuechao/xuechao/work/Lab/Termination/Lasso-Ranker/z3
Starting monitored process 11 with z3 -smt2 -in SMTLIB2_COMPLIANT=true (exit command is (exit), workingDir is null)
Waiting until toolchain timeout for monitored process 11 with z3 -smt2 -in SMTLIB2_COMPLIANT=true
[2019-05-02 20:20:25,031 INFO  L122   nArgumentSynthesizer]: Termination Analysis Settings:
Termination analysis: LINEAR_WITH_GUESSES
Number of strict supporting invariants: 1
Number of non-strict supporting invariants: 0
Consider only non-deceasing supporting invariants: true
Simplify termination arguments: true
Simplify supporting invariants: trueOverapproximate stem: false
[2019-05-02 20:20:25,033 WARN  L334   nArgumentSynthesizer]: Using a linear SMT query and a templates of degree > 0, hence this method is incomplete.
[2019-05-02 20:20:25,033 INFO  L339   nArgumentSynthesizer]: Template has degree 4.
[2019-05-02 20:20:25,033 INFO  L352   nArgumentSynthesizer]: There is no stem transition; disabling supporting invariant generation.
[2019-05-02 20:20:25,033 INFO  L205   nArgumentSynthesizer]: 1 stem disjuncts
[2019-05-02 20:20:25,033 INFO  L206   nArgumentSynthesizer]: 2 loop disjuncts
[2019-05-02 20:20:25,034 INFO  L207   nArgumentSynthesizer]: 6 template conjuncts.
[2019-05-02 20:20:25,040 INFO  L402   nArgumentSynthesizer]: We have 12 Motzkin's Theorem applications.
[2019-05-02 20:20:25,041 INFO  L403   nArgumentSynthesizer]: A total of 0 supporting invariants were added.
[2019-05-02 20:20:25,073 INFO  L530          LassoAnalysis]: Proving termination failed for this template and these settings.
[2019-05-02 20:20:25,088 INFO  L489     LassoRankerStarter]: LassoRanker could not prove termination or nontermination of the given linear lasso program.
Templates: AffineTemplate NestedTemplate NestedTemplate NestedTemplate MultiphaseTemplate ComposedLexicographicTemplate PiecewiseTemplate ParallelTemplate
[2019-05-02 20:20:25,088 INFO  L132        PluginConnector]: ------------------------ END LassoRanker----------------------------
[2019-05-02 20:20:25,089 INFO  L168              Benchmark]: Toolchain (without parser) took 999.15 ms. Allocated memory was 514.9 MB in the beginning and 543.2 MB in the end (delta: 28.3 MB). Free memory was 474.9 MB in the beginning and 507.8 MB in the end (delta: -32.8 MB). Peak memory consumption was 123.3 MB. Max. memory is 11.5 GB.
[2019-05-02 20:20:25,090 INFO  L168              Benchmark]: Boogie PL CUP Parser took 0.11 ms. Allocated memory is still 514.9 MB. Free memory is still 476.4 MB. There was no memory consumed. Max. memory is 11.5 GB.
[2019-05-02 20:20:25,091 INFO  L168              Benchmark]: Boogie Preprocessor took 27.88 ms. Allocated memory is still 514.9 MB. Free memory was 474.9 MB in the beginning and 472.3 MB in the end (delta: 2.7 MB). Peak memory consumption was 2.7 MB. Max. memory is 11.5 GB.
[2019-05-02 20:20:25,091 INFO  L168              Benchmark]: RCFGBuilder took 139.21 ms. Allocated memory is still 514.9 MB. Free memory was 472.3 MB in the beginning and 462.6 MB in the end (delta: 9.6 MB). Peak memory consumption was 9.6 MB. Max. memory is 11.5 GB.
[2019-05-02 20:20:25,092 INFO  L168              Benchmark]: LassoRanker took 829.62 ms. Allocated memory was 514.9 MB in the beginning and 543.2 MB in the end (delta: 28.3 MB). Free memory was 462.6 MB in the beginning and 507.8 MB in the end (delta: -45.1 MB). Peak memory consumption was 111.0 MB. Max. memory is 11.5 GB.
[2019-05-02 20:20:25,095 INFO  L336   ainManager$Toolchain]: #######################  End [Toolchain 1] #######################
 --- Results ---
 * Results from de.uni_freiburg.informatik.ultimate.core:
  - StatisticsResult: Toolchain Benchmarks
    Benchmark results are:
 * Boogie PL CUP Parser took 0.11 ms. Allocated memory is still 514.9 MB. Free memory is still 476.4 MB. There was no memory consumed. Max. memory is 11.5 GB.
 * Boogie Preprocessor took 27.88 ms. Allocated memory is still 514.9 MB. Free memory was 474.9 MB in the beginning and 472.3 MB in the end (delta: 2.7 MB). Peak memory consumption was 2.7 MB. Max. memory is 11.5 GB.
 * RCFGBuilder took 139.21 ms. Allocated memory is still 514.9 MB. Free memory was 472.3 MB in the beginning and 462.6 MB in the end (delta: 9.6 MB). Peak memory consumption was 9.6 MB. Max. memory is 11.5 GB.
 * LassoRanker took 829.62 ms. Allocated memory was 514.9 MB in the beginning and 543.2 MB in the end (delta: 28.3 MB). Free memory was 462.6 MB in the beginning and 507.8 MB in the end (delta: -45.1 MB). Peak memory consumption was 111.0 MB. Max. memory is 11.5 GB.
 * Results from de.uni_freiburg.informatik.ultimate.plugins.analysis.lassoranker:
  - NoResult [Line: 10]: LassoRanker could not prove termination
    LassoRanker could not prove termination or nontermination of the given linear lasso program.
Templates: AffineTemplate NestedTemplate NestedTemplate NestedTemplate MultiphaseTemplate ComposedLexicographicTemplate PiecewiseTemplate ParallelTemplate
RESULT: Ultimate could not prove your program: Toolchain returned no result.
Received shutdown request...
