This is Ultimate 0.1.24-16d85fa
[2019-05-02 20:15:09,080 INFO  L170        SettingsManager]: Resetting all preferences to default values...
[2019-05-02 20:15:09,081 INFO  L174        SettingsManager]: Resetting UltimateCore preferences to default values
[2019-05-02 20:15:09,091 INFO  L177        SettingsManager]: Ultimate Commandline Interface provides no preferences, ignoring...
[2019-05-02 20:15:09,091 INFO  L174        SettingsManager]: Resetting Boogie Preprocessor preferences to default values
[2019-05-02 20:15:09,092 INFO  L174        SettingsManager]: Resetting Boogie Procedure Inliner preferences to default values
[2019-05-02 20:15:09,093 INFO  L174        SettingsManager]: Resetting Abstract Interpretation preferences to default values
[2019-05-02 20:15:09,094 INFO  L174        SettingsManager]: Resetting LassoRanker preferences to default values
[2019-05-02 20:15:09,095 INFO  L174        SettingsManager]: Resetting Reaching Definitions preferences to default values
[2019-05-02 20:15:09,096 INFO  L174        SettingsManager]: Resetting SyntaxChecker preferences to default values
[2019-05-02 20:15:09,096 INFO  L177        SettingsManager]: Büchi Program Product provides no preferences, ignoring...
[2019-05-02 20:15:09,096 INFO  L174        SettingsManager]: Resetting LTL2Aut preferences to default values
[2019-05-02 20:15:09,097 INFO  L174        SettingsManager]: Resetting PEA to Boogie preferences to default values
[2019-05-02 20:15:09,098 INFO  L174        SettingsManager]: Resetting BlockEncodingV2 preferences to default values
[2019-05-02 20:15:09,098 INFO  L174        SettingsManager]: Resetting ChcToBoogie preferences to default values
[2019-05-02 20:15:09,099 INFO  L174        SettingsManager]: Resetting AutomataScriptInterpreter preferences to default values
[2019-05-02 20:15:09,099 INFO  L174        SettingsManager]: Resetting BuchiAutomizer preferences to default values
[2019-05-02 20:15:09,100 INFO  L174        SettingsManager]: Resetting CACSL2BoogieTranslator preferences to default values
[2019-05-02 20:15:09,102 INFO  L174        SettingsManager]: Resetting CodeCheck preferences to default values
[2019-05-02 20:15:09,103 INFO  L174        SettingsManager]: Resetting InvariantSynthesis preferences to default values
[2019-05-02 20:15:09,104 INFO  L174        SettingsManager]: Resetting RCFGBuilder preferences to default values
[2019-05-02 20:15:09,104 INFO  L174        SettingsManager]: Resetting TraceAbstraction preferences to default values
[2019-05-02 20:15:09,106 INFO  L177        SettingsManager]: TraceAbstractionConcurrent provides no preferences, ignoring...
[2019-05-02 20:15:09,106 INFO  L177        SettingsManager]: TraceAbstractionWithAFAs provides no preferences, ignoring...
[2019-05-02 20:15:09,106 INFO  L174        SettingsManager]: Resetting TreeAutomizer preferences to default values
[2019-05-02 20:15:09,107 INFO  L174        SettingsManager]: Resetting IcfgTransformer preferences to default values
[2019-05-02 20:15:09,108 INFO  L174        SettingsManager]: Resetting Boogie Printer preferences to default values
[2019-05-02 20:15:09,108 INFO  L174        SettingsManager]: Resetting ReqPrinter preferences to default values
[2019-05-02 20:15:09,109 INFO  L174        SettingsManager]: Resetting Witness Printer preferences to default values
[2019-05-02 20:15:09,109 INFO  L177        SettingsManager]: Boogie PL CUP Parser provides no preferences, ignoring...
[2019-05-02 20:15:09,109 INFO  L174        SettingsManager]: Resetting CDTParser preferences to default values
[2019-05-02 20:15:09,110 INFO  L177        SettingsManager]: AutomataScriptParser provides no preferences, ignoring...
[2019-05-02 20:15:09,110 INFO  L177        SettingsManager]: ReqParser provides no preferences, ignoring...
[2019-05-02 20:15:09,110 INFO  L174        SettingsManager]: Resetting SmtParser preferences to default values
[2019-05-02 20:15:09,111 INFO  L174        SettingsManager]: Resetting Witness Parser preferences to default values
[2019-05-02 20:15:09,111 INFO  L181        SettingsManager]: Finished resetting all preferences to default values...
[2019-05-02 20:15:09,127 INFO  L81    nceAwareModelManager]: Repository-Root is: /tmp
[2019-05-02 20:15:09,135 INFO  L258   ainManager$Toolchain]: [Toolchain 1]: Applicable parser(s) successfully (re)initialized
[2019-05-02 20:15:09,137 INFO  L214   ainManager$Toolchain]: [Toolchain 1]: Toolchain selected.
[2019-05-02 20:15:09,139 INFO  L271        PluginConnector]: Initializing Boogie PL CUP Parser...
[2019-05-02 20:15:09,139 INFO  L276        PluginConnector]: Boogie PL CUP Parser initialized
[2019-05-02 20:15:09,140 INFO  L418   ainManager$Toolchain]: [Toolchain 1]: Parsing single file: /home/xuechao/xuechao/work/Lab/Termination/Lasso-Ranker/Program_non/71.bpl
[2019-05-02 20:15:09,140 INFO  L111           BoogieParser]: Parsing: '/home/xuechao/xuechao/work/Lab/Termination/Lasso-Ranker/Program_non/71.bpl'
[2019-05-02 20:15:09,168 INFO  L296   ainManager$Toolchain]: ####################### [Toolchain 1] #######################
[2019-05-02 20:15:09,169 INFO  L131        ToolchainWalker]: Walking toolchain with 3 elements.
[2019-05-02 20:15:09,170 INFO  L113        PluginConnector]: ------------------------Boogie Preprocessor----------------------------
[2019-05-02 20:15:09,170 INFO  L271        PluginConnector]: Initializing Boogie Preprocessor...
[2019-05-02 20:15:09,170 INFO  L276        PluginConnector]: Boogie Preprocessor initialized
[2019-05-02 20:15:09,186 INFO  L185        PluginConnector]: Executing the observer EnsureBoogieModelObserver from plugin Boogie Preprocessor for "71.bpl de.uni_freiburg.informatik.ultimate.boogie.parser AST 02.05 08:15:09" (1/1) ...
[2019-05-02 20:15:09,187 INFO  L185        PluginConnector]: Executing the observer TypeChecker from plugin Boogie Preprocessor for "71.bpl de.uni_freiburg.informatik.ultimate.boogie.parser AST 02.05 08:15:09" (1/1) ...
[2019-05-02 20:15:09,192 INFO  L185        PluginConnector]: Executing the observer ConstExpander from plugin Boogie Preprocessor for "71.bpl de.uni_freiburg.informatik.ultimate.boogie.parser AST 02.05 08:15:09" (1/1) ...
[2019-05-02 20:15:09,192 INFO  L185        PluginConnector]: Executing the observer StructExpander from plugin Boogie Preprocessor for "71.bpl de.uni_freiburg.informatik.ultimate.boogie.parser AST 02.05 08:15:09" (1/1) ...
[2019-05-02 20:15:09,193 INFO  L185        PluginConnector]: Executing the observer UnstructureCode from plugin Boogie Preprocessor for "71.bpl de.uni_freiburg.informatik.ultimate.boogie.parser AST 02.05 08:15:09" (1/1) ...
[2019-05-02 20:15:09,196 INFO  L185        PluginConnector]: Executing the observer FunctionInliner from plugin Boogie Preprocessor for "71.bpl de.uni_freiburg.informatik.ultimate.boogie.parser AST 02.05 08:15:09" (1/1) ...
[2019-05-02 20:15:09,197 INFO  L185        PluginConnector]: Executing the observer BoogieSymbolTableConstructor from plugin Boogie Preprocessor for "71.bpl de.uni_freiburg.informatik.ultimate.boogie.parser AST 02.05 08:15:09" (1/1) ...
[2019-05-02 20:15:09,198 INFO  L132        PluginConnector]: ------------------------ END Boogie Preprocessor----------------------------
[2019-05-02 20:15:09,198 INFO  L113        PluginConnector]: ------------------------RCFGBuilder----------------------------
[2019-05-02 20:15:09,198 INFO  L271        PluginConnector]: Initializing RCFGBuilder...
[2019-05-02 20:15:09,199 INFO  L276        PluginConnector]: RCFGBuilder initialized
[2019-05-02 20:15:09,199 INFO  L185        PluginConnector]: Executing the observer RCFGBuilderObserver from plugin RCFGBuilder for "71.bpl de.uni_freiburg.informatik.ultimate.boogie.parser AST 02.05 08:15:09" (1/1) ...
No working directory specified, using /home/xuechao/xuechao/work/Lab/Termination/Lasso-Ranker/z3
Starting monitored process 1 with z3 SMTLIB2_COMPLIANT=true -memory:1024 -smt2 -in -t:12000 (exit command is (exit), workingDir is null)
Waiting until toolchain timeout for monitored process 1 with z3 SMTLIB2_COMPLIANT=true -memory:1024 -smt2 -in -t:12000
[2019-05-02 20:15:09,244 INFO  L124     BoogieDeclarations]: Specification and implementation of procedure main given in one single declaration
[2019-05-02 20:15:09,244 INFO  L130     BoogieDeclarations]: Found specification of procedure main
[2019-05-02 20:15:09,244 INFO  L138     BoogieDeclarations]: Found implementation of procedure main
[2019-05-02 20:15:09,327 INFO  L278             CfgBuilder]: Using library mode
[2019-05-02 20:15:09,327 INFO  L286             CfgBuilder]: Removed 0 assue(true) statements.
[2019-05-02 20:15:09,328 INFO  L202        PluginConnector]: Adding new model 71.bpl de.uni_freiburg.informatik.ultimate.plugins.generator.rcfgbuilder CFG 02.05 08:15:09 BoogieIcfgContainer
[2019-05-02 20:15:09,328 INFO  L132        PluginConnector]: ------------------------ END RCFGBuilder----------------------------
[2019-05-02 20:15:09,329 INFO  L113        PluginConnector]: ------------------------LassoRanker----------------------------
[2019-05-02 20:15:09,329 INFO  L271        PluginConnector]: Initializing LassoRanker...
[2019-05-02 20:15:09,329 INFO  L276        PluginConnector]: LassoRanker initialized
[2019-05-02 20:15:09,329 INFO  L185        PluginConnector]: Executing the observer LassoRankerObserver from plugin LassoRanker for "71.bpl de.uni_freiburg.informatik.ultimate.plugins.generator.rcfgbuilder CFG 02.05 08:15:09" (1/1) ...
[2019-05-02 20:15:09,353 INFO  L72            BuchiIsEmpty]: Start buchiIsEmpty. Operand 2 states.
[2019-05-02 20:15:09,368 INFO  L131   ngComponentsAnalysis]: Automaton has 1 accepting balls. 1
[2019-05-02 20:15:09,369 INFO  L87            BuchiIsEmpty]: Finished buchiIsEmpty Result is false
[2019-05-02 20:15:09,369 INFO  L119           BuchiIsEmpty]: Starting construction of run
[2019-05-02 20:15:09,374 INFO  L104     BuchiDifferenceFKV]: Start buchiDifferenceFKV. First operand 2 states. Second operand 1 states.
[2019-05-02 20:15:09,383 INFO  L108     BuchiDifferenceFKV]: Finished buchiDifferenceFKV. First operand 2 states. Second operand 1 states. Result 3 states and 4 transitions. Complement of second has 2 states 2 powerset states0 rank states. The highest rank that occured is -1
[2019-05-02 20:15:09,383 INFO  L72            BuchiIsEmpty]: Start buchiIsEmpty. Operand 3 states and 4 transitions.
[2019-05-02 20:15:09,383 INFO  L131   ngComponentsAnalysis]: Automaton has 0 accepting balls. 0
[2019-05-02 20:15:09,383 INFO  L87            BuchiIsEmpty]: Finished buchiIsEmpty Result is true
[2019-05-02 20:15:09,446 INFO  L216          LassoAnalysis]: Preferences:
[2019-05-02 20:15:09,447 INFO  L124   ssoRankerPreferences]: Compute integeral hull: false
[2019-05-02 20:15:09,447 INFO  L125   ssoRankerPreferences]: Enable LassoPartitioneer: true
[2019-05-02 20:15:09,447 INFO  L126   ssoRankerPreferences]: Term annotations enabled: false
[2019-05-02 20:15:09,447 INFO  L127   ssoRankerPreferences]: Use exernal solver: true
[2019-05-02 20:15:09,447 INFO  L128   ssoRankerPreferences]: SMT solver command: z3 -smt2 -in SMTLIB2_COMPLIANT=true
[2019-05-02 20:15:09,447 INFO  L129   ssoRankerPreferences]: Dump SMT script to file: false
[2019-05-02 20:15:09,448 INFO  L130   ssoRankerPreferences]: Path of dumped script: .
[2019-05-02 20:15:09,448 INFO  L131   ssoRankerPreferences]: Filename of dumped script: LassoRankerScript
[2019-05-02 20:15:09,448 INFO  L132   ssoRankerPreferences]: MapElimAlgo: Frank
[2019-05-02 20:15:09,448 INFO  L282          LassoAnalysis]: Starting lasso preprocessing...
[2019-05-02 20:15:09,463 INFO  L141          MapEliminator]: Using MapEliminator with SimplificationTechnique=SIMPLIFY_DDA XnfConversionTechnique=BOTTOM_UP_WITH_LOCAL_SIMPLIFICATION AddInequalities=false OnlyTrivialImplicationsArrayWrite=false OnlyTrivialImplicationsForModifiedArguments=true OnlyArgumentsInFormula=true
[2019-05-02 20:15:09,619 INFO  L300          LassoAnalysis]: Preprocessing complete.
[2019-05-02 20:15:09,619 INFO  L412          LassoAnalysis]: Checking for nontermination...
No working directory specified, using /home/xuechao/xuechao/work/Lab/Termination/Lasso-Ranker/z3
Starting monitored process 2 with z3 -smt2 -in SMTLIB2_COMPLIANT=true (exit command is (exit), workingDir is null)
Waiting until toolchain timeout for monitored process 2 with z3 -smt2 -in SMTLIB2_COMPLIANT=true
[2019-05-02 20:15:09,623 INFO  L151   nArgumentSynthesizer]: Nontermination analysis: LINEAR_WITH_GUESSES Allow bounded executions: true Number of generalized eigenvectors: 0 Nilpotent components: true
[2019-05-02 20:15:09,623 INFO  L163   nArgumentSynthesizer]: Using integer mode.
No working directory specified, using /home/xuechao/xuechao/work/Lab/Termination/Lasso-Ranker/z3
Starting monitored process 3 with z3 -smt2 -in SMTLIB2_COMPLIANT=true (exit command is (exit), workingDir is null)
Waiting until toolchain timeout for monitored process 3 with z3 -smt2 -in SMTLIB2_COMPLIANT=true
[2019-05-02 20:15:09,646 INFO  L151   nArgumentSynthesizer]: Nontermination analysis: LINEAR_WITH_GUESSES Allow bounded executions: true Number of generalized eigenvectors: 3 Nilpotent components: true
[2019-05-02 20:15:09,646 INFO  L163   nArgumentSynthesizer]: Using integer mode.
[2019-05-02 20:15:09,679 INFO  L452          LassoAnalysis]: Proving nontermination failed: No geometric nontermination argument exists.
[2019-05-02 20:15:09,680 INFO  L216          LassoAnalysis]: Preferences:
[2019-05-02 20:15:09,681 INFO  L124   ssoRankerPreferences]: Compute integeral hull: false
[2019-05-02 20:15:09,681 INFO  L125   ssoRankerPreferences]: Enable LassoPartitioneer: true
[2019-05-02 20:15:09,681 INFO  L126   ssoRankerPreferences]: Term annotations enabled: false
[2019-05-02 20:15:09,681 INFO  L127   ssoRankerPreferences]: Use exernal solver: true
[2019-05-02 20:15:09,681 INFO  L128   ssoRankerPreferences]: SMT solver command: z3 -smt2 -in SMTLIB2_COMPLIANT=true
[2019-05-02 20:15:09,681 INFO  L129   ssoRankerPreferences]: Dump SMT script to file: false
[2019-05-02 20:15:09,681 INFO  L130   ssoRankerPreferences]: Path of dumped script: .
[2019-05-02 20:15:09,681 INFO  L131   ssoRankerPreferences]: Filename of dumped script: LassoRankerScript
[2019-05-02 20:15:09,681 INFO  L132   ssoRankerPreferences]: MapElimAlgo: Frank
[2019-05-02 20:15:09,681 INFO  L282          LassoAnalysis]: Starting lasso preprocessing...
[2019-05-02 20:15:09,682 INFO  L141          MapEliminator]: Using MapEliminator with SimplificationTechnique=SIMPLIFY_DDA XnfConversionTechnique=BOTTOM_UP_WITH_LOCAL_SIMPLIFICATION AddInequalities=false OnlyTrivialImplicationsArrayWrite=false OnlyTrivialImplicationsForModifiedArguments=true OnlyArgumentsInFormula=true
[2019-05-02 20:15:09,752 INFO  L300          LassoAnalysis]: Preprocessing complete.
[2019-05-02 20:15:09,756 INFO  L497          LassoAnalysis]: Using template 'affine'.
No working directory specified, using /home/xuechao/xuechao/work/Lab/Termination/Lasso-Ranker/z3
Starting monitored process 4 with z3 -smt2 -in SMTLIB2_COMPLIANT=true (exit command is (exit), workingDir is null)
Waiting until toolchain timeout for monitored process 4 with z3 -smt2 -in SMTLIB2_COMPLIANT=true
[2019-05-02 20:15:09,763 INFO  L122   nArgumentSynthesizer]: Termination Analysis Settings:
Termination analysis: LINEAR_WITH_GUESSES
Number of strict supporting invariants: 1
Number of non-strict supporting invariants: 0
Consider only non-deceasing supporting invariants: true
Simplify termination arguments: true
Simplify supporting invariants: trueOverapproximate stem: false
[2019-05-02 20:15:09,767 INFO  L339   nArgumentSynthesizer]: Template has degree 0.
[2019-05-02 20:15:09,767 INFO  L352   nArgumentSynthesizer]: There is no stem transition; disabling supporting invariant generation.
[2019-05-02 20:15:09,768 INFO  L205   nArgumentSynthesizer]: 1 stem disjuncts
[2019-05-02 20:15:09,768 INFO  L206   nArgumentSynthesizer]: 2 loop disjuncts
[2019-05-02 20:15:09,768 INFO  L207   nArgumentSynthesizer]: 2 template conjuncts.
[2019-05-02 20:15:09,772 INFO  L402   nArgumentSynthesizer]: We have 4 Motzkin's Theorem applications.
[2019-05-02 20:15:09,773 INFO  L403   nArgumentSynthesizer]: A total of 0 supporting invariants were added.
[2019-05-02 20:15:09,778 INFO  L530          LassoAnalysis]: Proving termination failed for this template and these settings.
[2019-05-02 20:15:09,792 INFO  L497          LassoAnalysis]: Using template '2-nested'.
No working directory specified, using /home/xuechao/xuechao/work/Lab/Termination/Lasso-Ranker/z3
Starting monitored process 5 with z3 -smt2 -in SMTLIB2_COMPLIANT=true (exit command is (exit), workingDir is null)
Waiting until toolchain timeout for monitored process 5 with z3 -smt2 -in SMTLIB2_COMPLIANT=true
[2019-05-02 20:15:09,798 INFO  L122   nArgumentSynthesizer]: Termination Analysis Settings:
Termination analysis: LINEAR_WITH_GUESSES
Number of strict supporting invariants: 1
Number of non-strict supporting invariants: 0
Consider only non-deceasing supporting invariants: true
Simplify termination arguments: true
Simplify supporting invariants: trueOverapproximate stem: false
[2019-05-02 20:15:09,800 INFO  L339   nArgumentSynthesizer]: Template has degree 0.
[2019-05-02 20:15:09,800 INFO  L352   nArgumentSynthesizer]: There is no stem transition; disabling supporting invariant generation.
[2019-05-02 20:15:09,800 INFO  L205   nArgumentSynthesizer]: 1 stem disjuncts
[2019-05-02 20:15:09,801 INFO  L206   nArgumentSynthesizer]: 2 loop disjuncts
[2019-05-02 20:15:09,801 INFO  L207   nArgumentSynthesizer]: 3 template conjuncts.
[2019-05-02 20:15:09,805 INFO  L402   nArgumentSynthesizer]: We have 6 Motzkin's Theorem applications.
[2019-05-02 20:15:09,806 INFO  L403   nArgumentSynthesizer]: A total of 0 supporting invariants were added.
[2019-05-02 20:15:09,810 INFO  L530          LassoAnalysis]: Proving termination failed for this template and these settings.
[2019-05-02 20:15:09,823 INFO  L497          LassoAnalysis]: Using template '3-nested'.
No working directory specified, using /home/xuechao/xuechao/work/Lab/Termination/Lasso-Ranker/z3
Starting monitored process 6 with z3 -smt2 -in SMTLIB2_COMPLIANT=true (exit command is (exit), workingDir is null)
Waiting until toolchain timeout for monitored process 6 with z3 -smt2 -in SMTLIB2_COMPLIANT=true
[2019-05-02 20:15:09,826 INFO  L122   nArgumentSynthesizer]: Termination Analysis Settings:
Termination analysis: LINEAR_WITH_GUESSES
Number of strict supporting invariants: 1
Number of non-strict supporting invariants: 0
Consider only non-deceasing supporting invariants: true
Simplify termination arguments: true
Simplify supporting invariants: trueOverapproximate stem: false
[2019-05-02 20:15:09,828 INFO  L339   nArgumentSynthesizer]: Template has degree 0.
[2019-05-02 20:15:09,828 INFO  L352   nArgumentSynthesizer]: There is no stem transition; disabling supporting invariant generation.
[2019-05-02 20:15:09,828 INFO  L205   nArgumentSynthesizer]: 1 stem disjuncts
[2019-05-02 20:15:09,829 INFO  L206   nArgumentSynthesizer]: 2 loop disjuncts
[2019-05-02 20:15:09,829 INFO  L207   nArgumentSynthesizer]: 4 template conjuncts.
[2019-05-02 20:15:09,842 INFO  L402   nArgumentSynthesizer]: We have 8 Motzkin's Theorem applications.
[2019-05-02 20:15:09,842 INFO  L403   nArgumentSynthesizer]: A total of 0 supporting invariants were added.
[2019-05-02 20:15:09,852 INFO  L530          LassoAnalysis]: Proving termination failed for this template and these settings.
[2019-05-02 20:15:09,867 INFO  L497          LassoAnalysis]: Using template '4-nested'.
No working directory specified, using /home/xuechao/xuechao/work/Lab/Termination/Lasso-Ranker/z3
Starting monitored process 7 with z3 -smt2 -in SMTLIB2_COMPLIANT=true (exit command is (exit), workingDir is null)
Waiting until toolchain timeout for monitored process 7 with z3 -smt2 -in SMTLIB2_COMPLIANT=true
[2019-05-02 20:15:09,874 INFO  L122   nArgumentSynthesizer]: Termination Analysis Settings:
Termination analysis: LINEAR_WITH_GUESSES
Number of strict supporting invariants: 1
Number of non-strict supporting invariants: 0
Consider only non-deceasing supporting invariants: true
Simplify termination arguments: true
Simplify supporting invariants: trueOverapproximate stem: false
[2019-05-02 20:15:09,876 INFO  L339   nArgumentSynthesizer]: Template has degree 0.
[2019-05-02 20:15:09,876 INFO  L352   nArgumentSynthesizer]: There is no stem transition; disabling supporting invariant generation.
[2019-05-02 20:15:09,877 INFO  L205   nArgumentSynthesizer]: 1 stem disjuncts
[2019-05-02 20:15:09,877 INFO  L206   nArgumentSynthesizer]: 2 loop disjuncts
[2019-05-02 20:15:09,877 INFO  L207   nArgumentSynthesizer]: 5 template conjuncts.
[2019-05-02 20:15:09,884 INFO  L402   nArgumentSynthesizer]: We have 10 Motzkin's Theorem applications.
[2019-05-02 20:15:09,884 INFO  L403   nArgumentSynthesizer]: A total of 0 supporting invariants were added.
[2019-05-02 20:15:09,890 INFO  L530          LassoAnalysis]: Proving termination failed for this template and these settings.
[2019-05-02 20:15:09,903 INFO  L497          LassoAnalysis]: Using template '2-phase'.
No working directory specified, using /home/xuechao/xuechao/work/Lab/Termination/Lasso-Ranker/z3
Starting monitored process 8 with z3 -smt2 -in SMTLIB2_COMPLIANT=true (exit command is (exit), workingDir is null)
Waiting until toolchain timeout for monitored process 8 with z3 -smt2 -in SMTLIB2_COMPLIANT=true
[2019-05-02 20:15:09,905 INFO  L122   nArgumentSynthesizer]: Termination Analysis Settings:
Termination analysis: LINEAR_WITH_GUESSES
Number of strict supporting invariants: 1
Number of non-strict supporting invariants: 0
Consider only non-deceasing supporting invariants: true
Simplify termination arguments: true
Simplify supporting invariants: trueOverapproximate stem: false
[2019-05-02 20:15:09,907 WARN  L334   nArgumentSynthesizer]: Using a linear SMT query and a templates of degree > 0, hence this method is incomplete.
[2019-05-02 20:15:09,907 INFO  L339   nArgumentSynthesizer]: Template has degree 1.
[2019-05-02 20:15:09,908 INFO  L352   nArgumentSynthesizer]: There is no stem transition; disabling supporting invariant generation.
[2019-05-02 20:15:09,908 INFO  L205   nArgumentSynthesizer]: 1 stem disjuncts
[2019-05-02 20:15:09,908 INFO  L206   nArgumentSynthesizer]: 2 loop disjuncts
[2019-05-02 20:15:09,908 INFO  L207   nArgumentSynthesizer]: 3 template conjuncts.
[2019-05-02 20:15:09,914 INFO  L402   nArgumentSynthesizer]: We have 6 Motzkin's Theorem applications.
[2019-05-02 20:15:09,914 INFO  L403   nArgumentSynthesizer]: A total of 0 supporting invariants were added.
[2019-05-02 20:15:09,924 INFO  L530          LassoAnalysis]: Proving termination failed for this template and these settings.
[2019-05-02 20:15:09,939 INFO  L497          LassoAnalysis]: Using template 'lex(affine, affine)'.
No working directory specified, using /home/xuechao/xuechao/work/Lab/Termination/Lasso-Ranker/z3
Starting monitored process 9 with z3 -smt2 -in SMTLIB2_COMPLIANT=true (exit command is (exit), workingDir is null)
Waiting until toolchain timeout for monitored process 9 with z3 -smt2 -in SMTLIB2_COMPLIANT=true
[2019-05-02 20:15:09,941 INFO  L122   nArgumentSynthesizer]: Termination Analysis Settings:
Termination analysis: LINEAR_WITH_GUESSES
Number of strict supporting invariants: 1
Number of non-strict supporting invariants: 0
Consider only non-deceasing supporting invariants: true
Simplify termination arguments: true
Simplify supporting invariants: trueOverapproximate stem: false
[2019-05-02 20:15:09,943 WARN  L334   nArgumentSynthesizer]: Using a linear SMT query and a templates of degree > 0, hence this method is incomplete.
[2019-05-02 20:15:09,943 INFO  L339   nArgumentSynthesizer]: Template has degree 5.
[2019-05-02 20:15:09,943 INFO  L352   nArgumentSynthesizer]: There is no stem transition; disabling supporting invariant generation.
[2019-05-02 20:15:09,943 INFO  L205   nArgumentSynthesizer]: 1 stem disjuncts
[2019-05-02 20:15:09,944 INFO  L206   nArgumentSynthesizer]: 2 loop disjuncts
[2019-05-02 20:15:09,944 INFO  L207   nArgumentSynthesizer]: 4 template conjuncts.
[2019-05-02 20:15:09,948 INFO  L402   nArgumentSynthesizer]: We have 8 Motzkin's Theorem applications.
[2019-05-02 20:15:09,948 INFO  L403   nArgumentSynthesizer]: A total of 0 supporting invariants were added.
[2019-05-02 20:15:09,957 INFO  L530          LassoAnalysis]: Proving termination failed for this template and these settings.
[2019-05-02 20:15:09,972 INFO  L497          LassoAnalysis]: Using template '2-piece'.
No working directory specified, using /home/xuechao/xuechao/work/Lab/Termination/Lasso-Ranker/z3
Starting monitored process 10 with z3 -smt2 -in SMTLIB2_COMPLIANT=true (exit command is (exit), workingDir is null)
Waiting until toolchain timeout for monitored process 10 with z3 -smt2 -in SMTLIB2_COMPLIANT=true
[2019-05-02 20:15:09,974 INFO  L122   nArgumentSynthesizer]: Termination Analysis Settings:
Termination analysis: LINEAR_WITH_GUESSES
Number of strict supporting invariants: 1
Number of non-strict supporting invariants: 0
Consider only non-deceasing supporting invariants: true
Simplify termination arguments: true
Simplify supporting invariants: trueOverapproximate stem: false
[2019-05-02 20:15:09,976 WARN  L334   nArgumentSynthesizer]: Using a linear SMT query and a templates of degree > 0, hence this method is incomplete.
[2019-05-02 20:15:09,976 INFO  L339   nArgumentSynthesizer]: Template has degree 7.
[2019-05-02 20:15:09,976 INFO  L352   nArgumentSynthesizer]: There is no stem transition; disabling supporting invariant generation.
[2019-05-02 20:15:09,976 INFO  L205   nArgumentSynthesizer]: 1 stem disjuncts
[2019-05-02 20:15:09,976 INFO  L206   nArgumentSynthesizer]: 2 loop disjuncts
[2019-05-02 20:15:09,977 INFO  L207   nArgumentSynthesizer]: 7 template conjuncts.
[2019-05-02 20:15:09,987 INFO  L402   nArgumentSynthesizer]: We have 14 Motzkin's Theorem applications.
[2019-05-02 20:15:09,987 INFO  L403   nArgumentSynthesizer]: A total of 0 supporting invariants were added.
[2019-05-02 20:15:10,155 INFO  L421   nArgumentSynthesizer]: Found a termination argument, trying to simplify.
[2019-05-02 20:15:10,310 INFO  L443   ModelExtractionUtils]: Simplification made 13 calls to the SMT solver.
[2019-05-02 20:15:10,310 INFO  L444   ModelExtractionUtils]: 6 out of 17 variables were initially zero. Simplification set additionally 6 variables to zero.
No working directory specified, using /home/xuechao/xuechao/work/Lab/Termination/Lasso-Ranker/z3
Starting monitored process 11 with z3 -smt2 -in SMTLIB2_COMPLIANT=true (exit command is (exit), workingDir is null)
Waiting until toolchain timeout for monitored process 11 with z3 -smt2 -in SMTLIB2_COMPLIANT=true
[2019-05-02 20:15:10,320 INFO  L437   nArgumentSynthesizer]: Simplifying supporting invariants...
[2019-05-02 20:15:10,320 INFO  L440   nArgumentSynthesizer]: Removed 0 redundant supporting invariants from a total of 0.
[2019-05-02 20:15:10,320 INFO  L518          LassoAnalysis]: Proved termination.
[2019-05-02 20:15:10,321 INFO  L520          LassoAnalysis]: Termination argument consisting of:
Ranking function 2-piece ranking function:
  f(main_y, main_x) = {
    1*main_y,	if -1*main_i >= 0,
    1*main_x,	if 1*main_i >= 0.
Supporting invariants []
[2019-05-02 20:15:10,344 INFO  L132        PluginConnector]: ------------------------ END LassoRanker----------------------------
[2019-05-02 20:15:10,345 INFO  L168              Benchmark]: Toolchain (without parser) took 1176.17 ms. Allocated memory is still 514.9 MB. Free memory was 477.5 MB in the beginning and 375.3 MB in the end (delta: 102.2 MB). Peak memory consumption was 102.2 MB. Max. memory is 11.5 GB.
[2019-05-02 20:15:10,346 INFO  L168              Benchmark]: Boogie PL CUP Parser took 0.17 ms. Allocated memory is still 514.9 MB. Free memory is still 478.9 MB. There was no memory consumed. Max. memory is 11.5 GB.
[2019-05-02 20:15:10,346 INFO  L168              Benchmark]: Boogie Preprocessor took 28.33 ms. Allocated memory is still 514.9 MB. Free memory was 477.5 MB in the beginning and 474.8 MB in the end (delta: 2.7 MB). Peak memory consumption was 2.7 MB. Max. memory is 11.5 GB.
[2019-05-02 20:15:10,347 INFO  L168              Benchmark]: RCFGBuilder took 130.03 ms. Allocated memory is still 514.9 MB. Free memory was 474.8 MB in the beginning and 465.1 MB in the end (delta: 9.6 MB). Peak memory consumption was 9.6 MB. Max. memory is 11.5 GB.
[2019-05-02 20:15:10,348 INFO  L168              Benchmark]: LassoRanker took 1015.54 ms. Allocated memory is still 514.9 MB. Free memory was 465.1 MB in the beginning and 375.3 MB in the end (delta: 89.9 MB). Peak memory consumption was 89.9 MB. Max. memory is 11.5 GB.
[2019-05-02 20:15:10,350 INFO  L336   ainManager$Toolchain]: #######################  End [Toolchain 1] #######################
 --- Results ---
 * Results from de.uni_freiburg.informatik.ultimate.core:
  - StatisticsResult: Toolchain Benchmarks
    Benchmark results are:
 * Boogie PL CUP Parser took 0.17 ms. Allocated memory is still 514.9 MB. Free memory is still 478.9 MB. There was no memory consumed. Max. memory is 11.5 GB.
 * Boogie Preprocessor took 28.33 ms. Allocated memory is still 514.9 MB. Free memory was 477.5 MB in the beginning and 474.8 MB in the end (delta: 2.7 MB). Peak memory consumption was 2.7 MB. Max. memory is 11.5 GB.
 * RCFGBuilder took 130.03 ms. Allocated memory is still 514.9 MB. Free memory was 474.8 MB in the beginning and 465.1 MB in the end (delta: 9.6 MB). Peak memory consumption was 9.6 MB. Max. memory is 11.5 GB.
 * LassoRanker took 1015.54 ms. Allocated memory is still 514.9 MB. Free memory was 465.1 MB in the beginning and 375.3 MB in the end (delta: 89.9 MB). Peak memory consumption was 89.9 MB. Max. memory is 11.5 GB.
 * Results from de.uni_freiburg.informatik.ultimate.plugins.analysis.lassoranker:
  - TerminationArgumentResult [Line: 10]: Found 2-piece ranking function
    Found a termination argument consisting of the 2-piece ranking function: [(if -1 * i >= 0 then y else (if i >= 0 then x else 0))] for which no supporting invariant is required.
RESULT: Ultimate proved your program to be correct!
Received shutdown request...
