This is Ultimate 0.1.24-16d85fa
[2019-05-02 20:15:12,065 INFO  L170        SettingsManager]: Resetting all preferences to default values...
[2019-05-02 20:15:12,066 INFO  L174        SettingsManager]: Resetting UltimateCore preferences to default values
[2019-05-02 20:15:12,076 INFO  L177        SettingsManager]: Ultimate Commandline Interface provides no preferences, ignoring...
[2019-05-02 20:15:12,076 INFO  L174        SettingsManager]: Resetting Boogie Preprocessor preferences to default values
[2019-05-02 20:15:12,077 INFO  L174        SettingsManager]: Resetting Boogie Procedure Inliner preferences to default values
[2019-05-02 20:15:12,078 INFO  L174        SettingsManager]: Resetting Abstract Interpretation preferences to default values
[2019-05-02 20:15:12,079 INFO  L174        SettingsManager]: Resetting LassoRanker preferences to default values
[2019-05-02 20:15:12,080 INFO  L174        SettingsManager]: Resetting Reaching Definitions preferences to default values
[2019-05-02 20:15:12,081 INFO  L174        SettingsManager]: Resetting SyntaxChecker preferences to default values
[2019-05-02 20:15:12,082 INFO  L177        SettingsManager]: Büchi Program Product provides no preferences, ignoring...
[2019-05-02 20:15:12,082 INFO  L174        SettingsManager]: Resetting LTL2Aut preferences to default values
[2019-05-02 20:15:12,082 INFO  L174        SettingsManager]: Resetting PEA to Boogie preferences to default values
[2019-05-02 20:15:12,083 INFO  L174        SettingsManager]: Resetting BlockEncodingV2 preferences to default values
[2019-05-02 20:15:12,084 INFO  L174        SettingsManager]: Resetting ChcToBoogie preferences to default values
[2019-05-02 20:15:12,084 INFO  L174        SettingsManager]: Resetting AutomataScriptInterpreter preferences to default values
[2019-05-02 20:15:12,085 INFO  L174        SettingsManager]: Resetting BuchiAutomizer preferences to default values
[2019-05-02 20:15:12,086 INFO  L174        SettingsManager]: Resetting CACSL2BoogieTranslator preferences to default values
[2019-05-02 20:15:12,087 INFO  L174        SettingsManager]: Resetting CodeCheck preferences to default values
[2019-05-02 20:15:12,088 INFO  L174        SettingsManager]: Resetting InvariantSynthesis preferences to default values
[2019-05-02 20:15:12,089 INFO  L174        SettingsManager]: Resetting RCFGBuilder preferences to default values
[2019-05-02 20:15:12,090 INFO  L174        SettingsManager]: Resetting TraceAbstraction preferences to default values
[2019-05-02 20:15:12,091 INFO  L177        SettingsManager]: TraceAbstractionConcurrent provides no preferences, ignoring...
[2019-05-02 20:15:12,092 INFO  L177        SettingsManager]: TraceAbstractionWithAFAs provides no preferences, ignoring...
[2019-05-02 20:15:12,092 INFO  L174        SettingsManager]: Resetting TreeAutomizer preferences to default values
[2019-05-02 20:15:12,092 INFO  L174        SettingsManager]: Resetting IcfgTransformer preferences to default values
[2019-05-02 20:15:12,093 INFO  L174        SettingsManager]: Resetting Boogie Printer preferences to default values
[2019-05-02 20:15:12,093 INFO  L174        SettingsManager]: Resetting ReqPrinter preferences to default values
[2019-05-02 20:15:12,094 INFO  L174        SettingsManager]: Resetting Witness Printer preferences to default values
[2019-05-02 20:15:12,094 INFO  L177        SettingsManager]: Boogie PL CUP Parser provides no preferences, ignoring...
[2019-05-02 20:15:12,095 INFO  L174        SettingsManager]: Resetting CDTParser preferences to default values
[2019-05-02 20:15:12,095 INFO  L177        SettingsManager]: AutomataScriptParser provides no preferences, ignoring...
[2019-05-02 20:15:12,095 INFO  L177        SettingsManager]: ReqParser provides no preferences, ignoring...
[2019-05-02 20:15:12,095 INFO  L174        SettingsManager]: Resetting SmtParser preferences to default values
[2019-05-02 20:15:12,096 INFO  L174        SettingsManager]: Resetting Witness Parser preferences to default values
[2019-05-02 20:15:12,096 INFO  L181        SettingsManager]: Finished resetting all preferences to default values...
[2019-05-02 20:15:12,112 INFO  L81    nceAwareModelManager]: Repository-Root is: /tmp
[2019-05-02 20:15:12,121 INFO  L258   ainManager$Toolchain]: [Toolchain 1]: Applicable parser(s) successfully (re)initialized
[2019-05-02 20:15:12,123 INFO  L214   ainManager$Toolchain]: [Toolchain 1]: Toolchain selected.
[2019-05-02 20:15:12,124 INFO  L271        PluginConnector]: Initializing Boogie PL CUP Parser...
[2019-05-02 20:15:12,124 INFO  L276        PluginConnector]: Boogie PL CUP Parser initialized
[2019-05-02 20:15:12,125 INFO  L418   ainManager$Toolchain]: [Toolchain 1]: Parsing single file: /home/xuechao/xuechao/work/Lab/Termination/Lasso-Ranker/Program_non/72.bpl
[2019-05-02 20:15:12,125 INFO  L111           BoogieParser]: Parsing: '/home/xuechao/xuechao/work/Lab/Termination/Lasso-Ranker/Program_non/72.bpl'
[2019-05-02 20:15:12,146 INFO  L296   ainManager$Toolchain]: ####################### [Toolchain 1] #######################
[2019-05-02 20:15:12,147 INFO  L131        ToolchainWalker]: Walking toolchain with 3 elements.
[2019-05-02 20:15:12,148 INFO  L113        PluginConnector]: ------------------------Boogie Preprocessor----------------------------
[2019-05-02 20:15:12,148 INFO  L271        PluginConnector]: Initializing Boogie Preprocessor...
[2019-05-02 20:15:12,148 INFO  L276        PluginConnector]: Boogie Preprocessor initialized
[2019-05-02 20:15:12,163 INFO  L185        PluginConnector]: Executing the observer EnsureBoogieModelObserver from plugin Boogie Preprocessor for "72.bpl de.uni_freiburg.informatik.ultimate.boogie.parser AST 02.05 08:15:12" (1/1) ...
[2019-05-02 20:15:12,164 INFO  L185        PluginConnector]: Executing the observer TypeChecker from plugin Boogie Preprocessor for "72.bpl de.uni_freiburg.informatik.ultimate.boogie.parser AST 02.05 08:15:12" (1/1) ...
[2019-05-02 20:15:12,169 INFO  L185        PluginConnector]: Executing the observer ConstExpander from plugin Boogie Preprocessor for "72.bpl de.uni_freiburg.informatik.ultimate.boogie.parser AST 02.05 08:15:12" (1/1) ...
[2019-05-02 20:15:12,169 INFO  L185        PluginConnector]: Executing the observer StructExpander from plugin Boogie Preprocessor for "72.bpl de.uni_freiburg.informatik.ultimate.boogie.parser AST 02.05 08:15:12" (1/1) ...
[2019-05-02 20:15:12,171 INFO  L185        PluginConnector]: Executing the observer UnstructureCode from plugin Boogie Preprocessor for "72.bpl de.uni_freiburg.informatik.ultimate.boogie.parser AST 02.05 08:15:12" (1/1) ...
[2019-05-02 20:15:12,174 INFO  L185        PluginConnector]: Executing the observer FunctionInliner from plugin Boogie Preprocessor for "72.bpl de.uni_freiburg.informatik.ultimate.boogie.parser AST 02.05 08:15:12" (1/1) ...
[2019-05-02 20:15:12,174 INFO  L185        PluginConnector]: Executing the observer BoogieSymbolTableConstructor from plugin Boogie Preprocessor for "72.bpl de.uni_freiburg.informatik.ultimate.boogie.parser AST 02.05 08:15:12" (1/1) ...
[2019-05-02 20:15:12,175 INFO  L132        PluginConnector]: ------------------------ END Boogie Preprocessor----------------------------
[2019-05-02 20:15:12,176 INFO  L113        PluginConnector]: ------------------------RCFGBuilder----------------------------
[2019-05-02 20:15:12,176 INFO  L271        PluginConnector]: Initializing RCFGBuilder...
[2019-05-02 20:15:12,176 INFO  L276        PluginConnector]: RCFGBuilder initialized
[2019-05-02 20:15:12,176 INFO  L185        PluginConnector]: Executing the observer RCFGBuilderObserver from plugin RCFGBuilder for "72.bpl de.uni_freiburg.informatik.ultimate.boogie.parser AST 02.05 08:15:12" (1/1) ...
No working directory specified, using /home/xuechao/xuechao/work/Lab/Termination/Lasso-Ranker/z3
Starting monitored process 1 with z3 SMTLIB2_COMPLIANT=true -memory:1024 -smt2 -in -t:12000 (exit command is (exit), workingDir is null)
Waiting until toolchain timeout for monitored process 1 with z3 SMTLIB2_COMPLIANT=true -memory:1024 -smt2 -in -t:12000
[2019-05-02 20:15:12,216 INFO  L124     BoogieDeclarations]: Specification and implementation of procedure Mysore given in one single declaration
[2019-05-02 20:15:12,216 INFO  L130     BoogieDeclarations]: Found specification of procedure Mysore
[2019-05-02 20:15:12,217 INFO  L138     BoogieDeclarations]: Found implementation of procedure Mysore
[2019-05-02 20:15:12,295 INFO  L278             CfgBuilder]: Using library mode
[2019-05-02 20:15:12,295 INFO  L286             CfgBuilder]: Removed 0 assue(true) statements.
[2019-05-02 20:15:12,296 INFO  L202        PluginConnector]: Adding new model 72.bpl de.uni_freiburg.informatik.ultimate.plugins.generator.rcfgbuilder CFG 02.05 08:15:12 BoogieIcfgContainer
[2019-05-02 20:15:12,296 INFO  L132        PluginConnector]: ------------------------ END RCFGBuilder----------------------------
[2019-05-02 20:15:12,296 INFO  L113        PluginConnector]: ------------------------LassoRanker----------------------------
[2019-05-02 20:15:12,296 INFO  L271        PluginConnector]: Initializing LassoRanker...
[2019-05-02 20:15:12,297 INFO  L276        PluginConnector]: LassoRanker initialized
[2019-05-02 20:15:12,297 INFO  L185        PluginConnector]: Executing the observer LassoRankerObserver from plugin LassoRanker for "72.bpl de.uni_freiburg.informatik.ultimate.plugins.generator.rcfgbuilder CFG 02.05 08:15:12" (1/1) ...
[2019-05-02 20:15:12,319 INFO  L72            BuchiIsEmpty]: Start buchiIsEmpty. Operand 2 states.
[2019-05-02 20:15:12,335 INFO  L131   ngComponentsAnalysis]: Automaton has 1 accepting balls. 1
[2019-05-02 20:15:12,335 INFO  L87            BuchiIsEmpty]: Finished buchiIsEmpty Result is false
[2019-05-02 20:15:12,335 INFO  L119           BuchiIsEmpty]: Starting construction of run
[2019-05-02 20:15:12,341 INFO  L104     BuchiDifferenceFKV]: Start buchiDifferenceFKV. First operand 2 states. Second operand 1 states.
[2019-05-02 20:15:12,349 INFO  L108     BuchiDifferenceFKV]: Finished buchiDifferenceFKV. First operand 2 states. Second operand 1 states. Result 3 states and 4 transitions. Complement of second has 2 states 2 powerset states0 rank states. The highest rank that occured is -1
[2019-05-02 20:15:12,349 INFO  L72            BuchiIsEmpty]: Start buchiIsEmpty. Operand 3 states and 4 transitions.
[2019-05-02 20:15:12,350 INFO  L131   ngComponentsAnalysis]: Automaton has 0 accepting balls. 0
[2019-05-02 20:15:12,350 INFO  L87            BuchiIsEmpty]: Finished buchiIsEmpty Result is true
[2019-05-02 20:15:12,405 INFO  L216          LassoAnalysis]: Preferences:
[2019-05-02 20:15:12,406 INFO  L124   ssoRankerPreferences]: Compute integeral hull: false
[2019-05-02 20:15:12,406 INFO  L125   ssoRankerPreferences]: Enable LassoPartitioneer: true
[2019-05-02 20:15:12,406 INFO  L126   ssoRankerPreferences]: Term annotations enabled: false
[2019-05-02 20:15:12,406 INFO  L127   ssoRankerPreferences]: Use exernal solver: true
[2019-05-02 20:15:12,406 INFO  L128   ssoRankerPreferences]: SMT solver command: z3 -smt2 -in SMTLIB2_COMPLIANT=true
[2019-05-02 20:15:12,406 INFO  L129   ssoRankerPreferences]: Dump SMT script to file: false
[2019-05-02 20:15:12,406 INFO  L130   ssoRankerPreferences]: Path of dumped script: .
[2019-05-02 20:15:12,406 INFO  L131   ssoRankerPreferences]: Filename of dumped script: LassoRankerScript
[2019-05-02 20:15:12,407 INFO  L132   ssoRankerPreferences]: MapElimAlgo: Frank
[2019-05-02 20:15:12,407 INFO  L282          LassoAnalysis]: Starting lasso preprocessing...
[2019-05-02 20:15:12,422 INFO  L141          MapEliminator]: Using MapEliminator with SimplificationTechnique=SIMPLIFY_DDA XnfConversionTechnique=BOTTOM_UP_WITH_LOCAL_SIMPLIFICATION AddInequalities=false OnlyTrivialImplicationsArrayWrite=false OnlyTrivialImplicationsForModifiedArguments=true OnlyArgumentsInFormula=true
[2019-05-02 20:15:12,480 INFO  L300          LassoAnalysis]: Preprocessing complete.
[2019-05-02 20:15:12,480 INFO  L412          LassoAnalysis]: Checking for nontermination...
No working directory specified, using /home/xuechao/xuechao/work/Lab/Termination/Lasso-Ranker/z3
Starting monitored process 2 with z3 -smt2 -in SMTLIB2_COMPLIANT=true (exit command is (exit), workingDir is null)
Waiting until toolchain timeout for monitored process 2 with z3 -smt2 -in SMTLIB2_COMPLIANT=true
[2019-05-02 20:15:12,486 INFO  L151   nArgumentSynthesizer]: Nontermination analysis: LINEAR_WITH_GUESSES Allow bounded executions: true Number of generalized eigenvectors: 0 Nilpotent components: true
[2019-05-02 20:15:12,486 INFO  L163   nArgumentSynthesizer]: Using integer mode.
No working directory specified, using /home/xuechao/xuechao/work/Lab/Termination/Lasso-Ranker/z3
Starting monitored process 3 with z3 -smt2 -in SMTLIB2_COMPLIANT=true (exit command is (exit), workingDir is null)
Waiting until toolchain timeout for monitored process 3 with z3 -smt2 -in SMTLIB2_COMPLIANT=true
[2019-05-02 20:15:12,507 INFO  L151   nArgumentSynthesizer]: Nontermination analysis: LINEAR_WITH_GUESSES Allow bounded executions: true Number of generalized eigenvectors: 3 Nilpotent components: true
[2019-05-02 20:15:12,507 INFO  L163   nArgumentSynthesizer]: Using integer mode.
[2019-05-02 20:15:12,532 INFO  L452          LassoAnalysis]: Proving nontermination failed: No geometric nontermination argument exists.
[2019-05-02 20:15:12,533 INFO  L216          LassoAnalysis]: Preferences:
[2019-05-02 20:15:12,533 INFO  L124   ssoRankerPreferences]: Compute integeral hull: false
[2019-05-02 20:15:12,533 INFO  L125   ssoRankerPreferences]: Enable LassoPartitioneer: true
[2019-05-02 20:15:12,533 INFO  L126   ssoRankerPreferences]: Term annotations enabled: false
[2019-05-02 20:15:12,534 INFO  L127   ssoRankerPreferences]: Use exernal solver: true
[2019-05-02 20:15:12,534 INFO  L128   ssoRankerPreferences]: SMT solver command: z3 -smt2 -in SMTLIB2_COMPLIANT=true
[2019-05-02 20:15:12,534 INFO  L129   ssoRankerPreferences]: Dump SMT script to file: false
[2019-05-02 20:15:12,534 INFO  L130   ssoRankerPreferences]: Path of dumped script: .
[2019-05-02 20:15:12,534 INFO  L131   ssoRankerPreferences]: Filename of dumped script: LassoRankerScript
[2019-05-02 20:15:12,534 INFO  L132   ssoRankerPreferences]: MapElimAlgo: Frank
[2019-05-02 20:15:12,534 INFO  L282          LassoAnalysis]: Starting lasso preprocessing...
[2019-05-02 20:15:12,535 INFO  L141          MapEliminator]: Using MapEliminator with SimplificationTechnique=SIMPLIFY_DDA XnfConversionTechnique=BOTTOM_UP_WITH_LOCAL_SIMPLIFICATION AddInequalities=false OnlyTrivialImplicationsArrayWrite=false OnlyTrivialImplicationsForModifiedArguments=true OnlyArgumentsInFormula=true
[2019-05-02 20:15:12,591 INFO  L300          LassoAnalysis]: Preprocessing complete.
[2019-05-02 20:15:12,595 INFO  L497          LassoAnalysis]: Using template 'affine'.
No working directory specified, using /home/xuechao/xuechao/work/Lab/Termination/Lasso-Ranker/z3
Starting monitored process 4 with z3 -smt2 -in SMTLIB2_COMPLIANT=true (exit command is (exit), workingDir is null)
Waiting until toolchain timeout for monitored process 4 with z3 -smt2 -in SMTLIB2_COMPLIANT=true
[2019-05-02 20:15:12,598 INFO  L122   nArgumentSynthesizer]: Termination Analysis Settings:
Termination analysis: LINEAR_WITH_GUESSES
Number of strict supporting invariants: 1
Number of non-strict supporting invariants: 0
Consider only non-deceasing supporting invariants: true
Simplify termination arguments: true
Simplify supporting invariants: trueOverapproximate stem: false
[2019-05-02 20:15:12,600 INFO  L339   nArgumentSynthesizer]: Template has degree 0.
[2019-05-02 20:15:12,600 INFO  L352   nArgumentSynthesizer]: There is no stem transition; disabling supporting invariant generation.
[2019-05-02 20:15:12,600 INFO  L205   nArgumentSynthesizer]: 1 stem disjuncts
[2019-05-02 20:15:12,600 INFO  L206   nArgumentSynthesizer]: 1 loop disjuncts
[2019-05-02 20:15:12,601 INFO  L207   nArgumentSynthesizer]: 2 template conjuncts.
[2019-05-02 20:15:12,603 INFO  L402   nArgumentSynthesizer]: We have 2 Motzkin's Theorem applications.
[2019-05-02 20:15:12,603 INFO  L403   nArgumentSynthesizer]: A total of 0 supporting invariants were added.
[2019-05-02 20:15:12,606 INFO  L530          LassoAnalysis]: Proving termination failed for this template and these settings.
[2019-05-02 20:15:12,622 INFO  L497          LassoAnalysis]: Using template '2-nested'.
No working directory specified, using /home/xuechao/xuechao/work/Lab/Termination/Lasso-Ranker/z3
Starting monitored process 5 with z3 -smt2 -in SMTLIB2_COMPLIANT=true (exit command is (exit), workingDir is null)
Waiting until toolchain timeout for monitored process 5 with z3 -smt2 -in SMTLIB2_COMPLIANT=true
[2019-05-02 20:15:12,625 INFO  L122   nArgumentSynthesizer]: Termination Analysis Settings:
Termination analysis: LINEAR_WITH_GUESSES
Number of strict supporting invariants: 1
Number of non-strict supporting invariants: 0
Consider only non-deceasing supporting invariants: true
Simplify termination arguments: true
Simplify supporting invariants: trueOverapproximate stem: false
[2019-05-02 20:15:12,627 INFO  L339   nArgumentSynthesizer]: Template has degree 0.
[2019-05-02 20:15:12,627 INFO  L352   nArgumentSynthesizer]: There is no stem transition; disabling supporting invariant generation.
[2019-05-02 20:15:12,627 INFO  L205   nArgumentSynthesizer]: 1 stem disjuncts
[2019-05-02 20:15:12,627 INFO  L206   nArgumentSynthesizer]: 1 loop disjuncts
[2019-05-02 20:15:12,628 INFO  L207   nArgumentSynthesizer]: 3 template conjuncts.
[2019-05-02 20:15:12,630 INFO  L402   nArgumentSynthesizer]: We have 3 Motzkin's Theorem applications.
[2019-05-02 20:15:12,630 INFO  L403   nArgumentSynthesizer]: A total of 0 supporting invariants were added.
[2019-05-02 20:15:12,633 INFO  L421   nArgumentSynthesizer]: Found a termination argument, trying to simplify.
[2019-05-02 20:15:12,640 INFO  L443   ModelExtractionUtils]: Simplification made 4 calls to the SMT solver.
[2019-05-02 20:15:12,640 INFO  L444   ModelExtractionUtils]: 1 out of 7 variables were initially zero. Simplification set additionally 0 variables to zero.
No working directory specified, using /home/xuechao/xuechao/work/Lab/Termination/Lasso-Ranker/z3
Starting monitored process 6 with z3 -smt2 -in SMTLIB2_COMPLIANT=true (exit command is (exit), workingDir is null)
Waiting until toolchain timeout for monitored process 6 with z3 -smt2 -in SMTLIB2_COMPLIANT=true
[2019-05-02 20:15:12,643 INFO  L437   nArgumentSynthesizer]: Simplifying supporting invariants...
[2019-05-02 20:15:12,644 INFO  L440   nArgumentSynthesizer]: Removed 0 redundant supporting invariants from a total of 0.
[2019-05-02 20:15:12,644 INFO  L518          LassoAnalysis]: Proved termination.
[2019-05-02 20:15:12,644 INFO  L520          LassoAnalysis]: Termination argument consisting of:
Ranking function 2-nested ranking function:
  f0 = -2*Mysore_c + 3
  f1 = 2*Mysore_c + 2*Mysore_x + 1
Supporting invariants []
[2019-05-02 20:15:12,665 INFO  L132        PluginConnector]: ------------------------ END LassoRanker----------------------------
[2019-05-02 20:15:12,665 INFO  L168              Benchmark]: Toolchain (without parser) took 518.86 ms. Allocated memory is still 514.9 MB. Free memory was 474.9 MB in the beginning and 424.2 MB in the end (delta: 50.7 MB). Peak memory consumption was 50.7 MB. Max. memory is 11.5 GB.
[2019-05-02 20:15:12,667 INFO  L168              Benchmark]: Boogie PL CUP Parser took 0.12 ms. Allocated memory is still 514.9 MB. Free memory is still 479.1 MB. There was no memory consumed. Max. memory is 11.5 GB.
[2019-05-02 20:15:12,667 INFO  L168              Benchmark]: Boogie Preprocessor took 27.63 ms. Allocated memory is still 514.9 MB. Free memory was 474.9 MB in the beginning and 472.3 MB in the end (delta: 2.7 MB). Peak memory consumption was 2.7 MB. Max. memory is 11.5 GB.
[2019-05-02 20:15:12,668 INFO  L168              Benchmark]: RCFGBuilder took 120.51 ms. Allocated memory is still 514.9 MB. Free memory was 472.3 MB in the beginning and 462.7 MB in the end (delta: 9.6 MB). Peak memory consumption was 9.6 MB. Max. memory is 11.5 GB.
[2019-05-02 20:15:12,668 INFO  L168              Benchmark]: LassoRanker took 368.36 ms. Allocated memory is still 514.9 MB. Free memory was 462.7 MB in the beginning and 424.2 MB in the end (delta: 38.5 MB). Peak memory consumption was 38.5 MB. Max. memory is 11.5 GB.
[2019-05-02 20:15:12,671 INFO  L336   ainManager$Toolchain]: #######################  End [Toolchain 1] #######################
 --- Results ---
 * Results from de.uni_freiburg.informatik.ultimate.core:
  - StatisticsResult: Toolchain Benchmarks
    Benchmark results are:
 * Boogie PL CUP Parser took 0.12 ms. Allocated memory is still 514.9 MB. Free memory is still 479.1 MB. There was no memory consumed. Max. memory is 11.5 GB.
 * Boogie Preprocessor took 27.63 ms. Allocated memory is still 514.9 MB. Free memory was 474.9 MB in the beginning and 472.3 MB in the end (delta: 2.7 MB). Peak memory consumption was 2.7 MB. Max. memory is 11.5 GB.
 * RCFGBuilder took 120.51 ms. Allocated memory is still 514.9 MB. Free memory was 472.3 MB in the beginning and 462.7 MB in the end (delta: 9.6 MB). Peak memory consumption was 9.6 MB. Max. memory is 11.5 GB.
 * LassoRanker took 368.36 ms. Allocated memory is still 514.9 MB. Free memory was 462.7 MB in the beginning and 424.2 MB in the end (delta: 38.5 MB). Peak memory consumption was 38.5 MB. Max. memory is 11.5 GB.
 * Results from de.uni_freiburg.informatik.ultimate.plugins.analysis.lassoranker:
  - TerminationArgumentResult [Line: 10]: Found 2-nested ranking function
    Found a termination argument consisting of the 2-nested ranking function: [(if -2 * c + 3 > 0 then 1 else 0), (if -2 * c + 3 > 0 then -2 * c + 3 else 2 * c + 2 * x + 1)] for which no supporting invariant is required.
RESULT: Ultimate proved your program to be correct!
Received shutdown request...
