This is Ultimate 0.1.24-16d85fa
[2019-05-02 20:15:14,326 INFO  L170        SettingsManager]: Resetting all preferences to default values...
[2019-05-02 20:15:14,328 INFO  L174        SettingsManager]: Resetting UltimateCore preferences to default values
[2019-05-02 20:15:14,337 INFO  L177        SettingsManager]: Ultimate Commandline Interface provides no preferences, ignoring...
[2019-05-02 20:15:14,338 INFO  L174        SettingsManager]: Resetting Boogie Preprocessor preferences to default values
[2019-05-02 20:15:14,338 INFO  L174        SettingsManager]: Resetting Boogie Procedure Inliner preferences to default values
[2019-05-02 20:15:14,339 INFO  L174        SettingsManager]: Resetting Abstract Interpretation preferences to default values
[2019-05-02 20:15:14,341 INFO  L174        SettingsManager]: Resetting LassoRanker preferences to default values
[2019-05-02 20:15:14,342 INFO  L174        SettingsManager]: Resetting Reaching Definitions preferences to default values
[2019-05-02 20:15:14,342 INFO  L174        SettingsManager]: Resetting SyntaxChecker preferences to default values
[2019-05-02 20:15:14,343 INFO  L177        SettingsManager]: Büchi Program Product provides no preferences, ignoring...
[2019-05-02 20:15:14,343 INFO  L174        SettingsManager]: Resetting LTL2Aut preferences to default values
[2019-05-02 20:15:14,344 INFO  L174        SettingsManager]: Resetting PEA to Boogie preferences to default values
[2019-05-02 20:15:14,344 INFO  L174        SettingsManager]: Resetting BlockEncodingV2 preferences to default values
[2019-05-02 20:15:14,345 INFO  L174        SettingsManager]: Resetting ChcToBoogie preferences to default values
[2019-05-02 20:15:14,346 INFO  L174        SettingsManager]: Resetting AutomataScriptInterpreter preferences to default values
[2019-05-02 20:15:14,346 INFO  L174        SettingsManager]: Resetting BuchiAutomizer preferences to default values
[2019-05-02 20:15:14,347 INFO  L174        SettingsManager]: Resetting CACSL2BoogieTranslator preferences to default values
[2019-05-02 20:15:14,349 INFO  L174        SettingsManager]: Resetting CodeCheck preferences to default values
[2019-05-02 20:15:14,350 INFO  L174        SettingsManager]: Resetting InvariantSynthesis preferences to default values
[2019-05-02 20:15:14,351 INFO  L174        SettingsManager]: Resetting RCFGBuilder preferences to default values
[2019-05-02 20:15:14,352 INFO  L174        SettingsManager]: Resetting TraceAbstraction preferences to default values
[2019-05-02 20:15:14,353 INFO  L177        SettingsManager]: TraceAbstractionConcurrent provides no preferences, ignoring...
[2019-05-02 20:15:14,353 INFO  L177        SettingsManager]: TraceAbstractionWithAFAs provides no preferences, ignoring...
[2019-05-02 20:15:14,353 INFO  L174        SettingsManager]: Resetting TreeAutomizer preferences to default values
[2019-05-02 20:15:14,354 INFO  L174        SettingsManager]: Resetting IcfgTransformer preferences to default values
[2019-05-02 20:15:14,355 INFO  L174        SettingsManager]: Resetting Boogie Printer preferences to default values
[2019-05-02 20:15:14,355 INFO  L174        SettingsManager]: Resetting ReqPrinter preferences to default values
[2019-05-02 20:15:14,356 INFO  L174        SettingsManager]: Resetting Witness Printer preferences to default values
[2019-05-02 20:15:14,356 INFO  L177        SettingsManager]: Boogie PL CUP Parser provides no preferences, ignoring...
[2019-05-02 20:15:14,356 INFO  L174        SettingsManager]: Resetting CDTParser preferences to default values
[2019-05-02 20:15:14,357 INFO  L177        SettingsManager]: AutomataScriptParser provides no preferences, ignoring...
[2019-05-02 20:15:14,357 INFO  L177        SettingsManager]: ReqParser provides no preferences, ignoring...
[2019-05-02 20:15:14,357 INFO  L174        SettingsManager]: Resetting SmtParser preferences to default values
[2019-05-02 20:15:14,358 INFO  L174        SettingsManager]: Resetting Witness Parser preferences to default values
[2019-05-02 20:15:14,358 INFO  L181        SettingsManager]: Finished resetting all preferences to default values...
[2019-05-02 20:15:14,374 INFO  L81    nceAwareModelManager]: Repository-Root is: /tmp
[2019-05-02 20:15:14,382 INFO  L258   ainManager$Toolchain]: [Toolchain 1]: Applicable parser(s) successfully (re)initialized
[2019-05-02 20:15:14,385 INFO  L214   ainManager$Toolchain]: [Toolchain 1]: Toolchain selected.
[2019-05-02 20:15:14,386 INFO  L271        PluginConnector]: Initializing Boogie PL CUP Parser...
[2019-05-02 20:15:14,386 INFO  L276        PluginConnector]: Boogie PL CUP Parser initialized
[2019-05-02 20:15:14,387 INFO  L418   ainManager$Toolchain]: [Toolchain 1]: Parsing single file: /home/xuechao/xuechao/work/Lab/Termination/Lasso-Ranker/Program_non/73.bpl
[2019-05-02 20:15:14,387 INFO  L111           BoogieParser]: Parsing: '/home/xuechao/xuechao/work/Lab/Termination/Lasso-Ranker/Program_non/73.bpl'
[2019-05-02 20:15:14,408 INFO  L296   ainManager$Toolchain]: ####################### [Toolchain 1] #######################
[2019-05-02 20:15:14,409 INFO  L131        ToolchainWalker]: Walking toolchain with 3 elements.
[2019-05-02 20:15:14,410 INFO  L113        PluginConnector]: ------------------------Boogie Preprocessor----------------------------
[2019-05-02 20:15:14,410 INFO  L271        PluginConnector]: Initializing Boogie Preprocessor...
[2019-05-02 20:15:14,410 INFO  L276        PluginConnector]: Boogie Preprocessor initialized
[2019-05-02 20:15:14,426 INFO  L185        PluginConnector]: Executing the observer EnsureBoogieModelObserver from plugin Boogie Preprocessor for "73.bpl de.uni_freiburg.informatik.ultimate.boogie.parser AST 02.05 08:15:14" (1/1) ...
[2019-05-02 20:15:14,427 INFO  L185        PluginConnector]: Executing the observer TypeChecker from plugin Boogie Preprocessor for "73.bpl de.uni_freiburg.informatik.ultimate.boogie.parser AST 02.05 08:15:14" (1/1) ...
[2019-05-02 20:15:14,432 INFO  L185        PluginConnector]: Executing the observer ConstExpander from plugin Boogie Preprocessor for "73.bpl de.uni_freiburg.informatik.ultimate.boogie.parser AST 02.05 08:15:14" (1/1) ...
[2019-05-02 20:15:14,432 INFO  L185        PluginConnector]: Executing the observer StructExpander from plugin Boogie Preprocessor for "73.bpl de.uni_freiburg.informatik.ultimate.boogie.parser AST 02.05 08:15:14" (1/1) ...
[2019-05-02 20:15:14,434 INFO  L185        PluginConnector]: Executing the observer UnstructureCode from plugin Boogie Preprocessor for "73.bpl de.uni_freiburg.informatik.ultimate.boogie.parser AST 02.05 08:15:14" (1/1) ...
[2019-05-02 20:15:14,436 INFO  L185        PluginConnector]: Executing the observer FunctionInliner from plugin Boogie Preprocessor for "73.bpl de.uni_freiburg.informatik.ultimate.boogie.parser AST 02.05 08:15:14" (1/1) ...
[2019-05-02 20:15:14,437 INFO  L185        PluginConnector]: Executing the observer BoogieSymbolTableConstructor from plugin Boogie Preprocessor for "73.bpl de.uni_freiburg.informatik.ultimate.boogie.parser AST 02.05 08:15:14" (1/1) ...
[2019-05-02 20:15:14,438 INFO  L132        PluginConnector]: ------------------------ END Boogie Preprocessor----------------------------
[2019-05-02 20:15:14,438 INFO  L113        PluginConnector]: ------------------------RCFGBuilder----------------------------
[2019-05-02 20:15:14,439 INFO  L271        PluginConnector]: Initializing RCFGBuilder...
[2019-05-02 20:15:14,439 INFO  L276        PluginConnector]: RCFGBuilder initialized
[2019-05-02 20:15:14,439 INFO  L185        PluginConnector]: Executing the observer RCFGBuilderObserver from plugin RCFGBuilder for "73.bpl de.uni_freiburg.informatik.ultimate.boogie.parser AST 02.05 08:15:14" (1/1) ...
No working directory specified, using /home/xuechao/xuechao/work/Lab/Termination/Lasso-Ranker/z3
Starting monitored process 1 with z3 SMTLIB2_COMPLIANT=true -memory:1024 -smt2 -in -t:12000 (exit command is (exit), workingDir is null)
Waiting until toolchain timeout for monitored process 1 with z3 SMTLIB2_COMPLIANT=true -memory:1024 -smt2 -in -t:12000
[2019-05-02 20:15:14,480 INFO  L124     BoogieDeclarations]: Specification and implementation of procedure Mysore2 given in one single declaration
[2019-05-02 20:15:14,480 INFO  L130     BoogieDeclarations]: Found specification of procedure Mysore2
[2019-05-02 20:15:14,480 INFO  L138     BoogieDeclarations]: Found implementation of procedure Mysore2
[2019-05-02 20:15:14,566 INFO  L278             CfgBuilder]: Using library mode
[2019-05-02 20:15:14,566 INFO  L286             CfgBuilder]: Removed 0 assue(true) statements.
[2019-05-02 20:15:14,567 INFO  L202        PluginConnector]: Adding new model 73.bpl de.uni_freiburg.informatik.ultimate.plugins.generator.rcfgbuilder CFG 02.05 08:15:14 BoogieIcfgContainer
[2019-05-02 20:15:14,567 INFO  L132        PluginConnector]: ------------------------ END RCFGBuilder----------------------------
[2019-05-02 20:15:14,567 INFO  L113        PluginConnector]: ------------------------LassoRanker----------------------------
[2019-05-02 20:15:14,568 INFO  L271        PluginConnector]: Initializing LassoRanker...
[2019-05-02 20:15:14,568 INFO  L276        PluginConnector]: LassoRanker initialized
[2019-05-02 20:15:14,568 INFO  L185        PluginConnector]: Executing the observer LassoRankerObserver from plugin LassoRanker for "73.bpl de.uni_freiburg.informatik.ultimate.plugins.generator.rcfgbuilder CFG 02.05 08:15:14" (1/1) ...
[2019-05-02 20:15:14,589 INFO  L72            BuchiIsEmpty]: Start buchiIsEmpty. Operand 2 states.
[2019-05-02 20:15:14,605 INFO  L131   ngComponentsAnalysis]: Automaton has 1 accepting balls. 1
[2019-05-02 20:15:14,606 INFO  L87            BuchiIsEmpty]: Finished buchiIsEmpty Result is false
[2019-05-02 20:15:14,606 INFO  L119           BuchiIsEmpty]: Starting construction of run
[2019-05-02 20:15:14,611 INFO  L104     BuchiDifferenceFKV]: Start buchiDifferenceFKV. First operand 2 states. Second operand 1 states.
[2019-05-02 20:15:14,620 INFO  L108     BuchiDifferenceFKV]: Finished buchiDifferenceFKV. First operand 2 states. Second operand 1 states. Result 3 states and 4 transitions. Complement of second has 2 states 2 powerset states0 rank states. The highest rank that occured is -1
[2019-05-02 20:15:14,620 INFO  L72            BuchiIsEmpty]: Start buchiIsEmpty. Operand 3 states and 4 transitions.
[2019-05-02 20:15:14,621 INFO  L131   ngComponentsAnalysis]: Automaton has 0 accepting balls. 0
[2019-05-02 20:15:14,621 INFO  L87            BuchiIsEmpty]: Finished buchiIsEmpty Result is true
[2019-05-02 20:15:14,674 INFO  L216          LassoAnalysis]: Preferences:
[2019-05-02 20:15:14,675 INFO  L124   ssoRankerPreferences]: Compute integeral hull: false
[2019-05-02 20:15:14,675 INFO  L125   ssoRankerPreferences]: Enable LassoPartitioneer: true
[2019-05-02 20:15:14,675 INFO  L126   ssoRankerPreferences]: Term annotations enabled: false
[2019-05-02 20:15:14,675 INFO  L127   ssoRankerPreferences]: Use exernal solver: true
[2019-05-02 20:15:14,675 INFO  L128   ssoRankerPreferences]: SMT solver command: z3 -smt2 -in SMTLIB2_COMPLIANT=true
[2019-05-02 20:15:14,675 INFO  L129   ssoRankerPreferences]: Dump SMT script to file: false
[2019-05-02 20:15:14,675 INFO  L130   ssoRankerPreferences]: Path of dumped script: .
[2019-05-02 20:15:14,675 INFO  L131   ssoRankerPreferences]: Filename of dumped script: LassoRankerScript
[2019-05-02 20:15:14,675 INFO  L132   ssoRankerPreferences]: MapElimAlgo: Frank
[2019-05-02 20:15:14,676 INFO  L282          LassoAnalysis]: Starting lasso preprocessing...
[2019-05-02 20:15:14,691 INFO  L141          MapEliminator]: Using MapEliminator with SimplificationTechnique=SIMPLIFY_DDA XnfConversionTechnique=BOTTOM_UP_WITH_LOCAL_SIMPLIFICATION AddInequalities=false OnlyTrivialImplicationsArrayWrite=false OnlyTrivialImplicationsForModifiedArguments=true OnlyArgumentsInFormula=true
[2019-05-02 20:15:14,768 INFO  L300          LassoAnalysis]: Preprocessing complete.
[2019-05-02 20:15:14,769 INFO  L412          LassoAnalysis]: Checking for nontermination...
No working directory specified, using /home/xuechao/xuechao/work/Lab/Termination/Lasso-Ranker/z3
Starting monitored process 2 with z3 -smt2 -in SMTLIB2_COMPLIANT=true (exit command is (exit), workingDir is null)
Waiting until toolchain timeout for monitored process 2 with z3 -smt2 -in SMTLIB2_COMPLIANT=true
[2019-05-02 20:15:14,774 INFO  L151   nArgumentSynthesizer]: Nontermination analysis: LINEAR_WITH_GUESSES Allow bounded executions: true Number of generalized eigenvectors: 0 Nilpotent components: true
[2019-05-02 20:15:14,774 INFO  L163   nArgumentSynthesizer]: Using integer mode.
No working directory specified, using /home/xuechao/xuechao/work/Lab/Termination/Lasso-Ranker/z3
Starting monitored process 3 with z3 -smt2 -in SMTLIB2_COMPLIANT=true (exit command is (exit), workingDir is null)
Waiting until toolchain timeout for monitored process 3 with z3 -smt2 -in SMTLIB2_COMPLIANT=true
[2019-05-02 20:15:14,795 INFO  L151   nArgumentSynthesizer]: Nontermination analysis: LINEAR_WITH_GUESSES Allow bounded executions: true Number of generalized eigenvectors: 3 Nilpotent components: true
[2019-05-02 20:15:14,795 INFO  L163   nArgumentSynthesizer]: Using integer mode.
[2019-05-02 20:15:14,820 INFO  L452          LassoAnalysis]: Proving nontermination failed: No geometric nontermination argument exists.
[2019-05-02 20:15:14,821 INFO  L216          LassoAnalysis]: Preferences:
[2019-05-02 20:15:14,821 INFO  L124   ssoRankerPreferences]: Compute integeral hull: false
[2019-05-02 20:15:14,821 INFO  L125   ssoRankerPreferences]: Enable LassoPartitioneer: true
[2019-05-02 20:15:14,821 INFO  L126   ssoRankerPreferences]: Term annotations enabled: false
[2019-05-02 20:15:14,821 INFO  L127   ssoRankerPreferences]: Use exernal solver: true
[2019-05-02 20:15:14,822 INFO  L128   ssoRankerPreferences]: SMT solver command: z3 -smt2 -in SMTLIB2_COMPLIANT=true
[2019-05-02 20:15:14,822 INFO  L129   ssoRankerPreferences]: Dump SMT script to file: false
[2019-05-02 20:15:14,822 INFO  L130   ssoRankerPreferences]: Path of dumped script: .
[2019-05-02 20:15:14,822 INFO  L131   ssoRankerPreferences]: Filename of dumped script: LassoRankerScript
[2019-05-02 20:15:14,822 INFO  L132   ssoRankerPreferences]: MapElimAlgo: Frank
[2019-05-02 20:15:14,822 INFO  L282          LassoAnalysis]: Starting lasso preprocessing...
[2019-05-02 20:15:14,823 INFO  L141          MapEliminator]: Using MapEliminator with SimplificationTechnique=SIMPLIFY_DDA XnfConversionTechnique=BOTTOM_UP_WITH_LOCAL_SIMPLIFICATION AddInequalities=false OnlyTrivialImplicationsArrayWrite=false OnlyTrivialImplicationsForModifiedArguments=true OnlyArgumentsInFormula=true
[2019-05-02 20:15:14,892 INFO  L300          LassoAnalysis]: Preprocessing complete.
[2019-05-02 20:15:14,896 INFO  L497          LassoAnalysis]: Using template 'affine'.
No working directory specified, using /home/xuechao/xuechao/work/Lab/Termination/Lasso-Ranker/z3
Starting monitored process 4 with z3 -smt2 -in SMTLIB2_COMPLIANT=true (exit command is (exit), workingDir is null)
Waiting until toolchain timeout for monitored process 4 with z3 -smt2 -in SMTLIB2_COMPLIANT=true
[2019-05-02 20:15:14,904 INFO  L122   nArgumentSynthesizer]: Termination Analysis Settings:
Termination analysis: LINEAR_WITH_GUESSES
Number of strict supporting invariants: 1
Number of non-strict supporting invariants: 0
Consider only non-deceasing supporting invariants: true
Simplify termination arguments: true
Simplify supporting invariants: trueOverapproximate stem: false
[2019-05-02 20:15:14,906 INFO  L339   nArgumentSynthesizer]: Template has degree 0.
[2019-05-02 20:15:14,906 INFO  L352   nArgumentSynthesizer]: There is no stem transition; disabling supporting invariant generation.
[2019-05-02 20:15:14,907 INFO  L205   nArgumentSynthesizer]: 1 stem disjuncts
[2019-05-02 20:15:14,907 INFO  L206   nArgumentSynthesizer]: 1 loop disjuncts
[2019-05-02 20:15:14,907 INFO  L207   nArgumentSynthesizer]: 2 template conjuncts.
[2019-05-02 20:15:14,910 INFO  L402   nArgumentSynthesizer]: We have 2 Motzkin's Theorem applications.
[2019-05-02 20:15:14,910 INFO  L403   nArgumentSynthesizer]: A total of 0 supporting invariants were added.
[2019-05-02 20:15:14,912 INFO  L530          LassoAnalysis]: Proving termination failed for this template and these settings.
[2019-05-02 20:15:14,929 INFO  L497          LassoAnalysis]: Using template '2-nested'.
No working directory specified, using /home/xuechao/xuechao/work/Lab/Termination/Lasso-Ranker/z3
Starting monitored process 5 with z3 -smt2 -in SMTLIB2_COMPLIANT=true (exit command is (exit), workingDir is null)
Waiting until toolchain timeout for monitored process 5 with z3 -smt2 -in SMTLIB2_COMPLIANT=true
[2019-05-02 20:15:14,932 INFO  L122   nArgumentSynthesizer]: Termination Analysis Settings:
Termination analysis: LINEAR_WITH_GUESSES
Number of strict supporting invariants: 1
Number of non-strict supporting invariants: 0
Consider only non-deceasing supporting invariants: true
Simplify termination arguments: true
Simplify supporting invariants: trueOverapproximate stem: false
[2019-05-02 20:15:14,933 INFO  L339   nArgumentSynthesizer]: Template has degree 0.
[2019-05-02 20:15:14,933 INFO  L352   nArgumentSynthesizer]: There is no stem transition; disabling supporting invariant generation.
[2019-05-02 20:15:14,933 INFO  L205   nArgumentSynthesizer]: 1 stem disjuncts
[2019-05-02 20:15:14,934 INFO  L206   nArgumentSynthesizer]: 1 loop disjuncts
[2019-05-02 20:15:14,934 INFO  L207   nArgumentSynthesizer]: 3 template conjuncts.
[2019-05-02 20:15:14,935 INFO  L402   nArgumentSynthesizer]: We have 3 Motzkin's Theorem applications.
[2019-05-02 20:15:14,936 INFO  L403   nArgumentSynthesizer]: A total of 0 supporting invariants were added.
[2019-05-02 20:15:14,938 INFO  L421   nArgumentSynthesizer]: Found a termination argument, trying to simplify.
[2019-05-02 20:15:14,944 INFO  L443   ModelExtractionUtils]: Simplification made 4 calls to the SMT solver.
[2019-05-02 20:15:14,944 INFO  L444   ModelExtractionUtils]: 3 out of 9 variables were initially zero. Simplification set additionally 0 variables to zero.
No working directory specified, using /home/xuechao/xuechao/work/Lab/Termination/Lasso-Ranker/z3
Starting monitored process 6 with z3 -smt2 -in SMTLIB2_COMPLIANT=true (exit command is (exit), workingDir is null)
Waiting until toolchain timeout for monitored process 6 with z3 -smt2 -in SMTLIB2_COMPLIANT=true
[2019-05-02 20:15:14,948 INFO  L437   nArgumentSynthesizer]: Simplifying supporting invariants...
[2019-05-02 20:15:14,948 INFO  L440   nArgumentSynthesizer]: Removed 0 redundant supporting invariants from a total of 0.
[2019-05-02 20:15:14,948 INFO  L518          LassoAnalysis]: Proved termination.
[2019-05-02 20:15:14,948 INFO  L520          LassoAnalysis]: Termination argument consisting of:
Ranking function 2-nested ranking function:
  f0 = -1*Mysore2_d + 1
  f1 = -1*Mysore2_b + 1*Mysore2_x + 1
Supporting invariants []
[2019-05-02 20:15:14,968 INFO  L132        PluginConnector]: ------------------------ END LassoRanker----------------------------
[2019-05-02 20:15:14,969 INFO  L168              Benchmark]: Toolchain (without parser) took 560.35 ms. Allocated memory is still 514.9 MB. Free memory was 477.6 MB in the beginning and 425.5 MB in the end (delta: 52.1 MB). Peak memory consumption was 52.1 MB. Max. memory is 11.5 GB.
[2019-05-02 20:15:14,970 INFO  L168              Benchmark]: Boogie PL CUP Parser took 0.13 ms. Allocated memory is still 514.9 MB. Free memory is still 479.1 MB. There was no memory consumed. Max. memory is 11.5 GB.
[2019-05-02 20:15:14,971 INFO  L168              Benchmark]: Boogie Preprocessor took 28.49 ms. Allocated memory is still 514.9 MB. Free memory was 477.6 MB in the beginning and 475.0 MB in the end (delta: 2.7 MB). Peak memory consumption was 2.7 MB. Max. memory is 11.5 GB.
[2019-05-02 20:15:14,972 INFO  L168              Benchmark]: RCFGBuilder took 128.67 ms. Allocated memory is still 514.9 MB. Free memory was 475.0 MB in the beginning and 465.4 MB in the end (delta: 9.6 MB). Peak memory consumption was 9.6 MB. Max. memory is 11.5 GB.
[2019-05-02 20:15:14,972 INFO  L168              Benchmark]: LassoRanker took 401.03 ms. Allocated memory is still 514.9 MB. Free memory was 465.4 MB in the beginning and 425.5 MB in the end (delta: 39.8 MB). Peak memory consumption was 39.8 MB. Max. memory is 11.5 GB.
[2019-05-02 20:15:14,975 INFO  L336   ainManager$Toolchain]: #######################  End [Toolchain 1] #######################
 --- Results ---
 * Results from de.uni_freiburg.informatik.ultimate.core:
  - StatisticsResult: Toolchain Benchmarks
    Benchmark results are:
 * Boogie PL CUP Parser took 0.13 ms. Allocated memory is still 514.9 MB. Free memory is still 479.1 MB. There was no memory consumed. Max. memory is 11.5 GB.
 * Boogie Preprocessor took 28.49 ms. Allocated memory is still 514.9 MB. Free memory was 477.6 MB in the beginning and 475.0 MB in the end (delta: 2.7 MB). Peak memory consumption was 2.7 MB. Max. memory is 11.5 GB.
 * RCFGBuilder took 128.67 ms. Allocated memory is still 514.9 MB. Free memory was 475.0 MB in the beginning and 465.4 MB in the end (delta: 9.6 MB). Peak memory consumption was 9.6 MB. Max. memory is 11.5 GB.
 * LassoRanker took 401.03 ms. Allocated memory is still 514.9 MB. Free memory was 465.4 MB in the beginning and 425.5 MB in the end (delta: 39.8 MB). Peak memory consumption was 39.8 MB. Max. memory is 11.5 GB.
 * Results from de.uni_freiburg.informatik.ultimate.plugins.analysis.lassoranker:
  - TerminationArgumentResult [Line: 9]: Found 2-nested ranking function
    Found a termination argument consisting of the 2-nested ranking function: [(if -1 * d + 1 > 0 then 1 else 0), (if -1 * d + 1 > 0 then -1 * d + 1 else -1 * b + x + 1)] for which no supporting invariant is required.
RESULT: Ultimate proved your program to be correct!
Received shutdown request...
