This is Ultimate 0.1.24-16d85fa
[2019-05-02 20:15:16,619 INFO  L170        SettingsManager]: Resetting all preferences to default values...
[2019-05-02 20:15:16,620 INFO  L174        SettingsManager]: Resetting UltimateCore preferences to default values
[2019-05-02 20:15:16,630 INFO  L177        SettingsManager]: Ultimate Commandline Interface provides no preferences, ignoring...
[2019-05-02 20:15:16,631 INFO  L174        SettingsManager]: Resetting Boogie Preprocessor preferences to default values
[2019-05-02 20:15:16,631 INFO  L174        SettingsManager]: Resetting Boogie Procedure Inliner preferences to default values
[2019-05-02 20:15:16,632 INFO  L174        SettingsManager]: Resetting Abstract Interpretation preferences to default values
[2019-05-02 20:15:16,634 INFO  L174        SettingsManager]: Resetting LassoRanker preferences to default values
[2019-05-02 20:15:16,635 INFO  L174        SettingsManager]: Resetting Reaching Definitions preferences to default values
[2019-05-02 20:15:16,635 INFO  L174        SettingsManager]: Resetting SyntaxChecker preferences to default values
[2019-05-02 20:15:16,636 INFO  L177        SettingsManager]: Büchi Program Product provides no preferences, ignoring...
[2019-05-02 20:15:16,636 INFO  L174        SettingsManager]: Resetting LTL2Aut preferences to default values
[2019-05-02 20:15:16,637 INFO  L174        SettingsManager]: Resetting PEA to Boogie preferences to default values
[2019-05-02 20:15:16,637 INFO  L174        SettingsManager]: Resetting BlockEncodingV2 preferences to default values
[2019-05-02 20:15:16,638 INFO  L174        SettingsManager]: Resetting ChcToBoogie preferences to default values
[2019-05-02 20:15:16,638 INFO  L174        SettingsManager]: Resetting AutomataScriptInterpreter preferences to default values
[2019-05-02 20:15:16,639 INFO  L174        SettingsManager]: Resetting BuchiAutomizer preferences to default values
[2019-05-02 20:15:16,640 INFO  L174        SettingsManager]: Resetting CACSL2BoogieTranslator preferences to default values
[2019-05-02 20:15:16,641 INFO  L174        SettingsManager]: Resetting CodeCheck preferences to default values
[2019-05-02 20:15:16,643 INFO  L174        SettingsManager]: Resetting InvariantSynthesis preferences to default values
[2019-05-02 20:15:16,643 INFO  L174        SettingsManager]: Resetting RCFGBuilder preferences to default values
[2019-05-02 20:15:16,644 INFO  L174        SettingsManager]: Resetting TraceAbstraction preferences to default values
[2019-05-02 20:15:16,646 INFO  L177        SettingsManager]: TraceAbstractionConcurrent provides no preferences, ignoring...
[2019-05-02 20:15:16,646 INFO  L177        SettingsManager]: TraceAbstractionWithAFAs provides no preferences, ignoring...
[2019-05-02 20:15:16,646 INFO  L174        SettingsManager]: Resetting TreeAutomizer preferences to default values
[2019-05-02 20:15:16,647 INFO  L174        SettingsManager]: Resetting IcfgTransformer preferences to default values
[2019-05-02 20:15:16,647 INFO  L174        SettingsManager]: Resetting Boogie Printer preferences to default values
[2019-05-02 20:15:16,648 INFO  L174        SettingsManager]: Resetting ReqPrinter preferences to default values
[2019-05-02 20:15:16,648 INFO  L174        SettingsManager]: Resetting Witness Printer preferences to default values
[2019-05-02 20:15:16,649 INFO  L177        SettingsManager]: Boogie PL CUP Parser provides no preferences, ignoring...
[2019-05-02 20:15:16,649 INFO  L174        SettingsManager]: Resetting CDTParser preferences to default values
[2019-05-02 20:15:16,649 INFO  L177        SettingsManager]: AutomataScriptParser provides no preferences, ignoring...
[2019-05-02 20:15:16,650 INFO  L177        SettingsManager]: ReqParser provides no preferences, ignoring...
[2019-05-02 20:15:16,650 INFO  L174        SettingsManager]: Resetting SmtParser preferences to default values
[2019-05-02 20:15:16,650 INFO  L174        SettingsManager]: Resetting Witness Parser preferences to default values
[2019-05-02 20:15:16,651 INFO  L181        SettingsManager]: Finished resetting all preferences to default values...
[2019-05-02 20:15:16,667 INFO  L81    nceAwareModelManager]: Repository-Root is: /tmp
[2019-05-02 20:15:16,675 INFO  L258   ainManager$Toolchain]: [Toolchain 1]: Applicable parser(s) successfully (re)initialized
[2019-05-02 20:15:16,677 INFO  L214   ainManager$Toolchain]: [Toolchain 1]: Toolchain selected.
[2019-05-02 20:15:16,678 INFO  L271        PluginConnector]: Initializing Boogie PL CUP Parser...
[2019-05-02 20:15:16,679 INFO  L276        PluginConnector]: Boogie PL CUP Parser initialized
[2019-05-02 20:15:16,679 INFO  L418   ainManager$Toolchain]: [Toolchain 1]: Parsing single file: /home/xuechao/xuechao/work/Lab/Termination/Lasso-Ranker/Program_non/74.bpl
[2019-05-02 20:15:16,679 INFO  L111           BoogieParser]: Parsing: '/home/xuechao/xuechao/work/Lab/Termination/Lasso-Ranker/Program_non/74.bpl'
[2019-05-02 20:15:16,704 INFO  L296   ainManager$Toolchain]: ####################### [Toolchain 1] #######################
[2019-05-02 20:15:16,705 INFO  L131        ToolchainWalker]: Walking toolchain with 3 elements.
[2019-05-02 20:15:16,705 INFO  L113        PluginConnector]: ------------------------Boogie Preprocessor----------------------------
[2019-05-02 20:15:16,705 INFO  L271        PluginConnector]: Initializing Boogie Preprocessor...
[2019-05-02 20:15:16,705 INFO  L276        PluginConnector]: Boogie Preprocessor initialized
[2019-05-02 20:15:16,721 INFO  L185        PluginConnector]: Executing the observer EnsureBoogieModelObserver from plugin Boogie Preprocessor for "74.bpl de.uni_freiburg.informatik.ultimate.boogie.parser AST 02.05 08:15:16" (1/1) ...
[2019-05-02 20:15:16,722 INFO  L185        PluginConnector]: Executing the observer TypeChecker from plugin Boogie Preprocessor for "74.bpl de.uni_freiburg.informatik.ultimate.boogie.parser AST 02.05 08:15:16" (1/1) ...
[2019-05-02 20:15:16,726 INFO  L185        PluginConnector]: Executing the observer ConstExpander from plugin Boogie Preprocessor for "74.bpl de.uni_freiburg.informatik.ultimate.boogie.parser AST 02.05 08:15:16" (1/1) ...
[2019-05-02 20:15:16,727 INFO  L185        PluginConnector]: Executing the observer StructExpander from plugin Boogie Preprocessor for "74.bpl de.uni_freiburg.informatik.ultimate.boogie.parser AST 02.05 08:15:16" (1/1) ...
[2019-05-02 20:15:16,728 INFO  L185        PluginConnector]: Executing the observer UnstructureCode from plugin Boogie Preprocessor for "74.bpl de.uni_freiburg.informatik.ultimate.boogie.parser AST 02.05 08:15:16" (1/1) ...
[2019-05-02 20:15:16,731 INFO  L185        PluginConnector]: Executing the observer FunctionInliner from plugin Boogie Preprocessor for "74.bpl de.uni_freiburg.informatik.ultimate.boogie.parser AST 02.05 08:15:16" (1/1) ...
[2019-05-02 20:15:16,732 INFO  L185        PluginConnector]: Executing the observer BoogieSymbolTableConstructor from plugin Boogie Preprocessor for "74.bpl de.uni_freiburg.informatik.ultimate.boogie.parser AST 02.05 08:15:16" (1/1) ...
[2019-05-02 20:15:16,733 INFO  L132        PluginConnector]: ------------------------ END Boogie Preprocessor----------------------------
[2019-05-02 20:15:16,733 INFO  L113        PluginConnector]: ------------------------RCFGBuilder----------------------------
[2019-05-02 20:15:16,733 INFO  L271        PluginConnector]: Initializing RCFGBuilder...
[2019-05-02 20:15:16,733 INFO  L276        PluginConnector]: RCFGBuilder initialized
[2019-05-02 20:15:16,734 INFO  L185        PluginConnector]: Executing the observer RCFGBuilderObserver from plugin RCFGBuilder for "74.bpl de.uni_freiburg.informatik.ultimate.boogie.parser AST 02.05 08:15:16" (1/1) ...
No working directory specified, using /home/xuechao/xuechao/work/Lab/Termination/Lasso-Ranker/z3
Starting monitored process 1 with z3 SMTLIB2_COMPLIANT=true -memory:1024 -smt2 -in -t:12000 (exit command is (exit), workingDir is null)
Waiting until toolchain timeout for monitored process 1 with z3 SMTLIB2_COMPLIANT=true -memory:1024 -smt2 -in -t:12000
[2019-05-02 20:15:16,776 INFO  L124     BoogieDeclarations]: Specification and implementation of procedure main given in one single declaration
[2019-05-02 20:15:16,776 INFO  L130     BoogieDeclarations]: Found specification of procedure main
[2019-05-02 20:15:16,777 INFO  L138     BoogieDeclarations]: Found implementation of procedure main
[2019-05-02 20:15:16,875 INFO  L278             CfgBuilder]: Using library mode
[2019-05-02 20:15:16,875 INFO  L286             CfgBuilder]: Removed 0 assue(true) statements.
[2019-05-02 20:15:16,876 INFO  L202        PluginConnector]: Adding new model 74.bpl de.uni_freiburg.informatik.ultimate.plugins.generator.rcfgbuilder CFG 02.05 08:15:16 BoogieIcfgContainer
[2019-05-02 20:15:16,876 INFO  L132        PluginConnector]: ------------------------ END RCFGBuilder----------------------------
[2019-05-02 20:15:16,876 INFO  L113        PluginConnector]: ------------------------LassoRanker----------------------------
[2019-05-02 20:15:16,876 INFO  L271        PluginConnector]: Initializing LassoRanker...
[2019-05-02 20:15:16,876 INFO  L276        PluginConnector]: LassoRanker initialized
[2019-05-02 20:15:16,877 INFO  L185        PluginConnector]: Executing the observer LassoRankerObserver from plugin LassoRanker for "74.bpl de.uni_freiburg.informatik.ultimate.plugins.generator.rcfgbuilder CFG 02.05 08:15:16" (1/1) ...
[2019-05-02 20:15:16,899 INFO  L72            BuchiIsEmpty]: Start buchiIsEmpty. Operand 2 states.
[2019-05-02 20:15:16,915 INFO  L131   ngComponentsAnalysis]: Automaton has 1 accepting balls. 1
[2019-05-02 20:15:16,915 INFO  L87            BuchiIsEmpty]: Finished buchiIsEmpty Result is false
[2019-05-02 20:15:16,915 INFO  L119           BuchiIsEmpty]: Starting construction of run
[2019-05-02 20:15:16,921 INFO  L104     BuchiDifferenceFKV]: Start buchiDifferenceFKV. First operand 2 states. Second operand 1 states.
[2019-05-02 20:15:16,929 INFO  L108     BuchiDifferenceFKV]: Finished buchiDifferenceFKV. First operand 2 states. Second operand 1 states. Result 3 states and 4 transitions. Complement of second has 2 states 2 powerset states0 rank states. The highest rank that occured is -1
[2019-05-02 20:15:16,929 INFO  L72            BuchiIsEmpty]: Start buchiIsEmpty. Operand 3 states and 4 transitions.
[2019-05-02 20:15:16,930 INFO  L131   ngComponentsAnalysis]: Automaton has 0 accepting balls. 0
[2019-05-02 20:15:16,930 INFO  L87            BuchiIsEmpty]: Finished buchiIsEmpty Result is true
[2019-05-02 20:15:17,016 INFO  L216          LassoAnalysis]: Preferences:
[2019-05-02 20:15:17,016 INFO  L124   ssoRankerPreferences]: Compute integeral hull: false
[2019-05-02 20:15:17,016 INFO  L125   ssoRankerPreferences]: Enable LassoPartitioneer: true
[2019-05-02 20:15:17,017 INFO  L126   ssoRankerPreferences]: Term annotations enabled: false
[2019-05-02 20:15:17,017 INFO  L127   ssoRankerPreferences]: Use exernal solver: true
[2019-05-02 20:15:17,017 INFO  L128   ssoRankerPreferences]: SMT solver command: z3 -smt2 -in SMTLIB2_COMPLIANT=true
[2019-05-02 20:15:17,017 INFO  L129   ssoRankerPreferences]: Dump SMT script to file: false
[2019-05-02 20:15:17,017 INFO  L130   ssoRankerPreferences]: Path of dumped script: .
[2019-05-02 20:15:17,017 INFO  L131   ssoRankerPreferences]: Filename of dumped script: LassoRankerScript
[2019-05-02 20:15:17,017 INFO  L132   ssoRankerPreferences]: MapElimAlgo: Frank
[2019-05-02 20:15:17,018 INFO  L282          LassoAnalysis]: Starting lasso preprocessing...
[2019-05-02 20:15:17,037 INFO  L141          MapEliminator]: Using MapEliminator with SimplificationTechnique=SIMPLIFY_DDA XnfConversionTechnique=BOTTOM_UP_WITH_LOCAL_SIMPLIFICATION AddInequalities=false OnlyTrivialImplicationsArrayWrite=false OnlyTrivialImplicationsForModifiedArguments=true OnlyArgumentsInFormula=true
[2019-05-02 20:15:17,269 INFO  L300          LassoAnalysis]: Preprocessing complete.
[2019-05-02 20:15:17,269 INFO  L412          LassoAnalysis]: Checking for nontermination...
No working directory specified, using /home/xuechao/xuechao/work/Lab/Termination/Lasso-Ranker/z3
Starting monitored process 2 with z3 -smt2 -in SMTLIB2_COMPLIANT=true (exit command is (exit), workingDir is null)
Waiting until toolchain timeout for monitored process 2 with z3 -smt2 -in SMTLIB2_COMPLIANT=true
[2019-05-02 20:15:17,280 INFO  L151   nArgumentSynthesizer]: Nontermination analysis: LINEAR_WITH_GUESSES Allow bounded executions: true Number of generalized eigenvectors: 0 Nilpotent components: true
[2019-05-02 20:15:17,280 INFO  L163   nArgumentSynthesizer]: Using integer mode.
No working directory specified, using /home/xuechao/xuechao/work/Lab/Termination/Lasso-Ranker/z3
Starting monitored process 3 with z3 -smt2 -in SMTLIB2_COMPLIANT=true (exit command is (exit), workingDir is null)
Waiting until toolchain timeout for monitored process 3 with z3 -smt2 -in SMTLIB2_COMPLIANT=true
[2019-05-02 20:15:17,304 INFO  L151   nArgumentSynthesizer]: Nontermination analysis: LINEAR_WITH_GUESSES Allow bounded executions: true Number of generalized eigenvectors: 3 Nilpotent components: true
[2019-05-02 20:15:17,304 INFO  L163   nArgumentSynthesizer]: Using integer mode.
[2019-05-02 20:15:17,330 INFO  L452          LassoAnalysis]: Proving nontermination failed: No geometric nontermination argument exists.
[2019-05-02 20:15:17,331 INFO  L216          LassoAnalysis]: Preferences:
[2019-05-02 20:15:17,331 INFO  L124   ssoRankerPreferences]: Compute integeral hull: false
[2019-05-02 20:15:17,332 INFO  L125   ssoRankerPreferences]: Enable LassoPartitioneer: true
[2019-05-02 20:15:17,332 INFO  L126   ssoRankerPreferences]: Term annotations enabled: false
[2019-05-02 20:15:17,332 INFO  L127   ssoRankerPreferences]: Use exernal solver: true
[2019-05-02 20:15:17,332 INFO  L128   ssoRankerPreferences]: SMT solver command: z3 -smt2 -in SMTLIB2_COMPLIANT=true
[2019-05-02 20:15:17,332 INFO  L129   ssoRankerPreferences]: Dump SMT script to file: false
[2019-05-02 20:15:17,332 INFO  L130   ssoRankerPreferences]: Path of dumped script: .
[2019-05-02 20:15:17,332 INFO  L131   ssoRankerPreferences]: Filename of dumped script: LassoRankerScript
[2019-05-02 20:15:17,332 INFO  L132   ssoRankerPreferences]: MapElimAlgo: Frank
[2019-05-02 20:15:17,332 INFO  L282          LassoAnalysis]: Starting lasso preprocessing...
[2019-05-02 20:15:17,334 INFO  L141          MapEliminator]: Using MapEliminator with SimplificationTechnique=SIMPLIFY_DDA XnfConversionTechnique=BOTTOM_UP_WITH_LOCAL_SIMPLIFICATION AddInequalities=false OnlyTrivialImplicationsArrayWrite=false OnlyTrivialImplicationsForModifiedArguments=true OnlyArgumentsInFormula=true
[2019-05-02 20:15:17,510 INFO  L300          LassoAnalysis]: Preprocessing complete.
[2019-05-02 20:15:17,514 INFO  L497          LassoAnalysis]: Using template 'affine'.
No working directory specified, using /home/xuechao/xuechao/work/Lab/Termination/Lasso-Ranker/z3
Starting monitored process 4 with z3 -smt2 -in SMTLIB2_COMPLIANT=true (exit command is (exit), workingDir is null)
Waiting until toolchain timeout for monitored process 4 with z3 -smt2 -in SMTLIB2_COMPLIANT=true
[2019-05-02 20:15:17,519 INFO  L122   nArgumentSynthesizer]: Termination Analysis Settings:
Termination analysis: LINEAR_WITH_GUESSES
Number of strict supporting invariants: 1
Number of non-strict supporting invariants: 0
Consider only non-deceasing supporting invariants: true
Simplify termination arguments: true
Simplify supporting invariants: trueOverapproximate stem: false
[2019-05-02 20:15:17,522 INFO  L339   nArgumentSynthesizer]: Template has degree 0.
[2019-05-02 20:15:17,522 INFO  L352   nArgumentSynthesizer]: There is no stem transition; disabling supporting invariant generation.
[2019-05-02 20:15:17,522 INFO  L205   nArgumentSynthesizer]: 1 stem disjuncts
[2019-05-02 20:15:17,523 INFO  L206   nArgumentSynthesizer]: 2 loop disjuncts
[2019-05-02 20:15:17,523 INFO  L207   nArgumentSynthesizer]: 2 template conjuncts.
[2019-05-02 20:15:17,528 INFO  L402   nArgumentSynthesizer]: We have 4 Motzkin's Theorem applications.
[2019-05-02 20:15:17,528 INFO  L403   nArgumentSynthesizer]: A total of 0 supporting invariants were added.
[2019-05-02 20:15:17,532 INFO  L530          LassoAnalysis]: Proving termination failed for this template and these settings.
[2019-05-02 20:15:17,548 INFO  L497          LassoAnalysis]: Using template '2-nested'.
No working directory specified, using /home/xuechao/xuechao/work/Lab/Termination/Lasso-Ranker/z3
Starting monitored process 5 with z3 -smt2 -in SMTLIB2_COMPLIANT=true (exit command is (exit), workingDir is null)
Waiting until toolchain timeout for monitored process 5 with z3 -smt2 -in SMTLIB2_COMPLIANT=true
[2019-05-02 20:15:17,555 INFO  L122   nArgumentSynthesizer]: Termination Analysis Settings:
Termination analysis: LINEAR_WITH_GUESSES
Number of strict supporting invariants: 1
Number of non-strict supporting invariants: 0
Consider only non-deceasing supporting invariants: true
Simplify termination arguments: true
Simplify supporting invariants: trueOverapproximate stem: false
[2019-05-02 20:15:17,557 INFO  L339   nArgumentSynthesizer]: Template has degree 0.
[2019-05-02 20:15:17,557 INFO  L352   nArgumentSynthesizer]: There is no stem transition; disabling supporting invariant generation.
[2019-05-02 20:15:17,558 INFO  L205   nArgumentSynthesizer]: 1 stem disjuncts
[2019-05-02 20:15:17,558 INFO  L206   nArgumentSynthesizer]: 2 loop disjuncts
[2019-05-02 20:15:17,558 INFO  L207   nArgumentSynthesizer]: 3 template conjuncts.
[2019-05-02 20:15:17,562 INFO  L402   nArgumentSynthesizer]: We have 6 Motzkin's Theorem applications.
[2019-05-02 20:15:17,563 INFO  L403   nArgumentSynthesizer]: A total of 0 supporting invariants were added.
[2019-05-02 20:15:17,566 INFO  L530          LassoAnalysis]: Proving termination failed for this template and these settings.
[2019-05-02 20:15:17,583 INFO  L497          LassoAnalysis]: Using template '3-nested'.
No working directory specified, using /home/xuechao/xuechao/work/Lab/Termination/Lasso-Ranker/z3
Starting monitored process 6 with z3 -smt2 -in SMTLIB2_COMPLIANT=true (exit command is (exit), workingDir is null)
Waiting until toolchain timeout for monitored process 6 with z3 -smt2 -in SMTLIB2_COMPLIANT=true
[2019-05-02 20:15:17,585 INFO  L122   nArgumentSynthesizer]: Termination Analysis Settings:
Termination analysis: LINEAR_WITH_GUESSES
Number of strict supporting invariants: 1
Number of non-strict supporting invariants: 0
Consider only non-deceasing supporting invariants: true
Simplify termination arguments: true
Simplify supporting invariants: trueOverapproximate stem: false
[2019-05-02 20:15:17,586 INFO  L339   nArgumentSynthesizer]: Template has degree 0.
[2019-05-02 20:15:17,587 INFO  L352   nArgumentSynthesizer]: There is no stem transition; disabling supporting invariant generation.
[2019-05-02 20:15:17,587 INFO  L205   nArgumentSynthesizer]: 1 stem disjuncts
[2019-05-02 20:15:17,587 INFO  L206   nArgumentSynthesizer]: 2 loop disjuncts
[2019-05-02 20:15:17,587 INFO  L207   nArgumentSynthesizer]: 4 template conjuncts.
[2019-05-02 20:15:17,591 INFO  L402   nArgumentSynthesizer]: We have 8 Motzkin's Theorem applications.
[2019-05-02 20:15:17,591 INFO  L403   nArgumentSynthesizer]: A total of 0 supporting invariants were added.
[2019-05-02 20:15:17,595 INFO  L530          LassoAnalysis]: Proving termination failed for this template and these settings.
[2019-05-02 20:15:17,610 INFO  L497          LassoAnalysis]: Using template '4-nested'.
No working directory specified, using /home/xuechao/xuechao/work/Lab/Termination/Lasso-Ranker/z3
Starting monitored process 7 with z3 -smt2 -in SMTLIB2_COMPLIANT=true (exit command is (exit), workingDir is null)
Waiting until toolchain timeout for monitored process 7 with z3 -smt2 -in SMTLIB2_COMPLIANT=true
[2019-05-02 20:15:17,619 INFO  L122   nArgumentSynthesizer]: Termination Analysis Settings:
Termination analysis: LINEAR_WITH_GUESSES
Number of strict supporting invariants: 1
Number of non-strict supporting invariants: 0
Consider only non-deceasing supporting invariants: true
Simplify termination arguments: true
Simplify supporting invariants: trueOverapproximate stem: false
[2019-05-02 20:15:17,622 INFO  L339   nArgumentSynthesizer]: Template has degree 0.
[2019-05-02 20:15:17,622 INFO  L352   nArgumentSynthesizer]: There is no stem transition; disabling supporting invariant generation.
[2019-05-02 20:15:17,622 INFO  L205   nArgumentSynthesizer]: 1 stem disjuncts
[2019-05-02 20:15:17,622 INFO  L206   nArgumentSynthesizer]: 2 loop disjuncts
[2019-05-02 20:15:17,622 INFO  L207   nArgumentSynthesizer]: 5 template conjuncts.
[2019-05-02 20:15:17,628 INFO  L402   nArgumentSynthesizer]: We have 10 Motzkin's Theorem applications.
[2019-05-02 20:15:17,628 INFO  L403   nArgumentSynthesizer]: A total of 0 supporting invariants were added.
[2019-05-02 20:15:17,632 INFO  L530          LassoAnalysis]: Proving termination failed for this template and these settings.
[2019-05-02 20:15:17,645 INFO  L497          LassoAnalysis]: Using template '2-phase'.
No working directory specified, using /home/xuechao/xuechao/work/Lab/Termination/Lasso-Ranker/z3
Starting monitored process 8 with z3 -smt2 -in SMTLIB2_COMPLIANT=true (exit command is (exit), workingDir is null)
Waiting until toolchain timeout for monitored process 8 with z3 -smt2 -in SMTLIB2_COMPLIANT=true
[2019-05-02 20:15:17,648 INFO  L122   nArgumentSynthesizer]: Termination Analysis Settings:
Termination analysis: LINEAR_WITH_GUESSES
Number of strict supporting invariants: 1
Number of non-strict supporting invariants: 0
Consider only non-deceasing supporting invariants: true
Simplify termination arguments: true
Simplify supporting invariants: trueOverapproximate stem: false
[2019-05-02 20:15:17,649 WARN  L334   nArgumentSynthesizer]: Using a linear SMT query and a templates of degree > 0, hence this method is incomplete.
[2019-05-02 20:15:17,649 INFO  L339   nArgumentSynthesizer]: Template has degree 1.
[2019-05-02 20:15:17,649 INFO  L352   nArgumentSynthesizer]: There is no stem transition; disabling supporting invariant generation.
[2019-05-02 20:15:17,649 INFO  L205   nArgumentSynthesizer]: 1 stem disjuncts
[2019-05-02 20:15:17,649 INFO  L206   nArgumentSynthesizer]: 2 loop disjuncts
[2019-05-02 20:15:17,661 INFO  L207   nArgumentSynthesizer]: 3 template conjuncts.
[2019-05-02 20:15:17,668 INFO  L402   nArgumentSynthesizer]: We have 6 Motzkin's Theorem applications.
[2019-05-02 20:15:17,669 INFO  L403   nArgumentSynthesizer]: A total of 0 supporting invariants were added.
[2019-05-02 20:15:17,675 INFO  L530          LassoAnalysis]: Proving termination failed for this template and these settings.
[2019-05-02 20:15:17,692 INFO  L497          LassoAnalysis]: Using template 'lex(affine, affine)'.
No working directory specified, using /home/xuechao/xuechao/work/Lab/Termination/Lasso-Ranker/z3
Starting monitored process 9 with z3 -smt2 -in SMTLIB2_COMPLIANT=true (exit command is (exit), workingDir is null)
Waiting until toolchain timeout for monitored process 9 with z3 -smt2 -in SMTLIB2_COMPLIANT=true
[2019-05-02 20:15:17,694 INFO  L122   nArgumentSynthesizer]: Termination Analysis Settings:
Termination analysis: LINEAR_WITH_GUESSES
Number of strict supporting invariants: 1
Number of non-strict supporting invariants: 0
Consider only non-deceasing supporting invariants: true
Simplify termination arguments: true
Simplify supporting invariants: trueOverapproximate stem: false
[2019-05-02 20:15:17,696 WARN  L334   nArgumentSynthesizer]: Using a linear SMT query and a templates of degree > 0, hence this method is incomplete.
[2019-05-02 20:15:17,696 INFO  L339   nArgumentSynthesizer]: Template has degree 5.
[2019-05-02 20:15:17,696 INFO  L352   nArgumentSynthesizer]: There is no stem transition; disabling supporting invariant generation.
[2019-05-02 20:15:17,696 INFO  L205   nArgumentSynthesizer]: 1 stem disjuncts
[2019-05-02 20:15:17,696 INFO  L206   nArgumentSynthesizer]: 2 loop disjuncts
[2019-05-02 20:15:17,697 INFO  L207   nArgumentSynthesizer]: 4 template conjuncts.
[2019-05-02 20:15:17,702 INFO  L402   nArgumentSynthesizer]: We have 8 Motzkin's Theorem applications.
[2019-05-02 20:15:17,702 INFO  L403   nArgumentSynthesizer]: A total of 0 supporting invariants were added.
[2019-05-02 20:15:17,708 INFO  L530          LassoAnalysis]: Proving termination failed for this template and these settings.
[2019-05-02 20:15:17,723 INFO  L497          LassoAnalysis]: Using template '2-piece'.
No working directory specified, using /home/xuechao/xuechao/work/Lab/Termination/Lasso-Ranker/z3
Starting monitored process 10 with z3 -smt2 -in SMTLIB2_COMPLIANT=true (exit command is (exit), workingDir is null)
Waiting until toolchain timeout for monitored process 10 with z3 -smt2 -in SMTLIB2_COMPLIANT=true
[2019-05-02 20:15:17,731 INFO  L122   nArgumentSynthesizer]: Termination Analysis Settings:
Termination analysis: LINEAR_WITH_GUESSES
Number of strict supporting invariants: 1
Number of non-strict supporting invariants: 0
Consider only non-deceasing supporting invariants: true
Simplify termination arguments: true
Simplify supporting invariants: trueOverapproximate stem: false
[2019-05-02 20:15:17,732 WARN  L334   nArgumentSynthesizer]: Using a linear SMT query and a templates of degree > 0, hence this method is incomplete.
[2019-05-02 20:15:17,733 INFO  L339   nArgumentSynthesizer]: Template has degree 7.
[2019-05-02 20:15:17,733 INFO  L352   nArgumentSynthesizer]: There is no stem transition; disabling supporting invariant generation.
[2019-05-02 20:15:17,733 INFO  L205   nArgumentSynthesizer]: 1 stem disjuncts
[2019-05-02 20:15:17,733 INFO  L206   nArgumentSynthesizer]: 2 loop disjuncts
[2019-05-02 20:15:17,733 INFO  L207   nArgumentSynthesizer]: 7 template conjuncts.
[2019-05-02 20:15:17,743 INFO  L402   nArgumentSynthesizer]: We have 14 Motzkin's Theorem applications.
[2019-05-02 20:15:17,744 INFO  L403   nArgumentSynthesizer]: A total of 0 supporting invariants were added.
[2019-05-02 20:15:17,774 INFO  L530          LassoAnalysis]: Proving termination failed for this template and these settings.
[2019-05-02 20:15:17,788 INFO  L497          LassoAnalysis]: Using template '2-parallel'.
No working directory specified, using /home/xuechao/xuechao/work/Lab/Termination/Lasso-Ranker/z3
Starting monitored process 11 with z3 -smt2 -in SMTLIB2_COMPLIANT=true (exit command is (exit), workingDir is null)
Waiting until toolchain timeout for monitored process 11 with z3 -smt2 -in SMTLIB2_COMPLIANT=true
[2019-05-02 20:15:17,790 INFO  L122   nArgumentSynthesizer]: Termination Analysis Settings:
Termination analysis: LINEAR_WITH_GUESSES
Number of strict supporting invariants: 1
Number of non-strict supporting invariants: 0
Consider only non-deceasing supporting invariants: true
Simplify termination arguments: true
Simplify supporting invariants: trueOverapproximate stem: false
[2019-05-02 20:15:17,791 WARN  L334   nArgumentSynthesizer]: Using a linear SMT query and a templates of degree > 0, hence this method is incomplete.
[2019-05-02 20:15:17,792 INFO  L339   nArgumentSynthesizer]: Template has degree 4.
[2019-05-02 20:15:17,792 INFO  L352   nArgumentSynthesizer]: There is no stem transition; disabling supporting invariant generation.
[2019-05-02 20:15:17,792 INFO  L205   nArgumentSynthesizer]: 1 stem disjuncts
[2019-05-02 20:15:17,792 INFO  L206   nArgumentSynthesizer]: 2 loop disjuncts
[2019-05-02 20:15:17,792 INFO  L207   nArgumentSynthesizer]: 6 template conjuncts.
[2019-05-02 20:15:17,797 INFO  L402   nArgumentSynthesizer]: We have 12 Motzkin's Theorem applications.
[2019-05-02 20:15:17,798 INFO  L403   nArgumentSynthesizer]: A total of 0 supporting invariants were added.
[2019-05-02 20:15:17,813 INFO  L421   nArgumentSynthesizer]: Found a termination argument, trying to simplify.
[2019-05-02 20:15:17,821 INFO  L443   ModelExtractionUtils]: Simplification made 4 calls to the SMT solver.
[2019-05-02 20:15:17,821 INFO  L444   ModelExtractionUtils]: 2 out of 8 variables were initially zero. Simplification set additionally 0 variables to zero.
No working directory specified, using /home/xuechao/xuechao/work/Lab/Termination/Lasso-Ranker/z3
Starting monitored process 12 with z3 -smt2 -in SMTLIB2_COMPLIANT=true (exit command is (exit), workingDir is null)
Waiting until toolchain timeout for monitored process 12 with z3 -smt2 -in SMTLIB2_COMPLIANT=true
[2019-05-02 20:15:17,842 INFO  L437   nArgumentSynthesizer]: Simplifying supporting invariants...
[2019-05-02 20:15:17,842 INFO  L440   nArgumentSynthesizer]: Removed 0 redundant supporting invariants from a total of 0.
[2019-05-02 20:15:17,842 INFO  L518          LassoAnalysis]: Proved termination.
[2019-05-02 20:15:17,843 INFO  L520          LassoAnalysis]: Termination argument consisting of:
Ranking function 2-parallel ranking function:
f = max{0, 3*main_i + 2} + max{0, 3*main_j + 2}
Supporting invariants []
[2019-05-02 20:15:17,865 INFO  L132        PluginConnector]: ------------------------ END LassoRanker----------------------------
[2019-05-02 20:15:17,865 INFO  L168              Benchmark]: Toolchain (without parser) took 1161.38 ms. Allocated memory was 514.9 MB in the beginning and 541.6 MB in the end (delta: 26.7 MB). Free memory was 477.6 MB in the beginning and 485.3 MB in the end (delta: -7.6 MB). Peak memory consumption was 125.2 MB. Max. memory is 11.5 GB.
[2019-05-02 20:15:17,867 INFO  L168              Benchmark]: Boogie PL CUP Parser took 0.12 ms. Allocated memory is still 514.9 MB. Free memory is still 479.1 MB. There was no memory consumed. Max. memory is 11.5 GB.
[2019-05-02 20:15:17,867 INFO  L168              Benchmark]: Boogie Preprocessor took 27.95 ms. Allocated memory is still 514.9 MB. Free memory was 477.6 MB in the beginning and 475.0 MB in the end (delta: 2.7 MB). Peak memory consumption was 2.7 MB. Max. memory is 11.5 GB.
[2019-05-02 20:15:17,868 INFO  L168              Benchmark]: RCFGBuilder took 142.59 ms. Allocated memory is still 514.9 MB. Free memory was 475.0 MB in the beginning and 465.4 MB in the end (delta: 9.6 MB). Peak memory consumption was 9.6 MB. Max. memory is 11.5 GB.
[2019-05-02 20:15:17,869 INFO  L168              Benchmark]: LassoRanker took 988.57 ms. Allocated memory was 514.9 MB in the beginning and 541.6 MB in the end (delta: 26.7 MB). Free memory was 464.0 MB in the beginning and 485.3 MB in the end (delta: -21.2 MB). Peak memory consumption was 111.6 MB. Max. memory is 11.5 GB.
[2019-05-02 20:15:17,871 INFO  L336   ainManager$Toolchain]: #######################  End [Toolchain 1] #######################
 --- Results ---
 * Results from de.uni_freiburg.informatik.ultimate.core:
  - StatisticsResult: Toolchain Benchmarks
    Benchmark results are:
 * Boogie PL CUP Parser took 0.12 ms. Allocated memory is still 514.9 MB. Free memory is still 479.1 MB. There was no memory consumed. Max. memory is 11.5 GB.
 * Boogie Preprocessor took 27.95 ms. Allocated memory is still 514.9 MB. Free memory was 477.6 MB in the beginning and 475.0 MB in the end (delta: 2.7 MB). Peak memory consumption was 2.7 MB. Max. memory is 11.5 GB.
 * RCFGBuilder took 142.59 ms. Allocated memory is still 514.9 MB. Free memory was 475.0 MB in the beginning and 465.4 MB in the end (delta: 9.6 MB). Peak memory consumption was 9.6 MB. Max. memory is 11.5 GB.
 * LassoRanker took 988.57 ms. Allocated memory was 514.9 MB in the beginning and 541.6 MB in the end (delta: 26.7 MB). Free memory was 464.0 MB in the beginning and 485.3 MB in the end (delta: -21.2 MB). Peak memory consumption was 111.6 MB. Max. memory is 11.5 GB.
 * Results from de.uni_freiburg.informatik.ultimate.plugins.analysis.lassoranker:
  - TerminationArgumentResult [Line: 39]: Found 2-parallel ranking function
    Found a termination argument consisting of the 2-parallel ranking function: [(if 3 * i + 2 > 0 then 3 * i + 2 else 0) + (if 3 * j + 2 > 0 then 3 * j + 2 else 0)] for which no supporting invariant is required.
RESULT: Ultimate proved your program to be correct!
Received shutdown request...
