This is Ultimate 0.1.24-16d85fa
[2019-05-02 20:15:21,832 INFO  L170        SettingsManager]: Resetting all preferences to default values...
[2019-05-02 20:15:21,834 INFO  L174        SettingsManager]: Resetting UltimateCore preferences to default values
[2019-05-02 20:15:21,843 INFO  L177        SettingsManager]: Ultimate Commandline Interface provides no preferences, ignoring...
[2019-05-02 20:15:21,844 INFO  L174        SettingsManager]: Resetting Boogie Preprocessor preferences to default values
[2019-05-02 20:15:21,844 INFO  L174        SettingsManager]: Resetting Boogie Procedure Inliner preferences to default values
[2019-05-02 20:15:21,845 INFO  L174        SettingsManager]: Resetting Abstract Interpretation preferences to default values
[2019-05-02 20:15:21,847 INFO  L174        SettingsManager]: Resetting LassoRanker preferences to default values
[2019-05-02 20:15:21,848 INFO  L174        SettingsManager]: Resetting Reaching Definitions preferences to default values
[2019-05-02 20:15:21,848 INFO  L174        SettingsManager]: Resetting SyntaxChecker preferences to default values
[2019-05-02 20:15:21,849 INFO  L177        SettingsManager]: Büchi Program Product provides no preferences, ignoring...
[2019-05-02 20:15:21,849 INFO  L174        SettingsManager]: Resetting LTL2Aut preferences to default values
[2019-05-02 20:15:21,850 INFO  L174        SettingsManager]: Resetting PEA to Boogie preferences to default values
[2019-05-02 20:15:21,850 INFO  L174        SettingsManager]: Resetting BlockEncodingV2 preferences to default values
[2019-05-02 20:15:21,851 INFO  L174        SettingsManager]: Resetting ChcToBoogie preferences to default values
[2019-05-02 20:15:21,851 INFO  L174        SettingsManager]: Resetting AutomataScriptInterpreter preferences to default values
[2019-05-02 20:15:21,852 INFO  L174        SettingsManager]: Resetting BuchiAutomizer preferences to default values
[2019-05-02 20:15:21,853 INFO  L174        SettingsManager]: Resetting CACSL2BoogieTranslator preferences to default values
[2019-05-02 20:15:21,855 INFO  L174        SettingsManager]: Resetting CodeCheck preferences to default values
[2019-05-02 20:15:21,856 INFO  L174        SettingsManager]: Resetting InvariantSynthesis preferences to default values
[2019-05-02 20:15:21,856 INFO  L174        SettingsManager]: Resetting RCFGBuilder preferences to default values
[2019-05-02 20:15:21,857 INFO  L174        SettingsManager]: Resetting TraceAbstraction preferences to default values
[2019-05-02 20:15:21,859 INFO  L177        SettingsManager]: TraceAbstractionConcurrent provides no preferences, ignoring...
[2019-05-02 20:15:21,859 INFO  L177        SettingsManager]: TraceAbstractionWithAFAs provides no preferences, ignoring...
[2019-05-02 20:15:21,859 INFO  L174        SettingsManager]: Resetting TreeAutomizer preferences to default values
[2019-05-02 20:15:21,860 INFO  L174        SettingsManager]: Resetting IcfgTransformer preferences to default values
[2019-05-02 20:15:21,860 INFO  L174        SettingsManager]: Resetting Boogie Printer preferences to default values
[2019-05-02 20:15:21,861 INFO  L174        SettingsManager]: Resetting ReqPrinter preferences to default values
[2019-05-02 20:15:21,861 INFO  L174        SettingsManager]: Resetting Witness Printer preferences to default values
[2019-05-02 20:15:21,862 INFO  L177        SettingsManager]: Boogie PL CUP Parser provides no preferences, ignoring...
[2019-05-02 20:15:21,862 INFO  L174        SettingsManager]: Resetting CDTParser preferences to default values
[2019-05-02 20:15:21,862 INFO  L177        SettingsManager]: AutomataScriptParser provides no preferences, ignoring...
[2019-05-02 20:15:21,862 INFO  L177        SettingsManager]: ReqParser provides no preferences, ignoring...
[2019-05-02 20:15:21,863 INFO  L174        SettingsManager]: Resetting SmtParser preferences to default values
[2019-05-02 20:15:21,863 INFO  L174        SettingsManager]: Resetting Witness Parser preferences to default values
[2019-05-02 20:15:21,863 INFO  L181        SettingsManager]: Finished resetting all preferences to default values...
[2019-05-02 20:15:21,879 INFO  L81    nceAwareModelManager]: Repository-Root is: /tmp
[2019-05-02 20:15:21,887 INFO  L258   ainManager$Toolchain]: [Toolchain 1]: Applicable parser(s) successfully (re)initialized
[2019-05-02 20:15:21,890 INFO  L214   ainManager$Toolchain]: [Toolchain 1]: Toolchain selected.
[2019-05-02 20:15:21,891 INFO  L271        PluginConnector]: Initializing Boogie PL CUP Parser...
[2019-05-02 20:15:21,891 INFO  L276        PluginConnector]: Boogie PL CUP Parser initialized
[2019-05-02 20:15:21,892 INFO  L418   ainManager$Toolchain]: [Toolchain 1]: Parsing single file: /home/xuechao/xuechao/work/Lab/Termination/Lasso-Ranker/Program_non/78.bpl
[2019-05-02 20:15:21,892 INFO  L111           BoogieParser]: Parsing: '/home/xuechao/xuechao/work/Lab/Termination/Lasso-Ranker/Program_non/78.bpl'
[2019-05-02 20:15:21,913 INFO  L296   ainManager$Toolchain]: ####################### [Toolchain 1] #######################
[2019-05-02 20:15:21,914 INFO  L131        ToolchainWalker]: Walking toolchain with 3 elements.
[2019-05-02 20:15:21,914 INFO  L113        PluginConnector]: ------------------------Boogie Preprocessor----------------------------
[2019-05-02 20:15:21,915 INFO  L271        PluginConnector]: Initializing Boogie Preprocessor...
[2019-05-02 20:15:21,915 INFO  L276        PluginConnector]: Boogie Preprocessor initialized
[2019-05-02 20:15:21,930 INFO  L185        PluginConnector]: Executing the observer EnsureBoogieModelObserver from plugin Boogie Preprocessor for "78.bpl de.uni_freiburg.informatik.ultimate.boogie.parser AST 02.05 08:15:21" (1/1) ...
[2019-05-02 20:15:21,931 INFO  L185        PluginConnector]: Executing the observer TypeChecker from plugin Boogie Preprocessor for "78.bpl de.uni_freiburg.informatik.ultimate.boogie.parser AST 02.05 08:15:21" (1/1) ...
[2019-05-02 20:15:21,936 INFO  L185        PluginConnector]: Executing the observer ConstExpander from plugin Boogie Preprocessor for "78.bpl de.uni_freiburg.informatik.ultimate.boogie.parser AST 02.05 08:15:21" (1/1) ...
[2019-05-02 20:15:21,936 INFO  L185        PluginConnector]: Executing the observer StructExpander from plugin Boogie Preprocessor for "78.bpl de.uni_freiburg.informatik.ultimate.boogie.parser AST 02.05 08:15:21" (1/1) ...
[2019-05-02 20:15:21,938 INFO  L185        PluginConnector]: Executing the observer UnstructureCode from plugin Boogie Preprocessor for "78.bpl de.uni_freiburg.informatik.ultimate.boogie.parser AST 02.05 08:15:21" (1/1) ...
[2019-05-02 20:15:21,940 INFO  L185        PluginConnector]: Executing the observer FunctionInliner from plugin Boogie Preprocessor for "78.bpl de.uni_freiburg.informatik.ultimate.boogie.parser AST 02.05 08:15:21" (1/1) ...
[2019-05-02 20:15:21,941 INFO  L185        PluginConnector]: Executing the observer BoogieSymbolTableConstructor from plugin Boogie Preprocessor for "78.bpl de.uni_freiburg.informatik.ultimate.boogie.parser AST 02.05 08:15:21" (1/1) ...
[2019-05-02 20:15:21,941 INFO  L132        PluginConnector]: ------------------------ END Boogie Preprocessor----------------------------
[2019-05-02 20:15:21,942 INFO  L113        PluginConnector]: ------------------------RCFGBuilder----------------------------
[2019-05-02 20:15:21,942 INFO  L271        PluginConnector]: Initializing RCFGBuilder...
[2019-05-02 20:15:21,942 INFO  L276        PluginConnector]: RCFGBuilder initialized
[2019-05-02 20:15:21,943 INFO  L185        PluginConnector]: Executing the observer RCFGBuilderObserver from plugin RCFGBuilder for "78.bpl de.uni_freiburg.informatik.ultimate.boogie.parser AST 02.05 08:15:21" (1/1) ...
No working directory specified, using /home/xuechao/xuechao/work/Lab/Termination/Lasso-Ranker/z3
Starting monitored process 1 with z3 SMTLIB2_COMPLIANT=true -memory:1024 -smt2 -in -t:12000 (exit command is (exit), workingDir is null)
Waiting until toolchain timeout for monitored process 1 with z3 SMTLIB2_COMPLIANT=true -memory:1024 -smt2 -in -t:12000
[2019-05-02 20:15:21,984 INFO  L124     BoogieDeclarations]: Specification and implementation of procedure main given in one single declaration
[2019-05-02 20:15:21,984 INFO  L130     BoogieDeclarations]: Found specification of procedure main
[2019-05-02 20:15:21,984 INFO  L138     BoogieDeclarations]: Found implementation of procedure main
[2019-05-02 20:15:22,074 INFO  L278             CfgBuilder]: Using library mode
[2019-05-02 20:15:22,075 INFO  L286             CfgBuilder]: Removed 0 assue(true) statements.
[2019-05-02 20:15:22,076 INFO  L202        PluginConnector]: Adding new model 78.bpl de.uni_freiburg.informatik.ultimate.plugins.generator.rcfgbuilder CFG 02.05 08:15:22 BoogieIcfgContainer
[2019-05-02 20:15:22,076 INFO  L132        PluginConnector]: ------------------------ END RCFGBuilder----------------------------
[2019-05-02 20:15:22,076 INFO  L113        PluginConnector]: ------------------------LassoRanker----------------------------
[2019-05-02 20:15:22,076 INFO  L271        PluginConnector]: Initializing LassoRanker...
[2019-05-02 20:15:22,077 INFO  L276        PluginConnector]: LassoRanker initialized
[2019-05-02 20:15:22,077 INFO  L185        PluginConnector]: Executing the observer LassoRankerObserver from plugin LassoRanker for "78.bpl de.uni_freiburg.informatik.ultimate.plugins.generator.rcfgbuilder CFG 02.05 08:15:22" (1/1) ...
[2019-05-02 20:15:22,103 INFO  L72            BuchiIsEmpty]: Start buchiIsEmpty. Operand 2 states.
[2019-05-02 20:15:22,119 INFO  L131   ngComponentsAnalysis]: Automaton has 1 accepting balls. 1
[2019-05-02 20:15:22,119 INFO  L87            BuchiIsEmpty]: Finished buchiIsEmpty Result is false
[2019-05-02 20:15:22,120 INFO  L119           BuchiIsEmpty]: Starting construction of run
[2019-05-02 20:15:22,125 INFO  L104     BuchiDifferenceFKV]: Start buchiDifferenceFKV. First operand 2 states. Second operand 1 states.
[2019-05-02 20:15:22,134 INFO  L108     BuchiDifferenceFKV]: Finished buchiDifferenceFKV. First operand 2 states. Second operand 1 states. Result 3 states and 4 transitions. Complement of second has 2 states 2 powerset states0 rank states. The highest rank that occured is -1
[2019-05-02 20:15:22,134 INFO  L72            BuchiIsEmpty]: Start buchiIsEmpty. Operand 3 states and 4 transitions.
[2019-05-02 20:15:22,134 INFO  L131   ngComponentsAnalysis]: Automaton has 0 accepting balls. 0
[2019-05-02 20:15:22,134 INFO  L87            BuchiIsEmpty]: Finished buchiIsEmpty Result is true
[2019-05-02 20:15:22,196 INFO  L216          LassoAnalysis]: Preferences:
[2019-05-02 20:15:22,197 INFO  L124   ssoRankerPreferences]: Compute integeral hull: false
[2019-05-02 20:15:22,197 INFO  L125   ssoRankerPreferences]: Enable LassoPartitioneer: true
[2019-05-02 20:15:22,197 INFO  L126   ssoRankerPreferences]: Term annotations enabled: false
[2019-05-02 20:15:22,197 INFO  L127   ssoRankerPreferences]: Use exernal solver: true
[2019-05-02 20:15:22,197 INFO  L128   ssoRankerPreferences]: SMT solver command: z3 -smt2 -in SMTLIB2_COMPLIANT=true
[2019-05-02 20:15:22,197 INFO  L129   ssoRankerPreferences]: Dump SMT script to file: false
[2019-05-02 20:15:22,197 INFO  L130   ssoRankerPreferences]: Path of dumped script: .
[2019-05-02 20:15:22,198 INFO  L131   ssoRankerPreferences]: Filename of dumped script: LassoRankerScript
[2019-05-02 20:15:22,198 INFO  L132   ssoRankerPreferences]: MapElimAlgo: Frank
[2019-05-02 20:15:22,198 INFO  L282          LassoAnalysis]: Starting lasso preprocessing...
[2019-05-02 20:15:22,214 INFO  L141          MapEliminator]: Using MapEliminator with SimplificationTechnique=SIMPLIFY_DDA XnfConversionTechnique=BOTTOM_UP_WITH_LOCAL_SIMPLIFICATION AddInequalities=false OnlyTrivialImplicationsArrayWrite=false OnlyTrivialImplicationsForModifiedArguments=true OnlyArgumentsInFormula=true
[2019-05-02 20:15:22,305 INFO  L300          LassoAnalysis]: Preprocessing complete.
[2019-05-02 20:15:22,305 INFO  L412          LassoAnalysis]: Checking for nontermination...
No working directory specified, using /home/xuechao/xuechao/work/Lab/Termination/Lasso-Ranker/z3
Starting monitored process 2 with z3 -smt2 -in SMTLIB2_COMPLIANT=true (exit command is (exit), workingDir is null)
Waiting until toolchain timeout for monitored process 2 with z3 -smt2 -in SMTLIB2_COMPLIANT=true
[2019-05-02 20:15:22,309 INFO  L151   nArgumentSynthesizer]: Nontermination analysis: LINEAR_WITH_GUESSES Allow bounded executions: true Number of generalized eigenvectors: 0 Nilpotent components: true
[2019-05-02 20:15:22,309 INFO  L163   nArgumentSynthesizer]: Using integer mode.
No working directory specified, using /home/xuechao/xuechao/work/Lab/Termination/Lasso-Ranker/z3
Starting monitored process 3 with z3 -smt2 -in SMTLIB2_COMPLIANT=true (exit command is (exit), workingDir is null)
Waiting until toolchain timeout for monitored process 3 with z3 -smt2 -in SMTLIB2_COMPLIANT=true
[2019-05-02 20:15:22,330 INFO  L151   nArgumentSynthesizer]: Nontermination analysis: LINEAR_WITH_GUESSES Allow bounded executions: true Number of generalized eigenvectors: 3 Nilpotent components: true
[2019-05-02 20:15:22,330 INFO  L163   nArgumentSynthesizer]: Using integer mode.
[2019-05-02 20:15:22,358 INFO  L452          LassoAnalysis]: Proving nontermination failed: No geometric nontermination argument exists.
[2019-05-02 20:15:22,360 INFO  L216          LassoAnalysis]: Preferences:
[2019-05-02 20:15:22,360 INFO  L124   ssoRankerPreferences]: Compute integeral hull: false
[2019-05-02 20:15:22,360 INFO  L125   ssoRankerPreferences]: Enable LassoPartitioneer: true
[2019-05-02 20:15:22,360 INFO  L126   ssoRankerPreferences]: Term annotations enabled: false
[2019-05-02 20:15:22,360 INFO  L127   ssoRankerPreferences]: Use exernal solver: true
[2019-05-02 20:15:22,360 INFO  L128   ssoRankerPreferences]: SMT solver command: z3 -smt2 -in SMTLIB2_COMPLIANT=true
[2019-05-02 20:15:22,360 INFO  L129   ssoRankerPreferences]: Dump SMT script to file: false
[2019-05-02 20:15:22,360 INFO  L130   ssoRankerPreferences]: Path of dumped script: .
[2019-05-02 20:15:22,360 INFO  L131   ssoRankerPreferences]: Filename of dumped script: LassoRankerScript
[2019-05-02 20:15:22,360 INFO  L132   ssoRankerPreferences]: MapElimAlgo: Frank
[2019-05-02 20:15:22,361 INFO  L282          LassoAnalysis]: Starting lasso preprocessing...
[2019-05-02 20:15:22,362 INFO  L141          MapEliminator]: Using MapEliminator with SimplificationTechnique=SIMPLIFY_DDA XnfConversionTechnique=BOTTOM_UP_WITH_LOCAL_SIMPLIFICATION AddInequalities=false OnlyTrivialImplicationsArrayWrite=false OnlyTrivialImplicationsForModifiedArguments=true OnlyArgumentsInFormula=true
[2019-05-02 20:15:22,464 INFO  L300          LassoAnalysis]: Preprocessing complete.
[2019-05-02 20:15:22,468 INFO  L497          LassoAnalysis]: Using template 'affine'.
No working directory specified, using /home/xuechao/xuechao/work/Lab/Termination/Lasso-Ranker/z3
Starting monitored process 4 with z3 -smt2 -in SMTLIB2_COMPLIANT=true (exit command is (exit), workingDir is null)
Waiting until toolchain timeout for monitored process 4 with z3 -smt2 -in SMTLIB2_COMPLIANT=true
[2019-05-02 20:15:22,471 INFO  L122   nArgumentSynthesizer]: Termination Analysis Settings:
Termination analysis: LINEAR_WITH_GUESSES
Number of strict supporting invariants: 1
Number of non-strict supporting invariants: 0
Consider only non-deceasing supporting invariants: true
Simplify termination arguments: true
Simplify supporting invariants: trueOverapproximate stem: false
[2019-05-02 20:15:22,473 INFO  L339   nArgumentSynthesizer]: Template has degree 0.
[2019-05-02 20:15:22,473 INFO  L352   nArgumentSynthesizer]: There is no stem transition; disabling supporting invariant generation.
[2019-05-02 20:15:22,474 INFO  L205   nArgumentSynthesizer]: 1 stem disjuncts
[2019-05-02 20:15:22,474 INFO  L206   nArgumentSynthesizer]: 1 loop disjuncts
[2019-05-02 20:15:22,474 INFO  L207   nArgumentSynthesizer]: 2 template conjuncts.
[2019-05-02 20:15:22,477 INFO  L402   nArgumentSynthesizer]: We have 2 Motzkin's Theorem applications.
[2019-05-02 20:15:22,477 INFO  L403   nArgumentSynthesizer]: A total of 0 supporting invariants were added.
[2019-05-02 20:15:22,479 INFO  L530          LassoAnalysis]: Proving termination failed for this template and these settings.
[2019-05-02 20:15:22,494 INFO  L497          LassoAnalysis]: Using template '2-nested'.
No working directory specified, using /home/xuechao/xuechao/work/Lab/Termination/Lasso-Ranker/z3
Starting monitored process 5 with z3 -smt2 -in SMTLIB2_COMPLIANT=true (exit command is (exit), workingDir is null)
Waiting until toolchain timeout for monitored process 5 with z3 -smt2 -in SMTLIB2_COMPLIANT=true
[2019-05-02 20:15:22,496 INFO  L122   nArgumentSynthesizer]: Termination Analysis Settings:
Termination analysis: LINEAR_WITH_GUESSES
Number of strict supporting invariants: 1
Number of non-strict supporting invariants: 0
Consider only non-deceasing supporting invariants: true
Simplify termination arguments: true
Simplify supporting invariants: trueOverapproximate stem: false
[2019-05-02 20:15:22,498 INFO  L339   nArgumentSynthesizer]: Template has degree 0.
[2019-05-02 20:15:22,498 INFO  L352   nArgumentSynthesizer]: There is no stem transition; disabling supporting invariant generation.
[2019-05-02 20:15:22,498 INFO  L205   nArgumentSynthesizer]: 1 stem disjuncts
[2019-05-02 20:15:22,498 INFO  L206   nArgumentSynthesizer]: 1 loop disjuncts
[2019-05-02 20:15:22,498 INFO  L207   nArgumentSynthesizer]: 3 template conjuncts.
[2019-05-02 20:15:22,501 INFO  L402   nArgumentSynthesizer]: We have 3 Motzkin's Theorem applications.
[2019-05-02 20:15:22,501 INFO  L403   nArgumentSynthesizer]: A total of 0 supporting invariants were added.
[2019-05-02 20:15:22,504 INFO  L530          LassoAnalysis]: Proving termination failed for this template and these settings.
[2019-05-02 20:15:22,518 INFO  L497          LassoAnalysis]: Using template '3-nested'.
No working directory specified, using /home/xuechao/xuechao/work/Lab/Termination/Lasso-Ranker/z3
Starting monitored process 6 with z3 -smt2 -in SMTLIB2_COMPLIANT=true (exit command is (exit), workingDir is null)
Waiting until toolchain timeout for monitored process 6 with z3 -smt2 -in SMTLIB2_COMPLIANT=true
[2019-05-02 20:15:22,521 INFO  L122   nArgumentSynthesizer]: Termination Analysis Settings:
Termination analysis: LINEAR_WITH_GUESSES
Number of strict supporting invariants: 1
Number of non-strict supporting invariants: 0
Consider only non-deceasing supporting invariants: true
Simplify termination arguments: true
Simplify supporting invariants: trueOverapproximate stem: false
[2019-05-02 20:15:22,522 INFO  L339   nArgumentSynthesizer]: Template has degree 0.
[2019-05-02 20:15:22,522 INFO  L352   nArgumentSynthesizer]: There is no stem transition; disabling supporting invariant generation.
[2019-05-02 20:15:22,523 INFO  L205   nArgumentSynthesizer]: 1 stem disjuncts
[2019-05-02 20:15:22,523 INFO  L206   nArgumentSynthesizer]: 1 loop disjuncts
[2019-05-02 20:15:22,523 INFO  L207   nArgumentSynthesizer]: 4 template conjuncts.
[2019-05-02 20:15:22,527 INFO  L402   nArgumentSynthesizer]: We have 4 Motzkin's Theorem applications.
[2019-05-02 20:15:22,527 INFO  L403   nArgumentSynthesizer]: A total of 0 supporting invariants were added.
[2019-05-02 20:15:22,530 INFO  L530          LassoAnalysis]: Proving termination failed for this template and these settings.
[2019-05-02 20:15:22,544 INFO  L497          LassoAnalysis]: Using template '4-nested'.
No working directory specified, using /home/xuechao/xuechao/work/Lab/Termination/Lasso-Ranker/z3
Starting monitored process 7 with z3 -smt2 -in SMTLIB2_COMPLIANT=true (exit command is (exit), workingDir is null)
Waiting until toolchain timeout for monitored process 7 with z3 -smt2 -in SMTLIB2_COMPLIANT=true
[2019-05-02 20:15:22,546 INFO  L122   nArgumentSynthesizer]: Termination Analysis Settings:
Termination analysis: LINEAR_WITH_GUESSES
Number of strict supporting invariants: 1
Number of non-strict supporting invariants: 0
Consider only non-deceasing supporting invariants: true
Simplify termination arguments: true
Simplify supporting invariants: trueOverapproximate stem: false
[2019-05-02 20:15:22,548 INFO  L339   nArgumentSynthesizer]: Template has degree 0.
[2019-05-02 20:15:22,548 INFO  L352   nArgumentSynthesizer]: There is no stem transition; disabling supporting invariant generation.
[2019-05-02 20:15:22,548 INFO  L205   nArgumentSynthesizer]: 1 stem disjuncts
[2019-05-02 20:15:22,548 INFO  L206   nArgumentSynthesizer]: 1 loop disjuncts
[2019-05-02 20:15:22,548 INFO  L207   nArgumentSynthesizer]: 5 template conjuncts.
[2019-05-02 20:15:22,551 INFO  L402   nArgumentSynthesizer]: We have 5 Motzkin's Theorem applications.
[2019-05-02 20:15:22,551 INFO  L403   nArgumentSynthesizer]: A total of 0 supporting invariants were added.
[2019-05-02 20:15:22,555 INFO  L530          LassoAnalysis]: Proving termination failed for this template and these settings.
[2019-05-02 20:15:22,569 INFO  L497          LassoAnalysis]: Using template '2-phase'.
No working directory specified, using /home/xuechao/xuechao/work/Lab/Termination/Lasso-Ranker/z3
Starting monitored process 8 with z3 -smt2 -in SMTLIB2_COMPLIANT=true (exit command is (exit), workingDir is null)
Waiting until toolchain timeout for monitored process 8 with z3 -smt2 -in SMTLIB2_COMPLIANT=true
[2019-05-02 20:15:22,571 INFO  L122   nArgumentSynthesizer]: Termination Analysis Settings:
Termination analysis: LINEAR_WITH_GUESSES
Number of strict supporting invariants: 1
Number of non-strict supporting invariants: 0
Consider only non-deceasing supporting invariants: true
Simplify termination arguments: true
Simplify supporting invariants: trueOverapproximate stem: false
[2019-05-02 20:15:22,573 WARN  L334   nArgumentSynthesizer]: Using a linear SMT query and a templates of degree > 0, hence this method is incomplete.
[2019-05-02 20:15:22,573 INFO  L339   nArgumentSynthesizer]: Template has degree 1.
[2019-05-02 20:15:22,574 INFO  L352   nArgumentSynthesizer]: There is no stem transition; disabling supporting invariant generation.
[2019-05-02 20:15:22,574 INFO  L205   nArgumentSynthesizer]: 1 stem disjuncts
[2019-05-02 20:15:22,574 INFO  L206   nArgumentSynthesizer]: 1 loop disjuncts
[2019-05-02 20:15:22,574 INFO  L207   nArgumentSynthesizer]: 3 template conjuncts.
[2019-05-02 20:15:22,580 INFO  L402   nArgumentSynthesizer]: We have 3 Motzkin's Theorem applications.
[2019-05-02 20:15:22,580 INFO  L403   nArgumentSynthesizer]: A total of 0 supporting invariants were added.
[2019-05-02 20:15:24,414 INFO  L530          LassoAnalysis]: Proving termination failed for this template and these settings.
[2019-05-02 20:15:24,427 INFO  L497          LassoAnalysis]: Using template 'lex(affine, affine)'.
No working directory specified, using /home/xuechao/xuechao/work/Lab/Termination/Lasso-Ranker/z3
Starting monitored process 9 with z3 -smt2 -in SMTLIB2_COMPLIANT=true (exit command is (exit), workingDir is null)
Waiting until toolchain timeout for monitored process 9 with z3 -smt2 -in SMTLIB2_COMPLIANT=true
[2019-05-02 20:15:24,429 INFO  L122   nArgumentSynthesizer]: Termination Analysis Settings:
Termination analysis: LINEAR_WITH_GUESSES
Number of strict supporting invariants: 1
Number of non-strict supporting invariants: 0
Consider only non-deceasing supporting invariants: true
Simplify termination arguments: true
Simplify supporting invariants: trueOverapproximate stem: false
[2019-05-02 20:15:24,431 WARN  L334   nArgumentSynthesizer]: Using a linear SMT query and a templates of degree > 0, hence this method is incomplete.
[2019-05-02 20:15:24,432 INFO  L339   nArgumentSynthesizer]: Template has degree 5.
[2019-05-02 20:15:24,432 INFO  L352   nArgumentSynthesizer]: There is no stem transition; disabling supporting invariant generation.
[2019-05-02 20:15:24,432 INFO  L205   nArgumentSynthesizer]: 1 stem disjuncts
[2019-05-02 20:15:24,432 INFO  L206   nArgumentSynthesizer]: 1 loop disjuncts
[2019-05-02 20:15:24,432 INFO  L207   nArgumentSynthesizer]: 4 template conjuncts.
[2019-05-02 20:15:24,437 INFO  L402   nArgumentSynthesizer]: We have 4 Motzkin's Theorem applications.
[2019-05-02 20:15:24,437 INFO  L403   nArgumentSynthesizer]: A total of 0 supporting invariants were added.
[2019-05-02 20:15:24,773 INFO  L530          LassoAnalysis]: Proving termination failed for this template and these settings.
[2019-05-02 20:15:24,786 INFO  L497          LassoAnalysis]: Using template '2-piece'.
No working directory specified, using /home/xuechao/xuechao/work/Lab/Termination/Lasso-Ranker/z3
Starting monitored process 10 with z3 -smt2 -in SMTLIB2_COMPLIANT=true (exit command is (exit), workingDir is null)
Waiting until toolchain timeout for monitored process 10 with z3 -smt2 -in SMTLIB2_COMPLIANT=true
[2019-05-02 20:15:24,788 INFO  L122   nArgumentSynthesizer]: Termination Analysis Settings:
Termination analysis: LINEAR_WITH_GUESSES
Number of strict supporting invariants: 1
Number of non-strict supporting invariants: 0
Consider only non-deceasing supporting invariants: true
Simplify termination arguments: true
Simplify supporting invariants: trueOverapproximate stem: false
[2019-05-02 20:15:24,790 WARN  L334   nArgumentSynthesizer]: Using a linear SMT query and a templates of degree > 0, hence this method is incomplete.
[2019-05-02 20:15:24,790 INFO  L339   nArgumentSynthesizer]: Template has degree 7.
[2019-05-02 20:15:24,790 INFO  L352   nArgumentSynthesizer]: There is no stem transition; disabling supporting invariant generation.
[2019-05-02 20:15:24,791 INFO  L205   nArgumentSynthesizer]: 1 stem disjuncts
[2019-05-02 20:15:24,791 INFO  L206   nArgumentSynthesizer]: 1 loop disjuncts
[2019-05-02 20:15:24,791 INFO  L207   nArgumentSynthesizer]: 7 template conjuncts.
[2019-05-02 20:15:24,809 INFO  L402   nArgumentSynthesizer]: We have 7 Motzkin's Theorem applications.
[2019-05-02 20:15:24,809 INFO  L403   nArgumentSynthesizer]: A total of 0 supporting invariants were added.
[2019-05-02 20:20:20,665 ERROR L261     LassoRankerStarter]: de.uni_freiburg.informatik.ultimate.logic.SMTLIBException: External (z3 -smt2 -in SMTLIB2_COMPLIANT=true)Received EOF on stdin. No stderr output.
Received shutdown request...
[2019-05-02 20:20:20,666 FATAL L292        ToolchainWalker]: The Plugin de.uni_freiburg.informatik.ultimate.plugins.analysis.lassoranker has thrown an exception:
java.lang.AssertionError: de.uni_freiburg.informatik.ultimate.logic.SMTLIBException: External (z3 -smt2 -in SMTLIB2_COMPLIANT=true)Received EOF on stdin. No stderr output.
	at de.uni_freiburg.informatik.ultimate.plugins.analysis.lassoranker.LassoRankerStarter.<init>(LassoRankerStarter.java:262)
	at de.uni_freiburg.informatik.ultimate.plugins.analysis.lassoranker.LassoRankerObserver.process(LassoRankerObserver.java:72)
	at de.uni_freiburg.informatik.ultimate.core.coreplugin.modelwalker.CFGWalker.runObserver(CFGWalker.java:57)
	at de.uni_freiburg.informatik.ultimate.core.coreplugin.modelwalker.BaseWalker.runObserver(BaseWalker.java:93)
	at de.uni_freiburg.informatik.ultimate.core.coreplugin.modelwalker.BaseWalker.run(BaseWalker.java:86)
	at de.uni_freiburg.informatik.ultimate.core.coreplugin.PluginConnector.runObserver(PluginConnector.java:167)
	at de.uni_freiburg.informatik.ultimate.core.coreplugin.PluginConnector.runTool(PluginConnector.java:156)
	at de.uni_freiburg.informatik.ultimate.core.coreplugin.PluginConnector.run(PluginConnector.java:128)
	at de.uni_freiburg.informatik.ultimate.core.coreplugin.ToolchainWalker.executePluginConnector(ToolchainWalker.java:232)
	at de.uni_freiburg.informatik.ultimate.core.coreplugin.ToolchainWalker.processPlugin(ToolchainWalker.java:226)
	at de.uni_freiburg.informatik.ultimate.core.coreplugin.ToolchainWalker.walkUnprotected(ToolchainWalker.java:142)
	at de.uni_freiburg.informatik.ultimate.core.coreplugin.ToolchainWalker.walk(ToolchainWalker.java:104)
	at de.uni_freiburg.informatik.ultimate.core.coreplugin.ToolchainManager$Toolchain.processToolchain(ToolchainManager.java:316)
	at de.uni_freiburg.informatik.ultimate.core.coreplugin.toolchain.DefaultToolchainJob.run(DefaultToolchainJob.java:145)
	at org.eclipse.core.internal.jobs.Worker.run(Worker.java:55)
Caused by: de.uni_freiburg.informatik.ultimate.logic.SMTLIBException: External (z3 -smt2 -in SMTLIB2_COMPLIANT=true)Received EOF on stdin. No stderr output.
	at de.uni_freiburg.informatik.ultimate.smtsolver.external.Executor.parse(Executor.java:208)
	at de.uni_freiburg.informatik.ultimate.smtsolver.external.Executor.parseCheckSatResult(Executor.java:225)
	at de.uni_freiburg.informatik.ultimate.smtsolver.external.Scriptor.checkSat(Scriptor.java:155)
	at de.uni_freiburg.informatik.ultimate.lassoranker.termination.TerminationArgumentSynthesizer.do_synthesis(TerminationArgumentSynthesizer.java:409)
	at de.uni_freiburg.informatik.ultimate.lassoranker.ArgumentSynthesizer.synthesize(ArgumentSynthesizer.java:142)
	at de.uni_freiburg.informatik.ultimate.lassoranker.LassoAnalysis.tryTemplate(LassoAnalysis.java:506)
	at de.uni_freiburg.informatik.ultimate.plugins.analysis.lassoranker.LassoRankerStarter.<init>(LassoRankerStarter.java:242)
	... 14 more
Caused by: de.uni_freiburg.informatik.ultimate.logic.SMTLIBException: EOF
	at de.uni_freiburg.informatik.ultimate.smtsolver.external.Parser$Action$.CUP$do_action(Parser.java:1427)
	at de.uni_freiburg.informatik.ultimate.smtsolver.external.Parser.do_action(Parser.java:630)
	at com.github.jhoenicke.javacup.runtime.LRParser.parse(LRParser.java:419)
	at de.uni_freiburg.informatik.ultimate.smtsolver.external.Executor.parse(Executor.java:205)
	... 20 more
[2019-05-02 20:20:20,670 INFO  L168              Benchmark]: Toolchain (without parser) took 298756.37 ms. Allocated memory is still 514.9 MB. Free memory was 475.0 MB in the beginning and 379.4 MB in the end (delta: 95.6 MB). Peak memory consumption was 95.6 MB. Max. memory is 11.5 GB.
[2019-05-02 20:20:20,671 INFO  L168              Benchmark]: Boogie PL CUP Parser took 0.12 ms. Allocated memory is still 514.9 MB. Free memory is still 479.1 MB. There was no memory consumed. Max. memory is 11.5 GB.
[2019-05-02 20:20:20,672 INFO  L168              Benchmark]: Boogie Preprocessor took 27.17 ms. Allocated memory is still 514.9 MB. Free memory was 475.0 MB in the beginning and 472.3 MB in the end (delta: 2.7 MB). Peak memory consumption was 2.7 MB. Max. memory is 11.5 GB.
[2019-05-02 20:20:20,673 INFO  L168              Benchmark]: RCFGBuilder took 134.05 ms. Allocated memory is still 514.9 MB. Free memory was 472.3 MB in the beginning and 462.7 MB in the end (delta: 9.6 MB). Peak memory consumption was 9.6 MB. Max. memory is 11.5 GB.
[2019-05-02 20:20:20,673 INFO  L168              Benchmark]: LassoRanker took 298592.97 ms. Allocated memory is still 514.9 MB. Free memory was 462.7 MB in the beginning and 379.4 MB in the end (delta: 83.3 MB). Peak memory consumption was 83.3 MB. Max. memory is 11.5 GB.
[2019-05-02 20:20:20,676 INFO  L336   ainManager$Toolchain]: #######################  End [Toolchain 1] #######################
 --- Results ---
 * Results from de.uni_freiburg.informatik.ultimate.core:
  - StatisticsResult: Toolchain Benchmarks
    Benchmark results are:
 * Boogie PL CUP Parser took 0.12 ms. Allocated memory is still 514.9 MB. Free memory is still 479.1 MB. There was no memory consumed. Max. memory is 11.5 GB.
 * Boogie Preprocessor took 27.17 ms. Allocated memory is still 514.9 MB. Free memory was 475.0 MB in the beginning and 472.3 MB in the end (delta: 2.7 MB). Peak memory consumption was 2.7 MB. Max. memory is 11.5 GB.
 * RCFGBuilder took 134.05 ms. Allocated memory is still 514.9 MB. Free memory was 472.3 MB in the beginning and 462.7 MB in the end (delta: 9.6 MB). Peak memory consumption was 9.6 MB. Max. memory is 11.5 GB.
 * LassoRanker took 298592.97 ms. Allocated memory is still 514.9 MB. Free memory was 462.7 MB in the beginning and 379.4 MB in the end (delta: 83.3 MB). Peak memory consumption was 83.3 MB. Max. memory is 11.5 GB.
 * Results from de.uni_freiburg.informatik.ultimate.plugins.analysis.lassoranker:
  - ExceptionOrErrorResult: AssertionError: de.uni_freiburg.informatik.ultimate.logic.SMTLIBException: External (z3 -smt2 -in SMTLIB2_COMPLIANT=true)Received EOF on stdin. No stderr output.
    de.uni_freiburg.informatik.ultimate.plugins.analysis.lassoranker: AssertionError: de.uni_freiburg.informatik.ultimate.logic.SMTLIBException: External (z3 -smt2 -in SMTLIB2_COMPLIANT=true)Received EOF on stdin. No stderr output.: de.uni_freiburg.informatik.ultimate.plugins.analysis.lassoranker.LassoRankerStarter.<init>(LassoRankerStarter.java:262)
RESULT: Ultimate could not prove your program: Toolchain returned no result.
Completed graceful shutdown
