This is Ultimate 0.1.24-16d85fa
[2019-05-02 20:20:26,545 INFO  L170        SettingsManager]: Resetting all preferences to default values...
[2019-05-02 20:20:26,546 INFO  L174        SettingsManager]: Resetting UltimateCore preferences to default values
[2019-05-02 20:20:26,556 INFO  L177        SettingsManager]: Ultimate Commandline Interface provides no preferences, ignoring...
[2019-05-02 20:20:26,556 INFO  L174        SettingsManager]: Resetting Boogie Preprocessor preferences to default values
[2019-05-02 20:20:26,557 INFO  L174        SettingsManager]: Resetting Boogie Procedure Inliner preferences to default values
[2019-05-02 20:20:26,558 INFO  L174        SettingsManager]: Resetting Abstract Interpretation preferences to default values
[2019-05-02 20:20:26,559 INFO  L174        SettingsManager]: Resetting LassoRanker preferences to default values
[2019-05-02 20:20:26,560 INFO  L174        SettingsManager]: Resetting Reaching Definitions preferences to default values
[2019-05-02 20:20:26,561 INFO  L174        SettingsManager]: Resetting SyntaxChecker preferences to default values
[2019-05-02 20:20:26,561 INFO  L177        SettingsManager]: Büchi Program Product provides no preferences, ignoring...
[2019-05-02 20:20:26,561 INFO  L174        SettingsManager]: Resetting LTL2Aut preferences to default values
[2019-05-02 20:20:26,562 INFO  L174        SettingsManager]: Resetting PEA to Boogie preferences to default values
[2019-05-02 20:20:26,563 INFO  L174        SettingsManager]: Resetting BlockEncodingV2 preferences to default values
[2019-05-02 20:20:26,563 INFO  L174        SettingsManager]: Resetting ChcToBoogie preferences to default values
[2019-05-02 20:20:26,564 INFO  L174        SettingsManager]: Resetting AutomataScriptInterpreter preferences to default values
[2019-05-02 20:20:26,564 INFO  L174        SettingsManager]: Resetting BuchiAutomizer preferences to default values
[2019-05-02 20:20:26,566 INFO  L174        SettingsManager]: Resetting CACSL2BoogieTranslator preferences to default values
[2019-05-02 20:20:26,567 INFO  L174        SettingsManager]: Resetting CodeCheck preferences to default values
[2019-05-02 20:20:26,568 INFO  L174        SettingsManager]: Resetting InvariantSynthesis preferences to default values
[2019-05-02 20:20:26,569 INFO  L174        SettingsManager]: Resetting RCFGBuilder preferences to default values
[2019-05-02 20:20:26,570 INFO  L174        SettingsManager]: Resetting TraceAbstraction preferences to default values
[2019-05-02 20:20:26,571 INFO  L177        SettingsManager]: TraceAbstractionConcurrent provides no preferences, ignoring...
[2019-05-02 20:20:26,571 INFO  L177        SettingsManager]: TraceAbstractionWithAFAs provides no preferences, ignoring...
[2019-05-02 20:20:26,571 INFO  L174        SettingsManager]: Resetting TreeAutomizer preferences to default values
[2019-05-02 20:20:26,572 INFO  L174        SettingsManager]: Resetting IcfgTransformer preferences to default values
[2019-05-02 20:20:26,573 INFO  L174        SettingsManager]: Resetting Boogie Printer preferences to default values
[2019-05-02 20:20:26,573 INFO  L174        SettingsManager]: Resetting ReqPrinter preferences to default values
[2019-05-02 20:20:26,573 INFO  L174        SettingsManager]: Resetting Witness Printer preferences to default values
[2019-05-02 20:20:26,574 INFO  L177        SettingsManager]: Boogie PL CUP Parser provides no preferences, ignoring...
[2019-05-02 20:20:26,574 INFO  L174        SettingsManager]: Resetting CDTParser preferences to default values
[2019-05-02 20:20:26,575 INFO  L177        SettingsManager]: AutomataScriptParser provides no preferences, ignoring...
[2019-05-02 20:20:26,575 INFO  L177        SettingsManager]: ReqParser provides no preferences, ignoring...
[2019-05-02 20:20:26,575 INFO  L174        SettingsManager]: Resetting SmtParser preferences to default values
[2019-05-02 20:20:26,575 INFO  L174        SettingsManager]: Resetting Witness Parser preferences to default values
[2019-05-02 20:20:26,576 INFO  L181        SettingsManager]: Finished resetting all preferences to default values...
[2019-05-02 20:20:26,591 INFO  L81    nceAwareModelManager]: Repository-Root is: /tmp
[2019-05-02 20:20:26,600 INFO  L258   ainManager$Toolchain]: [Toolchain 1]: Applicable parser(s) successfully (re)initialized
[2019-05-02 20:20:26,602 INFO  L214   ainManager$Toolchain]: [Toolchain 1]: Toolchain selected.
[2019-05-02 20:20:26,603 INFO  L271        PluginConnector]: Initializing Boogie PL CUP Parser...
[2019-05-02 20:20:26,603 INFO  L276        PluginConnector]: Boogie PL CUP Parser initialized
[2019-05-02 20:20:26,604 INFO  L418   ainManager$Toolchain]: [Toolchain 1]: Parsing single file: /home/xuechao/xuechao/work/Lab/Termination/Lasso-Ranker/Program_non/80.bpl
[2019-05-02 20:20:26,604 INFO  L111           BoogieParser]: Parsing: '/home/xuechao/xuechao/work/Lab/Termination/Lasso-Ranker/Program_non/80.bpl'
[2019-05-02 20:20:26,625 INFO  L296   ainManager$Toolchain]: ####################### [Toolchain 1] #######################
[2019-05-02 20:20:26,626 INFO  L131        ToolchainWalker]: Walking toolchain with 3 elements.
[2019-05-02 20:20:26,627 INFO  L113        PluginConnector]: ------------------------Boogie Preprocessor----------------------------
[2019-05-02 20:20:26,627 INFO  L271        PluginConnector]: Initializing Boogie Preprocessor...
[2019-05-02 20:20:26,627 INFO  L276        PluginConnector]: Boogie Preprocessor initialized
[2019-05-02 20:20:26,643 INFO  L185        PluginConnector]: Executing the observer EnsureBoogieModelObserver from plugin Boogie Preprocessor for "80.bpl de.uni_freiburg.informatik.ultimate.boogie.parser AST 02.05 08:20:26" (1/1) ...
[2019-05-02 20:20:26,644 INFO  L185        PluginConnector]: Executing the observer TypeChecker from plugin Boogie Preprocessor for "80.bpl de.uni_freiburg.informatik.ultimate.boogie.parser AST 02.05 08:20:26" (1/1) ...
[2019-05-02 20:20:26,648 INFO  L185        PluginConnector]: Executing the observer ConstExpander from plugin Boogie Preprocessor for "80.bpl de.uni_freiburg.informatik.ultimate.boogie.parser AST 02.05 08:20:26" (1/1) ...
[2019-05-02 20:20:26,648 INFO  L185        PluginConnector]: Executing the observer StructExpander from plugin Boogie Preprocessor for "80.bpl de.uni_freiburg.informatik.ultimate.boogie.parser AST 02.05 08:20:26" (1/1) ...
[2019-05-02 20:20:26,650 INFO  L185        PluginConnector]: Executing the observer UnstructureCode from plugin Boogie Preprocessor for "80.bpl de.uni_freiburg.informatik.ultimate.boogie.parser AST 02.05 08:20:26" (1/1) ...
[2019-05-02 20:20:26,652 INFO  L185        PluginConnector]: Executing the observer FunctionInliner from plugin Boogie Preprocessor for "80.bpl de.uni_freiburg.informatik.ultimate.boogie.parser AST 02.05 08:20:26" (1/1) ...
[2019-05-02 20:20:26,653 INFO  L185        PluginConnector]: Executing the observer BoogieSymbolTableConstructor from plugin Boogie Preprocessor for "80.bpl de.uni_freiburg.informatik.ultimate.boogie.parser AST 02.05 08:20:26" (1/1) ...
[2019-05-02 20:20:26,653 INFO  L132        PluginConnector]: ------------------------ END Boogie Preprocessor----------------------------
[2019-05-02 20:20:26,654 INFO  L113        PluginConnector]: ------------------------RCFGBuilder----------------------------
[2019-05-02 20:20:26,654 INFO  L271        PluginConnector]: Initializing RCFGBuilder...
[2019-05-02 20:20:26,654 INFO  L276        PluginConnector]: RCFGBuilder initialized
[2019-05-02 20:20:26,655 INFO  L185        PluginConnector]: Executing the observer RCFGBuilderObserver from plugin RCFGBuilder for "80.bpl de.uni_freiburg.informatik.ultimate.boogie.parser AST 02.05 08:20:26" (1/1) ...
No working directory specified, using /home/xuechao/xuechao/work/Lab/Termination/Lasso-Ranker/z3
Starting monitored process 1 with z3 SMTLIB2_COMPLIANT=true -memory:1024 -smt2 -in -t:12000 (exit command is (exit), workingDir is null)
Waiting until toolchain timeout for monitored process 1 with z3 SMTLIB2_COMPLIANT=true -memory:1024 -smt2 -in -t:12000
[2019-05-02 20:20:26,695 INFO  L124     BoogieDeclarations]: Specification and implementation of procedure main given in one single declaration
[2019-05-02 20:20:26,695 INFO  L130     BoogieDeclarations]: Found specification of procedure main
[2019-05-02 20:20:26,695 INFO  L138     BoogieDeclarations]: Found implementation of procedure main
[2019-05-02 20:20:26,775 INFO  L278             CfgBuilder]: Using library mode
[2019-05-02 20:20:26,776 INFO  L286             CfgBuilder]: Removed 0 assue(true) statements.
[2019-05-02 20:20:26,776 INFO  L202        PluginConnector]: Adding new model 80.bpl de.uni_freiburg.informatik.ultimate.plugins.generator.rcfgbuilder CFG 02.05 08:20:26 BoogieIcfgContainer
[2019-05-02 20:20:26,776 INFO  L132        PluginConnector]: ------------------------ END RCFGBuilder----------------------------
[2019-05-02 20:20:26,777 INFO  L113        PluginConnector]: ------------------------LassoRanker----------------------------
[2019-05-02 20:20:26,777 INFO  L271        PluginConnector]: Initializing LassoRanker...
[2019-05-02 20:20:26,777 INFO  L276        PluginConnector]: LassoRanker initialized
[2019-05-02 20:20:26,778 INFO  L185        PluginConnector]: Executing the observer LassoRankerObserver from plugin LassoRanker for "80.bpl de.uni_freiburg.informatik.ultimate.plugins.generator.rcfgbuilder CFG 02.05 08:20:26" (1/1) ...
[2019-05-02 20:20:26,798 INFO  L72            BuchiIsEmpty]: Start buchiIsEmpty. Operand 2 states.
[2019-05-02 20:20:26,813 INFO  L131   ngComponentsAnalysis]: Automaton has 1 accepting balls. 1
[2019-05-02 20:20:26,814 INFO  L87            BuchiIsEmpty]: Finished buchiIsEmpty Result is false
[2019-05-02 20:20:26,814 INFO  L119           BuchiIsEmpty]: Starting construction of run
[2019-05-02 20:20:26,819 INFO  L104     BuchiDifferenceFKV]: Start buchiDifferenceFKV. First operand 2 states. Second operand 1 states.
[2019-05-02 20:20:26,828 INFO  L108     BuchiDifferenceFKV]: Finished buchiDifferenceFKV. First operand 2 states. Second operand 1 states. Result 3 states and 4 transitions. Complement of second has 2 states 2 powerset states0 rank states. The highest rank that occured is -1
[2019-05-02 20:20:26,828 INFO  L72            BuchiIsEmpty]: Start buchiIsEmpty. Operand 3 states and 4 transitions.
[2019-05-02 20:20:26,828 INFO  L131   ngComponentsAnalysis]: Automaton has 0 accepting balls. 0
[2019-05-02 20:20:26,828 INFO  L87            BuchiIsEmpty]: Finished buchiIsEmpty Result is true
[2019-05-02 20:20:26,888 INFO  L216          LassoAnalysis]: Preferences:
[2019-05-02 20:20:26,889 INFO  L124   ssoRankerPreferences]: Compute integeral hull: false
[2019-05-02 20:20:26,889 INFO  L125   ssoRankerPreferences]: Enable LassoPartitioneer: true
[2019-05-02 20:20:26,889 INFO  L126   ssoRankerPreferences]: Term annotations enabled: false
[2019-05-02 20:20:26,889 INFO  L127   ssoRankerPreferences]: Use exernal solver: true
[2019-05-02 20:20:26,889 INFO  L128   ssoRankerPreferences]: SMT solver command: z3 -smt2 -in SMTLIB2_COMPLIANT=true
[2019-05-02 20:20:26,890 INFO  L129   ssoRankerPreferences]: Dump SMT script to file: false
[2019-05-02 20:20:26,890 INFO  L130   ssoRankerPreferences]: Path of dumped script: .
[2019-05-02 20:20:26,890 INFO  L131   ssoRankerPreferences]: Filename of dumped script: LassoRankerScript
[2019-05-02 20:20:26,890 INFO  L132   ssoRankerPreferences]: MapElimAlgo: Frank
[2019-05-02 20:20:26,890 INFO  L282          LassoAnalysis]: Starting lasso preprocessing...
[2019-05-02 20:20:26,905 INFO  L141          MapEliminator]: Using MapEliminator with SimplificationTechnique=SIMPLIFY_DDA XnfConversionTechnique=BOTTOM_UP_WITH_LOCAL_SIMPLIFICATION AddInequalities=false OnlyTrivialImplicationsArrayWrite=false OnlyTrivialImplicationsForModifiedArguments=true OnlyArgumentsInFormula=true
[2019-05-02 20:20:26,982 INFO  L300          LassoAnalysis]: Preprocessing complete.
[2019-05-02 20:20:26,983 INFO  L412          LassoAnalysis]: Checking for nontermination...
No working directory specified, using /home/xuechao/xuechao/work/Lab/Termination/Lasso-Ranker/z3
Starting monitored process 2 with z3 -smt2 -in SMTLIB2_COMPLIANT=true (exit command is (exit), workingDir is null)
Waiting until toolchain timeout for monitored process 2 with z3 -smt2 -in SMTLIB2_COMPLIANT=true
[2019-05-02 20:20:26,988 INFO  L151   nArgumentSynthesizer]: Nontermination analysis: LINEAR_WITH_GUESSES Allow bounded executions: true Number of generalized eigenvectors: 0 Nilpotent components: true
[2019-05-02 20:20:26,988 INFO  L163   nArgumentSynthesizer]: Using integer mode.
No working directory specified, using /home/xuechao/xuechao/work/Lab/Termination/Lasso-Ranker/z3
Starting monitored process 3 with z3 -smt2 -in SMTLIB2_COMPLIANT=true (exit command is (exit), workingDir is null)
Waiting until toolchain timeout for monitored process 3 with z3 -smt2 -in SMTLIB2_COMPLIANT=true
[2019-05-02 20:20:27,010 INFO  L151   nArgumentSynthesizer]: Nontermination analysis: LINEAR_WITH_GUESSES Allow bounded executions: true Number of generalized eigenvectors: 3 Nilpotent components: true
[2019-05-02 20:20:27,010 INFO  L163   nArgumentSynthesizer]: Using integer mode.
[2019-05-02 20:20:27,037 INFO  L452          LassoAnalysis]: Proving nontermination failed: No geometric nontermination argument exists.
[2019-05-02 20:20:27,038 INFO  L216          LassoAnalysis]: Preferences:
[2019-05-02 20:20:27,038 INFO  L124   ssoRankerPreferences]: Compute integeral hull: false
[2019-05-02 20:20:27,038 INFO  L125   ssoRankerPreferences]: Enable LassoPartitioneer: true
[2019-05-02 20:20:27,038 INFO  L126   ssoRankerPreferences]: Term annotations enabled: false
[2019-05-02 20:20:27,038 INFO  L127   ssoRankerPreferences]: Use exernal solver: true
[2019-05-02 20:20:27,038 INFO  L128   ssoRankerPreferences]: SMT solver command: z3 -smt2 -in SMTLIB2_COMPLIANT=true
[2019-05-02 20:20:27,039 INFO  L129   ssoRankerPreferences]: Dump SMT script to file: false
[2019-05-02 20:20:27,039 INFO  L130   ssoRankerPreferences]: Path of dumped script: .
[2019-05-02 20:20:27,039 INFO  L131   ssoRankerPreferences]: Filename of dumped script: LassoRankerScript
[2019-05-02 20:20:27,039 INFO  L132   ssoRankerPreferences]: MapElimAlgo: Frank
[2019-05-02 20:20:27,039 INFO  L282          LassoAnalysis]: Starting lasso preprocessing...
[2019-05-02 20:20:27,040 INFO  L141          MapEliminator]: Using MapEliminator with SimplificationTechnique=SIMPLIFY_DDA XnfConversionTechnique=BOTTOM_UP_WITH_LOCAL_SIMPLIFICATION AddInequalities=false OnlyTrivialImplicationsArrayWrite=false OnlyTrivialImplicationsForModifiedArguments=true OnlyArgumentsInFormula=true
[2019-05-02 20:20:27,136 INFO  L300          LassoAnalysis]: Preprocessing complete.
[2019-05-02 20:20:27,140 INFO  L497          LassoAnalysis]: Using template 'affine'.
No working directory specified, using /home/xuechao/xuechao/work/Lab/Termination/Lasso-Ranker/z3
Starting monitored process 4 with z3 -smt2 -in SMTLIB2_COMPLIANT=true (exit command is (exit), workingDir is null)
[2019-05-02 20:20:27,149 INFO  L122   nArgumentSynthesizer]: Termination Analysis Settings:
Termination analysis: LINEAR_WITH_GUESSES
Number of strict supporting invariants: 1
Number of non-strict supporting invariants: 0
Consider only non-deceasing supporting invariants: true
Simplify termination arguments: true
Simplify supporting invariants: trueOverapproximate stem: false
Waiting until toolchain timeout for monitored process 4 with z3 -smt2 -in SMTLIB2_COMPLIANT=true
[2019-05-02 20:20:27,151 INFO  L339   nArgumentSynthesizer]: Template has degree 0.
[2019-05-02 20:20:27,151 INFO  L352   nArgumentSynthesizer]: There is no stem transition; disabling supporting invariant generation.
[2019-05-02 20:20:27,151 INFO  L205   nArgumentSynthesizer]: 1 stem disjuncts
[2019-05-02 20:20:27,152 INFO  L206   nArgumentSynthesizer]: 1 loop disjuncts
[2019-05-02 20:20:27,152 INFO  L207   nArgumentSynthesizer]: 2 template conjuncts.
[2019-05-02 20:20:27,156 INFO  L402   nArgumentSynthesizer]: We have 2 Motzkin's Theorem applications.
[2019-05-02 20:20:27,156 INFO  L403   nArgumentSynthesizer]: A total of 0 supporting invariants were added.
[2019-05-02 20:20:27,165 INFO  L530          LassoAnalysis]: Proving termination failed for this template and these settings.
[2019-05-02 20:20:27,179 INFO  L497          LassoAnalysis]: Using template '2-nested'.
No working directory specified, using /home/xuechao/xuechao/work/Lab/Termination/Lasso-Ranker/z3
Starting monitored process 5 with z3 -smt2 -in SMTLIB2_COMPLIANT=true (exit command is (exit), workingDir is null)
Waiting until toolchain timeout for monitored process 5 with z3 -smt2 -in SMTLIB2_COMPLIANT=true
[2019-05-02 20:20:27,186 INFO  L122   nArgumentSynthesizer]: Termination Analysis Settings:
Termination analysis: LINEAR_WITH_GUESSES
Number of strict supporting invariants: 1
Number of non-strict supporting invariants: 0
Consider only non-deceasing supporting invariants: true
Simplify termination arguments: true
Simplify supporting invariants: trueOverapproximate stem: false
[2019-05-02 20:20:27,187 INFO  L339   nArgumentSynthesizer]: Template has degree 0.
[2019-05-02 20:20:27,187 INFO  L352   nArgumentSynthesizer]: There is no stem transition; disabling supporting invariant generation.
[2019-05-02 20:20:27,188 INFO  L205   nArgumentSynthesizer]: 1 stem disjuncts
[2019-05-02 20:20:27,188 INFO  L206   nArgumentSynthesizer]: 1 loop disjuncts
[2019-05-02 20:20:27,188 INFO  L207   nArgumentSynthesizer]: 3 template conjuncts.
[2019-05-02 20:20:27,190 INFO  L402   nArgumentSynthesizer]: We have 3 Motzkin's Theorem applications.
[2019-05-02 20:20:27,190 INFO  L403   nArgumentSynthesizer]: A total of 0 supporting invariants were added.
[2019-05-02 20:20:27,192 INFO  L530          LassoAnalysis]: Proving termination failed for this template and these settings.
[2019-05-02 20:20:27,206 INFO  L497          LassoAnalysis]: Using template '3-nested'.
No working directory specified, using /home/xuechao/xuechao/work/Lab/Termination/Lasso-Ranker/z3
Starting monitored process 6 with z3 -smt2 -in SMTLIB2_COMPLIANT=true (exit command is (exit), workingDir is null)
Waiting until toolchain timeout for monitored process 6 with z3 -smt2 -in SMTLIB2_COMPLIANT=true
[2019-05-02 20:20:27,211 INFO  L122   nArgumentSynthesizer]: Termination Analysis Settings:
Termination analysis: LINEAR_WITH_GUESSES
Number of strict supporting invariants: 1
Number of non-strict supporting invariants: 0
Consider only non-deceasing supporting invariants: true
Simplify termination arguments: true
Simplify supporting invariants: trueOverapproximate stem: false
[2019-05-02 20:20:27,213 INFO  L339   nArgumentSynthesizer]: Template has degree 0.
[2019-05-02 20:20:27,214 INFO  L352   nArgumentSynthesizer]: There is no stem transition; disabling supporting invariant generation.
[2019-05-02 20:20:27,214 INFO  L205   nArgumentSynthesizer]: 1 stem disjuncts
[2019-05-02 20:20:27,214 INFO  L206   nArgumentSynthesizer]: 1 loop disjuncts
[2019-05-02 20:20:27,214 INFO  L207   nArgumentSynthesizer]: 4 template conjuncts.
[2019-05-02 20:20:27,218 INFO  L402   nArgumentSynthesizer]: We have 4 Motzkin's Theorem applications.
[2019-05-02 20:20:27,218 INFO  L403   nArgumentSynthesizer]: A total of 0 supporting invariants were added.
[2019-05-02 20:20:27,222 INFO  L530          LassoAnalysis]: Proving termination failed for this template and these settings.
[2019-05-02 20:20:27,236 INFO  L497          LassoAnalysis]: Using template '4-nested'.
No working directory specified, using /home/xuechao/xuechao/work/Lab/Termination/Lasso-Ranker/z3
Starting monitored process 7 with z3 -smt2 -in SMTLIB2_COMPLIANT=true (exit command is (exit), workingDir is null)
Waiting until toolchain timeout for monitored process 7 with z3 -smt2 -in SMTLIB2_COMPLIANT=true
[2019-05-02 20:20:27,238 INFO  L122   nArgumentSynthesizer]: Termination Analysis Settings:
Termination analysis: LINEAR_WITH_GUESSES
Number of strict supporting invariants: 1
Number of non-strict supporting invariants: 0
Consider only non-deceasing supporting invariants: true
Simplify termination arguments: true
Simplify supporting invariants: trueOverapproximate stem: false
[2019-05-02 20:20:27,239 INFO  L339   nArgumentSynthesizer]: Template has degree 0.
[2019-05-02 20:20:27,239 INFO  L352   nArgumentSynthesizer]: There is no stem transition; disabling supporting invariant generation.
[2019-05-02 20:20:27,240 INFO  L205   nArgumentSynthesizer]: 1 stem disjuncts
[2019-05-02 20:20:27,240 INFO  L206   nArgumentSynthesizer]: 1 loop disjuncts
[2019-05-02 20:20:27,240 INFO  L207   nArgumentSynthesizer]: 5 template conjuncts.
[2019-05-02 20:20:27,243 INFO  L402   nArgumentSynthesizer]: We have 5 Motzkin's Theorem applications.
[2019-05-02 20:20:27,243 INFO  L403   nArgumentSynthesizer]: A total of 0 supporting invariants were added.
[2019-05-02 20:20:27,247 INFO  L530          LassoAnalysis]: Proving termination failed for this template and these settings.
[2019-05-02 20:20:27,260 INFO  L497          LassoAnalysis]: Using template '2-phase'.
No working directory specified, using /home/xuechao/xuechao/work/Lab/Termination/Lasso-Ranker/z3
Starting monitored process 8 with z3 -smt2 -in SMTLIB2_COMPLIANT=true (exit command is (exit), workingDir is null)
Waiting until toolchain timeout for monitored process 8 with z3 -smt2 -in SMTLIB2_COMPLIANT=true
[2019-05-02 20:20:27,262 INFO  L122   nArgumentSynthesizer]: Termination Analysis Settings:
Termination analysis: LINEAR_WITH_GUESSES
Number of strict supporting invariants: 1
Number of non-strict supporting invariants: 0
Consider only non-deceasing supporting invariants: true
Simplify termination arguments: true
Simplify supporting invariants: trueOverapproximate stem: false
[2019-05-02 20:20:27,264 WARN  L334   nArgumentSynthesizer]: Using a linear SMT query and a templates of degree > 0, hence this method is incomplete.
[2019-05-02 20:20:27,264 INFO  L339   nArgumentSynthesizer]: Template has degree 1.
[2019-05-02 20:20:27,264 INFO  L352   nArgumentSynthesizer]: There is no stem transition; disabling supporting invariant generation.
[2019-05-02 20:20:27,265 INFO  L205   nArgumentSynthesizer]: 1 stem disjuncts
[2019-05-02 20:20:27,265 INFO  L206   nArgumentSynthesizer]: 1 loop disjuncts
[2019-05-02 20:20:27,265 INFO  L207   nArgumentSynthesizer]: 3 template conjuncts.
[2019-05-02 20:20:27,270 INFO  L402   nArgumentSynthesizer]: We have 3 Motzkin's Theorem applications.
[2019-05-02 20:20:27,270 INFO  L403   nArgumentSynthesizer]: A total of 0 supporting invariants were added.
[2019-05-02 20:20:27,318 INFO  L530          LassoAnalysis]: Proving termination failed for this template and these settings.
[2019-05-02 20:20:27,333 INFO  L497          LassoAnalysis]: Using template 'lex(affine, affine)'.
No working directory specified, using /home/xuechao/xuechao/work/Lab/Termination/Lasso-Ranker/z3
Starting monitored process 9 with z3 -smt2 -in SMTLIB2_COMPLIANT=true (exit command is (exit), workingDir is null)
Waiting until toolchain timeout for monitored process 9 with z3 -smt2 -in SMTLIB2_COMPLIANT=true
[2019-05-02 20:20:27,336 INFO  L122   nArgumentSynthesizer]: Termination Analysis Settings:
Termination analysis: LINEAR_WITH_GUESSES
Number of strict supporting invariants: 1
Number of non-strict supporting invariants: 0
Consider only non-deceasing supporting invariants: true
Simplify termination arguments: true
Simplify supporting invariants: trueOverapproximate stem: false
[2019-05-02 20:20:27,338 WARN  L334   nArgumentSynthesizer]: Using a linear SMT query and a templates of degree > 0, hence this method is incomplete.
[2019-05-02 20:20:27,338 INFO  L339   nArgumentSynthesizer]: Template has degree 5.
[2019-05-02 20:20:27,338 INFO  L352   nArgumentSynthesizer]: There is no stem transition; disabling supporting invariant generation.
[2019-05-02 20:20:27,338 INFO  L205   nArgumentSynthesizer]: 1 stem disjuncts
[2019-05-02 20:20:27,339 INFO  L206   nArgumentSynthesizer]: 1 loop disjuncts
[2019-05-02 20:20:27,339 INFO  L207   nArgumentSynthesizer]: 4 template conjuncts.
[2019-05-02 20:20:27,344 INFO  L402   nArgumentSynthesizer]: We have 4 Motzkin's Theorem applications.
[2019-05-02 20:20:27,345 INFO  L403   nArgumentSynthesizer]: A total of 0 supporting invariants were added.
[2019-05-02 20:20:27,402 INFO  L530          LassoAnalysis]: Proving termination failed for this template and these settings.
[2019-05-02 20:20:27,416 INFO  L497          LassoAnalysis]: Using template '2-piece'.
No working directory specified, using /home/xuechao/xuechao/work/Lab/Termination/Lasso-Ranker/z3
Starting monitored process 10 with z3 -smt2 -in SMTLIB2_COMPLIANT=true (exit command is (exit), workingDir is null)
Waiting until toolchain timeout for monitored process 10 with z3 -smt2 -in SMTLIB2_COMPLIANT=true
[2019-05-02 20:20:27,418 INFO  L122   nArgumentSynthesizer]: Termination Analysis Settings:
Termination analysis: LINEAR_WITH_GUESSES
Number of strict supporting invariants: 1
Number of non-strict supporting invariants: 0
Consider only non-deceasing supporting invariants: true
Simplify termination arguments: true
Simplify supporting invariants: trueOverapproximate stem: false
[2019-05-02 20:20:27,419 WARN  L334   nArgumentSynthesizer]: Using a linear SMT query and a templates of degree > 0, hence this method is incomplete.
[2019-05-02 20:20:27,420 INFO  L339   nArgumentSynthesizer]: Template has degree 7.
[2019-05-02 20:20:27,420 INFO  L352   nArgumentSynthesizer]: There is no stem transition; disabling supporting invariant generation.
[2019-05-02 20:20:27,420 INFO  L205   nArgumentSynthesizer]: 1 stem disjuncts
[2019-05-02 20:20:27,420 INFO  L206   nArgumentSynthesizer]: 1 loop disjuncts
[2019-05-02 20:20:27,420 INFO  L207   nArgumentSynthesizer]: 7 template conjuncts.
[2019-05-02 20:20:27,438 INFO  L402   nArgumentSynthesizer]: We have 7 Motzkin's Theorem applications.
[2019-05-02 20:20:27,438 INFO  L403   nArgumentSynthesizer]: A total of 0 supporting invariants were added.
[2019-05-02 20:20:28,118 INFO  L530          LassoAnalysis]: Proving termination failed for this template and these settings.
[2019-05-02 20:20:28,133 INFO  L497          LassoAnalysis]: Using template '2-parallel'.
No working directory specified, using /home/xuechao/xuechao/work/Lab/Termination/Lasso-Ranker/z3
Starting monitored process 11 with z3 -smt2 -in SMTLIB2_COMPLIANT=true (exit command is (exit), workingDir is null)
Waiting until toolchain timeout for monitored process 11 with z3 -smt2 -in SMTLIB2_COMPLIANT=true
[2019-05-02 20:20:28,135 INFO  L122   nArgumentSynthesizer]: Termination Analysis Settings:
Termination analysis: LINEAR_WITH_GUESSES
Number of strict supporting invariants: 1
Number of non-strict supporting invariants: 0
Consider only non-deceasing supporting invariants: true
Simplify termination arguments: true
Simplify supporting invariants: trueOverapproximate stem: false
[2019-05-02 20:20:28,137 WARN  L334   nArgumentSynthesizer]: Using a linear SMT query and a templates of degree > 0, hence this method is incomplete.
[2019-05-02 20:20:28,137 INFO  L339   nArgumentSynthesizer]: Template has degree 4.
[2019-05-02 20:20:28,137 INFO  L352   nArgumentSynthesizer]: There is no stem transition; disabling supporting invariant generation.
[2019-05-02 20:20:28,137 INFO  L205   nArgumentSynthesizer]: 1 stem disjuncts
[2019-05-02 20:20:28,137 INFO  L206   nArgumentSynthesizer]: 1 loop disjuncts
[2019-05-02 20:20:28,137 INFO  L207   nArgumentSynthesizer]: 6 template conjuncts.
[2019-05-02 20:20:28,143 INFO  L402   nArgumentSynthesizer]: We have 6 Motzkin's Theorem applications.
[2019-05-02 20:20:28,144 INFO  L403   nArgumentSynthesizer]: A total of 0 supporting invariants were added.
[2019-05-02 20:20:28,245 INFO  L530          LassoAnalysis]: Proving termination failed for this template and these settings.
[2019-05-02 20:20:28,259 INFO  L489     LassoRankerStarter]: LassoRanker could not prove termination or nontermination of the given linear lasso program.
Templates: AffineTemplate NestedTemplate NestedTemplate NestedTemplate MultiphaseTemplate ComposedLexicographicTemplate PiecewiseTemplate ParallelTemplate
[2019-05-02 20:20:28,260 INFO  L132        PluginConnector]: ------------------------ END LassoRanker----------------------------
[2019-05-02 20:20:28,261 INFO  L168              Benchmark]: Toolchain (without parser) took 1634.74 ms. Allocated memory is still 514.9 MB. Free memory was 477.8 MB in the beginning and 395.2 MB in the end (delta: 82.6 MB). Peak memory consumption was 82.6 MB. Max. memory is 11.5 GB.
[2019-05-02 20:20:28,262 INFO  L168              Benchmark]: Boogie PL CUP Parser took 0.18 ms. Allocated memory is still 514.9 MB. Free memory is still 479.3 MB. There was no memory consumed. Max. memory is 11.5 GB.
[2019-05-02 20:20:28,262 INFO  L168              Benchmark]: Boogie Preprocessor took 26.94 ms. Allocated memory is still 514.9 MB. Free memory was 477.8 MB in the beginning and 475.1 MB in the end (delta: 2.7 MB). Peak memory consumption was 2.7 MB. Max. memory is 11.5 GB.
[2019-05-02 20:20:28,263 INFO  L168              Benchmark]: RCFGBuilder took 122.57 ms. Allocated memory is still 514.9 MB. Free memory was 475.1 MB in the beginning and 466.1 MB in the end (delta: 9.0 MB). Peak memory consumption was 9.0 MB. Max. memory is 11.5 GB.
[2019-05-02 20:20:28,264 INFO  L168              Benchmark]: LassoRanker took 1483.12 ms. Allocated memory is still 514.9 MB. Free memory was 466.1 MB in the beginning and 395.2 MB in the end (delta: 70.9 MB). Peak memory consumption was 70.9 MB. Max. memory is 11.5 GB.
[2019-05-02 20:20:28,266 INFO  L336   ainManager$Toolchain]: #######################  End [Toolchain 1] #######################
 --- Results ---
 * Results from de.uni_freiburg.informatik.ultimate.core:
  - StatisticsResult: Toolchain Benchmarks
    Benchmark results are:
 * Boogie PL CUP Parser took 0.18 ms. Allocated memory is still 514.9 MB. Free memory is still 479.3 MB. There was no memory consumed. Max. memory is 11.5 GB.
 * Boogie Preprocessor took 26.94 ms. Allocated memory is still 514.9 MB. Free memory was 477.8 MB in the beginning and 475.1 MB in the end (delta: 2.7 MB). Peak memory consumption was 2.7 MB. Max. memory is 11.5 GB.
 * RCFGBuilder took 122.57 ms. Allocated memory is still 514.9 MB. Free memory was 475.1 MB in the beginning and 466.1 MB in the end (delta: 9.0 MB). Peak memory consumption was 9.0 MB. Max. memory is 11.5 GB.
 * LassoRanker took 1483.12 ms. Allocated memory is still 514.9 MB. Free memory was 466.1 MB in the beginning and 395.2 MB in the end (delta: 70.9 MB). Peak memory consumption was 70.9 MB. Max. memory is 11.5 GB.
 * Results from de.uni_freiburg.informatik.ultimate.plugins.analysis.lassoranker:
  - NoResult [Line: 10]: LassoRanker could not prove termination
    LassoRanker could not prove termination or nontermination of the given linear lasso program.
Templates: AffineTemplate NestedTemplate NestedTemplate NestedTemplate MultiphaseTemplate ComposedLexicographicTemplate PiecewiseTemplate ParallelTemplate
RESULT: Ultimate could not prove your program: Toolchain returned no result.
Received shutdown request...
