This is Ultimate 0.1.24-16d85fa
[2019-05-02 20:20:29,702 INFO  L170        SettingsManager]: Resetting all preferences to default values...
[2019-05-02 20:20:29,703 INFO  L174        SettingsManager]: Resetting UltimateCore preferences to default values
[2019-05-02 20:20:29,713 INFO  L177        SettingsManager]: Ultimate Commandline Interface provides no preferences, ignoring...
[2019-05-02 20:20:29,713 INFO  L174        SettingsManager]: Resetting Boogie Preprocessor preferences to default values
[2019-05-02 20:20:29,714 INFO  L174        SettingsManager]: Resetting Boogie Procedure Inliner preferences to default values
[2019-05-02 20:20:29,715 INFO  L174        SettingsManager]: Resetting Abstract Interpretation preferences to default values
[2019-05-02 20:20:29,716 INFO  L174        SettingsManager]: Resetting LassoRanker preferences to default values
[2019-05-02 20:20:29,717 INFO  L174        SettingsManager]: Resetting Reaching Definitions preferences to default values
[2019-05-02 20:20:29,718 INFO  L174        SettingsManager]: Resetting SyntaxChecker preferences to default values
[2019-05-02 20:20:29,719 INFO  L177        SettingsManager]: Büchi Program Product provides no preferences, ignoring...
[2019-05-02 20:20:29,719 INFO  L174        SettingsManager]: Resetting LTL2Aut preferences to default values
[2019-05-02 20:20:29,719 INFO  L174        SettingsManager]: Resetting PEA to Boogie preferences to default values
[2019-05-02 20:20:29,720 INFO  L174        SettingsManager]: Resetting BlockEncodingV2 preferences to default values
[2019-05-02 20:20:29,721 INFO  L174        SettingsManager]: Resetting ChcToBoogie preferences to default values
[2019-05-02 20:20:29,721 INFO  L174        SettingsManager]: Resetting AutomataScriptInterpreter preferences to default values
[2019-05-02 20:20:29,722 INFO  L174        SettingsManager]: Resetting BuchiAutomizer preferences to default values
[2019-05-02 20:20:29,723 INFO  L174        SettingsManager]: Resetting CACSL2BoogieTranslator preferences to default values
[2019-05-02 20:20:29,724 INFO  L174        SettingsManager]: Resetting CodeCheck preferences to default values
[2019-05-02 20:20:29,725 INFO  L174        SettingsManager]: Resetting InvariantSynthesis preferences to default values
[2019-05-02 20:20:29,726 INFO  L174        SettingsManager]: Resetting RCFGBuilder preferences to default values
[2019-05-02 20:20:29,727 INFO  L174        SettingsManager]: Resetting TraceAbstraction preferences to default values
[2019-05-02 20:20:29,728 INFO  L177        SettingsManager]: TraceAbstractionConcurrent provides no preferences, ignoring...
[2019-05-02 20:20:29,729 INFO  L177        SettingsManager]: TraceAbstractionWithAFAs provides no preferences, ignoring...
[2019-05-02 20:20:29,729 INFO  L174        SettingsManager]: Resetting TreeAutomizer preferences to default values
[2019-05-02 20:20:29,729 INFO  L174        SettingsManager]: Resetting IcfgTransformer preferences to default values
[2019-05-02 20:20:29,730 INFO  L174        SettingsManager]: Resetting Boogie Printer preferences to default values
[2019-05-02 20:20:29,731 INFO  L174        SettingsManager]: Resetting ReqPrinter preferences to default values
[2019-05-02 20:20:29,731 INFO  L174        SettingsManager]: Resetting Witness Printer preferences to default values
[2019-05-02 20:20:29,732 INFO  L177        SettingsManager]: Boogie PL CUP Parser provides no preferences, ignoring...
[2019-05-02 20:20:29,732 INFO  L174        SettingsManager]: Resetting CDTParser preferences to default values
[2019-05-02 20:20:29,732 INFO  L177        SettingsManager]: AutomataScriptParser provides no preferences, ignoring...
[2019-05-02 20:20:29,732 INFO  L177        SettingsManager]: ReqParser provides no preferences, ignoring...
[2019-05-02 20:20:29,732 INFO  L174        SettingsManager]: Resetting SmtParser preferences to default values
[2019-05-02 20:20:29,733 INFO  L174        SettingsManager]: Resetting Witness Parser preferences to default values
[2019-05-02 20:20:29,733 INFO  L181        SettingsManager]: Finished resetting all preferences to default values...
[2019-05-02 20:20:29,749 INFO  L81    nceAwareModelManager]: Repository-Root is: /tmp
[2019-05-02 20:20:29,757 INFO  L258   ainManager$Toolchain]: [Toolchain 1]: Applicable parser(s) successfully (re)initialized
[2019-05-02 20:20:29,760 INFO  L214   ainManager$Toolchain]: [Toolchain 1]: Toolchain selected.
[2019-05-02 20:20:29,761 INFO  L271        PluginConnector]: Initializing Boogie PL CUP Parser...
[2019-05-02 20:20:29,761 INFO  L276        PluginConnector]: Boogie PL CUP Parser initialized
[2019-05-02 20:20:29,761 INFO  L418   ainManager$Toolchain]: [Toolchain 1]: Parsing single file: /home/xuechao/xuechao/work/Lab/Termination/Lasso-Ranker/Program_non/81.bpl
[2019-05-02 20:20:29,762 INFO  L111           BoogieParser]: Parsing: '/home/xuechao/xuechao/work/Lab/Termination/Lasso-Ranker/Program_non/81.bpl'
[2019-05-02 20:20:29,789 INFO  L296   ainManager$Toolchain]: ####################### [Toolchain 1] #######################
[2019-05-02 20:20:29,790 INFO  L131        ToolchainWalker]: Walking toolchain with 3 elements.
[2019-05-02 20:20:29,790 INFO  L113        PluginConnector]: ------------------------Boogie Preprocessor----------------------------
[2019-05-02 20:20:29,790 INFO  L271        PluginConnector]: Initializing Boogie Preprocessor...
[2019-05-02 20:20:29,791 INFO  L276        PluginConnector]: Boogie Preprocessor initialized
[2019-05-02 20:20:29,807 INFO  L185        PluginConnector]: Executing the observer EnsureBoogieModelObserver from plugin Boogie Preprocessor for "81.bpl de.uni_freiburg.informatik.ultimate.boogie.parser AST 02.05 08:20:29" (1/1) ...
[2019-05-02 20:20:29,808 INFO  L185        PluginConnector]: Executing the observer TypeChecker from plugin Boogie Preprocessor for "81.bpl de.uni_freiburg.informatik.ultimate.boogie.parser AST 02.05 08:20:29" (1/1) ...
[2019-05-02 20:20:29,812 INFO  L185        PluginConnector]: Executing the observer ConstExpander from plugin Boogie Preprocessor for "81.bpl de.uni_freiburg.informatik.ultimate.boogie.parser AST 02.05 08:20:29" (1/1) ...
[2019-05-02 20:20:29,813 INFO  L185        PluginConnector]: Executing the observer StructExpander from plugin Boogie Preprocessor for "81.bpl de.uni_freiburg.informatik.ultimate.boogie.parser AST 02.05 08:20:29" (1/1) ...
[2019-05-02 20:20:29,814 INFO  L185        PluginConnector]: Executing the observer UnstructureCode from plugin Boogie Preprocessor for "81.bpl de.uni_freiburg.informatik.ultimate.boogie.parser AST 02.05 08:20:29" (1/1) ...
[2019-05-02 20:20:29,817 INFO  L185        PluginConnector]: Executing the observer FunctionInliner from plugin Boogie Preprocessor for "81.bpl de.uni_freiburg.informatik.ultimate.boogie.parser AST 02.05 08:20:29" (1/1) ...
[2019-05-02 20:20:29,818 INFO  L185        PluginConnector]: Executing the observer BoogieSymbolTableConstructor from plugin Boogie Preprocessor for "81.bpl de.uni_freiburg.informatik.ultimate.boogie.parser AST 02.05 08:20:29" (1/1) ...
[2019-05-02 20:20:29,819 INFO  L132        PluginConnector]: ------------------------ END Boogie Preprocessor----------------------------
[2019-05-02 20:20:29,819 INFO  L113        PluginConnector]: ------------------------RCFGBuilder----------------------------
[2019-05-02 20:20:29,819 INFO  L271        PluginConnector]: Initializing RCFGBuilder...
[2019-05-02 20:20:29,819 INFO  L276        PluginConnector]: RCFGBuilder initialized
[2019-05-02 20:20:29,820 INFO  L185        PluginConnector]: Executing the observer RCFGBuilderObserver from plugin RCFGBuilder for "81.bpl de.uni_freiburg.informatik.ultimate.boogie.parser AST 02.05 08:20:29" (1/1) ...
No working directory specified, using /home/xuechao/xuechao/work/Lab/Termination/Lasso-Ranker/z3
Starting monitored process 1 with z3 SMTLIB2_COMPLIANT=true -memory:1024 -smt2 -in -t:12000 (exit command is (exit), workingDir is null)
Waiting until toolchain timeout for monitored process 1 with z3 SMTLIB2_COMPLIANT=true -memory:1024 -smt2 -in -t:12000
[2019-05-02 20:20:29,863 INFO  L124     BoogieDeclarations]: Specification and implementation of procedure NonTerminationOverReals given in one single declaration
[2019-05-02 20:20:29,863 INFO  L130     BoogieDeclarations]: Found specification of procedure NonTerminationOverReals
[2019-05-02 20:20:29,863 INFO  L138     BoogieDeclarations]: Found implementation of procedure NonTerminationOverReals
[2019-05-02 20:20:29,954 INFO  L278             CfgBuilder]: Using library mode
[2019-05-02 20:20:29,955 INFO  L286             CfgBuilder]: Removed 0 assue(true) statements.
[2019-05-02 20:20:29,956 INFO  L202        PluginConnector]: Adding new model 81.bpl de.uni_freiburg.informatik.ultimate.plugins.generator.rcfgbuilder CFG 02.05 08:20:29 BoogieIcfgContainer
[2019-05-02 20:20:29,956 INFO  L132        PluginConnector]: ------------------------ END RCFGBuilder----------------------------
[2019-05-02 20:20:29,956 INFO  L113        PluginConnector]: ------------------------LassoRanker----------------------------
[2019-05-02 20:20:29,956 INFO  L271        PluginConnector]: Initializing LassoRanker...
[2019-05-02 20:20:29,956 INFO  L276        PluginConnector]: LassoRanker initialized
[2019-05-02 20:20:29,957 INFO  L185        PluginConnector]: Executing the observer LassoRankerObserver from plugin LassoRanker for "81.bpl de.uni_freiburg.informatik.ultimate.plugins.generator.rcfgbuilder CFG 02.05 08:20:29" (1/1) ...
[2019-05-02 20:20:29,979 INFO  L72            BuchiIsEmpty]: Start buchiIsEmpty. Operand 2 states.
[2019-05-02 20:20:29,995 INFO  L131   ngComponentsAnalysis]: Automaton has 1 accepting balls. 1
[2019-05-02 20:20:29,995 INFO  L87            BuchiIsEmpty]: Finished buchiIsEmpty Result is false
[2019-05-02 20:20:29,995 INFO  L119           BuchiIsEmpty]: Starting construction of run
[2019-05-02 20:20:30,001 INFO  L104     BuchiDifferenceFKV]: Start buchiDifferenceFKV. First operand 2 states. Second operand 1 states.
[2019-05-02 20:20:30,010 INFO  L108     BuchiDifferenceFKV]: Finished buchiDifferenceFKV. First operand 2 states. Second operand 1 states. Result 3 states and 4 transitions. Complement of second has 2 states 2 powerset states0 rank states. The highest rank that occured is -1
[2019-05-02 20:20:30,010 INFO  L72            BuchiIsEmpty]: Start buchiIsEmpty. Operand 3 states and 4 transitions.
[2019-05-02 20:20:30,010 INFO  L131   ngComponentsAnalysis]: Automaton has 0 accepting balls. 0
[2019-05-02 20:20:30,010 INFO  L87            BuchiIsEmpty]: Finished buchiIsEmpty Result is true
[2019-05-02 20:20:30,047 INFO  L216          LassoAnalysis]: Preferences:
[2019-05-02 20:20:30,048 INFO  L124   ssoRankerPreferences]: Compute integeral hull: false
[2019-05-02 20:20:30,048 INFO  L125   ssoRankerPreferences]: Enable LassoPartitioneer: true
[2019-05-02 20:20:30,048 INFO  L126   ssoRankerPreferences]: Term annotations enabled: false
[2019-05-02 20:20:30,049 INFO  L127   ssoRankerPreferences]: Use exernal solver: true
[2019-05-02 20:20:30,049 INFO  L128   ssoRankerPreferences]: SMT solver command: z3 -smt2 -in SMTLIB2_COMPLIANT=true
[2019-05-02 20:20:30,049 INFO  L129   ssoRankerPreferences]: Dump SMT script to file: false
[2019-05-02 20:20:30,049 INFO  L130   ssoRankerPreferences]: Path of dumped script: .
[2019-05-02 20:20:30,049 INFO  L131   ssoRankerPreferences]: Filename of dumped script: LassoRankerScript
[2019-05-02 20:20:30,049 INFO  L132   ssoRankerPreferences]: MapElimAlgo: Frank
[2019-05-02 20:20:30,049 INFO  L282          LassoAnalysis]: Starting lasso preprocessing...
[2019-05-02 20:20:30,065 INFO  L141          MapEliminator]: Using MapEliminator with SimplificationTechnique=SIMPLIFY_DDA XnfConversionTechnique=BOTTOM_UP_WITH_LOCAL_SIMPLIFICATION AddInequalities=false OnlyTrivialImplicationsArrayWrite=false OnlyTrivialImplicationsForModifiedArguments=true OnlyArgumentsInFormula=true
[2019-05-02 20:20:30,120 INFO  L300          LassoAnalysis]: Preprocessing complete.
[2019-05-02 20:20:30,121 INFO  L412          LassoAnalysis]: Checking for nontermination...
No working directory specified, using /home/xuechao/xuechao/work/Lab/Termination/Lasso-Ranker/z3
Starting monitored process 2 with z3 -smt2 -in SMTLIB2_COMPLIANT=true (exit command is (exit), workingDir is null)
Waiting until toolchain timeout for monitored process 2 with z3 -smt2 -in SMTLIB2_COMPLIANT=true
[2019-05-02 20:20:30,130 INFO  L151   nArgumentSynthesizer]: Nontermination analysis: LINEAR_WITH_GUESSES Allow bounded executions: true Number of generalized eigenvectors: 0 Nilpotent components: true
[2019-05-02 20:20:30,130 INFO  L163   nArgumentSynthesizer]: Using integer mode.
No working directory specified, using /home/xuechao/xuechao/work/Lab/Termination/Lasso-Ranker/z3
Starting monitored process 3 with z3 -smt2 -in SMTLIB2_COMPLIANT=true (exit command is (exit), workingDir is null)
Waiting until toolchain timeout for monitored process 3 with z3 -smt2 -in SMTLIB2_COMPLIANT=true
[2019-05-02 20:20:30,159 INFO  L151   nArgumentSynthesizer]: Nontermination analysis: LINEAR_WITH_GUESSES Allow bounded executions: true Number of generalized eigenvectors: 3 Nilpotent components: true
[2019-05-02 20:20:30,160 INFO  L163   nArgumentSynthesizer]: Using integer mode.
[2019-05-02 20:20:30,184 INFO  L452          LassoAnalysis]: Proving nontermination failed: No geometric nontermination argument exists.
[2019-05-02 20:20:30,186 INFO  L216          LassoAnalysis]: Preferences:
[2019-05-02 20:20:30,186 INFO  L124   ssoRankerPreferences]: Compute integeral hull: false
[2019-05-02 20:20:30,186 INFO  L125   ssoRankerPreferences]: Enable LassoPartitioneer: true
[2019-05-02 20:20:30,186 INFO  L126   ssoRankerPreferences]: Term annotations enabled: false
[2019-05-02 20:20:30,186 INFO  L127   ssoRankerPreferences]: Use exernal solver: true
[2019-05-02 20:20:30,186 INFO  L128   ssoRankerPreferences]: SMT solver command: z3 -smt2 -in SMTLIB2_COMPLIANT=true
[2019-05-02 20:20:30,186 INFO  L129   ssoRankerPreferences]: Dump SMT script to file: false
[2019-05-02 20:20:30,186 INFO  L130   ssoRankerPreferences]: Path of dumped script: .
[2019-05-02 20:20:30,186 INFO  L131   ssoRankerPreferences]: Filename of dumped script: LassoRankerScript
[2019-05-02 20:20:30,186 INFO  L132   ssoRankerPreferences]: MapElimAlgo: Frank
[2019-05-02 20:20:30,186 INFO  L282          LassoAnalysis]: Starting lasso preprocessing...
[2019-05-02 20:20:30,187 INFO  L141          MapEliminator]: Using MapEliminator with SimplificationTechnique=SIMPLIFY_DDA XnfConversionTechnique=BOTTOM_UP_WITH_LOCAL_SIMPLIFICATION AddInequalities=false OnlyTrivialImplicationsArrayWrite=false OnlyTrivialImplicationsForModifiedArguments=true OnlyArgumentsInFormula=true
[2019-05-02 20:20:30,231 INFO  L300          LassoAnalysis]: Preprocessing complete.
[2019-05-02 20:20:30,235 INFO  L497          LassoAnalysis]: Using template 'affine'.
No working directory specified, using /home/xuechao/xuechao/work/Lab/Termination/Lasso-Ranker/z3
Starting monitored process 4 with z3 -smt2 -in SMTLIB2_COMPLIANT=true (exit command is (exit), workingDir is null)
Waiting until toolchain timeout for monitored process 4 with z3 -smt2 -in SMTLIB2_COMPLIANT=true
[2019-05-02 20:20:30,238 INFO  L122   nArgumentSynthesizer]: Termination Analysis Settings:
Termination analysis: LINEAR_WITH_GUESSES
Number of strict supporting invariants: 1
Number of non-strict supporting invariants: 0
Consider only non-deceasing supporting invariants: true
Simplify termination arguments: true
Simplify supporting invariants: trueOverapproximate stem: false
[2019-05-02 20:20:30,240 INFO  L339   nArgumentSynthesizer]: Template has degree 0.
[2019-05-02 20:20:30,240 INFO  L352   nArgumentSynthesizer]: There is no stem transition; disabling supporting invariant generation.
[2019-05-02 20:20:30,240 INFO  L205   nArgumentSynthesizer]: 1 stem disjuncts
[2019-05-02 20:20:30,241 INFO  L206   nArgumentSynthesizer]: 1 loop disjuncts
[2019-05-02 20:20:30,241 INFO  L207   nArgumentSynthesizer]: 2 template conjuncts.
[2019-05-02 20:20:30,243 INFO  L402   nArgumentSynthesizer]: We have 2 Motzkin's Theorem applications.
[2019-05-02 20:20:30,243 INFO  L403   nArgumentSynthesizer]: A total of 0 supporting invariants were added.
[2019-05-02 20:20:30,245 INFO  L530          LassoAnalysis]: Proving termination failed for this template and these settings.
[2019-05-02 20:20:30,259 INFO  L497          LassoAnalysis]: Using template '2-nested'.
No working directory specified, using /home/xuechao/xuechao/work/Lab/Termination/Lasso-Ranker/z3
Starting monitored process 5 with z3 -smt2 -in SMTLIB2_COMPLIANT=true (exit command is (exit), workingDir is null)
Waiting until toolchain timeout for monitored process 5 with z3 -smt2 -in SMTLIB2_COMPLIANT=true
[2019-05-02 20:20:30,262 INFO  L122   nArgumentSynthesizer]: Termination Analysis Settings:
Termination analysis: LINEAR_WITH_GUESSES
Number of strict supporting invariants: 1
Number of non-strict supporting invariants: 0
Consider only non-deceasing supporting invariants: true
Simplify termination arguments: true
Simplify supporting invariants: trueOverapproximate stem: false
[2019-05-02 20:20:30,263 INFO  L339   nArgumentSynthesizer]: Template has degree 0.
[2019-05-02 20:20:30,263 INFO  L352   nArgumentSynthesizer]: There is no stem transition; disabling supporting invariant generation.
[2019-05-02 20:20:30,264 INFO  L205   nArgumentSynthesizer]: 1 stem disjuncts
[2019-05-02 20:20:30,264 INFO  L206   nArgumentSynthesizer]: 1 loop disjuncts
[2019-05-02 20:20:30,264 INFO  L207   nArgumentSynthesizer]: 3 template conjuncts.
[2019-05-02 20:20:30,265 INFO  L402   nArgumentSynthesizer]: We have 3 Motzkin's Theorem applications.
[2019-05-02 20:20:30,265 INFO  L403   nArgumentSynthesizer]: A total of 0 supporting invariants were added.
[2019-05-02 20:20:30,267 INFO  L530          LassoAnalysis]: Proving termination failed for this template and these settings.
[2019-05-02 20:20:30,281 INFO  L497          LassoAnalysis]: Using template '3-nested'.
No working directory specified, using /home/xuechao/xuechao/work/Lab/Termination/Lasso-Ranker/z3
Starting monitored process 6 with z3 -smt2 -in SMTLIB2_COMPLIANT=true (exit command is (exit), workingDir is null)
Waiting until toolchain timeout for monitored process 6 with z3 -smt2 -in SMTLIB2_COMPLIANT=true
[2019-05-02 20:20:30,287 INFO  L122   nArgumentSynthesizer]: Termination Analysis Settings:
Termination analysis: LINEAR_WITH_GUESSES
Number of strict supporting invariants: 1
Number of non-strict supporting invariants: 0
Consider only non-deceasing supporting invariants: true
Simplify termination arguments: true
Simplify supporting invariants: trueOverapproximate stem: false
[2019-05-02 20:20:30,289 INFO  L339   nArgumentSynthesizer]: Template has degree 0.
[2019-05-02 20:20:30,289 INFO  L352   nArgumentSynthesizer]: There is no stem transition; disabling supporting invariant generation.
[2019-05-02 20:20:30,289 INFO  L205   nArgumentSynthesizer]: 1 stem disjuncts
[2019-05-02 20:20:30,289 INFO  L206   nArgumentSynthesizer]: 1 loop disjuncts
[2019-05-02 20:20:30,289 INFO  L207   nArgumentSynthesizer]: 4 template conjuncts.
[2019-05-02 20:20:30,296 INFO  L402   nArgumentSynthesizer]: We have 4 Motzkin's Theorem applications.
[2019-05-02 20:20:30,296 INFO  L403   nArgumentSynthesizer]: A total of 0 supporting invariants were added.
[2019-05-02 20:20:30,300 INFO  L530          LassoAnalysis]: Proving termination failed for this template and these settings.
[2019-05-02 20:20:30,314 INFO  L497          LassoAnalysis]: Using template '4-nested'.
No working directory specified, using /home/xuechao/xuechao/work/Lab/Termination/Lasso-Ranker/z3
Starting monitored process 7 with z3 -smt2 -in SMTLIB2_COMPLIANT=true (exit command is (exit), workingDir is null)
Waiting until toolchain timeout for monitored process 7 with z3 -smt2 -in SMTLIB2_COMPLIANT=true
[2019-05-02 20:20:30,319 INFO  L122   nArgumentSynthesizer]: Termination Analysis Settings:
Termination analysis: LINEAR_WITH_GUESSES
Number of strict supporting invariants: 1
Number of non-strict supporting invariants: 0
Consider only non-deceasing supporting invariants: true
Simplify termination arguments: true
Simplify supporting invariants: trueOverapproximate stem: false
[2019-05-02 20:20:30,322 INFO  L339   nArgumentSynthesizer]: Template has degree 0.
[2019-05-02 20:20:30,322 INFO  L352   nArgumentSynthesizer]: There is no stem transition; disabling supporting invariant generation.
[2019-05-02 20:20:30,322 INFO  L205   nArgumentSynthesizer]: 1 stem disjuncts
[2019-05-02 20:20:30,322 INFO  L206   nArgumentSynthesizer]: 1 loop disjuncts
[2019-05-02 20:20:30,322 INFO  L207   nArgumentSynthesizer]: 5 template conjuncts.
[2019-05-02 20:20:30,327 INFO  L402   nArgumentSynthesizer]: We have 5 Motzkin's Theorem applications.
[2019-05-02 20:20:30,327 INFO  L403   nArgumentSynthesizer]: A total of 0 supporting invariants were added.
[2019-05-02 20:20:30,330 INFO  L530          LassoAnalysis]: Proving termination failed for this template and these settings.
[2019-05-02 20:20:30,344 INFO  L497          LassoAnalysis]: Using template '2-phase'.
No working directory specified, using /home/xuechao/xuechao/work/Lab/Termination/Lasso-Ranker/z3
Starting monitored process 8 with z3 -smt2 -in SMTLIB2_COMPLIANT=true (exit command is (exit), workingDir is null)
Waiting until toolchain timeout for monitored process 8 with z3 -smt2 -in SMTLIB2_COMPLIANT=true
[2019-05-02 20:20:30,345 INFO  L122   nArgumentSynthesizer]: Termination Analysis Settings:
Termination analysis: LINEAR_WITH_GUESSES
Number of strict supporting invariants: 1
Number of non-strict supporting invariants: 0
Consider only non-deceasing supporting invariants: true
Simplify termination arguments: true
Simplify supporting invariants: trueOverapproximate stem: false
[2019-05-02 20:20:30,347 WARN  L334   nArgumentSynthesizer]: Using a linear SMT query and a templates of degree > 0, hence this method is incomplete.
[2019-05-02 20:20:30,347 INFO  L339   nArgumentSynthesizer]: Template has degree 1.
[2019-05-02 20:20:30,347 INFO  L352   nArgumentSynthesizer]: There is no stem transition; disabling supporting invariant generation.
[2019-05-02 20:20:30,347 INFO  L205   nArgumentSynthesizer]: 1 stem disjuncts
[2019-05-02 20:20:30,347 INFO  L206   nArgumentSynthesizer]: 1 loop disjuncts
[2019-05-02 20:20:30,347 INFO  L207   nArgumentSynthesizer]: 3 template conjuncts.
[2019-05-02 20:20:30,349 INFO  L402   nArgumentSynthesizer]: We have 3 Motzkin's Theorem applications.
[2019-05-02 20:20:30,350 INFO  L403   nArgumentSynthesizer]: A total of 0 supporting invariants were added.
[2019-05-02 20:20:30,352 INFO  L530          LassoAnalysis]: Proving termination failed for this template and these settings.
[2019-05-02 20:20:30,366 INFO  L497          LassoAnalysis]: Using template 'lex(affine, affine)'.
No working directory specified, using /home/xuechao/xuechao/work/Lab/Termination/Lasso-Ranker/z3
Starting monitored process 9 with z3 -smt2 -in SMTLIB2_COMPLIANT=true (exit command is (exit), workingDir is null)
Waiting until toolchain timeout for monitored process 9 with z3 -smt2 -in SMTLIB2_COMPLIANT=true
[2019-05-02 20:20:30,371 INFO  L122   nArgumentSynthesizer]: Termination Analysis Settings:
Termination analysis: LINEAR_WITH_GUESSES
Number of strict supporting invariants: 1
Number of non-strict supporting invariants: 0
Consider only non-deceasing supporting invariants: true
Simplify termination arguments: true
Simplify supporting invariants: trueOverapproximate stem: false
[2019-05-02 20:20:30,373 WARN  L334   nArgumentSynthesizer]: Using a linear SMT query and a templates of degree > 0, hence this method is incomplete.
[2019-05-02 20:20:30,374 INFO  L339   nArgumentSynthesizer]: Template has degree 5.
[2019-05-02 20:20:30,374 INFO  L352   nArgumentSynthesizer]: There is no stem transition; disabling supporting invariant generation.
[2019-05-02 20:20:30,374 INFO  L205   nArgumentSynthesizer]: 1 stem disjuncts
[2019-05-02 20:20:30,374 INFO  L206   nArgumentSynthesizer]: 1 loop disjuncts
[2019-05-02 20:20:30,374 INFO  L207   nArgumentSynthesizer]: 4 template conjuncts.
[2019-05-02 20:20:30,377 INFO  L402   nArgumentSynthesizer]: We have 4 Motzkin's Theorem applications.
[2019-05-02 20:20:30,377 INFO  L403   nArgumentSynthesizer]: A total of 0 supporting invariants were added.
[2019-05-02 20:20:30,382 INFO  L530          LassoAnalysis]: Proving termination failed for this template and these settings.
[2019-05-02 20:20:30,395 INFO  L497          LassoAnalysis]: Using template '2-piece'.
No working directory specified, using /home/xuechao/xuechao/work/Lab/Termination/Lasso-Ranker/z3
Starting monitored process 10 with z3 -smt2 -in SMTLIB2_COMPLIANT=true (exit command is (exit), workingDir is null)
Waiting until toolchain timeout for monitored process 10 with z3 -smt2 -in SMTLIB2_COMPLIANT=true
[2019-05-02 20:20:30,398 INFO  L122   nArgumentSynthesizer]: Termination Analysis Settings:
Termination analysis: LINEAR_WITH_GUESSES
Number of strict supporting invariants: 1
Number of non-strict supporting invariants: 0
Consider only non-deceasing supporting invariants: true
Simplify termination arguments: true
Simplify supporting invariants: trueOverapproximate stem: false
[2019-05-02 20:20:30,401 WARN  L334   nArgumentSynthesizer]: Using a linear SMT query and a templates of degree > 0, hence this method is incomplete.
[2019-05-02 20:20:30,401 INFO  L339   nArgumentSynthesizer]: Template has degree 7.
[2019-05-02 20:20:30,401 INFO  L352   nArgumentSynthesizer]: There is no stem transition; disabling supporting invariant generation.
[2019-05-02 20:20:30,401 INFO  L205   nArgumentSynthesizer]: 1 stem disjuncts
[2019-05-02 20:20:30,401 INFO  L206   nArgumentSynthesizer]: 1 loop disjuncts
[2019-05-02 20:20:30,401 INFO  L207   nArgumentSynthesizer]: 7 template conjuncts.
[2019-05-02 20:20:30,415 INFO  L402   nArgumentSynthesizer]: We have 7 Motzkin's Theorem applications.
[2019-05-02 20:20:30,415 INFO  L403   nArgumentSynthesizer]: A total of 0 supporting invariants were added.
[2019-05-02 20:20:30,427 INFO  L530          LassoAnalysis]: Proving termination failed for this template and these settings.
[2019-05-02 20:20:30,440 INFO  L497          LassoAnalysis]: Using template '2-parallel'.
No working directory specified, using /home/xuechao/xuechao/work/Lab/Termination/Lasso-Ranker/z3
Starting monitored process 11 with z3 -smt2 -in SMTLIB2_COMPLIANT=true (exit command is (exit), workingDir is null)
Waiting until toolchain timeout for monitored process 11 with z3 -smt2 -in SMTLIB2_COMPLIANT=true
[2019-05-02 20:20:30,447 INFO  L122   nArgumentSynthesizer]: Termination Analysis Settings:
Termination analysis: LINEAR_WITH_GUESSES
Number of strict supporting invariants: 1
Number of non-strict supporting invariants: 0
Consider only non-deceasing supporting invariants: true
Simplify termination arguments: true
Simplify supporting invariants: trueOverapproximate stem: false
[2019-05-02 20:20:30,449 WARN  L334   nArgumentSynthesizer]: Using a linear SMT query and a templates of degree > 0, hence this method is incomplete.
[2019-05-02 20:20:30,449 INFO  L339   nArgumentSynthesizer]: Template has degree 4.
[2019-05-02 20:20:30,449 INFO  L352   nArgumentSynthesizer]: There is no stem transition; disabling supporting invariant generation.
[2019-05-02 20:20:30,449 INFO  L205   nArgumentSynthesizer]: 1 stem disjuncts
[2019-05-02 20:20:30,449 INFO  L206   nArgumentSynthesizer]: 1 loop disjuncts
[2019-05-02 20:20:30,449 INFO  L207   nArgumentSynthesizer]: 6 template conjuncts.
[2019-05-02 20:20:30,453 INFO  L402   nArgumentSynthesizer]: We have 6 Motzkin's Theorem applications.
[2019-05-02 20:20:30,453 INFO  L403   nArgumentSynthesizer]: A total of 0 supporting invariants were added.
[2019-05-02 20:20:30,458 INFO  L530          LassoAnalysis]: Proving termination failed for this template and these settings.
[2019-05-02 20:20:30,473 INFO  L489     LassoRankerStarter]: LassoRanker could not prove termination or nontermination of the given linear lasso program.
Templates: AffineTemplate NestedTemplate NestedTemplate NestedTemplate MultiphaseTemplate ComposedLexicographicTemplate PiecewiseTemplate ParallelTemplate
[2019-05-02 20:20:30,473 INFO  L132        PluginConnector]: ------------------------ END LassoRanker----------------------------
[2019-05-02 20:20:30,474 INFO  L168              Benchmark]: Toolchain (without parser) took 684.94 ms. Allocated memory is still 514.9 MB. Free memory was 474.9 MB in the beginning and 402.5 MB in the end (delta: 72.4 MB). Peak memory consumption was 72.4 MB. Max. memory is 11.5 GB.
[2019-05-02 20:20:30,475 INFO  L168              Benchmark]: Boogie PL CUP Parser took 0.11 ms. Allocated memory is still 514.9 MB. Free memory is still 476.4 MB. There was no memory consumed. Max. memory is 11.5 GB.
[2019-05-02 20:20:30,476 INFO  L168              Benchmark]: Boogie Preprocessor took 28.58 ms. Allocated memory is still 514.9 MB. Free memory was 474.9 MB in the beginning and 472.2 MB in the end (delta: 2.7 MB). Peak memory consumption was 2.7 MB. Max. memory is 11.5 GB.
[2019-05-02 20:20:30,477 INFO  L168              Benchmark]: RCFGBuilder took 136.60 ms. Allocated memory is still 514.9 MB. Free memory was 472.2 MB in the beginning and 464.0 MB in the end (delta: 8.2 MB). Peak memory consumption was 8.2 MB. Max. memory is 11.5 GB.
[2019-05-02 20:20:30,477 INFO  L168              Benchmark]: LassoRanker took 517.50 ms. Allocated memory is still 514.9 MB. Free memory was 462.7 MB in the beginning and 402.5 MB in the end (delta: 60.2 MB). Peak memory consumption was 60.2 MB. Max. memory is 11.5 GB.
[2019-05-02 20:20:30,480 INFO  L336   ainManager$Toolchain]: #######################  End [Toolchain 1] #######################
 --- Results ---
 * Results from de.uni_freiburg.informatik.ultimate.core:
  - StatisticsResult: Toolchain Benchmarks
    Benchmark results are:
 * Boogie PL CUP Parser took 0.11 ms. Allocated memory is still 514.9 MB. Free memory is still 476.4 MB. There was no memory consumed. Max. memory is 11.5 GB.
 * Boogie Preprocessor took 28.58 ms. Allocated memory is still 514.9 MB. Free memory was 474.9 MB in the beginning and 472.2 MB in the end (delta: 2.7 MB). Peak memory consumption was 2.7 MB. Max. memory is 11.5 GB.
 * RCFGBuilder took 136.60 ms. Allocated memory is still 514.9 MB. Free memory was 472.2 MB in the beginning and 464.0 MB in the end (delta: 8.2 MB). Peak memory consumption was 8.2 MB. Max. memory is 11.5 GB.
 * LassoRanker took 517.50 ms. Allocated memory is still 514.9 MB. Free memory was 462.7 MB in the beginning and 402.5 MB in the end (delta: 60.2 MB). Peak memory consumption was 60.2 MB. Max. memory is 11.5 GB.
 * Results from de.uni_freiburg.informatik.ultimate.plugins.analysis.lassoranker:
  - NoResult [Line: 11]: LassoRanker could not prove termination
    LassoRanker could not prove termination or nontermination of the given linear lasso program.
Templates: AffineTemplate NestedTemplate NestedTemplate NestedTemplate MultiphaseTemplate ComposedLexicographicTemplate PiecewiseTemplate ParallelTemplate
RESULT: Ultimate could not prove your program: Toolchain returned no result.
Received shutdown request...
