This is Ultimate 0.1.24-16d85fa
[2019-05-02 20:20:31,972 INFO  L170        SettingsManager]: Resetting all preferences to default values...
[2019-05-02 20:20:31,973 INFO  L174        SettingsManager]: Resetting UltimateCore preferences to default values
[2019-05-02 20:20:31,982 INFO  L177        SettingsManager]: Ultimate Commandline Interface provides no preferences, ignoring...
[2019-05-02 20:20:31,983 INFO  L174        SettingsManager]: Resetting Boogie Preprocessor preferences to default values
[2019-05-02 20:20:31,984 INFO  L174        SettingsManager]: Resetting Boogie Procedure Inliner preferences to default values
[2019-05-02 20:20:31,985 INFO  L174        SettingsManager]: Resetting Abstract Interpretation preferences to default values
[2019-05-02 20:20:31,986 INFO  L174        SettingsManager]: Resetting LassoRanker preferences to default values
[2019-05-02 20:20:31,987 INFO  L174        SettingsManager]: Resetting Reaching Definitions preferences to default values
[2019-05-02 20:20:31,988 INFO  L174        SettingsManager]: Resetting SyntaxChecker preferences to default values
[2019-05-02 20:20:31,988 INFO  L177        SettingsManager]: Büchi Program Product provides no preferences, ignoring...
[2019-05-02 20:20:31,989 INFO  L174        SettingsManager]: Resetting LTL2Aut preferences to default values
[2019-05-02 20:20:31,989 INFO  L174        SettingsManager]: Resetting PEA to Boogie preferences to default values
[2019-05-02 20:20:31,990 INFO  L174        SettingsManager]: Resetting BlockEncodingV2 preferences to default values
[2019-05-02 20:20:31,990 INFO  L174        SettingsManager]: Resetting ChcToBoogie preferences to default values
[2019-05-02 20:20:31,991 INFO  L174        SettingsManager]: Resetting AutomataScriptInterpreter preferences to default values
[2019-05-02 20:20:31,991 INFO  L174        SettingsManager]: Resetting BuchiAutomizer preferences to default values
[2019-05-02 20:20:31,993 INFO  L174        SettingsManager]: Resetting CACSL2BoogieTranslator preferences to default values
[2019-05-02 20:20:31,994 INFO  L174        SettingsManager]: Resetting CodeCheck preferences to default values
[2019-05-02 20:20:31,995 INFO  L174        SettingsManager]: Resetting InvariantSynthesis preferences to default values
[2019-05-02 20:20:31,996 INFO  L174        SettingsManager]: Resetting RCFGBuilder preferences to default values
[2019-05-02 20:20:31,997 INFO  L174        SettingsManager]: Resetting TraceAbstraction preferences to default values
[2019-05-02 20:20:31,998 INFO  L177        SettingsManager]: TraceAbstractionConcurrent provides no preferences, ignoring...
[2019-05-02 20:20:31,999 INFO  L177        SettingsManager]: TraceAbstractionWithAFAs provides no preferences, ignoring...
[2019-05-02 20:20:31,999 INFO  L174        SettingsManager]: Resetting TreeAutomizer preferences to default values
[2019-05-02 20:20:31,999 INFO  L174        SettingsManager]: Resetting IcfgTransformer preferences to default values
[2019-05-02 20:20:32,000 INFO  L174        SettingsManager]: Resetting Boogie Printer preferences to default values
[2019-05-02 20:20:32,001 INFO  L174        SettingsManager]: Resetting ReqPrinter preferences to default values
[2019-05-02 20:20:32,001 INFO  L174        SettingsManager]: Resetting Witness Printer preferences to default values
[2019-05-02 20:20:32,002 INFO  L177        SettingsManager]: Boogie PL CUP Parser provides no preferences, ignoring...
[2019-05-02 20:20:32,002 INFO  L174        SettingsManager]: Resetting CDTParser preferences to default values
[2019-05-02 20:20:32,002 INFO  L177        SettingsManager]: AutomataScriptParser provides no preferences, ignoring...
[2019-05-02 20:20:32,002 INFO  L177        SettingsManager]: ReqParser provides no preferences, ignoring...
[2019-05-02 20:20:32,002 INFO  L174        SettingsManager]: Resetting SmtParser preferences to default values
[2019-05-02 20:20:32,003 INFO  L174        SettingsManager]: Resetting Witness Parser preferences to default values
[2019-05-02 20:20:32,003 INFO  L181        SettingsManager]: Finished resetting all preferences to default values...
[2019-05-02 20:20:32,019 INFO  L81    nceAwareModelManager]: Repository-Root is: /tmp
[2019-05-02 20:20:32,028 INFO  L258   ainManager$Toolchain]: [Toolchain 1]: Applicable parser(s) successfully (re)initialized
[2019-05-02 20:20:32,030 INFO  L214   ainManager$Toolchain]: [Toolchain 1]: Toolchain selected.
[2019-05-02 20:20:32,031 INFO  L271        PluginConnector]: Initializing Boogie PL CUP Parser...
[2019-05-02 20:20:32,032 INFO  L276        PluginConnector]: Boogie PL CUP Parser initialized
[2019-05-02 20:20:32,032 INFO  L418   ainManager$Toolchain]: [Toolchain 1]: Parsing single file: /home/xuechao/xuechao/work/Lab/Termination/Lasso-Ranker/Program_non/82.bpl
[2019-05-02 20:20:32,032 INFO  L111           BoogieParser]: Parsing: '/home/xuechao/xuechao/work/Lab/Termination/Lasso-Ranker/Program_non/82.bpl'
[2019-05-02 20:20:32,053 INFO  L296   ainManager$Toolchain]: ####################### [Toolchain 1] #######################
[2019-05-02 20:20:32,054 INFO  L131        ToolchainWalker]: Walking toolchain with 3 elements.
[2019-05-02 20:20:32,055 INFO  L113        PluginConnector]: ------------------------Boogie Preprocessor----------------------------
[2019-05-02 20:20:32,055 INFO  L271        PluginConnector]: Initializing Boogie Preprocessor...
[2019-05-02 20:20:32,055 INFO  L276        PluginConnector]: Boogie Preprocessor initialized
[2019-05-02 20:20:32,071 INFO  L185        PluginConnector]: Executing the observer EnsureBoogieModelObserver from plugin Boogie Preprocessor for "82.bpl de.uni_freiburg.informatik.ultimate.boogie.parser AST 02.05 08:20:32" (1/1) ...
[2019-05-02 20:20:32,072 INFO  L185        PluginConnector]: Executing the observer TypeChecker from plugin Boogie Preprocessor for "82.bpl de.uni_freiburg.informatik.ultimate.boogie.parser AST 02.05 08:20:32" (1/1) ...
[2019-05-02 20:20:32,077 INFO  L185        PluginConnector]: Executing the observer ConstExpander from plugin Boogie Preprocessor for "82.bpl de.uni_freiburg.informatik.ultimate.boogie.parser AST 02.05 08:20:32" (1/1) ...
[2019-05-02 20:20:32,077 INFO  L185        PluginConnector]: Executing the observer StructExpander from plugin Boogie Preprocessor for "82.bpl de.uni_freiburg.informatik.ultimate.boogie.parser AST 02.05 08:20:32" (1/1) ...
[2019-05-02 20:20:32,078 INFO  L185        PluginConnector]: Executing the observer UnstructureCode from plugin Boogie Preprocessor for "82.bpl de.uni_freiburg.informatik.ultimate.boogie.parser AST 02.05 08:20:32" (1/1) ...
[2019-05-02 20:20:32,081 INFO  L185        PluginConnector]: Executing the observer FunctionInliner from plugin Boogie Preprocessor for "82.bpl de.uni_freiburg.informatik.ultimate.boogie.parser AST 02.05 08:20:32" (1/1) ...
[2019-05-02 20:20:32,082 INFO  L185        PluginConnector]: Executing the observer BoogieSymbolTableConstructor from plugin Boogie Preprocessor for "82.bpl de.uni_freiburg.informatik.ultimate.boogie.parser AST 02.05 08:20:32" (1/1) ...
[2019-05-02 20:20:32,082 INFO  L132        PluginConnector]: ------------------------ END Boogie Preprocessor----------------------------
[2019-05-02 20:20:32,083 INFO  L113        PluginConnector]: ------------------------RCFGBuilder----------------------------
[2019-05-02 20:20:32,083 INFO  L271        PluginConnector]: Initializing RCFGBuilder...
[2019-05-02 20:20:32,083 INFO  L276        PluginConnector]: RCFGBuilder initialized
[2019-05-02 20:20:32,084 INFO  L185        PluginConnector]: Executing the observer RCFGBuilderObserver from plugin RCFGBuilder for "82.bpl de.uni_freiburg.informatik.ultimate.boogie.parser AST 02.05 08:20:32" (1/1) ...
No working directory specified, using /home/xuechao/xuechao/work/Lab/Termination/Lasso-Ranker/z3
Starting monitored process 1 with z3 SMTLIB2_COMPLIANT=true -memory:1024 -smt2 -in -t:12000 (exit command is (exit), workingDir is null)
Waiting until toolchain timeout for monitored process 1 with z3 SMTLIB2_COMPLIANT=true -memory:1024 -smt2 -in -t:12000
[2019-05-02 20:20:32,125 INFO  L124     BoogieDeclarations]: Specification and implementation of procedure NonTerminationSimple given in one single declaration
[2019-05-02 20:20:32,125 INFO  L130     BoogieDeclarations]: Found specification of procedure NonTerminationSimple
[2019-05-02 20:20:32,126 INFO  L138     BoogieDeclarations]: Found implementation of procedure NonTerminationSimple
[2019-05-02 20:20:32,200 INFO  L278             CfgBuilder]: Using library mode
[2019-05-02 20:20:32,200 INFO  L286             CfgBuilder]: Removed 1 assue(true) statements.
[2019-05-02 20:20:32,201 INFO  L202        PluginConnector]: Adding new model 82.bpl de.uni_freiburg.informatik.ultimate.plugins.generator.rcfgbuilder CFG 02.05 08:20:32 BoogieIcfgContainer
[2019-05-02 20:20:32,201 INFO  L132        PluginConnector]: ------------------------ END RCFGBuilder----------------------------
[2019-05-02 20:20:32,201 INFO  L113        PluginConnector]: ------------------------LassoRanker----------------------------
[2019-05-02 20:20:32,201 INFO  L271        PluginConnector]: Initializing LassoRanker...
[2019-05-02 20:20:32,201 INFO  L276        PluginConnector]: LassoRanker initialized
[2019-05-02 20:20:32,202 INFO  L185        PluginConnector]: Executing the observer LassoRankerObserver from plugin LassoRanker for "82.bpl de.uni_freiburg.informatik.ultimate.plugins.generator.rcfgbuilder CFG 02.05 08:20:32" (1/1) ...
[2019-05-02 20:20:32,229 INFO  L72            BuchiIsEmpty]: Start buchiIsEmpty. Operand 2 states.
[2019-05-02 20:20:32,244 INFO  L131   ngComponentsAnalysis]: Automaton has 1 accepting balls. 1
[2019-05-02 20:20:32,245 INFO  L87            BuchiIsEmpty]: Finished buchiIsEmpty Result is false
[2019-05-02 20:20:32,245 INFO  L119           BuchiIsEmpty]: Starting construction of run
[2019-05-02 20:20:32,250 INFO  L104     BuchiDifferenceFKV]: Start buchiDifferenceFKV. First operand 2 states. Second operand 1 states.
[2019-05-02 20:20:32,259 INFO  L108     BuchiDifferenceFKV]: Finished buchiDifferenceFKV. First operand 2 states. Second operand 1 states. Result 3 states and 4 transitions. Complement of second has 2 states 2 powerset states0 rank states. The highest rank that occured is -1
[2019-05-02 20:20:32,259 INFO  L72            BuchiIsEmpty]: Start buchiIsEmpty. Operand 3 states and 4 transitions.
[2019-05-02 20:20:32,260 INFO  L131   ngComponentsAnalysis]: Automaton has 0 accepting balls. 0
[2019-05-02 20:20:32,260 INFO  L87            BuchiIsEmpty]: Finished buchiIsEmpty Result is true
[2019-05-02 20:20:32,298 INFO  L216          LassoAnalysis]: Preferences:
[2019-05-02 20:20:32,299 INFO  L124   ssoRankerPreferences]: Compute integeral hull: false
[2019-05-02 20:20:32,299 INFO  L125   ssoRankerPreferences]: Enable LassoPartitioneer: true
[2019-05-02 20:20:32,300 INFO  L126   ssoRankerPreferences]: Term annotations enabled: false
[2019-05-02 20:20:32,300 INFO  L127   ssoRankerPreferences]: Use exernal solver: true
[2019-05-02 20:20:32,300 INFO  L128   ssoRankerPreferences]: SMT solver command: z3 -smt2 -in SMTLIB2_COMPLIANT=true
[2019-05-02 20:20:32,300 INFO  L129   ssoRankerPreferences]: Dump SMT script to file: false
[2019-05-02 20:20:32,300 INFO  L130   ssoRankerPreferences]: Path of dumped script: .
[2019-05-02 20:20:32,300 INFO  L131   ssoRankerPreferences]: Filename of dumped script: LassoRankerScript
[2019-05-02 20:20:32,300 INFO  L132   ssoRankerPreferences]: MapElimAlgo: Frank
[2019-05-02 20:20:32,300 INFO  L282          LassoAnalysis]: Starting lasso preprocessing...
[2019-05-02 20:20:32,317 INFO  L141          MapEliminator]: Using MapEliminator with SimplificationTechnique=SIMPLIFY_DDA XnfConversionTechnique=BOTTOM_UP_WITH_LOCAL_SIMPLIFICATION AddInequalities=false OnlyTrivialImplicationsArrayWrite=false OnlyTrivialImplicationsForModifiedArguments=true OnlyArgumentsInFormula=true
[2019-05-02 20:20:32,332 INFO  L141          MapEliminator]: Using MapEliminator with SimplificationTechnique=SIMPLIFY_DDA XnfConversionTechnique=BOTTOM_UP_WITH_LOCAL_SIMPLIFICATION AddInequalities=false OnlyTrivialImplicationsArrayWrite=false OnlyTrivialImplicationsForModifiedArguments=true OnlyArgumentsInFormula=true
[2019-05-02 20:20:32,402 INFO  L300          LassoAnalysis]: Preprocessing complete.
[2019-05-02 20:20:32,402 INFO  L412          LassoAnalysis]: Checking for nontermination...
No working directory specified, using /home/xuechao/xuechao/work/Lab/Termination/Lasso-Ranker/z3
Starting monitored process 2 with z3 -smt2 -in SMTLIB2_COMPLIANT=true (exit command is (exit), workingDir is null)
Waiting until toolchain timeout for monitored process 2 with z3 -smt2 -in SMTLIB2_COMPLIANT=true
[2019-05-02 20:20:32,406 INFO  L151   nArgumentSynthesizer]: Nontermination analysis: LINEAR_WITH_GUESSES Allow bounded executions: true Number of generalized eigenvectors: 0 Nilpotent components: true
[2019-05-02 20:20:32,406 INFO  L163   nArgumentSynthesizer]: Using integer mode.
No working directory specified, using /home/xuechao/xuechao/work/Lab/Termination/Lasso-Ranker/z3
Starting monitored process 3 with z3 -smt2 -in SMTLIB2_COMPLIANT=true (exit command is (exit), workingDir is null)
Waiting until toolchain timeout for monitored process 3 with z3 -smt2 -in SMTLIB2_COMPLIANT=true
[2019-05-02 20:20:32,427 INFO  L151   nArgumentSynthesizer]: Nontermination analysis: LINEAR_WITH_GUESSES Allow bounded executions: true Number of generalized eigenvectors: 3 Nilpotent components: true
[2019-05-02 20:20:32,427 INFO  L163   nArgumentSynthesizer]: Using integer mode.
[2019-05-02 20:20:32,453 INFO  L452          LassoAnalysis]: Proving nontermination failed: No geometric nontermination argument exists.
[2019-05-02 20:20:32,455 INFO  L216          LassoAnalysis]: Preferences:
[2019-05-02 20:20:32,455 INFO  L124   ssoRankerPreferences]: Compute integeral hull: false
[2019-05-02 20:20:32,455 INFO  L125   ssoRankerPreferences]: Enable LassoPartitioneer: true
[2019-05-02 20:20:32,455 INFO  L126   ssoRankerPreferences]: Term annotations enabled: false
[2019-05-02 20:20:32,455 INFO  L127   ssoRankerPreferences]: Use exernal solver: true
[2019-05-02 20:20:32,455 INFO  L128   ssoRankerPreferences]: SMT solver command: z3 -smt2 -in SMTLIB2_COMPLIANT=true
[2019-05-02 20:20:32,456 INFO  L129   ssoRankerPreferences]: Dump SMT script to file: false
[2019-05-02 20:20:32,456 INFO  L130   ssoRankerPreferences]: Path of dumped script: .
[2019-05-02 20:20:32,456 INFO  L131   ssoRankerPreferences]: Filename of dumped script: LassoRankerScript
[2019-05-02 20:20:32,456 INFO  L132   ssoRankerPreferences]: MapElimAlgo: Frank
[2019-05-02 20:20:32,456 INFO  L282          LassoAnalysis]: Starting lasso preprocessing...
[2019-05-02 20:20:32,457 INFO  L141          MapEliminator]: Using MapEliminator with SimplificationTechnique=SIMPLIFY_DDA XnfConversionTechnique=BOTTOM_UP_WITH_LOCAL_SIMPLIFICATION AddInequalities=false OnlyTrivialImplicationsArrayWrite=false OnlyTrivialImplicationsForModifiedArguments=true OnlyArgumentsInFormula=true
[2019-05-02 20:20:32,461 INFO  L141          MapEliminator]: Using MapEliminator with SimplificationTechnique=SIMPLIFY_DDA XnfConversionTechnique=BOTTOM_UP_WITH_LOCAL_SIMPLIFICATION AddInequalities=false OnlyTrivialImplicationsArrayWrite=false OnlyTrivialImplicationsForModifiedArguments=true OnlyArgumentsInFormula=true
[2019-05-02 20:20:32,489 INFO  L300          LassoAnalysis]: Preprocessing complete.
[2019-05-02 20:20:32,493 INFO  L497          LassoAnalysis]: Using template 'affine'.
No working directory specified, using /home/xuechao/xuechao/work/Lab/Termination/Lasso-Ranker/z3
Starting monitored process 4 with z3 -smt2 -in SMTLIB2_COMPLIANT=true (exit command is (exit), workingDir is null)
Waiting until toolchain timeout for monitored process 4 with z3 -smt2 -in SMTLIB2_COMPLIANT=true
[2019-05-02 20:20:32,496 INFO  L122   nArgumentSynthesizer]: Termination Analysis Settings:
Termination analysis: LINEAR_WITH_GUESSES
Number of strict supporting invariants: 1
Number of non-strict supporting invariants: 0
Consider only non-deceasing supporting invariants: true
Simplify termination arguments: true
Simplify supporting invariants: trueOverapproximate stem: false
[2019-05-02 20:20:32,497 INFO  L339   nArgumentSynthesizer]: Template has degree 0.
[2019-05-02 20:20:32,497 INFO  L352   nArgumentSynthesizer]: There is no stem transition; disabling supporting invariant generation.
[2019-05-02 20:20:32,498 INFO  L205   nArgumentSynthesizer]: 1 stem disjuncts
[2019-05-02 20:20:32,498 INFO  L206   nArgumentSynthesizer]: 1 loop disjuncts
[2019-05-02 20:20:32,498 INFO  L207   nArgumentSynthesizer]: 2 template conjuncts.
[2019-05-02 20:20:32,500 INFO  L402   nArgumentSynthesizer]: We have 2 Motzkin's Theorem applications.
[2019-05-02 20:20:32,500 INFO  L403   nArgumentSynthesizer]: A total of 0 supporting invariants were added.
[2019-05-02 20:20:32,502 INFO  L530          LassoAnalysis]: Proving termination failed for this template and these settings.
No working directory specified, using /home/xuechao/xuechao/work/Lab/Termination/Lasso-Ranker/z3
Starting monitored process 5 with z3 -smt2 -in SMTLIB2_COMPLIANT=true (exit command is (exit), workingDir is null)
Waiting until toolchain timeout for monitored process 5 with z3 -smt2 -in SMTLIB2_COMPLIANT=true
[2019-05-02 20:20:32,518 INFO  L122   nArgumentSynthesizer]: Termination Analysis Settings:
Termination analysis: LINEAR_WITH_GUESSES
Number of strict supporting invariants: 1
Number of non-strict supporting invariants: 0
Consider only non-deceasing supporting invariants: true
Simplify termination arguments: true
Simplify supporting invariants: trueOverapproximate stem: false
[2019-05-02 20:20:32,519 INFO  L339   nArgumentSynthesizer]: Template has degree 0.
[2019-05-02 20:20:32,519 INFO  L352   nArgumentSynthesizer]: There is no stem transition; disabling supporting invariant generation.
[2019-05-02 20:20:32,520 INFO  L205   nArgumentSynthesizer]: 1 stem disjuncts
[2019-05-02 20:20:32,520 INFO  L206   nArgumentSynthesizer]: 1 loop disjuncts
[2019-05-02 20:20:32,520 INFO  L207   nArgumentSynthesizer]: 2 template conjuncts.
[2019-05-02 20:20:32,521 INFO  L402   nArgumentSynthesizer]: We have 2 Motzkin's Theorem applications.
[2019-05-02 20:20:32,521 INFO  L403   nArgumentSynthesizer]: A total of 0 supporting invariants were added.
[2019-05-02 20:20:32,523 INFO  L530          LassoAnalysis]: Proving termination failed for this template and these settings.
[2019-05-02 20:20:32,536 INFO  L497          LassoAnalysis]: Using template '2-nested'.
No working directory specified, using /home/xuechao/xuechao/work/Lab/Termination/Lasso-Ranker/z3
Starting monitored process 6 with z3 -smt2 -in SMTLIB2_COMPLIANT=true (exit command is (exit), workingDir is null)
Waiting until toolchain timeout for monitored process 6 with z3 -smt2 -in SMTLIB2_COMPLIANT=true
[2019-05-02 20:20:32,538 INFO  L122   nArgumentSynthesizer]: Termination Analysis Settings:
Termination analysis: LINEAR_WITH_GUESSES
Number of strict supporting invariants: 1
Number of non-strict supporting invariants: 0
Consider only non-deceasing supporting invariants: true
Simplify termination arguments: true
Simplify supporting invariants: trueOverapproximate stem: false
[2019-05-02 20:20:32,539 INFO  L339   nArgumentSynthesizer]: Template has degree 0.
[2019-05-02 20:20:32,540 INFO  L352   nArgumentSynthesizer]: There is no stem transition; disabling supporting invariant generation.
[2019-05-02 20:20:32,540 INFO  L205   nArgumentSynthesizer]: 1 stem disjuncts
[2019-05-02 20:20:32,540 INFO  L206   nArgumentSynthesizer]: 1 loop disjuncts
[2019-05-02 20:20:32,540 INFO  L207   nArgumentSynthesizer]: 3 template conjuncts.
[2019-05-02 20:20:32,541 INFO  L402   nArgumentSynthesizer]: We have 3 Motzkin's Theorem applications.
[2019-05-02 20:20:32,541 INFO  L403   nArgumentSynthesizer]: A total of 0 supporting invariants were added.
[2019-05-02 20:20:32,543 INFO  L530          LassoAnalysis]: Proving termination failed for this template and these settings.
No working directory specified, using /home/xuechao/xuechao/work/Lab/Termination/Lasso-Ranker/z3
Starting monitored process 7 with z3 -smt2 -in SMTLIB2_COMPLIANT=true (exit command is (exit), workingDir is null)
Waiting until toolchain timeout for monitored process 7 with z3 -smt2 -in SMTLIB2_COMPLIANT=true
[2019-05-02 20:20:32,561 INFO  L122   nArgumentSynthesizer]: Termination Analysis Settings:
Termination analysis: LINEAR_WITH_GUESSES
Number of strict supporting invariants: 1
Number of non-strict supporting invariants: 0
Consider only non-deceasing supporting invariants: true
Simplify termination arguments: true
Simplify supporting invariants: trueOverapproximate stem: false
[2019-05-02 20:20:32,562 INFO  L339   nArgumentSynthesizer]: Template has degree 0.
[2019-05-02 20:20:32,562 INFO  L352   nArgumentSynthesizer]: There is no stem transition; disabling supporting invariant generation.
[2019-05-02 20:20:32,562 INFO  L205   nArgumentSynthesizer]: 1 stem disjuncts
[2019-05-02 20:20:32,562 INFO  L206   nArgumentSynthesizer]: 1 loop disjuncts
[2019-05-02 20:20:32,563 INFO  L207   nArgumentSynthesizer]: 3 template conjuncts.
[2019-05-02 20:20:32,564 INFO  L402   nArgumentSynthesizer]: We have 3 Motzkin's Theorem applications.
[2019-05-02 20:20:32,564 INFO  L403   nArgumentSynthesizer]: A total of 0 supporting invariants were added.
[2019-05-02 20:20:32,566 INFO  L530          LassoAnalysis]: Proving termination failed for this template and these settings.
[2019-05-02 20:20:32,579 INFO  L497          LassoAnalysis]: Using template '3-nested'.
No working directory specified, using /home/xuechao/xuechao/work/Lab/Termination/Lasso-Ranker/z3
Starting monitored process 8 with z3 -smt2 -in SMTLIB2_COMPLIANT=true (exit command is (exit), workingDir is null)
Waiting until toolchain timeout for monitored process 8 with z3 -smt2 -in SMTLIB2_COMPLIANT=true
[2019-05-02 20:20:32,587 INFO  L122   nArgumentSynthesizer]: Termination Analysis Settings:
Termination analysis: LINEAR_WITH_GUESSES
Number of strict supporting invariants: 1
Number of non-strict supporting invariants: 0
Consider only non-deceasing supporting invariants: true
Simplify termination arguments: true
Simplify supporting invariants: trueOverapproximate stem: false
[2019-05-02 20:20:32,598 INFO  L339   nArgumentSynthesizer]: Template has degree 0.
[2019-05-02 20:20:32,599 INFO  L352   nArgumentSynthesizer]: There is no stem transition; disabling supporting invariant generation.
[2019-05-02 20:20:32,599 INFO  L205   nArgumentSynthesizer]: 1 stem disjuncts
[2019-05-02 20:20:32,599 INFO  L206   nArgumentSynthesizer]: 1 loop disjuncts
[2019-05-02 20:20:32,599 INFO  L207   nArgumentSynthesizer]: 4 template conjuncts.
[2019-05-02 20:20:32,601 INFO  L402   nArgumentSynthesizer]: We have 4 Motzkin's Theorem applications.
[2019-05-02 20:20:32,601 INFO  L403   nArgumentSynthesizer]: A total of 0 supporting invariants were added.
[2019-05-02 20:20:32,603 INFO  L530          LassoAnalysis]: Proving termination failed for this template and these settings.
No working directory specified, using /home/xuechao/xuechao/work/Lab/Termination/Lasso-Ranker/z3
Starting monitored process 9 with z3 -smt2 -in SMTLIB2_COMPLIANT=true (exit command is (exit), workingDir is null)
Waiting until toolchain timeout for monitored process 9 with z3 -smt2 -in SMTLIB2_COMPLIANT=true
[2019-05-02 20:20:32,624 INFO  L122   nArgumentSynthesizer]: Termination Analysis Settings:
Termination analysis: LINEAR_WITH_GUESSES
Number of strict supporting invariants: 1
Number of non-strict supporting invariants: 0
Consider only non-deceasing supporting invariants: true
Simplify termination arguments: true
Simplify supporting invariants: trueOverapproximate stem: false
[2019-05-02 20:20:32,625 INFO  L339   nArgumentSynthesizer]: Template has degree 0.
[2019-05-02 20:20:32,625 INFO  L352   nArgumentSynthesizer]: There is no stem transition; disabling supporting invariant generation.
[2019-05-02 20:20:32,625 INFO  L205   nArgumentSynthesizer]: 1 stem disjuncts
[2019-05-02 20:20:32,626 INFO  L206   nArgumentSynthesizer]: 1 loop disjuncts
[2019-05-02 20:20:32,626 INFO  L207   nArgumentSynthesizer]: 4 template conjuncts.
[2019-05-02 20:20:32,627 INFO  L402   nArgumentSynthesizer]: We have 4 Motzkin's Theorem applications.
[2019-05-02 20:20:32,628 INFO  L403   nArgumentSynthesizer]: A total of 0 supporting invariants were added.
[2019-05-02 20:20:32,635 INFO  L530          LassoAnalysis]: Proving termination failed for this template and these settings.
[2019-05-02 20:20:32,648 INFO  L497          LassoAnalysis]: Using template '4-nested'.
No working directory specified, using /home/xuechao/xuechao/work/Lab/Termination/Lasso-Ranker/z3
Starting monitored process 10 with z3 -smt2 -in SMTLIB2_COMPLIANT=true (exit command is (exit), workingDir is null)
Waiting until toolchain timeout for monitored process 10 with z3 -smt2 -in SMTLIB2_COMPLIANT=true
[2019-05-02 20:20:32,650 INFO  L122   nArgumentSynthesizer]: Termination Analysis Settings:
Termination analysis: LINEAR_WITH_GUESSES
Number of strict supporting invariants: 1
Number of non-strict supporting invariants: 0
Consider only non-deceasing supporting invariants: true
Simplify termination arguments: true
Simplify supporting invariants: trueOverapproximate stem: false
[2019-05-02 20:20:32,652 INFO  L339   nArgumentSynthesizer]: Template has degree 0.
[2019-05-02 20:20:32,652 INFO  L352   nArgumentSynthesizer]: There is no stem transition; disabling supporting invariant generation.
[2019-05-02 20:20:32,652 INFO  L205   nArgumentSynthesizer]: 1 stem disjuncts
[2019-05-02 20:20:32,652 INFO  L206   nArgumentSynthesizer]: 1 loop disjuncts
[2019-05-02 20:20:32,652 INFO  L207   nArgumentSynthesizer]: 5 template conjuncts.
[2019-05-02 20:20:32,654 INFO  L402   nArgumentSynthesizer]: We have 5 Motzkin's Theorem applications.
[2019-05-02 20:20:32,654 INFO  L403   nArgumentSynthesizer]: A total of 0 supporting invariants were added.
[2019-05-02 20:20:32,657 INFO  L530          LassoAnalysis]: Proving termination failed for this template and these settings.
No working directory specified, using /home/xuechao/xuechao/work/Lab/Termination/Lasso-Ranker/z3
Starting monitored process 11 with z3 -smt2 -in SMTLIB2_COMPLIANT=true (exit command is (exit), workingDir is null)
Waiting until toolchain timeout for monitored process 11 with z3 -smt2 -in SMTLIB2_COMPLIANT=true
[2019-05-02 20:20:32,672 INFO  L122   nArgumentSynthesizer]: Termination Analysis Settings:
Termination analysis: LINEAR_WITH_GUESSES
Number of strict supporting invariants: 1
Number of non-strict supporting invariants: 0
Consider only non-deceasing supporting invariants: true
Simplify termination arguments: true
Simplify supporting invariants: trueOverapproximate stem: false
[2019-05-02 20:20:32,673 INFO  L339   nArgumentSynthesizer]: Template has degree 0.
[2019-05-02 20:20:32,674 INFO  L352   nArgumentSynthesizer]: There is no stem transition; disabling supporting invariant generation.
[2019-05-02 20:20:32,674 INFO  L205   nArgumentSynthesizer]: 1 stem disjuncts
[2019-05-02 20:20:32,674 INFO  L206   nArgumentSynthesizer]: 1 loop disjuncts
[2019-05-02 20:20:32,674 INFO  L207   nArgumentSynthesizer]: 5 template conjuncts.
[2019-05-02 20:20:32,676 INFO  L402   nArgumentSynthesizer]: We have 5 Motzkin's Theorem applications.
[2019-05-02 20:20:32,676 INFO  L403   nArgumentSynthesizer]: A total of 0 supporting invariants were added.
[2019-05-02 20:20:32,678 INFO  L530          LassoAnalysis]: Proving termination failed for this template and these settings.
[2019-05-02 20:20:32,694 INFO  L497          LassoAnalysis]: Using template '2-phase'.
No working directory specified, using /home/xuechao/xuechao/work/Lab/Termination/Lasso-Ranker/z3
Starting monitored process 12 with z3 -smt2 -in SMTLIB2_COMPLIANT=true (exit command is (exit), workingDir is null)
Waiting until toolchain timeout for monitored process 12 with z3 -smt2 -in SMTLIB2_COMPLIANT=true
[2019-05-02 20:20:32,697 INFO  L122   nArgumentSynthesizer]: Termination Analysis Settings:
Termination analysis: LINEAR_WITH_GUESSES
Number of strict supporting invariants: 1
Number of non-strict supporting invariants: 0
Consider only non-deceasing supporting invariants: true
Simplify termination arguments: true
Simplify supporting invariants: trueOverapproximate stem: false
[2019-05-02 20:20:32,698 WARN  L334   nArgumentSynthesizer]: Using a linear SMT query and a templates of degree > 0, hence this method is incomplete.
[2019-05-02 20:20:32,698 INFO  L339   nArgumentSynthesizer]: Template has degree 1.
[2019-05-02 20:20:32,699 INFO  L352   nArgumentSynthesizer]: There is no stem transition; disabling supporting invariant generation.
[2019-05-02 20:20:32,699 INFO  L205   nArgumentSynthesizer]: 1 stem disjuncts
[2019-05-02 20:20:32,699 INFO  L206   nArgumentSynthesizer]: 1 loop disjuncts
[2019-05-02 20:20:32,699 INFO  L207   nArgumentSynthesizer]: 3 template conjuncts.
[2019-05-02 20:20:32,701 INFO  L402   nArgumentSynthesizer]: We have 3 Motzkin's Theorem applications.
[2019-05-02 20:20:32,701 INFO  L403   nArgumentSynthesizer]: A total of 0 supporting invariants were added.
[2019-05-02 20:20:32,703 INFO  L530          LassoAnalysis]: Proving termination failed for this template and these settings.
No working directory specified, using /home/xuechao/xuechao/work/Lab/Termination/Lasso-Ranker/z3
Starting monitored process 13 with z3 -smt2 -in SMTLIB2_COMPLIANT=true (exit command is (exit), workingDir is null)
Waiting until toolchain timeout for monitored process 13 with z3 -smt2 -in SMTLIB2_COMPLIANT=true
[2019-05-02 20:20:32,719 INFO  L122   nArgumentSynthesizer]: Termination Analysis Settings:
Termination analysis: LINEAR_WITH_GUESSES
Number of strict supporting invariants: 1
Number of non-strict supporting invariants: 0
Consider only non-deceasing supporting invariants: true
Simplify termination arguments: true
Simplify supporting invariants: trueOverapproximate stem: false
[2019-05-02 20:20:32,721 WARN  L334   nArgumentSynthesizer]: Using a linear SMT query and a templates of degree > 0, hence this method is incomplete.
[2019-05-02 20:20:32,721 INFO  L339   nArgumentSynthesizer]: Template has degree 1.
[2019-05-02 20:20:32,721 INFO  L352   nArgumentSynthesizer]: There is no stem transition; disabling supporting invariant generation.
[2019-05-02 20:20:32,721 INFO  L205   nArgumentSynthesizer]: 1 stem disjuncts
[2019-05-02 20:20:32,721 INFO  L206   nArgumentSynthesizer]: 1 loop disjuncts
[2019-05-02 20:20:32,721 INFO  L207   nArgumentSynthesizer]: 3 template conjuncts.
[2019-05-02 20:20:32,723 INFO  L402   nArgumentSynthesizer]: We have 3 Motzkin's Theorem applications.
[2019-05-02 20:20:32,723 INFO  L403   nArgumentSynthesizer]: A total of 0 supporting invariants were added.
[2019-05-02 20:20:32,726 INFO  L530          LassoAnalysis]: Proving termination failed for this template and these settings.
[2019-05-02 20:20:32,740 INFO  L497          LassoAnalysis]: Using template 'lex(affine, affine)'.
No working directory specified, using /home/xuechao/xuechao/work/Lab/Termination/Lasso-Ranker/z3
Starting monitored process 14 with z3 -smt2 -in SMTLIB2_COMPLIANT=true (exit command is (exit), workingDir is null)
Waiting until toolchain timeout for monitored process 14 with z3 -smt2 -in SMTLIB2_COMPLIANT=true
[2019-05-02 20:20:32,742 INFO  L122   nArgumentSynthesizer]: Termination Analysis Settings:
Termination analysis: LINEAR_WITH_GUESSES
Number of strict supporting invariants: 1
Number of non-strict supporting invariants: 0
Consider only non-deceasing supporting invariants: true
Simplify termination arguments: true
Simplify supporting invariants: trueOverapproximate stem: false
[2019-05-02 20:20:32,744 WARN  L334   nArgumentSynthesizer]: Using a linear SMT query and a templates of degree > 0, hence this method is incomplete.
[2019-05-02 20:20:32,744 INFO  L339   nArgumentSynthesizer]: Template has degree 5.
[2019-05-02 20:20:32,744 INFO  L352   nArgumentSynthesizer]: There is no stem transition; disabling supporting invariant generation.
[2019-05-02 20:20:32,744 INFO  L205   nArgumentSynthesizer]: 1 stem disjuncts
[2019-05-02 20:20:32,745 INFO  L206   nArgumentSynthesizer]: 1 loop disjuncts
[2019-05-02 20:20:32,745 INFO  L207   nArgumentSynthesizer]: 4 template conjuncts.
[2019-05-02 20:20:32,746 INFO  L402   nArgumentSynthesizer]: We have 4 Motzkin's Theorem applications.
[2019-05-02 20:20:32,746 INFO  L403   nArgumentSynthesizer]: A total of 0 supporting invariants were added.
[2019-05-02 20:20:32,751 INFO  L530          LassoAnalysis]: Proving termination failed for this template and these settings.
No working directory specified, using /home/xuechao/xuechao/work/Lab/Termination/Lasso-Ranker/z3
Starting monitored process 15 with z3 -smt2 -in SMTLIB2_COMPLIANT=true (exit command is (exit), workingDir is null)
Waiting until toolchain timeout for monitored process 15 with z3 -smt2 -in SMTLIB2_COMPLIANT=true
[2019-05-02 20:20:32,771 INFO  L122   nArgumentSynthesizer]: Termination Analysis Settings:
Termination analysis: LINEAR_WITH_GUESSES
Number of strict supporting invariants: 1
Number of non-strict supporting invariants: 0
Consider only non-deceasing supporting invariants: true
Simplify termination arguments: true
Simplify supporting invariants: trueOverapproximate stem: false
[2019-05-02 20:20:32,773 WARN  L334   nArgumentSynthesizer]: Using a linear SMT query and a templates of degree > 0, hence this method is incomplete.
[2019-05-02 20:20:32,773 INFO  L339   nArgumentSynthesizer]: Template has degree 5.
[2019-05-02 20:20:32,773 INFO  L352   nArgumentSynthesizer]: There is no stem transition; disabling supporting invariant generation.
[2019-05-02 20:20:32,773 INFO  L205   nArgumentSynthesizer]: 1 stem disjuncts
[2019-05-02 20:20:32,774 INFO  L206   nArgumentSynthesizer]: 1 loop disjuncts
[2019-05-02 20:20:32,774 INFO  L207   nArgumentSynthesizer]: 4 template conjuncts.
[2019-05-02 20:20:32,775 INFO  L402   nArgumentSynthesizer]: We have 4 Motzkin's Theorem applications.
[2019-05-02 20:20:32,775 INFO  L403   nArgumentSynthesizer]: A total of 0 supporting invariants were added.
[2019-05-02 20:20:32,778 INFO  L530          LassoAnalysis]: Proving termination failed for this template and these settings.
[2019-05-02 20:20:32,792 INFO  L497          LassoAnalysis]: Using template '2-piece'.
No working directory specified, using /home/xuechao/xuechao/work/Lab/Termination/Lasso-Ranker/z3
Starting monitored process 16 with z3 -smt2 -in SMTLIB2_COMPLIANT=true (exit command is (exit), workingDir is null)
Waiting until toolchain timeout for monitored process 16 with z3 -smt2 -in SMTLIB2_COMPLIANT=true
[2019-05-02 20:20:32,794 INFO  L122   nArgumentSynthesizer]: Termination Analysis Settings:
Termination analysis: LINEAR_WITH_GUESSES
Number of strict supporting invariants: 1
Number of non-strict supporting invariants: 0
Consider only non-deceasing supporting invariants: true
Simplify termination arguments: true
Simplify supporting invariants: trueOverapproximate stem: false
[2019-05-02 20:20:32,796 WARN  L334   nArgumentSynthesizer]: Using a linear SMT query and a templates of degree > 0, hence this method is incomplete.
[2019-05-02 20:20:32,796 INFO  L339   nArgumentSynthesizer]: Template has degree 7.
[2019-05-02 20:20:32,796 INFO  L352   nArgumentSynthesizer]: There is no stem transition; disabling supporting invariant generation.
[2019-05-02 20:20:32,796 INFO  L205   nArgumentSynthesizer]: 1 stem disjuncts
[2019-05-02 20:20:32,796 INFO  L206   nArgumentSynthesizer]: 1 loop disjuncts
[2019-05-02 20:20:32,796 INFO  L207   nArgumentSynthesizer]: 7 template conjuncts.
[2019-05-02 20:20:32,803 INFO  L402   nArgumentSynthesizer]: We have 7 Motzkin's Theorem applications.
[2019-05-02 20:20:32,803 INFO  L403   nArgumentSynthesizer]: A total of 0 supporting invariants were added.
[2019-05-02 20:20:32,809 INFO  L530          LassoAnalysis]: Proving termination failed for this template and these settings.
No working directory specified, using /home/xuechao/xuechao/work/Lab/Termination/Lasso-Ranker/z3
Starting monitored process 17 with z3 -smt2 -in SMTLIB2_COMPLIANT=true (exit command is (exit), workingDir is null)
Waiting until toolchain timeout for monitored process 17 with z3 -smt2 -in SMTLIB2_COMPLIANT=true
[2019-05-02 20:20:32,829 INFO  L122   nArgumentSynthesizer]: Termination Analysis Settings:
Termination analysis: LINEAR_WITH_GUESSES
Number of strict supporting invariants: 1
Number of non-strict supporting invariants: 0
Consider only non-deceasing supporting invariants: true
Simplify termination arguments: true
Simplify supporting invariants: trueOverapproximate stem: false
[2019-05-02 20:20:32,831 WARN  L334   nArgumentSynthesizer]: Using a linear SMT query and a templates of degree > 0, hence this method is incomplete.
[2019-05-02 20:20:32,831 INFO  L339   nArgumentSynthesizer]: Template has degree 7.
[2019-05-02 20:20:32,831 INFO  L352   nArgumentSynthesizer]: There is no stem transition; disabling supporting invariant generation.
[2019-05-02 20:20:32,831 INFO  L205   nArgumentSynthesizer]: 1 stem disjuncts
[2019-05-02 20:20:32,832 INFO  L206   nArgumentSynthesizer]: 1 loop disjuncts
[2019-05-02 20:20:32,832 INFO  L207   nArgumentSynthesizer]: 7 template conjuncts.
[2019-05-02 20:20:32,846 INFO  L402   nArgumentSynthesizer]: We have 7 Motzkin's Theorem applications.
[2019-05-02 20:20:32,846 INFO  L403   nArgumentSynthesizer]: A total of 0 supporting invariants were added.
[2019-05-02 20:20:32,855 INFO  L530          LassoAnalysis]: Proving termination failed for this template and these settings.
[2019-05-02 20:20:32,870 INFO  L497          LassoAnalysis]: Using template '2-parallel'.
No working directory specified, using /home/xuechao/xuechao/work/Lab/Termination/Lasso-Ranker/z3
Starting monitored process 18 with z3 -smt2 -in SMTLIB2_COMPLIANT=true (exit command is (exit), workingDir is null)
Waiting until toolchain timeout for monitored process 18 with z3 -smt2 -in SMTLIB2_COMPLIANT=true
[2019-05-02 20:20:32,875 INFO  L122   nArgumentSynthesizer]: Termination Analysis Settings:
Termination analysis: LINEAR_WITH_GUESSES
Number of strict supporting invariants: 1
Number of non-strict supporting invariants: 0
Consider only non-deceasing supporting invariants: true
Simplify termination arguments: true
Simplify supporting invariants: trueOverapproximate stem: false
[2019-05-02 20:20:32,877 WARN  L334   nArgumentSynthesizer]: Using a linear SMT query and a templates of degree > 0, hence this method is incomplete.
[2019-05-02 20:20:32,877 INFO  L339   nArgumentSynthesizer]: Template has degree 4.
[2019-05-02 20:20:32,878 INFO  L352   nArgumentSynthesizer]: There is no stem transition; disabling supporting invariant generation.
[2019-05-02 20:20:32,878 INFO  L205   nArgumentSynthesizer]: 1 stem disjuncts
[2019-05-02 20:20:32,878 INFO  L206   nArgumentSynthesizer]: 1 loop disjuncts
[2019-05-02 20:20:32,878 INFO  L207   nArgumentSynthesizer]: 6 template conjuncts.
[2019-05-02 20:20:32,880 INFO  L402   nArgumentSynthesizer]: We have 6 Motzkin's Theorem applications.
[2019-05-02 20:20:32,880 INFO  L403   nArgumentSynthesizer]: A total of 0 supporting invariants were added.
[2019-05-02 20:20:32,885 INFO  L530          LassoAnalysis]: Proving termination failed for this template and these settings.
No working directory specified, using /home/xuechao/xuechao/work/Lab/Termination/Lasso-Ranker/z3
Starting monitored process 19 with z3 -smt2 -in SMTLIB2_COMPLIANT=true (exit command is (exit), workingDir is null)
Waiting until toolchain timeout for monitored process 19 with z3 -smt2 -in SMTLIB2_COMPLIANT=true
[2019-05-02 20:20:32,901 INFO  L122   nArgumentSynthesizer]: Termination Analysis Settings:
Termination analysis: LINEAR_WITH_GUESSES
Number of strict supporting invariants: 1
Number of non-strict supporting invariants: 0
Consider only non-deceasing supporting invariants: true
Simplify termination arguments: true
Simplify supporting invariants: trueOverapproximate stem: false
[2019-05-02 20:20:32,903 WARN  L334   nArgumentSynthesizer]: Using a linear SMT query and a templates of degree > 0, hence this method is incomplete.
[2019-05-02 20:20:32,903 INFO  L339   nArgumentSynthesizer]: Template has degree 4.
[2019-05-02 20:20:32,903 INFO  L352   nArgumentSynthesizer]: There is no stem transition; disabling supporting invariant generation.
[2019-05-02 20:20:32,904 INFO  L205   nArgumentSynthesizer]: 1 stem disjuncts
[2019-05-02 20:20:32,904 INFO  L206   nArgumentSynthesizer]: 1 loop disjuncts
[2019-05-02 20:20:32,904 INFO  L207   nArgumentSynthesizer]: 6 template conjuncts.
[2019-05-02 20:20:32,906 INFO  L402   nArgumentSynthesizer]: We have 6 Motzkin's Theorem applications.
[2019-05-02 20:20:32,906 INFO  L403   nArgumentSynthesizer]: A total of 0 supporting invariants were added.
[2019-05-02 20:20:32,913 INFO  L530          LassoAnalysis]: Proving termination failed for this template and these settings.
[2019-05-02 20:20:32,928 INFO  L489     LassoRankerStarter]: LassoRanker could not prove termination or nontermination of the given linear lasso program.
Templates: AffineTemplate NestedTemplate NestedTemplate NestedTemplate MultiphaseTemplate ComposedLexicographicTemplate PiecewiseTemplate ParallelTemplate
[2019-05-02 20:20:32,929 INFO  L132        PluginConnector]: ------------------------ END LassoRanker----------------------------
[2019-05-02 20:20:32,930 INFO  L168              Benchmark]: Toolchain (without parser) took 876.13 ms. Allocated memory is still 514.9 MB. Free memory was 477.6 MB in the beginning and 371.6 MB in the end (delta: 106.0 MB). Peak memory consumption was 106.0 MB. Max. memory is 11.5 GB.
[2019-05-02 20:20:32,931 INFO  L168              Benchmark]: Boogie PL CUP Parser took 0.12 ms. Allocated memory is still 514.9 MB. Free memory is still 479.1 MB. There was no memory consumed. Max. memory is 11.5 GB.
[2019-05-02 20:20:32,932 INFO  L168              Benchmark]: Boogie Preprocessor took 28.04 ms. Allocated memory is still 514.9 MB. Free memory was 477.6 MB in the beginning and 474.9 MB in the end (delta: 2.7 MB). Peak memory consumption was 2.7 MB. Max. memory is 11.5 GB.
[2019-05-02 20:20:32,932 INFO  L168              Benchmark]: RCFGBuilder took 117.93 ms. Allocated memory is still 514.9 MB. Free memory was 474.9 MB in the beginning and 466.9 MB in the end (delta: 8.1 MB). Peak memory consumption was 8.1 MB. Max. memory is 11.5 GB.
[2019-05-02 20:20:32,933 INFO  L168              Benchmark]: LassoRanker took 727.95 ms. Allocated memory is still 514.9 MB. Free memory was 465.5 MB in the beginning and 371.6 MB in the end (delta: 93.9 MB). Peak memory consumption was 93.9 MB. Max. memory is 11.5 GB.
[2019-05-02 20:20:32,935 INFO  L336   ainManager$Toolchain]: #######################  End [Toolchain 1] #######################
 --- Results ---
 * Results from de.uni_freiburg.informatik.ultimate.core:
  - StatisticsResult: Toolchain Benchmarks
    Benchmark results are:
 * Boogie PL CUP Parser took 0.12 ms. Allocated memory is still 514.9 MB. Free memory is still 479.1 MB. There was no memory consumed. Max. memory is 11.5 GB.
 * Boogie Preprocessor took 28.04 ms. Allocated memory is still 514.9 MB. Free memory was 477.6 MB in the beginning and 474.9 MB in the end (delta: 2.7 MB). Peak memory consumption was 2.7 MB. Max. memory is 11.5 GB.
 * RCFGBuilder took 117.93 ms. Allocated memory is still 514.9 MB. Free memory was 474.9 MB in the beginning and 466.9 MB in the end (delta: 8.1 MB). Peak memory consumption was 8.1 MB. Max. memory is 11.5 GB.
 * LassoRanker took 727.95 ms. Allocated memory is still 514.9 MB. Free memory was 465.5 MB in the beginning and 371.6 MB in the end (delta: 93.9 MB). Peak memory consumption was 93.9 MB. Max. memory is 11.5 GB.
 * Results from de.uni_freiburg.informatik.ultimate.plugins.analysis.lassoranker:
  - NoResult [Line: 11]: LassoRanker could not prove termination
    LassoRanker could not prove termination or nontermination of the given linear lasso program.
Templates: AffineTemplate NestedTemplate NestedTemplate NestedTemplate MultiphaseTemplate ComposedLexicographicTemplate PiecewiseTemplate ParallelTemplate
RESULT: Ultimate could not prove your program: Toolchain returned no result.
Received shutdown request...
