This is Ultimate 0.1.24-16d85fa
[2019-05-02 20:20:38,928 INFO  L170        SettingsManager]: Resetting all preferences to default values...
[2019-05-02 20:20:38,929 INFO  L174        SettingsManager]: Resetting UltimateCore preferences to default values
[2019-05-02 20:20:38,939 INFO  L177        SettingsManager]: Ultimate Commandline Interface provides no preferences, ignoring...
[2019-05-02 20:20:38,939 INFO  L174        SettingsManager]: Resetting Boogie Preprocessor preferences to default values
[2019-05-02 20:20:38,940 INFO  L174        SettingsManager]: Resetting Boogie Procedure Inliner preferences to default values
[2019-05-02 20:20:38,941 INFO  L174        SettingsManager]: Resetting Abstract Interpretation preferences to default values
[2019-05-02 20:20:38,942 INFO  L174        SettingsManager]: Resetting LassoRanker preferences to default values
[2019-05-02 20:20:38,943 INFO  L174        SettingsManager]: Resetting Reaching Definitions preferences to default values
[2019-05-02 20:20:38,944 INFO  L174        SettingsManager]: Resetting SyntaxChecker preferences to default values
[2019-05-02 20:20:38,944 INFO  L177        SettingsManager]: Büchi Program Product provides no preferences, ignoring...
[2019-05-02 20:20:38,945 INFO  L174        SettingsManager]: Resetting LTL2Aut preferences to default values
[2019-05-02 20:20:38,945 INFO  L174        SettingsManager]: Resetting PEA to Boogie preferences to default values
[2019-05-02 20:20:38,946 INFO  L174        SettingsManager]: Resetting BlockEncodingV2 preferences to default values
[2019-05-02 20:20:38,946 INFO  L174        SettingsManager]: Resetting ChcToBoogie preferences to default values
[2019-05-02 20:20:38,947 INFO  L174        SettingsManager]: Resetting AutomataScriptInterpreter preferences to default values
[2019-05-02 20:20:38,947 INFO  L174        SettingsManager]: Resetting BuchiAutomizer preferences to default values
[2019-05-02 20:20:38,949 INFO  L174        SettingsManager]: Resetting CACSL2BoogieTranslator preferences to default values
[2019-05-02 20:20:38,950 INFO  L174        SettingsManager]: Resetting CodeCheck preferences to default values
[2019-05-02 20:20:38,951 INFO  L174        SettingsManager]: Resetting InvariantSynthesis preferences to default values
[2019-05-02 20:20:38,952 INFO  L174        SettingsManager]: Resetting RCFGBuilder preferences to default values
[2019-05-02 20:20:38,953 INFO  L174        SettingsManager]: Resetting TraceAbstraction preferences to default values
[2019-05-02 20:20:38,954 INFO  L177        SettingsManager]: TraceAbstractionConcurrent provides no preferences, ignoring...
[2019-05-02 20:20:38,954 INFO  L177        SettingsManager]: TraceAbstractionWithAFAs provides no preferences, ignoring...
[2019-05-02 20:20:38,954 INFO  L174        SettingsManager]: Resetting TreeAutomizer preferences to default values
[2019-05-02 20:20:38,955 INFO  L174        SettingsManager]: Resetting IcfgTransformer preferences to default values
[2019-05-02 20:20:38,956 INFO  L174        SettingsManager]: Resetting Boogie Printer preferences to default values
[2019-05-02 20:20:38,956 INFO  L174        SettingsManager]: Resetting ReqPrinter preferences to default values
[2019-05-02 20:20:38,957 INFO  L174        SettingsManager]: Resetting Witness Printer preferences to default values
[2019-05-02 20:20:38,957 INFO  L177        SettingsManager]: Boogie PL CUP Parser provides no preferences, ignoring...
[2019-05-02 20:20:38,957 INFO  L174        SettingsManager]: Resetting CDTParser preferences to default values
[2019-05-02 20:20:38,958 INFO  L177        SettingsManager]: AutomataScriptParser provides no preferences, ignoring...
[2019-05-02 20:20:38,958 INFO  L177        SettingsManager]: ReqParser provides no preferences, ignoring...
[2019-05-02 20:20:38,958 INFO  L174        SettingsManager]: Resetting SmtParser preferences to default values
[2019-05-02 20:20:38,958 INFO  L174        SettingsManager]: Resetting Witness Parser preferences to default values
[2019-05-02 20:20:38,959 INFO  L181        SettingsManager]: Finished resetting all preferences to default values...
[2019-05-02 20:20:38,975 INFO  L81    nceAwareModelManager]: Repository-Root is: /tmp
[2019-05-02 20:20:38,983 INFO  L258   ainManager$Toolchain]: [Toolchain 1]: Applicable parser(s) successfully (re)initialized
[2019-05-02 20:20:38,985 INFO  L214   ainManager$Toolchain]: [Toolchain 1]: Toolchain selected.
[2019-05-02 20:20:38,986 INFO  L271        PluginConnector]: Initializing Boogie PL CUP Parser...
[2019-05-02 20:20:38,987 INFO  L276        PluginConnector]: Boogie PL CUP Parser initialized
[2019-05-02 20:20:38,988 INFO  L418   ainManager$Toolchain]: [Toolchain 1]: Parsing single file: /home/xuechao/xuechao/work/Lab/Termination/Lasso-Ranker/Program_non/85.bpl
[2019-05-02 20:20:38,988 INFO  L111           BoogieParser]: Parsing: '/home/xuechao/xuechao/work/Lab/Termination/Lasso-Ranker/Program_non/85.bpl'
[2019-05-02 20:20:39,016 INFO  L296   ainManager$Toolchain]: ####################### [Toolchain 1] #######################
[2019-05-02 20:20:39,017 INFO  L131        ToolchainWalker]: Walking toolchain with 3 elements.
[2019-05-02 20:20:39,017 INFO  L113        PluginConnector]: ------------------------Boogie Preprocessor----------------------------
[2019-05-02 20:20:39,018 INFO  L271        PluginConnector]: Initializing Boogie Preprocessor...
[2019-05-02 20:20:39,018 INFO  L276        PluginConnector]: Boogie Preprocessor initialized
[2019-05-02 20:20:39,034 INFO  L185        PluginConnector]: Executing the observer EnsureBoogieModelObserver from plugin Boogie Preprocessor for "85.bpl de.uni_freiburg.informatik.ultimate.boogie.parser AST 02.05 08:20:39" (1/1) ...
[2019-05-02 20:20:39,035 INFO  L185        PluginConnector]: Executing the observer TypeChecker from plugin Boogie Preprocessor for "85.bpl de.uni_freiburg.informatik.ultimate.boogie.parser AST 02.05 08:20:39" (1/1) ...
[2019-05-02 20:20:39,039 INFO  L185        PluginConnector]: Executing the observer ConstExpander from plugin Boogie Preprocessor for "85.bpl de.uni_freiburg.informatik.ultimate.boogie.parser AST 02.05 08:20:39" (1/1) ...
[2019-05-02 20:20:39,039 INFO  L185        PluginConnector]: Executing the observer StructExpander from plugin Boogie Preprocessor for "85.bpl de.uni_freiburg.informatik.ultimate.boogie.parser AST 02.05 08:20:39" (1/1) ...
[2019-05-02 20:20:39,041 INFO  L185        PluginConnector]: Executing the observer UnstructureCode from plugin Boogie Preprocessor for "85.bpl de.uni_freiburg.informatik.ultimate.boogie.parser AST 02.05 08:20:39" (1/1) ...
[2019-05-02 20:20:39,044 INFO  L185        PluginConnector]: Executing the observer FunctionInliner from plugin Boogie Preprocessor for "85.bpl de.uni_freiburg.informatik.ultimate.boogie.parser AST 02.05 08:20:39" (1/1) ...
[2019-05-02 20:20:39,044 INFO  L185        PluginConnector]: Executing the observer BoogieSymbolTableConstructor from plugin Boogie Preprocessor for "85.bpl de.uni_freiburg.informatik.ultimate.boogie.parser AST 02.05 08:20:39" (1/1) ...
[2019-05-02 20:20:39,045 INFO  L132        PluginConnector]: ------------------------ END Boogie Preprocessor----------------------------
[2019-05-02 20:20:39,046 INFO  L113        PluginConnector]: ------------------------RCFGBuilder----------------------------
[2019-05-02 20:20:39,046 INFO  L271        PluginConnector]: Initializing RCFGBuilder...
[2019-05-02 20:20:39,046 INFO  L276        PluginConnector]: RCFGBuilder initialized
[2019-05-02 20:20:39,047 INFO  L185        PluginConnector]: Executing the observer RCFGBuilderObserver from plugin RCFGBuilder for "85.bpl de.uni_freiburg.informatik.ultimate.boogie.parser AST 02.05 08:20:39" (1/1) ...
No working directory specified, using /home/xuechao/xuechao/work/Lab/Termination/Lasso-Ranker/z3
Starting monitored process 1 with z3 SMTLIB2_COMPLIANT=true -memory:1024 -smt2 -in -t:12000 (exit command is (exit), workingDir is null)
Waiting until toolchain timeout for monitored process 1 with z3 SMTLIB2_COMPLIANT=true -memory:1024 -smt2 -in -t:12000
[2019-05-02 20:20:39,090 INFO  L124     BoogieDeclarations]: Specification and implementation of procedure main given in one single declaration
[2019-05-02 20:20:39,090 INFO  L130     BoogieDeclarations]: Found specification of procedure main
[2019-05-02 20:20:39,091 INFO  L138     BoogieDeclarations]: Found implementation of procedure main
[2019-05-02 20:20:39,184 INFO  L278             CfgBuilder]: Using library mode
[2019-05-02 20:20:39,184 INFO  L286             CfgBuilder]: Removed 0 assue(true) statements.
[2019-05-02 20:20:39,185 INFO  L202        PluginConnector]: Adding new model 85.bpl de.uni_freiburg.informatik.ultimate.plugins.generator.rcfgbuilder CFG 02.05 08:20:39 BoogieIcfgContainer
[2019-05-02 20:20:39,185 INFO  L132        PluginConnector]: ------------------------ END RCFGBuilder----------------------------
[2019-05-02 20:20:39,185 INFO  L113        PluginConnector]: ------------------------LassoRanker----------------------------
[2019-05-02 20:20:39,185 INFO  L271        PluginConnector]: Initializing LassoRanker...
[2019-05-02 20:20:39,185 INFO  L276        PluginConnector]: LassoRanker initialized
[2019-05-02 20:20:39,186 INFO  L185        PluginConnector]: Executing the observer LassoRankerObserver from plugin LassoRanker for "85.bpl de.uni_freiburg.informatik.ultimate.plugins.generator.rcfgbuilder CFG 02.05 08:20:39" (1/1) ...
[2019-05-02 20:20:39,207 INFO  L72            BuchiIsEmpty]: Start buchiIsEmpty. Operand 2 states.
[2019-05-02 20:20:39,223 INFO  L131   ngComponentsAnalysis]: Automaton has 1 accepting balls. 1
[2019-05-02 20:20:39,223 INFO  L87            BuchiIsEmpty]: Finished buchiIsEmpty Result is false
[2019-05-02 20:20:39,223 INFO  L119           BuchiIsEmpty]: Starting construction of run
[2019-05-02 20:20:39,229 INFO  L104     BuchiDifferenceFKV]: Start buchiDifferenceFKV. First operand 2 states. Second operand 1 states.
[2019-05-02 20:20:39,237 INFO  L108     BuchiDifferenceFKV]: Finished buchiDifferenceFKV. First operand 2 states. Second operand 1 states. Result 3 states and 4 transitions. Complement of second has 2 states 2 powerset states0 rank states. The highest rank that occured is -1
[2019-05-02 20:20:39,237 INFO  L72            BuchiIsEmpty]: Start buchiIsEmpty. Operand 3 states and 4 transitions.
[2019-05-02 20:20:39,238 INFO  L131   ngComponentsAnalysis]: Automaton has 0 accepting balls. 0
[2019-05-02 20:20:39,238 INFO  L87            BuchiIsEmpty]: Finished buchiIsEmpty Result is true
[2019-05-02 20:20:39,288 INFO  L216          LassoAnalysis]: Preferences:
[2019-05-02 20:20:39,289 INFO  L124   ssoRankerPreferences]: Compute integeral hull: false
[2019-05-02 20:20:39,289 INFO  L125   ssoRankerPreferences]: Enable LassoPartitioneer: true
[2019-05-02 20:20:39,289 INFO  L126   ssoRankerPreferences]: Term annotations enabled: false
[2019-05-02 20:20:39,289 INFO  L127   ssoRankerPreferences]: Use exernal solver: true
[2019-05-02 20:20:39,289 INFO  L128   ssoRankerPreferences]: SMT solver command: z3 -smt2 -in SMTLIB2_COMPLIANT=true
[2019-05-02 20:20:39,289 INFO  L129   ssoRankerPreferences]: Dump SMT script to file: false
[2019-05-02 20:20:39,289 INFO  L130   ssoRankerPreferences]: Path of dumped script: .
[2019-05-02 20:20:39,290 INFO  L131   ssoRankerPreferences]: Filename of dumped script: LassoRankerScript
[2019-05-02 20:20:39,290 INFO  L132   ssoRankerPreferences]: MapElimAlgo: Frank
[2019-05-02 20:20:39,290 INFO  L282          LassoAnalysis]: Starting lasso preprocessing...
[2019-05-02 20:20:39,305 INFO  L141          MapEliminator]: Using MapEliminator with SimplificationTechnique=SIMPLIFY_DDA XnfConversionTechnique=BOTTOM_UP_WITH_LOCAL_SIMPLIFICATION AddInequalities=false OnlyTrivialImplicationsArrayWrite=false OnlyTrivialImplicationsForModifiedArguments=true OnlyArgumentsInFormula=true
[2019-05-02 20:20:39,408 INFO  L300          LassoAnalysis]: Preprocessing complete.
[2019-05-02 20:20:39,408 INFO  L412          LassoAnalysis]: Checking for nontermination...
No working directory specified, using /home/xuechao/xuechao/work/Lab/Termination/Lasso-Ranker/z3
Starting monitored process 2 with z3 -smt2 -in SMTLIB2_COMPLIANT=true (exit command is (exit), workingDir is null)
Waiting until toolchain timeout for monitored process 2 with z3 -smt2 -in SMTLIB2_COMPLIANT=true
[2019-05-02 20:20:39,412 INFO  L151   nArgumentSynthesizer]: Nontermination analysis: LINEAR_WITH_GUESSES Allow bounded executions: true Number of generalized eigenvectors: 0 Nilpotent components: true
No working directory specified, using /home/xuechao/xuechao/work/Lab/Termination/Lasso-Ranker/z3
Starting monitored process 3 with z3 -smt2 -in SMTLIB2_COMPLIANT=true (exit command is (exit), workingDir is null)
Waiting until toolchain timeout for monitored process 3 with z3 -smt2 -in SMTLIB2_COMPLIANT=true
[2019-05-02 20:20:39,432 INFO  L151   nArgumentSynthesizer]: Nontermination analysis: LINEAR_WITH_GUESSES Allow bounded executions: true Number of generalized eigenvectors: 3 Nilpotent components: true
[2019-05-02 20:20:39,450 INFO  L445          LassoAnalysis]: Proved nontermination for one component.
[2019-05-02 20:20:39,450 INFO  L448          LassoAnalysis]: Non-Termination argument consisting of: Initial state: {main_b=0, main_a=0, main_q=-1/4} Honda state: {main_b=0, main_a=0, main_q=-1/4} Generalized eigenvectors: [{main_b=0, main_a=0, main_q=-1/2}, {main_b=0, main_a=0, main_q=-1/2}, {main_b=0, main_a=0, main_q=0}] Lambdas: [1, 3/5, 1] Nus: [0, 1]
[2019-05-02 20:20:39,475 INFO  L132        PluginConnector]: ------------------------ END LassoRanker----------------------------
[2019-05-02 20:20:39,475 INFO  L168              Benchmark]: Toolchain (without parser) took 459.02 ms. Allocated memory is still 514.9 MB. Free memory was 477.8 MB in the beginning and 440.9 MB in the end (delta: 36.9 MB). Peak memory consumption was 36.9 MB. Max. memory is 11.5 GB.
[2019-05-02 20:20:39,477 INFO  L168              Benchmark]: Boogie PL CUP Parser took 0.17 ms. Allocated memory is still 514.9 MB. Free memory is still 479.3 MB. There was no memory consumed. Max. memory is 11.5 GB.
[2019-05-02 20:20:39,477 INFO  L168              Benchmark]: Boogie Preprocessor took 28.18 ms. Allocated memory is still 514.9 MB. Free memory was 477.8 MB in the beginning and 475.1 MB in the end (delta: 2.7 MB). Peak memory consumption was 2.7 MB. Max. memory is 11.5 GB.
[2019-05-02 20:20:39,478 INFO  L168              Benchmark]: RCFGBuilder took 139.10 ms. Allocated memory is still 514.9 MB. Free memory was 475.1 MB in the beginning and 466.1 MB in the end (delta: 9.0 MB). Peak memory consumption was 9.0 MB. Max. memory is 11.5 GB.
[2019-05-02 20:20:39,478 INFO  L168              Benchmark]: LassoRanker took 289.61 ms. Allocated memory is still 514.9 MB. Free memory was 466.1 MB in the beginning and 440.9 MB in the end (delta: 25.1 MB). Peak memory consumption was 25.1 MB. Max. memory is 11.5 GB.
[2019-05-02 20:20:39,481 INFO  L336   ainManager$Toolchain]: #######################  End [Toolchain 1] #######################
 --- Results ---
 * Results from de.uni_freiburg.informatik.ultimate.core:
  - StatisticsResult: Toolchain Benchmarks
    Benchmark results are:
 * Boogie PL CUP Parser took 0.17 ms. Allocated memory is still 514.9 MB. Free memory is still 479.3 MB. There was no memory consumed. Max. memory is 11.5 GB.
 * Boogie Preprocessor took 28.18 ms. Allocated memory is still 514.9 MB. Free memory was 477.8 MB in the beginning and 475.1 MB in the end (delta: 2.7 MB). Peak memory consumption was 2.7 MB. Max. memory is 11.5 GB.
 * RCFGBuilder took 139.10 ms. Allocated memory is still 514.9 MB. Free memory was 475.1 MB in the beginning and 466.1 MB in the end (delta: 9.0 MB). Peak memory consumption was 9.0 MB. Max. memory is 11.5 GB.
 * LassoRanker took 289.61 ms. Allocated memory is still 514.9 MB. Free memory was 466.1 MB in the beginning and 440.9 MB in the end (delta: 25.1 MB). Peak memory consumption was 25.1 MB. Max. memory is 11.5 GB.
 * Results from de.uni_freiburg.informatik.ultimate.plugins.analysis.lassoranker:
  - StatisticsResult: NonterminationArgumentStatistics
    Unbounded Execution 2GEVs Lambdas: [1, 3/5, 1] Mus: [0, 1]
  - GeometricNonTerminationArgumentResult [Line: 12]: Nontermination argument in form of an infinite program execution.
    Nontermination argument in form of an infinite execution
State at position 0 is
{a=0, q=-1/4, b=0}
State at position 1 is
{a=0, q=-1/4, b=0}
For i>1, the state at position i is
{a=0 + sum_{k=0}^i 0, q=-1/4 + sum_{k=0}^i -1/2 + -1/2*3/5^k, b=0 + sum_{k=0}^i 0}
RESULT: Ultimate could not prove your program: Toolchain returned no result.
Received shutdown request...
