This is Ultimate 0.1.24-16d85fa
[2019-05-02 20:20:40,964 INFO  L170        SettingsManager]: Resetting all preferences to default values...
[2019-05-02 20:20:40,965 INFO  L174        SettingsManager]: Resetting UltimateCore preferences to default values
[2019-05-02 20:20:40,975 INFO  L177        SettingsManager]: Ultimate Commandline Interface provides no preferences, ignoring...
[2019-05-02 20:20:40,975 INFO  L174        SettingsManager]: Resetting Boogie Preprocessor preferences to default values
[2019-05-02 20:20:40,976 INFO  L174        SettingsManager]: Resetting Boogie Procedure Inliner preferences to default values
[2019-05-02 20:20:40,977 INFO  L174        SettingsManager]: Resetting Abstract Interpretation preferences to default values
[2019-05-02 20:20:40,978 INFO  L174        SettingsManager]: Resetting LassoRanker preferences to default values
[2019-05-02 20:20:40,979 INFO  L174        SettingsManager]: Resetting Reaching Definitions preferences to default values
[2019-05-02 20:20:40,980 INFO  L174        SettingsManager]: Resetting SyntaxChecker preferences to default values
[2019-05-02 20:20:40,980 INFO  L177        SettingsManager]: Büchi Program Product provides no preferences, ignoring...
[2019-05-02 20:20:40,981 INFO  L174        SettingsManager]: Resetting LTL2Aut preferences to default values
[2019-05-02 20:20:40,981 INFO  L174        SettingsManager]: Resetting PEA to Boogie preferences to default values
[2019-05-02 20:20:40,982 INFO  L174        SettingsManager]: Resetting BlockEncodingV2 preferences to default values
[2019-05-02 20:20:40,982 INFO  L174        SettingsManager]: Resetting ChcToBoogie preferences to default values
[2019-05-02 20:20:40,983 INFO  L174        SettingsManager]: Resetting AutomataScriptInterpreter preferences to default values
[2019-05-02 20:20:40,983 INFO  L174        SettingsManager]: Resetting BuchiAutomizer preferences to default values
[2019-05-02 20:20:40,985 INFO  L174        SettingsManager]: Resetting CACSL2BoogieTranslator preferences to default values
[2019-05-02 20:20:40,986 INFO  L174        SettingsManager]: Resetting CodeCheck preferences to default values
[2019-05-02 20:20:40,987 INFO  L174        SettingsManager]: Resetting InvariantSynthesis preferences to default values
[2019-05-02 20:20:40,988 INFO  L174        SettingsManager]: Resetting RCFGBuilder preferences to default values
[2019-05-02 20:20:40,989 INFO  L174        SettingsManager]: Resetting TraceAbstraction preferences to default values
[2019-05-02 20:20:40,990 INFO  L177        SettingsManager]: TraceAbstractionConcurrent provides no preferences, ignoring...
[2019-05-02 20:20:40,991 INFO  L177        SettingsManager]: TraceAbstractionWithAFAs provides no preferences, ignoring...
[2019-05-02 20:20:40,991 INFO  L174        SettingsManager]: Resetting TreeAutomizer preferences to default values
[2019-05-02 20:20:40,991 INFO  L174        SettingsManager]: Resetting IcfgTransformer preferences to default values
[2019-05-02 20:20:40,992 INFO  L174        SettingsManager]: Resetting Boogie Printer preferences to default values
[2019-05-02 20:20:40,992 INFO  L174        SettingsManager]: Resetting ReqPrinter preferences to default values
[2019-05-02 20:20:40,993 INFO  L174        SettingsManager]: Resetting Witness Printer preferences to default values
[2019-05-02 20:20:40,993 INFO  L177        SettingsManager]: Boogie PL CUP Parser provides no preferences, ignoring...
[2019-05-02 20:20:40,993 INFO  L174        SettingsManager]: Resetting CDTParser preferences to default values
[2019-05-02 20:20:40,994 INFO  L177        SettingsManager]: AutomataScriptParser provides no preferences, ignoring...
[2019-05-02 20:20:40,994 INFO  L177        SettingsManager]: ReqParser provides no preferences, ignoring...
[2019-05-02 20:20:40,994 INFO  L174        SettingsManager]: Resetting SmtParser preferences to default values
[2019-05-02 20:20:40,995 INFO  L174        SettingsManager]: Resetting Witness Parser preferences to default values
[2019-05-02 20:20:40,995 INFO  L181        SettingsManager]: Finished resetting all preferences to default values...
[2019-05-02 20:20:41,012 INFO  L81    nceAwareModelManager]: Repository-Root is: /tmp
[2019-05-02 20:20:41,020 INFO  L258   ainManager$Toolchain]: [Toolchain 1]: Applicable parser(s) successfully (re)initialized
[2019-05-02 20:20:41,023 INFO  L214   ainManager$Toolchain]: [Toolchain 1]: Toolchain selected.
[2019-05-02 20:20:41,024 INFO  L271        PluginConnector]: Initializing Boogie PL CUP Parser...
[2019-05-02 20:20:41,024 INFO  L276        PluginConnector]: Boogie PL CUP Parser initialized
[2019-05-02 20:20:41,025 INFO  L418   ainManager$Toolchain]: [Toolchain 1]: Parsing single file: /home/xuechao/xuechao/work/Lab/Termination/Lasso-Ranker/Program_non/86.bpl
[2019-05-02 20:20:41,025 INFO  L111           BoogieParser]: Parsing: '/home/xuechao/xuechao/work/Lab/Termination/Lasso-Ranker/Program_non/86.bpl'
[2019-05-02 20:20:41,054 INFO  L296   ainManager$Toolchain]: ####################### [Toolchain 1] #######################
[2019-05-02 20:20:41,055 INFO  L131        ToolchainWalker]: Walking toolchain with 3 elements.
[2019-05-02 20:20:41,055 INFO  L113        PluginConnector]: ------------------------Boogie Preprocessor----------------------------
[2019-05-02 20:20:41,056 INFO  L271        PluginConnector]: Initializing Boogie Preprocessor...
[2019-05-02 20:20:41,056 INFO  L276        PluginConnector]: Boogie Preprocessor initialized
[2019-05-02 20:20:41,073 INFO  L185        PluginConnector]: Executing the observer EnsureBoogieModelObserver from plugin Boogie Preprocessor for "86.bpl de.uni_freiburg.informatik.ultimate.boogie.parser AST 02.05 08:20:41" (1/1) ...
[2019-05-02 20:20:41,075 INFO  L185        PluginConnector]: Executing the observer TypeChecker from plugin Boogie Preprocessor for "86.bpl de.uni_freiburg.informatik.ultimate.boogie.parser AST 02.05 08:20:41" (1/1) ...
[2019-05-02 20:20:41,079 INFO  L185        PluginConnector]: Executing the observer ConstExpander from plugin Boogie Preprocessor for "86.bpl de.uni_freiburg.informatik.ultimate.boogie.parser AST 02.05 08:20:41" (1/1) ...
[2019-05-02 20:20:41,079 INFO  L185        PluginConnector]: Executing the observer StructExpander from plugin Boogie Preprocessor for "86.bpl de.uni_freiburg.informatik.ultimate.boogie.parser AST 02.05 08:20:41" (1/1) ...
[2019-05-02 20:20:41,081 INFO  L185        PluginConnector]: Executing the observer UnstructureCode from plugin Boogie Preprocessor for "86.bpl de.uni_freiburg.informatik.ultimate.boogie.parser AST 02.05 08:20:41" (1/1) ...
[2019-05-02 20:20:41,083 INFO  L185        PluginConnector]: Executing the observer FunctionInliner from plugin Boogie Preprocessor for "86.bpl de.uni_freiburg.informatik.ultimate.boogie.parser AST 02.05 08:20:41" (1/1) ...
[2019-05-02 20:20:41,084 INFO  L185        PluginConnector]: Executing the observer BoogieSymbolTableConstructor from plugin Boogie Preprocessor for "86.bpl de.uni_freiburg.informatik.ultimate.boogie.parser AST 02.05 08:20:41" (1/1) ...
[2019-05-02 20:20:41,085 INFO  L132        PluginConnector]: ------------------------ END Boogie Preprocessor----------------------------
[2019-05-02 20:20:41,085 INFO  L113        PluginConnector]: ------------------------RCFGBuilder----------------------------
[2019-05-02 20:20:41,085 INFO  L271        PluginConnector]: Initializing RCFGBuilder...
[2019-05-02 20:20:41,085 INFO  L276        PluginConnector]: RCFGBuilder initialized
[2019-05-02 20:20:41,086 INFO  L185        PluginConnector]: Executing the observer RCFGBuilderObserver from plugin RCFGBuilder for "86.bpl de.uni_freiburg.informatik.ultimate.boogie.parser AST 02.05 08:20:41" (1/1) ...
No working directory specified, using /home/xuechao/xuechao/work/Lab/Termination/Lasso-Ranker/z3
Starting monitored process 1 with z3 SMTLIB2_COMPLIANT=true -memory:1024 -smt2 -in -t:12000 (exit command is (exit), workingDir is null)
Waiting until toolchain timeout for monitored process 1 with z3 SMTLIB2_COMPLIANT=true -memory:1024 -smt2 -in -t:12000
[2019-05-02 20:20:41,131 INFO  L124     BoogieDeclarations]: Specification and implementation of procedure main given in one single declaration
[2019-05-02 20:20:41,132 INFO  L130     BoogieDeclarations]: Found specification of procedure main
[2019-05-02 20:20:41,132 INFO  L138     BoogieDeclarations]: Found implementation of procedure main
[2019-05-02 20:20:41,216 INFO  L278             CfgBuilder]: Using library mode
[2019-05-02 20:20:41,216 INFO  L286             CfgBuilder]: Removed 0 assue(true) statements.
[2019-05-02 20:20:41,217 INFO  L202        PluginConnector]: Adding new model 86.bpl de.uni_freiburg.informatik.ultimate.plugins.generator.rcfgbuilder CFG 02.05 08:20:41 BoogieIcfgContainer
[2019-05-02 20:20:41,217 INFO  L132        PluginConnector]: ------------------------ END RCFGBuilder----------------------------
[2019-05-02 20:20:41,218 INFO  L113        PluginConnector]: ------------------------LassoRanker----------------------------
[2019-05-02 20:20:41,218 INFO  L271        PluginConnector]: Initializing LassoRanker...
[2019-05-02 20:20:41,218 INFO  L276        PluginConnector]: LassoRanker initialized
[2019-05-02 20:20:41,218 INFO  L185        PluginConnector]: Executing the observer LassoRankerObserver from plugin LassoRanker for "86.bpl de.uni_freiburg.informatik.ultimate.plugins.generator.rcfgbuilder CFG 02.05 08:20:41" (1/1) ...
[2019-05-02 20:20:41,240 INFO  L72            BuchiIsEmpty]: Start buchiIsEmpty. Operand 2 states.
[2019-05-02 20:20:41,256 INFO  L131   ngComponentsAnalysis]: Automaton has 1 accepting balls. 1
[2019-05-02 20:20:41,256 INFO  L87            BuchiIsEmpty]: Finished buchiIsEmpty Result is false
[2019-05-02 20:20:41,256 INFO  L119           BuchiIsEmpty]: Starting construction of run
[2019-05-02 20:20:41,262 INFO  L104     BuchiDifferenceFKV]: Start buchiDifferenceFKV. First operand 2 states. Second operand 1 states.
[2019-05-02 20:20:41,271 INFO  L108     BuchiDifferenceFKV]: Finished buchiDifferenceFKV. First operand 2 states. Second operand 1 states. Result 3 states and 4 transitions. Complement of second has 2 states 2 powerset states0 rank states. The highest rank that occured is -1
[2019-05-02 20:20:41,271 INFO  L72            BuchiIsEmpty]: Start buchiIsEmpty. Operand 3 states and 4 transitions.
[2019-05-02 20:20:41,271 INFO  L131   ngComponentsAnalysis]: Automaton has 0 accepting balls. 0
[2019-05-02 20:20:41,271 INFO  L87            BuchiIsEmpty]: Finished buchiIsEmpty Result is true
[2019-05-02 20:20:41,324 INFO  L216          LassoAnalysis]: Preferences:
[2019-05-02 20:20:41,325 INFO  L124   ssoRankerPreferences]: Compute integeral hull: false
[2019-05-02 20:20:41,325 INFO  L125   ssoRankerPreferences]: Enable LassoPartitioneer: true
[2019-05-02 20:20:41,325 INFO  L126   ssoRankerPreferences]: Term annotations enabled: false
[2019-05-02 20:20:41,326 INFO  L127   ssoRankerPreferences]: Use exernal solver: true
[2019-05-02 20:20:41,326 INFO  L128   ssoRankerPreferences]: SMT solver command: z3 -smt2 -in SMTLIB2_COMPLIANT=true
[2019-05-02 20:20:41,326 INFO  L129   ssoRankerPreferences]: Dump SMT script to file: false
[2019-05-02 20:20:41,326 INFO  L130   ssoRankerPreferences]: Path of dumped script: .
[2019-05-02 20:20:41,326 INFO  L131   ssoRankerPreferences]: Filename of dumped script: LassoRankerScript
[2019-05-02 20:20:41,326 INFO  L132   ssoRankerPreferences]: MapElimAlgo: Frank
[2019-05-02 20:20:41,326 INFO  L282          LassoAnalysis]: Starting lasso preprocessing...
[2019-05-02 20:20:41,341 INFO  L141          MapEliminator]: Using MapEliminator with SimplificationTechnique=SIMPLIFY_DDA XnfConversionTechnique=BOTTOM_UP_WITH_LOCAL_SIMPLIFICATION AddInequalities=false OnlyTrivialImplicationsArrayWrite=false OnlyTrivialImplicationsForModifiedArguments=true OnlyArgumentsInFormula=true
[2019-05-02 20:20:41,423 INFO  L300          LassoAnalysis]: Preprocessing complete.
[2019-05-02 20:20:41,423 INFO  L412          LassoAnalysis]: Checking for nontermination...
No working directory specified, using /home/xuechao/xuechao/work/Lab/Termination/Lasso-Ranker/z3
Starting monitored process 2 with z3 -smt2 -in SMTLIB2_COMPLIANT=true (exit command is (exit), workingDir is null)
Waiting until toolchain timeout for monitored process 2 with z3 -smt2 -in SMTLIB2_COMPLIANT=true
[2019-05-02 20:20:41,427 INFO  L151   nArgumentSynthesizer]: Nontermination analysis: LINEAR_WITH_GUESSES Allow bounded executions: true Number of generalized eigenvectors: 0 Nilpotent components: true
[2019-05-02 20:20:41,427 INFO  L163   nArgumentSynthesizer]: Using integer mode.
No working directory specified, using /home/xuechao/xuechao/work/Lab/Termination/Lasso-Ranker/z3
Starting monitored process 3 with z3 -smt2 -in SMTLIB2_COMPLIANT=true (exit command is (exit), workingDir is null)
Waiting until toolchain timeout for monitored process 3 with z3 -smt2 -in SMTLIB2_COMPLIANT=true
[2019-05-02 20:20:41,448 INFO  L151   nArgumentSynthesizer]: Nontermination analysis: LINEAR_WITH_GUESSES Allow bounded executions: true Number of generalized eigenvectors: 3 Nilpotent components: true
[2019-05-02 20:20:41,448 INFO  L163   nArgumentSynthesizer]: Using integer mode.
[2019-05-02 20:20:41,473 INFO  L452          LassoAnalysis]: Proving nontermination failed: No geometric nontermination argument exists.
[2019-05-02 20:20:41,475 INFO  L216          LassoAnalysis]: Preferences:
[2019-05-02 20:20:41,475 INFO  L124   ssoRankerPreferences]: Compute integeral hull: false
[2019-05-02 20:20:41,475 INFO  L125   ssoRankerPreferences]: Enable LassoPartitioneer: true
[2019-05-02 20:20:41,475 INFO  L126   ssoRankerPreferences]: Term annotations enabled: false
[2019-05-02 20:20:41,475 INFO  L127   ssoRankerPreferences]: Use exernal solver: true
[2019-05-02 20:20:41,475 INFO  L128   ssoRankerPreferences]: SMT solver command: z3 -smt2 -in SMTLIB2_COMPLIANT=true
[2019-05-02 20:20:41,475 INFO  L129   ssoRankerPreferences]: Dump SMT script to file: false
[2019-05-02 20:20:41,475 INFO  L130   ssoRankerPreferences]: Path of dumped script: .
[2019-05-02 20:20:41,475 INFO  L131   ssoRankerPreferences]: Filename of dumped script: LassoRankerScript
[2019-05-02 20:20:41,475 INFO  L132   ssoRankerPreferences]: MapElimAlgo: Frank
[2019-05-02 20:20:41,475 INFO  L282          LassoAnalysis]: Starting lasso preprocessing...
[2019-05-02 20:20:41,476 INFO  L141          MapEliminator]: Using MapEliminator with SimplificationTechnique=SIMPLIFY_DDA XnfConversionTechnique=BOTTOM_UP_WITH_LOCAL_SIMPLIFICATION AddInequalities=false OnlyTrivialImplicationsArrayWrite=false OnlyTrivialImplicationsForModifiedArguments=true OnlyArgumentsInFormula=true
[2019-05-02 20:20:41,536 INFO  L300          LassoAnalysis]: Preprocessing complete.
[2019-05-02 20:20:41,540 INFO  L497          LassoAnalysis]: Using template 'affine'.
No working directory specified, using /home/xuechao/xuechao/work/Lab/Termination/Lasso-Ranker/z3
Starting monitored process 4 with z3 -smt2 -in SMTLIB2_COMPLIANT=true (exit command is (exit), workingDir is null)
Waiting until toolchain timeout for monitored process 4 with z3 -smt2 -in SMTLIB2_COMPLIANT=true
[2019-05-02 20:20:41,542 INFO  L122   nArgumentSynthesizer]: Termination Analysis Settings:
Termination analysis: LINEAR_WITH_GUESSES
Number of strict supporting invariants: 1
Number of non-strict supporting invariants: 0
Consider only non-deceasing supporting invariants: true
Simplify termination arguments: true
Simplify supporting invariants: trueOverapproximate stem: false
[2019-05-02 20:20:41,544 INFO  L339   nArgumentSynthesizer]: Template has degree 0.
[2019-05-02 20:20:41,544 INFO  L352   nArgumentSynthesizer]: There is no stem transition; disabling supporting invariant generation.
[2019-05-02 20:20:41,545 INFO  L205   nArgumentSynthesizer]: 1 stem disjuncts
[2019-05-02 20:20:41,545 INFO  L206   nArgumentSynthesizer]: 1 loop disjuncts
[2019-05-02 20:20:41,545 INFO  L207   nArgumentSynthesizer]: 2 template conjuncts.
[2019-05-02 20:20:41,548 INFO  L402   nArgumentSynthesizer]: We have 2 Motzkin's Theorem applications.
[2019-05-02 20:20:41,548 INFO  L403   nArgumentSynthesizer]: A total of 0 supporting invariants were added.
[2019-05-02 20:20:41,551 INFO  L530          LassoAnalysis]: Proving termination failed for this template and these settings.
[2019-05-02 20:20:41,565 INFO  L497          LassoAnalysis]: Using template '2-nested'.
No working directory specified, using /home/xuechao/xuechao/work/Lab/Termination/Lasso-Ranker/z3
Starting monitored process 5 with z3 -smt2 -in SMTLIB2_COMPLIANT=true (exit command is (exit), workingDir is null)
Waiting until toolchain timeout for monitored process 5 with z3 -smt2 -in SMTLIB2_COMPLIANT=true
[2019-05-02 20:20:41,570 INFO  L122   nArgumentSynthesizer]: Termination Analysis Settings:
Termination analysis: LINEAR_WITH_GUESSES
Number of strict supporting invariants: 1
Number of non-strict supporting invariants: 0
Consider only non-deceasing supporting invariants: true
Simplify termination arguments: true
Simplify supporting invariants: trueOverapproximate stem: false
[2019-05-02 20:20:41,572 INFO  L339   nArgumentSynthesizer]: Template has degree 0.
[2019-05-02 20:20:41,573 INFO  L352   nArgumentSynthesizer]: There is no stem transition; disabling supporting invariant generation.
[2019-05-02 20:20:41,573 INFO  L205   nArgumentSynthesizer]: 1 stem disjuncts
[2019-05-02 20:20:41,573 INFO  L206   nArgumentSynthesizer]: 1 loop disjuncts
[2019-05-02 20:20:41,573 INFO  L207   nArgumentSynthesizer]: 3 template conjuncts.
[2019-05-02 20:20:41,575 INFO  L402   nArgumentSynthesizer]: We have 3 Motzkin's Theorem applications.
[2019-05-02 20:20:41,575 INFO  L403   nArgumentSynthesizer]: A total of 0 supporting invariants were added.
[2019-05-02 20:20:41,577 INFO  L530          LassoAnalysis]: Proving termination failed for this template and these settings.
[2019-05-02 20:20:41,591 INFO  L497          LassoAnalysis]: Using template '3-nested'.
No working directory specified, using /home/xuechao/xuechao/work/Lab/Termination/Lasso-Ranker/z3
Starting monitored process 6 with z3 -smt2 -in SMTLIB2_COMPLIANT=true (exit command is (exit), workingDir is null)
Waiting until toolchain timeout for monitored process 6 with z3 -smt2 -in SMTLIB2_COMPLIANT=true
[2019-05-02 20:20:41,593 INFO  L122   nArgumentSynthesizer]: Termination Analysis Settings:
Termination analysis: LINEAR_WITH_GUESSES
Number of strict supporting invariants: 1
Number of non-strict supporting invariants: 0
Consider only non-deceasing supporting invariants: true
Simplify termination arguments: true
Simplify supporting invariants: trueOverapproximate stem: false
[2019-05-02 20:20:41,595 INFO  L339   nArgumentSynthesizer]: Template has degree 0.
[2019-05-02 20:20:41,595 INFO  L352   nArgumentSynthesizer]: There is no stem transition; disabling supporting invariant generation.
[2019-05-02 20:20:41,596 INFO  L205   nArgumentSynthesizer]: 1 stem disjuncts
[2019-05-02 20:20:41,596 INFO  L206   nArgumentSynthesizer]: 1 loop disjuncts
[2019-05-02 20:20:41,596 INFO  L207   nArgumentSynthesizer]: 4 template conjuncts.
[2019-05-02 20:20:41,600 INFO  L402   nArgumentSynthesizer]: We have 4 Motzkin's Theorem applications.
[2019-05-02 20:20:41,600 INFO  L403   nArgumentSynthesizer]: A total of 0 supporting invariants were added.
[2019-05-02 20:20:41,611 INFO  L530          LassoAnalysis]: Proving termination failed for this template and these settings.
[2019-05-02 20:20:41,624 INFO  L497          LassoAnalysis]: Using template '4-nested'.
No working directory specified, using /home/xuechao/xuechao/work/Lab/Termination/Lasso-Ranker/z3
Starting monitored process 7 with z3 -smt2 -in SMTLIB2_COMPLIANT=true (exit command is (exit), workingDir is null)
[2019-05-02 20:20:41,626 INFO  L122   nArgumentSynthesizer]: Termination Analysis Settings:
Termination analysis: LINEAR_WITH_GUESSES
Number of strict supporting invariants: 1
Number of non-strict supporting invariants: 0
Consider only non-deceasing supporting invariants: true
Simplify termination arguments: true
Simplify supporting invariants: trueOverapproximate stem: false
Waiting until toolchain timeout for monitored process 7 with z3 -smt2 -in SMTLIB2_COMPLIANT=true
[2019-05-02 20:20:41,628 INFO  L339   nArgumentSynthesizer]: Template has degree 0.
[2019-05-02 20:20:41,628 INFO  L352   nArgumentSynthesizer]: There is no stem transition; disabling supporting invariant generation.
[2019-05-02 20:20:41,629 INFO  L205   nArgumentSynthesizer]: 1 stem disjuncts
[2019-05-02 20:20:41,629 INFO  L206   nArgumentSynthesizer]: 1 loop disjuncts
[2019-05-02 20:20:41,629 INFO  L207   nArgumentSynthesizer]: 5 template conjuncts.
[2019-05-02 20:20:41,631 INFO  L402   nArgumentSynthesizer]: We have 5 Motzkin's Theorem applications.
[2019-05-02 20:20:41,631 INFO  L403   nArgumentSynthesizer]: A total of 0 supporting invariants were added.
[2019-05-02 20:20:41,634 INFO  L530          LassoAnalysis]: Proving termination failed for this template and these settings.
[2019-05-02 20:20:41,649 INFO  L497          LassoAnalysis]: Using template '2-phase'.
No working directory specified, using /home/xuechao/xuechao/work/Lab/Termination/Lasso-Ranker/z3
Starting monitored process 8 with z3 -smt2 -in SMTLIB2_COMPLIANT=true (exit command is (exit), workingDir is null)
Waiting until toolchain timeout for monitored process 8 with z3 -smt2 -in SMTLIB2_COMPLIANT=true
[2019-05-02 20:20:41,650 INFO  L122   nArgumentSynthesizer]: Termination Analysis Settings:
Termination analysis: LINEAR_WITH_GUESSES
Number of strict supporting invariants: 1
Number of non-strict supporting invariants: 0
Consider only non-deceasing supporting invariants: true
Simplify termination arguments: true
Simplify supporting invariants: trueOverapproximate stem: false
[2019-05-02 20:20:41,652 WARN  L334   nArgumentSynthesizer]: Using a linear SMT query and a templates of degree > 0, hence this method is incomplete.
[2019-05-02 20:20:41,652 INFO  L339   nArgumentSynthesizer]: Template has degree 1.
[2019-05-02 20:20:41,653 INFO  L352   nArgumentSynthesizer]: There is no stem transition; disabling supporting invariant generation.
[2019-05-02 20:20:41,653 INFO  L205   nArgumentSynthesizer]: 1 stem disjuncts
[2019-05-02 20:20:41,653 INFO  L206   nArgumentSynthesizer]: 1 loop disjuncts
[2019-05-02 20:20:41,653 INFO  L207   nArgumentSynthesizer]: 3 template conjuncts.
[2019-05-02 20:20:41,657 INFO  L402   nArgumentSynthesizer]: We have 3 Motzkin's Theorem applications.
[2019-05-02 20:20:41,657 INFO  L403   nArgumentSynthesizer]: A total of 0 supporting invariants were added.
[2019-05-02 20:20:41,668 INFO  L530          LassoAnalysis]: Proving termination failed for this template and these settings.
[2019-05-02 20:20:41,681 INFO  L497          LassoAnalysis]: Using template 'lex(affine, affine)'.
No working directory specified, using /home/xuechao/xuechao/work/Lab/Termination/Lasso-Ranker/z3
Starting monitored process 9 with z3 -smt2 -in SMTLIB2_COMPLIANT=true (exit command is (exit), workingDir is null)
Waiting until toolchain timeout for monitored process 9 with z3 -smt2 -in SMTLIB2_COMPLIANT=true
[2019-05-02 20:20:41,684 INFO  L122   nArgumentSynthesizer]: Termination Analysis Settings:
Termination analysis: LINEAR_WITH_GUESSES
Number of strict supporting invariants: 1
Number of non-strict supporting invariants: 0
Consider only non-deceasing supporting invariants: true
Simplify termination arguments: true
Simplify supporting invariants: trueOverapproximate stem: false
[2019-05-02 20:20:41,686 WARN  L334   nArgumentSynthesizer]: Using a linear SMT query and a templates of degree > 0, hence this method is incomplete.
[2019-05-02 20:20:41,686 INFO  L339   nArgumentSynthesizer]: Template has degree 5.
[2019-05-02 20:20:41,686 INFO  L352   nArgumentSynthesizer]: There is no stem transition; disabling supporting invariant generation.
[2019-05-02 20:20:41,686 INFO  L205   nArgumentSynthesizer]: 1 stem disjuncts
[2019-05-02 20:20:41,686 INFO  L206   nArgumentSynthesizer]: 1 loop disjuncts
[2019-05-02 20:20:41,686 INFO  L207   nArgumentSynthesizer]: 4 template conjuncts.
[2019-05-02 20:20:41,690 INFO  L402   nArgumentSynthesizer]: We have 4 Motzkin's Theorem applications.
[2019-05-02 20:20:41,690 INFO  L403   nArgumentSynthesizer]: A total of 0 supporting invariants were added.
[2019-05-02 20:20:41,700 INFO  L530          LassoAnalysis]: Proving termination failed for this template and these settings.
[2019-05-02 20:20:41,713 INFO  L497          LassoAnalysis]: Using template '2-piece'.
No working directory specified, using /home/xuechao/xuechao/work/Lab/Termination/Lasso-Ranker/z3
Starting monitored process 10 with z3 -smt2 -in SMTLIB2_COMPLIANT=true (exit command is (exit), workingDir is null)
Waiting until toolchain timeout for monitored process 10 with z3 -smt2 -in SMTLIB2_COMPLIANT=true
[2019-05-02 20:20:41,719 INFO  L122   nArgumentSynthesizer]: Termination Analysis Settings:
Termination analysis: LINEAR_WITH_GUESSES
Number of strict supporting invariants: 1
Number of non-strict supporting invariants: 0
Consider only non-deceasing supporting invariants: true
Simplify termination arguments: true
Simplify supporting invariants: trueOverapproximate stem: false
[2019-05-02 20:20:41,721 WARN  L334   nArgumentSynthesizer]: Using a linear SMT query and a templates of degree > 0, hence this method is incomplete.
[2019-05-02 20:20:41,721 INFO  L339   nArgumentSynthesizer]: Template has degree 7.
[2019-05-02 20:20:41,722 INFO  L352   nArgumentSynthesizer]: There is no stem transition; disabling supporting invariant generation.
[2019-05-02 20:20:41,722 INFO  L205   nArgumentSynthesizer]: 1 stem disjuncts
[2019-05-02 20:20:41,722 INFO  L206   nArgumentSynthesizer]: 1 loop disjuncts
[2019-05-02 20:20:41,722 INFO  L207   nArgumentSynthesizer]: 7 template conjuncts.
[2019-05-02 20:20:41,740 INFO  L402   nArgumentSynthesizer]: We have 7 Motzkin's Theorem applications.
[2019-05-02 20:20:41,741 INFO  L403   nArgumentSynthesizer]: A total of 0 supporting invariants were added.
[2019-05-02 20:20:41,840 INFO  L530          LassoAnalysis]: Proving termination failed for this template and these settings.
[2019-05-02 20:20:41,853 INFO  L497          LassoAnalysis]: Using template '2-parallel'.
No working directory specified, using /home/xuechao/xuechao/work/Lab/Termination/Lasso-Ranker/z3
Starting monitored process 11 with z3 -smt2 -in SMTLIB2_COMPLIANT=true (exit command is (exit), workingDir is null)
Waiting until toolchain timeout for monitored process 11 with z3 -smt2 -in SMTLIB2_COMPLIANT=true
[2019-05-02 20:20:41,855 INFO  L122   nArgumentSynthesizer]: Termination Analysis Settings:
Termination analysis: LINEAR_WITH_GUESSES
Number of strict supporting invariants: 1
Number of non-strict supporting invariants: 0
Consider only non-deceasing supporting invariants: true
Simplify termination arguments: true
Simplify supporting invariants: trueOverapproximate stem: false
[2019-05-02 20:20:41,857 WARN  L334   nArgumentSynthesizer]: Using a linear SMT query and a templates of degree > 0, hence this method is incomplete.
[2019-05-02 20:20:41,857 INFO  L339   nArgumentSynthesizer]: Template has degree 4.
[2019-05-02 20:20:41,857 INFO  L352   nArgumentSynthesizer]: There is no stem transition; disabling supporting invariant generation.
[2019-05-02 20:20:41,857 INFO  L205   nArgumentSynthesizer]: 1 stem disjuncts
[2019-05-02 20:20:41,857 INFO  L206   nArgumentSynthesizer]: 1 loop disjuncts
[2019-05-02 20:20:41,857 INFO  L207   nArgumentSynthesizer]: 6 template conjuncts.
[2019-05-02 20:20:41,862 INFO  L402   nArgumentSynthesizer]: We have 6 Motzkin's Theorem applications.
[2019-05-02 20:20:41,862 INFO  L403   nArgumentSynthesizer]: A total of 0 supporting invariants were added.
[2019-05-02 20:20:41,889 INFO  L530          LassoAnalysis]: Proving termination failed for this template and these settings.
[2019-05-02 20:20:41,905 INFO  L489     LassoRankerStarter]: LassoRanker could not prove termination or nontermination of the given linear lasso program.
Templates: AffineTemplate NestedTemplate NestedTemplate NestedTemplate MultiphaseTemplate ComposedLexicographicTemplate PiecewiseTemplate ParallelTemplate
[2019-05-02 20:20:41,905 INFO  L132        PluginConnector]: ------------------------ END LassoRanker----------------------------
[2019-05-02 20:20:41,906 INFO  L168              Benchmark]: Toolchain (without parser) took 851.76 ms. Allocated memory is still 514.9 MB. Free memory was 477.6 MB in the beginning and 397.1 MB in the end (delta: 80.5 MB). Peak memory consumption was 80.5 MB. Max. memory is 11.5 GB.
[2019-05-02 20:20:41,907 INFO  L168              Benchmark]: Boogie PL CUP Parser took 0.17 ms. Allocated memory is still 514.9 MB. Free memory is still 479.1 MB. There was no memory consumed. Max. memory is 11.5 GB.
[2019-05-02 20:20:41,908 INFO  L168              Benchmark]: Boogie Preprocessor took 29.62 ms. Allocated memory is still 514.9 MB. Free memory was 477.6 MB in the beginning and 475.0 MB in the end (delta: 2.7 MB). Peak memory consumption was 2.7 MB. Max. memory is 11.5 GB.
[2019-05-02 20:20:41,908 INFO  L168              Benchmark]: RCFGBuilder took 132.14 ms. Allocated memory is still 514.9 MB. Free memory was 475.0 MB in the beginning and 466.7 MB in the end (delta: 8.2 MB). Peak memory consumption was 8.2 MB. Max. memory is 11.5 GB.
[2019-05-02 20:20:41,909 INFO  L168              Benchmark]: LassoRanker took 687.69 ms. Allocated memory is still 514.9 MB. Free memory was 465.4 MB in the beginning and 397.1 MB in the end (delta: 68.2 MB). Peak memory consumption was 68.2 MB. Max. memory is 11.5 GB.
[2019-05-02 20:20:41,911 INFO  L336   ainManager$Toolchain]: #######################  End [Toolchain 1] #######################
 --- Results ---
 * Results from de.uni_freiburg.informatik.ultimate.core:
  - StatisticsResult: Toolchain Benchmarks
    Benchmark results are:
 * Boogie PL CUP Parser took 0.17 ms. Allocated memory is still 514.9 MB. Free memory is still 479.1 MB. There was no memory consumed. Max. memory is 11.5 GB.
 * Boogie Preprocessor took 29.62 ms. Allocated memory is still 514.9 MB. Free memory was 477.6 MB in the beginning and 475.0 MB in the end (delta: 2.7 MB). Peak memory consumption was 2.7 MB. Max. memory is 11.5 GB.
 * RCFGBuilder took 132.14 ms. Allocated memory is still 514.9 MB. Free memory was 475.0 MB in the beginning and 466.7 MB in the end (delta: 8.2 MB). Peak memory consumption was 8.2 MB. Max. memory is 11.5 GB.
 * LassoRanker took 687.69 ms. Allocated memory is still 514.9 MB. Free memory was 465.4 MB in the beginning and 397.1 MB in the end (delta: 68.2 MB). Peak memory consumption was 68.2 MB. Max. memory is 11.5 GB.
 * Results from de.uni_freiburg.informatik.ultimate.plugins.analysis.lassoranker:
  - NoResult [Line: 11]: LassoRanker could not prove termination
    LassoRanker could not prove termination or nontermination of the given linear lasso program.
Templates: AffineTemplate NestedTemplate NestedTemplate NestedTemplate MultiphaseTemplate ComposedLexicographicTemplate PiecewiseTemplate ParallelTemplate
RESULT: Ultimate could not prove your program: Toolchain returned no result.
Received shutdown request...
