This is Ultimate 0.1.24-16d85fa
[2019-05-02 20:20:43,427 INFO  L170        SettingsManager]: Resetting all preferences to default values...
[2019-05-02 20:20:43,428 INFO  L174        SettingsManager]: Resetting UltimateCore preferences to default values
[2019-05-02 20:20:43,438 INFO  L177        SettingsManager]: Ultimate Commandline Interface provides no preferences, ignoring...
[2019-05-02 20:20:43,438 INFO  L174        SettingsManager]: Resetting Boogie Preprocessor preferences to default values
[2019-05-02 20:20:43,439 INFO  L174        SettingsManager]: Resetting Boogie Procedure Inliner preferences to default values
[2019-05-02 20:20:43,440 INFO  L174        SettingsManager]: Resetting Abstract Interpretation preferences to default values
[2019-05-02 20:20:43,441 INFO  L174        SettingsManager]: Resetting LassoRanker preferences to default values
[2019-05-02 20:20:43,442 INFO  L174        SettingsManager]: Resetting Reaching Definitions preferences to default values
[2019-05-02 20:20:43,443 INFO  L174        SettingsManager]: Resetting SyntaxChecker preferences to default values
[2019-05-02 20:20:43,444 INFO  L177        SettingsManager]: Büchi Program Product provides no preferences, ignoring...
[2019-05-02 20:20:43,444 INFO  L174        SettingsManager]: Resetting LTL2Aut preferences to default values
[2019-05-02 20:20:43,444 INFO  L174        SettingsManager]: Resetting PEA to Boogie preferences to default values
[2019-05-02 20:20:43,445 INFO  L174        SettingsManager]: Resetting BlockEncodingV2 preferences to default values
[2019-05-02 20:20:43,446 INFO  L174        SettingsManager]: Resetting ChcToBoogie preferences to default values
[2019-05-02 20:20:43,446 INFO  L174        SettingsManager]: Resetting AutomataScriptInterpreter preferences to default values
[2019-05-02 20:20:43,447 INFO  L174        SettingsManager]: Resetting BuchiAutomizer preferences to default values
[2019-05-02 20:20:43,448 INFO  L174        SettingsManager]: Resetting CACSL2BoogieTranslator preferences to default values
[2019-05-02 20:20:43,450 INFO  L174        SettingsManager]: Resetting CodeCheck preferences to default values
[2019-05-02 20:20:43,451 INFO  L174        SettingsManager]: Resetting InvariantSynthesis preferences to default values
[2019-05-02 20:20:43,451 INFO  L174        SettingsManager]: Resetting RCFGBuilder preferences to default values
[2019-05-02 20:20:43,452 INFO  L174        SettingsManager]: Resetting TraceAbstraction preferences to default values
[2019-05-02 20:20:43,454 INFO  L177        SettingsManager]: TraceAbstractionConcurrent provides no preferences, ignoring...
[2019-05-02 20:20:43,454 INFO  L177        SettingsManager]: TraceAbstractionWithAFAs provides no preferences, ignoring...
[2019-05-02 20:20:43,454 INFO  L174        SettingsManager]: Resetting TreeAutomizer preferences to default values
[2019-05-02 20:20:43,455 INFO  L174        SettingsManager]: Resetting IcfgTransformer preferences to default values
[2019-05-02 20:20:43,455 INFO  L174        SettingsManager]: Resetting Boogie Printer preferences to default values
[2019-05-02 20:20:43,456 INFO  L174        SettingsManager]: Resetting ReqPrinter preferences to default values
[2019-05-02 20:20:43,456 INFO  L174        SettingsManager]: Resetting Witness Printer preferences to default values
[2019-05-02 20:20:43,457 INFO  L177        SettingsManager]: Boogie PL CUP Parser provides no preferences, ignoring...
[2019-05-02 20:20:43,457 INFO  L174        SettingsManager]: Resetting CDTParser preferences to default values
[2019-05-02 20:20:43,457 INFO  L177        SettingsManager]: AutomataScriptParser provides no preferences, ignoring...
[2019-05-02 20:20:43,457 INFO  L177        SettingsManager]: ReqParser provides no preferences, ignoring...
[2019-05-02 20:20:43,457 INFO  L174        SettingsManager]: Resetting SmtParser preferences to default values
[2019-05-02 20:20:43,458 INFO  L174        SettingsManager]: Resetting Witness Parser preferences to default values
[2019-05-02 20:20:43,458 INFO  L181        SettingsManager]: Finished resetting all preferences to default values...
[2019-05-02 20:20:43,474 INFO  L81    nceAwareModelManager]: Repository-Root is: /tmp
[2019-05-02 20:20:43,483 INFO  L258   ainManager$Toolchain]: [Toolchain 1]: Applicable parser(s) successfully (re)initialized
[2019-05-02 20:20:43,485 INFO  L214   ainManager$Toolchain]: [Toolchain 1]: Toolchain selected.
[2019-05-02 20:20:43,486 INFO  L271        PluginConnector]: Initializing Boogie PL CUP Parser...
[2019-05-02 20:20:43,487 INFO  L276        PluginConnector]: Boogie PL CUP Parser initialized
[2019-05-02 20:20:43,487 INFO  L418   ainManager$Toolchain]: [Toolchain 1]: Parsing single file: /home/xuechao/xuechao/work/Lab/Termination/Lasso-Ranker/Program_non/87.bpl
[2019-05-02 20:20:43,487 INFO  L111           BoogieParser]: Parsing: '/home/xuechao/xuechao/work/Lab/Termination/Lasso-Ranker/Program_non/87.bpl'
[2019-05-02 20:20:43,513 INFO  L296   ainManager$Toolchain]: ####################### [Toolchain 1] #######################
[2019-05-02 20:20:43,514 INFO  L131        ToolchainWalker]: Walking toolchain with 3 elements.
[2019-05-02 20:20:43,514 INFO  L113        PluginConnector]: ------------------------Boogie Preprocessor----------------------------
[2019-05-02 20:20:43,514 INFO  L271        PluginConnector]: Initializing Boogie Preprocessor...
[2019-05-02 20:20:43,514 INFO  L276        PluginConnector]: Boogie Preprocessor initialized
[2019-05-02 20:20:43,531 INFO  L185        PluginConnector]: Executing the observer EnsureBoogieModelObserver from plugin Boogie Preprocessor for "87.bpl de.uni_freiburg.informatik.ultimate.boogie.parser AST 02.05 08:20:43" (1/1) ...
[2019-05-02 20:20:43,532 INFO  L185        PluginConnector]: Executing the observer TypeChecker from plugin Boogie Preprocessor for "87.bpl de.uni_freiburg.informatik.ultimate.boogie.parser AST 02.05 08:20:43" (1/1) ...
[2019-05-02 20:20:43,535 INFO  L185        PluginConnector]: Executing the observer ConstExpander from plugin Boogie Preprocessor for "87.bpl de.uni_freiburg.informatik.ultimate.boogie.parser AST 02.05 08:20:43" (1/1) ...
[2019-05-02 20:20:43,536 INFO  L185        PluginConnector]: Executing the observer StructExpander from plugin Boogie Preprocessor for "87.bpl de.uni_freiburg.informatik.ultimate.boogie.parser AST 02.05 08:20:43" (1/1) ...
[2019-05-02 20:20:43,536 INFO  L185        PluginConnector]: Executing the observer UnstructureCode from plugin Boogie Preprocessor for "87.bpl de.uni_freiburg.informatik.ultimate.boogie.parser AST 02.05 08:20:43" (1/1) ...
[2019-05-02 20:20:43,539 INFO  L185        PluginConnector]: Executing the observer FunctionInliner from plugin Boogie Preprocessor for "87.bpl de.uni_freiburg.informatik.ultimate.boogie.parser AST 02.05 08:20:43" (1/1) ...
[2019-05-02 20:20:43,540 INFO  L185        PluginConnector]: Executing the observer BoogieSymbolTableConstructor from plugin Boogie Preprocessor for "87.bpl de.uni_freiburg.informatik.ultimate.boogie.parser AST 02.05 08:20:43" (1/1) ...
[2019-05-02 20:20:43,541 INFO  L132        PluginConnector]: ------------------------ END Boogie Preprocessor----------------------------
[2019-05-02 20:20:43,542 INFO  L113        PluginConnector]: ------------------------RCFGBuilder----------------------------
[2019-05-02 20:20:43,542 INFO  L271        PluginConnector]: Initializing RCFGBuilder...
[2019-05-02 20:20:43,542 INFO  L276        PluginConnector]: RCFGBuilder initialized
[2019-05-02 20:20:43,542 INFO  L185        PluginConnector]: Executing the observer RCFGBuilderObserver from plugin RCFGBuilder for "87.bpl de.uni_freiburg.informatik.ultimate.boogie.parser AST 02.05 08:20:43" (1/1) ...
No working directory specified, using /home/xuechao/xuechao/work/Lab/Termination/Lasso-Ranker/z3
Starting monitored process 1 with z3 SMTLIB2_COMPLIANT=true -memory:1024 -smt2 -in -t:12000 (exit command is (exit), workingDir is null)
Waiting until toolchain timeout for monitored process 1 with z3 SMTLIB2_COMPLIANT=true -memory:1024 -smt2 -in -t:12000
[2019-05-02 20:20:43,585 INFO  L124     BoogieDeclarations]: Specification and implementation of procedure NonTerminationSimple given in one single declaration
[2019-05-02 20:20:43,586 INFO  L130     BoogieDeclarations]: Found specification of procedure NonTerminationSimple
[2019-05-02 20:20:43,586 INFO  L138     BoogieDeclarations]: Found implementation of procedure NonTerminationSimple
[2019-05-02 20:20:43,656 INFO  L278             CfgBuilder]: Using library mode
[2019-05-02 20:20:43,657 INFO  L286             CfgBuilder]: Removed 1 assue(true) statements.
[2019-05-02 20:20:43,657 INFO  L202        PluginConnector]: Adding new model 87.bpl de.uni_freiburg.informatik.ultimate.plugins.generator.rcfgbuilder CFG 02.05 08:20:43 BoogieIcfgContainer
[2019-05-02 20:20:43,658 INFO  L132        PluginConnector]: ------------------------ END RCFGBuilder----------------------------
[2019-05-02 20:20:43,658 INFO  L113        PluginConnector]: ------------------------LassoRanker----------------------------
[2019-05-02 20:20:43,658 INFO  L271        PluginConnector]: Initializing LassoRanker...
[2019-05-02 20:20:43,658 INFO  L276        PluginConnector]: LassoRanker initialized
[2019-05-02 20:20:43,659 INFO  L185        PluginConnector]: Executing the observer LassoRankerObserver from plugin LassoRanker for "87.bpl de.uni_freiburg.informatik.ultimate.plugins.generator.rcfgbuilder CFG 02.05 08:20:43" (1/1) ...
[2019-05-02 20:20:43,680 INFO  L72            BuchiIsEmpty]: Start buchiIsEmpty. Operand 2 states.
[2019-05-02 20:20:43,696 INFO  L131   ngComponentsAnalysis]: Automaton has 1 accepting balls. 1
[2019-05-02 20:20:43,697 INFO  L87            BuchiIsEmpty]: Finished buchiIsEmpty Result is false
[2019-05-02 20:20:43,697 INFO  L119           BuchiIsEmpty]: Starting construction of run
[2019-05-02 20:20:43,702 INFO  L104     BuchiDifferenceFKV]: Start buchiDifferenceFKV. First operand 2 states. Second operand 1 states.
[2019-05-02 20:20:43,711 INFO  L108     BuchiDifferenceFKV]: Finished buchiDifferenceFKV. First operand 2 states. Second operand 1 states. Result 3 states and 4 transitions. Complement of second has 2 states 2 powerset states0 rank states. The highest rank that occured is -1
[2019-05-02 20:20:43,711 INFO  L72            BuchiIsEmpty]: Start buchiIsEmpty. Operand 3 states and 4 transitions.
[2019-05-02 20:20:43,711 INFO  L131   ngComponentsAnalysis]: Automaton has 0 accepting balls. 0
[2019-05-02 20:20:43,711 INFO  L87            BuchiIsEmpty]: Finished buchiIsEmpty Result is true
[2019-05-02 20:20:43,732 INFO  L216          LassoAnalysis]: Preferences:
[2019-05-02 20:20:43,733 INFO  L124   ssoRankerPreferences]: Compute integeral hull: false
[2019-05-02 20:20:43,734 INFO  L125   ssoRankerPreferences]: Enable LassoPartitioneer: true
[2019-05-02 20:20:43,734 INFO  L126   ssoRankerPreferences]: Term annotations enabled: false
[2019-05-02 20:20:43,734 INFO  L127   ssoRankerPreferences]: Use exernal solver: true
[2019-05-02 20:20:43,734 INFO  L128   ssoRankerPreferences]: SMT solver command: z3 -smt2 -in SMTLIB2_COMPLIANT=true
[2019-05-02 20:20:43,734 INFO  L129   ssoRankerPreferences]: Dump SMT script to file: false
[2019-05-02 20:20:43,734 INFO  L130   ssoRankerPreferences]: Path of dumped script: .
[2019-05-02 20:20:43,734 INFO  L131   ssoRankerPreferences]: Filename of dumped script: LassoRankerScript
[2019-05-02 20:20:43,734 INFO  L132   ssoRankerPreferences]: MapElimAlgo: Frank
[2019-05-02 20:20:43,735 INFO  L282          LassoAnalysis]: Starting lasso preprocessing...
[2019-05-02 20:20:43,747 INFO  L300          LassoAnalysis]: Preprocessing complete.
[2019-05-02 20:20:43,748 INFO  L412          LassoAnalysis]: Checking for nontermination...
No working directory specified, using /home/xuechao/xuechao/work/Lab/Termination/Lasso-Ranker/z3
Starting monitored process 2 with z3 -smt2 -in SMTLIB2_COMPLIANT=true (exit command is (exit), workingDir is null)
Waiting until toolchain timeout for monitored process 2 with z3 -smt2 -in SMTLIB2_COMPLIANT=true
[2019-05-02 20:20:43,754 INFO  L151   nArgumentSynthesizer]: Nontermination analysis: LINEAR_WITH_GUESSES Allow bounded executions: true Number of generalized eigenvectors: 0 Nilpotent components: true
[2019-05-02 20:20:43,759 INFO  L445          LassoAnalysis]: Proved nontermination for one component.
[2019-05-02 20:20:43,759 INFO  L448          LassoAnalysis]: Non-Termination argument consisting of: Initial state: {} Honda state: {} Generalized eigenvectors: [] Lambdas: [] Nus: []
[2019-05-02 20:20:43,779 INFO  L132        PluginConnector]: ------------------------ END LassoRanker----------------------------
[2019-05-02 20:20:43,780 INFO  L168              Benchmark]: Toolchain (without parser) took 266.61 ms. Allocated memory is still 514.9 MB. Free memory was 477.6 MB in the beginning and 454.0 MB in the end (delta: 23.6 MB). Peak memory consumption was 23.6 MB. Max. memory is 11.5 GB.
[2019-05-02 20:20:43,781 INFO  L168              Benchmark]: Boogie PL CUP Parser took 0.11 ms. Allocated memory is still 514.9 MB. Free memory is still 479.1 MB. There was no memory consumed. Max. memory is 11.5 GB.
[2019-05-02 20:20:43,782 INFO  L168              Benchmark]: Boogie Preprocessor took 27.16 ms. Allocated memory is still 514.9 MB. Free memory was 477.6 MB in the beginning and 476.3 MB in the end (delta: 1.3 MB). Peak memory consumption was 1.3 MB. Max. memory is 11.5 GB.
[2019-05-02 20:20:43,782 INFO  L168              Benchmark]: RCFGBuilder took 116.12 ms. Allocated memory is still 514.9 MB. Free memory was 476.3 MB in the beginning and 466.8 MB in the end (delta: 9.5 MB). Peak memory consumption was 9.5 MB. Max. memory is 11.5 GB.
[2019-05-02 20:20:43,783 INFO  L168              Benchmark]: LassoRanker took 121.17 ms. Allocated memory is still 514.9 MB. Free memory was 466.8 MB in the beginning and 454.0 MB in the end (delta: 12.8 MB). Peak memory consumption was 12.8 MB. Max. memory is 11.5 GB.
[2019-05-02 20:20:43,786 INFO  L336   ainManager$Toolchain]: #######################  End [Toolchain 1] #######################
 --- Results ---
 * Results from de.uni_freiburg.informatik.ultimate.core:
  - StatisticsResult: Toolchain Benchmarks
    Benchmark results are:
 * Boogie PL CUP Parser took 0.11 ms. Allocated memory is still 514.9 MB. Free memory is still 479.1 MB. There was no memory consumed. Max. memory is 11.5 GB.
 * Boogie Preprocessor took 27.16 ms. Allocated memory is still 514.9 MB. Free memory was 477.6 MB in the beginning and 476.3 MB in the end (delta: 1.3 MB). Peak memory consumption was 1.3 MB. Max. memory is 11.5 GB.
 * RCFGBuilder took 116.12 ms. Allocated memory is still 514.9 MB. Free memory was 476.3 MB in the beginning and 466.8 MB in the end (delta: 9.5 MB). Peak memory consumption was 9.5 MB. Max. memory is 11.5 GB.
 * LassoRanker took 121.17 ms. Allocated memory is still 514.9 MB. Free memory was 466.8 MB in the beginning and 454.0 MB in the end (delta: 12.8 MB). Peak memory consumption was 12.8 MB. Max. memory is 11.5 GB.
 * Results from de.uni_freiburg.informatik.ultimate.plugins.analysis.lassoranker:
  - StatisticsResult: NonterminationArgumentStatistics
    Fixpoint 0GEVs Lambdas: [] Mus: []
  - GeometricNonTerminationArgumentResult [Line: 9]: Nontermination argument in form of an infinite program execution.
    Nontermination argument in form of an infinite execution
State at position 0 is
{}
State at position 1 is
{}
For i>1, the state at position i is
{}
RESULT: Ultimate could not prove your program: Toolchain returned no result.
Received shutdown request...
