This is Ultimate 0.1.24-16d85fa
[2019-05-02 20:21:48,563 INFO  L170        SettingsManager]: Resetting all preferences to default values...
[2019-05-02 20:21:48,564 INFO  L174        SettingsManager]: Resetting UltimateCore preferences to default values
[2019-05-02 20:21:48,574 INFO  L177        SettingsManager]: Ultimate Commandline Interface provides no preferences, ignoring...
[2019-05-02 20:21:48,574 INFO  L174        SettingsManager]: Resetting Boogie Preprocessor preferences to default values
[2019-05-02 20:21:48,575 INFO  L174        SettingsManager]: Resetting Boogie Procedure Inliner preferences to default values
[2019-05-02 20:21:48,576 INFO  L174        SettingsManager]: Resetting Abstract Interpretation preferences to default values
[2019-05-02 20:21:48,577 INFO  L174        SettingsManager]: Resetting LassoRanker preferences to default values
[2019-05-02 20:21:48,578 INFO  L174        SettingsManager]: Resetting Reaching Definitions preferences to default values
[2019-05-02 20:21:48,579 INFO  L174        SettingsManager]: Resetting SyntaxChecker preferences to default values
[2019-05-02 20:21:48,579 INFO  L177        SettingsManager]: Büchi Program Product provides no preferences, ignoring...
[2019-05-02 20:21:48,580 INFO  L174        SettingsManager]: Resetting LTL2Aut preferences to default values
[2019-05-02 20:21:48,580 INFO  L174        SettingsManager]: Resetting PEA to Boogie preferences to default values
[2019-05-02 20:21:48,581 INFO  L174        SettingsManager]: Resetting BlockEncodingV2 preferences to default values
[2019-05-02 20:21:48,582 INFO  L174        SettingsManager]: Resetting ChcToBoogie preferences to default values
[2019-05-02 20:21:48,582 INFO  L174        SettingsManager]: Resetting AutomataScriptInterpreter preferences to default values
[2019-05-02 20:21:48,583 INFO  L174        SettingsManager]: Resetting BuchiAutomizer preferences to default values
[2019-05-02 20:21:48,584 INFO  L174        SettingsManager]: Resetting CACSL2BoogieTranslator preferences to default values
[2019-05-02 20:21:48,585 INFO  L174        SettingsManager]: Resetting CodeCheck preferences to default values
[2019-05-02 20:21:48,586 INFO  L174        SettingsManager]: Resetting InvariantSynthesis preferences to default values
[2019-05-02 20:21:48,587 INFO  L174        SettingsManager]: Resetting RCFGBuilder preferences to default values
[2019-05-02 20:21:48,588 INFO  L174        SettingsManager]: Resetting TraceAbstraction preferences to default values
[2019-05-02 20:21:48,589 INFO  L177        SettingsManager]: TraceAbstractionConcurrent provides no preferences, ignoring...
[2019-05-02 20:21:48,590 INFO  L177        SettingsManager]: TraceAbstractionWithAFAs provides no preferences, ignoring...
[2019-05-02 20:21:48,590 INFO  L174        SettingsManager]: Resetting TreeAutomizer preferences to default values
[2019-05-02 20:21:48,590 INFO  L174        SettingsManager]: Resetting IcfgTransformer preferences to default values
[2019-05-02 20:21:48,591 INFO  L174        SettingsManager]: Resetting Boogie Printer preferences to default values
[2019-05-02 20:21:48,591 INFO  L174        SettingsManager]: Resetting ReqPrinter preferences to default values
[2019-05-02 20:21:48,592 INFO  L174        SettingsManager]: Resetting Witness Printer preferences to default values
[2019-05-02 20:21:48,592 INFO  L177        SettingsManager]: Boogie PL CUP Parser provides no preferences, ignoring...
[2019-05-02 20:21:48,593 INFO  L174        SettingsManager]: Resetting CDTParser preferences to default values
[2019-05-02 20:21:48,593 INFO  L177        SettingsManager]: AutomataScriptParser provides no preferences, ignoring...
[2019-05-02 20:21:48,593 INFO  L177        SettingsManager]: ReqParser provides no preferences, ignoring...
[2019-05-02 20:21:48,593 INFO  L174        SettingsManager]: Resetting SmtParser preferences to default values
[2019-05-02 20:21:48,594 INFO  L174        SettingsManager]: Resetting Witness Parser preferences to default values
[2019-05-02 20:21:48,594 INFO  L181        SettingsManager]: Finished resetting all preferences to default values...
[2019-05-02 20:21:48,610 INFO  L81    nceAwareModelManager]: Repository-Root is: /tmp
[2019-05-02 20:21:48,618 INFO  L258   ainManager$Toolchain]: [Toolchain 1]: Applicable parser(s) successfully (re)initialized
[2019-05-02 20:21:48,620 INFO  L214   ainManager$Toolchain]: [Toolchain 1]: Toolchain selected.
[2019-05-02 20:21:48,621 INFO  L271        PluginConnector]: Initializing Boogie PL CUP Parser...
[2019-05-02 20:21:48,621 INFO  L276        PluginConnector]: Boogie PL CUP Parser initialized
[2019-05-02 20:21:48,622 INFO  L418   ainManager$Toolchain]: [Toolchain 1]: Parsing single file: /home/xuechao/xuechao/work/Lab/Termination/Lasso-Ranker/Program_non/9.bpl
[2019-05-02 20:21:48,622 INFO  L111           BoogieParser]: Parsing: '/home/xuechao/xuechao/work/Lab/Termination/Lasso-Ranker/Program_non/9.bpl'
[2019-05-02 20:21:48,643 INFO  L296   ainManager$Toolchain]: ####################### [Toolchain 1] #######################
[2019-05-02 20:21:48,644 INFO  L131        ToolchainWalker]: Walking toolchain with 3 elements.
[2019-05-02 20:21:48,645 INFO  L113        PluginConnector]: ------------------------Boogie Preprocessor----------------------------
[2019-05-02 20:21:48,645 INFO  L271        PluginConnector]: Initializing Boogie Preprocessor...
[2019-05-02 20:21:48,645 INFO  L276        PluginConnector]: Boogie Preprocessor initialized
[2019-05-02 20:21:48,661 INFO  L185        PluginConnector]: Executing the observer EnsureBoogieModelObserver from plugin Boogie Preprocessor for "9.bpl de.uni_freiburg.informatik.ultimate.boogie.parser AST 02.05 08:21:48" (1/1) ...
[2019-05-02 20:21:48,662 INFO  L185        PluginConnector]: Executing the observer TypeChecker from plugin Boogie Preprocessor for "9.bpl de.uni_freiburg.informatik.ultimate.boogie.parser AST 02.05 08:21:48" (1/1) ...
[2019-05-02 20:21:48,667 INFO  L185        PluginConnector]: Executing the observer ConstExpander from plugin Boogie Preprocessor for "9.bpl de.uni_freiburg.informatik.ultimate.boogie.parser AST 02.05 08:21:48" (1/1) ...
[2019-05-02 20:21:48,667 INFO  L185        PluginConnector]: Executing the observer StructExpander from plugin Boogie Preprocessor for "9.bpl de.uni_freiburg.informatik.ultimate.boogie.parser AST 02.05 08:21:48" (1/1) ...
[2019-05-02 20:21:48,668 INFO  L185        PluginConnector]: Executing the observer UnstructureCode from plugin Boogie Preprocessor for "9.bpl de.uni_freiburg.informatik.ultimate.boogie.parser AST 02.05 08:21:48" (1/1) ...
[2019-05-02 20:21:48,671 INFO  L185        PluginConnector]: Executing the observer FunctionInliner from plugin Boogie Preprocessor for "9.bpl de.uni_freiburg.informatik.ultimate.boogie.parser AST 02.05 08:21:48" (1/1) ...
[2019-05-02 20:21:48,672 INFO  L185        PluginConnector]: Executing the observer BoogieSymbolTableConstructor from plugin Boogie Preprocessor for "9.bpl de.uni_freiburg.informatik.ultimate.boogie.parser AST 02.05 08:21:48" (1/1) ...
[2019-05-02 20:21:48,672 INFO  L132        PluginConnector]: ------------------------ END Boogie Preprocessor----------------------------
[2019-05-02 20:21:48,673 INFO  L113        PluginConnector]: ------------------------RCFGBuilder----------------------------
[2019-05-02 20:21:48,673 INFO  L271        PluginConnector]: Initializing RCFGBuilder...
[2019-05-02 20:21:48,673 INFO  L276        PluginConnector]: RCFGBuilder initialized
[2019-05-02 20:21:48,674 INFO  L185        PluginConnector]: Executing the observer RCFGBuilderObserver from plugin RCFGBuilder for "9.bpl de.uni_freiburg.informatik.ultimate.boogie.parser AST 02.05 08:21:48" (1/1) ...
No working directory specified, using /home/xuechao/xuechao/work/Lab/Termination/Lasso-Ranker/z3
Starting monitored process 1 with z3 SMTLIB2_COMPLIANT=true -memory:1024 -smt2 -in -t:12000 (exit command is (exit), workingDir is null)
Waiting until toolchain timeout for monitored process 1 with z3 SMTLIB2_COMPLIANT=true -memory:1024 -smt2 -in -t:12000
[2019-05-02 20:21:48,713 INFO  L124     BoogieDeclarations]: Specification and implementation of procedure Bangalore given in one single declaration
[2019-05-02 20:21:48,713 INFO  L130     BoogieDeclarations]: Found specification of procedure Bangalore
[2019-05-02 20:21:48,713 INFO  L138     BoogieDeclarations]: Found implementation of procedure Bangalore
[2019-05-02 20:21:48,788 INFO  L278             CfgBuilder]: Using library mode
[2019-05-02 20:21:48,788 INFO  L286             CfgBuilder]: Removed 0 assue(true) statements.
[2019-05-02 20:21:48,789 INFO  L202        PluginConnector]: Adding new model 9.bpl de.uni_freiburg.informatik.ultimate.plugins.generator.rcfgbuilder CFG 02.05 08:21:48 BoogieIcfgContainer
[2019-05-02 20:21:48,789 INFO  L132        PluginConnector]: ------------------------ END RCFGBuilder----------------------------
[2019-05-02 20:21:48,789 INFO  L113        PluginConnector]: ------------------------LassoRanker----------------------------
[2019-05-02 20:21:48,789 INFO  L271        PluginConnector]: Initializing LassoRanker...
[2019-05-02 20:21:48,789 INFO  L276        PluginConnector]: LassoRanker initialized
[2019-05-02 20:21:48,790 INFO  L185        PluginConnector]: Executing the observer LassoRankerObserver from plugin LassoRanker for "9.bpl de.uni_freiburg.informatik.ultimate.plugins.generator.rcfgbuilder CFG 02.05 08:21:48" (1/1) ...
[2019-05-02 20:21:48,812 INFO  L72            BuchiIsEmpty]: Start buchiIsEmpty. Operand 2 states.
[2019-05-02 20:21:48,827 INFO  L131   ngComponentsAnalysis]: Automaton has 1 accepting balls. 1
[2019-05-02 20:21:48,827 INFO  L87            BuchiIsEmpty]: Finished buchiIsEmpty Result is false
[2019-05-02 20:21:48,827 INFO  L119           BuchiIsEmpty]: Starting construction of run
[2019-05-02 20:21:48,833 INFO  L104     BuchiDifferenceFKV]: Start buchiDifferenceFKV. First operand 2 states. Second operand 1 states.
[2019-05-02 20:21:48,841 INFO  L108     BuchiDifferenceFKV]: Finished buchiDifferenceFKV. First operand 2 states. Second operand 1 states. Result 3 states and 4 transitions. Complement of second has 2 states 2 powerset states0 rank states. The highest rank that occured is -1
[2019-05-02 20:21:48,841 INFO  L72            BuchiIsEmpty]: Start buchiIsEmpty. Operand 3 states and 4 transitions.
[2019-05-02 20:21:48,842 INFO  L131   ngComponentsAnalysis]: Automaton has 0 accepting balls. 0
[2019-05-02 20:21:48,842 INFO  L87            BuchiIsEmpty]: Finished buchiIsEmpty Result is true
[2019-05-02 20:21:48,890 INFO  L216          LassoAnalysis]: Preferences:
[2019-05-02 20:21:48,891 INFO  L124   ssoRankerPreferences]: Compute integeral hull: false
[2019-05-02 20:21:48,891 INFO  L125   ssoRankerPreferences]: Enable LassoPartitioneer: true
[2019-05-02 20:21:48,891 INFO  L126   ssoRankerPreferences]: Term annotations enabled: false
[2019-05-02 20:21:48,891 INFO  L127   ssoRankerPreferences]: Use exernal solver: true
[2019-05-02 20:21:48,891 INFO  L128   ssoRankerPreferences]: SMT solver command: z3 -smt2 -in SMTLIB2_COMPLIANT=true
[2019-05-02 20:21:48,891 INFO  L129   ssoRankerPreferences]: Dump SMT script to file: false
[2019-05-02 20:21:48,891 INFO  L130   ssoRankerPreferences]: Path of dumped script: .
[2019-05-02 20:21:48,891 INFO  L131   ssoRankerPreferences]: Filename of dumped script: LassoRankerScript
[2019-05-02 20:21:48,892 INFO  L132   ssoRankerPreferences]: MapElimAlgo: Frank
[2019-05-02 20:21:48,892 INFO  L282          LassoAnalysis]: Starting lasso preprocessing...
[2019-05-02 20:21:48,907 INFO  L141          MapEliminator]: Using MapEliminator with SimplificationTechnique=SIMPLIFY_DDA XnfConversionTechnique=BOTTOM_UP_WITH_LOCAL_SIMPLIFICATION AddInequalities=false OnlyTrivialImplicationsArrayWrite=false OnlyTrivialImplicationsForModifiedArguments=true OnlyArgumentsInFormula=true
[2019-05-02 20:21:48,967 INFO  L300          LassoAnalysis]: Preprocessing complete.
[2019-05-02 20:21:48,967 INFO  L412          LassoAnalysis]: Checking for nontermination...
No working directory specified, using /home/xuechao/xuechao/work/Lab/Termination/Lasso-Ranker/z3
Starting monitored process 2 with z3 -smt2 -in SMTLIB2_COMPLIANT=true (exit command is (exit), workingDir is null)
Waiting until toolchain timeout for monitored process 2 with z3 -smt2 -in SMTLIB2_COMPLIANT=true
[2019-05-02 20:21:48,973 INFO  L151   nArgumentSynthesizer]: Nontermination analysis: LINEAR_WITH_GUESSES Allow bounded executions: true Number of generalized eigenvectors: 0 Nilpotent components: true
[2019-05-02 20:21:48,973 INFO  L163   nArgumentSynthesizer]: Using integer mode.
[2019-05-02 20:21:48,995 INFO  L445          LassoAnalysis]: Proved nontermination for one component.
[2019-05-02 20:21:48,996 INFO  L448          LassoAnalysis]: Non-Termination argument consisting of: Initial state: {Bangalore_y=0, Bangalore_x=0} Honda state: {Bangalore_y=0, Bangalore_x=0} Generalized eigenvectors: [] Lambdas: [] Nus: []
[2019-05-02 20:21:49,008 INFO  L132        PluginConnector]: ------------------------ END LassoRanker----------------------------
[2019-05-02 20:21:49,009 INFO  L168              Benchmark]: Toolchain (without parser) took 364.99 ms. Allocated memory is still 514.9 MB. Free memory was 477.8 MB in the beginning and 450.0 MB in the end (delta: 27.8 MB). Peak memory consumption was 27.8 MB. Max. memory is 11.5 GB.
[2019-05-02 20:21:49,010 INFO  L168              Benchmark]: Boogie PL CUP Parser took 0.13 ms. Allocated memory is still 514.9 MB. Free memory is still 479.3 MB. There was no memory consumed. Max. memory is 11.5 GB.
[2019-05-02 20:21:49,011 INFO  L168              Benchmark]: Boogie Preprocessor took 27.93 ms. Allocated memory is still 514.9 MB. Free memory was 477.8 MB in the beginning and 475.1 MB in the end (delta: 2.7 MB). Peak memory consumption was 2.7 MB. Max. memory is 11.5 GB.
[2019-05-02 20:21:49,011 INFO  L168              Benchmark]: RCFGBuilder took 115.90 ms. Allocated memory is still 514.9 MB. Free memory was 475.1 MB in the beginning and 466.2 MB in the end (delta: 8.9 MB). Peak memory consumption was 8.9 MB. Max. memory is 11.5 GB.
[2019-05-02 20:21:49,012 INFO  L168              Benchmark]: LassoRanker took 218.87 ms. Allocated memory is still 514.9 MB. Free memory was 466.2 MB in the beginning and 450.0 MB in the end (delta: 16.2 MB). Peak memory consumption was 16.2 MB. Max. memory is 11.5 GB.
[2019-05-02 20:21:49,015 INFO  L336   ainManager$Toolchain]: #######################  End [Toolchain 1] #######################
 --- Results ---
 * Results from de.uni_freiburg.informatik.ultimate.core:
  - StatisticsResult: Toolchain Benchmarks
    Benchmark results are:
 * Boogie PL CUP Parser took 0.13 ms. Allocated memory is still 514.9 MB. Free memory is still 479.3 MB. There was no memory consumed. Max. memory is 11.5 GB.
 * Boogie Preprocessor took 27.93 ms. Allocated memory is still 514.9 MB. Free memory was 477.8 MB in the beginning and 475.1 MB in the end (delta: 2.7 MB). Peak memory consumption was 2.7 MB. Max. memory is 11.5 GB.
 * RCFGBuilder took 115.90 ms. Allocated memory is still 514.9 MB. Free memory was 475.1 MB in the beginning and 466.2 MB in the end (delta: 8.9 MB). Peak memory consumption was 8.9 MB. Max. memory is 11.5 GB.
 * LassoRanker took 218.87 ms. Allocated memory is still 514.9 MB. Free memory was 466.2 MB in the beginning and 450.0 MB in the end (delta: 16.2 MB). Peak memory consumption was 16.2 MB. Max. memory is 11.5 GB.
 * Results from de.uni_freiburg.informatik.ultimate.plugins.analysis.lassoranker:
  - StatisticsResult: NonterminationArgumentStatistics
    Fixpoint 0GEVs Lambdas: [] Mus: []
  - GeometricNonTerminationArgumentResult [Line: 13]: Nontermination argument in form of an infinite program execution.
    Nontermination argument in form of an infinite execution
State at position 0 is
{x=0, y=0}
State at position 1 is
{x=0, y=0}
For i>1, the state at position i is
{x=0 + sum_{k=0}^i 0, y=0 + sum_{k=0}^i 0}
RESULT: Ultimate could not prove your program: Toolchain returned no result.
Received shutdown request...
