This is Ultimate 0.1.24-16d85fa
[2019-05-02 20:20:54,127 INFO  L170        SettingsManager]: Resetting all preferences to default values...
[2019-05-02 20:20:54,128 INFO  L174        SettingsManager]: Resetting UltimateCore preferences to default values
[2019-05-02 20:20:54,138 INFO  L177        SettingsManager]: Ultimate Commandline Interface provides no preferences, ignoring...
[2019-05-02 20:20:54,138 INFO  L174        SettingsManager]: Resetting Boogie Preprocessor preferences to default values
[2019-05-02 20:20:54,139 INFO  L174        SettingsManager]: Resetting Boogie Procedure Inliner preferences to default values
[2019-05-02 20:20:54,139 INFO  L174        SettingsManager]: Resetting Abstract Interpretation preferences to default values
[2019-05-02 20:20:54,141 INFO  L174        SettingsManager]: Resetting LassoRanker preferences to default values
[2019-05-02 20:20:54,142 INFO  L174        SettingsManager]: Resetting Reaching Definitions preferences to default values
[2019-05-02 20:20:54,144 INFO  L174        SettingsManager]: Resetting SyntaxChecker preferences to default values
[2019-05-02 20:20:54,144 INFO  L177        SettingsManager]: Büchi Program Product provides no preferences, ignoring...
[2019-05-02 20:20:54,145 INFO  L174        SettingsManager]: Resetting LTL2Aut preferences to default values
[2019-05-02 20:20:54,146 INFO  L174        SettingsManager]: Resetting PEA to Boogie preferences to default values
[2019-05-02 20:20:54,147 INFO  L174        SettingsManager]: Resetting BlockEncodingV2 preferences to default values
[2019-05-02 20:20:54,148 INFO  L174        SettingsManager]: Resetting ChcToBoogie preferences to default values
[2019-05-02 20:20:54,148 INFO  L174        SettingsManager]: Resetting AutomataScriptInterpreter preferences to default values
[2019-05-02 20:20:54,149 INFO  L174        SettingsManager]: Resetting BuchiAutomizer preferences to default values
[2019-05-02 20:20:54,150 INFO  L174        SettingsManager]: Resetting CACSL2BoogieTranslator preferences to default values
[2019-05-02 20:20:54,151 INFO  L174        SettingsManager]: Resetting CodeCheck preferences to default values
[2019-05-02 20:20:54,152 INFO  L174        SettingsManager]: Resetting InvariantSynthesis preferences to default values
[2019-05-02 20:20:54,153 INFO  L174        SettingsManager]: Resetting RCFGBuilder preferences to default values
[2019-05-02 20:20:54,154 INFO  L174        SettingsManager]: Resetting TraceAbstraction preferences to default values
[2019-05-02 20:20:54,156 INFO  L177        SettingsManager]: TraceAbstractionConcurrent provides no preferences, ignoring...
[2019-05-02 20:20:54,156 INFO  L177        SettingsManager]: TraceAbstractionWithAFAs provides no preferences, ignoring...
[2019-05-02 20:20:54,156 INFO  L174        SettingsManager]: Resetting TreeAutomizer preferences to default values
[2019-05-02 20:20:54,157 INFO  L174        SettingsManager]: Resetting IcfgTransformer preferences to default values
[2019-05-02 20:20:54,157 INFO  L174        SettingsManager]: Resetting Boogie Printer preferences to default values
[2019-05-02 20:20:54,158 INFO  L174        SettingsManager]: Resetting ReqPrinter preferences to default values
[2019-05-02 20:20:54,158 INFO  L174        SettingsManager]: Resetting Witness Printer preferences to default values
[2019-05-02 20:20:54,159 INFO  L177        SettingsManager]: Boogie PL CUP Parser provides no preferences, ignoring...
[2019-05-02 20:20:54,159 INFO  L174        SettingsManager]: Resetting CDTParser preferences to default values
[2019-05-02 20:20:54,160 INFO  L177        SettingsManager]: AutomataScriptParser provides no preferences, ignoring...
[2019-05-02 20:20:54,160 INFO  L177        SettingsManager]: ReqParser provides no preferences, ignoring...
[2019-05-02 20:20:54,160 INFO  L174        SettingsManager]: Resetting SmtParser preferences to default values
[2019-05-02 20:20:54,161 INFO  L174        SettingsManager]: Resetting Witness Parser preferences to default values
[2019-05-02 20:20:54,161 INFO  L181        SettingsManager]: Finished resetting all preferences to default values...
[2019-05-02 20:20:54,177 INFO  L81    nceAwareModelManager]: Repository-Root is: /tmp
[2019-05-02 20:20:54,188 INFO  L258   ainManager$Toolchain]: [Toolchain 1]: Applicable parser(s) successfully (re)initialized
[2019-05-02 20:20:54,192 INFO  L214   ainManager$Toolchain]: [Toolchain 1]: Toolchain selected.
[2019-05-02 20:20:54,193 INFO  L271        PluginConnector]: Initializing Boogie PL CUP Parser...
[2019-05-02 20:20:54,194 INFO  L276        PluginConnector]: Boogie PL CUP Parser initialized
[2019-05-02 20:20:54,194 INFO  L418   ainManager$Toolchain]: [Toolchain 1]: Parsing single file: /home/xuechao/xuechao/work/Lab/Termination/Lasso-Ranker/Program_non/93.bpl
[2019-05-02 20:20:54,195 INFO  L111           BoogieParser]: Parsing: '/home/xuechao/xuechao/work/Lab/Termination/Lasso-Ranker/Program_non/93.bpl'
[2019-05-02 20:20:54,216 INFO  L296   ainManager$Toolchain]: ####################### [Toolchain 1] #######################
[2019-05-02 20:20:54,217 INFO  L131        ToolchainWalker]: Walking toolchain with 3 elements.
[2019-05-02 20:20:54,218 INFO  L113        PluginConnector]: ------------------------Boogie Preprocessor----------------------------
[2019-05-02 20:20:54,218 INFO  L271        PluginConnector]: Initializing Boogie Preprocessor...
[2019-05-02 20:20:54,218 INFO  L276        PluginConnector]: Boogie Preprocessor initialized
[2019-05-02 20:20:54,234 INFO  L185        PluginConnector]: Executing the observer EnsureBoogieModelObserver from plugin Boogie Preprocessor for "93.bpl de.uni_freiburg.informatik.ultimate.boogie.parser AST 02.05 08:20:54" (1/1) ...
[2019-05-02 20:20:54,235 INFO  L185        PluginConnector]: Executing the observer TypeChecker from plugin Boogie Preprocessor for "93.bpl de.uni_freiburg.informatik.ultimate.boogie.parser AST 02.05 08:20:54" (1/1) ...
[2019-05-02 20:20:54,240 INFO  L185        PluginConnector]: Executing the observer ConstExpander from plugin Boogie Preprocessor for "93.bpl de.uni_freiburg.informatik.ultimate.boogie.parser AST 02.05 08:20:54" (1/1) ...
[2019-05-02 20:20:54,240 INFO  L185        PluginConnector]: Executing the observer StructExpander from plugin Boogie Preprocessor for "93.bpl de.uni_freiburg.informatik.ultimate.boogie.parser AST 02.05 08:20:54" (1/1) ...
[2019-05-02 20:20:54,242 INFO  L185        PluginConnector]: Executing the observer UnstructureCode from plugin Boogie Preprocessor for "93.bpl de.uni_freiburg.informatik.ultimate.boogie.parser AST 02.05 08:20:54" (1/1) ...
[2019-05-02 20:20:54,245 INFO  L185        PluginConnector]: Executing the observer FunctionInliner from plugin Boogie Preprocessor for "93.bpl de.uni_freiburg.informatik.ultimate.boogie.parser AST 02.05 08:20:54" (1/1) ...
[2019-05-02 20:20:54,245 INFO  L185        PluginConnector]: Executing the observer BoogieSymbolTableConstructor from plugin Boogie Preprocessor for "93.bpl de.uni_freiburg.informatik.ultimate.boogie.parser AST 02.05 08:20:54" (1/1) ...
[2019-05-02 20:20:54,246 INFO  L132        PluginConnector]: ------------------------ END Boogie Preprocessor----------------------------
[2019-05-02 20:20:54,247 INFO  L113        PluginConnector]: ------------------------RCFGBuilder----------------------------
[2019-05-02 20:20:54,247 INFO  L271        PluginConnector]: Initializing RCFGBuilder...
[2019-05-02 20:20:54,247 INFO  L276        PluginConnector]: RCFGBuilder initialized
[2019-05-02 20:20:54,248 INFO  L185        PluginConnector]: Executing the observer RCFGBuilderObserver from plugin RCFGBuilder for "93.bpl de.uni_freiburg.informatik.ultimate.boogie.parser AST 02.05 08:20:54" (1/1) ...
No working directory specified, using /home/xuechao/xuechao/work/Lab/Termination/Lasso-Ranker/z3
Starting monitored process 1 with z3 SMTLIB2_COMPLIANT=true -memory:1024 -smt2 -in -t:12000 (exit command is (exit), workingDir is null)
Waiting until toolchain timeout for monitored process 1 with z3 SMTLIB2_COMPLIANT=true -memory:1024 -smt2 -in -t:12000
[2019-05-02 20:20:54,287 INFO  L124     BoogieDeclarations]: Specification and implementation of procedure main given in one single declaration
[2019-05-02 20:20:54,287 INFO  L130     BoogieDeclarations]: Found specification of procedure main
[2019-05-02 20:20:54,287 INFO  L138     BoogieDeclarations]: Found implementation of procedure main
[2019-05-02 20:20:54,369 INFO  L278             CfgBuilder]: Using library mode
[2019-05-02 20:20:54,369 INFO  L286             CfgBuilder]: Removed 0 assue(true) statements.
[2019-05-02 20:20:54,370 INFO  L202        PluginConnector]: Adding new model 93.bpl de.uni_freiburg.informatik.ultimate.plugins.generator.rcfgbuilder CFG 02.05 08:20:54 BoogieIcfgContainer
[2019-05-02 20:20:54,370 INFO  L132        PluginConnector]: ------------------------ END RCFGBuilder----------------------------
[2019-05-02 20:20:54,371 INFO  L113        PluginConnector]: ------------------------LassoRanker----------------------------
[2019-05-02 20:20:54,371 INFO  L271        PluginConnector]: Initializing LassoRanker...
[2019-05-02 20:20:54,371 INFO  L276        PluginConnector]: LassoRanker initialized
[2019-05-02 20:20:54,371 INFO  L185        PluginConnector]: Executing the observer LassoRankerObserver from plugin LassoRanker for "93.bpl de.uni_freiburg.informatik.ultimate.plugins.generator.rcfgbuilder CFG 02.05 08:20:54" (1/1) ...
[2019-05-02 20:20:54,394 INFO  L72            BuchiIsEmpty]: Start buchiIsEmpty. Operand 2 states.
[2019-05-02 20:20:54,410 INFO  L131   ngComponentsAnalysis]: Automaton has 1 accepting balls. 1
[2019-05-02 20:20:54,410 INFO  L87            BuchiIsEmpty]: Finished buchiIsEmpty Result is false
[2019-05-02 20:20:54,410 INFO  L119           BuchiIsEmpty]: Starting construction of run
[2019-05-02 20:20:54,416 INFO  L104     BuchiDifferenceFKV]: Start buchiDifferenceFKV. First operand 2 states. Second operand 1 states.
[2019-05-02 20:20:54,425 INFO  L108     BuchiDifferenceFKV]: Finished buchiDifferenceFKV. First operand 2 states. Second operand 1 states. Result 3 states and 4 transitions. Complement of second has 2 states 2 powerset states0 rank states. The highest rank that occured is -1
[2019-05-02 20:20:54,425 INFO  L72            BuchiIsEmpty]: Start buchiIsEmpty. Operand 3 states and 4 transitions.
[2019-05-02 20:20:54,425 INFO  L131   ngComponentsAnalysis]: Automaton has 0 accepting balls. 0
[2019-05-02 20:20:54,425 INFO  L87            BuchiIsEmpty]: Finished buchiIsEmpty Result is true
[2019-05-02 20:20:54,484 INFO  L216          LassoAnalysis]: Preferences:
[2019-05-02 20:20:54,484 INFO  L124   ssoRankerPreferences]: Compute integeral hull: false
[2019-05-02 20:20:54,484 INFO  L125   ssoRankerPreferences]: Enable LassoPartitioneer: true
[2019-05-02 20:20:54,485 INFO  L126   ssoRankerPreferences]: Term annotations enabled: false
[2019-05-02 20:20:54,485 INFO  L127   ssoRankerPreferences]: Use exernal solver: true
[2019-05-02 20:20:54,485 INFO  L128   ssoRankerPreferences]: SMT solver command: z3 -smt2 -in SMTLIB2_COMPLIANT=true
[2019-05-02 20:20:54,485 INFO  L129   ssoRankerPreferences]: Dump SMT script to file: false
[2019-05-02 20:20:54,485 INFO  L130   ssoRankerPreferences]: Path of dumped script: .
[2019-05-02 20:20:54,485 INFO  L131   ssoRankerPreferences]: Filename of dumped script: LassoRankerScript
[2019-05-02 20:20:54,485 INFO  L132   ssoRankerPreferences]: MapElimAlgo: Frank
[2019-05-02 20:20:54,485 INFO  L282          LassoAnalysis]: Starting lasso preprocessing...
[2019-05-02 20:20:54,501 INFO  L141          MapEliminator]: Using MapEliminator with SimplificationTechnique=SIMPLIFY_DDA XnfConversionTechnique=BOTTOM_UP_WITH_LOCAL_SIMPLIFICATION AddInequalities=false OnlyTrivialImplicationsArrayWrite=false OnlyTrivialImplicationsForModifiedArguments=true OnlyArgumentsInFormula=true
[2019-05-02 20:20:54,568 INFO  L300          LassoAnalysis]: Preprocessing complete.
[2019-05-02 20:20:54,569 INFO  L412          LassoAnalysis]: Checking for nontermination...
No working directory specified, using /home/xuechao/xuechao/work/Lab/Termination/Lasso-Ranker/z3
Starting monitored process 2 with z3 -smt2 -in SMTLIB2_COMPLIANT=true (exit command is (exit), workingDir is null)
Waiting until toolchain timeout for monitored process 2 with z3 -smt2 -in SMTLIB2_COMPLIANT=true
[2019-05-02 20:20:54,575 INFO  L151   nArgumentSynthesizer]: Nontermination analysis: LINEAR_WITH_GUESSES Allow bounded executions: true Number of generalized eigenvectors: 0 Nilpotent components: true
[2019-05-02 20:20:54,575 INFO  L163   nArgumentSynthesizer]: Using integer mode.
No working directory specified, using /home/xuechao/xuechao/work/Lab/Termination/Lasso-Ranker/z3
Starting monitored process 3 with z3 -smt2 -in SMTLIB2_COMPLIANT=true (exit command is (exit), workingDir is null)
Waiting until toolchain timeout for monitored process 3 with z3 -smt2 -in SMTLIB2_COMPLIANT=true
[2019-05-02 20:20:54,598 INFO  L151   nArgumentSynthesizer]: Nontermination analysis: LINEAR_WITH_GUESSES Allow bounded executions: true Number of generalized eigenvectors: 3 Nilpotent components: true
[2019-05-02 20:20:54,598 INFO  L163   nArgumentSynthesizer]: Using integer mode.
[2019-05-02 20:20:54,626 INFO  L452          LassoAnalysis]: Proving nontermination failed: No geometric nontermination argument exists.
[2019-05-02 20:20:54,627 INFO  L216          LassoAnalysis]: Preferences:
[2019-05-02 20:20:54,627 INFO  L124   ssoRankerPreferences]: Compute integeral hull: false
[2019-05-02 20:20:54,627 INFO  L125   ssoRankerPreferences]: Enable LassoPartitioneer: true
[2019-05-02 20:20:54,627 INFO  L126   ssoRankerPreferences]: Term annotations enabled: false
[2019-05-02 20:20:54,627 INFO  L127   ssoRankerPreferences]: Use exernal solver: true
[2019-05-02 20:20:54,627 INFO  L128   ssoRankerPreferences]: SMT solver command: z3 -smt2 -in SMTLIB2_COMPLIANT=true
[2019-05-02 20:20:54,628 INFO  L129   ssoRankerPreferences]: Dump SMT script to file: false
[2019-05-02 20:20:54,628 INFO  L130   ssoRankerPreferences]: Path of dumped script: .
[2019-05-02 20:20:54,628 INFO  L131   ssoRankerPreferences]: Filename of dumped script: LassoRankerScript
[2019-05-02 20:20:54,628 INFO  L132   ssoRankerPreferences]: MapElimAlgo: Frank
[2019-05-02 20:20:54,628 INFO  L282          LassoAnalysis]: Starting lasso preprocessing...
[2019-05-02 20:20:54,629 INFO  L141          MapEliminator]: Using MapEliminator with SimplificationTechnique=SIMPLIFY_DDA XnfConversionTechnique=BOTTOM_UP_WITH_LOCAL_SIMPLIFICATION AddInequalities=false OnlyTrivialImplicationsArrayWrite=false OnlyTrivialImplicationsForModifiedArguments=true OnlyArgumentsInFormula=true
[2019-05-02 20:20:54,681 INFO  L300          LassoAnalysis]: Preprocessing complete.
[2019-05-02 20:20:54,685 INFO  L497          LassoAnalysis]: Using template 'affine'.
No working directory specified, using /home/xuechao/xuechao/work/Lab/Termination/Lasso-Ranker/z3
Starting monitored process 4 with z3 -smt2 -in SMTLIB2_COMPLIANT=true (exit command is (exit), workingDir is null)
Waiting until toolchain timeout for monitored process 4 with z3 -smt2 -in SMTLIB2_COMPLIANT=true
[2019-05-02 20:20:54,687 INFO  L122   nArgumentSynthesizer]: Termination Analysis Settings:
Termination analysis: LINEAR_WITH_GUESSES
Number of strict supporting invariants: 1
Number of non-strict supporting invariants: 0
Consider only non-deceasing supporting invariants: true
Simplify termination arguments: true
Simplify supporting invariants: trueOverapproximate stem: false
[2019-05-02 20:20:54,689 INFO  L339   nArgumentSynthesizer]: Template has degree 0.
[2019-05-02 20:20:54,689 INFO  L352   nArgumentSynthesizer]: There is no stem transition; disabling supporting invariant generation.
[2019-05-02 20:20:54,689 INFO  L205   nArgumentSynthesizer]: 1 stem disjuncts
[2019-05-02 20:20:54,689 INFO  L206   nArgumentSynthesizer]: 1 loop disjuncts
[2019-05-02 20:20:54,690 INFO  L207   nArgumentSynthesizer]: 2 template conjuncts.
[2019-05-02 20:20:54,692 INFO  L402   nArgumentSynthesizer]: We have 2 Motzkin's Theorem applications.
[2019-05-02 20:20:54,692 INFO  L403   nArgumentSynthesizer]: A total of 0 supporting invariants were added.
[2019-05-02 20:20:54,695 INFO  L530          LassoAnalysis]: Proving termination failed for this template and these settings.
[2019-05-02 20:20:54,709 INFO  L497          LassoAnalysis]: Using template '2-nested'.
No working directory specified, using /home/xuechao/xuechao/work/Lab/Termination/Lasso-Ranker/z3
Starting monitored process 5 with z3 -smt2 -in SMTLIB2_COMPLIANT=true (exit command is (exit), workingDir is null)
Waiting until toolchain timeout for monitored process 5 with z3 -smt2 -in SMTLIB2_COMPLIANT=true
[2019-05-02 20:20:54,712 INFO  L122   nArgumentSynthesizer]: Termination Analysis Settings:
Termination analysis: LINEAR_WITH_GUESSES
Number of strict supporting invariants: 1
Number of non-strict supporting invariants: 0
Consider only non-deceasing supporting invariants: true
Simplify termination arguments: true
Simplify supporting invariants: trueOverapproximate stem: false
[2019-05-02 20:20:54,713 INFO  L339   nArgumentSynthesizer]: Template has degree 0.
[2019-05-02 20:20:54,713 INFO  L352   nArgumentSynthesizer]: There is no stem transition; disabling supporting invariant generation.
[2019-05-02 20:20:54,714 INFO  L205   nArgumentSynthesizer]: 1 stem disjuncts
[2019-05-02 20:20:54,714 INFO  L206   nArgumentSynthesizer]: 1 loop disjuncts
[2019-05-02 20:20:54,714 INFO  L207   nArgumentSynthesizer]: 3 template conjuncts.
[2019-05-02 20:20:54,716 INFO  L402   nArgumentSynthesizer]: We have 3 Motzkin's Theorem applications.
[2019-05-02 20:20:54,716 INFO  L403   nArgumentSynthesizer]: A total of 0 supporting invariants were added.
[2019-05-02 20:20:54,718 INFO  L530          LassoAnalysis]: Proving termination failed for this template and these settings.
[2019-05-02 20:20:54,732 INFO  L497          LassoAnalysis]: Using template '3-nested'.
No working directory specified, using /home/xuechao/xuechao/work/Lab/Termination/Lasso-Ranker/z3
Starting monitored process 6 with z3 -smt2 -in SMTLIB2_COMPLIANT=true (exit command is (exit), workingDir is null)
Waiting until toolchain timeout for monitored process 6 with z3 -smt2 -in SMTLIB2_COMPLIANT=true
[2019-05-02 20:20:54,734 INFO  L122   nArgumentSynthesizer]: Termination Analysis Settings:
Termination analysis: LINEAR_WITH_GUESSES
Number of strict supporting invariants: 1
Number of non-strict supporting invariants: 0
Consider only non-deceasing supporting invariants: true
Simplify termination arguments: true
Simplify supporting invariants: trueOverapproximate stem: false
[2019-05-02 20:20:54,736 INFO  L339   nArgumentSynthesizer]: Template has degree 0.
[2019-05-02 20:20:54,736 INFO  L352   nArgumentSynthesizer]: There is no stem transition; disabling supporting invariant generation.
[2019-05-02 20:20:54,736 INFO  L205   nArgumentSynthesizer]: 1 stem disjuncts
[2019-05-02 20:20:54,736 INFO  L206   nArgumentSynthesizer]: 1 loop disjuncts
[2019-05-02 20:20:54,736 INFO  L207   nArgumentSynthesizer]: 4 template conjuncts.
[2019-05-02 20:20:54,742 INFO  L402   nArgumentSynthesizer]: We have 4 Motzkin's Theorem applications.
[2019-05-02 20:20:54,742 INFO  L403   nArgumentSynthesizer]: A total of 0 supporting invariants were added.
[2019-05-02 20:20:54,746 INFO  L530          LassoAnalysis]: Proving termination failed for this template and these settings.
[2019-05-02 20:20:54,760 INFO  L497          LassoAnalysis]: Using template '4-nested'.
No working directory specified, using /home/xuechao/xuechao/work/Lab/Termination/Lasso-Ranker/z3
Starting monitored process 7 with z3 -smt2 -in SMTLIB2_COMPLIANT=true (exit command is (exit), workingDir is null)
Waiting until toolchain timeout for monitored process 7 with z3 -smt2 -in SMTLIB2_COMPLIANT=true
[2019-05-02 20:20:54,766 INFO  L122   nArgumentSynthesizer]: Termination Analysis Settings:
Termination analysis: LINEAR_WITH_GUESSES
Number of strict supporting invariants: 1
Number of non-strict supporting invariants: 0
Consider only non-deceasing supporting invariants: true
Simplify termination arguments: true
Simplify supporting invariants: trueOverapproximate stem: false
[2019-05-02 20:20:54,768 INFO  L339   nArgumentSynthesizer]: Template has degree 0.
[2019-05-02 20:20:54,768 INFO  L352   nArgumentSynthesizer]: There is no stem transition; disabling supporting invariant generation.
[2019-05-02 20:20:54,768 INFO  L205   nArgumentSynthesizer]: 1 stem disjuncts
[2019-05-02 20:20:54,768 INFO  L206   nArgumentSynthesizer]: 1 loop disjuncts
[2019-05-02 20:20:54,768 INFO  L207   nArgumentSynthesizer]: 5 template conjuncts.
[2019-05-02 20:20:54,771 INFO  L402   nArgumentSynthesizer]: We have 5 Motzkin's Theorem applications.
[2019-05-02 20:20:54,771 INFO  L403   nArgumentSynthesizer]: A total of 0 supporting invariants were added.
[2019-05-02 20:20:54,774 INFO  L530          LassoAnalysis]: Proving termination failed for this template and these settings.
[2019-05-02 20:20:54,789 INFO  L497          LassoAnalysis]: Using template '2-phase'.
No working directory specified, using /home/xuechao/xuechao/work/Lab/Termination/Lasso-Ranker/z3
Starting monitored process 8 with z3 -smt2 -in SMTLIB2_COMPLIANT=true (exit command is (exit), workingDir is null)
Waiting until toolchain timeout for monitored process 8 with z3 -smt2 -in SMTLIB2_COMPLIANT=true
[2019-05-02 20:20:54,790 INFO  L122   nArgumentSynthesizer]: Termination Analysis Settings:
Termination analysis: LINEAR_WITH_GUESSES
Number of strict supporting invariants: 1
Number of non-strict supporting invariants: 0
Consider only non-deceasing supporting invariants: true
Simplify termination arguments: true
Simplify supporting invariants: trueOverapproximate stem: false
[2019-05-02 20:20:54,792 WARN  L334   nArgumentSynthesizer]: Using a linear SMT query and a templates of degree > 0, hence this method is incomplete.
[2019-05-02 20:20:54,792 INFO  L339   nArgumentSynthesizer]: Template has degree 1.
[2019-05-02 20:20:54,792 INFO  L352   nArgumentSynthesizer]: There is no stem transition; disabling supporting invariant generation.
[2019-05-02 20:20:54,792 INFO  L205   nArgumentSynthesizer]: 1 stem disjuncts
[2019-05-02 20:20:54,792 INFO  L206   nArgumentSynthesizer]: 1 loop disjuncts
[2019-05-02 20:20:54,792 INFO  L207   nArgumentSynthesizer]: 3 template conjuncts.
[2019-05-02 20:20:54,797 INFO  L402   nArgumentSynthesizer]: We have 3 Motzkin's Theorem applications.
[2019-05-02 20:20:54,797 INFO  L403   nArgumentSynthesizer]: A total of 0 supporting invariants were added.
[2019-05-02 20:20:54,831 INFO  L530          LassoAnalysis]: Proving termination failed for this template and these settings.
[2019-05-02 20:20:54,845 INFO  L497          LassoAnalysis]: Using template 'lex(affine, affine)'.
No working directory specified, using /home/xuechao/xuechao/work/Lab/Termination/Lasso-Ranker/z3
Starting monitored process 9 with z3 -smt2 -in SMTLIB2_COMPLIANT=true (exit command is (exit), workingDir is null)
Waiting until toolchain timeout for monitored process 9 with z3 -smt2 -in SMTLIB2_COMPLIANT=true
[2019-05-02 20:20:54,847 INFO  L122   nArgumentSynthesizer]: Termination Analysis Settings:
Termination analysis: LINEAR_WITH_GUESSES
Number of strict supporting invariants: 1
Number of non-strict supporting invariants: 0
Consider only non-deceasing supporting invariants: true
Simplify termination arguments: true
Simplify supporting invariants: trueOverapproximate stem: false
[2019-05-02 20:20:54,849 WARN  L334   nArgumentSynthesizer]: Using a linear SMT query and a templates of degree > 0, hence this method is incomplete.
[2019-05-02 20:20:54,849 INFO  L339   nArgumentSynthesizer]: Template has degree 5.
[2019-05-02 20:20:54,850 INFO  L352   nArgumentSynthesizer]: There is no stem transition; disabling supporting invariant generation.
[2019-05-02 20:20:54,850 INFO  L205   nArgumentSynthesizer]: 1 stem disjuncts
[2019-05-02 20:20:54,850 INFO  L206   nArgumentSynthesizer]: 1 loop disjuncts
[2019-05-02 20:20:54,850 INFO  L207   nArgumentSynthesizer]: 4 template conjuncts.
[2019-05-02 20:20:54,854 INFO  L402   nArgumentSynthesizer]: We have 4 Motzkin's Theorem applications.
[2019-05-02 20:20:54,854 INFO  L403   nArgumentSynthesizer]: A total of 0 supporting invariants were added.
[2019-05-02 20:20:54,902 INFO  L530          LassoAnalysis]: Proving termination failed for this template and these settings.
[2019-05-02 20:20:54,916 INFO  L497          LassoAnalysis]: Using template '2-piece'.
No working directory specified, using /home/xuechao/xuechao/work/Lab/Termination/Lasso-Ranker/z3
Starting monitored process 10 with z3 -smt2 -in SMTLIB2_COMPLIANT=true (exit command is (exit), workingDir is null)
Waiting until toolchain timeout for monitored process 10 with z3 -smt2 -in SMTLIB2_COMPLIANT=true
[2019-05-02 20:20:54,918 INFO  L122   nArgumentSynthesizer]: Termination Analysis Settings:
Termination analysis: LINEAR_WITH_GUESSES
Number of strict supporting invariants: 1
Number of non-strict supporting invariants: 0
Consider only non-deceasing supporting invariants: true
Simplify termination arguments: true
Simplify supporting invariants: trueOverapproximate stem: false
[2019-05-02 20:20:54,920 WARN  L334   nArgumentSynthesizer]: Using a linear SMT query and a templates of degree > 0, hence this method is incomplete.
[2019-05-02 20:20:54,920 INFO  L339   nArgumentSynthesizer]: Template has degree 7.
[2019-05-02 20:20:54,920 INFO  L352   nArgumentSynthesizer]: There is no stem transition; disabling supporting invariant generation.
[2019-05-02 20:20:54,920 INFO  L205   nArgumentSynthesizer]: 1 stem disjuncts
[2019-05-02 20:20:54,921 INFO  L206   nArgumentSynthesizer]: 1 loop disjuncts
[2019-05-02 20:20:54,921 INFO  L207   nArgumentSynthesizer]: 7 template conjuncts.
[2019-05-02 20:20:54,939 INFO  L402   nArgumentSynthesizer]: We have 7 Motzkin's Theorem applications.
[2019-05-02 20:20:54,939 INFO  L403   nArgumentSynthesizer]: A total of 0 supporting invariants were added.
[2019-05-02 20:21:07,987 INFO  L530          LassoAnalysis]: Proving termination failed for this template and these settings.
[2019-05-02 20:21:08,002 INFO  L497          LassoAnalysis]: Using template '2-parallel'.
No working directory specified, using /home/xuechao/xuechao/work/Lab/Termination/Lasso-Ranker/z3
Starting monitored process 11 with z3 -smt2 -in SMTLIB2_COMPLIANT=true (exit command is (exit), workingDir is null)
Waiting until toolchain timeout for monitored process 11 with z3 -smt2 -in SMTLIB2_COMPLIANT=true
[2019-05-02 20:21:08,010 INFO  L122   nArgumentSynthesizer]: Termination Analysis Settings:
Termination analysis: LINEAR_WITH_GUESSES
Number of strict supporting invariants: 1
Number of non-strict supporting invariants: 0
Consider only non-deceasing supporting invariants: true
Simplify termination arguments: true
Simplify supporting invariants: trueOverapproximate stem: false
[2019-05-02 20:21:08,012 WARN  L334   nArgumentSynthesizer]: Using a linear SMT query and a templates of degree > 0, hence this method is incomplete.
[2019-05-02 20:21:08,012 INFO  L339   nArgumentSynthesizer]: Template has degree 4.
[2019-05-02 20:21:08,012 INFO  L352   nArgumentSynthesizer]: There is no stem transition; disabling supporting invariant generation.
[2019-05-02 20:21:08,013 INFO  L205   nArgumentSynthesizer]: 1 stem disjuncts
[2019-05-02 20:21:08,013 INFO  L206   nArgumentSynthesizer]: 1 loop disjuncts
[2019-05-02 20:21:08,013 INFO  L207   nArgumentSynthesizer]: 6 template conjuncts.
[2019-05-02 20:21:08,023 INFO  L402   nArgumentSynthesizer]: We have 6 Motzkin's Theorem applications.
[2019-05-02 20:21:08,023 INFO  L403   nArgumentSynthesizer]: A total of 0 supporting invariants were added.
[2019-05-02 20:21:08,099 INFO  L530          LassoAnalysis]: Proving termination failed for this template and these settings.
[2019-05-02 20:21:08,115 INFO  L489     LassoRankerStarter]: LassoRanker could not prove termination or nontermination of the given linear lasso program.
Templates: AffineTemplate NestedTemplate NestedTemplate NestedTemplate MultiphaseTemplate ComposedLexicographicTemplate PiecewiseTemplate ParallelTemplate
[2019-05-02 20:21:08,115 INFO  L132        PluginConnector]: ------------------------ END LassoRanker----------------------------
[2019-05-02 20:21:08,116 INFO  L168              Benchmark]: Toolchain (without parser) took 13899.37 ms. Allocated memory is still 514.9 MB. Free memory was 477.6 MB in the beginning and 390.3 MB in the end (delta: 87.4 MB). Peak memory consumption was 87.4 MB. Max. memory is 11.5 GB.
[2019-05-02 20:21:08,117 INFO  L168              Benchmark]: Boogie PL CUP Parser took 0.16 ms. Allocated memory is still 514.9 MB. Free memory is still 479.1 MB. There was no memory consumed. Max. memory is 11.5 GB.
[2019-05-02 20:21:08,117 INFO  L168              Benchmark]: Boogie Preprocessor took 28.76 ms. Allocated memory is still 514.9 MB. Free memory was 477.6 MB in the beginning and 475.0 MB in the end (delta: 2.7 MB). Peak memory consumption was 2.7 MB. Max. memory is 11.5 GB.
[2019-05-02 20:21:08,118 INFO  L168              Benchmark]: RCFGBuilder took 123.84 ms. Allocated memory is still 514.9 MB. Free memory was 475.0 MB in the beginning and 465.4 MB in the end (delta: 9.6 MB). Peak memory consumption was 9.6 MB. Max. memory is 11.5 GB.
[2019-05-02 20:21:08,119 INFO  L168              Benchmark]: LassoRanker took 13744.49 ms. Allocated memory is still 514.9 MB. Free memory was 465.4 MB in the beginning and 390.3 MB in the end (delta: 75.1 MB). Peak memory consumption was 75.1 MB. Max. memory is 11.5 GB.
[2019-05-02 20:21:08,121 INFO  L336   ainManager$Toolchain]: #######################  End [Toolchain 1] #######################
 --- Results ---
 * Results from de.uni_freiburg.informatik.ultimate.core:
  - StatisticsResult: Toolchain Benchmarks
    Benchmark results are:
 * Boogie PL CUP Parser took 0.16 ms. Allocated memory is still 514.9 MB. Free memory is still 479.1 MB. There was no memory consumed. Max. memory is 11.5 GB.
 * Boogie Preprocessor took 28.76 ms. Allocated memory is still 514.9 MB. Free memory was 477.6 MB in the beginning and 475.0 MB in the end (delta: 2.7 MB). Peak memory consumption was 2.7 MB. Max. memory is 11.5 GB.
 * RCFGBuilder took 123.84 ms. Allocated memory is still 514.9 MB. Free memory was 475.0 MB in the beginning and 465.4 MB in the end (delta: 9.6 MB). Peak memory consumption was 9.6 MB. Max. memory is 11.5 GB.
 * LassoRanker took 13744.49 ms. Allocated memory is still 514.9 MB. Free memory was 465.4 MB in the beginning and 390.3 MB in the end (delta: 75.1 MB). Peak memory consumption was 75.1 MB. Max. memory is 11.5 GB.
 * Results from de.uni_freiburg.informatik.ultimate.plugins.analysis.lassoranker:
  - NoResult [Line: 7]: LassoRanker could not prove termination
    LassoRanker could not prove termination or nontermination of the given linear lasso program.
Templates: AffineTemplate NestedTemplate NestedTemplate NestedTemplate MultiphaseTemplate ComposedLexicographicTemplate PiecewiseTemplate ParallelTemplate
RESULT: Ultimate could not prove your program: Toolchain returned no result.
Received shutdown request...
