This is Ultimate 0.1.24-16d85fa
[2019-05-02 20:21:09,608 INFO  L170        SettingsManager]: Resetting all preferences to default values...
[2019-05-02 20:21:09,609 INFO  L174        SettingsManager]: Resetting UltimateCore preferences to default values
[2019-05-02 20:21:09,619 INFO  L177        SettingsManager]: Ultimate Commandline Interface provides no preferences, ignoring...
[2019-05-02 20:21:09,619 INFO  L174        SettingsManager]: Resetting Boogie Preprocessor preferences to default values
[2019-05-02 20:21:09,620 INFO  L174        SettingsManager]: Resetting Boogie Procedure Inliner preferences to default values
[2019-05-02 20:21:09,621 INFO  L174        SettingsManager]: Resetting Abstract Interpretation preferences to default values
[2019-05-02 20:21:09,622 INFO  L174        SettingsManager]: Resetting LassoRanker preferences to default values
[2019-05-02 20:21:09,623 INFO  L174        SettingsManager]: Resetting Reaching Definitions preferences to default values
[2019-05-02 20:21:09,624 INFO  L174        SettingsManager]: Resetting SyntaxChecker preferences to default values
[2019-05-02 20:21:09,624 INFO  L177        SettingsManager]: Büchi Program Product provides no preferences, ignoring...
[2019-05-02 20:21:09,625 INFO  L174        SettingsManager]: Resetting LTL2Aut preferences to default values
[2019-05-02 20:21:09,625 INFO  L174        SettingsManager]: Resetting PEA to Boogie preferences to default values
[2019-05-02 20:21:09,626 INFO  L174        SettingsManager]: Resetting BlockEncodingV2 preferences to default values
[2019-05-02 20:21:09,627 INFO  L174        SettingsManager]: Resetting ChcToBoogie preferences to default values
[2019-05-02 20:21:09,627 INFO  L174        SettingsManager]: Resetting AutomataScriptInterpreter preferences to default values
[2019-05-02 20:21:09,628 INFO  L174        SettingsManager]: Resetting BuchiAutomizer preferences to default values
[2019-05-02 20:21:09,629 INFO  L174        SettingsManager]: Resetting CACSL2BoogieTranslator preferences to default values
[2019-05-02 20:21:09,630 INFO  L174        SettingsManager]: Resetting CodeCheck preferences to default values
[2019-05-02 20:21:09,631 INFO  L174        SettingsManager]: Resetting InvariantSynthesis preferences to default values
[2019-05-02 20:21:09,632 INFO  L174        SettingsManager]: Resetting RCFGBuilder preferences to default values
[2019-05-02 20:21:09,633 INFO  L174        SettingsManager]: Resetting TraceAbstraction preferences to default values
[2019-05-02 20:21:09,634 INFO  L177        SettingsManager]: TraceAbstractionConcurrent provides no preferences, ignoring...
[2019-05-02 20:21:09,635 INFO  L177        SettingsManager]: TraceAbstractionWithAFAs provides no preferences, ignoring...
[2019-05-02 20:21:09,635 INFO  L174        SettingsManager]: Resetting TreeAutomizer preferences to default values
[2019-05-02 20:21:09,635 INFO  L174        SettingsManager]: Resetting IcfgTransformer preferences to default values
[2019-05-02 20:21:09,636 INFO  L174        SettingsManager]: Resetting Boogie Printer preferences to default values
[2019-05-02 20:21:09,636 INFO  L174        SettingsManager]: Resetting ReqPrinter preferences to default values
[2019-05-02 20:21:09,637 INFO  L174        SettingsManager]: Resetting Witness Printer preferences to default values
[2019-05-02 20:21:09,638 INFO  L177        SettingsManager]: Boogie PL CUP Parser provides no preferences, ignoring...
[2019-05-02 20:21:09,638 INFO  L174        SettingsManager]: Resetting CDTParser preferences to default values
[2019-05-02 20:21:09,638 INFO  L177        SettingsManager]: AutomataScriptParser provides no preferences, ignoring...
[2019-05-02 20:21:09,638 INFO  L177        SettingsManager]: ReqParser provides no preferences, ignoring...
[2019-05-02 20:21:09,638 INFO  L174        SettingsManager]: Resetting SmtParser preferences to default values
[2019-05-02 20:21:09,639 INFO  L174        SettingsManager]: Resetting Witness Parser preferences to default values
[2019-05-02 20:21:09,639 INFO  L181        SettingsManager]: Finished resetting all preferences to default values...
[2019-05-02 20:21:09,656 INFO  L81    nceAwareModelManager]: Repository-Root is: /tmp
[2019-05-02 20:21:09,664 INFO  L258   ainManager$Toolchain]: [Toolchain 1]: Applicable parser(s) successfully (re)initialized
[2019-05-02 20:21:09,666 INFO  L214   ainManager$Toolchain]: [Toolchain 1]: Toolchain selected.
[2019-05-02 20:21:09,667 INFO  L271        PluginConnector]: Initializing Boogie PL CUP Parser...
[2019-05-02 20:21:09,667 INFO  L276        PluginConnector]: Boogie PL CUP Parser initialized
[2019-05-02 20:21:09,668 INFO  L418   ainManager$Toolchain]: [Toolchain 1]: Parsing single file: /home/xuechao/xuechao/work/Lab/Termination/Lasso-Ranker/Program_non/94.bpl
[2019-05-02 20:21:09,668 INFO  L111           BoogieParser]: Parsing: '/home/xuechao/xuechao/work/Lab/Termination/Lasso-Ranker/Program_non/94.bpl'
[2019-05-02 20:21:09,695 INFO  L296   ainManager$Toolchain]: ####################### [Toolchain 1] #######################
[2019-05-02 20:21:09,696 INFO  L131        ToolchainWalker]: Walking toolchain with 3 elements.
[2019-05-02 20:21:09,697 INFO  L113        PluginConnector]: ------------------------Boogie Preprocessor----------------------------
[2019-05-02 20:21:09,697 INFO  L271        PluginConnector]: Initializing Boogie Preprocessor...
[2019-05-02 20:21:09,697 INFO  L276        PluginConnector]: Boogie Preprocessor initialized
[2019-05-02 20:21:09,713 INFO  L185        PluginConnector]: Executing the observer EnsureBoogieModelObserver from plugin Boogie Preprocessor for "94.bpl de.uni_freiburg.informatik.ultimate.boogie.parser AST 02.05 08:21:09" (1/1) ...
[2019-05-02 20:21:09,714 INFO  L185        PluginConnector]: Executing the observer TypeChecker from plugin Boogie Preprocessor for "94.bpl de.uni_freiburg.informatik.ultimate.boogie.parser AST 02.05 08:21:09" (1/1) ...
[2019-05-02 20:21:09,719 INFO  L185        PluginConnector]: Executing the observer ConstExpander from plugin Boogie Preprocessor for "94.bpl de.uni_freiburg.informatik.ultimate.boogie.parser AST 02.05 08:21:09" (1/1) ...
[2019-05-02 20:21:09,719 INFO  L185        PluginConnector]: Executing the observer StructExpander from plugin Boogie Preprocessor for "94.bpl de.uni_freiburg.informatik.ultimate.boogie.parser AST 02.05 08:21:09" (1/1) ...
[2019-05-02 20:21:09,720 INFO  L185        PluginConnector]: Executing the observer UnstructureCode from plugin Boogie Preprocessor for "94.bpl de.uni_freiburg.informatik.ultimate.boogie.parser AST 02.05 08:21:09" (1/1) ...
[2019-05-02 20:21:09,723 INFO  L185        PluginConnector]: Executing the observer FunctionInliner from plugin Boogie Preprocessor for "94.bpl de.uni_freiburg.informatik.ultimate.boogie.parser AST 02.05 08:21:09" (1/1) ...
[2019-05-02 20:21:09,724 INFO  L185        PluginConnector]: Executing the observer BoogieSymbolTableConstructor from plugin Boogie Preprocessor for "94.bpl de.uni_freiburg.informatik.ultimate.boogie.parser AST 02.05 08:21:09" (1/1) ...
[2019-05-02 20:21:09,725 INFO  L132        PluginConnector]: ------------------------ END Boogie Preprocessor----------------------------
[2019-05-02 20:21:09,725 INFO  L113        PluginConnector]: ------------------------RCFGBuilder----------------------------
[2019-05-02 20:21:09,725 INFO  L271        PluginConnector]: Initializing RCFGBuilder...
[2019-05-02 20:21:09,726 INFO  L276        PluginConnector]: RCFGBuilder initialized
[2019-05-02 20:21:09,726 INFO  L185        PluginConnector]: Executing the observer RCFGBuilderObserver from plugin RCFGBuilder for "94.bpl de.uni_freiburg.informatik.ultimate.boogie.parser AST 02.05 08:21:09" (1/1) ...
No working directory specified, using /home/xuechao/xuechao/work/Lab/Termination/Lasso-Ranker/z3
Starting monitored process 1 with z3 SMTLIB2_COMPLIANT=true -memory:1024 -smt2 -in -t:12000 (exit command is (exit), workingDir is null)
Waiting until toolchain timeout for monitored process 1 with z3 SMTLIB2_COMPLIANT=true -memory:1024 -smt2 -in -t:12000
[2019-05-02 20:21:09,765 INFO  L124     BoogieDeclarations]: Specification and implementation of procedure main given in one single declaration
[2019-05-02 20:21:09,765 INFO  L130     BoogieDeclarations]: Found specification of procedure main
[2019-05-02 20:21:09,765 INFO  L138     BoogieDeclarations]: Found implementation of procedure main
[2019-05-02 20:21:09,851 INFO  L278             CfgBuilder]: Using library mode
[2019-05-02 20:21:09,851 INFO  L286             CfgBuilder]: Removed 0 assue(true) statements.
[2019-05-02 20:21:09,852 INFO  L202        PluginConnector]: Adding new model 94.bpl de.uni_freiburg.informatik.ultimate.plugins.generator.rcfgbuilder CFG 02.05 08:21:09 BoogieIcfgContainer
[2019-05-02 20:21:09,852 INFO  L132        PluginConnector]: ------------------------ END RCFGBuilder----------------------------
[2019-05-02 20:21:09,852 INFO  L113        PluginConnector]: ------------------------LassoRanker----------------------------
[2019-05-02 20:21:09,852 INFO  L271        PluginConnector]: Initializing LassoRanker...
[2019-05-02 20:21:09,853 INFO  L276        PluginConnector]: LassoRanker initialized
[2019-05-02 20:21:09,853 INFO  L185        PluginConnector]: Executing the observer LassoRankerObserver from plugin LassoRanker for "94.bpl de.uni_freiburg.informatik.ultimate.plugins.generator.rcfgbuilder CFG 02.05 08:21:09" (1/1) ...
[2019-05-02 20:21:09,876 INFO  L72            BuchiIsEmpty]: Start buchiIsEmpty. Operand 2 states.
[2019-05-02 20:21:09,892 INFO  L131   ngComponentsAnalysis]: Automaton has 1 accepting balls. 1
[2019-05-02 20:21:09,892 INFO  L87            BuchiIsEmpty]: Finished buchiIsEmpty Result is false
[2019-05-02 20:21:09,892 INFO  L119           BuchiIsEmpty]: Starting construction of run
[2019-05-02 20:21:09,897 INFO  L104     BuchiDifferenceFKV]: Start buchiDifferenceFKV. First operand 2 states. Second operand 1 states.
[2019-05-02 20:21:09,906 INFO  L108     BuchiDifferenceFKV]: Finished buchiDifferenceFKV. First operand 2 states. Second operand 1 states. Result 3 states and 4 transitions. Complement of second has 2 states 2 powerset states0 rank states. The highest rank that occured is -1
[2019-05-02 20:21:09,906 INFO  L72            BuchiIsEmpty]: Start buchiIsEmpty. Operand 3 states and 4 transitions.
[2019-05-02 20:21:09,906 INFO  L131   ngComponentsAnalysis]: Automaton has 0 accepting balls. 0
[2019-05-02 20:21:09,906 INFO  L87            BuchiIsEmpty]: Finished buchiIsEmpty Result is true
[2019-05-02 20:21:09,949 INFO  L216          LassoAnalysis]: Preferences:
[2019-05-02 20:21:09,949 INFO  L124   ssoRankerPreferences]: Compute integeral hull: false
[2019-05-02 20:21:09,950 INFO  L125   ssoRankerPreferences]: Enable LassoPartitioneer: true
[2019-05-02 20:21:09,950 INFO  L126   ssoRankerPreferences]: Term annotations enabled: false
[2019-05-02 20:21:09,950 INFO  L127   ssoRankerPreferences]: Use exernal solver: true
[2019-05-02 20:21:09,950 INFO  L128   ssoRankerPreferences]: SMT solver command: z3 -smt2 -in SMTLIB2_COMPLIANT=true
[2019-05-02 20:21:09,950 INFO  L129   ssoRankerPreferences]: Dump SMT script to file: false
[2019-05-02 20:21:09,950 INFO  L130   ssoRankerPreferences]: Path of dumped script: .
[2019-05-02 20:21:09,950 INFO  L131   ssoRankerPreferences]: Filename of dumped script: LassoRankerScript
[2019-05-02 20:21:09,950 INFO  L132   ssoRankerPreferences]: MapElimAlgo: Frank
[2019-05-02 20:21:09,951 INFO  L282          LassoAnalysis]: Starting lasso preprocessing...
[2019-05-02 20:21:09,965 INFO  L141          MapEliminator]: Using MapEliminator with SimplificationTechnique=SIMPLIFY_DDA XnfConversionTechnique=BOTTOM_UP_WITH_LOCAL_SIMPLIFICATION AddInequalities=false OnlyTrivialImplicationsArrayWrite=false OnlyTrivialImplicationsForModifiedArguments=true OnlyArgumentsInFormula=true
[2019-05-02 20:21:10,059 INFO  L300          LassoAnalysis]: Preprocessing complete.
[2019-05-02 20:21:10,060 INFO  L412          LassoAnalysis]: Checking for nontermination...
No working directory specified, using /home/xuechao/xuechao/work/Lab/Termination/Lasso-Ranker/z3
Starting monitored process 2 with z3 -smt2 -in SMTLIB2_COMPLIANT=true (exit command is (exit), workingDir is null)
Waiting until toolchain timeout for monitored process 2 with z3 -smt2 -in SMTLIB2_COMPLIANT=true
[2019-05-02 20:21:10,072 INFO  L151   nArgumentSynthesizer]: Nontermination analysis: LINEAR_WITH_GUESSES Allow bounded executions: true Number of generalized eigenvectors: 0 Nilpotent components: true
[2019-05-02 20:21:10,072 INFO  L163   nArgumentSynthesizer]: Using integer mode.
No working directory specified, using /home/xuechao/xuechao/work/Lab/Termination/Lasso-Ranker/z3
Starting monitored process 3 with z3 -smt2 -in SMTLIB2_COMPLIANT=true (exit command is (exit), workingDir is null)
Waiting until toolchain timeout for monitored process 3 with z3 -smt2 -in SMTLIB2_COMPLIANT=true
[2019-05-02 20:21:10,093 INFO  L151   nArgumentSynthesizer]: Nontermination analysis: LINEAR_WITH_GUESSES Allow bounded executions: true Number of generalized eigenvectors: 3 Nilpotent components: true
[2019-05-02 20:21:10,093 INFO  L163   nArgumentSynthesizer]: Using integer mode.
[2019-05-02 20:21:10,121 INFO  L452          LassoAnalysis]: Proving nontermination failed: No geometric nontermination argument exists.
[2019-05-02 20:21:10,123 INFO  L216          LassoAnalysis]: Preferences:
[2019-05-02 20:21:10,123 INFO  L124   ssoRankerPreferences]: Compute integeral hull: false
[2019-05-02 20:21:10,123 INFO  L125   ssoRankerPreferences]: Enable LassoPartitioneer: true
[2019-05-02 20:21:10,123 INFO  L126   ssoRankerPreferences]: Term annotations enabled: false
[2019-05-02 20:21:10,123 INFO  L127   ssoRankerPreferences]: Use exernal solver: true
[2019-05-02 20:21:10,123 INFO  L128   ssoRankerPreferences]: SMT solver command: z3 -smt2 -in SMTLIB2_COMPLIANT=true
[2019-05-02 20:21:10,123 INFO  L129   ssoRankerPreferences]: Dump SMT script to file: false
[2019-05-02 20:21:10,123 INFO  L130   ssoRankerPreferences]: Path of dumped script: .
[2019-05-02 20:21:10,124 INFO  L131   ssoRankerPreferences]: Filename of dumped script: LassoRankerScript
[2019-05-02 20:21:10,124 INFO  L132   ssoRankerPreferences]: MapElimAlgo: Frank
[2019-05-02 20:21:10,124 INFO  L282          LassoAnalysis]: Starting lasso preprocessing...
[2019-05-02 20:21:10,125 INFO  L141          MapEliminator]: Using MapEliminator with SimplificationTechnique=SIMPLIFY_DDA XnfConversionTechnique=BOTTOM_UP_WITH_LOCAL_SIMPLIFICATION AddInequalities=false OnlyTrivialImplicationsArrayWrite=false OnlyTrivialImplicationsForModifiedArguments=true OnlyArgumentsInFormula=true
[2019-05-02 20:21:10,177 INFO  L300          LassoAnalysis]: Preprocessing complete.
[2019-05-02 20:21:10,181 INFO  L497          LassoAnalysis]: Using template 'affine'.
No working directory specified, using /home/xuechao/xuechao/work/Lab/Termination/Lasso-Ranker/z3
Starting monitored process 4 with z3 -smt2 -in SMTLIB2_COMPLIANT=true (exit command is (exit), workingDir is null)
Waiting until toolchain timeout for monitored process 4 with z3 -smt2 -in SMTLIB2_COMPLIANT=true
[2019-05-02 20:21:10,184 INFO  L122   nArgumentSynthesizer]: Termination Analysis Settings:
Termination analysis: LINEAR_WITH_GUESSES
Number of strict supporting invariants: 1
Number of non-strict supporting invariants: 0
Consider only non-deceasing supporting invariants: true
Simplify termination arguments: true
Simplify supporting invariants: trueOverapproximate stem: false
[2019-05-02 20:21:10,185 INFO  L339   nArgumentSynthesizer]: Template has degree 0.
[2019-05-02 20:21:10,186 INFO  L352   nArgumentSynthesizer]: There is no stem transition; disabling supporting invariant generation.
[2019-05-02 20:21:10,186 INFO  L205   nArgumentSynthesizer]: 1 stem disjuncts
[2019-05-02 20:21:10,186 INFO  L206   nArgumentSynthesizer]: 1 loop disjuncts
[2019-05-02 20:21:10,186 INFO  L207   nArgumentSynthesizer]: 2 template conjuncts.
[2019-05-02 20:21:10,189 INFO  L402   nArgumentSynthesizer]: We have 2 Motzkin's Theorem applications.
[2019-05-02 20:21:10,190 INFO  L403   nArgumentSynthesizer]: A total of 0 supporting invariants were added.
[2019-05-02 20:21:10,192 INFO  L530          LassoAnalysis]: Proving termination failed for this template and these settings.
[2019-05-02 20:21:10,207 INFO  L497          LassoAnalysis]: Using template '2-nested'.
No working directory specified, using /home/xuechao/xuechao/work/Lab/Termination/Lasso-Ranker/z3
Starting monitored process 5 with z3 -smt2 -in SMTLIB2_COMPLIANT=true (exit command is (exit), workingDir is null)
Waiting until toolchain timeout for monitored process 5 with z3 -smt2 -in SMTLIB2_COMPLIANT=true
[2019-05-02 20:21:10,220 INFO  L122   nArgumentSynthesizer]: Termination Analysis Settings:
Termination analysis: LINEAR_WITH_GUESSES
Number of strict supporting invariants: 1
Number of non-strict supporting invariants: 0
Consider only non-deceasing supporting invariants: true
Simplify termination arguments: true
Simplify supporting invariants: trueOverapproximate stem: false
[2019-05-02 20:21:10,221 INFO  L339   nArgumentSynthesizer]: Template has degree 0.
[2019-05-02 20:21:10,221 INFO  L352   nArgumentSynthesizer]: There is no stem transition; disabling supporting invariant generation.
[2019-05-02 20:21:10,221 INFO  L205   nArgumentSynthesizer]: 1 stem disjuncts
[2019-05-02 20:21:10,222 INFO  L206   nArgumentSynthesizer]: 1 loop disjuncts
[2019-05-02 20:21:10,222 INFO  L207   nArgumentSynthesizer]: 3 template conjuncts.
[2019-05-02 20:21:10,224 INFO  L402   nArgumentSynthesizer]: We have 3 Motzkin's Theorem applications.
[2019-05-02 20:21:10,224 INFO  L403   nArgumentSynthesizer]: A total of 0 supporting invariants were added.
[2019-05-02 20:21:10,226 INFO  L530          LassoAnalysis]: Proving termination failed for this template and these settings.
[2019-05-02 20:21:10,240 INFO  L497          LassoAnalysis]: Using template '3-nested'.
No working directory specified, using /home/xuechao/xuechao/work/Lab/Termination/Lasso-Ranker/z3
Starting monitored process 6 with z3 -smt2 -in SMTLIB2_COMPLIANT=true (exit command is (exit), workingDir is null)
Waiting until toolchain timeout for monitored process 6 with z3 -smt2 -in SMTLIB2_COMPLIANT=true
[2019-05-02 20:21:10,242 INFO  L122   nArgumentSynthesizer]: Termination Analysis Settings:
Termination analysis: LINEAR_WITH_GUESSES
Number of strict supporting invariants: 1
Number of non-strict supporting invariants: 0
Consider only non-deceasing supporting invariants: true
Simplify termination arguments: true
Simplify supporting invariants: trueOverapproximate stem: false
[2019-05-02 20:21:10,244 INFO  L339   nArgumentSynthesizer]: Template has degree 0.
[2019-05-02 20:21:10,244 INFO  L352   nArgumentSynthesizer]: There is no stem transition; disabling supporting invariant generation.
[2019-05-02 20:21:10,244 INFO  L205   nArgumentSynthesizer]: 1 stem disjuncts
[2019-05-02 20:21:10,244 INFO  L206   nArgumentSynthesizer]: 1 loop disjuncts
[2019-05-02 20:21:10,245 INFO  L207   nArgumentSynthesizer]: 4 template conjuncts.
[2019-05-02 20:21:10,247 INFO  L402   nArgumentSynthesizer]: We have 4 Motzkin's Theorem applications.
[2019-05-02 20:21:10,247 INFO  L403   nArgumentSynthesizer]: A total of 0 supporting invariants were added.
[2019-05-02 20:21:10,250 INFO  L530          LassoAnalysis]: Proving termination failed for this template and these settings.
[2019-05-02 20:21:10,263 INFO  L497          LassoAnalysis]: Using template '4-nested'.
No working directory specified, using /home/xuechao/xuechao/work/Lab/Termination/Lasso-Ranker/z3
Starting monitored process 7 with z3 -smt2 -in SMTLIB2_COMPLIANT=true (exit command is (exit), workingDir is null)
Waiting until toolchain timeout for monitored process 7 with z3 -smt2 -in SMTLIB2_COMPLIANT=true
[2019-05-02 20:21:10,266 INFO  L122   nArgumentSynthesizer]: Termination Analysis Settings:
Termination analysis: LINEAR_WITH_GUESSES
Number of strict supporting invariants: 1
Number of non-strict supporting invariants: 0
Consider only non-deceasing supporting invariants: true
Simplify termination arguments: true
Simplify supporting invariants: trueOverapproximate stem: false
[2019-05-02 20:21:10,267 INFO  L339   nArgumentSynthesizer]: Template has degree 0.
[2019-05-02 20:21:10,268 INFO  L352   nArgumentSynthesizer]: There is no stem transition; disabling supporting invariant generation.
[2019-05-02 20:21:10,268 INFO  L205   nArgumentSynthesizer]: 1 stem disjuncts
[2019-05-02 20:21:10,268 INFO  L206   nArgumentSynthesizer]: 1 loop disjuncts
[2019-05-02 20:21:10,268 INFO  L207   nArgumentSynthesizer]: 5 template conjuncts.
[2019-05-02 20:21:10,271 INFO  L402   nArgumentSynthesizer]: We have 5 Motzkin's Theorem applications.
[2019-05-02 20:21:10,271 INFO  L403   nArgumentSynthesizer]: A total of 0 supporting invariants were added.
[2019-05-02 20:21:10,275 INFO  L530          LassoAnalysis]: Proving termination failed for this template and these settings.
[2019-05-02 20:21:10,289 INFO  L497          LassoAnalysis]: Using template '2-phase'.
No working directory specified, using /home/xuechao/xuechao/work/Lab/Termination/Lasso-Ranker/z3
Starting monitored process 8 with z3 -smt2 -in SMTLIB2_COMPLIANT=true (exit command is (exit), workingDir is null)
Waiting until toolchain timeout for monitored process 8 with z3 -smt2 -in SMTLIB2_COMPLIANT=true
[2019-05-02 20:21:10,291 INFO  L122   nArgumentSynthesizer]: Termination Analysis Settings:
Termination analysis: LINEAR_WITH_GUESSES
Number of strict supporting invariants: 1
Number of non-strict supporting invariants: 0
Consider only non-deceasing supporting invariants: true
Simplify termination arguments: true
Simplify supporting invariants: trueOverapproximate stem: false
[2019-05-02 20:21:10,292 WARN  L334   nArgumentSynthesizer]: Using a linear SMT query and a templates of degree > 0, hence this method is incomplete.
[2019-05-02 20:21:10,293 INFO  L339   nArgumentSynthesizer]: Template has degree 1.
[2019-05-02 20:21:10,293 INFO  L352   nArgumentSynthesizer]: There is no stem transition; disabling supporting invariant generation.
[2019-05-02 20:21:10,293 INFO  L205   nArgumentSynthesizer]: 1 stem disjuncts
[2019-05-02 20:21:10,293 INFO  L206   nArgumentSynthesizer]: 1 loop disjuncts
[2019-05-02 20:21:10,293 INFO  L207   nArgumentSynthesizer]: 3 template conjuncts.
[2019-05-02 20:21:10,299 INFO  L402   nArgumentSynthesizer]: We have 3 Motzkin's Theorem applications.
[2019-05-02 20:21:10,300 INFO  L403   nArgumentSynthesizer]: A total of 0 supporting invariants were added.
[2019-05-02 20:21:10,334 INFO  L530          LassoAnalysis]: Proving termination failed for this template and these settings.
[2019-05-02 20:21:10,347 INFO  L497          LassoAnalysis]: Using template 'lex(affine, affine)'.
No working directory specified, using /home/xuechao/xuechao/work/Lab/Termination/Lasso-Ranker/z3
Starting monitored process 9 with z3 -smt2 -in SMTLIB2_COMPLIANT=true (exit command is (exit), workingDir is null)
Waiting until toolchain timeout for monitored process 9 with z3 -smt2 -in SMTLIB2_COMPLIANT=true
[2019-05-02 20:21:10,354 INFO  L122   nArgumentSynthesizer]: Termination Analysis Settings:
Termination analysis: LINEAR_WITH_GUESSES
Number of strict supporting invariants: 1
Number of non-strict supporting invariants: 0
Consider only non-deceasing supporting invariants: true
Simplify termination arguments: true
Simplify supporting invariants: trueOverapproximate stem: false
[2019-05-02 20:21:10,356 WARN  L334   nArgumentSynthesizer]: Using a linear SMT query and a templates of degree > 0, hence this method is incomplete.
[2019-05-02 20:21:10,356 INFO  L339   nArgumentSynthesizer]: Template has degree 5.
[2019-05-02 20:21:10,357 INFO  L352   nArgumentSynthesizer]: There is no stem transition; disabling supporting invariant generation.
[2019-05-02 20:21:10,357 INFO  L205   nArgumentSynthesizer]: 1 stem disjuncts
[2019-05-02 20:21:10,357 INFO  L206   nArgumentSynthesizer]: 1 loop disjuncts
[2019-05-02 20:21:10,357 INFO  L207   nArgumentSynthesizer]: 4 template conjuncts.
[2019-05-02 20:21:10,363 INFO  L402   nArgumentSynthesizer]: We have 4 Motzkin's Theorem applications.
[2019-05-02 20:21:10,363 INFO  L403   nArgumentSynthesizer]: A total of 0 supporting invariants were added.
[2019-05-02 20:21:10,407 INFO  L530          LassoAnalysis]: Proving termination failed for this template and these settings.
[2019-05-02 20:21:10,422 INFO  L497          LassoAnalysis]: Using template '2-piece'.
No working directory specified, using /home/xuechao/xuechao/work/Lab/Termination/Lasso-Ranker/z3
Starting monitored process 10 with z3 -smt2 -in SMTLIB2_COMPLIANT=true (exit command is (exit), workingDir is null)
Waiting until toolchain timeout for monitored process 10 with z3 -smt2 -in SMTLIB2_COMPLIANT=true
[2019-05-02 20:21:10,429 INFO  L122   nArgumentSynthesizer]: Termination Analysis Settings:
Termination analysis: LINEAR_WITH_GUESSES
Number of strict supporting invariants: 1
Number of non-strict supporting invariants: 0
Consider only non-deceasing supporting invariants: true
Simplify termination arguments: true
Simplify supporting invariants: trueOverapproximate stem: false
[2019-05-02 20:21:10,431 WARN  L334   nArgumentSynthesizer]: Using a linear SMT query and a templates of degree > 0, hence this method is incomplete.
[2019-05-02 20:21:10,431 INFO  L339   nArgumentSynthesizer]: Template has degree 7.
[2019-05-02 20:21:10,431 INFO  L352   nArgumentSynthesizer]: There is no stem transition; disabling supporting invariant generation.
[2019-05-02 20:21:10,431 INFO  L205   nArgumentSynthesizer]: 1 stem disjuncts
[2019-05-02 20:21:10,431 INFO  L206   nArgumentSynthesizer]: 1 loop disjuncts
[2019-05-02 20:21:10,431 INFO  L207   nArgumentSynthesizer]: 7 template conjuncts.
[2019-05-02 20:21:10,447 INFO  L402   nArgumentSynthesizer]: We have 7 Motzkin's Theorem applications.
[2019-05-02 20:21:10,448 INFO  L403   nArgumentSynthesizer]: A total of 0 supporting invariants were added.
[2019-05-02 20:21:11,110 INFO  L530          LassoAnalysis]: Proving termination failed for this template and these settings.
[2019-05-02 20:21:11,123 INFO  L497          LassoAnalysis]: Using template '2-parallel'.
No working directory specified, using /home/xuechao/xuechao/work/Lab/Termination/Lasso-Ranker/z3
Starting monitored process 11 with z3 -smt2 -in SMTLIB2_COMPLIANT=true (exit command is (exit), workingDir is null)
Waiting until toolchain timeout for monitored process 11 with z3 -smt2 -in SMTLIB2_COMPLIANT=true
[2019-05-02 20:21:11,125 INFO  L122   nArgumentSynthesizer]: Termination Analysis Settings:
Termination analysis: LINEAR_WITH_GUESSES
Number of strict supporting invariants: 1
Number of non-strict supporting invariants: 0
Consider only non-deceasing supporting invariants: true
Simplify termination arguments: true
Simplify supporting invariants: trueOverapproximate stem: false
[2019-05-02 20:21:11,126 WARN  L334   nArgumentSynthesizer]: Using a linear SMT query and a templates of degree > 0, hence this method is incomplete.
[2019-05-02 20:21:11,126 INFO  L339   nArgumentSynthesizer]: Template has degree 4.
[2019-05-02 20:21:11,127 INFO  L352   nArgumentSynthesizer]: There is no stem transition; disabling supporting invariant generation.
[2019-05-02 20:21:11,127 INFO  L205   nArgumentSynthesizer]: 1 stem disjuncts
[2019-05-02 20:21:11,127 INFO  L206   nArgumentSynthesizer]: 1 loop disjuncts
[2019-05-02 20:21:11,127 INFO  L207   nArgumentSynthesizer]: 6 template conjuncts.
[2019-05-02 20:21:11,131 INFO  L402   nArgumentSynthesizer]: We have 6 Motzkin's Theorem applications.
[2019-05-02 20:21:11,131 INFO  L403   nArgumentSynthesizer]: A total of 0 supporting invariants were added.
[2019-05-02 20:21:11,181 INFO  L530          LassoAnalysis]: Proving termination failed for this template and these settings.
[2019-05-02 20:21:11,195 INFO  L489     LassoRankerStarter]: LassoRanker could not prove termination or nontermination of the given linear lasso program.
Templates: AffineTemplate NestedTemplate NestedTemplate NestedTemplate MultiphaseTemplate ComposedLexicographicTemplate PiecewiseTemplate ParallelTemplate
[2019-05-02 20:21:11,196 INFO  L132        PluginConnector]: ------------------------ END LassoRanker----------------------------
[2019-05-02 20:21:11,196 INFO  L168              Benchmark]: Toolchain (without parser) took 1500.76 ms. Allocated memory is still 514.9 MB. Free memory was 474.9 MB in the beginning and 389.0 MB in the end (delta: 85.9 MB). Peak memory consumption was 85.9 MB. Max. memory is 11.5 GB.
[2019-05-02 20:21:11,198 INFO  L168              Benchmark]: Boogie PL CUP Parser took 0.11 ms. Allocated memory is still 514.9 MB. Free memory is still 479.1 MB. There was no memory consumed. Max. memory is 11.5 GB.
[2019-05-02 20:21:11,198 INFO  L168              Benchmark]: Boogie Preprocessor took 28.41 ms. Allocated memory is still 514.9 MB. Free memory was 474.9 MB in the beginning and 472.3 MB in the end (delta: 2.7 MB). Peak memory consumption was 2.7 MB. Max. memory is 11.5 GB.
[2019-05-02 20:21:11,199 INFO  L168              Benchmark]: RCFGBuilder took 126.79 ms. Allocated memory is still 514.9 MB. Free memory was 472.3 MB in the beginning and 462.7 MB in the end (delta: 9.6 MB). Peak memory consumption was 9.6 MB. Max. memory is 11.5 GB.
[2019-05-02 20:21:11,199 INFO  L168              Benchmark]: LassoRanker took 1343.43 ms. Allocated memory is still 514.9 MB. Free memory was 462.7 MB in the beginning and 389.0 MB in the end (delta: 73.7 MB). Peak memory consumption was 73.7 MB. Max. memory is 11.5 GB.
[2019-05-02 20:21:11,202 INFO  L336   ainManager$Toolchain]: #######################  End [Toolchain 1] #######################
 --- Results ---
 * Results from de.uni_freiburg.informatik.ultimate.core:
  - StatisticsResult: Toolchain Benchmarks
    Benchmark results are:
 * Boogie PL CUP Parser took 0.11 ms. Allocated memory is still 514.9 MB. Free memory is still 479.1 MB. There was no memory consumed. Max. memory is 11.5 GB.
 * Boogie Preprocessor took 28.41 ms. Allocated memory is still 514.9 MB. Free memory was 474.9 MB in the beginning and 472.3 MB in the end (delta: 2.7 MB). Peak memory consumption was 2.7 MB. Max. memory is 11.5 GB.
 * RCFGBuilder took 126.79 ms. Allocated memory is still 514.9 MB. Free memory was 472.3 MB in the beginning and 462.7 MB in the end (delta: 9.6 MB). Peak memory consumption was 9.6 MB. Max. memory is 11.5 GB.
 * LassoRanker took 1343.43 ms. Allocated memory is still 514.9 MB. Free memory was 462.7 MB in the beginning and 389.0 MB in the end (delta: 73.7 MB). Peak memory consumption was 73.7 MB. Max. memory is 11.5 GB.
 * Results from de.uni_freiburg.informatik.ultimate.plugins.analysis.lassoranker:
  - NoResult [Line: 7]: LassoRanker could not prove termination
    LassoRanker could not prove termination or nontermination of the given linear lasso program.
Templates: AffineTemplate NestedTemplate NestedTemplate NestedTemplate MultiphaseTemplate ComposedLexicographicTemplate PiecewiseTemplate ParallelTemplate
RESULT: Ultimate could not prove your program: Toolchain returned no result.
Received shutdown request...
