This is Ultimate 0.1.24-16d85fa
[2019-05-02 20:21:14,592 INFO  L170        SettingsManager]: Resetting all preferences to default values...
[2019-05-02 20:21:14,593 INFO  L174        SettingsManager]: Resetting UltimateCore preferences to default values
[2019-05-02 20:21:14,602 INFO  L177        SettingsManager]: Ultimate Commandline Interface provides no preferences, ignoring...
[2019-05-02 20:21:14,602 INFO  L174        SettingsManager]: Resetting Boogie Preprocessor preferences to default values
[2019-05-02 20:21:14,603 INFO  L174        SettingsManager]: Resetting Boogie Procedure Inliner preferences to default values
[2019-05-02 20:21:14,604 INFO  L174        SettingsManager]: Resetting Abstract Interpretation preferences to default values
[2019-05-02 20:21:14,605 INFO  L174        SettingsManager]: Resetting LassoRanker preferences to default values
[2019-05-02 20:21:14,606 INFO  L174        SettingsManager]: Resetting Reaching Definitions preferences to default values
[2019-05-02 20:21:14,607 INFO  L174        SettingsManager]: Resetting SyntaxChecker preferences to default values
[2019-05-02 20:21:14,607 INFO  L177        SettingsManager]: Büchi Program Product provides no preferences, ignoring...
[2019-05-02 20:21:14,607 INFO  L174        SettingsManager]: Resetting LTL2Aut preferences to default values
[2019-05-02 20:21:14,608 INFO  L174        SettingsManager]: Resetting PEA to Boogie preferences to default values
[2019-05-02 20:21:14,609 INFO  L174        SettingsManager]: Resetting BlockEncodingV2 preferences to default values
[2019-05-02 20:21:14,609 INFO  L174        SettingsManager]: Resetting ChcToBoogie preferences to default values
[2019-05-02 20:21:14,610 INFO  L174        SettingsManager]: Resetting AutomataScriptInterpreter preferences to default values
[2019-05-02 20:21:14,610 INFO  L174        SettingsManager]: Resetting BuchiAutomizer preferences to default values
[2019-05-02 20:21:14,612 INFO  L174        SettingsManager]: Resetting CACSL2BoogieTranslator preferences to default values
[2019-05-02 20:21:14,613 INFO  L174        SettingsManager]: Resetting CodeCheck preferences to default values
[2019-05-02 20:21:14,614 INFO  L174        SettingsManager]: Resetting InvariantSynthesis preferences to default values
[2019-05-02 20:21:14,615 INFO  L174        SettingsManager]: Resetting RCFGBuilder preferences to default values
[2019-05-02 20:21:14,616 INFO  L174        SettingsManager]: Resetting TraceAbstraction preferences to default values
[2019-05-02 20:21:14,617 INFO  L177        SettingsManager]: TraceAbstractionConcurrent provides no preferences, ignoring...
[2019-05-02 20:21:14,617 INFO  L177        SettingsManager]: TraceAbstractionWithAFAs provides no preferences, ignoring...
[2019-05-02 20:21:14,617 INFO  L174        SettingsManager]: Resetting TreeAutomizer preferences to default values
[2019-05-02 20:21:14,618 INFO  L174        SettingsManager]: Resetting IcfgTransformer preferences to default values
[2019-05-02 20:21:14,619 INFO  L174        SettingsManager]: Resetting Boogie Printer preferences to default values
[2019-05-02 20:21:14,619 INFO  L174        SettingsManager]: Resetting ReqPrinter preferences to default values
[2019-05-02 20:21:14,620 INFO  L174        SettingsManager]: Resetting Witness Printer preferences to default values
[2019-05-02 20:21:14,620 INFO  L177        SettingsManager]: Boogie PL CUP Parser provides no preferences, ignoring...
[2019-05-02 20:21:14,620 INFO  L174        SettingsManager]: Resetting CDTParser preferences to default values
[2019-05-02 20:21:14,621 INFO  L177        SettingsManager]: AutomataScriptParser provides no preferences, ignoring...
[2019-05-02 20:21:14,621 INFO  L177        SettingsManager]: ReqParser provides no preferences, ignoring...
[2019-05-02 20:21:14,621 INFO  L174        SettingsManager]: Resetting SmtParser preferences to default values
[2019-05-02 20:21:14,622 INFO  L174        SettingsManager]: Resetting Witness Parser preferences to default values
[2019-05-02 20:21:14,622 INFO  L181        SettingsManager]: Finished resetting all preferences to default values...
[2019-05-02 20:21:14,638 INFO  L81    nceAwareModelManager]: Repository-Root is: /tmp
[2019-05-02 20:21:14,646 INFO  L258   ainManager$Toolchain]: [Toolchain 1]: Applicable parser(s) successfully (re)initialized
[2019-05-02 20:21:14,648 INFO  L214   ainManager$Toolchain]: [Toolchain 1]: Toolchain selected.
[2019-05-02 20:21:14,650 INFO  L271        PluginConnector]: Initializing Boogie PL CUP Parser...
[2019-05-02 20:21:14,650 INFO  L276        PluginConnector]: Boogie PL CUP Parser initialized
[2019-05-02 20:21:14,651 INFO  L418   ainManager$Toolchain]: [Toolchain 1]: Parsing single file: /home/xuechao/xuechao/work/Lab/Termination/Lasso-Ranker/Program_non/96.bpl
[2019-05-02 20:21:14,651 INFO  L111           BoogieParser]: Parsing: '/home/xuechao/xuechao/work/Lab/Termination/Lasso-Ranker/Program_non/96.bpl'
[2019-05-02 20:21:14,678 INFO  L296   ainManager$Toolchain]: ####################### [Toolchain 1] #######################
[2019-05-02 20:21:14,679 INFO  L131        ToolchainWalker]: Walking toolchain with 3 elements.
[2019-05-02 20:21:14,680 INFO  L113        PluginConnector]: ------------------------Boogie Preprocessor----------------------------
[2019-05-02 20:21:14,680 INFO  L271        PluginConnector]: Initializing Boogie Preprocessor...
[2019-05-02 20:21:14,680 INFO  L276        PluginConnector]: Boogie Preprocessor initialized
[2019-05-02 20:21:14,696 INFO  L185        PluginConnector]: Executing the observer EnsureBoogieModelObserver from plugin Boogie Preprocessor for "96.bpl de.uni_freiburg.informatik.ultimate.boogie.parser AST 02.05 08:21:14" (1/1) ...
[2019-05-02 20:21:14,697 INFO  L185        PluginConnector]: Executing the observer TypeChecker from plugin Boogie Preprocessor for "96.bpl de.uni_freiburg.informatik.ultimate.boogie.parser AST 02.05 08:21:14" (1/1) ...
[2019-05-02 20:21:14,702 INFO  L185        PluginConnector]: Executing the observer ConstExpander from plugin Boogie Preprocessor for "96.bpl de.uni_freiburg.informatik.ultimate.boogie.parser AST 02.05 08:21:14" (1/1) ...
[2019-05-02 20:21:14,702 INFO  L185        PluginConnector]: Executing the observer StructExpander from plugin Boogie Preprocessor for "96.bpl de.uni_freiburg.informatik.ultimate.boogie.parser AST 02.05 08:21:14" (1/1) ...
[2019-05-02 20:21:14,703 INFO  L185        PluginConnector]: Executing the observer UnstructureCode from plugin Boogie Preprocessor for "96.bpl de.uni_freiburg.informatik.ultimate.boogie.parser AST 02.05 08:21:14" (1/1) ...
[2019-05-02 20:21:14,706 INFO  L185        PluginConnector]: Executing the observer FunctionInliner from plugin Boogie Preprocessor for "96.bpl de.uni_freiburg.informatik.ultimate.boogie.parser AST 02.05 08:21:14" (1/1) ...
[2019-05-02 20:21:14,707 INFO  L185        PluginConnector]: Executing the observer BoogieSymbolTableConstructor from plugin Boogie Preprocessor for "96.bpl de.uni_freiburg.informatik.ultimate.boogie.parser AST 02.05 08:21:14" (1/1) ...
[2019-05-02 20:21:14,707 INFO  L132        PluginConnector]: ------------------------ END Boogie Preprocessor----------------------------
[2019-05-02 20:21:14,708 INFO  L113        PluginConnector]: ------------------------RCFGBuilder----------------------------
[2019-05-02 20:21:14,708 INFO  L271        PluginConnector]: Initializing RCFGBuilder...
[2019-05-02 20:21:14,708 INFO  L276        PluginConnector]: RCFGBuilder initialized
[2019-05-02 20:21:14,709 INFO  L185        PluginConnector]: Executing the observer RCFGBuilderObserver from plugin RCFGBuilder for "96.bpl de.uni_freiburg.informatik.ultimate.boogie.parser AST 02.05 08:21:14" (1/1) ...
No working directory specified, using /home/xuechao/xuechao/work/Lab/Termination/Lasso-Ranker/z3
Starting monitored process 1 with z3 SMTLIB2_COMPLIANT=true -memory:1024 -smt2 -in -t:12000 (exit command is (exit), workingDir is null)
Waiting until toolchain timeout for monitored process 1 with z3 SMTLIB2_COMPLIANT=true -memory:1024 -smt2 -in -t:12000
[2019-05-02 20:21:14,747 INFO  L124     BoogieDeclarations]: Specification and implementation of procedure main given in one single declaration
[2019-05-02 20:21:14,747 INFO  L130     BoogieDeclarations]: Found specification of procedure main
[2019-05-02 20:21:14,747 INFO  L138     BoogieDeclarations]: Found implementation of procedure main
[2019-05-02 20:21:14,833 INFO  L278             CfgBuilder]: Using library mode
[2019-05-02 20:21:14,833 INFO  L286             CfgBuilder]: Removed 0 assue(true) statements.
[2019-05-02 20:21:14,834 INFO  L202        PluginConnector]: Adding new model 96.bpl de.uni_freiburg.informatik.ultimate.plugins.generator.rcfgbuilder CFG 02.05 08:21:14 BoogieIcfgContainer
[2019-05-02 20:21:14,834 INFO  L132        PluginConnector]: ------------------------ END RCFGBuilder----------------------------
[2019-05-02 20:21:14,835 INFO  L113        PluginConnector]: ------------------------LassoRanker----------------------------
[2019-05-02 20:21:14,835 INFO  L271        PluginConnector]: Initializing LassoRanker...
[2019-05-02 20:21:14,835 INFO  L276        PluginConnector]: LassoRanker initialized
[2019-05-02 20:21:14,836 INFO  L185        PluginConnector]: Executing the observer LassoRankerObserver from plugin LassoRanker for "96.bpl de.uni_freiburg.informatik.ultimate.plugins.generator.rcfgbuilder CFG 02.05 08:21:14" (1/1) ...
[2019-05-02 20:21:14,860 INFO  L72            BuchiIsEmpty]: Start buchiIsEmpty. Operand 2 states.
[2019-05-02 20:21:14,876 INFO  L131   ngComponentsAnalysis]: Automaton has 1 accepting balls. 1
[2019-05-02 20:21:14,876 INFO  L87            BuchiIsEmpty]: Finished buchiIsEmpty Result is false
[2019-05-02 20:21:14,876 INFO  L119           BuchiIsEmpty]: Starting construction of run
[2019-05-02 20:21:14,882 INFO  L104     BuchiDifferenceFKV]: Start buchiDifferenceFKV. First operand 2 states. Second operand 1 states.
[2019-05-02 20:21:14,890 INFO  L108     BuchiDifferenceFKV]: Finished buchiDifferenceFKV. First operand 2 states. Second operand 1 states. Result 3 states and 4 transitions. Complement of second has 2 states 2 powerset states0 rank states. The highest rank that occured is -1
[2019-05-02 20:21:14,891 INFO  L72            BuchiIsEmpty]: Start buchiIsEmpty. Operand 3 states and 4 transitions.
[2019-05-02 20:21:14,891 INFO  L131   ngComponentsAnalysis]: Automaton has 0 accepting balls. 0
[2019-05-02 20:21:14,891 INFO  L87            BuchiIsEmpty]: Finished buchiIsEmpty Result is true
[2019-05-02 20:21:14,945 INFO  L216          LassoAnalysis]: Preferences:
[2019-05-02 20:21:14,946 INFO  L124   ssoRankerPreferences]: Compute integeral hull: false
[2019-05-02 20:21:14,946 INFO  L125   ssoRankerPreferences]: Enable LassoPartitioneer: true
[2019-05-02 20:21:14,946 INFO  L126   ssoRankerPreferences]: Term annotations enabled: false
[2019-05-02 20:21:14,946 INFO  L127   ssoRankerPreferences]: Use exernal solver: true
[2019-05-02 20:21:14,946 INFO  L128   ssoRankerPreferences]: SMT solver command: z3 -smt2 -in SMTLIB2_COMPLIANT=true
[2019-05-02 20:21:14,946 INFO  L129   ssoRankerPreferences]: Dump SMT script to file: false
[2019-05-02 20:21:14,946 INFO  L130   ssoRankerPreferences]: Path of dumped script: .
[2019-05-02 20:21:14,946 INFO  L131   ssoRankerPreferences]: Filename of dumped script: LassoRankerScript
[2019-05-02 20:21:14,947 INFO  L132   ssoRankerPreferences]: MapElimAlgo: Frank
[2019-05-02 20:21:14,947 INFO  L282          LassoAnalysis]: Starting lasso preprocessing...
[2019-05-02 20:21:14,962 INFO  L141          MapEliminator]: Using MapEliminator with SimplificationTechnique=SIMPLIFY_DDA XnfConversionTechnique=BOTTOM_UP_WITH_LOCAL_SIMPLIFICATION AddInequalities=false OnlyTrivialImplicationsArrayWrite=false OnlyTrivialImplicationsForModifiedArguments=true OnlyArgumentsInFormula=true
[2019-05-02 20:21:15,035 INFO  L300          LassoAnalysis]: Preprocessing complete.
[2019-05-02 20:21:15,036 INFO  L412          LassoAnalysis]: Checking for nontermination...
No working directory specified, using /home/xuechao/xuechao/work/Lab/Termination/Lasso-Ranker/z3
Starting monitored process 2 with z3 -smt2 -in SMTLIB2_COMPLIANT=true (exit command is (exit), workingDir is null)
Waiting until toolchain timeout for monitored process 2 with z3 -smt2 -in SMTLIB2_COMPLIANT=true
[2019-05-02 20:21:15,044 INFO  L151   nArgumentSynthesizer]: Nontermination analysis: LINEAR_WITH_GUESSES Allow bounded executions: true Number of generalized eigenvectors: 0 Nilpotent components: true
[2019-05-02 20:21:15,044 INFO  L163   nArgumentSynthesizer]: Using integer mode.
No working directory specified, using /home/xuechao/xuechao/work/Lab/Termination/Lasso-Ranker/z3
Starting monitored process 3 with z3 -smt2 -in SMTLIB2_COMPLIANT=true (exit command is (exit), workingDir is null)
Waiting until toolchain timeout for monitored process 3 with z3 -smt2 -in SMTLIB2_COMPLIANT=true
[2019-05-02 20:21:15,070 INFO  L151   nArgumentSynthesizer]: Nontermination analysis: LINEAR_WITH_GUESSES Allow bounded executions: true Number of generalized eigenvectors: 3 Nilpotent components: true
[2019-05-02 20:21:15,070 INFO  L163   nArgumentSynthesizer]: Using integer mode.
[2019-05-02 20:21:15,098 INFO  L452          LassoAnalysis]: Proving nontermination failed: No geometric nontermination argument exists.
[2019-05-02 20:21:15,099 INFO  L216          LassoAnalysis]: Preferences:
[2019-05-02 20:21:15,099 INFO  L124   ssoRankerPreferences]: Compute integeral hull: false
[2019-05-02 20:21:15,099 INFO  L125   ssoRankerPreferences]: Enable LassoPartitioneer: true
[2019-05-02 20:21:15,100 INFO  L126   ssoRankerPreferences]: Term annotations enabled: false
[2019-05-02 20:21:15,100 INFO  L127   ssoRankerPreferences]: Use exernal solver: true
[2019-05-02 20:21:15,100 INFO  L128   ssoRankerPreferences]: SMT solver command: z3 -smt2 -in SMTLIB2_COMPLIANT=true
[2019-05-02 20:21:15,100 INFO  L129   ssoRankerPreferences]: Dump SMT script to file: false
[2019-05-02 20:21:15,100 INFO  L130   ssoRankerPreferences]: Path of dumped script: .
[2019-05-02 20:21:15,100 INFO  L131   ssoRankerPreferences]: Filename of dumped script: LassoRankerScript
[2019-05-02 20:21:15,100 INFO  L132   ssoRankerPreferences]: MapElimAlgo: Frank
[2019-05-02 20:21:15,100 INFO  L282          LassoAnalysis]: Starting lasso preprocessing...
[2019-05-02 20:21:15,101 INFO  L141          MapEliminator]: Using MapEliminator with SimplificationTechnique=SIMPLIFY_DDA XnfConversionTechnique=BOTTOM_UP_WITH_LOCAL_SIMPLIFICATION AddInequalities=false OnlyTrivialImplicationsArrayWrite=false OnlyTrivialImplicationsForModifiedArguments=true OnlyArgumentsInFormula=true
[2019-05-02 20:21:15,219 INFO  L300          LassoAnalysis]: Preprocessing complete.
[2019-05-02 20:21:15,223 INFO  L497          LassoAnalysis]: Using template 'affine'.
No working directory specified, using /home/xuechao/xuechao/work/Lab/Termination/Lasso-Ranker/z3
Starting monitored process 4 with z3 -smt2 -in SMTLIB2_COMPLIANT=true (exit command is (exit), workingDir is null)
Waiting until toolchain timeout for monitored process 4 with z3 -smt2 -in SMTLIB2_COMPLIANT=true
[2019-05-02 20:21:15,227 INFO  L122   nArgumentSynthesizer]: Termination Analysis Settings:
Termination analysis: LINEAR_WITH_GUESSES
Number of strict supporting invariants: 1
Number of non-strict supporting invariants: 0
Consider only non-deceasing supporting invariants: true
Simplify termination arguments: true
Simplify supporting invariants: trueOverapproximate stem: false
[2019-05-02 20:21:15,230 INFO  L339   nArgumentSynthesizer]: Template has degree 0.
[2019-05-02 20:21:15,230 INFO  L352   nArgumentSynthesizer]: There is no stem transition; disabling supporting invariant generation.
[2019-05-02 20:21:15,231 INFO  L205   nArgumentSynthesizer]: 1 stem disjuncts
[2019-05-02 20:21:15,231 INFO  L206   nArgumentSynthesizer]: 1 loop disjuncts
[2019-05-02 20:21:15,231 INFO  L207   nArgumentSynthesizer]: 2 template conjuncts.
[2019-05-02 20:21:15,236 INFO  L402   nArgumentSynthesizer]: We have 2 Motzkin's Theorem applications.
[2019-05-02 20:21:15,237 INFO  L403   nArgumentSynthesizer]: A total of 0 supporting invariants were added.
[2019-05-02 20:21:15,239 INFO  L530          LassoAnalysis]: Proving termination failed for this template and these settings.
[2019-05-02 20:21:15,253 INFO  L497          LassoAnalysis]: Using template '2-nested'.
No working directory specified, using /home/xuechao/xuechao/work/Lab/Termination/Lasso-Ranker/z3
Starting monitored process 5 with z3 -smt2 -in SMTLIB2_COMPLIANT=true (exit command is (exit), workingDir is null)
Waiting until toolchain timeout for monitored process 5 with z3 -smt2 -in SMTLIB2_COMPLIANT=true
[2019-05-02 20:21:15,256 INFO  L122   nArgumentSynthesizer]: Termination Analysis Settings:
Termination analysis: LINEAR_WITH_GUESSES
Number of strict supporting invariants: 1
Number of non-strict supporting invariants: 0
Consider only non-deceasing supporting invariants: true
Simplify termination arguments: true
Simplify supporting invariants: trueOverapproximate stem: false
[2019-05-02 20:21:15,257 INFO  L339   nArgumentSynthesizer]: Template has degree 0.
[2019-05-02 20:21:15,257 INFO  L352   nArgumentSynthesizer]: There is no stem transition; disabling supporting invariant generation.
[2019-05-02 20:21:15,257 INFO  L205   nArgumentSynthesizer]: 1 stem disjuncts
[2019-05-02 20:21:15,257 INFO  L206   nArgumentSynthesizer]: 1 loop disjuncts
[2019-05-02 20:21:15,257 INFO  L207   nArgumentSynthesizer]: 3 template conjuncts.
[2019-05-02 20:21:15,260 INFO  L402   nArgumentSynthesizer]: We have 3 Motzkin's Theorem applications.
[2019-05-02 20:21:15,260 INFO  L403   nArgumentSynthesizer]: A total of 0 supporting invariants were added.
[2019-05-02 20:21:15,262 INFO  L530          LassoAnalysis]: Proving termination failed for this template and these settings.
[2019-05-02 20:21:15,276 INFO  L497          LassoAnalysis]: Using template '3-nested'.
No working directory specified, using /home/xuechao/xuechao/work/Lab/Termination/Lasso-Ranker/z3
Starting monitored process 6 with z3 -smt2 -in SMTLIB2_COMPLIANT=true (exit command is (exit), workingDir is null)
Waiting until toolchain timeout for monitored process 6 with z3 -smt2 -in SMTLIB2_COMPLIANT=true
[2019-05-02 20:21:15,278 INFO  L122   nArgumentSynthesizer]: Termination Analysis Settings:
Termination analysis: LINEAR_WITH_GUESSES
Number of strict supporting invariants: 1
Number of non-strict supporting invariants: 0
Consider only non-deceasing supporting invariants: true
Simplify termination arguments: true
Simplify supporting invariants: trueOverapproximate stem: false
[2019-05-02 20:21:15,280 INFO  L339   nArgumentSynthesizer]: Template has degree 0.
[2019-05-02 20:21:15,280 INFO  L352   nArgumentSynthesizer]: There is no stem transition; disabling supporting invariant generation.
[2019-05-02 20:21:15,280 INFO  L205   nArgumentSynthesizer]: 1 stem disjuncts
[2019-05-02 20:21:15,280 INFO  L206   nArgumentSynthesizer]: 1 loop disjuncts
[2019-05-02 20:21:15,280 INFO  L207   nArgumentSynthesizer]: 4 template conjuncts.
[2019-05-02 20:21:15,283 INFO  L402   nArgumentSynthesizer]: We have 4 Motzkin's Theorem applications.
[2019-05-02 20:21:15,283 INFO  L403   nArgumentSynthesizer]: A total of 0 supporting invariants were added.
[2019-05-02 20:21:15,286 INFO  L530          LassoAnalysis]: Proving termination failed for this template and these settings.
[2019-05-02 20:21:15,300 INFO  L497          LassoAnalysis]: Using template '4-nested'.
No working directory specified, using /home/xuechao/xuechao/work/Lab/Termination/Lasso-Ranker/z3
Starting monitored process 7 with z3 -smt2 -in SMTLIB2_COMPLIANT=true (exit command is (exit), workingDir is null)
Waiting until toolchain timeout for monitored process 7 with z3 -smt2 -in SMTLIB2_COMPLIANT=true
[2019-05-02 20:21:15,301 INFO  L122   nArgumentSynthesizer]: Termination Analysis Settings:
Termination analysis: LINEAR_WITH_GUESSES
Number of strict supporting invariants: 1
Number of non-strict supporting invariants: 0
Consider only non-deceasing supporting invariants: true
Simplify termination arguments: true
Simplify supporting invariants: trueOverapproximate stem: false
[2019-05-02 20:21:15,303 INFO  L339   nArgumentSynthesizer]: Template has degree 0.
[2019-05-02 20:21:15,303 INFO  L352   nArgumentSynthesizer]: There is no stem transition; disabling supporting invariant generation.
[2019-05-02 20:21:15,303 INFO  L205   nArgumentSynthesizer]: 1 stem disjuncts
[2019-05-02 20:21:15,303 INFO  L206   nArgumentSynthesizer]: 1 loop disjuncts
[2019-05-02 20:21:15,303 INFO  L207   nArgumentSynthesizer]: 5 template conjuncts.
[2019-05-02 20:21:15,307 INFO  L402   nArgumentSynthesizer]: We have 5 Motzkin's Theorem applications.
[2019-05-02 20:21:15,307 INFO  L403   nArgumentSynthesizer]: A total of 0 supporting invariants were added.
[2019-05-02 20:21:15,310 INFO  L530          LassoAnalysis]: Proving termination failed for this template and these settings.
[2019-05-02 20:21:15,324 INFO  L497          LassoAnalysis]: Using template '2-phase'.
No working directory specified, using /home/xuechao/xuechao/work/Lab/Termination/Lasso-Ranker/z3
Starting monitored process 8 with z3 -smt2 -in SMTLIB2_COMPLIANT=true (exit command is (exit), workingDir is null)
Waiting until toolchain timeout for monitored process 8 with z3 -smt2 -in SMTLIB2_COMPLIANT=true
[2019-05-02 20:21:15,330 INFO  L122   nArgumentSynthesizer]: Termination Analysis Settings:
Termination analysis: LINEAR_WITH_GUESSES
Number of strict supporting invariants: 1
Number of non-strict supporting invariants: 0
Consider only non-deceasing supporting invariants: true
Simplify termination arguments: true
Simplify supporting invariants: trueOverapproximate stem: false
[2019-05-02 20:21:15,332 WARN  L334   nArgumentSynthesizer]: Using a linear SMT query and a templates of degree > 0, hence this method is incomplete.
[2019-05-02 20:21:15,332 INFO  L339   nArgumentSynthesizer]: Template has degree 1.
[2019-05-02 20:21:15,332 INFO  L352   nArgumentSynthesizer]: There is no stem transition; disabling supporting invariant generation.
[2019-05-02 20:21:15,332 INFO  L205   nArgumentSynthesizer]: 1 stem disjuncts
[2019-05-02 20:21:15,332 INFO  L206   nArgumentSynthesizer]: 1 loop disjuncts
[2019-05-02 20:21:15,333 INFO  L207   nArgumentSynthesizer]: 3 template conjuncts.
[2019-05-02 20:21:15,338 INFO  L402   nArgumentSynthesizer]: We have 3 Motzkin's Theorem applications.
[2019-05-02 20:21:15,338 INFO  L403   nArgumentSynthesizer]: A total of 0 supporting invariants were added.
[2019-05-02 20:21:15,399 INFO  L530          LassoAnalysis]: Proving termination failed for this template and these settings.
[2019-05-02 20:21:15,413 INFO  L497          LassoAnalysis]: Using template 'lex(affine, affine)'.
No working directory specified, using /home/xuechao/xuechao/work/Lab/Termination/Lasso-Ranker/z3
Starting monitored process 9 with z3 -smt2 -in SMTLIB2_COMPLIANT=true (exit command is (exit), workingDir is null)
Waiting until toolchain timeout for monitored process 9 with z3 -smt2 -in SMTLIB2_COMPLIANT=true
[2019-05-02 20:21:15,415 INFO  L122   nArgumentSynthesizer]: Termination Analysis Settings:
Termination analysis: LINEAR_WITH_GUESSES
Number of strict supporting invariants: 1
Number of non-strict supporting invariants: 0
Consider only non-deceasing supporting invariants: true
Simplify termination arguments: true
Simplify supporting invariants: trueOverapproximate stem: false
[2019-05-02 20:21:15,417 WARN  L334   nArgumentSynthesizer]: Using a linear SMT query and a templates of degree > 0, hence this method is incomplete.
[2019-05-02 20:21:15,418 INFO  L339   nArgumentSynthesizer]: Template has degree 5.
[2019-05-02 20:21:15,418 INFO  L352   nArgumentSynthesizer]: There is no stem transition; disabling supporting invariant generation.
[2019-05-02 20:21:15,418 INFO  L205   nArgumentSynthesizer]: 1 stem disjuncts
[2019-05-02 20:21:15,418 INFO  L206   nArgumentSynthesizer]: 1 loop disjuncts
[2019-05-02 20:21:15,418 INFO  L207   nArgumentSynthesizer]: 4 template conjuncts.
[2019-05-02 20:21:15,423 INFO  L402   nArgumentSynthesizer]: We have 4 Motzkin's Theorem applications.
[2019-05-02 20:21:15,423 INFO  L403   nArgumentSynthesizer]: A total of 0 supporting invariants were added.
[2019-05-02 20:21:15,458 INFO  L530          LassoAnalysis]: Proving termination failed for this template and these settings.
[2019-05-02 20:21:15,472 INFO  L497          LassoAnalysis]: Using template '2-piece'.
No working directory specified, using /home/xuechao/xuechao/work/Lab/Termination/Lasso-Ranker/z3
Starting monitored process 10 with z3 -smt2 -in SMTLIB2_COMPLIANT=true (exit command is (exit), workingDir is null)
Waiting until toolchain timeout for monitored process 10 with z3 -smt2 -in SMTLIB2_COMPLIANT=true
[2019-05-02 20:21:15,475 INFO  L122   nArgumentSynthesizer]: Termination Analysis Settings:
Termination analysis: LINEAR_WITH_GUESSES
Number of strict supporting invariants: 1
Number of non-strict supporting invariants: 0
Consider only non-deceasing supporting invariants: true
Simplify termination arguments: true
Simplify supporting invariants: trueOverapproximate stem: false
[2019-05-02 20:21:15,477 WARN  L334   nArgumentSynthesizer]: Using a linear SMT query and a templates of degree > 0, hence this method is incomplete.
[2019-05-02 20:21:15,477 INFO  L339   nArgumentSynthesizer]: Template has degree 7.
[2019-05-02 20:21:15,477 INFO  L352   nArgumentSynthesizer]: There is no stem transition; disabling supporting invariant generation.
[2019-05-02 20:21:15,477 INFO  L205   nArgumentSynthesizer]: 1 stem disjuncts
[2019-05-02 20:21:15,478 INFO  L206   nArgumentSynthesizer]: 1 loop disjuncts
[2019-05-02 20:21:15,478 INFO  L207   nArgumentSynthesizer]: 7 template conjuncts.
[2019-05-02 20:21:15,497 INFO  L402   nArgumentSynthesizer]: We have 7 Motzkin's Theorem applications.
[2019-05-02 20:21:15,497 INFO  L403   nArgumentSynthesizer]: A total of 0 supporting invariants were added.
[2019-05-02 20:21:16,162 INFO  L530          LassoAnalysis]: Proving termination failed for this template and these settings.
[2019-05-02 20:21:16,175 INFO  L497          LassoAnalysis]: Using template '2-parallel'.
No working directory specified, using /home/xuechao/xuechao/work/Lab/Termination/Lasso-Ranker/z3
Starting monitored process 11 with z3 -smt2 -in SMTLIB2_COMPLIANT=true (exit command is (exit), workingDir is null)
Waiting until toolchain timeout for monitored process 11 with z3 -smt2 -in SMTLIB2_COMPLIANT=true
[2019-05-02 20:21:16,178 INFO  L122   nArgumentSynthesizer]: Termination Analysis Settings:
Termination analysis: LINEAR_WITH_GUESSES
Number of strict supporting invariants: 1
Number of non-strict supporting invariants: 0
Consider only non-deceasing supporting invariants: true
Simplify termination arguments: true
Simplify supporting invariants: trueOverapproximate stem: false
[2019-05-02 20:21:16,180 WARN  L334   nArgumentSynthesizer]: Using a linear SMT query and a templates of degree > 0, hence this method is incomplete.
[2019-05-02 20:21:16,180 INFO  L339   nArgumentSynthesizer]: Template has degree 4.
[2019-05-02 20:21:16,180 INFO  L352   nArgumentSynthesizer]: There is no stem transition; disabling supporting invariant generation.
[2019-05-02 20:21:16,181 INFO  L205   nArgumentSynthesizer]: 1 stem disjuncts
[2019-05-02 20:21:16,181 INFO  L206   nArgumentSynthesizer]: 1 loop disjuncts
[2019-05-02 20:21:16,181 INFO  L207   nArgumentSynthesizer]: 6 template conjuncts.
[2019-05-02 20:21:16,195 INFO  L402   nArgumentSynthesizer]: We have 6 Motzkin's Theorem applications.
[2019-05-02 20:21:16,196 INFO  L403   nArgumentSynthesizer]: A total of 0 supporting invariants were added.
[2019-05-02 20:21:16,269 INFO  L530          LassoAnalysis]: Proving termination failed for this template and these settings.
[2019-05-02 20:21:16,283 INFO  L489     LassoRankerStarter]: LassoRanker could not prove termination or nontermination of the given linear lasso program.
Templates: AffineTemplate NestedTemplate NestedTemplate NestedTemplate MultiphaseTemplate ComposedLexicographicTemplate PiecewiseTemplate ParallelTemplate
[2019-05-02 20:21:16,283 INFO  L132        PluginConnector]: ------------------------ END LassoRanker----------------------------
[2019-05-02 20:21:16,284 INFO  L168              Benchmark]: Toolchain (without parser) took 1605.53 ms. Allocated memory is still 514.9 MB. Free memory was 477.6 MB in the beginning and 388.9 MB in the end (delta: 88.8 MB). Peak memory consumption was 88.8 MB. Max. memory is 11.5 GB.
[2019-05-02 20:21:16,285 INFO  L168              Benchmark]: Boogie PL CUP Parser took 0.17 ms. Allocated memory is still 514.9 MB. Free memory is still 479.1 MB. There was no memory consumed. Max. memory is 11.5 GB.
[2019-05-02 20:21:16,285 INFO  L168              Benchmark]: Boogie Preprocessor took 28.12 ms. Allocated memory is still 514.9 MB. Free memory was 477.6 MB in the beginning and 475.0 MB in the end (delta: 2.7 MB). Peak memory consumption was 2.7 MB. Max. memory is 11.5 GB.
[2019-05-02 20:21:16,286 INFO  L168              Benchmark]: RCFGBuilder took 126.65 ms. Allocated memory is still 514.9 MB. Free memory was 475.0 MB in the beginning and 465.4 MB in the end (delta: 9.6 MB). Peak memory consumption was 9.6 MB. Max. memory is 11.5 GB.
[2019-05-02 20:21:16,287 INFO  L168              Benchmark]: LassoRanker took 1448.40 ms. Allocated memory is still 514.9 MB. Free memory was 465.4 MB in the beginning and 388.9 MB in the end (delta: 76.5 MB). Peak memory consumption was 76.5 MB. Max. memory is 11.5 GB.
[2019-05-02 20:21:16,289 INFO  L336   ainManager$Toolchain]: #######################  End [Toolchain 1] #######################
 --- Results ---
 * Results from de.uni_freiburg.informatik.ultimate.core:
  - StatisticsResult: Toolchain Benchmarks
    Benchmark results are:
 * Boogie PL CUP Parser took 0.17 ms. Allocated memory is still 514.9 MB. Free memory is still 479.1 MB. There was no memory consumed. Max. memory is 11.5 GB.
 * Boogie Preprocessor took 28.12 ms. Allocated memory is still 514.9 MB. Free memory was 477.6 MB in the beginning and 475.0 MB in the end (delta: 2.7 MB). Peak memory consumption was 2.7 MB. Max. memory is 11.5 GB.
 * RCFGBuilder took 126.65 ms. Allocated memory is still 514.9 MB. Free memory was 475.0 MB in the beginning and 465.4 MB in the end (delta: 9.6 MB). Peak memory consumption was 9.6 MB. Max. memory is 11.5 GB.
 * LassoRanker took 1448.40 ms. Allocated memory is still 514.9 MB. Free memory was 465.4 MB in the beginning and 388.9 MB in the end (delta: 76.5 MB). Peak memory consumption was 76.5 MB. Max. memory is 11.5 GB.
 * Results from de.uni_freiburg.informatik.ultimate.plugins.analysis.lassoranker:
  - NoResult [Line: 12]: LassoRanker could not prove termination
    LassoRanker could not prove termination or nontermination of the given linear lasso program.
Templates: AffineTemplate NestedTemplate NestedTemplate NestedTemplate MultiphaseTemplate ComposedLexicographicTemplate PiecewiseTemplate ParallelTemplate
RESULT: Ultimate could not prove your program: Toolchain returned no result.
Received shutdown request...
