This is Ultimate 0.1.24-16d85fa
[2019-05-02 20:21:21,691 INFO  L170        SettingsManager]: Resetting all preferences to default values...
[2019-05-02 20:21:21,692 INFO  L174        SettingsManager]: Resetting UltimateCore preferences to default values
[2019-05-02 20:21:21,702 INFO  L177        SettingsManager]: Ultimate Commandline Interface provides no preferences, ignoring...
[2019-05-02 20:21:21,702 INFO  L174        SettingsManager]: Resetting Boogie Preprocessor preferences to default values
[2019-05-02 20:21:21,703 INFO  L174        SettingsManager]: Resetting Boogie Procedure Inliner preferences to default values
[2019-05-02 20:21:21,704 INFO  L174        SettingsManager]: Resetting Abstract Interpretation preferences to default values
[2019-05-02 20:21:21,705 INFO  L174        SettingsManager]: Resetting LassoRanker preferences to default values
[2019-05-02 20:21:21,706 INFO  L174        SettingsManager]: Resetting Reaching Definitions preferences to default values
[2019-05-02 20:21:21,707 INFO  L174        SettingsManager]: Resetting SyntaxChecker preferences to default values
[2019-05-02 20:21:21,707 INFO  L177        SettingsManager]: Büchi Program Product provides no preferences, ignoring...
[2019-05-02 20:21:21,707 INFO  L174        SettingsManager]: Resetting LTL2Aut preferences to default values
[2019-05-02 20:21:21,708 INFO  L174        SettingsManager]: Resetting PEA to Boogie preferences to default values
[2019-05-02 20:21:21,709 INFO  L174        SettingsManager]: Resetting BlockEncodingV2 preferences to default values
[2019-05-02 20:21:21,709 INFO  L174        SettingsManager]: Resetting ChcToBoogie preferences to default values
[2019-05-02 20:21:21,710 INFO  L174        SettingsManager]: Resetting AutomataScriptInterpreter preferences to default values
[2019-05-02 20:21:21,711 INFO  L174        SettingsManager]: Resetting BuchiAutomizer preferences to default values
[2019-05-02 20:21:21,712 INFO  L174        SettingsManager]: Resetting CACSL2BoogieTranslator preferences to default values
[2019-05-02 20:21:21,713 INFO  L174        SettingsManager]: Resetting CodeCheck preferences to default values
[2019-05-02 20:21:21,714 INFO  L174        SettingsManager]: Resetting InvariantSynthesis preferences to default values
[2019-05-02 20:21:21,715 INFO  L174        SettingsManager]: Resetting RCFGBuilder preferences to default values
[2019-05-02 20:21:21,716 INFO  L174        SettingsManager]: Resetting TraceAbstraction preferences to default values
[2019-05-02 20:21:21,717 INFO  L177        SettingsManager]: TraceAbstractionConcurrent provides no preferences, ignoring...
[2019-05-02 20:21:21,718 INFO  L177        SettingsManager]: TraceAbstractionWithAFAs provides no preferences, ignoring...
[2019-05-02 20:21:21,718 INFO  L174        SettingsManager]: Resetting TreeAutomizer preferences to default values
[2019-05-02 20:21:21,718 INFO  L174        SettingsManager]: Resetting IcfgTransformer preferences to default values
[2019-05-02 20:21:21,719 INFO  L174        SettingsManager]: Resetting Boogie Printer preferences to default values
[2019-05-02 20:21:21,720 INFO  L174        SettingsManager]: Resetting ReqPrinter preferences to default values
[2019-05-02 20:21:21,720 INFO  L174        SettingsManager]: Resetting Witness Printer preferences to default values
[2019-05-02 20:21:21,721 INFO  L177        SettingsManager]: Boogie PL CUP Parser provides no preferences, ignoring...
[2019-05-02 20:21:21,721 INFO  L174        SettingsManager]: Resetting CDTParser preferences to default values
[2019-05-02 20:21:21,721 INFO  L177        SettingsManager]: AutomataScriptParser provides no preferences, ignoring...
[2019-05-02 20:21:21,721 INFO  L177        SettingsManager]: ReqParser provides no preferences, ignoring...
[2019-05-02 20:21:21,721 INFO  L174        SettingsManager]: Resetting SmtParser preferences to default values
[2019-05-02 20:21:21,722 INFO  L174        SettingsManager]: Resetting Witness Parser preferences to default values
[2019-05-02 20:21:21,723 INFO  L181        SettingsManager]: Finished resetting all preferences to default values...
[2019-05-02 20:21:21,739 INFO  L81    nceAwareModelManager]: Repository-Root is: /tmp
[2019-05-02 20:21:21,747 INFO  L258   ainManager$Toolchain]: [Toolchain 1]: Applicable parser(s) successfully (re)initialized
[2019-05-02 20:21:21,750 INFO  L214   ainManager$Toolchain]: [Toolchain 1]: Toolchain selected.
[2019-05-02 20:21:21,751 INFO  L271        PluginConnector]: Initializing Boogie PL CUP Parser...
[2019-05-02 20:21:21,752 INFO  L276        PluginConnector]: Boogie PL CUP Parser initialized
[2019-05-02 20:21:21,752 INFO  L418   ainManager$Toolchain]: [Toolchain 1]: Parsing single file: /home/xuechao/xuechao/work/Lab/Termination/Lasso-Ranker/Program_non/98.bpl
[2019-05-02 20:21:21,752 INFO  L111           BoogieParser]: Parsing: '/home/xuechao/xuechao/work/Lab/Termination/Lasso-Ranker/Program_non/98.bpl'
[2019-05-02 20:21:21,774 INFO  L296   ainManager$Toolchain]: ####################### [Toolchain 1] #######################
[2019-05-02 20:21:21,775 INFO  L131        ToolchainWalker]: Walking toolchain with 3 elements.
[2019-05-02 20:21:21,776 INFO  L113        PluginConnector]: ------------------------Boogie Preprocessor----------------------------
[2019-05-02 20:21:21,776 INFO  L271        PluginConnector]: Initializing Boogie Preprocessor...
[2019-05-02 20:21:21,776 INFO  L276        PluginConnector]: Boogie Preprocessor initialized
[2019-05-02 20:21:21,792 INFO  L185        PluginConnector]: Executing the observer EnsureBoogieModelObserver from plugin Boogie Preprocessor for "98.bpl de.uni_freiburg.informatik.ultimate.boogie.parser AST 02.05 08:21:21" (1/1) ...
[2019-05-02 20:21:21,793 INFO  L185        PluginConnector]: Executing the observer TypeChecker from plugin Boogie Preprocessor for "98.bpl de.uni_freiburg.informatik.ultimate.boogie.parser AST 02.05 08:21:21" (1/1) ...
[2019-05-02 20:21:21,798 INFO  L185        PluginConnector]: Executing the observer ConstExpander from plugin Boogie Preprocessor for "98.bpl de.uni_freiburg.informatik.ultimate.boogie.parser AST 02.05 08:21:21" (1/1) ...
[2019-05-02 20:21:21,798 INFO  L185        PluginConnector]: Executing the observer StructExpander from plugin Boogie Preprocessor for "98.bpl de.uni_freiburg.informatik.ultimate.boogie.parser AST 02.05 08:21:21" (1/1) ...
[2019-05-02 20:21:21,799 INFO  L185        PluginConnector]: Executing the observer UnstructureCode from plugin Boogie Preprocessor for "98.bpl de.uni_freiburg.informatik.ultimate.boogie.parser AST 02.05 08:21:21" (1/1) ...
[2019-05-02 20:21:21,802 INFO  L185        PluginConnector]: Executing the observer FunctionInliner from plugin Boogie Preprocessor for "98.bpl de.uni_freiburg.informatik.ultimate.boogie.parser AST 02.05 08:21:21" (1/1) ...
[2019-05-02 20:21:21,803 INFO  L185        PluginConnector]: Executing the observer BoogieSymbolTableConstructor from plugin Boogie Preprocessor for "98.bpl de.uni_freiburg.informatik.ultimate.boogie.parser AST 02.05 08:21:21" (1/1) ...
[2019-05-02 20:21:21,804 INFO  L132        PluginConnector]: ------------------------ END Boogie Preprocessor----------------------------
[2019-05-02 20:21:21,804 INFO  L113        PluginConnector]: ------------------------RCFGBuilder----------------------------
[2019-05-02 20:21:21,804 INFO  L271        PluginConnector]: Initializing RCFGBuilder...
[2019-05-02 20:21:21,805 INFO  L276        PluginConnector]: RCFGBuilder initialized
[2019-05-02 20:21:21,805 INFO  L185        PluginConnector]: Executing the observer RCFGBuilderObserver from plugin RCFGBuilder for "98.bpl de.uni_freiburg.informatik.ultimate.boogie.parser AST 02.05 08:21:21" (1/1) ...
No working directory specified, using /home/xuechao/xuechao/work/Lab/Termination/Lasso-Ranker/z3
Starting monitored process 1 with z3 SMTLIB2_COMPLIANT=true -memory:1024 -smt2 -in -t:12000 (exit command is (exit), workingDir is null)
Waiting until toolchain timeout for monitored process 1 with z3 SMTLIB2_COMPLIANT=true -memory:1024 -smt2 -in -t:12000
[2019-05-02 20:21:21,844 INFO  L124     BoogieDeclarations]: Specification and implementation of procedure main given in one single declaration
[2019-05-02 20:21:21,844 INFO  L130     BoogieDeclarations]: Found specification of procedure main
[2019-05-02 20:21:21,844 INFO  L138     BoogieDeclarations]: Found implementation of procedure main
[2019-05-02 20:21:21,932 INFO  L278             CfgBuilder]: Using library mode
[2019-05-02 20:21:21,932 INFO  L286             CfgBuilder]: Removed 0 assue(true) statements.
[2019-05-02 20:21:21,933 INFO  L202        PluginConnector]: Adding new model 98.bpl de.uni_freiburg.informatik.ultimate.plugins.generator.rcfgbuilder CFG 02.05 08:21:21 BoogieIcfgContainer
[2019-05-02 20:21:21,933 INFO  L132        PluginConnector]: ------------------------ END RCFGBuilder----------------------------
[2019-05-02 20:21:21,933 INFO  L113        PluginConnector]: ------------------------LassoRanker----------------------------
[2019-05-02 20:21:21,933 INFO  L271        PluginConnector]: Initializing LassoRanker...
[2019-05-02 20:21:21,934 INFO  L276        PluginConnector]: LassoRanker initialized
[2019-05-02 20:21:21,934 INFO  L185        PluginConnector]: Executing the observer LassoRankerObserver from plugin LassoRanker for "98.bpl de.uni_freiburg.informatik.ultimate.plugins.generator.rcfgbuilder CFG 02.05 08:21:21" (1/1) ...
[2019-05-02 20:21:21,958 INFO  L72            BuchiIsEmpty]: Start buchiIsEmpty. Operand 2 states.
[2019-05-02 20:21:21,974 INFO  L131   ngComponentsAnalysis]: Automaton has 1 accepting balls. 1
[2019-05-02 20:21:21,975 INFO  L87            BuchiIsEmpty]: Finished buchiIsEmpty Result is false
[2019-05-02 20:21:21,975 INFO  L119           BuchiIsEmpty]: Starting construction of run
[2019-05-02 20:21:21,980 INFO  L104     BuchiDifferenceFKV]: Start buchiDifferenceFKV. First operand 2 states. Second operand 1 states.
[2019-05-02 20:21:21,989 INFO  L108     BuchiDifferenceFKV]: Finished buchiDifferenceFKV. First operand 2 states. Second operand 1 states. Result 3 states and 4 transitions. Complement of second has 2 states 2 powerset states0 rank states. The highest rank that occured is -1
[2019-05-02 20:21:21,989 INFO  L72            BuchiIsEmpty]: Start buchiIsEmpty. Operand 3 states and 4 transitions.
[2019-05-02 20:21:21,989 INFO  L131   ngComponentsAnalysis]: Automaton has 0 accepting balls. 0
[2019-05-02 20:21:21,989 INFO  L87            BuchiIsEmpty]: Finished buchiIsEmpty Result is true
[2019-05-02 20:21:22,041 INFO  L216          LassoAnalysis]: Preferences:
[2019-05-02 20:21:22,042 INFO  L124   ssoRankerPreferences]: Compute integeral hull: false
[2019-05-02 20:21:22,042 INFO  L125   ssoRankerPreferences]: Enable LassoPartitioneer: true
[2019-05-02 20:21:22,043 INFO  L126   ssoRankerPreferences]: Term annotations enabled: false
[2019-05-02 20:21:22,043 INFO  L127   ssoRankerPreferences]: Use exernal solver: true
[2019-05-02 20:21:22,043 INFO  L128   ssoRankerPreferences]: SMT solver command: z3 -smt2 -in SMTLIB2_COMPLIANT=true
[2019-05-02 20:21:22,043 INFO  L129   ssoRankerPreferences]: Dump SMT script to file: false
[2019-05-02 20:21:22,043 INFO  L130   ssoRankerPreferences]: Path of dumped script: .
[2019-05-02 20:21:22,043 INFO  L131   ssoRankerPreferences]: Filename of dumped script: LassoRankerScript
[2019-05-02 20:21:22,043 INFO  L132   ssoRankerPreferences]: MapElimAlgo: Frank
[2019-05-02 20:21:22,043 INFO  L282          LassoAnalysis]: Starting lasso preprocessing...
[2019-05-02 20:21:22,058 INFO  L141          MapEliminator]: Using MapEliminator with SimplificationTechnique=SIMPLIFY_DDA XnfConversionTechnique=BOTTOM_UP_WITH_LOCAL_SIMPLIFICATION AddInequalities=false OnlyTrivialImplicationsArrayWrite=false OnlyTrivialImplicationsForModifiedArguments=true OnlyArgumentsInFormula=true
[2019-05-02 20:21:22,154 INFO  L300          LassoAnalysis]: Preprocessing complete.
[2019-05-02 20:21:22,155 INFO  L412          LassoAnalysis]: Checking for nontermination...
No working directory specified, using /home/xuechao/xuechao/work/Lab/Termination/Lasso-Ranker/z3
Starting monitored process 2 with z3 -smt2 -in SMTLIB2_COMPLIANT=true (exit command is (exit), workingDir is null)
Waiting until toolchain timeout for monitored process 2 with z3 -smt2 -in SMTLIB2_COMPLIANT=true
[2019-05-02 20:21:22,162 INFO  L151   nArgumentSynthesizer]: Nontermination analysis: LINEAR_WITH_GUESSES Allow bounded executions: true Number of generalized eigenvectors: 0 Nilpotent components: true
[2019-05-02 20:21:22,162 INFO  L163   nArgumentSynthesizer]: Using integer mode.
No working directory specified, using /home/xuechao/xuechao/work/Lab/Termination/Lasso-Ranker/z3
Starting monitored process 3 with z3 -smt2 -in SMTLIB2_COMPLIANT=true (exit command is (exit), workingDir is null)
Waiting until toolchain timeout for monitored process 3 with z3 -smt2 -in SMTLIB2_COMPLIANT=true
[2019-05-02 20:21:22,184 INFO  L151   nArgumentSynthesizer]: Nontermination analysis: LINEAR_WITH_GUESSES Allow bounded executions: true Number of generalized eigenvectors: 3 Nilpotent components: true
[2019-05-02 20:21:22,184 INFO  L163   nArgumentSynthesizer]: Using integer mode.
[2019-05-02 20:21:22,222 INFO  L452          LassoAnalysis]: Proving nontermination failed: No geometric nontermination argument exists.
[2019-05-02 20:21:22,224 INFO  L216          LassoAnalysis]: Preferences:
[2019-05-02 20:21:22,224 INFO  L124   ssoRankerPreferences]: Compute integeral hull: false
[2019-05-02 20:21:22,224 INFO  L125   ssoRankerPreferences]: Enable LassoPartitioneer: true
[2019-05-02 20:21:22,224 INFO  L126   ssoRankerPreferences]: Term annotations enabled: false
[2019-05-02 20:21:22,224 INFO  L127   ssoRankerPreferences]: Use exernal solver: true
[2019-05-02 20:21:22,224 INFO  L128   ssoRankerPreferences]: SMT solver command: z3 -smt2 -in SMTLIB2_COMPLIANT=true
[2019-05-02 20:21:22,224 INFO  L129   ssoRankerPreferences]: Dump SMT script to file: false
[2019-05-02 20:21:22,224 INFO  L130   ssoRankerPreferences]: Path of dumped script: .
[2019-05-02 20:21:22,224 INFO  L131   ssoRankerPreferences]: Filename of dumped script: LassoRankerScript
[2019-05-02 20:21:22,224 INFO  L132   ssoRankerPreferences]: MapElimAlgo: Frank
[2019-05-02 20:21:22,224 INFO  L282          LassoAnalysis]: Starting lasso preprocessing...
[2019-05-02 20:21:22,226 INFO  L141          MapEliminator]: Using MapEliminator with SimplificationTechnique=SIMPLIFY_DDA XnfConversionTechnique=BOTTOM_UP_WITH_LOCAL_SIMPLIFICATION AddInequalities=false OnlyTrivialImplicationsArrayWrite=false OnlyTrivialImplicationsForModifiedArguments=true OnlyArgumentsInFormula=true
[2019-05-02 20:21:22,298 INFO  L300          LassoAnalysis]: Preprocessing complete.
[2019-05-02 20:21:22,302 INFO  L497          LassoAnalysis]: Using template 'affine'.
No working directory specified, using /home/xuechao/xuechao/work/Lab/Termination/Lasso-Ranker/z3
Starting monitored process 4 with z3 -smt2 -in SMTLIB2_COMPLIANT=true (exit command is (exit), workingDir is null)
Waiting until toolchain timeout for monitored process 4 with z3 -smt2 -in SMTLIB2_COMPLIANT=true
[2019-05-02 20:21:22,305 INFO  L122   nArgumentSynthesizer]: Termination Analysis Settings:
Termination analysis: LINEAR_WITH_GUESSES
Number of strict supporting invariants: 1
Number of non-strict supporting invariants: 0
Consider only non-deceasing supporting invariants: true
Simplify termination arguments: true
Simplify supporting invariants: trueOverapproximate stem: false
[2019-05-02 20:21:22,306 INFO  L339   nArgumentSynthesizer]: Template has degree 0.
[2019-05-02 20:21:22,307 INFO  L352   nArgumentSynthesizer]: There is no stem transition; disabling supporting invariant generation.
[2019-05-02 20:21:22,307 INFO  L205   nArgumentSynthesizer]: 1 stem disjuncts
[2019-05-02 20:21:22,307 INFO  L206   nArgumentSynthesizer]: 1 loop disjuncts
[2019-05-02 20:21:22,307 INFO  L207   nArgumentSynthesizer]: 2 template conjuncts.
[2019-05-02 20:21:22,310 INFO  L402   nArgumentSynthesizer]: We have 2 Motzkin's Theorem applications.
[2019-05-02 20:21:22,310 INFO  L403   nArgumentSynthesizer]: A total of 0 supporting invariants were added.
[2019-05-02 20:21:22,313 INFO  L530          LassoAnalysis]: Proving termination failed for this template and these settings.
[2019-05-02 20:21:22,327 INFO  L497          LassoAnalysis]: Using template '2-nested'.
No working directory specified, using /home/xuechao/xuechao/work/Lab/Termination/Lasso-Ranker/z3
Starting monitored process 5 with z3 -smt2 -in SMTLIB2_COMPLIANT=true (exit command is (exit), workingDir is null)
Waiting until toolchain timeout for monitored process 5 with z3 -smt2 -in SMTLIB2_COMPLIANT=true
[2019-05-02 20:21:22,330 INFO  L122   nArgumentSynthesizer]: Termination Analysis Settings:
Termination analysis: LINEAR_WITH_GUESSES
Number of strict supporting invariants: 1
Number of non-strict supporting invariants: 0
Consider only non-deceasing supporting invariants: true
Simplify termination arguments: true
Simplify supporting invariants: trueOverapproximate stem: false
[2019-05-02 20:21:22,332 INFO  L339   nArgumentSynthesizer]: Template has degree 0.
[2019-05-02 20:21:22,332 INFO  L352   nArgumentSynthesizer]: There is no stem transition; disabling supporting invariant generation.
[2019-05-02 20:21:22,332 INFO  L205   nArgumentSynthesizer]: 1 stem disjuncts
[2019-05-02 20:21:22,332 INFO  L206   nArgumentSynthesizer]: 1 loop disjuncts
[2019-05-02 20:21:22,332 INFO  L207   nArgumentSynthesizer]: 3 template conjuncts.
[2019-05-02 20:21:22,335 INFO  L402   nArgumentSynthesizer]: We have 3 Motzkin's Theorem applications.
[2019-05-02 20:21:22,336 INFO  L403   nArgumentSynthesizer]: A total of 0 supporting invariants were added.
[2019-05-02 20:21:22,338 INFO  L530          LassoAnalysis]: Proving termination failed for this template and these settings.
[2019-05-02 20:21:22,353 INFO  L497          LassoAnalysis]: Using template '3-nested'.
No working directory specified, using /home/xuechao/xuechao/work/Lab/Termination/Lasso-Ranker/z3
Starting monitored process 6 with z3 -smt2 -in SMTLIB2_COMPLIANT=true (exit command is (exit), workingDir is null)
[2019-05-02 20:21:22,355 INFO  L122   nArgumentSynthesizer]: Termination Analysis Settings:
Termination analysis: LINEAR_WITH_GUESSES
Number of strict supporting invariants: 1
Number of non-strict supporting invariants: 0
Consider only non-deceasing supporting invariants: true
Simplify termination arguments: true
Simplify supporting invariants: trueOverapproximate stem: false
[2019-05-02 20:21:22,356 INFO  L339   nArgumentSynthesizer]: Template has degree 0.
[2019-05-02 20:21:22,357 INFO  L352   nArgumentSynthesizer]: There is no stem transition; disabling supporting invariant generation.
[2019-05-02 20:21:22,357 INFO  L205   nArgumentSynthesizer]: 1 stem disjuncts
[2019-05-02 20:21:22,357 INFO  L206   nArgumentSynthesizer]: 1 loop disjuncts
[2019-05-02 20:21:22,357 INFO  L207   nArgumentSynthesizer]: 4 template conjuncts.
[2019-05-02 20:21:22,360 INFO  L402   nArgumentSynthesizer]: We have 4 Motzkin's Theorem applications.
[2019-05-02 20:21:22,360 INFO  L403   nArgumentSynthesizer]: A total of 0 supporting invariants were added.
[2019-05-02 20:21:22,363 INFO  L530          LassoAnalysis]: Proving termination failed for this template and these settings.
Waiting until toolchain timeout for monitored process 6 with z3 -smt2 -in SMTLIB2_COMPLIANT=true
[2019-05-02 20:21:22,379 INFO  L497          LassoAnalysis]: Using template '4-nested'.
No working directory specified, using /home/xuechao/xuechao/work/Lab/Termination/Lasso-Ranker/z3
Starting monitored process 7 with z3 -smt2 -in SMTLIB2_COMPLIANT=true (exit command is (exit), workingDir is null)
Waiting until toolchain timeout for monitored process 7 with z3 -smt2 -in SMTLIB2_COMPLIANT=true
[2019-05-02 20:21:22,383 INFO  L122   nArgumentSynthesizer]: Termination Analysis Settings:
Termination analysis: LINEAR_WITH_GUESSES
Number of strict supporting invariants: 1
Number of non-strict supporting invariants: 0
Consider only non-deceasing supporting invariants: true
Simplify termination arguments: true
Simplify supporting invariants: trueOverapproximate stem: false
[2019-05-02 20:21:22,385 INFO  L339   nArgumentSynthesizer]: Template has degree 0.
[2019-05-02 20:21:22,385 INFO  L352   nArgumentSynthesizer]: There is no stem transition; disabling supporting invariant generation.
[2019-05-02 20:21:22,386 INFO  L205   nArgumentSynthesizer]: 1 stem disjuncts
[2019-05-02 20:21:22,386 INFO  L206   nArgumentSynthesizer]: 1 loop disjuncts
[2019-05-02 20:21:22,386 INFO  L207   nArgumentSynthesizer]: 5 template conjuncts.
[2019-05-02 20:21:22,392 INFO  L402   nArgumentSynthesizer]: We have 5 Motzkin's Theorem applications.
[2019-05-02 20:21:22,392 INFO  L403   nArgumentSynthesizer]: A total of 0 supporting invariants were added.
[2019-05-02 20:21:22,401 INFO  L530          LassoAnalysis]: Proving termination failed for this template and these settings.
[2019-05-02 20:21:22,415 INFO  L497          LassoAnalysis]: Using template '2-phase'.
No working directory specified, using /home/xuechao/xuechao/work/Lab/Termination/Lasso-Ranker/z3
Starting monitored process 8 with z3 -smt2 -in SMTLIB2_COMPLIANT=true (exit command is (exit), workingDir is null)
Waiting until toolchain timeout for monitored process 8 with z3 -smt2 -in SMTLIB2_COMPLIANT=true
[2019-05-02 20:21:22,417 INFO  L122   nArgumentSynthesizer]: Termination Analysis Settings:
Termination analysis: LINEAR_WITH_GUESSES
Number of strict supporting invariants: 1
Number of non-strict supporting invariants: 0
Consider only non-deceasing supporting invariants: true
Simplify termination arguments: true
Simplify supporting invariants: trueOverapproximate stem: false
[2019-05-02 20:21:22,419 WARN  L334   nArgumentSynthesizer]: Using a linear SMT query and a templates of degree > 0, hence this method is incomplete.
[2019-05-02 20:21:22,419 INFO  L339   nArgumentSynthesizer]: Template has degree 1.
[2019-05-02 20:21:22,419 INFO  L352   nArgumentSynthesizer]: There is no stem transition; disabling supporting invariant generation.
[2019-05-02 20:21:22,419 INFO  L205   nArgumentSynthesizer]: 1 stem disjuncts
[2019-05-02 20:21:22,419 INFO  L206   nArgumentSynthesizer]: 1 loop disjuncts
[2019-05-02 20:21:22,419 INFO  L207   nArgumentSynthesizer]: 3 template conjuncts.
[2019-05-02 20:21:22,430 INFO  L402   nArgumentSynthesizer]: We have 3 Motzkin's Theorem applications.
[2019-05-02 20:21:22,430 INFO  L403   nArgumentSynthesizer]: A total of 0 supporting invariants were added.
[2019-05-02 20:21:22,604 INFO  L530          LassoAnalysis]: Proving termination failed for this template and these settings.
[2019-05-02 20:21:22,617 INFO  L497          LassoAnalysis]: Using template 'lex(affine, affine)'.
No working directory specified, using /home/xuechao/xuechao/work/Lab/Termination/Lasso-Ranker/z3
Starting monitored process 9 with z3 -smt2 -in SMTLIB2_COMPLIANT=true (exit command is (exit), workingDir is null)
Waiting until toolchain timeout for monitored process 9 with z3 -smt2 -in SMTLIB2_COMPLIANT=true
[2019-05-02 20:21:22,619 INFO  L122   nArgumentSynthesizer]: Termination Analysis Settings:
Termination analysis: LINEAR_WITH_GUESSES
Number of strict supporting invariants: 1
Number of non-strict supporting invariants: 0
Consider only non-deceasing supporting invariants: true
Simplify termination arguments: true
Simplify supporting invariants: trueOverapproximate stem: false
[2019-05-02 20:21:22,622 WARN  L334   nArgumentSynthesizer]: Using a linear SMT query and a templates of degree > 0, hence this method is incomplete.
[2019-05-02 20:21:22,622 INFO  L339   nArgumentSynthesizer]: Template has degree 5.
[2019-05-02 20:21:22,622 INFO  L352   nArgumentSynthesizer]: There is no stem transition; disabling supporting invariant generation.
[2019-05-02 20:21:22,622 INFO  L205   nArgumentSynthesizer]: 1 stem disjuncts
[2019-05-02 20:21:22,622 INFO  L206   nArgumentSynthesizer]: 1 loop disjuncts
[2019-05-02 20:21:22,623 INFO  L207   nArgumentSynthesizer]: 4 template conjuncts.
[2019-05-02 20:21:22,627 INFO  L402   nArgumentSynthesizer]: We have 4 Motzkin's Theorem applications.
[2019-05-02 20:21:22,627 INFO  L403   nArgumentSynthesizer]: A total of 0 supporting invariants were added.
[2019-05-02 20:21:22,674 INFO  L530          LassoAnalysis]: Proving termination failed for this template and these settings.
[2019-05-02 20:21:22,687 INFO  L497          LassoAnalysis]: Using template '2-piece'.
No working directory specified, using /home/xuechao/xuechao/work/Lab/Termination/Lasso-Ranker/z3
Starting monitored process 10 with z3 -smt2 -in SMTLIB2_COMPLIANT=true (exit command is (exit), workingDir is null)
Waiting until toolchain timeout for monitored process 10 with z3 -smt2 -in SMTLIB2_COMPLIANT=true
[2019-05-02 20:21:22,690 INFO  L122   nArgumentSynthesizer]: Termination Analysis Settings:
Termination analysis: LINEAR_WITH_GUESSES
Number of strict supporting invariants: 1
Number of non-strict supporting invariants: 0
Consider only non-deceasing supporting invariants: true
Simplify termination arguments: true
Simplify supporting invariants: trueOverapproximate stem: false
[2019-05-02 20:21:22,692 WARN  L334   nArgumentSynthesizer]: Using a linear SMT query and a templates of degree > 0, hence this method is incomplete.
[2019-05-02 20:21:22,692 INFO  L339   nArgumentSynthesizer]: Template has degree 7.
[2019-05-02 20:21:22,693 INFO  L352   nArgumentSynthesizer]: There is no stem transition; disabling supporting invariant generation.
[2019-05-02 20:21:22,693 INFO  L205   nArgumentSynthesizer]: 1 stem disjuncts
[2019-05-02 20:21:22,693 INFO  L206   nArgumentSynthesizer]: 1 loop disjuncts
[2019-05-02 20:21:22,693 INFO  L207   nArgumentSynthesizer]: 7 template conjuncts.
[2019-05-02 20:21:22,712 INFO  L402   nArgumentSynthesizer]: We have 7 Motzkin's Theorem applications.
[2019-05-02 20:21:22,712 INFO  L403   nArgumentSynthesizer]: A total of 0 supporting invariants were added.
[2019-05-02 20:21:44,644 INFO  L530          LassoAnalysis]: Proving termination failed for this template and these settings.
[2019-05-02 20:21:44,658 INFO  L497          LassoAnalysis]: Using template '2-parallel'.
No working directory specified, using /home/xuechao/xuechao/work/Lab/Termination/Lasso-Ranker/z3
Starting monitored process 11 with z3 -smt2 -in SMTLIB2_COMPLIANT=true (exit command is (exit), workingDir is null)
Waiting until toolchain timeout for monitored process 11 with z3 -smt2 -in SMTLIB2_COMPLIANT=true
[2019-05-02 20:21:44,661 INFO  L122   nArgumentSynthesizer]: Termination Analysis Settings:
Termination analysis: LINEAR_WITH_GUESSES
Number of strict supporting invariants: 1
Number of non-strict supporting invariants: 0
Consider only non-deceasing supporting invariants: true
Simplify termination arguments: true
Simplify supporting invariants: trueOverapproximate stem: false
[2019-05-02 20:21:44,662 WARN  L334   nArgumentSynthesizer]: Using a linear SMT query and a templates of degree > 0, hence this method is incomplete.
[2019-05-02 20:21:44,663 INFO  L339   nArgumentSynthesizer]: Template has degree 4.
[2019-05-02 20:21:44,663 INFO  L352   nArgumentSynthesizer]: There is no stem transition; disabling supporting invariant generation.
[2019-05-02 20:21:44,663 INFO  L205   nArgumentSynthesizer]: 1 stem disjuncts
[2019-05-02 20:21:44,663 INFO  L206   nArgumentSynthesizer]: 1 loop disjuncts
[2019-05-02 20:21:44,663 INFO  L207   nArgumentSynthesizer]: 6 template conjuncts.
[2019-05-02 20:21:44,669 INFO  L402   nArgumentSynthesizer]: We have 6 Motzkin's Theorem applications.
[2019-05-02 20:21:44,669 INFO  L403   nArgumentSynthesizer]: A total of 0 supporting invariants were added.
[2019-05-02 20:21:44,782 INFO  L530          LassoAnalysis]: Proving termination failed for this template and these settings.
[2019-05-02 20:21:44,797 INFO  L489     LassoRankerStarter]: LassoRanker could not prove termination or nontermination of the given linear lasso program.
Templates: AffineTemplate NestedTemplate NestedTemplate NestedTemplate MultiphaseTemplate ComposedLexicographicTemplate PiecewiseTemplate ParallelTemplate
[2019-05-02 20:21:44,798 INFO  L132        PluginConnector]: ------------------------ END LassoRanker----------------------------
[2019-05-02 20:21:44,799 INFO  L168              Benchmark]: Toolchain (without parser) took 23023.98 ms. Allocated memory is still 514.9 MB. Free memory was 475.0 MB in the beginning and 373.9 MB in the end (delta: 101.0 MB). Peak memory consumption was 101.0 MB. Max. memory is 11.5 GB.
[2019-05-02 20:21:44,800 INFO  L168              Benchmark]: Boogie PL CUP Parser took 0.12 ms. Allocated memory is still 514.9 MB. Free memory is still 476.4 MB. There was no memory consumed. Max. memory is 11.5 GB.
[2019-05-02 20:21:44,800 INFO  L168              Benchmark]: Boogie Preprocessor took 28.42 ms. Allocated memory is still 514.9 MB. Free memory was 475.0 MB in the beginning and 472.3 MB in the end (delta: 2.7 MB). Peak memory consumption was 2.7 MB. Max. memory is 11.5 GB.
[2019-05-02 20:21:44,801 INFO  L168              Benchmark]: RCFGBuilder took 128.65 ms. Allocated memory is still 514.9 MB. Free memory was 472.3 MB in the beginning and 462.7 MB in the end (delta: 9.6 MB). Peak memory consumption was 9.6 MB. Max. memory is 11.5 GB.
[2019-05-02 20:21:44,802 INFO  L168              Benchmark]: LassoRanker took 22864.65 ms. Allocated memory is still 514.9 MB. Free memory was 462.7 MB in the beginning and 373.9 MB in the end (delta: 88.8 MB). Peak memory consumption was 88.8 MB. Max. memory is 11.5 GB.
[2019-05-02 20:21:44,804 INFO  L336   ainManager$Toolchain]: #######################  End [Toolchain 1] #######################
 --- Results ---
 * Results from de.uni_freiburg.informatik.ultimate.core:
  - StatisticsResult: Toolchain Benchmarks
    Benchmark results are:
 * Boogie PL CUP Parser took 0.12 ms. Allocated memory is still 514.9 MB. Free memory is still 476.4 MB. There was no memory consumed. Max. memory is 11.5 GB.
 * Boogie Preprocessor took 28.42 ms. Allocated memory is still 514.9 MB. Free memory was 475.0 MB in the beginning and 472.3 MB in the end (delta: 2.7 MB). Peak memory consumption was 2.7 MB. Max. memory is 11.5 GB.
 * RCFGBuilder took 128.65 ms. Allocated memory is still 514.9 MB. Free memory was 472.3 MB in the beginning and 462.7 MB in the end (delta: 9.6 MB). Peak memory consumption was 9.6 MB. Max. memory is 11.5 GB.
 * LassoRanker took 22864.65 ms. Allocated memory is still 514.9 MB. Free memory was 462.7 MB in the beginning and 373.9 MB in the end (delta: 88.8 MB). Peak memory consumption was 88.8 MB. Max. memory is 11.5 GB.
 * Results from de.uni_freiburg.informatik.ultimate.plugins.analysis.lassoranker:
  - NoResult [Line: 13]: LassoRanker could not prove termination
    LassoRanker could not prove termination or nontermination of the given linear lasso program.
Templates: AffineTemplate NestedTemplate NestedTemplate NestedTemplate MultiphaseTemplate ComposedLexicographicTemplate PiecewiseTemplate ParallelTemplate
RESULT: Ultimate could not prove your program: Toolchain returned no result.
Received shutdown request...
