!SESSION 2020-06-16 00:29:15.036 -----------------------------------------------
eclipse.buildId=unknown
java.version=14.0.1
java.vendor=Private Build
BootLoader constants: OS=linux, ARCH=x86_64, WS=gtk, NL=en_US
Framework arguments:  --console -tc config/LassoRankerBoogie.xml -i ./Program_C//Mysore_true-termination.c.bpl
Command-line arguments:  -os linux -ws gtk -arch x86_64 -consoleLog --console -data @user.home/.ultimate -tc config/LassoRankerBoogie.xml -i ./Program_C//Mysore_true-termination.c.bpl

!ENTRY org.eclipse.osgi 4 0 2020-06-16 00:29:16.374
!MESSAGE Application error
!STACK 1
java.lang.NoClassDefFoundError: javax/xml/bind/JAXBException
	at de.uni_freiburg.informatik.ultimate.cli.CommandLineParser.parse(CommandLineParser.java:96)
	at de.uni_freiburg.informatik.ultimate.cli.CommandLineController.init(CommandLineController.java:113)
	at de.uni_freiburg.informatik.ultimate.core.coreplugin.UltimateCore.activateController(UltimateCore.java:249)
	at de.uni_freiburg.informatik.ultimate.core.coreplugin.UltimateCore.start(UltimateCore.java:191)
	at org.eclipse.equinox.internal.app.EclipseAppHandle.run(EclipseAppHandle.java:196)
	at org.eclipse.core.runtime.internal.adaptor.EclipseAppLauncher.runApplication(EclipseAppLauncher.java:134)
	at org.eclipse.core.runtime.internal.adaptor.EclipseAppLauncher.start(EclipseAppLauncher.java:104)
	at org.eclipse.core.runtime.adaptor.EclipseStarter.run(EclipseStarter.java:380)
	at org.eclipse.core.runtime.adaptor.EclipseStarter.run(EclipseStarter.java:235)
	at java.base/jdk.internal.reflect.NativeMethodAccessorImpl.invoke0(Native Method)
	at java.base/jdk.internal.reflect.NativeMethodAccessorImpl.invoke(NativeMethodAccessorImpl.java:62)
	at java.base/jdk.internal.reflect.DelegatingMethodAccessorImpl.invoke(DelegatingMethodAccessorImpl.java:43)
	at java.base/java.lang.reflect.Method.invoke(Method.java:564)
	at org.eclipse.equinox.launcher.Main.invokeFramework(Main.java:669)
	at org.eclipse.equinox.launcher.Main.basicRun(Main.java:608)
	at org.eclipse.equinox.launcher.Main.run(Main.java:1515)
	at org.eclipse.equinox.launcher.Main.main(Main.java:1488)
Caused by: java.lang.ClassNotFoundException: javax.xml.bind.JAXBException cannot be found by de.uni_freiburg.informatik.ultimate.cli_0.1.24
	at org.eclipse.osgi.internal.loader.BundleLoader.findClassInternal(BundleLoader.java:439)
	at org.eclipse.osgi.internal.loader.BundleLoader.findClass(BundleLoader.java:352)
	at org.eclipse.osgi.internal.loader.BundleLoader.findClass(BundleLoader.java:344)
	at org.eclipse.osgi.internal.loader.ModuleClassLoader.loadClass(ModuleClassLoader.java:160)
	at java.base/java.lang.ClassLoader.loadClass(ClassLoader.java:522)
	... 17 more
