Time for ./Program_C//4NestedWith3Variables_true-termination.c.bpl: 3375 ms
Time for ./Program_C//a.01_true-termination.c.bpl: 1481 ms
Time for ./Program_C//a.04_true-termination.c.bpl: 1489 ms
Time for ./Program_C//a.05_true-termination.c.bpl: 1453 ms
Time for ./Program_C//a.06_true-termination.c.bpl: 1493 ms
Time for ./Program_C//a.07_true-termination.c.bpl: 1555 ms
Time for ./Program_C//a.08_true-termination.c.bpl: 1497 ms
Time for ./Program_C//a.09_assume_true-termination.c.bpl: 1532 ms
Time for ./Program_C//a.10_true-termination.c.bpl: 1444 ms
Time for ./Program_C//Ackermann01_true-termination.c.bpl: 1977 ms
Time for ./Program_C//Addition01_true-termination.c.bpl: 1982 ms
Time for ./Program_C//Arrays01-EquivalentConstantIndices_true-termination.c.bpl: 2541 ms
Time for ./Program_C//Arrays02-EquivalentConstantIndices_false-termination.c.bpl: 1935 ms
Time for ./Program_C//Arrays03-ValueRestictsIndex_true-termination.c.bpl: 1956 ms
Time for ./Program_C//b.01_true-termination.c.bpl: 1915 ms
Time for ./Program_C//b.02_true-termination.c.bpl: 1941 ms
Time for ./Program_C//b.03_assume_true-termination.c.bpl: 1925 ms
Time for ./Program_C//b.03-no-inv_assume_true-termination.c.bpl: 1948 ms
Time for ./Program_C//b.04_true-termination.c.bpl: 1902 ms
Time for ./Program_C//b.05_true-termination.c.bpl: 2017 ms
Time for ./Program_C//b.06_true-termination.c.bpl: 1937 ms
Time for ./Program_C//b.07_true-termination.c.bpl: 1931 ms
Time for ./Program_C//b.09_assume_true-termination.c.bpl: 1997 ms
Time for ./Program_C//b.09-no-inv_assume_true-termination.c.bpl: 1579 ms
Time for ./Program_C//b.11_true-termination.c.bpl: 1561 ms
Time for ./Program_C//b.14_true-termination.c.bpl: 1525 ms
Time for ./Program_C//b.15_true-termination.c.bpl: 1624 ms
Time for ./Program_C//b.16_true-termination.c.bpl: 2212 ms
Time for ./Program_C//b.17_true-termination.c.bpl: 1932 ms
Time for ./Program_C//b.18_true-termination.c.bpl: 1960 ms
Time for ./Program_C//Bangalore_true-termination.c.bpl: 1930 ms
Time for ./Program_C//c.01_assume_true-termination.c.bpl: 1930 ms
Time for ./Program_C//c.01-no-inv_true-termination.c.bpl: 1969 ms
Time for ./Program_C//c.02_true-termination.c.bpl: 2057 ms
Time for ./Program_C//c.03_true-termination.c.bpl: 1920 ms
Time for ./Program_C//c.07_true-termination.c.bpl: 2006 ms
Time for ./Program_C//c.08_true-termination.c.bpl: 1950 ms
Time for ./Program_C//Cairo_true-termination.c.bpl: 1994 ms
Time for ./Program_C//Collatz_unknown-termination.c.bpl: 2060 ms
Time for ./Program_C//Copenhagen_true-termination.c.bpl: 2211 ms
Time for ./Program_C//EvenOdd01_true-termination.c.bpl: 1680 ms
Time for ./Program_C//ex1_true-termination.c.bpl: 1817 ms
Time for ./Program_C//ex3a_true-termination.c.bpl: 1808 ms
Time for ./Program_C//ex3b_true-termination.c.bpl: 1667 ms
Time for ./Program_C//ex3_true-termination.c.bpl: 1735 ms
Time for ./Program_C//Fibonacci01_true-termination.c.bpl: 1668 ms
Time for ./Program_C//gcd01_true-termination.c.bpl: 1725 ms
Time for ./Program_C//Gothenburg_true-termination.c.bpl: 1802 ms
Time for ./Program_C//java_LogBuiltIn_true-termination.c.bpl: 1673 ms
Time for ./Program_C//Madrid_false-termination.c.bpl: 1668 ms
Time for ./Program_C//Mysore_true-termination.c.bpl: 1675 ms
Time for ./Program_C//NonTermination4_false-termination.c.bpl: 1685 ms
Time for ./Program_C//rec_counter1_true-termination.c.bpl: 1689 ms
Time for ./Program_C//recHanoi02_true-termination.c.bpl: 1741 ms
Time for ./Program_C//Stockholm_true-termination.c.bpl: 1740 ms
Time for ./Program_C//TerminatorRec02_true-termination.c.bpl: 1732 ms
Time for ./Program_C//TwoWay_true-termination.c.bpl: 1695 ms
