This is Ultimate 0.1.24-16d85fa
[2020-06-17 18:49:46,657 INFO  L170        SettingsManager]: Resetting all preferences to default values...
[2020-06-17 18:49:46,658 INFO  L174        SettingsManager]: Resetting UltimateCore preferences to default values
[2020-06-17 18:49:46,667 INFO  L177        SettingsManager]: Ultimate Commandline Interface provides no preferences, ignoring...
[2020-06-17 18:49:46,668 INFO  L174        SettingsManager]: Resetting Boogie Preprocessor preferences to default values
[2020-06-17 18:49:46,668 INFO  L174        SettingsManager]: Resetting Boogie Procedure Inliner preferences to default values
[2020-06-17 18:49:46,669 INFO  L174        SettingsManager]: Resetting Abstract Interpretation preferences to default values
[2020-06-17 18:49:46,670 INFO  L174        SettingsManager]: Resetting LassoRanker preferences to default values
[2020-06-17 18:49:46,671 INFO  L174        SettingsManager]: Resetting Reaching Definitions preferences to default values
[2020-06-17 18:49:46,672 INFO  L174        SettingsManager]: Resetting SyntaxChecker preferences to default values
[2020-06-17 18:49:46,672 INFO  L177        SettingsManager]: Büchi Program Product provides no preferences, ignoring...
[2020-06-17 18:49:46,672 INFO  L174        SettingsManager]: Resetting LTL2Aut preferences to default values
[2020-06-17 18:49:46,673 INFO  L174        SettingsManager]: Resetting PEA to Boogie preferences to default values
[2020-06-17 18:49:46,673 INFO  L174        SettingsManager]: Resetting BlockEncodingV2 preferences to default values
[2020-06-17 18:49:46,674 INFO  L174        SettingsManager]: Resetting ChcToBoogie preferences to default values
[2020-06-17 18:49:46,674 INFO  L174        SettingsManager]: Resetting AutomataScriptInterpreter preferences to default values
[2020-06-17 18:49:46,675 INFO  L174        SettingsManager]: Resetting BuchiAutomizer preferences to default values
[2020-06-17 18:49:46,676 INFO  L174        SettingsManager]: Resetting CACSL2BoogieTranslator preferences to default values
[2020-06-17 18:49:46,677 INFO  L174        SettingsManager]: Resetting CodeCheck preferences to default values
[2020-06-17 18:49:46,678 INFO  L174        SettingsManager]: Resetting InvariantSynthesis preferences to default values
[2020-06-17 18:49:46,678 INFO  L174        SettingsManager]: Resetting RCFGBuilder preferences to default values
[2020-06-17 18:49:46,679 INFO  L174        SettingsManager]: Resetting TraceAbstraction preferences to default values
[2020-06-17 18:49:46,681 INFO  L177        SettingsManager]: TraceAbstractionConcurrent provides no preferences, ignoring...
[2020-06-17 18:49:46,681 INFO  L177        SettingsManager]: TraceAbstractionWithAFAs provides no preferences, ignoring...
[2020-06-17 18:49:46,681 INFO  L174        SettingsManager]: Resetting TreeAutomizer preferences to default values
[2020-06-17 18:49:46,681 INFO  L174        SettingsManager]: Resetting IcfgTransformer preferences to default values
[2020-06-17 18:49:46,682 INFO  L174        SettingsManager]: Resetting Boogie Printer preferences to default values
[2020-06-17 18:49:46,682 INFO  L174        SettingsManager]: Resetting ReqPrinter preferences to default values
[2020-06-17 18:49:46,683 INFO  L174        SettingsManager]: Resetting Witness Printer preferences to default values
[2020-06-17 18:49:46,683 INFO  L177        SettingsManager]: Boogie PL CUP Parser provides no preferences, ignoring...
[2020-06-17 18:49:46,683 INFO  L174        SettingsManager]: Resetting CDTParser preferences to default values
[2020-06-17 18:49:46,684 INFO  L177        SettingsManager]: AutomataScriptParser provides no preferences, ignoring...
[2020-06-17 18:49:46,684 INFO  L177        SettingsManager]: ReqParser provides no preferences, ignoring...
[2020-06-17 18:49:46,684 INFO  L174        SettingsManager]: Resetting SmtParser preferences to default values
[2020-06-17 18:49:46,684 INFO  L174        SettingsManager]: Resetting Witness Parser preferences to default values
[2020-06-17 18:49:46,685 INFO  L181        SettingsManager]: Finished resetting all preferences to default values...
[2020-06-17 18:49:46,699 INFO  L81    nceAwareModelManager]: Repository-Root is: /tmp
[2020-06-17 18:49:46,706 INFO  L258   ainManager$Toolchain]: [Toolchain 1]: Applicable parser(s) successfully (re)initialized
[2020-06-17 18:49:46,708 INFO  L214   ainManager$Toolchain]: [Toolchain 1]: Toolchain selected.
[2020-06-17 18:49:46,709 INFO  L271        PluginConnector]: Initializing Boogie PL CUP Parser...
[2020-06-17 18:49:46,709 INFO  L276        PluginConnector]: Boogie PL CUP Parser initialized
[2020-06-17 18:49:46,710 INFO  L418   ainManager$Toolchain]: [Toolchain 1]: Parsing single file: /home/lixie/LassoRankerExp/LassoRankerExp/./C_Boogie/2Nested-2.bpl
[2020-06-17 18:49:46,710 INFO  L111           BoogieParser]: Parsing: '/home/lixie/LassoRankerExp/LassoRankerExp/./C_Boogie/2Nested-2.bpl'
[2020-06-17 18:49:46,727 INFO  L296   ainManager$Toolchain]: ####################### [Toolchain 1] #######################
[2020-06-17 18:49:46,734 INFO  L131        ToolchainWalker]: Walking toolchain with 3 elements.
[2020-06-17 18:49:46,734 INFO  L113        PluginConnector]: ------------------------Boogie Preprocessor----------------------------
[2020-06-17 18:49:46,735 INFO  L271        PluginConnector]: Initializing Boogie Preprocessor...
[2020-06-17 18:49:46,735 INFO  L276        PluginConnector]: Boogie Preprocessor initialized
[2020-06-17 18:49:46,747 INFO  L185        PluginConnector]: Executing the observer EnsureBoogieModelObserver from plugin Boogie Preprocessor for "2Nested-2.bpl de.uni_freiburg.informatik.ultimate.boogie.parser AST 17.06 06:49:46" (1/1) ...
[2020-06-17 18:49:46,748 INFO  L185        PluginConnector]: Executing the observer TypeChecker from plugin Boogie Preprocessor for "2Nested-2.bpl de.uni_freiburg.informatik.ultimate.boogie.parser AST 17.06 06:49:46" (1/1) ...
[2020-06-17 18:49:46,752 INFO  L185        PluginConnector]: Executing the observer ConstExpander from plugin Boogie Preprocessor for "2Nested-2.bpl de.uni_freiburg.informatik.ultimate.boogie.parser AST 17.06 06:49:46" (1/1) ...
[2020-06-17 18:49:46,752 INFO  L185        PluginConnector]: Executing the observer StructExpander from plugin Boogie Preprocessor for "2Nested-2.bpl de.uni_freiburg.informatik.ultimate.boogie.parser AST 17.06 06:49:46" (1/1) ...
[2020-06-17 18:49:46,753 INFO  L185        PluginConnector]: Executing the observer UnstructureCode from plugin Boogie Preprocessor for "2Nested-2.bpl de.uni_freiburg.informatik.ultimate.boogie.parser AST 17.06 06:49:46" (1/1) ...
[2020-06-17 18:49:46,755 INFO  L185        PluginConnector]: Executing the observer FunctionInliner from plugin Boogie Preprocessor for "2Nested-2.bpl de.uni_freiburg.informatik.ultimate.boogie.parser AST 17.06 06:49:46" (1/1) ...
[2020-06-17 18:49:46,755 INFO  L185        PluginConnector]: Executing the observer BoogieSymbolTableConstructor from plugin Boogie Preprocessor for "2Nested-2.bpl de.uni_freiburg.informatik.ultimate.boogie.parser AST 17.06 06:49:46" (1/1) ...
[2020-06-17 18:49:46,756 INFO  L132        PluginConnector]: ------------------------ END Boogie Preprocessor----------------------------
[2020-06-17 18:49:46,757 INFO  L113        PluginConnector]: ------------------------RCFGBuilder----------------------------
[2020-06-17 18:49:46,757 INFO  L271        PluginConnector]: Initializing RCFGBuilder...
[2020-06-17 18:49:46,757 INFO  L276        PluginConnector]: RCFGBuilder initialized
[2020-06-17 18:49:46,757 INFO  L185        PluginConnector]: Executing the observer RCFGBuilderObserver from plugin RCFGBuilder for "2Nested-2.bpl de.uni_freiburg.informatik.ultimate.boogie.parser AST 17.06 06:49:46" (1/1) ...
No working directory specified, using /home/lixie/LassoRankerExp/LassoRankerExp/z3
Starting monitored process 1 with z3 SMTLIB2_COMPLIANT=true -memory:1024 -smt2 -in -t:12000 (exit command is (exit), workingDir is null)
Waiting until toolchain timeout for monitored process 1 with z3 SMTLIB2_COMPLIANT=true -memory:1024 -smt2 -in -t:12000
[2020-06-17 18:49:46,790 INFO  L124     BoogieDeclarations]: Specification and implementation of procedure main given in one single declaration
[2020-06-17 18:49:46,790 INFO  L130     BoogieDeclarations]: Found specification of procedure main
[2020-06-17 18:49:46,790 INFO  L138     BoogieDeclarations]: Found implementation of procedure main
[2020-06-17 18:49:46,849 INFO  L278             CfgBuilder]: Using library mode
[2020-06-17 18:49:46,849 INFO  L286             CfgBuilder]: Removed 0 assue(true) statements.
[2020-06-17 18:49:46,850 INFO  L202        PluginConnector]: Adding new model 2Nested-2.bpl de.uni_freiburg.informatik.ultimate.plugins.generator.rcfgbuilder CFG 17.06 06:49:46 BoogieIcfgContainer
[2020-06-17 18:49:46,850 INFO  L132        PluginConnector]: ------------------------ END RCFGBuilder----------------------------
[2020-06-17 18:49:46,850 INFO  L113        PluginConnector]: ------------------------LassoRanker----------------------------
[2020-06-17 18:49:46,850 INFO  L271        PluginConnector]: Initializing LassoRanker...
[2020-06-17 18:49:46,850 INFO  L276        PluginConnector]: LassoRanker initialized
[2020-06-17 18:49:46,851 INFO  L185        PluginConnector]: Executing the observer LassoRankerObserver from plugin LassoRanker for "2Nested-2.bpl de.uni_freiburg.informatik.ultimate.plugins.generator.rcfgbuilder CFG 17.06 06:49:46" (1/1) ...
[2020-06-17 18:49:46,870 INFO  L72            BuchiIsEmpty]: Start buchiIsEmpty. Operand 2 states.
[2020-06-17 18:49:46,884 INFO  L131   ngComponentsAnalysis]: Automaton has 1 accepting balls. 1
[2020-06-17 18:49:46,885 INFO  L87            BuchiIsEmpty]: Finished buchiIsEmpty Result is false
[2020-06-17 18:49:46,885 INFO  L119           BuchiIsEmpty]: Starting construction of run
[2020-06-17 18:49:46,889 INFO  L104     BuchiDifferenceFKV]: Start buchiDifferenceFKV. First operand 2 states. Second operand 1 states.
[2020-06-17 18:49:46,897 INFO  L108     BuchiDifferenceFKV]: Finished buchiDifferenceFKV. First operand 2 states. Second operand 1 states. Result 3 states and 4 transitions. Complement of second has 2 states 2 powerset states0 rank states. The highest rank that occured is -1
[2020-06-17 18:49:46,898 INFO  L72            BuchiIsEmpty]: Start buchiIsEmpty. Operand 3 states and 4 transitions.
[2020-06-17 18:49:46,898 INFO  L131   ngComponentsAnalysis]: Automaton has 0 accepting balls. 0
[2020-06-17 18:49:46,898 INFO  L87            BuchiIsEmpty]: Finished buchiIsEmpty Result is true
[2020-06-17 18:49:46,924 INFO  L216          LassoAnalysis]: Preferences:
[2020-06-17 18:49:46,925 INFO  L124   ssoRankerPreferences]: Compute integeral hull: false
[2020-06-17 18:49:46,925 INFO  L125   ssoRankerPreferences]: Enable LassoPartitioneer: true
[2020-06-17 18:49:46,925 INFO  L126   ssoRankerPreferences]: Term annotations enabled: false
[2020-06-17 18:49:46,925 INFO  L127   ssoRankerPreferences]: Use exernal solver: true
[2020-06-17 18:49:46,925 INFO  L128   ssoRankerPreferences]: SMT solver command: z3 -smt2 -in SMTLIB2_COMPLIANT=true
[2020-06-17 18:49:46,925 INFO  L129   ssoRankerPreferences]: Dump SMT script to file: false
[2020-06-17 18:49:46,925 INFO  L130   ssoRankerPreferences]: Path of dumped script: .
[2020-06-17 18:49:46,925 INFO  L131   ssoRankerPreferences]: Filename of dumped script: LassoRankerScript
[2020-06-17 18:49:46,925 INFO  L132   ssoRankerPreferences]: MapElimAlgo: Frank
[2020-06-17 18:49:46,926 INFO  L282          LassoAnalysis]: Starting lasso preprocessing...
[2020-06-17 18:49:46,938 INFO  L141          MapEliminator]: Using MapEliminator with SimplificationTechnique=SIMPLIFY_DDA XnfConversionTechnique=BOTTOM_UP_WITH_LOCAL_SIMPLIFICATION AddInequalities=false OnlyTrivialImplicationsArrayWrite=false OnlyTrivialImplicationsForModifiedArguments=true OnlyArgumentsInFormula=true
[2020-06-17 18:49:46,984 INFO  L300          LassoAnalysis]: Preprocessing complete.
[2020-06-17 18:49:46,985 INFO  L412          LassoAnalysis]: Checking for nontermination...
No working directory specified, using /home/lixie/LassoRankerExp/LassoRankerExp/z3
Starting monitored process 2 with z3 -smt2 -in SMTLIB2_COMPLIANT=true (exit command is (exit), workingDir is null)
Waiting until toolchain timeout for monitored process 2 with z3 -smt2 -in SMTLIB2_COMPLIANT=true
[2020-06-17 18:49:46,988 INFO  L151   nArgumentSynthesizer]: Nontermination analysis: LINEAR_WITH_GUESSES Allow bounded executions: true Number of generalized eigenvectors: 0 Nilpotent components: true
[2020-06-17 18:49:46,988 INFO  L163   nArgumentSynthesizer]: Using integer mode.
No working directory specified, using /home/lixie/LassoRankerExp/LassoRankerExp/z3
Starting monitored process 3 with z3 -smt2 -in SMTLIB2_COMPLIANT=true (exit command is (exit), workingDir is null)
Waiting until toolchain timeout for monitored process 3 with z3 -smt2 -in SMTLIB2_COMPLIANT=true
[2020-06-17 18:49:47,006 INFO  L151   nArgumentSynthesizer]: Nontermination analysis: LINEAR_WITH_GUESSES Allow bounded executions: true Number of generalized eigenvectors: 3 Nilpotent components: true
[2020-06-17 18:49:47,006 INFO  L163   nArgumentSynthesizer]: Using integer mode.
[2020-06-17 18:49:47,027 INFO  L452          LassoAnalysis]: Proving nontermination failed: No geometric nontermination argument exists.
[2020-06-17 18:49:47,028 INFO  L216          LassoAnalysis]: Preferences:
[2020-06-17 18:49:47,028 INFO  L124   ssoRankerPreferences]: Compute integeral hull: false
[2020-06-17 18:49:47,028 INFO  L125   ssoRankerPreferences]: Enable LassoPartitioneer: true
[2020-06-17 18:49:47,028 INFO  L126   ssoRankerPreferences]: Term annotations enabled: false
[2020-06-17 18:49:47,028 INFO  L127   ssoRankerPreferences]: Use exernal solver: true
[2020-06-17 18:49:47,029 INFO  L128   ssoRankerPreferences]: SMT solver command: z3 -smt2 -in SMTLIB2_COMPLIANT=true
[2020-06-17 18:49:47,029 INFO  L129   ssoRankerPreferences]: Dump SMT script to file: false
[2020-06-17 18:49:47,029 INFO  L130   ssoRankerPreferences]: Path of dumped script: .
[2020-06-17 18:49:47,029 INFO  L131   ssoRankerPreferences]: Filename of dumped script: LassoRankerScript
[2020-06-17 18:49:47,029 INFO  L132   ssoRankerPreferences]: MapElimAlgo: Frank
[2020-06-17 18:49:47,029 INFO  L282          LassoAnalysis]: Starting lasso preprocessing...
[2020-06-17 18:49:47,030 INFO  L141          MapEliminator]: Using MapEliminator with SimplificationTechnique=SIMPLIFY_DDA XnfConversionTechnique=BOTTOM_UP_WITH_LOCAL_SIMPLIFICATION AddInequalities=false OnlyTrivialImplicationsArrayWrite=false OnlyTrivialImplicationsForModifiedArguments=true OnlyArgumentsInFormula=true
[2020-06-17 18:49:47,063 INFO  L300          LassoAnalysis]: Preprocessing complete.
[2020-06-17 18:49:47,066 INFO  L497          LassoAnalysis]: Using template 'affine'.
No working directory specified, using /home/lixie/LassoRankerExp/LassoRankerExp/z3
Starting monitored process 4 with z3 -smt2 -in SMTLIB2_COMPLIANT=true (exit command is (exit), workingDir is null)
Waiting until toolchain timeout for monitored process 4 with z3 -smt2 -in SMTLIB2_COMPLIANT=true
[2020-06-17 18:49:47,068 INFO  L122   nArgumentSynthesizer]: Termination Analysis Settings:
Termination analysis: LINEAR_WITH_GUESSES
Number of strict supporting invariants: 1
Number of non-strict supporting invariants: 0
Consider only non-deceasing supporting invariants: true
Simplify termination arguments: true
Simplify supporting invariants: trueOverapproximate stem: false
[2020-06-17 18:49:47,069 INFO  L339   nArgumentSynthesizer]: Template has degree 0.
[2020-06-17 18:49:47,070 INFO  L352   nArgumentSynthesizer]: There is no stem transition; disabling supporting invariant generation.
[2020-06-17 18:49:47,070 INFO  L205   nArgumentSynthesizer]: 1 stem disjuncts
[2020-06-17 18:49:47,070 INFO  L206   nArgumentSynthesizer]: 1 loop disjuncts
[2020-06-17 18:49:47,070 INFO  L207   nArgumentSynthesizer]: 2 template conjuncts.
[2020-06-17 18:49:47,072 INFO  L402   nArgumentSynthesizer]: We have 2 Motzkin's Theorem applications.
[2020-06-17 18:49:47,073 INFO  L403   nArgumentSynthesizer]: A total of 0 supporting invariants were added.
[2020-06-17 18:49:47,075 INFO  L530          LassoAnalysis]: Proving termination failed for this template and these settings.
[2020-06-17 18:49:47,087 INFO  L497          LassoAnalysis]: Using template '2-nested'.
No working directory specified, using /home/lixie/LassoRankerExp/LassoRankerExp/z3
Starting monitored process 5 with z3 -smt2 -in SMTLIB2_COMPLIANT=true (exit command is (exit), workingDir is null)
Waiting until toolchain timeout for monitored process 5 with z3 -smt2 -in SMTLIB2_COMPLIANT=true
[2020-06-17 18:49:47,090 INFO  L122   nArgumentSynthesizer]: Termination Analysis Settings:
Termination analysis: LINEAR_WITH_GUESSES
Number of strict supporting invariants: 1
Number of non-strict supporting invariants: 0
Consider only non-deceasing supporting invariants: true
Simplify termination arguments: true
Simplify supporting invariants: trueOverapproximate stem: false
[2020-06-17 18:49:47,091 INFO  L339   nArgumentSynthesizer]: Template has degree 0.
[2020-06-17 18:49:47,092 INFO  L352   nArgumentSynthesizer]: There is no stem transition; disabling supporting invariant generation.
[2020-06-17 18:49:47,092 INFO  L205   nArgumentSynthesizer]: 1 stem disjuncts
[2020-06-17 18:49:47,092 INFO  L206   nArgumentSynthesizer]: 1 loop disjuncts
[2020-06-17 18:49:47,092 INFO  L207   nArgumentSynthesizer]: 3 template conjuncts.
[2020-06-17 18:49:47,094 INFO  L402   nArgumentSynthesizer]: We have 3 Motzkin's Theorem applications.
[2020-06-17 18:49:47,094 INFO  L403   nArgumentSynthesizer]: A total of 0 supporting invariants were added.
[2020-06-17 18:49:47,097 INFO  L421   nArgumentSynthesizer]: Found a termination argument, trying to simplify.
[2020-06-17 18:49:47,112 INFO  L443   ModelExtractionUtils]: Simplification made 3 calls to the SMT solver.
[2020-06-17 18:49:47,112 INFO  L444   ModelExtractionUtils]: 2 out of 7 variables were initially zero. Simplification set additionally 0 variables to zero.
No working directory specified, using /home/lixie/LassoRankerExp/LassoRankerExp/z3
Starting monitored process 6 with z3 -smt2 -in SMTLIB2_COMPLIANT=true (exit command is (exit), workingDir is null)
Waiting until toolchain timeout for monitored process 6 with z3 -smt2 -in SMTLIB2_COMPLIANT=true
[2020-06-17 18:49:47,114 INFO  L437   nArgumentSynthesizer]: Simplifying supporting invariants...
[2020-06-17 18:49:47,114 INFO  L440   nArgumentSynthesizer]: Removed 0 redundant supporting invariants from a total of 0.
[2020-06-17 18:49:47,115 INFO  L518          LassoAnalysis]: Proved termination.
[2020-06-17 18:49:47,115 INFO  L520          LassoAnalysis]: Termination argument consisting of:
Ranking function 2-nested ranking function:
  f0 = 2*main_y + 1
  f1 = 2*main_x + 1
Supporting invariants []
[2020-06-17 18:49:47,132 INFO  L132        PluginConnector]: ------------------------ END LassoRanker----------------------------
[2020-06-17 18:49:47,132 INFO  L168              Benchmark]: Toolchain (without parser) took 404.38 ms. Allocated memory is still 514.9 MB. Free memory was 472.9 MB in the beginning and 420.8 MB in the end (delta: 52.1 MB). Peak memory consumption was 52.1 MB. Max. memory is 11.5 GB.
[2020-06-17 18:49:47,133 INFO  L168              Benchmark]: Boogie PL CUP Parser took 0.09 ms. Allocated memory is still 514.9 MB. Free memory is still 474.4 MB. There was no memory consumed. Max. memory is 11.5 GB.
[2020-06-17 18:49:47,134 INFO  L168              Benchmark]: Boogie Preprocessor took 21.86 ms. Allocated memory is still 514.9 MB. Free memory was 471.5 MB in the beginning and 470.2 MB in the end (delta: 1.3 MB). Peak memory consumption was 1.3 MB. Max. memory is 11.5 GB.
[2020-06-17 18:49:47,134 INFO  L168              Benchmark]: RCFGBuilder took 93.31 ms. Allocated memory is still 514.9 MB. Free memory was 470.2 MB in the beginning and 460.7 MB in the end (delta: 9.5 MB). Peak memory consumption was 9.5 MB. Max. memory is 11.5 GB.
[2020-06-17 18:49:47,135 INFO  L168              Benchmark]: LassoRanker took 281.44 ms. Allocated memory is still 514.9 MB. Free memory was 460.7 MB in the beginning and 420.8 MB in the end (delta: 39.9 MB). Peak memory consumption was 39.9 MB. Max. memory is 11.5 GB.
[2020-06-17 18:49:47,137 INFO  L336   ainManager$Toolchain]: #######################  End [Toolchain 1] #######################
 --- Results ---
 * Results from de.uni_freiburg.informatik.ultimate.core:
  - StatisticsResult: Toolchain Benchmarks
    Benchmark results are:
 * Boogie PL CUP Parser took 0.09 ms. Allocated memory is still 514.9 MB. Free memory is still 474.4 MB. There was no memory consumed. Max. memory is 11.5 GB.
 * Boogie Preprocessor took 21.86 ms. Allocated memory is still 514.9 MB. Free memory was 471.5 MB in the beginning and 470.2 MB in the end (delta: 1.3 MB). Peak memory consumption was 1.3 MB. Max. memory is 11.5 GB.
 * RCFGBuilder took 93.31 ms. Allocated memory is still 514.9 MB. Free memory was 470.2 MB in the beginning and 460.7 MB in the end (delta: 9.5 MB). Peak memory consumption was 9.5 MB. Max. memory is 11.5 GB.
 * LassoRanker took 281.44 ms. Allocated memory is still 514.9 MB. Free memory was 460.7 MB in the beginning and 420.8 MB in the end (delta: 39.9 MB). Peak memory consumption was 39.9 MB. Max. memory is 11.5 GB.
 * Results from de.uni_freiburg.informatik.ultimate.plugins.analysis.lassoranker:
  - TerminationArgumentResult [Line: 1]: Found 2-nested ranking function
    Found a termination argument consisting of the 2-nested ranking function: [(if 2 * y + 1 > 0 then 1 else 0), (if 2 * y + 1 > 0 then 2 * y + 1 else 2 * x + 1)] for which no supporting invariant is required.
RESULT: Ultimate proved your program to be correct!
Received shutdown request...
Ultimate:
GTK+ Version Check
