This is Ultimate 0.1.24-16d85fa
[2020-06-17 18:49:50,518 INFO  L170        SettingsManager]: Resetting all preferences to default values...
[2020-06-17 18:49:50,519 INFO  L174        SettingsManager]: Resetting UltimateCore preferences to default values
[2020-06-17 18:49:50,528 INFO  L177        SettingsManager]: Ultimate Commandline Interface provides no preferences, ignoring...
[2020-06-17 18:49:50,529 INFO  L174        SettingsManager]: Resetting Boogie Preprocessor preferences to default values
[2020-06-17 18:49:50,529 INFO  L174        SettingsManager]: Resetting Boogie Procedure Inliner preferences to default values
[2020-06-17 18:49:50,530 INFO  L174        SettingsManager]: Resetting Abstract Interpretation preferences to default values
[2020-06-17 18:49:50,531 INFO  L174        SettingsManager]: Resetting LassoRanker preferences to default values
[2020-06-17 18:49:50,532 INFO  L174        SettingsManager]: Resetting Reaching Definitions preferences to default values
[2020-06-17 18:49:50,533 INFO  L174        SettingsManager]: Resetting SyntaxChecker preferences to default values
[2020-06-17 18:49:50,533 INFO  L177        SettingsManager]: Büchi Program Product provides no preferences, ignoring...
[2020-06-17 18:49:50,533 INFO  L174        SettingsManager]: Resetting LTL2Aut preferences to default values
[2020-06-17 18:49:50,534 INFO  L174        SettingsManager]: Resetting PEA to Boogie preferences to default values
[2020-06-17 18:49:50,534 INFO  L174        SettingsManager]: Resetting BlockEncodingV2 preferences to default values
[2020-06-17 18:49:50,535 INFO  L174        SettingsManager]: Resetting ChcToBoogie preferences to default values
[2020-06-17 18:49:50,535 INFO  L174        SettingsManager]: Resetting AutomataScriptInterpreter preferences to default values
[2020-06-17 18:49:50,536 INFO  L174        SettingsManager]: Resetting BuchiAutomizer preferences to default values
[2020-06-17 18:49:50,537 INFO  L174        SettingsManager]: Resetting CACSL2BoogieTranslator preferences to default values
[2020-06-17 18:49:50,538 INFO  L174        SettingsManager]: Resetting CodeCheck preferences to default values
[2020-06-17 18:49:50,539 INFO  L174        SettingsManager]: Resetting InvariantSynthesis preferences to default values
[2020-06-17 18:49:50,539 INFO  L174        SettingsManager]: Resetting RCFGBuilder preferences to default values
[2020-06-17 18:49:50,540 INFO  L174        SettingsManager]: Resetting TraceAbstraction preferences to default values
[2020-06-17 18:49:50,542 INFO  L177        SettingsManager]: TraceAbstractionConcurrent provides no preferences, ignoring...
[2020-06-17 18:49:50,542 INFO  L177        SettingsManager]: TraceAbstractionWithAFAs provides no preferences, ignoring...
[2020-06-17 18:49:50,542 INFO  L174        SettingsManager]: Resetting TreeAutomizer preferences to default values
[2020-06-17 18:49:50,543 INFO  L174        SettingsManager]: Resetting IcfgTransformer preferences to default values
[2020-06-17 18:49:50,543 INFO  L174        SettingsManager]: Resetting Boogie Printer preferences to default values
[2020-06-17 18:49:50,544 INFO  L174        SettingsManager]: Resetting ReqPrinter preferences to default values
[2020-06-17 18:49:50,544 INFO  L174        SettingsManager]: Resetting Witness Printer preferences to default values
[2020-06-17 18:49:50,545 INFO  L177        SettingsManager]: Boogie PL CUP Parser provides no preferences, ignoring...
[2020-06-17 18:49:50,545 INFO  L174        SettingsManager]: Resetting CDTParser preferences to default values
[2020-06-17 18:49:50,545 INFO  L177        SettingsManager]: AutomataScriptParser provides no preferences, ignoring...
[2020-06-17 18:49:50,545 INFO  L177        SettingsManager]: ReqParser provides no preferences, ignoring...
[2020-06-17 18:49:50,545 INFO  L174        SettingsManager]: Resetting SmtParser preferences to default values
[2020-06-17 18:49:50,546 INFO  L174        SettingsManager]: Resetting Witness Parser preferences to default values
[2020-06-17 18:49:50,546 INFO  L181        SettingsManager]: Finished resetting all preferences to default values...
[2020-06-17 18:49:50,561 INFO  L81    nceAwareModelManager]: Repository-Root is: /tmp
[2020-06-17 18:49:50,572 INFO  L258   ainManager$Toolchain]: [Toolchain 1]: Applicable parser(s) successfully (re)initialized
[2020-06-17 18:49:50,575 INFO  L214   ainManager$Toolchain]: [Toolchain 1]: Toolchain selected.
[2020-06-17 18:49:50,576 INFO  L271        PluginConnector]: Initializing Boogie PL CUP Parser...
[2020-06-17 18:49:50,576 INFO  L276        PluginConnector]: Boogie PL CUP Parser initialized
[2020-06-17 18:49:50,577 INFO  L418   ainManager$Toolchain]: [Toolchain 1]: Parsing single file: /home/lixie/LassoRankerExp/LassoRankerExp/./C_Boogie/4NestedWith3Variables-2.bpl
[2020-06-17 18:49:50,577 INFO  L111           BoogieParser]: Parsing: '/home/lixie/LassoRankerExp/LassoRankerExp/./C_Boogie/4NestedWith3Variables-2.bpl'
[2020-06-17 18:49:50,598 INFO  L296   ainManager$Toolchain]: ####################### [Toolchain 1] #######################
[2020-06-17 18:49:50,605 INFO  L131        ToolchainWalker]: Walking toolchain with 3 elements.
[2020-06-17 18:49:50,605 INFO  L113        PluginConnector]: ------------------------Boogie Preprocessor----------------------------
[2020-06-17 18:49:50,605 INFO  L271        PluginConnector]: Initializing Boogie Preprocessor...
[2020-06-17 18:49:50,605 INFO  L276        PluginConnector]: Boogie Preprocessor initialized
[2020-06-17 18:49:50,619 INFO  L185        PluginConnector]: Executing the observer EnsureBoogieModelObserver from plugin Boogie Preprocessor for "4NestedWith3Variables-2.bpl de.uni_freiburg.informatik.ultimate.boogie.parser AST 17.06 06:49:50" (1/1) ...
[2020-06-17 18:49:50,619 INFO  L185        PluginConnector]: Executing the observer TypeChecker from plugin Boogie Preprocessor for "4NestedWith3Variables-2.bpl de.uni_freiburg.informatik.ultimate.boogie.parser AST 17.06 06:49:50" (1/1) ...
[2020-06-17 18:49:50,623 INFO  L185        PluginConnector]: Executing the observer ConstExpander from plugin Boogie Preprocessor for "4NestedWith3Variables-2.bpl de.uni_freiburg.informatik.ultimate.boogie.parser AST 17.06 06:49:50" (1/1) ...
[2020-06-17 18:49:50,623 INFO  L185        PluginConnector]: Executing the observer StructExpander from plugin Boogie Preprocessor for "4NestedWith3Variables-2.bpl de.uni_freiburg.informatik.ultimate.boogie.parser AST 17.06 06:49:50" (1/1) ...
[2020-06-17 18:49:50,625 INFO  L185        PluginConnector]: Executing the observer UnstructureCode from plugin Boogie Preprocessor for "4NestedWith3Variables-2.bpl de.uni_freiburg.informatik.ultimate.boogie.parser AST 17.06 06:49:50" (1/1) ...
[2020-06-17 18:49:50,627 INFO  L185        PluginConnector]: Executing the observer FunctionInliner from plugin Boogie Preprocessor for "4NestedWith3Variables-2.bpl de.uni_freiburg.informatik.ultimate.boogie.parser AST 17.06 06:49:50" (1/1) ...
[2020-06-17 18:49:50,627 INFO  L185        PluginConnector]: Executing the observer BoogieSymbolTableConstructor from plugin Boogie Preprocessor for "4NestedWith3Variables-2.bpl de.uni_freiburg.informatik.ultimate.boogie.parser AST 17.06 06:49:50" (1/1) ...
[2020-06-17 18:49:50,628 INFO  L132        PluginConnector]: ------------------------ END Boogie Preprocessor----------------------------
[2020-06-17 18:49:50,629 INFO  L113        PluginConnector]: ------------------------RCFGBuilder----------------------------
[2020-06-17 18:49:50,629 INFO  L271        PluginConnector]: Initializing RCFGBuilder...
[2020-06-17 18:49:50,629 INFO  L276        PluginConnector]: RCFGBuilder initialized
[2020-06-17 18:49:50,629 INFO  L185        PluginConnector]: Executing the observer RCFGBuilderObserver from plugin RCFGBuilder for "4NestedWith3Variables-2.bpl de.uni_freiburg.informatik.ultimate.boogie.parser AST 17.06 06:49:50" (1/1) ...
No working directory specified, using /home/lixie/LassoRankerExp/LassoRankerExp/z3
Starting monitored process 1 with z3 SMTLIB2_COMPLIANT=true -memory:1024 -smt2 -in -t:12000 (exit command is (exit), workingDir is null)
Waiting until toolchain timeout for monitored process 1 with z3 SMTLIB2_COMPLIANT=true -memory:1024 -smt2 -in -t:12000
[2020-06-17 18:49:50,664 INFO  L124     BoogieDeclarations]: Specification and implementation of procedure main given in one single declaration
[2020-06-17 18:49:50,664 INFO  L130     BoogieDeclarations]: Found specification of procedure main
[2020-06-17 18:49:50,664 INFO  L138     BoogieDeclarations]: Found implementation of procedure main
[2020-06-17 18:49:50,727 INFO  L278             CfgBuilder]: Using library mode
[2020-06-17 18:49:50,727 INFO  L286             CfgBuilder]: Removed 0 assue(true) statements.
[2020-06-17 18:49:50,728 INFO  L202        PluginConnector]: Adding new model 4NestedWith3Variables-2.bpl de.uni_freiburg.informatik.ultimate.plugins.generator.rcfgbuilder CFG 17.06 06:49:50 BoogieIcfgContainer
[2020-06-17 18:49:50,728 INFO  L132        PluginConnector]: ------------------------ END RCFGBuilder----------------------------
[2020-06-17 18:49:50,729 INFO  L113        PluginConnector]: ------------------------LassoRanker----------------------------
[2020-06-17 18:49:50,729 INFO  L271        PluginConnector]: Initializing LassoRanker...
[2020-06-17 18:49:50,729 INFO  L276        PluginConnector]: LassoRanker initialized
[2020-06-17 18:49:50,729 INFO  L185        PluginConnector]: Executing the observer LassoRankerObserver from plugin LassoRanker for "4NestedWith3Variables-2.bpl de.uni_freiburg.informatik.ultimate.plugins.generator.rcfgbuilder CFG 17.06 06:49:50" (1/1) ...
[2020-06-17 18:49:50,746 INFO  L72            BuchiIsEmpty]: Start buchiIsEmpty. Operand 2 states.
[2020-06-17 18:49:50,759 INFO  L131   ngComponentsAnalysis]: Automaton has 1 accepting balls. 1
[2020-06-17 18:49:50,760 INFO  L87            BuchiIsEmpty]: Finished buchiIsEmpty Result is false
[2020-06-17 18:49:50,760 INFO  L119           BuchiIsEmpty]: Starting construction of run
[2020-06-17 18:49:50,764 INFO  L104     BuchiDifferenceFKV]: Start buchiDifferenceFKV. First operand 2 states. Second operand 1 states.
[2020-06-17 18:49:50,771 INFO  L108     BuchiDifferenceFKV]: Finished buchiDifferenceFKV. First operand 2 states. Second operand 1 states. Result 3 states and 4 transitions. Complement of second has 2 states 2 powerset states0 rank states. The highest rank that occured is -1
[2020-06-17 18:49:50,771 INFO  L72            BuchiIsEmpty]: Start buchiIsEmpty. Operand 3 states and 4 transitions.
[2020-06-17 18:49:50,772 INFO  L131   ngComponentsAnalysis]: Automaton has 0 accepting balls. 0
[2020-06-17 18:49:50,772 INFO  L87            BuchiIsEmpty]: Finished buchiIsEmpty Result is true
[2020-06-17 18:49:50,813 INFO  L216          LassoAnalysis]: Preferences:
[2020-06-17 18:49:50,814 INFO  L124   ssoRankerPreferences]: Compute integeral hull: false
[2020-06-17 18:49:50,814 INFO  L125   ssoRankerPreferences]: Enable LassoPartitioneer: true
[2020-06-17 18:49:50,814 INFO  L126   ssoRankerPreferences]: Term annotations enabled: false
[2020-06-17 18:49:50,814 INFO  L127   ssoRankerPreferences]: Use exernal solver: true
[2020-06-17 18:49:50,815 INFO  L128   ssoRankerPreferences]: SMT solver command: z3 -smt2 -in SMTLIB2_COMPLIANT=true
[2020-06-17 18:49:50,815 INFO  L129   ssoRankerPreferences]: Dump SMT script to file: false
[2020-06-17 18:49:50,815 INFO  L130   ssoRankerPreferences]: Path of dumped script: .
[2020-06-17 18:49:50,815 INFO  L131   ssoRankerPreferences]: Filename of dumped script: LassoRankerScript
[2020-06-17 18:49:50,815 INFO  L132   ssoRankerPreferences]: MapElimAlgo: Frank
[2020-06-17 18:49:50,815 INFO  L282          LassoAnalysis]: Starting lasso preprocessing...
[2020-06-17 18:49:50,834 INFO  L141          MapEliminator]: Using MapEliminator with SimplificationTechnique=SIMPLIFY_DDA XnfConversionTechnique=BOTTOM_UP_WITH_LOCAL_SIMPLIFICATION AddInequalities=false OnlyTrivialImplicationsArrayWrite=false OnlyTrivialImplicationsForModifiedArguments=true OnlyArgumentsInFormula=true
[2020-06-17 18:49:50,908 INFO  L300          LassoAnalysis]: Preprocessing complete.
[2020-06-17 18:49:50,909 INFO  L412          LassoAnalysis]: Checking for nontermination...
No working directory specified, using /home/lixie/LassoRankerExp/LassoRankerExp/z3
Starting monitored process 2 with z3 -smt2 -in SMTLIB2_COMPLIANT=true (exit command is (exit), workingDir is null)
Waiting until toolchain timeout for monitored process 2 with z3 -smt2 -in SMTLIB2_COMPLIANT=true
[2020-06-17 18:49:50,912 INFO  L151   nArgumentSynthesizer]: Nontermination analysis: LINEAR_WITH_GUESSES Allow bounded executions: true Number of generalized eigenvectors: 0 Nilpotent components: true
[2020-06-17 18:49:50,912 INFO  L163   nArgumentSynthesizer]: Using integer mode.
No working directory specified, using /home/lixie/LassoRankerExp/LassoRankerExp/z3
Starting monitored process 3 with z3 -smt2 -in SMTLIB2_COMPLIANT=true (exit command is (exit), workingDir is null)
Waiting until toolchain timeout for monitored process 3 with z3 -smt2 -in SMTLIB2_COMPLIANT=true
[2020-06-17 18:49:50,932 INFO  L151   nArgumentSynthesizer]: Nontermination analysis: LINEAR_WITH_GUESSES Allow bounded executions: true Number of generalized eigenvectors: 3 Nilpotent components: true
[2020-06-17 18:49:50,933 INFO  L163   nArgumentSynthesizer]: Using integer mode.
[2020-06-17 18:49:50,961 INFO  L452          LassoAnalysis]: Proving nontermination failed: No geometric nontermination argument exists.
[2020-06-17 18:49:50,962 INFO  L216          LassoAnalysis]: Preferences:
[2020-06-17 18:49:50,962 INFO  L124   ssoRankerPreferences]: Compute integeral hull: false
[2020-06-17 18:49:50,962 INFO  L125   ssoRankerPreferences]: Enable LassoPartitioneer: true
[2020-06-17 18:49:50,962 INFO  L126   ssoRankerPreferences]: Term annotations enabled: false
[2020-06-17 18:49:50,962 INFO  L127   ssoRankerPreferences]: Use exernal solver: true
[2020-06-17 18:49:50,962 INFO  L128   ssoRankerPreferences]: SMT solver command: z3 -smt2 -in SMTLIB2_COMPLIANT=true
[2020-06-17 18:49:50,963 INFO  L129   ssoRankerPreferences]: Dump SMT script to file: false
[2020-06-17 18:49:50,963 INFO  L130   ssoRankerPreferences]: Path of dumped script: .
[2020-06-17 18:49:50,963 INFO  L131   ssoRankerPreferences]: Filename of dumped script: LassoRankerScript
[2020-06-17 18:49:50,963 INFO  L132   ssoRankerPreferences]: MapElimAlgo: Frank
[2020-06-17 18:49:50,963 INFO  L282          LassoAnalysis]: Starting lasso preprocessing...
[2020-06-17 18:49:50,964 INFO  L141          MapEliminator]: Using MapEliminator with SimplificationTechnique=SIMPLIFY_DDA XnfConversionTechnique=BOTTOM_UP_WITH_LOCAL_SIMPLIFICATION AddInequalities=false OnlyTrivialImplicationsArrayWrite=false OnlyTrivialImplicationsForModifiedArguments=true OnlyArgumentsInFormula=true
[2020-06-17 18:49:51,004 INFO  L300          LassoAnalysis]: Preprocessing complete.
[2020-06-17 18:49:51,008 INFO  L497          LassoAnalysis]: Using template 'affine'.
No working directory specified, using /home/lixie/LassoRankerExp/LassoRankerExp/z3
Starting monitored process 4 with z3 -smt2 -in SMTLIB2_COMPLIANT=true (exit command is (exit), workingDir is null)
Waiting until toolchain timeout for monitored process 4 with z3 -smt2 -in SMTLIB2_COMPLIANT=true
[2020-06-17 18:49:51,011 INFO  L122   nArgumentSynthesizer]: Termination Analysis Settings:
Termination analysis: LINEAR_WITH_GUESSES
Number of strict supporting invariants: 1
Number of non-strict supporting invariants: 0
Consider only non-deceasing supporting invariants: true
Simplify termination arguments: true
Simplify supporting invariants: trueOverapproximate stem: false
[2020-06-17 18:49:51,012 INFO  L339   nArgumentSynthesizer]: Template has degree 0.
[2020-06-17 18:49:51,012 INFO  L352   nArgumentSynthesizer]: There is no stem transition; disabling supporting invariant generation.
[2020-06-17 18:49:51,013 INFO  L205   nArgumentSynthesizer]: 1 stem disjuncts
[2020-06-17 18:49:51,013 INFO  L206   nArgumentSynthesizer]: 1 loop disjuncts
[2020-06-17 18:49:51,013 INFO  L207   nArgumentSynthesizer]: 2 template conjuncts.
[2020-06-17 18:49:51,016 INFO  L402   nArgumentSynthesizer]: We have 2 Motzkin's Theorem applications.
[2020-06-17 18:49:51,016 INFO  L403   nArgumentSynthesizer]: A total of 0 supporting invariants were added.
[2020-06-17 18:49:51,018 INFO  L530          LassoAnalysis]: Proving termination failed for this template and these settings.
[2020-06-17 18:49:51,030 INFO  L497          LassoAnalysis]: Using template '2-nested'.
No working directory specified, using /home/lixie/LassoRankerExp/LassoRankerExp/z3
Starting monitored process 5 with z3 -smt2 -in SMTLIB2_COMPLIANT=true (exit command is (exit), workingDir is null)
Waiting until toolchain timeout for monitored process 5 with z3 -smt2 -in SMTLIB2_COMPLIANT=true
[2020-06-17 18:49:51,032 INFO  L122   nArgumentSynthesizer]: Termination Analysis Settings:
Termination analysis: LINEAR_WITH_GUESSES
Number of strict supporting invariants: 1
Number of non-strict supporting invariants: 0
Consider only non-deceasing supporting invariants: true
Simplify termination arguments: true
Simplify supporting invariants: trueOverapproximate stem: false
[2020-06-17 18:49:51,034 INFO  L339   nArgumentSynthesizer]: Template has degree 0.
[2020-06-17 18:49:51,034 INFO  L352   nArgumentSynthesizer]: There is no stem transition; disabling supporting invariant generation.
[2020-06-17 18:49:51,034 INFO  L205   nArgumentSynthesizer]: 1 stem disjuncts
[2020-06-17 18:49:51,034 INFO  L206   nArgumentSynthesizer]: 1 loop disjuncts
[2020-06-17 18:49:51,035 INFO  L207   nArgumentSynthesizer]: 3 template conjuncts.
[2020-06-17 18:49:51,038 INFO  L402   nArgumentSynthesizer]: We have 3 Motzkin's Theorem applications.
[2020-06-17 18:49:51,038 INFO  L403   nArgumentSynthesizer]: A total of 0 supporting invariants were added.
[2020-06-17 18:49:51,041 INFO  L530          LassoAnalysis]: Proving termination failed for this template and these settings.
[2020-06-17 18:49:51,054 INFO  L497          LassoAnalysis]: Using template '3-nested'.
No working directory specified, using /home/lixie/LassoRankerExp/LassoRankerExp/z3
Starting monitored process 6 with z3 -smt2 -in SMTLIB2_COMPLIANT=true (exit command is (exit), workingDir is null)
Waiting until toolchain timeout for monitored process 6 with z3 -smt2 -in SMTLIB2_COMPLIANT=true
[2020-06-17 18:49:51,056 INFO  L122   nArgumentSynthesizer]: Termination Analysis Settings:
Termination analysis: LINEAR_WITH_GUESSES
Number of strict supporting invariants: 1
Number of non-strict supporting invariants: 0
Consider only non-deceasing supporting invariants: true
Simplify termination arguments: true
Simplify supporting invariants: trueOverapproximate stem: false
[2020-06-17 18:49:51,058 INFO  L339   nArgumentSynthesizer]: Template has degree 0.
[2020-06-17 18:49:51,058 INFO  L352   nArgumentSynthesizer]: There is no stem transition; disabling supporting invariant generation.
[2020-06-17 18:49:51,058 INFO  L205   nArgumentSynthesizer]: 1 stem disjuncts
[2020-06-17 18:49:51,058 INFO  L206   nArgumentSynthesizer]: 1 loop disjuncts
[2020-06-17 18:49:51,058 INFO  L207   nArgumentSynthesizer]: 4 template conjuncts.
[2020-06-17 18:49:51,061 INFO  L402   nArgumentSynthesizer]: We have 4 Motzkin's Theorem applications.
[2020-06-17 18:49:51,061 INFO  L403   nArgumentSynthesizer]: A total of 0 supporting invariants were added.
[2020-06-17 18:49:51,066 INFO  L530          LassoAnalysis]: Proving termination failed for this template and these settings.
[2020-06-17 18:49:51,089 INFO  L497          LassoAnalysis]: Using template '4-nested'.
No working directory specified, using /home/lixie/LassoRankerExp/LassoRankerExp/z3
Starting monitored process 7 with z3 -smt2 -in SMTLIB2_COMPLIANT=true (exit command is (exit), workingDir is null)
Waiting until toolchain timeout for monitored process 7 with z3 -smt2 -in SMTLIB2_COMPLIANT=true
[2020-06-17 18:49:51,090 INFO  L122   nArgumentSynthesizer]: Termination Analysis Settings:
Termination analysis: LINEAR_WITH_GUESSES
Number of strict supporting invariants: 1
Number of non-strict supporting invariants: 0
Consider only non-deceasing supporting invariants: true
Simplify termination arguments: true
Simplify supporting invariants: trueOverapproximate stem: false
[2020-06-17 18:49:51,092 INFO  L339   nArgumentSynthesizer]: Template has degree 0.
[2020-06-17 18:49:51,092 INFO  L352   nArgumentSynthesizer]: There is no stem transition; disabling supporting invariant generation.
[2020-06-17 18:49:51,093 INFO  L205   nArgumentSynthesizer]: 1 stem disjuncts
[2020-06-17 18:49:51,093 INFO  L206   nArgumentSynthesizer]: 1 loop disjuncts
[2020-06-17 18:49:51,093 INFO  L207   nArgumentSynthesizer]: 5 template conjuncts.
[2020-06-17 18:49:51,096 INFO  L402   nArgumentSynthesizer]: We have 5 Motzkin's Theorem applications.
[2020-06-17 18:49:51,096 INFO  L403   nArgumentSynthesizer]: A total of 0 supporting invariants were added.
[2020-06-17 18:49:51,102 INFO  L421   nArgumentSynthesizer]: Found a termination argument, trying to simplify.
[2020-06-17 18:49:51,114 INFO  L443   ModelExtractionUtils]: Simplification made 6 calls to the SMT solver.
[2020-06-17 18:49:51,114 INFO  L444   ModelExtractionUtils]: 8 out of 21 variables were initially zero. Simplification set additionally 4 variables to zero.
No working directory specified, using /home/lixie/LassoRankerExp/LassoRankerExp/z3
Starting monitored process 8 with z3 -smt2 -in SMTLIB2_COMPLIANT=true (exit command is (exit), workingDir is null)
Waiting until toolchain timeout for monitored process 8 with z3 -smt2 -in SMTLIB2_COMPLIANT=true
[2020-06-17 18:49:51,116 INFO  L437   nArgumentSynthesizer]: Simplifying supporting invariants...
[2020-06-17 18:49:51,116 INFO  L440   nArgumentSynthesizer]: Removed 0 redundant supporting invariants from a total of 0.
[2020-06-17 18:49:51,117 INFO  L518          LassoAnalysis]: Proved termination.
[2020-06-17 18:49:51,117 INFO  L520          LassoAnalysis]: Termination argument consisting of:
Ranking function 4-nested ranking function:
  f0 = -8*main_a + 80*main_q - 16*main_b
  f1 = 2*main_a + 4*main_q - 4*main_b
  f2 = 1*main_a
  f3 = 1*main_q
Supporting invariants []
[2020-06-17 18:49:51,137 INFO  L132        PluginConnector]: ------------------------ END LassoRanker----------------------------
[2020-06-17 18:49:51,138 INFO  L168              Benchmark]: Toolchain (without parser) took 539.45 ms. Allocated memory is still 514.9 MB. Free memory was 472.9 MB in the beginning and 399.1 MB in the end (delta: 73.9 MB). Peak memory consumption was 73.9 MB. Max. memory is 11.5 GB.
[2020-06-17 18:49:51,139 INFO  L168              Benchmark]: Boogie PL CUP Parser took 0.14 ms. Allocated memory is still 514.9 MB. Free memory is still 474.4 MB. There was no memory consumed. Max. memory is 11.5 GB.
[2020-06-17 18:49:51,139 INFO  L168              Benchmark]: Boogie Preprocessor took 23.33 ms. Allocated memory is still 514.9 MB. Free memory was 471.5 MB in the beginning and 470.2 MB in the end (delta: 1.3 MB). Peak memory consumption was 1.3 MB. Max. memory is 11.5 GB.
[2020-06-17 18:49:51,140 INFO  L168              Benchmark]: RCFGBuilder took 99.63 ms. Allocated memory is still 514.9 MB. Free memory was 470.2 MB in the beginning and 460.6 MB in the end (delta: 9.6 MB). Peak memory consumption was 9.6 MB. Max. memory is 11.5 GB.
[2020-06-17 18:49:51,140 INFO  L168              Benchmark]: LassoRanker took 408.83 ms. Allocated memory is still 514.9 MB. Free memory was 460.6 MB in the beginning and 399.1 MB in the end (delta: 61.5 MB). Peak memory consumption was 61.5 MB. Max. memory is 11.5 GB.
[2020-06-17 18:49:51,142 INFO  L336   ainManager$Toolchain]: #######################  End [Toolchain 1] #######################
 --- Results ---
 * Results from de.uni_freiburg.informatik.ultimate.core:
  - StatisticsResult: Toolchain Benchmarks
    Benchmark results are:
 * Boogie PL CUP Parser took 0.14 ms. Allocated memory is still 514.9 MB. Free memory is still 474.4 MB. There was no memory consumed. Max. memory is 11.5 GB.
 * Boogie Preprocessor took 23.33 ms. Allocated memory is still 514.9 MB. Free memory was 471.5 MB in the beginning and 470.2 MB in the end (delta: 1.3 MB). Peak memory consumption was 1.3 MB. Max. memory is 11.5 GB.
 * RCFGBuilder took 99.63 ms. Allocated memory is still 514.9 MB. Free memory was 470.2 MB in the beginning and 460.6 MB in the end (delta: 9.6 MB). Peak memory consumption was 9.6 MB. Max. memory is 11.5 GB.
 * LassoRanker took 408.83 ms. Allocated memory is still 514.9 MB. Free memory was 460.6 MB in the beginning and 399.1 MB in the end (delta: 61.5 MB). Peak memory consumption was 61.5 MB. Max. memory is 11.5 GB.
 * Results from de.uni_freiburg.informatik.ultimate.plugins.analysis.lassoranker:
  - TerminationArgumentResult [Line: 1]: Found 4-nested ranking function
    Found a termination argument consisting of the 4-nested ranking function: [(if -8 * a + 80 * q + -16 * b > 0 then 3 else (if 2 * a + 4 * q + -4 * b > 0 then 2 else (if a > 0 then 1 else 0))), (if -8 * a + 80 * q + -16 * b > 0 then -8 * a + 80 * q + -16 * b else (if 2 * a + 4 * q + -4 * b > 0 then 2 * a + 4 * q + -4 * b else (if a > 0 then a else q)))] for which no supporting invariant is required.
RESULT: Ultimate proved your program to be correct!
Received shutdown request...
Ultimate:
GTK+ Version Check
