This is Ultimate 0.1.24-16d85fa
[2020-06-17 18:50:04,665 INFO  L170        SettingsManager]: Resetting all preferences to default values...
[2020-06-17 18:50:04,666 INFO  L174        SettingsManager]: Resetting UltimateCore preferences to default values
[2020-06-17 18:50:04,677 INFO  L177        SettingsManager]: Ultimate Commandline Interface provides no preferences, ignoring...
[2020-06-17 18:50:04,677 INFO  L174        SettingsManager]: Resetting Boogie Preprocessor preferences to default values
[2020-06-17 18:50:04,677 INFO  L174        SettingsManager]: Resetting Boogie Procedure Inliner preferences to default values
[2020-06-17 18:50:04,678 INFO  L174        SettingsManager]: Resetting Abstract Interpretation preferences to default values
[2020-06-17 18:50:04,679 INFO  L174        SettingsManager]: Resetting LassoRanker preferences to default values
[2020-06-17 18:50:04,681 INFO  L174        SettingsManager]: Resetting Reaching Definitions preferences to default values
[2020-06-17 18:50:04,681 INFO  L174        SettingsManager]: Resetting SyntaxChecker preferences to default values
[2020-06-17 18:50:04,682 INFO  L177        SettingsManager]: Büchi Program Product provides no preferences, ignoring...
[2020-06-17 18:50:04,682 INFO  L174        SettingsManager]: Resetting LTL2Aut preferences to default values
[2020-06-17 18:50:04,683 INFO  L174        SettingsManager]: Resetting PEA to Boogie preferences to default values
[2020-06-17 18:50:04,684 INFO  L174        SettingsManager]: Resetting BlockEncodingV2 preferences to default values
[2020-06-17 18:50:04,685 INFO  L174        SettingsManager]: Resetting ChcToBoogie preferences to default values
[2020-06-17 18:50:04,685 INFO  L174        SettingsManager]: Resetting AutomataScriptInterpreter preferences to default values
[2020-06-17 18:50:04,686 INFO  L174        SettingsManager]: Resetting BuchiAutomizer preferences to default values
[2020-06-17 18:50:04,688 INFO  L174        SettingsManager]: Resetting CACSL2BoogieTranslator preferences to default values
[2020-06-17 18:50:04,689 INFO  L174        SettingsManager]: Resetting CodeCheck preferences to default values
[2020-06-17 18:50:04,691 INFO  L174        SettingsManager]: Resetting InvariantSynthesis preferences to default values
[2020-06-17 18:50:04,692 INFO  L174        SettingsManager]: Resetting RCFGBuilder preferences to default values
[2020-06-17 18:50:04,692 INFO  L174        SettingsManager]: Resetting TraceAbstraction preferences to default values
[2020-06-17 18:50:04,695 INFO  L177        SettingsManager]: TraceAbstractionConcurrent provides no preferences, ignoring...
[2020-06-17 18:50:04,695 INFO  L177        SettingsManager]: TraceAbstractionWithAFAs provides no preferences, ignoring...
[2020-06-17 18:50:04,695 INFO  L174        SettingsManager]: Resetting TreeAutomizer preferences to default values
[2020-06-17 18:50:04,696 INFO  L174        SettingsManager]: Resetting IcfgTransformer preferences to default values
[2020-06-17 18:50:04,696 INFO  L174        SettingsManager]: Resetting Boogie Printer preferences to default values
[2020-06-17 18:50:04,697 INFO  L174        SettingsManager]: Resetting ReqPrinter preferences to default values
[2020-06-17 18:50:04,697 INFO  L174        SettingsManager]: Resetting Witness Printer preferences to default values
[2020-06-17 18:50:04,698 INFO  L177        SettingsManager]: Boogie PL CUP Parser provides no preferences, ignoring...
[2020-06-17 18:50:04,698 INFO  L174        SettingsManager]: Resetting CDTParser preferences to default values
[2020-06-17 18:50:04,699 INFO  L177        SettingsManager]: AutomataScriptParser provides no preferences, ignoring...
[2020-06-17 18:50:04,699 INFO  L177        SettingsManager]: ReqParser provides no preferences, ignoring...
[2020-06-17 18:50:04,699 INFO  L174        SettingsManager]: Resetting SmtParser preferences to default values
[2020-06-17 18:50:04,700 INFO  L174        SettingsManager]: Resetting Witness Parser preferences to default values
[2020-06-17 18:50:04,700 INFO  L181        SettingsManager]: Finished resetting all preferences to default values...
[2020-06-17 18:50:04,719 INFO  L81    nceAwareModelManager]: Repository-Root is: /tmp
[2020-06-17 18:50:04,726 INFO  L258   ainManager$Toolchain]: [Toolchain 1]: Applicable parser(s) successfully (re)initialized
[2020-06-17 18:50:04,728 INFO  L214   ainManager$Toolchain]: [Toolchain 1]: Toolchain selected.
[2020-06-17 18:50:04,729 INFO  L271        PluginConnector]: Initializing Boogie PL CUP Parser...
[2020-06-17 18:50:04,729 INFO  L276        PluginConnector]: Boogie PL CUP Parser initialized
[2020-06-17 18:50:04,730 INFO  L418   ainManager$Toolchain]: [Toolchain 1]: Parsing single file: /home/lixie/LassoRankerExp/LassoRankerExp/./C_Boogie/b.03-no-inv_assume.bpl
[2020-06-17 18:50:04,730 INFO  L111           BoogieParser]: Parsing: '/home/lixie/LassoRankerExp/LassoRankerExp/./C_Boogie/b.03-no-inv_assume.bpl'
[2020-06-17 18:50:04,748 INFO  L296   ainManager$Toolchain]: ####################### [Toolchain 1] #######################
[2020-06-17 18:50:04,755 INFO  L131        ToolchainWalker]: Walking toolchain with 3 elements.
[2020-06-17 18:50:04,755 INFO  L113        PluginConnector]: ------------------------Boogie Preprocessor----------------------------
[2020-06-17 18:50:04,755 INFO  L271        PluginConnector]: Initializing Boogie Preprocessor...
[2020-06-17 18:50:04,755 INFO  L276        PluginConnector]: Boogie Preprocessor initialized
[2020-06-17 18:50:04,769 INFO  L185        PluginConnector]: Executing the observer EnsureBoogieModelObserver from plugin Boogie Preprocessor for "b.03-no-inv_assume.bpl de.uni_freiburg.informatik.ultimate.boogie.parser AST 17.06 06:50:04" (1/1) ...
[2020-06-17 18:50:04,770 INFO  L185        PluginConnector]: Executing the observer TypeChecker from plugin Boogie Preprocessor for "b.03-no-inv_assume.bpl de.uni_freiburg.informatik.ultimate.boogie.parser AST 17.06 06:50:04" (1/1) ...
[2020-06-17 18:50:04,773 INFO  L185        PluginConnector]: Executing the observer ConstExpander from plugin Boogie Preprocessor for "b.03-no-inv_assume.bpl de.uni_freiburg.informatik.ultimate.boogie.parser AST 17.06 06:50:04" (1/1) ...
[2020-06-17 18:50:04,774 INFO  L185        PluginConnector]: Executing the observer StructExpander from plugin Boogie Preprocessor for "b.03-no-inv_assume.bpl de.uni_freiburg.informatik.ultimate.boogie.parser AST 17.06 06:50:04" (1/1) ...
[2020-06-17 18:50:04,775 INFO  L185        PluginConnector]: Executing the observer UnstructureCode from plugin Boogie Preprocessor for "b.03-no-inv_assume.bpl de.uni_freiburg.informatik.ultimate.boogie.parser AST 17.06 06:50:04" (1/1) ...
[2020-06-17 18:50:04,777 INFO  L185        PluginConnector]: Executing the observer FunctionInliner from plugin Boogie Preprocessor for "b.03-no-inv_assume.bpl de.uni_freiburg.informatik.ultimate.boogie.parser AST 17.06 06:50:04" (1/1) ...
[2020-06-17 18:50:04,778 INFO  L185        PluginConnector]: Executing the observer BoogieSymbolTableConstructor from plugin Boogie Preprocessor for "b.03-no-inv_assume.bpl de.uni_freiburg.informatik.ultimate.boogie.parser AST 17.06 06:50:04" (1/1) ...
[2020-06-17 18:50:04,778 INFO  L132        PluginConnector]: ------------------------ END Boogie Preprocessor----------------------------
[2020-06-17 18:50:04,779 INFO  L113        PluginConnector]: ------------------------RCFGBuilder----------------------------
[2020-06-17 18:50:04,779 INFO  L271        PluginConnector]: Initializing RCFGBuilder...
[2020-06-17 18:50:04,779 INFO  L276        PluginConnector]: RCFGBuilder initialized
[2020-06-17 18:50:04,779 INFO  L185        PluginConnector]: Executing the observer RCFGBuilderObserver from plugin RCFGBuilder for "b.03-no-inv_assume.bpl de.uni_freiburg.informatik.ultimate.boogie.parser AST 17.06 06:50:04" (1/1) ...
No working directory specified, using /home/lixie/LassoRankerExp/LassoRankerExp/z3
Starting monitored process 1 with z3 SMTLIB2_COMPLIANT=true -memory:1024 -smt2 -in -t:12000 (exit command is (exit), workingDir is null)
Waiting until toolchain timeout for monitored process 1 with z3 SMTLIB2_COMPLIANT=true -memory:1024 -smt2 -in -t:12000
[2020-06-17 18:50:04,813 INFO  L124     BoogieDeclarations]: Specification and implementation of procedure main given in one single declaration
[2020-06-17 18:50:04,813 INFO  L130     BoogieDeclarations]: Found specification of procedure main
[2020-06-17 18:50:04,813 INFO  L138     BoogieDeclarations]: Found implementation of procedure main
[2020-06-17 18:50:04,875 INFO  L278             CfgBuilder]: Using library mode
[2020-06-17 18:50:04,875 INFO  L286             CfgBuilder]: Removed 0 assue(true) statements.
[2020-06-17 18:50:04,876 INFO  L202        PluginConnector]: Adding new model b.03-no-inv_assume.bpl de.uni_freiburg.informatik.ultimate.plugins.generator.rcfgbuilder CFG 17.06 06:50:04 BoogieIcfgContainer
[2020-06-17 18:50:04,876 INFO  L132        PluginConnector]: ------------------------ END RCFGBuilder----------------------------
[2020-06-17 18:50:04,877 INFO  L113        PluginConnector]: ------------------------LassoRanker----------------------------
[2020-06-17 18:50:04,877 INFO  L271        PluginConnector]: Initializing LassoRanker...
[2020-06-17 18:50:04,877 INFO  L276        PluginConnector]: LassoRanker initialized
[2020-06-17 18:50:04,877 INFO  L185        PluginConnector]: Executing the observer LassoRankerObserver from plugin LassoRanker for "b.03-no-inv_assume.bpl de.uni_freiburg.informatik.ultimate.plugins.generator.rcfgbuilder CFG 17.06 06:50:04" (1/1) ...
[2020-06-17 18:50:04,894 INFO  L72            BuchiIsEmpty]: Start buchiIsEmpty. Operand 4 states.
[2020-06-17 18:50:04,908 INFO  L131   ngComponentsAnalysis]: Automaton has 1 accepting balls. 1
[2020-06-17 18:50:04,908 INFO  L87            BuchiIsEmpty]: Finished buchiIsEmpty Result is false
[2020-06-17 18:50:04,908 INFO  L119           BuchiIsEmpty]: Starting construction of run
[2020-06-17 18:50:04,913 INFO  L104     BuchiDifferenceFKV]: Start buchiDifferenceFKV. First operand 4 states. Second operand 2 states.
[2020-06-17 18:50:04,920 INFO  L108     BuchiDifferenceFKV]: Finished buchiDifferenceFKV. First operand 4 states. Second operand 2 states. Result 4 states and 5 transitions. Complement of second has 3 states 3 powerset states0 rank states. The highest rank that occured is -1
[2020-06-17 18:50:04,920 INFO  L72            BuchiIsEmpty]: Start buchiIsEmpty. Operand 4 states and 5 transitions.
[2020-06-17 18:50:04,921 INFO  L131   ngComponentsAnalysis]: Automaton has 0 accepting balls. 0
[2020-06-17 18:50:04,921 INFO  L87            BuchiIsEmpty]: Finished buchiIsEmpty Result is true
[2020-06-17 18:50:04,948 INFO  L216          LassoAnalysis]: Preferences:
[2020-06-17 18:50:04,949 INFO  L124   ssoRankerPreferences]: Compute integeral hull: false
[2020-06-17 18:50:04,949 INFO  L125   ssoRankerPreferences]: Enable LassoPartitioneer: true
[2020-06-17 18:50:04,949 INFO  L126   ssoRankerPreferences]: Term annotations enabled: false
[2020-06-17 18:50:04,949 INFO  L127   ssoRankerPreferences]: Use exernal solver: true
[2020-06-17 18:50:04,950 INFO  L128   ssoRankerPreferences]: SMT solver command: z3 -smt2 -in SMTLIB2_COMPLIANT=true
[2020-06-17 18:50:04,950 INFO  L129   ssoRankerPreferences]: Dump SMT script to file: false
[2020-06-17 18:50:04,950 INFO  L130   ssoRankerPreferences]: Path of dumped script: .
[2020-06-17 18:50:04,950 INFO  L131   ssoRankerPreferences]: Filename of dumped script: LassoRankerScript
[2020-06-17 18:50:04,950 INFO  L132   ssoRankerPreferences]: MapElimAlgo: Frank
[2020-06-17 18:50:04,950 INFO  L282          LassoAnalysis]: Starting lasso preprocessing...
[2020-06-17 18:50:04,962 INFO  L141          MapEliminator]: Using MapEliminator with SimplificationTechnique=SIMPLIFY_DDA XnfConversionTechnique=BOTTOM_UP_WITH_LOCAL_SIMPLIFICATION AddInequalities=false OnlyTrivialImplicationsArrayWrite=false OnlyTrivialImplicationsForModifiedArguments=true OnlyArgumentsInFormula=true
[2020-06-17 18:50:05,001 INFO  L300          LassoAnalysis]: Preprocessing complete.
[2020-06-17 18:50:05,002 INFO  L412          LassoAnalysis]: Checking for nontermination...
No working directory specified, using /home/lixie/LassoRankerExp/LassoRankerExp/z3
Starting monitored process 2 with z3 -smt2 -in SMTLIB2_COMPLIANT=true (exit command is (exit), workingDir is null)
Waiting until toolchain timeout for monitored process 2 with z3 -smt2 -in SMTLIB2_COMPLIANT=true
[2020-06-17 18:50:05,005 INFO  L151   nArgumentSynthesizer]: Nontermination analysis: LINEAR_WITH_GUESSES Allow bounded executions: true Number of generalized eigenvectors: 0 Nilpotent components: true
[2020-06-17 18:50:05,005 INFO  L163   nArgumentSynthesizer]: Using integer mode.
No working directory specified, using /home/lixie/LassoRankerExp/LassoRankerExp/z3
Starting monitored process 3 with z3 -smt2 -in SMTLIB2_COMPLIANT=true (exit command is (exit), workingDir is null)
Waiting until toolchain timeout for monitored process 3 with z3 -smt2 -in SMTLIB2_COMPLIANT=true
[2020-06-17 18:50:05,035 INFO  L151   nArgumentSynthesizer]: Nontermination analysis: LINEAR_WITH_GUESSES Allow bounded executions: true Number of generalized eigenvectors: 3 Nilpotent components: true
[2020-06-17 18:50:05,035 INFO  L163   nArgumentSynthesizer]: Using integer mode.
[2020-06-17 18:50:05,054 INFO  L452          LassoAnalysis]: Proving nontermination failed: No geometric nontermination argument exists.
[2020-06-17 18:50:05,056 INFO  L216          LassoAnalysis]: Preferences:
[2020-06-17 18:50:05,056 INFO  L124   ssoRankerPreferences]: Compute integeral hull: false
[2020-06-17 18:50:05,056 INFO  L125   ssoRankerPreferences]: Enable LassoPartitioneer: true
[2020-06-17 18:50:05,056 INFO  L126   ssoRankerPreferences]: Term annotations enabled: false
[2020-06-17 18:50:05,056 INFO  L127   ssoRankerPreferences]: Use exernal solver: true
[2020-06-17 18:50:05,056 INFO  L128   ssoRankerPreferences]: SMT solver command: z3 -smt2 -in SMTLIB2_COMPLIANT=true
[2020-06-17 18:50:05,057 INFO  L129   ssoRankerPreferences]: Dump SMT script to file: false
[2020-06-17 18:50:05,057 INFO  L130   ssoRankerPreferences]: Path of dumped script: .
[2020-06-17 18:50:05,057 INFO  L131   ssoRankerPreferences]: Filename of dumped script: LassoRankerScript
[2020-06-17 18:50:05,057 INFO  L132   ssoRankerPreferences]: MapElimAlgo: Frank
[2020-06-17 18:50:05,057 INFO  L282          LassoAnalysis]: Starting lasso preprocessing...
[2020-06-17 18:50:05,058 INFO  L141          MapEliminator]: Using MapEliminator with SimplificationTechnique=SIMPLIFY_DDA XnfConversionTechnique=BOTTOM_UP_WITH_LOCAL_SIMPLIFICATION AddInequalities=false OnlyTrivialImplicationsArrayWrite=false OnlyTrivialImplicationsForModifiedArguments=true OnlyArgumentsInFormula=true
[2020-06-17 18:50:05,084 INFO  L300          LassoAnalysis]: Preprocessing complete.
[2020-06-17 18:50:05,088 INFO  L497          LassoAnalysis]: Using template 'affine'.
No working directory specified, using /home/lixie/LassoRankerExp/LassoRankerExp/z3
Starting monitored process 4 with z3 -smt2 -in SMTLIB2_COMPLIANT=true (exit command is (exit), workingDir is null)
Waiting until toolchain timeout for monitored process 4 with z3 -smt2 -in SMTLIB2_COMPLIANT=true
[2020-06-17 18:50:05,090 INFO  L122   nArgumentSynthesizer]: Termination Analysis Settings:
Termination analysis: LINEAR_WITH_GUESSES
Number of strict supporting invariants: 1
Number of non-strict supporting invariants: 0
Consider only non-deceasing supporting invariants: true
Simplify termination arguments: true
Simplify supporting invariants: trueOverapproximate stem: false
[2020-06-17 18:50:05,092 INFO  L339   nArgumentSynthesizer]: Template has degree 0.
[2020-06-17 18:50:05,092 INFO  L205   nArgumentSynthesizer]: 1 stem disjuncts
[2020-06-17 18:50:05,092 INFO  L206   nArgumentSynthesizer]: 1 loop disjuncts
[2020-06-17 18:50:05,092 INFO  L207   nArgumentSynthesizer]: 2 template conjuncts.
[2020-06-17 18:50:05,098 INFO  L402   nArgumentSynthesizer]: We have 6 Motzkin's Theorem applications.
[2020-06-17 18:50:05,098 INFO  L403   nArgumentSynthesizer]: A total of 2 supporting invariants were added.
[2020-06-17 18:50:05,103 INFO  L421   nArgumentSynthesizer]: Found a termination argument, trying to simplify.
[2020-06-17 18:50:05,113 INFO  L443   ModelExtractionUtils]: Simplification made 8 calls to the SMT solver.
[2020-06-17 18:50:05,113 INFO  L444   ModelExtractionUtils]: 2 out of 10 variables were initially zero. Simplification set additionally 2 variables to zero.
No working directory specified, using /home/lixie/LassoRankerExp/LassoRankerExp/z3
Starting monitored process 5 with z3 -smt2 -in SMTLIB2_COMPLIANT=true (exit command is (exit), workingDir is null)
Waiting until toolchain timeout for monitored process 5 with z3 -smt2 -in SMTLIB2_COMPLIANT=true
[2020-06-17 18:50:05,116 INFO  L437   nArgumentSynthesizer]: Simplifying supporting invariants...
[2020-06-17 18:50:05,118 INFO  L440   nArgumentSynthesizer]: Removed 1 redundant supporting invariants from a total of 2.
[2020-06-17 18:50:05,118 INFO  L518          LassoAnalysis]: Proved termination.
[2020-06-17 18:50:05,119 INFO  L520          LassoAnalysis]: Termination argument consisting of:
Ranking function f(main_y) = -2*main_y + 2147483647
Supporting invariants [2*main_x - 1 > 0]
[2020-06-17 18:50:05,136 INFO  L132        PluginConnector]: ------------------------ END LassoRanker----------------------------
[2020-06-17 18:50:05,137 INFO  L168              Benchmark]: Toolchain (without parser) took 388.22 ms. Allocated memory is still 514.9 MB. Free memory was 472.9 MB in the beginning and 424.9 MB in the end (delta: 48.0 MB). Peak memory consumption was 48.0 MB. Max. memory is 11.5 GB.
[2020-06-17 18:50:05,138 INFO  L168              Benchmark]: Boogie PL CUP Parser took 0.09 ms. Allocated memory is still 514.9 MB. Free memory is still 474.4 MB. There was no memory consumed. Max. memory is 11.5 GB.
[2020-06-17 18:50:05,139 INFO  L168              Benchmark]: Boogie Preprocessor took 23.29 ms. Allocated memory is still 514.9 MB. Free memory was 471.5 MB in the beginning and 470.2 MB in the end (delta: 1.3 MB). Peak memory consumption was 1.3 MB. Max. memory is 11.5 GB.
[2020-06-17 18:50:05,139 INFO  L168              Benchmark]: RCFGBuilder took 97.56 ms. Allocated memory is still 514.9 MB. Free memory was 470.2 MB in the beginning and 460.7 MB in the end (delta: 9.5 MB). Peak memory consumption was 9.5 MB. Max. memory is 11.5 GB.
[2020-06-17 18:50:05,139 INFO  L168              Benchmark]: LassoRanker took 259.60 ms. Allocated memory is still 514.9 MB. Free memory was 460.7 MB in the beginning and 424.9 MB in the end (delta: 35.8 MB). Peak memory consumption was 35.8 MB. Max. memory is 11.5 GB.
[2020-06-17 18:50:05,141 INFO  L336   ainManager$Toolchain]: #######################  End [Toolchain 1] #######################
 --- Results ---
 * Results from de.uni_freiburg.informatik.ultimate.core:
  - StatisticsResult: Toolchain Benchmarks
    Benchmark results are:
 * Boogie PL CUP Parser took 0.09 ms. Allocated memory is still 514.9 MB. Free memory is still 474.4 MB. There was no memory consumed. Max. memory is 11.5 GB.
 * Boogie Preprocessor took 23.29 ms. Allocated memory is still 514.9 MB. Free memory was 471.5 MB in the beginning and 470.2 MB in the end (delta: 1.3 MB). Peak memory consumption was 1.3 MB. Max. memory is 11.5 GB.
 * RCFGBuilder took 97.56 ms. Allocated memory is still 514.9 MB. Free memory was 470.2 MB in the beginning and 460.7 MB in the end (delta: 9.5 MB). Peak memory consumption was 9.5 MB. Max. memory is 11.5 GB.
 * LassoRanker took 259.60 ms. Allocated memory is still 514.9 MB. Free memory was 460.7 MB in the beginning and 424.9 MB in the end (delta: 35.8 MB). Peak memory consumption was 35.8 MB. Max. memory is 11.5 GB.
 * Results from de.uni_freiburg.informatik.ultimate.plugins.analysis.lassoranker:
  - TerminationArgumentResult [Line: 7]: Found affine ranking function
    Found a termination argument consisting of the affine ranking function: [-2 * y + 2147483647] and the following supporting invariants: 2 * x + -1 > 0
RESULT: Ultimate proved your program to be correct!
Received shutdown request...
Ultimate:
GTK+ Version Check
