This is Ultimate 0.1.24-16d85fa
[2020-06-17 18:50:06,709 INFO  L170        SettingsManager]: Resetting all preferences to default values...
[2020-06-17 18:50:06,711 INFO  L174        SettingsManager]: Resetting UltimateCore preferences to default values
[2020-06-17 18:50:06,721 INFO  L177        SettingsManager]: Ultimate Commandline Interface provides no preferences, ignoring...
[2020-06-17 18:50:06,721 INFO  L174        SettingsManager]: Resetting Boogie Preprocessor preferences to default values
[2020-06-17 18:50:06,722 INFO  L174        SettingsManager]: Resetting Boogie Procedure Inliner preferences to default values
[2020-06-17 18:50:06,722 INFO  L174        SettingsManager]: Resetting Abstract Interpretation preferences to default values
[2020-06-17 18:50:06,724 INFO  L174        SettingsManager]: Resetting LassoRanker preferences to default values
[2020-06-17 18:50:06,725 INFO  L174        SettingsManager]: Resetting Reaching Definitions preferences to default values
[2020-06-17 18:50:06,726 INFO  L174        SettingsManager]: Resetting SyntaxChecker preferences to default values
[2020-06-17 18:50:06,726 INFO  L177        SettingsManager]: Büchi Program Product provides no preferences, ignoring...
[2020-06-17 18:50:06,726 INFO  L174        SettingsManager]: Resetting LTL2Aut preferences to default values
[2020-06-17 18:50:06,727 INFO  L174        SettingsManager]: Resetting PEA to Boogie preferences to default values
[2020-06-17 18:50:06,728 INFO  L174        SettingsManager]: Resetting BlockEncodingV2 preferences to default values
[2020-06-17 18:50:06,729 INFO  L174        SettingsManager]: Resetting ChcToBoogie preferences to default values
[2020-06-17 18:50:06,729 INFO  L174        SettingsManager]: Resetting AutomataScriptInterpreter preferences to default values
[2020-06-17 18:50:06,730 INFO  L174        SettingsManager]: Resetting BuchiAutomizer preferences to default values
[2020-06-17 18:50:06,732 INFO  L174        SettingsManager]: Resetting CACSL2BoogieTranslator preferences to default values
[2020-06-17 18:50:06,734 INFO  L174        SettingsManager]: Resetting CodeCheck preferences to default values
[2020-06-17 18:50:06,735 INFO  L174        SettingsManager]: Resetting InvariantSynthesis preferences to default values
[2020-06-17 18:50:06,736 INFO  L174        SettingsManager]: Resetting RCFGBuilder preferences to default values
[2020-06-17 18:50:06,737 INFO  L174        SettingsManager]: Resetting TraceAbstraction preferences to default values
[2020-06-17 18:50:06,739 INFO  L177        SettingsManager]: TraceAbstractionConcurrent provides no preferences, ignoring...
[2020-06-17 18:50:06,739 INFO  L177        SettingsManager]: TraceAbstractionWithAFAs provides no preferences, ignoring...
[2020-06-17 18:50:06,739 INFO  L174        SettingsManager]: Resetting TreeAutomizer preferences to default values
[2020-06-17 18:50:06,740 INFO  L174        SettingsManager]: Resetting IcfgTransformer preferences to default values
[2020-06-17 18:50:06,740 INFO  L174        SettingsManager]: Resetting Boogie Printer preferences to default values
[2020-06-17 18:50:06,741 INFO  L174        SettingsManager]: Resetting ReqPrinter preferences to default values
[2020-06-17 18:50:06,742 INFO  L174        SettingsManager]: Resetting Witness Printer preferences to default values
[2020-06-17 18:50:06,742 INFO  L177        SettingsManager]: Boogie PL CUP Parser provides no preferences, ignoring...
[2020-06-17 18:50:06,743 INFO  L174        SettingsManager]: Resetting CDTParser preferences to default values
[2020-06-17 18:50:06,743 INFO  L177        SettingsManager]: AutomataScriptParser provides no preferences, ignoring...
[2020-06-17 18:50:06,743 INFO  L177        SettingsManager]: ReqParser provides no preferences, ignoring...
[2020-06-17 18:50:06,743 INFO  L174        SettingsManager]: Resetting SmtParser preferences to default values
[2020-06-17 18:50:06,744 INFO  L174        SettingsManager]: Resetting Witness Parser preferences to default values
[2020-06-17 18:50:06,745 INFO  L181        SettingsManager]: Finished resetting all preferences to default values...
[2020-06-17 18:50:06,763 INFO  L81    nceAwareModelManager]: Repository-Root is: /tmp
[2020-06-17 18:50:06,770 INFO  L258   ainManager$Toolchain]: [Toolchain 1]: Applicable parser(s) successfully (re)initialized
[2020-06-17 18:50:06,772 INFO  L214   ainManager$Toolchain]: [Toolchain 1]: Toolchain selected.
[2020-06-17 18:50:06,773 INFO  L271        PluginConnector]: Initializing Boogie PL CUP Parser...
[2020-06-17 18:50:06,774 INFO  L276        PluginConnector]: Boogie PL CUP Parser initialized
[2020-06-17 18:50:06,774 INFO  L418   ainManager$Toolchain]: [Toolchain 1]: Parsing single file: /home/lixie/LassoRankerExp/LassoRankerExp/./C_Boogie/b.04.bpl
[2020-06-17 18:50:06,774 INFO  L111           BoogieParser]: Parsing: '/home/lixie/LassoRankerExp/LassoRankerExp/./C_Boogie/b.04.bpl'
[2020-06-17 18:50:06,792 INFO  L296   ainManager$Toolchain]: ####################### [Toolchain 1] #######################
[2020-06-17 18:50:06,799 INFO  L131        ToolchainWalker]: Walking toolchain with 3 elements.
[2020-06-17 18:50:06,799 INFO  L113        PluginConnector]: ------------------------Boogie Preprocessor----------------------------
[2020-06-17 18:50:06,799 INFO  L271        PluginConnector]: Initializing Boogie Preprocessor...
[2020-06-17 18:50:06,799 INFO  L276        PluginConnector]: Boogie Preprocessor initialized
[2020-06-17 18:50:06,813 INFO  L185        PluginConnector]: Executing the observer EnsureBoogieModelObserver from plugin Boogie Preprocessor for "b.04.bpl de.uni_freiburg.informatik.ultimate.boogie.parser AST 17.06 06:50:06" (1/1) ...
[2020-06-17 18:50:06,814 INFO  L185        PluginConnector]: Executing the observer TypeChecker from plugin Boogie Preprocessor for "b.04.bpl de.uni_freiburg.informatik.ultimate.boogie.parser AST 17.06 06:50:06" (1/1) ...
[2020-06-17 18:50:06,817 INFO  L185        PluginConnector]: Executing the observer ConstExpander from plugin Boogie Preprocessor for "b.04.bpl de.uni_freiburg.informatik.ultimate.boogie.parser AST 17.06 06:50:06" (1/1) ...
[2020-06-17 18:50:06,818 INFO  L185        PluginConnector]: Executing the observer StructExpander from plugin Boogie Preprocessor for "b.04.bpl de.uni_freiburg.informatik.ultimate.boogie.parser AST 17.06 06:50:06" (1/1) ...
[2020-06-17 18:50:06,819 INFO  L185        PluginConnector]: Executing the observer UnstructureCode from plugin Boogie Preprocessor for "b.04.bpl de.uni_freiburg.informatik.ultimate.boogie.parser AST 17.06 06:50:06" (1/1) ...
[2020-06-17 18:50:06,821 INFO  L185        PluginConnector]: Executing the observer FunctionInliner from plugin Boogie Preprocessor for "b.04.bpl de.uni_freiburg.informatik.ultimate.boogie.parser AST 17.06 06:50:06" (1/1) ...
[2020-06-17 18:50:06,822 INFO  L185        PluginConnector]: Executing the observer BoogieSymbolTableConstructor from plugin Boogie Preprocessor for "b.04.bpl de.uni_freiburg.informatik.ultimate.boogie.parser AST 17.06 06:50:06" (1/1) ...
[2020-06-17 18:50:06,823 INFO  L132        PluginConnector]: ------------------------ END Boogie Preprocessor----------------------------
[2020-06-17 18:50:06,823 INFO  L113        PluginConnector]: ------------------------RCFGBuilder----------------------------
[2020-06-17 18:50:06,823 INFO  L271        PluginConnector]: Initializing RCFGBuilder...
[2020-06-17 18:50:06,823 INFO  L276        PluginConnector]: RCFGBuilder initialized
[2020-06-17 18:50:06,824 INFO  L185        PluginConnector]: Executing the observer RCFGBuilderObserver from plugin RCFGBuilder for "b.04.bpl de.uni_freiburg.informatik.ultimate.boogie.parser AST 17.06 06:50:06" (1/1) ...
No working directory specified, using /home/lixie/LassoRankerExp/LassoRankerExp/z3
Starting monitored process 1 with z3 SMTLIB2_COMPLIANT=true -memory:1024 -smt2 -in -t:12000 (exit command is (exit), workingDir is null)
Waiting until toolchain timeout for monitored process 1 with z3 SMTLIB2_COMPLIANT=true -memory:1024 -smt2 -in -t:12000
[2020-06-17 18:50:06,858 INFO  L124     BoogieDeclarations]: Specification and implementation of procedure main given in one single declaration
[2020-06-17 18:50:06,858 INFO  L130     BoogieDeclarations]: Found specification of procedure main
[2020-06-17 18:50:06,858 INFO  L138     BoogieDeclarations]: Found implementation of procedure main
[2020-06-17 18:50:06,920 INFO  L278             CfgBuilder]: Using library mode
[2020-06-17 18:50:06,920 INFO  L286             CfgBuilder]: Removed 0 assue(true) statements.
[2020-06-17 18:50:06,921 INFO  L202        PluginConnector]: Adding new model b.04.bpl de.uni_freiburg.informatik.ultimate.plugins.generator.rcfgbuilder CFG 17.06 06:50:06 BoogieIcfgContainer
[2020-06-17 18:50:06,921 INFO  L132        PluginConnector]: ------------------------ END RCFGBuilder----------------------------
[2020-06-17 18:50:06,921 INFO  L113        PluginConnector]: ------------------------LassoRanker----------------------------
[2020-06-17 18:50:06,921 INFO  L271        PluginConnector]: Initializing LassoRanker...
[2020-06-17 18:50:06,921 INFO  L276        PluginConnector]: LassoRanker initialized
[2020-06-17 18:50:06,922 INFO  L185        PluginConnector]: Executing the observer LassoRankerObserver from plugin LassoRanker for "b.04.bpl de.uni_freiburg.informatik.ultimate.plugins.generator.rcfgbuilder CFG 17.06 06:50:06" (1/1) ...
[2020-06-17 18:50:06,939 INFO  L72            BuchiIsEmpty]: Start buchiIsEmpty. Operand 2 states.
[2020-06-17 18:50:06,952 INFO  L131   ngComponentsAnalysis]: Automaton has 1 accepting balls. 1
[2020-06-17 18:50:06,953 INFO  L87            BuchiIsEmpty]: Finished buchiIsEmpty Result is false
[2020-06-17 18:50:06,953 INFO  L119           BuchiIsEmpty]: Starting construction of run
[2020-06-17 18:50:06,957 INFO  L104     BuchiDifferenceFKV]: Start buchiDifferenceFKV. First operand 2 states. Second operand 1 states.
[2020-06-17 18:50:06,965 INFO  L108     BuchiDifferenceFKV]: Finished buchiDifferenceFKV. First operand 2 states. Second operand 1 states. Result 3 states and 4 transitions. Complement of second has 2 states 2 powerset states0 rank states. The highest rank that occured is -1
[2020-06-17 18:50:06,965 INFO  L72            BuchiIsEmpty]: Start buchiIsEmpty. Operand 3 states and 4 transitions.
[2020-06-17 18:50:06,965 INFO  L131   ngComponentsAnalysis]: Automaton has 0 accepting balls. 0
[2020-06-17 18:50:06,965 INFO  L87            BuchiIsEmpty]: Finished buchiIsEmpty Result is true
[2020-06-17 18:50:06,992 INFO  L216          LassoAnalysis]: Preferences:
[2020-06-17 18:50:06,993 INFO  L124   ssoRankerPreferences]: Compute integeral hull: false
[2020-06-17 18:50:06,993 INFO  L125   ssoRankerPreferences]: Enable LassoPartitioneer: true
[2020-06-17 18:50:06,993 INFO  L126   ssoRankerPreferences]: Term annotations enabled: false
[2020-06-17 18:50:06,993 INFO  L127   ssoRankerPreferences]: Use exernal solver: true
[2020-06-17 18:50:06,994 INFO  L128   ssoRankerPreferences]: SMT solver command: z3 -smt2 -in SMTLIB2_COMPLIANT=true
[2020-06-17 18:50:06,994 INFO  L129   ssoRankerPreferences]: Dump SMT script to file: false
[2020-06-17 18:50:06,994 INFO  L130   ssoRankerPreferences]: Path of dumped script: .
[2020-06-17 18:50:06,994 INFO  L131   ssoRankerPreferences]: Filename of dumped script: LassoRankerScript
[2020-06-17 18:50:06,994 INFO  L132   ssoRankerPreferences]: MapElimAlgo: Frank
[2020-06-17 18:50:06,995 INFO  L282          LassoAnalysis]: Starting lasso preprocessing...
[2020-06-17 18:50:07,008 INFO  L141          MapEliminator]: Using MapEliminator with SimplificationTechnique=SIMPLIFY_DDA XnfConversionTechnique=BOTTOM_UP_WITH_LOCAL_SIMPLIFICATION AddInequalities=false OnlyTrivialImplicationsArrayWrite=false OnlyTrivialImplicationsForModifiedArguments=true OnlyArgumentsInFormula=true
[2020-06-17 18:50:07,062 INFO  L300          LassoAnalysis]: Preprocessing complete.
[2020-06-17 18:50:07,062 INFO  L412          LassoAnalysis]: Checking for nontermination...
No working directory specified, using /home/lixie/LassoRankerExp/LassoRankerExp/z3
Starting monitored process 2 with z3 -smt2 -in SMTLIB2_COMPLIANT=true (exit command is (exit), workingDir is null)
Waiting until toolchain timeout for monitored process 2 with z3 -smt2 -in SMTLIB2_COMPLIANT=true
[2020-06-17 18:50:07,066 INFO  L151   nArgumentSynthesizer]: Nontermination analysis: LINEAR_WITH_GUESSES Allow bounded executions: true Number of generalized eigenvectors: 0 Nilpotent components: true
[2020-06-17 18:50:07,066 INFO  L163   nArgumentSynthesizer]: Using integer mode.
No working directory specified, using /home/lixie/LassoRankerExp/LassoRankerExp/z3
Starting monitored process 3 with z3 -smt2 -in SMTLIB2_COMPLIANT=true (exit command is (exit), workingDir is null)
Waiting until toolchain timeout for monitored process 3 with z3 -smt2 -in SMTLIB2_COMPLIANT=true
[2020-06-17 18:50:07,086 INFO  L151   nArgumentSynthesizer]: Nontermination analysis: LINEAR_WITH_GUESSES Allow bounded executions: true Number of generalized eigenvectors: 3 Nilpotent components: true
[2020-06-17 18:50:07,086 INFO  L163   nArgumentSynthesizer]: Using integer mode.
[2020-06-17 18:50:07,111 INFO  L452          LassoAnalysis]: Proving nontermination failed: No geometric nontermination argument exists.
[2020-06-17 18:50:07,112 INFO  L216          LassoAnalysis]: Preferences:
[2020-06-17 18:50:07,112 INFO  L124   ssoRankerPreferences]: Compute integeral hull: false
[2020-06-17 18:50:07,113 INFO  L125   ssoRankerPreferences]: Enable LassoPartitioneer: true
[2020-06-17 18:50:07,113 INFO  L126   ssoRankerPreferences]: Term annotations enabled: false
[2020-06-17 18:50:07,113 INFO  L127   ssoRankerPreferences]: Use exernal solver: true
[2020-06-17 18:50:07,113 INFO  L128   ssoRankerPreferences]: SMT solver command: z3 -smt2 -in SMTLIB2_COMPLIANT=true
[2020-06-17 18:50:07,113 INFO  L129   ssoRankerPreferences]: Dump SMT script to file: false
[2020-06-17 18:50:07,113 INFO  L130   ssoRankerPreferences]: Path of dumped script: .
[2020-06-17 18:50:07,113 INFO  L131   ssoRankerPreferences]: Filename of dumped script: LassoRankerScript
[2020-06-17 18:50:07,113 INFO  L132   ssoRankerPreferences]: MapElimAlgo: Frank
[2020-06-17 18:50:07,113 INFO  L282          LassoAnalysis]: Starting lasso preprocessing...
[2020-06-17 18:50:07,114 INFO  L141          MapEliminator]: Using MapEliminator with SimplificationTechnique=SIMPLIFY_DDA XnfConversionTechnique=BOTTOM_UP_WITH_LOCAL_SIMPLIFICATION AddInequalities=false OnlyTrivialImplicationsArrayWrite=false OnlyTrivialImplicationsForModifiedArguments=true OnlyArgumentsInFormula=true
[2020-06-17 18:50:07,162 INFO  L300          LassoAnalysis]: Preprocessing complete.
[2020-06-17 18:50:07,166 INFO  L497          LassoAnalysis]: Using template 'affine'.
No working directory specified, using /home/lixie/LassoRankerExp/LassoRankerExp/z3
Starting monitored process 4 with z3 -smt2 -in SMTLIB2_COMPLIANT=true (exit command is (exit), workingDir is null)
Waiting until toolchain timeout for monitored process 4 with z3 -smt2 -in SMTLIB2_COMPLIANT=true
[2020-06-17 18:50:07,169 INFO  L122   nArgumentSynthesizer]: Termination Analysis Settings:
Termination analysis: LINEAR_WITH_GUESSES
Number of strict supporting invariants: 1
Number of non-strict supporting invariants: 0
Consider only non-deceasing supporting invariants: true
Simplify termination arguments: true
Simplify supporting invariants: trueOverapproximate stem: false
[2020-06-17 18:50:07,171 INFO  L339   nArgumentSynthesizer]: Template has degree 0.
[2020-06-17 18:50:07,171 INFO  L352   nArgumentSynthesizer]: There is no stem transition; disabling supporting invariant generation.
[2020-06-17 18:50:07,172 INFO  L205   nArgumentSynthesizer]: 1 stem disjuncts
[2020-06-17 18:50:07,172 INFO  L206   nArgumentSynthesizer]: 1 loop disjuncts
[2020-06-17 18:50:07,172 INFO  L207   nArgumentSynthesizer]: 2 template conjuncts.
[2020-06-17 18:50:07,174 INFO  L402   nArgumentSynthesizer]: We have 2 Motzkin's Theorem applications.
[2020-06-17 18:50:07,174 INFO  L403   nArgumentSynthesizer]: A total of 0 supporting invariants were added.
[2020-06-17 18:50:07,176 INFO  L421   nArgumentSynthesizer]: Found a termination argument, trying to simplify.
[2020-06-17 18:50:07,181 INFO  L443   ModelExtractionUtils]: Simplification made 3 calls to the SMT solver.
[2020-06-17 18:50:07,181 INFO  L444   ModelExtractionUtils]: 2 out of 5 variables were initially zero. Simplification set additionally 0 variables to zero.
No working directory specified, using /home/lixie/LassoRankerExp/LassoRankerExp/z3
Starting monitored process 5 with z3 -smt2 -in SMTLIB2_COMPLIANT=true (exit command is (exit), workingDir is null)
Waiting until toolchain timeout for monitored process 5 with z3 -smt2 -in SMTLIB2_COMPLIANT=true
[2020-06-17 18:50:07,183 INFO  L437   nArgumentSynthesizer]: Simplifying supporting invariants...
[2020-06-17 18:50:07,183 INFO  L440   nArgumentSynthesizer]: Removed 0 redundant supporting invariants from a total of 0.
[2020-06-17 18:50:07,184 INFO  L518          LassoAnalysis]: Proved termination.
[2020-06-17 18:50:07,184 INFO  L520          LassoAnalysis]: Termination argument consisting of:
Ranking function f(main_x, main_y) = 1*main_x - 1*main_y
Supporting invariants []
[2020-06-17 18:50:07,202 INFO  L132        PluginConnector]: ------------------------ END LassoRanker----------------------------
[2020-06-17 18:50:07,202 INFO  L168              Benchmark]: Toolchain (without parser) took 410.06 ms. Allocated memory is still 514.9 MB. Free memory was 472.9 MB in the beginning and 420.9 MB in the end (delta: 52.0 MB). Peak memory consumption was 52.0 MB. Max. memory is 11.5 GB.
[2020-06-17 18:50:07,204 INFO  L168              Benchmark]: Boogie PL CUP Parser took 0.08 ms. Allocated memory is still 514.9 MB. Free memory is still 474.4 MB. There was no memory consumed. Max. memory is 11.5 GB.
[2020-06-17 18:50:07,204 INFO  L168              Benchmark]: Boogie Preprocessor took 23.67 ms. Allocated memory is still 514.9 MB. Free memory was 471.5 MB in the beginning and 470.2 MB in the end (delta: 1.3 MB). Peak memory consumption was 1.3 MB. Max. memory is 11.5 GB.
[2020-06-17 18:50:07,205 INFO  L168              Benchmark]: RCFGBuilder took 97.88 ms. Allocated memory is still 514.9 MB. Free memory was 470.2 MB in the beginning and 460.8 MB in the end (delta: 9.4 MB). Peak memory consumption was 9.4 MB. Max. memory is 11.5 GB.
[2020-06-17 18:50:07,205 INFO  L168              Benchmark]: LassoRanker took 280.85 ms. Allocated memory is still 514.9 MB. Free memory was 460.8 MB in the beginning and 420.9 MB in the end (delta: 39.9 MB). Peak memory consumption was 39.9 MB. Max. memory is 11.5 GB.
[2020-06-17 18:50:07,207 INFO  L336   ainManager$Toolchain]: #######################  End [Toolchain 1] #######################
 --- Results ---
 * Results from de.uni_freiburg.informatik.ultimate.core:
  - StatisticsResult: Toolchain Benchmarks
    Benchmark results are:
 * Boogie PL CUP Parser took 0.08 ms. Allocated memory is still 514.9 MB. Free memory is still 474.4 MB. There was no memory consumed. Max. memory is 11.5 GB.
 * Boogie Preprocessor took 23.67 ms. Allocated memory is still 514.9 MB. Free memory was 471.5 MB in the beginning and 470.2 MB in the end (delta: 1.3 MB). Peak memory consumption was 1.3 MB. Max. memory is 11.5 GB.
 * RCFGBuilder took 97.88 ms. Allocated memory is still 514.9 MB. Free memory was 470.2 MB in the beginning and 460.8 MB in the end (delta: 9.4 MB). Peak memory consumption was 9.4 MB. Max. memory is 11.5 GB.
 * LassoRanker took 280.85 ms. Allocated memory is still 514.9 MB. Free memory was 460.8 MB in the beginning and 420.9 MB in the end (delta: 39.9 MB). Peak memory consumption was 39.9 MB. Max. memory is 11.5 GB.
 * Results from de.uni_freiburg.informatik.ultimate.plugins.analysis.lassoranker:
  - TerminationArgumentResult [Line: 1]: Found affine ranking function
    Found a termination argument consisting of the affine ranking function: [x + -1 * y] for which no supporting invariant is required.
RESULT: Ultimate proved your program to be correct!
Received shutdown request...
Ultimate:
GTK+ Version Check
