This is Ultimate 0.1.24-16d85fa
[2020-06-17 18:50:15,627 INFO  L170        SettingsManager]: Resetting all preferences to default values...
[2020-06-17 18:50:15,628 INFO  L174        SettingsManager]: Resetting UltimateCore preferences to default values
[2020-06-17 18:50:15,637 INFO  L177        SettingsManager]: Ultimate Commandline Interface provides no preferences, ignoring...
[2020-06-17 18:50:15,637 INFO  L174        SettingsManager]: Resetting Boogie Preprocessor preferences to default values
[2020-06-17 18:50:15,638 INFO  L174        SettingsManager]: Resetting Boogie Procedure Inliner preferences to default values
[2020-06-17 18:50:15,639 INFO  L174        SettingsManager]: Resetting Abstract Interpretation preferences to default values
[2020-06-17 18:50:15,640 INFO  L174        SettingsManager]: Resetting LassoRanker preferences to default values
[2020-06-17 18:50:15,642 INFO  L174        SettingsManager]: Resetting Reaching Definitions preferences to default values
[2020-06-17 18:50:15,642 INFO  L174        SettingsManager]: Resetting SyntaxChecker preferences to default values
[2020-06-17 18:50:15,643 INFO  L177        SettingsManager]: Büchi Program Product provides no preferences, ignoring...
[2020-06-17 18:50:15,643 INFO  L174        SettingsManager]: Resetting LTL2Aut preferences to default values
[2020-06-17 18:50:15,644 INFO  L174        SettingsManager]: Resetting PEA to Boogie preferences to default values
[2020-06-17 18:50:15,645 INFO  L174        SettingsManager]: Resetting BlockEncodingV2 preferences to default values
[2020-06-17 18:50:15,646 INFO  L174        SettingsManager]: Resetting ChcToBoogie preferences to default values
[2020-06-17 18:50:15,646 INFO  L174        SettingsManager]: Resetting AutomataScriptInterpreter preferences to default values
[2020-06-17 18:50:15,647 INFO  L174        SettingsManager]: Resetting BuchiAutomizer preferences to default values
[2020-06-17 18:50:15,649 INFO  L174        SettingsManager]: Resetting CACSL2BoogieTranslator preferences to default values
[2020-06-17 18:50:15,650 INFO  L174        SettingsManager]: Resetting CodeCheck preferences to default values
[2020-06-17 18:50:15,652 INFO  L174        SettingsManager]: Resetting InvariantSynthesis preferences to default values
[2020-06-17 18:50:15,653 INFO  L174        SettingsManager]: Resetting RCFGBuilder preferences to default values
[2020-06-17 18:50:15,654 INFO  L174        SettingsManager]: Resetting TraceAbstraction preferences to default values
[2020-06-17 18:50:15,656 INFO  L177        SettingsManager]: TraceAbstractionConcurrent provides no preferences, ignoring...
[2020-06-17 18:50:15,656 INFO  L177        SettingsManager]: TraceAbstractionWithAFAs provides no preferences, ignoring...
[2020-06-17 18:50:15,656 INFO  L174        SettingsManager]: Resetting TreeAutomizer preferences to default values
[2020-06-17 18:50:15,657 INFO  L174        SettingsManager]: Resetting IcfgTransformer preferences to default values
[2020-06-17 18:50:15,658 INFO  L174        SettingsManager]: Resetting Boogie Printer preferences to default values
[2020-06-17 18:50:15,658 INFO  L174        SettingsManager]: Resetting ReqPrinter preferences to default values
[2020-06-17 18:50:15,659 INFO  L174        SettingsManager]: Resetting Witness Printer preferences to default values
[2020-06-17 18:50:15,660 INFO  L177        SettingsManager]: Boogie PL CUP Parser provides no preferences, ignoring...
[2020-06-17 18:50:15,660 INFO  L174        SettingsManager]: Resetting CDTParser preferences to default values
[2020-06-17 18:50:15,660 INFO  L177        SettingsManager]: AutomataScriptParser provides no preferences, ignoring...
[2020-06-17 18:50:15,660 INFO  L177        SettingsManager]: ReqParser provides no preferences, ignoring...
[2020-06-17 18:50:15,661 INFO  L174        SettingsManager]: Resetting SmtParser preferences to default values
[2020-06-17 18:50:15,661 INFO  L174        SettingsManager]: Resetting Witness Parser preferences to default values
[2020-06-17 18:50:15,662 INFO  L181        SettingsManager]: Finished resetting all preferences to default values...
[2020-06-17 18:50:15,679 INFO  L81    nceAwareModelManager]: Repository-Root is: /tmp
[2020-06-17 18:50:15,689 INFO  L258   ainManager$Toolchain]: [Toolchain 1]: Applicable parser(s) successfully (re)initialized
[2020-06-17 18:50:15,692 INFO  L214   ainManager$Toolchain]: [Toolchain 1]: Toolchain selected.
[2020-06-17 18:50:15,693 INFO  L271        PluginConnector]: Initializing Boogie PL CUP Parser...
[2020-06-17 18:50:15,693 INFO  L276        PluginConnector]: Boogie PL CUP Parser initialized
[2020-06-17 18:50:15,694 INFO  L418   ainManager$Toolchain]: [Toolchain 1]: Parsing single file: /home/lixie/LassoRankerExp/LassoRankerExp/./C_Boogie/Bangalore_v4.bpl
[2020-06-17 18:50:15,694 INFO  L111           BoogieParser]: Parsing: '/home/lixie/LassoRankerExp/LassoRankerExp/./C_Boogie/Bangalore_v4.bpl'
[2020-06-17 18:50:15,716 INFO  L296   ainManager$Toolchain]: ####################### [Toolchain 1] #######################
[2020-06-17 18:50:15,725 INFO  L131        ToolchainWalker]: Walking toolchain with 3 elements.
[2020-06-17 18:50:15,725 INFO  L113        PluginConnector]: ------------------------Boogie Preprocessor----------------------------
[2020-06-17 18:50:15,725 INFO  L271        PluginConnector]: Initializing Boogie Preprocessor...
[2020-06-17 18:50:15,725 INFO  L276        PluginConnector]: Boogie Preprocessor initialized
[2020-06-17 18:50:15,745 INFO  L185        PluginConnector]: Executing the observer EnsureBoogieModelObserver from plugin Boogie Preprocessor for "Bangalore_v4.bpl de.uni_freiburg.informatik.ultimate.boogie.parser AST 17.06 06:50:15" (1/1) ...
[2020-06-17 18:50:15,746 INFO  L185        PluginConnector]: Executing the observer TypeChecker from plugin Boogie Preprocessor for "Bangalore_v4.bpl de.uni_freiburg.informatik.ultimate.boogie.parser AST 17.06 06:50:15" (1/1) ...
[2020-06-17 18:50:15,750 INFO  L185        PluginConnector]: Executing the observer ConstExpander from plugin Boogie Preprocessor for "Bangalore_v4.bpl de.uni_freiburg.informatik.ultimate.boogie.parser AST 17.06 06:50:15" (1/1) ...
[2020-06-17 18:50:15,750 INFO  L185        PluginConnector]: Executing the observer StructExpander from plugin Boogie Preprocessor for "Bangalore_v4.bpl de.uni_freiburg.informatik.ultimate.boogie.parser AST 17.06 06:50:15" (1/1) ...
[2020-06-17 18:50:15,751 INFO  L185        PluginConnector]: Executing the observer UnstructureCode from plugin Boogie Preprocessor for "Bangalore_v4.bpl de.uni_freiburg.informatik.ultimate.boogie.parser AST 17.06 06:50:15" (1/1) ...
[2020-06-17 18:50:15,755 INFO  L185        PluginConnector]: Executing the observer FunctionInliner from plugin Boogie Preprocessor for "Bangalore_v4.bpl de.uni_freiburg.informatik.ultimate.boogie.parser AST 17.06 06:50:15" (1/1) ...
[2020-06-17 18:50:15,755 INFO  L185        PluginConnector]: Executing the observer BoogieSymbolTableConstructor from plugin Boogie Preprocessor for "Bangalore_v4.bpl de.uni_freiburg.informatik.ultimate.boogie.parser AST 17.06 06:50:15" (1/1) ...
[2020-06-17 18:50:15,756 INFO  L132        PluginConnector]: ------------------------ END Boogie Preprocessor----------------------------
[2020-06-17 18:50:15,757 INFO  L113        PluginConnector]: ------------------------RCFGBuilder----------------------------
[2020-06-17 18:50:15,757 INFO  L271        PluginConnector]: Initializing RCFGBuilder...
[2020-06-17 18:50:15,757 INFO  L276        PluginConnector]: RCFGBuilder initialized
[2020-06-17 18:50:15,758 INFO  L185        PluginConnector]: Executing the observer RCFGBuilderObserver from plugin RCFGBuilder for "Bangalore_v4.bpl de.uni_freiburg.informatik.ultimate.boogie.parser AST 17.06 06:50:15" (1/1) ...
No working directory specified, using /home/lixie/LassoRankerExp/LassoRankerExp/z3
Starting monitored process 1 with z3 SMTLIB2_COMPLIANT=true -memory:1024 -smt2 -in -t:12000 (exit command is (exit), workingDir is null)
Waiting until toolchain timeout for monitored process 1 with z3 SMTLIB2_COMPLIANT=true -memory:1024 -smt2 -in -t:12000
[2020-06-17 18:50:15,798 INFO  L124     BoogieDeclarations]: Specification and implementation of procedure main given in one single declaration
[2020-06-17 18:50:15,798 INFO  L130     BoogieDeclarations]: Found specification of procedure main
[2020-06-17 18:50:15,798 INFO  L138     BoogieDeclarations]: Found implementation of procedure main
[2020-06-17 18:50:15,857 INFO  L278             CfgBuilder]: Using library mode
[2020-06-17 18:50:15,857 INFO  L286             CfgBuilder]: Removed 0 assue(true) statements.
[2020-06-17 18:50:15,858 INFO  L202        PluginConnector]: Adding new model Bangalore_v4.bpl de.uni_freiburg.informatik.ultimate.plugins.generator.rcfgbuilder CFG 17.06 06:50:15 BoogieIcfgContainer
[2020-06-17 18:50:15,858 INFO  L132        PluginConnector]: ------------------------ END RCFGBuilder----------------------------
[2020-06-17 18:50:15,858 INFO  L113        PluginConnector]: ------------------------LassoRanker----------------------------
[2020-06-17 18:50:15,858 INFO  L271        PluginConnector]: Initializing LassoRanker...
[2020-06-17 18:50:15,859 INFO  L276        PluginConnector]: LassoRanker initialized
[2020-06-17 18:50:15,859 INFO  L185        PluginConnector]: Executing the observer LassoRankerObserver from plugin LassoRanker for "Bangalore_v4.bpl de.uni_freiburg.informatik.ultimate.plugins.generator.rcfgbuilder CFG 17.06 06:50:15" (1/1) ...
[2020-06-17 18:50:15,877 INFO  L72            BuchiIsEmpty]: Start buchiIsEmpty. Operand 4 states.
[2020-06-17 18:50:15,890 INFO  L131   ngComponentsAnalysis]: Automaton has 1 accepting balls. 1
[2020-06-17 18:50:15,890 INFO  L87            BuchiIsEmpty]: Finished buchiIsEmpty Result is false
[2020-06-17 18:50:15,890 INFO  L119           BuchiIsEmpty]: Starting construction of run
[2020-06-17 18:50:15,895 INFO  L104     BuchiDifferenceFKV]: Start buchiDifferenceFKV. First operand 4 states. Second operand 2 states.
[2020-06-17 18:50:15,903 INFO  L108     BuchiDifferenceFKV]: Finished buchiDifferenceFKV. First operand 4 states. Second operand 2 states. Result 4 states and 5 transitions. Complement of second has 3 states 3 powerset states0 rank states. The highest rank that occured is -1
[2020-06-17 18:50:15,903 INFO  L72            BuchiIsEmpty]: Start buchiIsEmpty. Operand 4 states and 5 transitions.
[2020-06-17 18:50:15,903 INFO  L131   ngComponentsAnalysis]: Automaton has 0 accepting balls. 0
[2020-06-17 18:50:15,903 INFO  L87            BuchiIsEmpty]: Finished buchiIsEmpty Result is true
[2020-06-17 18:50:15,927 INFO  L216          LassoAnalysis]: Preferences:
[2020-06-17 18:50:15,928 INFO  L124   ssoRankerPreferences]: Compute integeral hull: false
[2020-06-17 18:50:15,928 INFO  L125   ssoRankerPreferences]: Enable LassoPartitioneer: true
[2020-06-17 18:50:15,928 INFO  L126   ssoRankerPreferences]: Term annotations enabled: false
[2020-06-17 18:50:15,928 INFO  L127   ssoRankerPreferences]: Use exernal solver: true
[2020-06-17 18:50:15,929 INFO  L128   ssoRankerPreferences]: SMT solver command: z3 -smt2 -in SMTLIB2_COMPLIANT=true
[2020-06-17 18:50:15,929 INFO  L129   ssoRankerPreferences]: Dump SMT script to file: false
[2020-06-17 18:50:15,929 INFO  L130   ssoRankerPreferences]: Path of dumped script: .
[2020-06-17 18:50:15,929 INFO  L131   ssoRankerPreferences]: Filename of dumped script: LassoRankerScript
[2020-06-17 18:50:15,929 INFO  L132   ssoRankerPreferences]: MapElimAlgo: Frank
[2020-06-17 18:50:15,929 INFO  L282          LassoAnalysis]: Starting lasso preprocessing...
[2020-06-17 18:50:15,941 INFO  L141          MapEliminator]: Using MapEliminator with SimplificationTechnique=SIMPLIFY_DDA XnfConversionTechnique=BOTTOM_UP_WITH_LOCAL_SIMPLIFICATION AddInequalities=false OnlyTrivialImplicationsArrayWrite=false OnlyTrivialImplicationsForModifiedArguments=true OnlyArgumentsInFormula=true
[2020-06-17 18:50:15,975 INFO  L300          LassoAnalysis]: Preprocessing complete.
[2020-06-17 18:50:15,975 INFO  L412          LassoAnalysis]: Checking for nontermination...
No working directory specified, using /home/lixie/LassoRankerExp/LassoRankerExp/z3
Starting monitored process 2 with z3 -smt2 -in SMTLIB2_COMPLIANT=true (exit command is (exit), workingDir is null)
Waiting until toolchain timeout for monitored process 2 with z3 -smt2 -in SMTLIB2_COMPLIANT=true
[2020-06-17 18:50:15,979 INFO  L151   nArgumentSynthesizer]: Nontermination analysis: LINEAR_WITH_GUESSES Allow bounded executions: true Number of generalized eigenvectors: 0 Nilpotent components: true
[2020-06-17 18:50:15,979 INFO  L163   nArgumentSynthesizer]: Using integer mode.
No working directory specified, using /home/lixie/LassoRankerExp/LassoRankerExp/z3
Starting monitored process 3 with z3 -smt2 -in SMTLIB2_COMPLIANT=true (exit command is (exit), workingDir is null)
Waiting until toolchain timeout for monitored process 3 with z3 -smt2 -in SMTLIB2_COMPLIANT=true
[2020-06-17 18:50:16,001 INFO  L151   nArgumentSynthesizer]: Nontermination analysis: LINEAR_WITH_GUESSES Allow bounded executions: true Number of generalized eigenvectors: 3 Nilpotent components: true
[2020-06-17 18:50:16,001 INFO  L163   nArgumentSynthesizer]: Using integer mode.
[2020-06-17 18:50:16,029 INFO  L452          LassoAnalysis]: Proving nontermination failed: No geometric nontermination argument exists.
[2020-06-17 18:50:16,030 INFO  L216          LassoAnalysis]: Preferences:
[2020-06-17 18:50:16,030 INFO  L124   ssoRankerPreferences]: Compute integeral hull: false
[2020-06-17 18:50:16,030 INFO  L125   ssoRankerPreferences]: Enable LassoPartitioneer: true
[2020-06-17 18:50:16,030 INFO  L126   ssoRankerPreferences]: Term annotations enabled: false
[2020-06-17 18:50:16,030 INFO  L127   ssoRankerPreferences]: Use exernal solver: true
[2020-06-17 18:50:16,030 INFO  L128   ssoRankerPreferences]: SMT solver command: z3 -smt2 -in SMTLIB2_COMPLIANT=true
[2020-06-17 18:50:16,031 INFO  L129   ssoRankerPreferences]: Dump SMT script to file: false
[2020-06-17 18:50:16,031 INFO  L130   ssoRankerPreferences]: Path of dumped script: .
[2020-06-17 18:50:16,031 INFO  L131   ssoRankerPreferences]: Filename of dumped script: LassoRankerScript
[2020-06-17 18:50:16,031 INFO  L132   ssoRankerPreferences]: MapElimAlgo: Frank
[2020-06-17 18:50:16,031 INFO  L282          LassoAnalysis]: Starting lasso preprocessing...
[2020-06-17 18:50:16,032 INFO  L141          MapEliminator]: Using MapEliminator with SimplificationTechnique=SIMPLIFY_DDA XnfConversionTechnique=BOTTOM_UP_WITH_LOCAL_SIMPLIFICATION AddInequalities=false OnlyTrivialImplicationsArrayWrite=false OnlyTrivialImplicationsForModifiedArguments=true OnlyArgumentsInFormula=true
[2020-06-17 18:50:16,051 INFO  L300          LassoAnalysis]: Preprocessing complete.
[2020-06-17 18:50:16,055 INFO  L497          LassoAnalysis]: Using template 'affine'.
No working directory specified, using /home/lixie/LassoRankerExp/LassoRankerExp/z3
Starting monitored process 4 with z3 -smt2 -in SMTLIB2_COMPLIANT=true (exit command is (exit), workingDir is null)
Waiting until toolchain timeout for monitored process 4 with z3 -smt2 -in SMTLIB2_COMPLIANT=true
[2020-06-17 18:50:16,057 INFO  L122   nArgumentSynthesizer]: Termination Analysis Settings:
Termination analysis: LINEAR_WITH_GUESSES
Number of strict supporting invariants: 1
Number of non-strict supporting invariants: 0
Consider only non-deceasing supporting invariants: true
Simplify termination arguments: true
Simplify supporting invariants: trueOverapproximate stem: false
[2020-06-17 18:50:16,058 INFO  L339   nArgumentSynthesizer]: Template has degree 0.
[2020-06-17 18:50:16,059 INFO  L205   nArgumentSynthesizer]: 1 stem disjuncts
[2020-06-17 18:50:16,059 INFO  L206   nArgumentSynthesizer]: 1 loop disjuncts
[2020-06-17 18:50:16,059 INFO  L207   nArgumentSynthesizer]: 2 template conjuncts.
[2020-06-17 18:50:16,065 INFO  L402   nArgumentSynthesizer]: We have 6 Motzkin's Theorem applications.
[2020-06-17 18:50:16,065 INFO  L403   nArgumentSynthesizer]: A total of 2 supporting invariants were added.
[2020-06-17 18:50:16,070 INFO  L530          LassoAnalysis]: Proving termination failed for this template and these settings.
[2020-06-17 18:50:16,082 INFO  L497          LassoAnalysis]: Using template '2-nested'.
No working directory specified, using /home/lixie/LassoRankerExp/LassoRankerExp/z3
Starting monitored process 5 with z3 -smt2 -in SMTLIB2_COMPLIANT=true (exit command is (exit), workingDir is null)
Waiting until toolchain timeout for monitored process 5 with z3 -smt2 -in SMTLIB2_COMPLIANT=true
[2020-06-17 18:50:16,084 INFO  L122   nArgumentSynthesizer]: Termination Analysis Settings:
Termination analysis: LINEAR_WITH_GUESSES
Number of strict supporting invariants: 1
Number of non-strict supporting invariants: 0
Consider only non-deceasing supporting invariants: true
Simplify termination arguments: true
Simplify supporting invariants: trueOverapproximate stem: false
[2020-06-17 18:50:16,085 INFO  L339   nArgumentSynthesizer]: Template has degree 0.
[2020-06-17 18:50:16,086 INFO  L205   nArgumentSynthesizer]: 1 stem disjuncts
[2020-06-17 18:50:16,086 INFO  L206   nArgumentSynthesizer]: 1 loop disjuncts
[2020-06-17 18:50:16,086 INFO  L207   nArgumentSynthesizer]: 3 template conjuncts.
[2020-06-17 18:50:16,091 INFO  L402   nArgumentSynthesizer]: We have 9 Motzkin's Theorem applications.
[2020-06-17 18:50:16,091 INFO  L403   nArgumentSynthesizer]: A total of 3 supporting invariants were added.
[2020-06-17 18:50:16,098 INFO  L530          LassoAnalysis]: Proving termination failed for this template and these settings.
[2020-06-17 18:50:16,110 INFO  L497          LassoAnalysis]: Using template '3-nested'.
No working directory specified, using /home/lixie/LassoRankerExp/LassoRankerExp/z3
Starting monitored process 6 with z3 -smt2 -in SMTLIB2_COMPLIANT=true (exit command is (exit), workingDir is null)
Waiting until toolchain timeout for monitored process 6 with z3 -smt2 -in SMTLIB2_COMPLIANT=true
[2020-06-17 18:50:16,111 INFO  L122   nArgumentSynthesizer]: Termination Analysis Settings:
Termination analysis: LINEAR_WITH_GUESSES
Number of strict supporting invariants: 1
Number of non-strict supporting invariants: 0
Consider only non-deceasing supporting invariants: true
Simplify termination arguments: true
Simplify supporting invariants: trueOverapproximate stem: false
[2020-06-17 18:50:16,113 INFO  L339   nArgumentSynthesizer]: Template has degree 0.
[2020-06-17 18:50:16,113 INFO  L205   nArgumentSynthesizer]: 1 stem disjuncts
[2020-06-17 18:50:16,113 INFO  L206   nArgumentSynthesizer]: 1 loop disjuncts
[2020-06-17 18:50:16,113 INFO  L207   nArgumentSynthesizer]: 4 template conjuncts.
[2020-06-17 18:50:16,121 INFO  L402   nArgumentSynthesizer]: We have 12 Motzkin's Theorem applications.
[2020-06-17 18:50:16,122 INFO  L403   nArgumentSynthesizer]: A total of 4 supporting invariants were added.
[2020-06-17 18:50:16,131 INFO  L530          LassoAnalysis]: Proving termination failed for this template and these settings.
[2020-06-17 18:50:16,145 INFO  L497          LassoAnalysis]: Using template '4-nested'.
No working directory specified, using /home/lixie/LassoRankerExp/LassoRankerExp/z3
Starting monitored process 7 with z3 -smt2 -in SMTLIB2_COMPLIANT=true (exit command is (exit), workingDir is null)
Waiting until toolchain timeout for monitored process 7 with z3 -smt2 -in SMTLIB2_COMPLIANT=true
[2020-06-17 18:50:16,147 INFO  L122   nArgumentSynthesizer]: Termination Analysis Settings:
Termination analysis: LINEAR_WITH_GUESSES
Number of strict supporting invariants: 1
Number of non-strict supporting invariants: 0
Consider only non-deceasing supporting invariants: true
Simplify termination arguments: true
Simplify supporting invariants: trueOverapproximate stem: false
[2020-06-17 18:50:16,148 INFO  L339   nArgumentSynthesizer]: Template has degree 0.
[2020-06-17 18:50:16,149 INFO  L205   nArgumentSynthesizer]: 1 stem disjuncts
[2020-06-17 18:50:16,149 INFO  L206   nArgumentSynthesizer]: 1 loop disjuncts
[2020-06-17 18:50:16,149 INFO  L207   nArgumentSynthesizer]: 5 template conjuncts.
[2020-06-17 18:50:16,155 INFO  L402   nArgumentSynthesizer]: We have 15 Motzkin's Theorem applications.
[2020-06-17 18:50:16,155 INFO  L403   nArgumentSynthesizer]: A total of 5 supporting invariants were added.
[2020-06-17 18:50:16,162 INFO  L530          LassoAnalysis]: Proving termination failed for this template and these settings.
[2020-06-17 18:50:16,175 INFO  L497          LassoAnalysis]: Using template '2-phase'.
No working directory specified, using /home/lixie/LassoRankerExp/LassoRankerExp/z3
Starting monitored process 8 with z3 -smt2 -in SMTLIB2_COMPLIANT=true (exit command is (exit), workingDir is null)
Waiting until toolchain timeout for monitored process 8 with z3 -smt2 -in SMTLIB2_COMPLIANT=true
[2020-06-17 18:50:16,177 INFO  L122   nArgumentSynthesizer]: Termination Analysis Settings:
Termination analysis: LINEAR_WITH_GUESSES
Number of strict supporting invariants: 1
Number of non-strict supporting invariants: 0
Consider only non-deceasing supporting invariants: true
Simplify termination arguments: true
Simplify supporting invariants: trueOverapproximate stem: false
[2020-06-17 18:50:16,178 WARN  L334   nArgumentSynthesizer]: Using a linear SMT query and a templates of degree > 0, hence this method is incomplete.
[2020-06-17 18:50:16,178 INFO  L339   nArgumentSynthesizer]: Template has degree 1.
[2020-06-17 18:50:16,178 INFO  L205   nArgumentSynthesizer]: 1 stem disjuncts
[2020-06-17 18:50:16,178 INFO  L206   nArgumentSynthesizer]: 1 loop disjuncts
[2020-06-17 18:50:16,178 INFO  L207   nArgumentSynthesizer]: 3 template conjuncts.
[2020-06-17 18:50:16,182 INFO  L402   nArgumentSynthesizer]: We have 9 Motzkin's Theorem applications.
[2020-06-17 18:50:16,182 INFO  L403   nArgumentSynthesizer]: A total of 3 supporting invariants were added.
[2020-06-17 18:50:16,189 INFO  L530          LassoAnalysis]: Proving termination failed for this template and these settings.
[2020-06-17 18:50:16,201 INFO  L497          LassoAnalysis]: Using template 'lex(affine, affine)'.
No working directory specified, using /home/lixie/LassoRankerExp/LassoRankerExp/z3
Starting monitored process 9 with z3 -smt2 -in SMTLIB2_COMPLIANT=true (exit command is (exit), workingDir is null)
Waiting until toolchain timeout for monitored process 9 with z3 -smt2 -in SMTLIB2_COMPLIANT=true
[2020-06-17 18:50:16,204 INFO  L122   nArgumentSynthesizer]: Termination Analysis Settings:
Termination analysis: LINEAR_WITH_GUESSES
Number of strict supporting invariants: 1
Number of non-strict supporting invariants: 0
Consider only non-deceasing supporting invariants: true
Simplify termination arguments: true
Simplify supporting invariants: trueOverapproximate stem: false
[2020-06-17 18:50:16,205 WARN  L334   nArgumentSynthesizer]: Using a linear SMT query and a templates of degree > 0, hence this method is incomplete.
[2020-06-17 18:50:16,205 INFO  L339   nArgumentSynthesizer]: Template has degree 5.
[2020-06-17 18:50:16,206 INFO  L205   nArgumentSynthesizer]: 1 stem disjuncts
[2020-06-17 18:50:16,206 INFO  L206   nArgumentSynthesizer]: 1 loop disjuncts
[2020-06-17 18:50:16,206 INFO  L207   nArgumentSynthesizer]: 4 template conjuncts.
[2020-06-17 18:50:16,210 INFO  L402   nArgumentSynthesizer]: We have 12 Motzkin's Theorem applications.
[2020-06-17 18:50:16,210 INFO  L403   nArgumentSynthesizer]: A total of 4 supporting invariants were added.
[2020-06-17 18:50:16,218 INFO  L530          LassoAnalysis]: Proving termination failed for this template and these settings.
[2020-06-17 18:50:16,231 INFO  L497          LassoAnalysis]: Using template '2-piece'.
No working directory specified, using /home/lixie/LassoRankerExp/LassoRankerExp/z3
Starting monitored process 10 with z3 -smt2 -in SMTLIB2_COMPLIANT=true (exit command is (exit), workingDir is null)
Waiting until toolchain timeout for monitored process 10 with z3 -smt2 -in SMTLIB2_COMPLIANT=true
[2020-06-17 18:50:16,232 INFO  L122   nArgumentSynthesizer]: Termination Analysis Settings:
Termination analysis: LINEAR_WITH_GUESSES
Number of strict supporting invariants: 1
Number of non-strict supporting invariants: 0
Consider only non-deceasing supporting invariants: true
Simplify termination arguments: true
Simplify supporting invariants: trueOverapproximate stem: false
[2020-06-17 18:50:16,234 WARN  L334   nArgumentSynthesizer]: Using a linear SMT query and a templates of degree > 0, hence this method is incomplete.
[2020-06-17 18:50:16,234 INFO  L339   nArgumentSynthesizer]: Template has degree 7.
[2020-06-17 18:50:16,234 INFO  L205   nArgumentSynthesizer]: 1 stem disjuncts
[2020-06-17 18:50:16,234 INFO  L206   nArgumentSynthesizer]: 1 loop disjuncts
[2020-06-17 18:50:16,234 INFO  L207   nArgumentSynthesizer]: 7 template conjuncts.
[2020-06-17 18:50:16,242 INFO  L402   nArgumentSynthesizer]: We have 21 Motzkin's Theorem applications.
[2020-06-17 18:50:16,242 INFO  L403   nArgumentSynthesizer]: A total of 7 supporting invariants were added.
[2020-06-17 18:50:16,266 INFO  L530          LassoAnalysis]: Proving termination failed for this template and these settings.
[2020-06-17 18:50:16,278 INFO  L497          LassoAnalysis]: Using template '2-parallel'.
No working directory specified, using /home/lixie/LassoRankerExp/LassoRankerExp/z3
Starting monitored process 11 with z3 -smt2 -in SMTLIB2_COMPLIANT=true (exit command is (exit), workingDir is null)
Waiting until toolchain timeout for monitored process 11 with z3 -smt2 -in SMTLIB2_COMPLIANT=true
[2020-06-17 18:50:16,280 INFO  L122   nArgumentSynthesizer]: Termination Analysis Settings:
Termination analysis: LINEAR_WITH_GUESSES
Number of strict supporting invariants: 1
Number of non-strict supporting invariants: 0
Consider only non-deceasing supporting invariants: true
Simplify termination arguments: true
Simplify supporting invariants: trueOverapproximate stem: false
[2020-06-17 18:50:16,281 WARN  L334   nArgumentSynthesizer]: Using a linear SMT query and a templates of degree > 0, hence this method is incomplete.
[2020-06-17 18:50:16,281 INFO  L339   nArgumentSynthesizer]: Template has degree 4.
[2020-06-17 18:50:16,282 INFO  L205   nArgumentSynthesizer]: 1 stem disjuncts
[2020-06-17 18:50:16,282 INFO  L206   nArgumentSynthesizer]: 1 loop disjuncts
[2020-06-17 18:50:16,282 INFO  L207   nArgumentSynthesizer]: 6 template conjuncts.
[2020-06-17 18:50:16,286 INFO  L402   nArgumentSynthesizer]: We have 18 Motzkin's Theorem applications.
[2020-06-17 18:50:16,287 INFO  L403   nArgumentSynthesizer]: A total of 6 supporting invariants were added.
[2020-06-17 18:50:16,298 INFO  L530          LassoAnalysis]: Proving termination failed for this template and these settings.
[2020-06-17 18:50:16,312 INFO  L489     LassoRankerStarter]: LassoRanker could not prove termination or nontermination of the given linear lasso program.
Templates: AffineTemplate NestedTemplate NestedTemplate NestedTemplate MultiphaseTemplate ComposedLexicographicTemplate PiecewiseTemplate ParallelTemplate
[2020-06-17 18:50:16,313 INFO  L132        PluginConnector]: ------------------------ END LassoRanker----------------------------
[2020-06-17 18:50:16,313 INFO  L168              Benchmark]: Toolchain (without parser) took 596.51 ms. Allocated memory is still 514.9 MB. Free memory was 472.9 MB in the beginning and 387.0 MB in the end (delta: 85.9 MB). Peak memory consumption was 85.9 MB. Max. memory is 11.5 GB.
[2020-06-17 18:50:16,315 INFO  L168              Benchmark]: Boogie PL CUP Parser took 0.13 ms. Allocated memory is still 514.9 MB. Free memory is still 474.4 MB. There was no memory consumed. Max. memory is 11.5 GB.
[2020-06-17 18:50:16,315 INFO  L168              Benchmark]: Boogie Preprocessor took 31.24 ms. Allocated memory is still 514.9 MB. Free memory was 471.5 MB in the beginning and 470.2 MB in the end (delta: 1.3 MB). Peak memory consumption was 1.3 MB. Max. memory is 11.5 GB.
[2020-06-17 18:50:16,316 INFO  L168              Benchmark]: RCFGBuilder took 101.22 ms. Allocated memory is still 514.9 MB. Free memory was 470.2 MB in the beginning and 460.7 MB in the end (delta: 9.5 MB). Peak memory consumption was 9.5 MB. Max. memory is 11.5 GB.
[2020-06-17 18:50:16,316 INFO  L168              Benchmark]: LassoRanker took 454.39 ms. Allocated memory is still 514.9 MB. Free memory was 460.7 MB in the beginning and 387.0 MB in the end (delta: 73.6 MB). Peak memory consumption was 73.6 MB. Max. memory is 11.5 GB.
[2020-06-17 18:50:16,319 INFO  L336   ainManager$Toolchain]: #######################  End [Toolchain 1] #######################
 --- Results ---
 * Results from de.uni_freiburg.informatik.ultimate.core:
  - StatisticsResult: Toolchain Benchmarks
    Benchmark results are:
 * Boogie PL CUP Parser took 0.13 ms. Allocated memory is still 514.9 MB. Free memory is still 474.4 MB. There was no memory consumed. Max. memory is 11.5 GB.
 * Boogie Preprocessor took 31.24 ms. Allocated memory is still 514.9 MB. Free memory was 471.5 MB in the beginning and 470.2 MB in the end (delta: 1.3 MB). Peak memory consumption was 1.3 MB. Max. memory is 11.5 GB.
 * RCFGBuilder took 101.22 ms. Allocated memory is still 514.9 MB. Free memory was 470.2 MB in the beginning and 460.7 MB in the end (delta: 9.5 MB). Peak memory consumption was 9.5 MB. Max. memory is 11.5 GB.
 * LassoRanker took 454.39 ms. Allocated memory is still 514.9 MB. Free memory was 460.7 MB in the beginning and 387.0 MB in the end (delta: 73.6 MB). Peak memory consumption was 73.6 MB. Max. memory is 11.5 GB.
 * Results from de.uni_freiburg.informatik.ultimate.plugins.analysis.lassoranker:
  - NoResult [Line: 7]: LassoRanker could not prove termination
    LassoRanker could not prove termination or nontermination of the given linear lasso program.
Templates: AffineTemplate NestedTemplate NestedTemplate NestedTemplate MultiphaseTemplate ComposedLexicographicTemplate PiecewiseTemplate ParallelTemplate
RESULT: Ultimate could not prove your program: Toolchain returned no result.
Received shutdown request...
Ultimate:
GTK+ Version Check
