This is Ultimate 0.1.24-16d85fa
[2020-06-17 18:50:21,569 INFO  L170        SettingsManager]: Resetting all preferences to default values...
[2020-06-17 18:50:21,570 INFO  L174        SettingsManager]: Resetting UltimateCore preferences to default values
[2020-06-17 18:50:21,580 INFO  L177        SettingsManager]: Ultimate Commandline Interface provides no preferences, ignoring...
[2020-06-17 18:50:21,580 INFO  L174        SettingsManager]: Resetting Boogie Preprocessor preferences to default values
[2020-06-17 18:50:21,581 INFO  L174        SettingsManager]: Resetting Boogie Procedure Inliner preferences to default values
[2020-06-17 18:50:21,582 INFO  L174        SettingsManager]: Resetting Abstract Interpretation preferences to default values
[2020-06-17 18:50:21,583 INFO  L174        SettingsManager]: Resetting LassoRanker preferences to default values
[2020-06-17 18:50:21,584 INFO  L174        SettingsManager]: Resetting Reaching Definitions preferences to default values
[2020-06-17 18:50:21,585 INFO  L174        SettingsManager]: Resetting SyntaxChecker preferences to default values
[2020-06-17 18:50:21,585 INFO  L177        SettingsManager]: Büchi Program Product provides no preferences, ignoring...
[2020-06-17 18:50:21,585 INFO  L174        SettingsManager]: Resetting LTL2Aut preferences to default values
[2020-06-17 18:50:21,586 INFO  L174        SettingsManager]: Resetting PEA to Boogie preferences to default values
[2020-06-17 18:50:21,586 INFO  L174        SettingsManager]: Resetting BlockEncodingV2 preferences to default values
[2020-06-17 18:50:21,587 INFO  L174        SettingsManager]: Resetting ChcToBoogie preferences to default values
[2020-06-17 18:50:21,587 INFO  L174        SettingsManager]: Resetting AutomataScriptInterpreter preferences to default values
[2020-06-17 18:50:21,588 INFO  L174        SettingsManager]: Resetting BuchiAutomizer preferences to default values
[2020-06-17 18:50:21,589 INFO  L174        SettingsManager]: Resetting CACSL2BoogieTranslator preferences to default values
[2020-06-17 18:50:21,590 INFO  L174        SettingsManager]: Resetting CodeCheck preferences to default values
[2020-06-17 18:50:21,591 INFO  L174        SettingsManager]: Resetting InvariantSynthesis preferences to default values
[2020-06-17 18:50:21,591 INFO  L174        SettingsManager]: Resetting RCFGBuilder preferences to default values
[2020-06-17 18:50:21,592 INFO  L174        SettingsManager]: Resetting TraceAbstraction preferences to default values
[2020-06-17 18:50:21,594 INFO  L177        SettingsManager]: TraceAbstractionConcurrent provides no preferences, ignoring...
[2020-06-17 18:50:21,594 INFO  L177        SettingsManager]: TraceAbstractionWithAFAs provides no preferences, ignoring...
[2020-06-17 18:50:21,594 INFO  L174        SettingsManager]: Resetting TreeAutomizer preferences to default values
[2020-06-17 18:50:21,594 INFO  L174        SettingsManager]: Resetting IcfgTransformer preferences to default values
[2020-06-17 18:50:21,595 INFO  L174        SettingsManager]: Resetting Boogie Printer preferences to default values
[2020-06-17 18:50:21,595 INFO  L174        SettingsManager]: Resetting ReqPrinter preferences to default values
[2020-06-17 18:50:21,596 INFO  L174        SettingsManager]: Resetting Witness Printer preferences to default values
[2020-06-17 18:50:21,596 INFO  L177        SettingsManager]: Boogie PL CUP Parser provides no preferences, ignoring...
[2020-06-17 18:50:21,596 INFO  L174        SettingsManager]: Resetting CDTParser preferences to default values
[2020-06-17 18:50:21,597 INFO  L177        SettingsManager]: AutomataScriptParser provides no preferences, ignoring...
[2020-06-17 18:50:21,597 INFO  L177        SettingsManager]: ReqParser provides no preferences, ignoring...
[2020-06-17 18:50:21,597 INFO  L174        SettingsManager]: Resetting SmtParser preferences to default values
[2020-06-17 18:50:21,598 INFO  L174        SettingsManager]: Resetting Witness Parser preferences to default values
[2020-06-17 18:50:21,598 INFO  L181        SettingsManager]: Finished resetting all preferences to default values...
[2020-06-17 18:50:21,614 INFO  L81    nceAwareModelManager]: Repository-Root is: /tmp
[2020-06-17 18:50:21,624 INFO  L258   ainManager$Toolchain]: [Toolchain 1]: Applicable parser(s) successfully (re)initialized
[2020-06-17 18:50:21,626 INFO  L214   ainManager$Toolchain]: [Toolchain 1]: Toolchain selected.
[2020-06-17 18:50:21,628 INFO  L271        PluginConnector]: Initializing Boogie PL CUP Parser...
[2020-06-17 18:50:21,628 INFO  L276        PluginConnector]: Boogie PL CUP Parser initialized
[2020-06-17 18:50:21,629 INFO  L418   ainManager$Toolchain]: [Toolchain 1]: Parsing single file: /home/lixie/LassoRankerExp/LassoRankerExp/./C_Boogie/Cairo_step2-2.bpl
[2020-06-17 18:50:21,629 INFO  L111           BoogieParser]: Parsing: '/home/lixie/LassoRankerExp/LassoRankerExp/./C_Boogie/Cairo_step2-2.bpl'
[2020-06-17 18:50:21,652 INFO  L296   ainManager$Toolchain]: ####################### [Toolchain 1] #######################
[2020-06-17 18:50:21,661 INFO  L131        ToolchainWalker]: Walking toolchain with 3 elements.
[2020-06-17 18:50:21,661 INFO  L113        PluginConnector]: ------------------------Boogie Preprocessor----------------------------
[2020-06-17 18:50:21,661 INFO  L271        PluginConnector]: Initializing Boogie Preprocessor...
[2020-06-17 18:50:21,661 INFO  L276        PluginConnector]: Boogie Preprocessor initialized
[2020-06-17 18:50:21,675 INFO  L185        PluginConnector]: Executing the observer EnsureBoogieModelObserver from plugin Boogie Preprocessor for "Cairo_step2-2.bpl de.uni_freiburg.informatik.ultimate.boogie.parser AST 17.06 06:50:21" (1/1) ...
[2020-06-17 18:50:21,676 INFO  L185        PluginConnector]: Executing the observer TypeChecker from plugin Boogie Preprocessor for "Cairo_step2-2.bpl de.uni_freiburg.informatik.ultimate.boogie.parser AST 17.06 06:50:21" (1/1) ...
[2020-06-17 18:50:21,680 INFO  L185        PluginConnector]: Executing the observer ConstExpander from plugin Boogie Preprocessor for "Cairo_step2-2.bpl de.uni_freiburg.informatik.ultimate.boogie.parser AST 17.06 06:50:21" (1/1) ...
[2020-06-17 18:50:21,680 INFO  L185        PluginConnector]: Executing the observer StructExpander from plugin Boogie Preprocessor for "Cairo_step2-2.bpl de.uni_freiburg.informatik.ultimate.boogie.parser AST 17.06 06:50:21" (1/1) ...
[2020-06-17 18:50:21,682 INFO  L185        PluginConnector]: Executing the observer UnstructureCode from plugin Boogie Preprocessor for "Cairo_step2-2.bpl de.uni_freiburg.informatik.ultimate.boogie.parser AST 17.06 06:50:21" (1/1) ...
[2020-06-17 18:50:21,684 INFO  L185        PluginConnector]: Executing the observer FunctionInliner from plugin Boogie Preprocessor for "Cairo_step2-2.bpl de.uni_freiburg.informatik.ultimate.boogie.parser AST 17.06 06:50:21" (1/1) ...
[2020-06-17 18:50:21,685 INFO  L185        PluginConnector]: Executing the observer BoogieSymbolTableConstructor from plugin Boogie Preprocessor for "Cairo_step2-2.bpl de.uni_freiburg.informatik.ultimate.boogie.parser AST 17.06 06:50:21" (1/1) ...
[2020-06-17 18:50:21,686 INFO  L132        PluginConnector]: ------------------------ END Boogie Preprocessor----------------------------
[2020-06-17 18:50:21,686 INFO  L113        PluginConnector]: ------------------------RCFGBuilder----------------------------
[2020-06-17 18:50:21,686 INFO  L271        PluginConnector]: Initializing RCFGBuilder...
[2020-06-17 18:50:21,687 INFO  L276        PluginConnector]: RCFGBuilder initialized
[2020-06-17 18:50:21,687 INFO  L185        PluginConnector]: Executing the observer RCFGBuilderObserver from plugin RCFGBuilder for "Cairo_step2-2.bpl de.uni_freiburg.informatik.ultimate.boogie.parser AST 17.06 06:50:21" (1/1) ...
No working directory specified, using /home/lixie/LassoRankerExp/LassoRankerExp/z3
Starting monitored process 1 with z3 SMTLIB2_COMPLIANT=true -memory:1024 -smt2 -in -t:12000 (exit command is (exit), workingDir is null)
Waiting until toolchain timeout for monitored process 1 with z3 SMTLIB2_COMPLIANT=true -memory:1024 -smt2 -in -t:12000
[2020-06-17 18:50:21,723 INFO  L124     BoogieDeclarations]: Specification and implementation of procedure main given in one single declaration
[2020-06-17 18:50:21,723 INFO  L130     BoogieDeclarations]: Found specification of procedure main
[2020-06-17 18:50:21,723 INFO  L138     BoogieDeclarations]: Found implementation of procedure main
[2020-06-17 18:50:21,788 INFO  L278             CfgBuilder]: Using library mode
[2020-06-17 18:50:21,788 INFO  L286             CfgBuilder]: Removed 0 assue(true) statements.
[2020-06-17 18:50:21,789 INFO  L202        PluginConnector]: Adding new model Cairo_step2-2.bpl de.uni_freiburg.informatik.ultimate.plugins.generator.rcfgbuilder CFG 17.06 06:50:21 BoogieIcfgContainer
[2020-06-17 18:50:21,789 INFO  L132        PluginConnector]: ------------------------ END RCFGBuilder----------------------------
[2020-06-17 18:50:21,790 INFO  L113        PluginConnector]: ------------------------LassoRanker----------------------------
[2020-06-17 18:50:21,790 INFO  L271        PluginConnector]: Initializing LassoRanker...
[2020-06-17 18:50:21,790 INFO  L276        PluginConnector]: LassoRanker initialized
[2020-06-17 18:50:21,790 INFO  L185        PluginConnector]: Executing the observer LassoRankerObserver from plugin LassoRanker for "Cairo_step2-2.bpl de.uni_freiburg.informatik.ultimate.plugins.generator.rcfgbuilder CFG 17.06 06:50:21" (1/1) ...
[2020-06-17 18:50:21,809 INFO  L72            BuchiIsEmpty]: Start buchiIsEmpty. Operand 4 states.
[2020-06-17 18:50:21,822 INFO  L131   ngComponentsAnalysis]: Automaton has 1 accepting balls. 1
[2020-06-17 18:50:21,823 INFO  L87            BuchiIsEmpty]: Finished buchiIsEmpty Result is false
[2020-06-17 18:50:21,823 INFO  L119           BuchiIsEmpty]: Starting construction of run
[2020-06-17 18:50:21,828 INFO  L104     BuchiDifferenceFKV]: Start buchiDifferenceFKV. First operand 4 states. Second operand 2 states.
[2020-06-17 18:50:21,835 INFO  L108     BuchiDifferenceFKV]: Finished buchiDifferenceFKV. First operand 4 states. Second operand 2 states. Result 4 states and 5 transitions. Complement of second has 3 states 3 powerset states0 rank states. The highest rank that occured is -1
[2020-06-17 18:50:21,835 INFO  L72            BuchiIsEmpty]: Start buchiIsEmpty. Operand 4 states and 5 transitions.
[2020-06-17 18:50:21,836 INFO  L131   ngComponentsAnalysis]: Automaton has 0 accepting balls. 0
[2020-06-17 18:50:21,836 INFO  L87            BuchiIsEmpty]: Finished buchiIsEmpty Result is true
[2020-06-17 18:50:21,859 INFO  L216          LassoAnalysis]: Preferences:
[2020-06-17 18:50:21,860 INFO  L124   ssoRankerPreferences]: Compute integeral hull: false
[2020-06-17 18:50:21,860 INFO  L125   ssoRankerPreferences]: Enable LassoPartitioneer: true
[2020-06-17 18:50:21,860 INFO  L126   ssoRankerPreferences]: Term annotations enabled: false
[2020-06-17 18:50:21,861 INFO  L127   ssoRankerPreferences]: Use exernal solver: true
[2020-06-17 18:50:21,861 INFO  L128   ssoRankerPreferences]: SMT solver command: z3 -smt2 -in SMTLIB2_COMPLIANT=true
[2020-06-17 18:50:21,861 INFO  L129   ssoRankerPreferences]: Dump SMT script to file: false
[2020-06-17 18:50:21,861 INFO  L130   ssoRankerPreferences]: Path of dumped script: .
[2020-06-17 18:50:21,861 INFO  L131   ssoRankerPreferences]: Filename of dumped script: LassoRankerScript
[2020-06-17 18:50:21,861 INFO  L132   ssoRankerPreferences]: MapElimAlgo: Frank
[2020-06-17 18:50:21,861 INFO  L282          LassoAnalysis]: Starting lasso preprocessing...
[2020-06-17 18:50:21,875 INFO  L141          MapEliminator]: Using MapEliminator with SimplificationTechnique=SIMPLIFY_DDA XnfConversionTechnique=BOTTOM_UP_WITH_LOCAL_SIMPLIFICATION AddInequalities=false OnlyTrivialImplicationsArrayWrite=false OnlyTrivialImplicationsForModifiedArguments=true OnlyArgumentsInFormula=true
[2020-06-17 18:50:21,928 INFO  L300          LassoAnalysis]: Preprocessing complete.
[2020-06-17 18:50:21,928 INFO  L412          LassoAnalysis]: Checking for nontermination...
No working directory specified, using /home/lixie/LassoRankerExp/LassoRankerExp/z3
Starting monitored process 2 with z3 -smt2 -in SMTLIB2_COMPLIANT=true (exit command is (exit), workingDir is null)
Waiting until toolchain timeout for monitored process 2 with z3 -smt2 -in SMTLIB2_COMPLIANT=true
[2020-06-17 18:50:21,932 INFO  L151   nArgumentSynthesizer]: Nontermination analysis: LINEAR_WITH_GUESSES Allow bounded executions: true Number of generalized eigenvectors: 0 Nilpotent components: true
[2020-06-17 18:50:21,932 INFO  L163   nArgumentSynthesizer]: Using integer mode.
No working directory specified, using /home/lixie/LassoRankerExp/LassoRankerExp/z3
Starting monitored process 3 with z3 -smt2 -in SMTLIB2_COMPLIANT=true (exit command is (exit), workingDir is null)
Waiting until toolchain timeout for monitored process 3 with z3 -smt2 -in SMTLIB2_COMPLIANT=true
[2020-06-17 18:50:21,953 INFO  L151   nArgumentSynthesizer]: Nontermination analysis: LINEAR_WITH_GUESSES Allow bounded executions: true Number of generalized eigenvectors: 3 Nilpotent components: true
[2020-06-17 18:50:21,953 INFO  L163   nArgumentSynthesizer]: Using integer mode.
[2020-06-17 18:50:21,981 INFO  L452          LassoAnalysis]: Proving nontermination failed: No geometric nontermination argument exists.
[2020-06-17 18:50:21,983 INFO  L216          LassoAnalysis]: Preferences:
[2020-06-17 18:50:21,983 INFO  L124   ssoRankerPreferences]: Compute integeral hull: false
[2020-06-17 18:50:21,983 INFO  L125   ssoRankerPreferences]: Enable LassoPartitioneer: true
[2020-06-17 18:50:21,983 INFO  L126   ssoRankerPreferences]: Term annotations enabled: false
[2020-06-17 18:50:21,983 INFO  L127   ssoRankerPreferences]: Use exernal solver: true
[2020-06-17 18:50:21,983 INFO  L128   ssoRankerPreferences]: SMT solver command: z3 -smt2 -in SMTLIB2_COMPLIANT=true
[2020-06-17 18:50:21,983 INFO  L129   ssoRankerPreferences]: Dump SMT script to file: false
[2020-06-17 18:50:21,983 INFO  L130   ssoRankerPreferences]: Path of dumped script: .
[2020-06-17 18:50:21,984 INFO  L131   ssoRankerPreferences]: Filename of dumped script: LassoRankerScript
[2020-06-17 18:50:21,984 INFO  L132   ssoRankerPreferences]: MapElimAlgo: Frank
[2020-06-17 18:50:21,984 INFO  L282          LassoAnalysis]: Starting lasso preprocessing...
[2020-06-17 18:50:21,985 INFO  L141          MapEliminator]: Using MapEliminator with SimplificationTechnique=SIMPLIFY_DDA XnfConversionTechnique=BOTTOM_UP_WITH_LOCAL_SIMPLIFICATION AddInequalities=false OnlyTrivialImplicationsArrayWrite=false OnlyTrivialImplicationsForModifiedArguments=true OnlyArgumentsInFormula=true
[2020-06-17 18:50:22,022 INFO  L300          LassoAnalysis]: Preprocessing complete.
[2020-06-17 18:50:22,025 INFO  L497          LassoAnalysis]: Using template 'affine'.
No working directory specified, using /home/lixie/LassoRankerExp/LassoRankerExp/z3
Starting monitored process 4 with z3 -smt2 -in SMTLIB2_COMPLIANT=true (exit command is (exit), workingDir is null)
Waiting until toolchain timeout for monitored process 4 with z3 -smt2 -in SMTLIB2_COMPLIANT=true
[2020-06-17 18:50:22,028 INFO  L122   nArgumentSynthesizer]: Termination Analysis Settings:
Termination analysis: LINEAR_WITH_GUESSES
Number of strict supporting invariants: 1
Number of non-strict supporting invariants: 0
Consider only non-deceasing supporting invariants: true
Simplify termination arguments: true
Simplify supporting invariants: trueOverapproximate stem: false
[2020-06-17 18:50:22,029 INFO  L339   nArgumentSynthesizer]: Template has degree 0.
[2020-06-17 18:50:22,030 INFO  L205   nArgumentSynthesizer]: 1 stem disjuncts
[2020-06-17 18:50:22,030 INFO  L206   nArgumentSynthesizer]: 2 loop disjuncts
[2020-06-17 18:50:22,030 INFO  L207   nArgumentSynthesizer]: 2 template conjuncts.
[2020-06-17 18:50:22,040 INFO  L402   nArgumentSynthesizer]: We have 16 Motzkin's Theorem applications.
[2020-06-17 18:50:22,040 INFO  L403   nArgumentSynthesizer]: A total of 4 supporting invariants were added.
[2020-06-17 18:50:22,053 INFO  L530          LassoAnalysis]: Proving termination failed for this template and these settings.
[2020-06-17 18:50:22,067 INFO  L497          LassoAnalysis]: Using template '2-nested'.
No working directory specified, using /home/lixie/LassoRankerExp/LassoRankerExp/z3
Starting monitored process 5 with z3 -smt2 -in SMTLIB2_COMPLIANT=true (exit command is (exit), workingDir is null)
Waiting until toolchain timeout for monitored process 5 with z3 -smt2 -in SMTLIB2_COMPLIANT=true
[2020-06-17 18:50:22,068 INFO  L122   nArgumentSynthesizer]: Termination Analysis Settings:
Termination analysis: LINEAR_WITH_GUESSES
Number of strict supporting invariants: 1
Number of non-strict supporting invariants: 0
Consider only non-deceasing supporting invariants: true
Simplify termination arguments: true
Simplify supporting invariants: trueOverapproximate stem: false
[2020-06-17 18:50:22,070 INFO  L339   nArgumentSynthesizer]: Template has degree 0.
[2020-06-17 18:50:22,070 INFO  L205   nArgumentSynthesizer]: 1 stem disjuncts
[2020-06-17 18:50:22,070 INFO  L206   nArgumentSynthesizer]: 2 loop disjuncts
[2020-06-17 18:50:22,070 INFO  L207   nArgumentSynthesizer]: 3 template conjuncts.
[2020-06-17 18:50:22,078 INFO  L402   nArgumentSynthesizer]: We have 24 Motzkin's Theorem applications.
[2020-06-17 18:50:22,078 INFO  L403   nArgumentSynthesizer]: A total of 6 supporting invariants were added.
[2020-06-17 18:50:22,095 INFO  L530          LassoAnalysis]: Proving termination failed for this template and these settings.
[2020-06-17 18:50:22,107 INFO  L497          LassoAnalysis]: Using template '3-nested'.
No working directory specified, using /home/lixie/LassoRankerExp/LassoRankerExp/z3
Starting monitored process 6 with z3 -smt2 -in SMTLIB2_COMPLIANT=true (exit command is (exit), workingDir is null)
Waiting until toolchain timeout for monitored process 6 with z3 -smt2 -in SMTLIB2_COMPLIANT=true
[2020-06-17 18:50:22,109 INFO  L122   nArgumentSynthesizer]: Termination Analysis Settings:
Termination analysis: LINEAR_WITH_GUESSES
Number of strict supporting invariants: 1
Number of non-strict supporting invariants: 0
Consider only non-deceasing supporting invariants: true
Simplify termination arguments: true
Simplify supporting invariants: trueOverapproximate stem: false
[2020-06-17 18:50:22,111 INFO  L339   nArgumentSynthesizer]: Template has degree 0.
[2020-06-17 18:50:22,111 INFO  L205   nArgumentSynthesizer]: 1 stem disjuncts
[2020-06-17 18:50:22,111 INFO  L206   nArgumentSynthesizer]: 2 loop disjuncts
[2020-06-17 18:50:22,111 INFO  L207   nArgumentSynthesizer]: 4 template conjuncts.
[2020-06-17 18:50:22,121 INFO  L402   nArgumentSynthesizer]: We have 32 Motzkin's Theorem applications.
[2020-06-17 18:50:22,121 INFO  L403   nArgumentSynthesizer]: A total of 8 supporting invariants were added.
[2020-06-17 18:50:22,148 INFO  L530          LassoAnalysis]: Proving termination failed for this template and these settings.
[2020-06-17 18:50:22,166 INFO  L497          LassoAnalysis]: Using template '4-nested'.
No working directory specified, using /home/lixie/LassoRankerExp/LassoRankerExp/z3
Starting monitored process 7 with z3 -smt2 -in SMTLIB2_COMPLIANT=true (exit command is (exit), workingDir is null)
Waiting until toolchain timeout for monitored process 7 with z3 -smt2 -in SMTLIB2_COMPLIANT=true
[2020-06-17 18:50:22,168 INFO  L122   nArgumentSynthesizer]: Termination Analysis Settings:
Termination analysis: LINEAR_WITH_GUESSES
Number of strict supporting invariants: 1
Number of non-strict supporting invariants: 0
Consider only non-deceasing supporting invariants: true
Simplify termination arguments: true
Simplify supporting invariants: trueOverapproximate stem: false
[2020-06-17 18:50:22,169 INFO  L339   nArgumentSynthesizer]: Template has degree 0.
[2020-06-17 18:50:22,170 INFO  L205   nArgumentSynthesizer]: 1 stem disjuncts
[2020-06-17 18:50:22,170 INFO  L206   nArgumentSynthesizer]: 2 loop disjuncts
[2020-06-17 18:50:22,170 INFO  L207   nArgumentSynthesizer]: 5 template conjuncts.
[2020-06-17 18:50:22,179 INFO  L402   nArgumentSynthesizer]: We have 40 Motzkin's Theorem applications.
[2020-06-17 18:50:22,179 INFO  L403   nArgumentSynthesizer]: A total of 10 supporting invariants were added.
[2020-06-17 18:50:22,210 INFO  L530          LassoAnalysis]: Proving termination failed for this template and these settings.
[2020-06-17 18:50:22,223 INFO  L497          LassoAnalysis]: Using template '2-phase'.
No working directory specified, using /home/lixie/LassoRankerExp/LassoRankerExp/z3
Starting monitored process 8 with z3 -smt2 -in SMTLIB2_COMPLIANT=true (exit command is (exit), workingDir is null)
Waiting until toolchain timeout for monitored process 8 with z3 -smt2 -in SMTLIB2_COMPLIANT=true
[2020-06-17 18:50:22,225 INFO  L122   nArgumentSynthesizer]: Termination Analysis Settings:
Termination analysis: LINEAR_WITH_GUESSES
Number of strict supporting invariants: 1
Number of non-strict supporting invariants: 0
Consider only non-deceasing supporting invariants: true
Simplify termination arguments: true
Simplify supporting invariants: trueOverapproximate stem: false
[2020-06-17 18:50:22,226 WARN  L334   nArgumentSynthesizer]: Using a linear SMT query and a templates of degree > 0, hence this method is incomplete.
[2020-06-17 18:50:22,226 INFO  L339   nArgumentSynthesizer]: Template has degree 1.
[2020-06-17 18:50:22,227 INFO  L205   nArgumentSynthesizer]: 1 stem disjuncts
[2020-06-17 18:50:22,227 INFO  L206   nArgumentSynthesizer]: 2 loop disjuncts
[2020-06-17 18:50:22,227 INFO  L207   nArgumentSynthesizer]: 3 template conjuncts.
[2020-06-17 18:50:22,233 INFO  L402   nArgumentSynthesizer]: We have 24 Motzkin's Theorem applications.
[2020-06-17 18:50:22,233 INFO  L403   nArgumentSynthesizer]: A total of 6 supporting invariants were added.
[2020-06-17 18:50:22,254 INFO  L530          LassoAnalysis]: Proving termination failed for this template and these settings.
[2020-06-17 18:50:22,266 INFO  L497          LassoAnalysis]: Using template 'lex(affine, affine)'.
No working directory specified, using /home/lixie/LassoRankerExp/LassoRankerExp/z3
Starting monitored process 9 with z3 -smt2 -in SMTLIB2_COMPLIANT=true (exit command is (exit), workingDir is null)
Waiting until toolchain timeout for monitored process 9 with z3 -smt2 -in SMTLIB2_COMPLIANT=true
[2020-06-17 18:50:22,268 INFO  L122   nArgumentSynthesizer]: Termination Analysis Settings:
Termination analysis: LINEAR_WITH_GUESSES
Number of strict supporting invariants: 1
Number of non-strict supporting invariants: 0
Consider only non-deceasing supporting invariants: true
Simplify termination arguments: true
Simplify supporting invariants: trueOverapproximate stem: false
[2020-06-17 18:50:22,269 WARN  L334   nArgumentSynthesizer]: Using a linear SMT query and a templates of degree > 0, hence this method is incomplete.
[2020-06-17 18:50:22,270 INFO  L339   nArgumentSynthesizer]: Template has degree 5.
[2020-06-17 18:50:22,270 INFO  L205   nArgumentSynthesizer]: 1 stem disjuncts
[2020-06-17 18:50:22,270 INFO  L206   nArgumentSynthesizer]: 2 loop disjuncts
[2020-06-17 18:50:22,270 INFO  L207   nArgumentSynthesizer]: 4 template conjuncts.
[2020-06-17 18:50:22,276 INFO  L402   nArgumentSynthesizer]: We have 32 Motzkin's Theorem applications.
[2020-06-17 18:50:22,276 INFO  L403   nArgumentSynthesizer]: A total of 8 supporting invariants were added.
[2020-06-17 18:50:22,299 INFO  L530          LassoAnalysis]: Proving termination failed for this template and these settings.
[2020-06-17 18:50:22,311 INFO  L497          LassoAnalysis]: Using template '2-piece'.
No working directory specified, using /home/lixie/LassoRankerExp/LassoRankerExp/z3
Starting monitored process 10 with z3 -smt2 -in SMTLIB2_COMPLIANT=true (exit command is (exit), workingDir is null)
Waiting until toolchain timeout for monitored process 10 with z3 -smt2 -in SMTLIB2_COMPLIANT=true
[2020-06-17 18:50:22,313 INFO  L122   nArgumentSynthesizer]: Termination Analysis Settings:
Termination analysis: LINEAR_WITH_GUESSES
Number of strict supporting invariants: 1
Number of non-strict supporting invariants: 0
Consider only non-deceasing supporting invariants: true
Simplify termination arguments: true
Simplify supporting invariants: trueOverapproximate stem: false
[2020-06-17 18:50:22,314 WARN  L334   nArgumentSynthesizer]: Using a linear SMT query and a templates of degree > 0, hence this method is incomplete.
[2020-06-17 18:50:22,314 INFO  L339   nArgumentSynthesizer]: Template has degree 7.
[2020-06-17 18:50:22,314 INFO  L205   nArgumentSynthesizer]: 1 stem disjuncts
[2020-06-17 18:50:22,314 INFO  L206   nArgumentSynthesizer]: 2 loop disjuncts
[2020-06-17 18:50:22,314 INFO  L207   nArgumentSynthesizer]: 7 template conjuncts.
[2020-06-17 18:50:22,326 INFO  L402   nArgumentSynthesizer]: We have 56 Motzkin's Theorem applications.
[2020-06-17 18:50:22,326 INFO  L403   nArgumentSynthesizer]: A total of 14 supporting invariants were added.
[2020-06-17 18:50:22,531 INFO  L530          LassoAnalysis]: Proving termination failed for this template and these settings.
[2020-06-17 18:50:22,544 INFO  L497          LassoAnalysis]: Using template '2-parallel'.
No working directory specified, using /home/lixie/LassoRankerExp/LassoRankerExp/z3
Starting monitored process 11 with z3 -smt2 -in SMTLIB2_COMPLIANT=true (exit command is (exit), workingDir is null)
Waiting until toolchain timeout for monitored process 11 with z3 -smt2 -in SMTLIB2_COMPLIANT=true
[2020-06-17 18:50:22,545 INFO  L122   nArgumentSynthesizer]: Termination Analysis Settings:
Termination analysis: LINEAR_WITH_GUESSES
Number of strict supporting invariants: 1
Number of non-strict supporting invariants: 0
Consider only non-deceasing supporting invariants: true
Simplify termination arguments: true
Simplify supporting invariants: trueOverapproximate stem: false
[2020-06-17 18:50:22,546 WARN  L334   nArgumentSynthesizer]: Using a linear SMT query and a templates of degree > 0, hence this method is incomplete.
[2020-06-17 18:50:22,547 INFO  L339   nArgumentSynthesizer]: Template has degree 4.
[2020-06-17 18:50:22,547 INFO  L205   nArgumentSynthesizer]: 1 stem disjuncts
[2020-06-17 18:50:22,547 INFO  L206   nArgumentSynthesizer]: 2 loop disjuncts
[2020-06-17 18:50:22,547 INFO  L207   nArgumentSynthesizer]: 6 template conjuncts.
[2020-06-17 18:50:22,555 INFO  L402   nArgumentSynthesizer]: We have 48 Motzkin's Theorem applications.
[2020-06-17 18:50:22,555 INFO  L403   nArgumentSynthesizer]: A total of 12 supporting invariants were added.
[2020-06-17 18:50:22,626 INFO  L530          LassoAnalysis]: Proving termination failed for this template and these settings.
[2020-06-17 18:50:22,638 INFO  L489     LassoRankerStarter]: LassoRanker could not prove termination or nontermination of the given linear lasso program.
Templates: AffineTemplate NestedTemplate NestedTemplate NestedTemplate MultiphaseTemplate ComposedLexicographicTemplate PiecewiseTemplate ParallelTemplate
[2020-06-17 18:50:22,639 INFO  L132        PluginConnector]: ------------------------ END LassoRanker----------------------------
[2020-06-17 18:50:22,639 INFO  L168              Benchmark]: Toolchain (without parser) took 986.48 ms. Allocated memory was 514.9 MB in the beginning and 536.9 MB in the end (delta: 22.0 MB). Free memory was 472.9 MB in the beginning and 501.5 MB in the end (delta: -28.6 MB). Peak memory consumption was 121.6 MB. Max. memory is 11.5 GB.
[2020-06-17 18:50:22,641 INFO  L168              Benchmark]: Boogie PL CUP Parser took 0.14 ms. Allocated memory is still 514.9 MB. Free memory is still 474.4 MB. There was no memory consumed. Max. memory is 11.5 GB.
[2020-06-17 18:50:22,641 INFO  L168              Benchmark]: Boogie Preprocessor took 24.95 ms. Allocated memory is still 514.9 MB. Free memory was 471.5 MB in the beginning and 470.2 MB in the end (delta: 1.3 MB). Peak memory consumption was 1.3 MB. Max. memory is 11.5 GB.
[2020-06-17 18:50:22,641 INFO  L168              Benchmark]: RCFGBuilder took 103.13 ms. Allocated memory is still 514.9 MB. Free memory was 470.2 MB in the beginning and 460.7 MB in the end (delta: 9.5 MB). Peak memory consumption was 9.5 MB. Max. memory is 11.5 GB.
[2020-06-17 18:50:22,642 INFO  L168              Benchmark]: LassoRanker took 849.14 ms. Allocated memory was 514.9 MB in the beginning and 536.9 MB in the end (delta: 22.0 MB). Free memory was 460.7 MB in the beginning and 501.5 MB in the end (delta: -40.8 MB). Peak memory consumption was 109.3 MB. Max. memory is 11.5 GB.
[2020-06-17 18:50:22,643 INFO  L336   ainManager$Toolchain]: #######################  End [Toolchain 1] #######################
 --- Results ---
 * Results from de.uni_freiburg.informatik.ultimate.core:
  - StatisticsResult: Toolchain Benchmarks
    Benchmark results are:
 * Boogie PL CUP Parser took 0.14 ms. Allocated memory is still 514.9 MB. Free memory is still 474.4 MB. There was no memory consumed. Max. memory is 11.5 GB.
 * Boogie Preprocessor took 24.95 ms. Allocated memory is still 514.9 MB. Free memory was 471.5 MB in the beginning and 470.2 MB in the end (delta: 1.3 MB). Peak memory consumption was 1.3 MB. Max. memory is 11.5 GB.
 * RCFGBuilder took 103.13 ms. Allocated memory is still 514.9 MB. Free memory was 470.2 MB in the beginning and 460.7 MB in the end (delta: 9.5 MB). Peak memory consumption was 9.5 MB. Max. memory is 11.5 GB.
 * LassoRanker took 849.14 ms. Allocated memory was 514.9 MB in the beginning and 536.9 MB in the end (delta: 22.0 MB). Free memory was 460.7 MB in the beginning and 501.5 MB in the end (delta: -40.8 MB). Peak memory consumption was 109.3 MB. Max. memory is 11.5 GB.
 * Results from de.uni_freiburg.informatik.ultimate.plugins.analysis.lassoranker:
  - NoResult [Line: 6]: LassoRanker could not prove termination
    LassoRanker could not prove termination or nontermination of the given linear lasso program.
Templates: AffineTemplate NestedTemplate NestedTemplate NestedTemplate MultiphaseTemplate ComposedLexicographicTemplate PiecewiseTemplate ParallelTemplate
RESULT: Ultimate could not prove your program: Toolchain returned no result.
Received shutdown request...
Ultimate:
GTK+ Version Check
