This is Ultimate 0.1.24-16d85fa
[2020-06-17 18:50:33,831 INFO  L170        SettingsManager]: Resetting all preferences to default values...
[2020-06-17 18:50:33,832 INFO  L174        SettingsManager]: Resetting UltimateCore preferences to default values
[2020-06-17 18:50:33,841 INFO  L177        SettingsManager]: Ultimate Commandline Interface provides no preferences, ignoring...
[2020-06-17 18:50:33,841 INFO  L174        SettingsManager]: Resetting Boogie Preprocessor preferences to default values
[2020-06-17 18:50:33,842 INFO  L174        SettingsManager]: Resetting Boogie Procedure Inliner preferences to default values
[2020-06-17 18:50:33,843 INFO  L174        SettingsManager]: Resetting Abstract Interpretation preferences to default values
[2020-06-17 18:50:33,844 INFO  L174        SettingsManager]: Resetting LassoRanker preferences to default values
[2020-06-17 18:50:33,845 INFO  L174        SettingsManager]: Resetting Reaching Definitions preferences to default values
[2020-06-17 18:50:33,846 INFO  L174        SettingsManager]: Resetting SyntaxChecker preferences to default values
[2020-06-17 18:50:33,847 INFO  L177        SettingsManager]: Büchi Program Product provides no preferences, ignoring...
[2020-06-17 18:50:33,847 INFO  L174        SettingsManager]: Resetting LTL2Aut preferences to default values
[2020-06-17 18:50:33,848 INFO  L174        SettingsManager]: Resetting PEA to Boogie preferences to default values
[2020-06-17 18:50:33,848 INFO  L174        SettingsManager]: Resetting BlockEncodingV2 preferences to default values
[2020-06-17 18:50:33,849 INFO  L174        SettingsManager]: Resetting ChcToBoogie preferences to default values
[2020-06-17 18:50:33,850 INFO  L174        SettingsManager]: Resetting AutomataScriptInterpreter preferences to default values
[2020-06-17 18:50:33,850 INFO  L174        SettingsManager]: Resetting BuchiAutomizer preferences to default values
[2020-06-17 18:50:33,852 INFO  L174        SettingsManager]: Resetting CACSL2BoogieTranslator preferences to default values
[2020-06-17 18:50:33,854 INFO  L174        SettingsManager]: Resetting CodeCheck preferences to default values
[2020-06-17 18:50:33,855 INFO  L174        SettingsManager]: Resetting InvariantSynthesis preferences to default values
[2020-06-17 18:50:33,856 INFO  L174        SettingsManager]: Resetting RCFGBuilder preferences to default values
[2020-06-17 18:50:33,857 INFO  L174        SettingsManager]: Resetting TraceAbstraction preferences to default values
[2020-06-17 18:50:33,859 INFO  L177        SettingsManager]: TraceAbstractionConcurrent provides no preferences, ignoring...
[2020-06-17 18:50:33,859 INFO  L177        SettingsManager]: TraceAbstractionWithAFAs provides no preferences, ignoring...
[2020-06-17 18:50:33,860 INFO  L174        SettingsManager]: Resetting TreeAutomizer preferences to default values
[2020-06-17 18:50:33,860 INFO  L174        SettingsManager]: Resetting IcfgTransformer preferences to default values
[2020-06-17 18:50:33,861 INFO  L174        SettingsManager]: Resetting Boogie Printer preferences to default values
[2020-06-17 18:50:33,862 INFO  L174        SettingsManager]: Resetting ReqPrinter preferences to default values
[2020-06-17 18:50:33,862 INFO  L174        SettingsManager]: Resetting Witness Printer preferences to default values
[2020-06-17 18:50:33,863 INFO  L177        SettingsManager]: Boogie PL CUP Parser provides no preferences, ignoring...
[2020-06-17 18:50:33,863 INFO  L174        SettingsManager]: Resetting CDTParser preferences to default values
[2020-06-17 18:50:33,864 INFO  L177        SettingsManager]: AutomataScriptParser provides no preferences, ignoring...
[2020-06-17 18:50:33,864 INFO  L177        SettingsManager]: ReqParser provides no preferences, ignoring...
[2020-06-17 18:50:33,864 INFO  L174        SettingsManager]: Resetting SmtParser preferences to default values
[2020-06-17 18:50:33,865 INFO  L174        SettingsManager]: Resetting Witness Parser preferences to default values
[2020-06-17 18:50:33,865 INFO  L181        SettingsManager]: Finished resetting all preferences to default values...
[2020-06-17 18:50:33,884 INFO  L81    nceAwareModelManager]: Repository-Root is: /tmp
[2020-06-17 18:50:33,893 INFO  L258   ainManager$Toolchain]: [Toolchain 1]: Applicable parser(s) successfully (re)initialized
[2020-06-17 18:50:33,896 INFO  L214   ainManager$Toolchain]: [Toolchain 1]: Toolchain selected.
[2020-06-17 18:50:33,897 INFO  L271        PluginConnector]: Initializing Boogie PL CUP Parser...
[2020-06-17 18:50:33,898 INFO  L276        PluginConnector]: Boogie PL CUP Parser initialized
[2020-06-17 18:50:33,898 INFO  L418   ainManager$Toolchain]: [Toolchain 1]: Parsing single file: /home/lixie/LassoRankerExp/LassoRankerExp/./C_Boogie/ChenFlurMukhopadhyay-SAS2012-Ex2.11.bpl
[2020-06-17 18:50:33,899 INFO  L111           BoogieParser]: Parsing: '/home/lixie/LassoRankerExp/LassoRankerExp/./C_Boogie/ChenFlurMukhopadhyay-SAS2012-Ex2.11.bpl'
[2020-06-17 18:50:33,919 INFO  L296   ainManager$Toolchain]: ####################### [Toolchain 1] #######################
[2020-06-17 18:50:33,927 INFO  L131        ToolchainWalker]: Walking toolchain with 3 elements.
[2020-06-17 18:50:33,928 INFO  L113        PluginConnector]: ------------------------Boogie Preprocessor----------------------------
[2020-06-17 18:50:33,928 INFO  L271        PluginConnector]: Initializing Boogie Preprocessor...
[2020-06-17 18:50:33,928 INFO  L276        PluginConnector]: Boogie Preprocessor initialized
[2020-06-17 18:50:33,948 INFO  L185        PluginConnector]: Executing the observer EnsureBoogieModelObserver from plugin Boogie Preprocessor for "ChenFlurMukhopadhyay-SAS2012-Ex2.11.bpl de.uni_freiburg.informatik.ultimate.boogie.parser AST 17.06 06:50:33" (1/1) ...
[2020-06-17 18:50:33,949 INFO  L185        PluginConnector]: Executing the observer TypeChecker from plugin Boogie Preprocessor for "ChenFlurMukhopadhyay-SAS2012-Ex2.11.bpl de.uni_freiburg.informatik.ultimate.boogie.parser AST 17.06 06:50:33" (1/1) ...
[2020-06-17 18:50:33,953 INFO  L185        PluginConnector]: Executing the observer ConstExpander from plugin Boogie Preprocessor for "ChenFlurMukhopadhyay-SAS2012-Ex2.11.bpl de.uni_freiburg.informatik.ultimate.boogie.parser AST 17.06 06:50:33" (1/1) ...
[2020-06-17 18:50:33,953 INFO  L185        PluginConnector]: Executing the observer StructExpander from plugin Boogie Preprocessor for "ChenFlurMukhopadhyay-SAS2012-Ex2.11.bpl de.uni_freiburg.informatik.ultimate.boogie.parser AST 17.06 06:50:33" (1/1) ...
[2020-06-17 18:50:33,955 INFO  L185        PluginConnector]: Executing the observer UnstructureCode from plugin Boogie Preprocessor for "ChenFlurMukhopadhyay-SAS2012-Ex2.11.bpl de.uni_freiburg.informatik.ultimate.boogie.parser AST 17.06 06:50:33" (1/1) ...
[2020-06-17 18:50:33,958 INFO  L185        PluginConnector]: Executing the observer FunctionInliner from plugin Boogie Preprocessor for "ChenFlurMukhopadhyay-SAS2012-Ex2.11.bpl de.uni_freiburg.informatik.ultimate.boogie.parser AST 17.06 06:50:33" (1/1) ...
[2020-06-17 18:50:33,959 INFO  L185        PluginConnector]: Executing the observer BoogieSymbolTableConstructor from plugin Boogie Preprocessor for "ChenFlurMukhopadhyay-SAS2012-Ex2.11.bpl de.uni_freiburg.informatik.ultimate.boogie.parser AST 17.06 06:50:33" (1/1) ...
[2020-06-17 18:50:33,960 INFO  L132        PluginConnector]: ------------------------ END Boogie Preprocessor----------------------------
[2020-06-17 18:50:33,960 INFO  L113        PluginConnector]: ------------------------RCFGBuilder----------------------------
[2020-06-17 18:50:33,960 INFO  L271        PluginConnector]: Initializing RCFGBuilder...
[2020-06-17 18:50:33,961 INFO  L276        PluginConnector]: RCFGBuilder initialized
[2020-06-17 18:50:33,961 INFO  L185        PluginConnector]: Executing the observer RCFGBuilderObserver from plugin RCFGBuilder for "ChenFlurMukhopadhyay-SAS2012-Ex2.11.bpl de.uni_freiburg.informatik.ultimate.boogie.parser AST 17.06 06:50:33" (1/1) ...
No working directory specified, using /home/lixie/LassoRankerExp/LassoRankerExp/z3
Starting monitored process 1 with z3 SMTLIB2_COMPLIANT=true -memory:1024 -smt2 -in -t:12000 (exit command is (exit), workingDir is null)
Waiting until toolchain timeout for monitored process 1 with z3 SMTLIB2_COMPLIANT=true -memory:1024 -smt2 -in -t:12000
[2020-06-17 18:50:33,998 INFO  L124     BoogieDeclarations]: Specification and implementation of procedure main given in one single declaration
[2020-06-17 18:50:33,998 INFO  L130     BoogieDeclarations]: Found specification of procedure main
[2020-06-17 18:50:33,998 INFO  L138     BoogieDeclarations]: Found implementation of procedure main
[2020-06-17 18:50:34,065 INFO  L278             CfgBuilder]: Using library mode
[2020-06-17 18:50:34,065 INFO  L286             CfgBuilder]: Removed 0 assue(true) statements.
[2020-06-17 18:50:34,066 INFO  L202        PluginConnector]: Adding new model ChenFlurMukhopadhyay-SAS2012-Ex2.11.bpl de.uni_freiburg.informatik.ultimate.plugins.generator.rcfgbuilder CFG 17.06 06:50:34 BoogieIcfgContainer
[2020-06-17 18:50:34,066 INFO  L132        PluginConnector]: ------------------------ END RCFGBuilder----------------------------
[2020-06-17 18:50:34,066 INFO  L113        PluginConnector]: ------------------------LassoRanker----------------------------
[2020-06-17 18:50:34,066 INFO  L271        PluginConnector]: Initializing LassoRanker...
[2020-06-17 18:50:34,066 INFO  L276        PluginConnector]: LassoRanker initialized
[2020-06-17 18:50:34,067 INFO  L185        PluginConnector]: Executing the observer LassoRankerObserver from plugin LassoRanker for "ChenFlurMukhopadhyay-SAS2012-Ex2.11.bpl de.uni_freiburg.informatik.ultimate.plugins.generator.rcfgbuilder CFG 17.06 06:50:34" (1/1) ...
[2020-06-17 18:50:34,084 INFO  L72            BuchiIsEmpty]: Start buchiIsEmpty. Operand 2 states.
[2020-06-17 18:50:34,097 INFO  L131   ngComponentsAnalysis]: Automaton has 1 accepting balls. 1
[2020-06-17 18:50:34,097 INFO  L87            BuchiIsEmpty]: Finished buchiIsEmpty Result is false
[2020-06-17 18:50:34,097 INFO  L119           BuchiIsEmpty]: Starting construction of run
[2020-06-17 18:50:34,102 INFO  L104     BuchiDifferenceFKV]: Start buchiDifferenceFKV. First operand 2 states. Second operand 1 states.
[2020-06-17 18:50:34,109 INFO  L108     BuchiDifferenceFKV]: Finished buchiDifferenceFKV. First operand 2 states. Second operand 1 states. Result 3 states and 4 transitions. Complement of second has 2 states 2 powerset states0 rank states. The highest rank that occured is -1
[2020-06-17 18:50:34,109 INFO  L72            BuchiIsEmpty]: Start buchiIsEmpty. Operand 3 states and 4 transitions.
[2020-06-17 18:50:34,110 INFO  L131   ngComponentsAnalysis]: Automaton has 0 accepting balls. 0
[2020-06-17 18:50:34,110 INFO  L87            BuchiIsEmpty]: Finished buchiIsEmpty Result is true
[2020-06-17 18:50:34,139 INFO  L216          LassoAnalysis]: Preferences:
[2020-06-17 18:50:34,139 INFO  L124   ssoRankerPreferences]: Compute integeral hull: false
[2020-06-17 18:50:34,140 INFO  L125   ssoRankerPreferences]: Enable LassoPartitioneer: true
[2020-06-17 18:50:34,140 INFO  L126   ssoRankerPreferences]: Term annotations enabled: false
[2020-06-17 18:50:34,140 INFO  L127   ssoRankerPreferences]: Use exernal solver: true
[2020-06-17 18:50:34,140 INFO  L128   ssoRankerPreferences]: SMT solver command: z3 -smt2 -in SMTLIB2_COMPLIANT=true
[2020-06-17 18:50:34,140 INFO  L129   ssoRankerPreferences]: Dump SMT script to file: false
[2020-06-17 18:50:34,140 INFO  L130   ssoRankerPreferences]: Path of dumped script: .
[2020-06-17 18:50:34,140 INFO  L131   ssoRankerPreferences]: Filename of dumped script: LassoRankerScript
[2020-06-17 18:50:34,140 INFO  L132   ssoRankerPreferences]: MapElimAlgo: Frank
[2020-06-17 18:50:34,140 INFO  L282          LassoAnalysis]: Starting lasso preprocessing...
[2020-06-17 18:50:34,154 INFO  L141          MapEliminator]: Using MapEliminator with SimplificationTechnique=SIMPLIFY_DDA XnfConversionTechnique=BOTTOM_UP_WITH_LOCAL_SIMPLIFICATION AddInequalities=false OnlyTrivialImplicationsArrayWrite=false OnlyTrivialImplicationsForModifiedArguments=true OnlyArgumentsInFormula=true
[2020-06-17 18:50:34,212 INFO  L300          LassoAnalysis]: Preprocessing complete.
[2020-06-17 18:50:34,213 INFO  L412          LassoAnalysis]: Checking for nontermination...
No working directory specified, using /home/lixie/LassoRankerExp/LassoRankerExp/z3
Starting monitored process 2 with z3 -smt2 -in SMTLIB2_COMPLIANT=true (exit command is (exit), workingDir is null)
Waiting until toolchain timeout for monitored process 2 with z3 -smt2 -in SMTLIB2_COMPLIANT=true
[2020-06-17 18:50:34,217 INFO  L151   nArgumentSynthesizer]: Nontermination analysis: LINEAR_WITH_GUESSES Allow bounded executions: true Number of generalized eigenvectors: 0 Nilpotent components: true
[2020-06-17 18:50:34,217 INFO  L163   nArgumentSynthesizer]: Using integer mode.
No working directory specified, using /home/lixie/LassoRankerExp/LassoRankerExp/z3
Starting monitored process 3 with z3 -smt2 -in SMTLIB2_COMPLIANT=true (exit command is (exit), workingDir is null)
Waiting until toolchain timeout for monitored process 3 with z3 -smt2 -in SMTLIB2_COMPLIANT=true
[2020-06-17 18:50:34,237 INFO  L151   nArgumentSynthesizer]: Nontermination analysis: LINEAR_WITH_GUESSES Allow bounded executions: true Number of generalized eigenvectors: 3 Nilpotent components: true
[2020-06-17 18:50:34,237 INFO  L163   nArgumentSynthesizer]: Using integer mode.
[2020-06-17 18:50:34,263 INFO  L452          LassoAnalysis]: Proving nontermination failed: No geometric nontermination argument exists.
[2020-06-17 18:50:34,264 INFO  L216          LassoAnalysis]: Preferences:
[2020-06-17 18:50:34,264 INFO  L124   ssoRankerPreferences]: Compute integeral hull: false
[2020-06-17 18:50:34,264 INFO  L125   ssoRankerPreferences]: Enable LassoPartitioneer: true
[2020-06-17 18:50:34,265 INFO  L126   ssoRankerPreferences]: Term annotations enabled: false
[2020-06-17 18:50:34,265 INFO  L127   ssoRankerPreferences]: Use exernal solver: true
[2020-06-17 18:50:34,265 INFO  L128   ssoRankerPreferences]: SMT solver command: z3 -smt2 -in SMTLIB2_COMPLIANT=true
[2020-06-17 18:50:34,265 INFO  L129   ssoRankerPreferences]: Dump SMT script to file: false
[2020-06-17 18:50:34,265 INFO  L130   ssoRankerPreferences]: Path of dumped script: .
[2020-06-17 18:50:34,265 INFO  L131   ssoRankerPreferences]: Filename of dumped script: LassoRankerScript
[2020-06-17 18:50:34,265 INFO  L132   ssoRankerPreferences]: MapElimAlgo: Frank
[2020-06-17 18:50:34,265 INFO  L282          LassoAnalysis]: Starting lasso preprocessing...
[2020-06-17 18:50:34,266 INFO  L141          MapEliminator]: Using MapEliminator with SimplificationTechnique=SIMPLIFY_DDA XnfConversionTechnique=BOTTOM_UP_WITH_LOCAL_SIMPLIFICATION AddInequalities=false OnlyTrivialImplicationsArrayWrite=false OnlyTrivialImplicationsForModifiedArguments=true OnlyArgumentsInFormula=true
[2020-06-17 18:50:34,307 INFO  L300          LassoAnalysis]: Preprocessing complete.
[2020-06-17 18:50:34,312 INFO  L497          LassoAnalysis]: Using template 'affine'.
No working directory specified, using /home/lixie/LassoRankerExp/LassoRankerExp/z3
Starting monitored process 4 with z3 -smt2 -in SMTLIB2_COMPLIANT=true (exit command is (exit), workingDir is null)
Waiting until toolchain timeout for monitored process 4 with z3 -smt2 -in SMTLIB2_COMPLIANT=true
[2020-06-17 18:50:34,314 INFO  L122   nArgumentSynthesizer]: Termination Analysis Settings:
Termination analysis: LINEAR_WITH_GUESSES
Number of strict supporting invariants: 1
Number of non-strict supporting invariants: 0
Consider only non-deceasing supporting invariants: true
Simplify termination arguments: true
Simplify supporting invariants: trueOverapproximate stem: false
[2020-06-17 18:50:34,316 INFO  L339   nArgumentSynthesizer]: Template has degree 0.
[2020-06-17 18:50:34,316 INFO  L352   nArgumentSynthesizer]: There is no stem transition; disabling supporting invariant generation.
[2020-06-17 18:50:34,316 INFO  L205   nArgumentSynthesizer]: 1 stem disjuncts
[2020-06-17 18:50:34,317 INFO  L206   nArgumentSynthesizer]: 1 loop disjuncts
[2020-06-17 18:50:34,317 INFO  L207   nArgumentSynthesizer]: 2 template conjuncts.
[2020-06-17 18:50:34,319 INFO  L402   nArgumentSynthesizer]: We have 2 Motzkin's Theorem applications.
[2020-06-17 18:50:34,319 INFO  L403   nArgumentSynthesizer]: A total of 0 supporting invariants were added.
[2020-06-17 18:50:34,321 INFO  L530          LassoAnalysis]: Proving termination failed for this template and these settings.
[2020-06-17 18:50:34,333 INFO  L497          LassoAnalysis]: Using template '2-nested'.
No working directory specified, using /home/lixie/LassoRankerExp/LassoRankerExp/z3
Starting monitored process 5 with z3 -smt2 -in SMTLIB2_COMPLIANT=true (exit command is (exit), workingDir is null)
Waiting until toolchain timeout for monitored process 5 with z3 -smt2 -in SMTLIB2_COMPLIANT=true
[2020-06-17 18:50:34,335 INFO  L122   nArgumentSynthesizer]: Termination Analysis Settings:
Termination analysis: LINEAR_WITH_GUESSES
Number of strict supporting invariants: 1
Number of non-strict supporting invariants: 0
Consider only non-deceasing supporting invariants: true
Simplify termination arguments: true
Simplify supporting invariants: trueOverapproximate stem: false
[2020-06-17 18:50:34,336 INFO  L339   nArgumentSynthesizer]: Template has degree 0.
[2020-06-17 18:50:34,337 INFO  L352   nArgumentSynthesizer]: There is no stem transition; disabling supporting invariant generation.
[2020-06-17 18:50:34,337 INFO  L205   nArgumentSynthesizer]: 1 stem disjuncts
[2020-06-17 18:50:34,337 INFO  L206   nArgumentSynthesizer]: 1 loop disjuncts
[2020-06-17 18:50:34,337 INFO  L207   nArgumentSynthesizer]: 3 template conjuncts.
[2020-06-17 18:50:34,339 INFO  L402   nArgumentSynthesizer]: We have 3 Motzkin's Theorem applications.
[2020-06-17 18:50:34,339 INFO  L403   nArgumentSynthesizer]: A total of 0 supporting invariants were added.
[2020-06-17 18:50:34,342 INFO  L530          LassoAnalysis]: Proving termination failed for this template and these settings.
[2020-06-17 18:50:34,355 INFO  L497          LassoAnalysis]: Using template '3-nested'.
No working directory specified, using /home/lixie/LassoRankerExp/LassoRankerExp/z3
Starting monitored process 6 with z3 -smt2 -in SMTLIB2_COMPLIANT=true (exit command is (exit), workingDir is null)
Waiting until toolchain timeout for monitored process 6 with z3 -smt2 -in SMTLIB2_COMPLIANT=true
[2020-06-17 18:50:34,357 INFO  L122   nArgumentSynthesizer]: Termination Analysis Settings:
Termination analysis: LINEAR_WITH_GUESSES
Number of strict supporting invariants: 1
Number of non-strict supporting invariants: 0
Consider only non-deceasing supporting invariants: true
Simplify termination arguments: true
Simplify supporting invariants: trueOverapproximate stem: false
[2020-06-17 18:50:34,358 INFO  L339   nArgumentSynthesizer]: Template has degree 0.
[2020-06-17 18:50:34,358 INFO  L352   nArgumentSynthesizer]: There is no stem transition; disabling supporting invariant generation.
[2020-06-17 18:50:34,358 INFO  L205   nArgumentSynthesizer]: 1 stem disjuncts
[2020-06-17 18:50:34,358 INFO  L206   nArgumentSynthesizer]: 1 loop disjuncts
[2020-06-17 18:50:34,358 INFO  L207   nArgumentSynthesizer]: 4 template conjuncts.
[2020-06-17 18:50:34,361 INFO  L402   nArgumentSynthesizer]: We have 4 Motzkin's Theorem applications.
[2020-06-17 18:50:34,361 INFO  L403   nArgumentSynthesizer]: A total of 0 supporting invariants were added.
[2020-06-17 18:50:34,365 INFO  L530          LassoAnalysis]: Proving termination failed for this template and these settings.
[2020-06-17 18:50:34,377 INFO  L497          LassoAnalysis]: Using template '4-nested'.
No working directory specified, using /home/lixie/LassoRankerExp/LassoRankerExp/z3
Starting monitored process 7 with z3 -smt2 -in SMTLIB2_COMPLIANT=true (exit command is (exit), workingDir is null)
Waiting until toolchain timeout for monitored process 7 with z3 -smt2 -in SMTLIB2_COMPLIANT=true
[2020-06-17 18:50:34,378 INFO  L122   nArgumentSynthesizer]: Termination Analysis Settings:
Termination analysis: LINEAR_WITH_GUESSES
Number of strict supporting invariants: 1
Number of non-strict supporting invariants: 0
Consider only non-deceasing supporting invariants: true
Simplify termination arguments: true
Simplify supporting invariants: trueOverapproximate stem: false
[2020-06-17 18:50:34,380 INFO  L339   nArgumentSynthesizer]: Template has degree 0.
[2020-06-17 18:50:34,380 INFO  L352   nArgumentSynthesizer]: There is no stem transition; disabling supporting invariant generation.
[2020-06-17 18:50:34,381 INFO  L205   nArgumentSynthesizer]: 1 stem disjuncts
[2020-06-17 18:50:34,381 INFO  L206   nArgumentSynthesizer]: 1 loop disjuncts
[2020-06-17 18:50:34,381 INFO  L207   nArgumentSynthesizer]: 5 template conjuncts.
[2020-06-17 18:50:34,384 INFO  L402   nArgumentSynthesizer]: We have 5 Motzkin's Theorem applications.
[2020-06-17 18:50:34,384 INFO  L403   nArgumentSynthesizer]: A total of 0 supporting invariants were added.
[2020-06-17 18:50:34,387 INFO  L530          LassoAnalysis]: Proving termination failed for this template and these settings.
[2020-06-17 18:50:34,399 INFO  L497          LassoAnalysis]: Using template '2-phase'.
No working directory specified, using /home/lixie/LassoRankerExp/LassoRankerExp/z3
Starting monitored process 8 with z3 -smt2 -in SMTLIB2_COMPLIANT=true (exit command is (exit), workingDir is null)
Waiting until toolchain timeout for monitored process 8 with z3 -smt2 -in SMTLIB2_COMPLIANT=true
[2020-06-17 18:50:34,401 INFO  L122   nArgumentSynthesizer]: Termination Analysis Settings:
Termination analysis: LINEAR_WITH_GUESSES
Number of strict supporting invariants: 1
Number of non-strict supporting invariants: 0
Consider only non-deceasing supporting invariants: true
Simplify termination arguments: true
Simplify supporting invariants: trueOverapproximate stem: false
[2020-06-17 18:50:34,402 WARN  L334   nArgumentSynthesizer]: Using a linear SMT query and a templates of degree > 0, hence this method is incomplete.
[2020-06-17 18:50:34,402 INFO  L339   nArgumentSynthesizer]: Template has degree 1.
[2020-06-17 18:50:34,402 INFO  L352   nArgumentSynthesizer]: There is no stem transition; disabling supporting invariant generation.
[2020-06-17 18:50:34,403 INFO  L205   nArgumentSynthesizer]: 1 stem disjuncts
[2020-06-17 18:50:34,403 INFO  L206   nArgumentSynthesizer]: 1 loop disjuncts
[2020-06-17 18:50:34,403 INFO  L207   nArgumentSynthesizer]: 3 template conjuncts.
[2020-06-17 18:50:34,406 INFO  L402   nArgumentSynthesizer]: We have 3 Motzkin's Theorem applications.
[2020-06-17 18:50:34,406 INFO  L403   nArgumentSynthesizer]: A total of 0 supporting invariants were added.
[2020-06-17 18:50:34,533 INFO  L530          LassoAnalysis]: Proving termination failed for this template and these settings.
[2020-06-17 18:50:34,545 INFO  L497          LassoAnalysis]: Using template 'lex(affine, affine)'.
No working directory specified, using /home/lixie/LassoRankerExp/LassoRankerExp/z3
Starting monitored process 9 with z3 -smt2 -in SMTLIB2_COMPLIANT=true (exit command is (exit), workingDir is null)
Waiting until toolchain timeout for monitored process 9 with z3 -smt2 -in SMTLIB2_COMPLIANT=true
[2020-06-17 18:50:34,547 INFO  L122   nArgumentSynthesizer]: Termination Analysis Settings:
Termination analysis: LINEAR_WITH_GUESSES
Number of strict supporting invariants: 1
Number of non-strict supporting invariants: 0
Consider only non-deceasing supporting invariants: true
Simplify termination arguments: true
Simplify supporting invariants: trueOverapproximate stem: false
[2020-06-17 18:50:34,549 WARN  L334   nArgumentSynthesizer]: Using a linear SMT query and a templates of degree > 0, hence this method is incomplete.
[2020-06-17 18:50:34,549 INFO  L339   nArgumentSynthesizer]: Template has degree 5.
[2020-06-17 18:50:34,549 INFO  L352   nArgumentSynthesizer]: There is no stem transition; disabling supporting invariant generation.
[2020-06-17 18:50:34,549 INFO  L205   nArgumentSynthesizer]: 1 stem disjuncts
[2020-06-17 18:50:34,550 INFO  L206   nArgumentSynthesizer]: 1 loop disjuncts
[2020-06-17 18:50:34,550 INFO  L207   nArgumentSynthesizer]: 4 template conjuncts.
[2020-06-17 18:50:34,554 INFO  L402   nArgumentSynthesizer]: We have 4 Motzkin's Theorem applications.
[2020-06-17 18:50:34,554 INFO  L403   nArgumentSynthesizer]: A total of 0 supporting invariants were added.
[2020-06-17 18:50:34,580 INFO  L530          LassoAnalysis]: Proving termination failed for this template and these settings.
[2020-06-17 18:50:34,593 INFO  L497          LassoAnalysis]: Using template '2-piece'.
No working directory specified, using /home/lixie/LassoRankerExp/LassoRankerExp/z3
Starting monitored process 10 with z3 -smt2 -in SMTLIB2_COMPLIANT=true (exit command is (exit), workingDir is null)
Waiting until toolchain timeout for monitored process 10 with z3 -smt2 -in SMTLIB2_COMPLIANT=true
[2020-06-17 18:50:34,595 INFO  L122   nArgumentSynthesizer]: Termination Analysis Settings:
Termination analysis: LINEAR_WITH_GUESSES
Number of strict supporting invariants: 1
Number of non-strict supporting invariants: 0
Consider only non-deceasing supporting invariants: true
Simplify termination arguments: true
Simplify supporting invariants: trueOverapproximate stem: false
[2020-06-17 18:50:34,597 WARN  L334   nArgumentSynthesizer]: Using a linear SMT query and a templates of degree > 0, hence this method is incomplete.
[2020-06-17 18:50:34,597 INFO  L339   nArgumentSynthesizer]: Template has degree 7.
[2020-06-17 18:50:34,597 INFO  L352   nArgumentSynthesizer]: There is no stem transition; disabling supporting invariant generation.
[2020-06-17 18:50:34,598 INFO  L205   nArgumentSynthesizer]: 1 stem disjuncts
[2020-06-17 18:50:34,598 INFO  L206   nArgumentSynthesizer]: 1 loop disjuncts
[2020-06-17 18:50:34,598 INFO  L207   nArgumentSynthesizer]: 7 template conjuncts.
[2020-06-17 18:50:34,615 INFO  L402   nArgumentSynthesizer]: We have 7 Motzkin's Theorem applications.
[2020-06-17 18:50:34,615 INFO  L403   nArgumentSynthesizer]: A total of 0 supporting invariants were added.
[2020-06-17 18:54:03,504 INFO  L530          LassoAnalysis]: Proving termination failed for this template and these settings.
[2020-06-17 18:54:03,517 INFO  L497          LassoAnalysis]: Using template '2-parallel'.
No working directory specified, using /home/lixie/LassoRankerExp/LassoRankerExp/z3
Starting monitored process 11 with z3 -smt2 -in SMTLIB2_COMPLIANT=true (exit command is (exit), workingDir is null)
Waiting until toolchain timeout for monitored process 11 with z3 -smt2 -in SMTLIB2_COMPLIANT=true
[2020-06-17 18:54:03,519 INFO  L122   nArgumentSynthesizer]: Termination Analysis Settings:
Termination analysis: LINEAR_WITH_GUESSES
Number of strict supporting invariants: 1
Number of non-strict supporting invariants: 0
Consider only non-deceasing supporting invariants: true
Simplify termination arguments: true
Simplify supporting invariants: trueOverapproximate stem: false
[2020-06-17 18:54:03,521 WARN  L334   nArgumentSynthesizer]: Using a linear SMT query and a templates of degree > 0, hence this method is incomplete.
[2020-06-17 18:54:03,521 INFO  L339   nArgumentSynthesizer]: Template has degree 4.
[2020-06-17 18:54:03,521 INFO  L352   nArgumentSynthesizer]: There is no stem transition; disabling supporting invariant generation.
[2020-06-17 18:54:03,521 INFO  L205   nArgumentSynthesizer]: 1 stem disjuncts
[2020-06-17 18:54:03,521 INFO  L206   nArgumentSynthesizer]: 1 loop disjuncts
[2020-06-17 18:54:03,521 INFO  L207   nArgumentSynthesizer]: 6 template conjuncts.
[2020-06-17 18:54:03,526 INFO  L402   nArgumentSynthesizer]: We have 6 Motzkin's Theorem applications.
[2020-06-17 18:54:03,526 INFO  L403   nArgumentSynthesizer]: A total of 0 supporting invariants were added.
[2020-06-17 18:54:03,630 INFO  L530          LassoAnalysis]: Proving termination failed for this template and these settings.
[2020-06-17 18:54:03,643 INFO  L489     LassoRankerStarter]: LassoRanker could not prove termination or nontermination of the given linear lasso program.
Templates: AffineTemplate NestedTemplate NestedTemplate NestedTemplate MultiphaseTemplate ComposedLexicographicTemplate PiecewiseTemplate ParallelTemplate
[2020-06-17 18:54:03,644 INFO  L132        PluginConnector]: ------------------------ END LassoRanker----------------------------
[2020-06-17 18:54:03,644 INFO  L168              Benchmark]: Toolchain (without parser) took 209725.35 ms. Allocated memory is still 514.9 MB. Free memory was 472.9 MB in the beginning and 380.2 MB in the end (delta: 92.7 MB). Peak memory consumption was 92.7 MB. Max. memory is 11.5 GB.
[2020-06-17 18:54:03,646 INFO  L168              Benchmark]: Boogie PL CUP Parser took 0.14 ms. Allocated memory is still 514.9 MB. Free memory is still 474.4 MB. There was no memory consumed. Max. memory is 11.5 GB.
[2020-06-17 18:54:03,646 INFO  L168              Benchmark]: Boogie Preprocessor took 32.48 ms. Allocated memory is still 514.9 MB. Free memory was 471.5 MB in the beginning and 470.2 MB in the end (delta: 1.3 MB). Peak memory consumption was 1.3 MB. Max. memory is 11.5 GB.
[2020-06-17 18:54:03,647 INFO  L168              Benchmark]: RCFGBuilder took 105.51 ms. Allocated memory is still 514.9 MB. Free memory was 470.2 MB in the beginning and 460.7 MB in the end (delta: 9.4 MB). Peak memory consumption was 9.4 MB. Max. memory is 11.5 GB.
[2020-06-17 18:54:03,647 INFO  L168              Benchmark]: LassoRanker took 209577.73 ms. Allocated memory is still 514.9 MB. Free memory was 460.7 MB in the beginning and 380.2 MB in the end (delta: 80.5 MB). Peak memory consumption was 80.5 MB. Max. memory is 11.5 GB.
[2020-06-17 18:54:03,650 INFO  L336   ainManager$Toolchain]: #######################  End [Toolchain 1] #######################
 --- Results ---
 * Results from de.uni_freiburg.informatik.ultimate.core:
  - StatisticsResult: Toolchain Benchmarks
    Benchmark results are:
 * Boogie PL CUP Parser took 0.14 ms. Allocated memory is still 514.9 MB. Free memory is still 474.4 MB. There was no memory consumed. Max. memory is 11.5 GB.
 * Boogie Preprocessor took 32.48 ms. Allocated memory is still 514.9 MB. Free memory was 471.5 MB in the beginning and 470.2 MB in the end (delta: 1.3 MB). Peak memory consumption was 1.3 MB. Max. memory is 11.5 GB.
 * RCFGBuilder took 105.51 ms. Allocated memory is still 514.9 MB. Free memory was 470.2 MB in the beginning and 460.7 MB in the end (delta: 9.4 MB). Peak memory consumption was 9.4 MB. Max. memory is 11.5 GB.
 * LassoRanker took 209577.73 ms. Allocated memory is still 514.9 MB. Free memory was 460.7 MB in the beginning and 380.2 MB in the end (delta: 80.5 MB). Peak memory consumption was 80.5 MB. Max. memory is 11.5 GB.
 * Results from de.uni_freiburg.informatik.ultimate.plugins.analysis.lassoranker:
  - NoResult [Line: 1]: LassoRanker could not prove termination
    LassoRanker could not prove termination or nontermination of the given linear lasso program.
Templates: AffineTemplate NestedTemplate NestedTemplate NestedTemplate MultiphaseTemplate ComposedLexicographicTemplate PiecewiseTemplate ParallelTemplate
RESULT: Ultimate could not prove your program: Toolchain returned no result.
Received shutdown request...
Ultimate:
GTK+ Version Check
