This is Ultimate 0.1.24-16d85fa
[2020-06-17 18:54:32,514 INFO  L170        SettingsManager]: Resetting all preferences to default values...
[2020-06-17 18:54:32,515 INFO  L174        SettingsManager]: Resetting UltimateCore preferences to default values
[2020-06-17 18:54:32,525 INFO  L177        SettingsManager]: Ultimate Commandline Interface provides no preferences, ignoring...
[2020-06-17 18:54:32,525 INFO  L174        SettingsManager]: Resetting Boogie Preprocessor preferences to default values
[2020-06-17 18:54:32,525 INFO  L174        SettingsManager]: Resetting Boogie Procedure Inliner preferences to default values
[2020-06-17 18:54:32,526 INFO  L174        SettingsManager]: Resetting Abstract Interpretation preferences to default values
[2020-06-17 18:54:32,527 INFO  L174        SettingsManager]: Resetting LassoRanker preferences to default values
[2020-06-17 18:54:32,528 INFO  L174        SettingsManager]: Resetting Reaching Definitions preferences to default values
[2020-06-17 18:54:32,529 INFO  L174        SettingsManager]: Resetting SyntaxChecker preferences to default values
[2020-06-17 18:54:32,529 INFO  L177        SettingsManager]: Büchi Program Product provides no preferences, ignoring...
[2020-06-17 18:54:32,529 INFO  L174        SettingsManager]: Resetting LTL2Aut preferences to default values
[2020-06-17 18:54:32,530 INFO  L174        SettingsManager]: Resetting PEA to Boogie preferences to default values
[2020-06-17 18:54:32,530 INFO  L174        SettingsManager]: Resetting BlockEncodingV2 preferences to default values
[2020-06-17 18:54:32,531 INFO  L174        SettingsManager]: Resetting ChcToBoogie preferences to default values
[2020-06-17 18:54:32,531 INFO  L174        SettingsManager]: Resetting AutomataScriptInterpreter preferences to default values
[2020-06-17 18:54:32,532 INFO  L174        SettingsManager]: Resetting BuchiAutomizer preferences to default values
[2020-06-17 18:54:32,533 INFO  L174        SettingsManager]: Resetting CACSL2BoogieTranslator preferences to default values
[2020-06-17 18:54:32,534 INFO  L174        SettingsManager]: Resetting CodeCheck preferences to default values
[2020-06-17 18:54:32,535 INFO  L174        SettingsManager]: Resetting InvariantSynthesis preferences to default values
[2020-06-17 18:54:32,536 INFO  L174        SettingsManager]: Resetting RCFGBuilder preferences to default values
[2020-06-17 18:54:32,537 INFO  L174        SettingsManager]: Resetting TraceAbstraction preferences to default values
[2020-06-17 18:54:32,538 INFO  L177        SettingsManager]: TraceAbstractionConcurrent provides no preferences, ignoring...
[2020-06-17 18:54:32,538 INFO  L177        SettingsManager]: TraceAbstractionWithAFAs provides no preferences, ignoring...
[2020-06-17 18:54:32,539 INFO  L174        SettingsManager]: Resetting TreeAutomizer preferences to default values
[2020-06-17 18:54:32,539 INFO  L174        SettingsManager]: Resetting IcfgTransformer preferences to default values
[2020-06-17 18:54:32,540 INFO  L174        SettingsManager]: Resetting Boogie Printer preferences to default values
[2020-06-17 18:54:32,540 INFO  L174        SettingsManager]: Resetting ReqPrinter preferences to default values
[2020-06-17 18:54:32,541 INFO  L174        SettingsManager]: Resetting Witness Printer preferences to default values
[2020-06-17 18:54:32,541 INFO  L177        SettingsManager]: Boogie PL CUP Parser provides no preferences, ignoring...
[2020-06-17 18:54:32,541 INFO  L174        SettingsManager]: Resetting CDTParser preferences to default values
[2020-06-17 18:54:32,542 INFO  L177        SettingsManager]: AutomataScriptParser provides no preferences, ignoring...
[2020-06-17 18:54:32,542 INFO  L177        SettingsManager]: ReqParser provides no preferences, ignoring...
[2020-06-17 18:54:32,542 INFO  L174        SettingsManager]: Resetting SmtParser preferences to default values
[2020-06-17 18:54:32,543 INFO  L174        SettingsManager]: Resetting Witness Parser preferences to default values
[2020-06-17 18:54:32,543 INFO  L181        SettingsManager]: Finished resetting all preferences to default values...
[2020-06-17 18:54:32,558 INFO  L81    nceAwareModelManager]: Repository-Root is: /tmp
[2020-06-17 18:54:32,568 INFO  L258   ainManager$Toolchain]: [Toolchain 1]: Applicable parser(s) successfully (re)initialized
[2020-06-17 18:54:32,571 INFO  L214   ainManager$Toolchain]: [Toolchain 1]: Toolchain selected.
[2020-06-17 18:54:32,572 INFO  L271        PluginConnector]: Initializing Boogie PL CUP Parser...
[2020-06-17 18:54:32,573 INFO  L276        PluginConnector]: Boogie PL CUP Parser initialized
[2020-06-17 18:54:32,573 INFO  L418   ainManager$Toolchain]: [Toolchain 1]: Parsing single file: /home/lixie/LassoRankerExp/LassoRankerExp/./C_Boogie/CookSeeZuleger-TACAS2013-Fig8a.bpl
[2020-06-17 18:54:32,573 INFO  L111           BoogieParser]: Parsing: '/home/lixie/LassoRankerExp/LassoRankerExp/./C_Boogie/CookSeeZuleger-TACAS2013-Fig8a.bpl'
[2020-06-17 18:54:32,597 INFO  L296   ainManager$Toolchain]: ####################### [Toolchain 1] #######################
[2020-06-17 18:54:32,605 INFO  L131        ToolchainWalker]: Walking toolchain with 3 elements.
[2020-06-17 18:54:32,606 INFO  L113        PluginConnector]: ------------------------Boogie Preprocessor----------------------------
[2020-06-17 18:54:32,606 INFO  L271        PluginConnector]: Initializing Boogie Preprocessor...
[2020-06-17 18:54:32,606 INFO  L276        PluginConnector]: Boogie Preprocessor initialized
[2020-06-17 18:54:32,623 INFO  L185        PluginConnector]: Executing the observer EnsureBoogieModelObserver from plugin Boogie Preprocessor for "CookSeeZuleger-TACAS2013-Fig8a.bpl de.uni_freiburg.informatik.ultimate.boogie.parser AST 17.06 06:54:32" (1/1) ...
[2020-06-17 18:54:32,625 INFO  L185        PluginConnector]: Executing the observer TypeChecker from plugin Boogie Preprocessor for "CookSeeZuleger-TACAS2013-Fig8a.bpl de.uni_freiburg.informatik.ultimate.boogie.parser AST 17.06 06:54:32" (1/1) ...
[2020-06-17 18:54:32,629 INFO  L185        PluginConnector]: Executing the observer ConstExpander from plugin Boogie Preprocessor for "CookSeeZuleger-TACAS2013-Fig8a.bpl de.uni_freiburg.informatik.ultimate.boogie.parser AST 17.06 06:54:32" (1/1) ...
[2020-06-17 18:54:32,630 INFO  L185        PluginConnector]: Executing the observer StructExpander from plugin Boogie Preprocessor for "CookSeeZuleger-TACAS2013-Fig8a.bpl de.uni_freiburg.informatik.ultimate.boogie.parser AST 17.06 06:54:32" (1/1) ...
[2020-06-17 18:54:32,631 INFO  L185        PluginConnector]: Executing the observer UnstructureCode from plugin Boogie Preprocessor for "CookSeeZuleger-TACAS2013-Fig8a.bpl de.uni_freiburg.informatik.ultimate.boogie.parser AST 17.06 06:54:32" (1/1) ...
[2020-06-17 18:54:32,633 INFO  L185        PluginConnector]: Executing the observer FunctionInliner from plugin Boogie Preprocessor for "CookSeeZuleger-TACAS2013-Fig8a.bpl de.uni_freiburg.informatik.ultimate.boogie.parser AST 17.06 06:54:32" (1/1) ...
[2020-06-17 18:54:32,634 INFO  L185        PluginConnector]: Executing the observer BoogieSymbolTableConstructor from plugin Boogie Preprocessor for "CookSeeZuleger-TACAS2013-Fig8a.bpl de.uni_freiburg.informatik.ultimate.boogie.parser AST 17.06 06:54:32" (1/1) ...
[2020-06-17 18:54:32,634 INFO  L132        PluginConnector]: ------------------------ END Boogie Preprocessor----------------------------
[2020-06-17 18:54:32,635 INFO  L113        PluginConnector]: ------------------------RCFGBuilder----------------------------
[2020-06-17 18:54:32,635 INFO  L271        PluginConnector]: Initializing RCFGBuilder...
[2020-06-17 18:54:32,635 INFO  L276        PluginConnector]: RCFGBuilder initialized
[2020-06-17 18:54:32,635 INFO  L185        PluginConnector]: Executing the observer RCFGBuilderObserver from plugin RCFGBuilder for "CookSeeZuleger-TACAS2013-Fig8a.bpl de.uni_freiburg.informatik.ultimate.boogie.parser AST 17.06 06:54:32" (1/1) ...
No working directory specified, using /home/lixie/LassoRankerExp/LassoRankerExp/z3
Starting monitored process 1 with z3 SMTLIB2_COMPLIANT=true -memory:1024 -smt2 -in -t:12000 (exit command is (exit), workingDir is null)
Waiting until toolchain timeout for monitored process 1 with z3 SMTLIB2_COMPLIANT=true -memory:1024 -smt2 -in -t:12000
[2020-06-17 18:54:32,670 INFO  L124     BoogieDeclarations]: Specification and implementation of procedure main given in one single declaration
[2020-06-17 18:54:32,670 INFO  L130     BoogieDeclarations]: Found specification of procedure main
[2020-06-17 18:54:32,670 INFO  L138     BoogieDeclarations]: Found implementation of procedure main
[2020-06-17 18:54:32,741 INFO  L278             CfgBuilder]: Using library mode
[2020-06-17 18:54:32,741 INFO  L286             CfgBuilder]: Removed 0 assue(true) statements.
[2020-06-17 18:54:32,742 INFO  L202        PluginConnector]: Adding new model CookSeeZuleger-TACAS2013-Fig8a.bpl de.uni_freiburg.informatik.ultimate.plugins.generator.rcfgbuilder CFG 17.06 06:54:32 BoogieIcfgContainer
[2020-06-17 18:54:32,742 INFO  L132        PluginConnector]: ------------------------ END RCFGBuilder----------------------------
[2020-06-17 18:54:32,742 INFO  L113        PluginConnector]: ------------------------LassoRanker----------------------------
[2020-06-17 18:54:32,742 INFO  L271        PluginConnector]: Initializing LassoRanker...
[2020-06-17 18:54:32,742 INFO  L276        PluginConnector]: LassoRanker initialized
[2020-06-17 18:54:32,743 INFO  L185        PluginConnector]: Executing the observer LassoRankerObserver from plugin LassoRanker for "CookSeeZuleger-TACAS2013-Fig8a.bpl de.uni_freiburg.informatik.ultimate.plugins.generator.rcfgbuilder CFG 17.06 06:54:32" (1/1) ...
[2020-06-17 18:54:32,760 INFO  L72            BuchiIsEmpty]: Start buchiIsEmpty. Operand 2 states.
[2020-06-17 18:54:32,774 INFO  L131   ngComponentsAnalysis]: Automaton has 1 accepting balls. 1
[2020-06-17 18:54:32,774 INFO  L87            BuchiIsEmpty]: Finished buchiIsEmpty Result is false
[2020-06-17 18:54:32,774 INFO  L119           BuchiIsEmpty]: Starting construction of run
[2020-06-17 18:54:32,778 INFO  L104     BuchiDifferenceFKV]: Start buchiDifferenceFKV. First operand 2 states. Second operand 1 states.
[2020-06-17 18:54:32,786 INFO  L108     BuchiDifferenceFKV]: Finished buchiDifferenceFKV. First operand 2 states. Second operand 1 states. Result 3 states and 4 transitions. Complement of second has 2 states 2 powerset states0 rank states. The highest rank that occured is -1
[2020-06-17 18:54:32,786 INFO  L72            BuchiIsEmpty]: Start buchiIsEmpty. Operand 3 states and 4 transitions.
[2020-06-17 18:54:32,786 INFO  L131   ngComponentsAnalysis]: Automaton has 0 accepting balls. 0
[2020-06-17 18:54:32,786 INFO  L87            BuchiIsEmpty]: Finished buchiIsEmpty Result is true
[2020-06-17 18:54:32,822 INFO  L216          LassoAnalysis]: Preferences:
[2020-06-17 18:54:32,823 INFO  L124   ssoRankerPreferences]: Compute integeral hull: false
[2020-06-17 18:54:32,823 INFO  L125   ssoRankerPreferences]: Enable LassoPartitioneer: true
[2020-06-17 18:54:32,824 INFO  L126   ssoRankerPreferences]: Term annotations enabled: false
[2020-06-17 18:54:32,824 INFO  L127   ssoRankerPreferences]: Use exernal solver: true
[2020-06-17 18:54:32,824 INFO  L128   ssoRankerPreferences]: SMT solver command: z3 -smt2 -in SMTLIB2_COMPLIANT=true
[2020-06-17 18:54:32,824 INFO  L129   ssoRankerPreferences]: Dump SMT script to file: false
[2020-06-17 18:54:32,824 INFO  L130   ssoRankerPreferences]: Path of dumped script: .
[2020-06-17 18:54:32,824 INFO  L131   ssoRankerPreferences]: Filename of dumped script: LassoRankerScript
[2020-06-17 18:54:32,824 INFO  L132   ssoRankerPreferences]: MapElimAlgo: Frank
[2020-06-17 18:54:32,824 INFO  L282          LassoAnalysis]: Starting lasso preprocessing...
[2020-06-17 18:54:32,839 INFO  L141          MapEliminator]: Using MapEliminator with SimplificationTechnique=SIMPLIFY_DDA XnfConversionTechnique=BOTTOM_UP_WITH_LOCAL_SIMPLIFICATION AddInequalities=false OnlyTrivialImplicationsArrayWrite=false OnlyTrivialImplicationsForModifiedArguments=true OnlyArgumentsInFormula=true
[2020-06-17 18:54:32,948 INFO  L300          LassoAnalysis]: Preprocessing complete.
[2020-06-17 18:54:32,948 INFO  L412          LassoAnalysis]: Checking for nontermination...
No working directory specified, using /home/lixie/LassoRankerExp/LassoRankerExp/z3
Starting monitored process 2 with z3 -smt2 -in SMTLIB2_COMPLIANT=true (exit command is (exit), workingDir is null)
Waiting until toolchain timeout for monitored process 2 with z3 -smt2 -in SMTLIB2_COMPLIANT=true
[2020-06-17 18:54:32,952 INFO  L151   nArgumentSynthesizer]: Nontermination analysis: LINEAR_WITH_GUESSES Allow bounded executions: true Number of generalized eigenvectors: 0 Nilpotent components: true
[2020-06-17 18:54:32,952 INFO  L163   nArgumentSynthesizer]: Using integer mode.
No working directory specified, using /home/lixie/LassoRankerExp/LassoRankerExp/z3
Starting monitored process 3 with z3 -smt2 -in SMTLIB2_COMPLIANT=true (exit command is (exit), workingDir is null)
Waiting until toolchain timeout for monitored process 3 with z3 -smt2 -in SMTLIB2_COMPLIANT=true
[2020-06-17 18:54:32,971 INFO  L151   nArgumentSynthesizer]: Nontermination analysis: LINEAR_WITH_GUESSES Allow bounded executions: true Number of generalized eigenvectors: 3 Nilpotent components: true
[2020-06-17 18:54:32,971 INFO  L163   nArgumentSynthesizer]: Using integer mode.
[2020-06-17 18:54:32,990 INFO  L452          LassoAnalysis]: Proving nontermination failed: No geometric nontermination argument exists.
[2020-06-17 18:54:32,991 INFO  L216          LassoAnalysis]: Preferences:
[2020-06-17 18:54:32,991 INFO  L124   ssoRankerPreferences]: Compute integeral hull: false
[2020-06-17 18:54:32,991 INFO  L125   ssoRankerPreferences]: Enable LassoPartitioneer: true
[2020-06-17 18:54:32,991 INFO  L126   ssoRankerPreferences]: Term annotations enabled: false
[2020-06-17 18:54:32,991 INFO  L127   ssoRankerPreferences]: Use exernal solver: true
[2020-06-17 18:54:32,991 INFO  L128   ssoRankerPreferences]: SMT solver command: z3 -smt2 -in SMTLIB2_COMPLIANT=true
[2020-06-17 18:54:32,992 INFO  L129   ssoRankerPreferences]: Dump SMT script to file: false
[2020-06-17 18:54:32,992 INFO  L130   ssoRankerPreferences]: Path of dumped script: .
[2020-06-17 18:54:32,992 INFO  L131   ssoRankerPreferences]: Filename of dumped script: LassoRankerScript
[2020-06-17 18:54:32,992 INFO  L132   ssoRankerPreferences]: MapElimAlgo: Frank
[2020-06-17 18:54:32,992 INFO  L282          LassoAnalysis]: Starting lasso preprocessing...
[2020-06-17 18:54:32,994 INFO  L141          MapEliminator]: Using MapEliminator with SimplificationTechnique=SIMPLIFY_DDA XnfConversionTechnique=BOTTOM_UP_WITH_LOCAL_SIMPLIFICATION AddInequalities=false OnlyTrivialImplicationsArrayWrite=false OnlyTrivialImplicationsForModifiedArguments=true OnlyArgumentsInFormula=true
[2020-06-17 18:54:33,067 INFO  L300          LassoAnalysis]: Preprocessing complete.
[2020-06-17 18:54:33,070 INFO  L497          LassoAnalysis]: Using template 'affine'.
No working directory specified, using /home/lixie/LassoRankerExp/LassoRankerExp/z3
Starting monitored process 4 with z3 -smt2 -in SMTLIB2_COMPLIANT=true (exit command is (exit), workingDir is null)
Waiting until toolchain timeout for monitored process 4 with z3 -smt2 -in SMTLIB2_COMPLIANT=true
[2020-06-17 18:54:33,073 INFO  L122   nArgumentSynthesizer]: Termination Analysis Settings:
Termination analysis: LINEAR_WITH_GUESSES
Number of strict supporting invariants: 1
Number of non-strict supporting invariants: 0
Consider only non-deceasing supporting invariants: true
Simplify termination arguments: true
Simplify supporting invariants: trueOverapproximate stem: false
[2020-06-17 18:54:33,075 INFO  L339   nArgumentSynthesizer]: Template has degree 0.
[2020-06-17 18:54:33,075 INFO  L352   nArgumentSynthesizer]: There is no stem transition; disabling supporting invariant generation.
[2020-06-17 18:54:33,075 INFO  L205   nArgumentSynthesizer]: 1 stem disjuncts
[2020-06-17 18:54:33,075 INFO  L206   nArgumentSynthesizer]: 2 loop disjuncts
[2020-06-17 18:54:33,075 INFO  L207   nArgumentSynthesizer]: 2 template conjuncts.
[2020-06-17 18:54:33,078 INFO  L402   nArgumentSynthesizer]: We have 4 Motzkin's Theorem applications.
[2020-06-17 18:54:33,078 INFO  L403   nArgumentSynthesizer]: A total of 0 supporting invariants were added.
[2020-06-17 18:54:33,080 INFO  L530          LassoAnalysis]: Proving termination failed for this template and these settings.
[2020-06-17 18:54:33,093 INFO  L497          LassoAnalysis]: Using template '2-nested'.
No working directory specified, using /home/lixie/LassoRankerExp/LassoRankerExp/z3
Starting monitored process 5 with z3 -smt2 -in SMTLIB2_COMPLIANT=true (exit command is (exit), workingDir is null)
Waiting until toolchain timeout for monitored process 5 with z3 -smt2 -in SMTLIB2_COMPLIANT=true
[2020-06-17 18:54:33,095 INFO  L122   nArgumentSynthesizer]: Termination Analysis Settings:
Termination analysis: LINEAR_WITH_GUESSES
Number of strict supporting invariants: 1
Number of non-strict supporting invariants: 0
Consider only non-deceasing supporting invariants: true
Simplify termination arguments: true
Simplify supporting invariants: trueOverapproximate stem: false
[2020-06-17 18:54:33,096 INFO  L339   nArgumentSynthesizer]: Template has degree 0.
[2020-06-17 18:54:33,096 INFO  L352   nArgumentSynthesizer]: There is no stem transition; disabling supporting invariant generation.
[2020-06-17 18:54:33,096 INFO  L205   nArgumentSynthesizer]: 1 stem disjuncts
[2020-06-17 18:54:33,097 INFO  L206   nArgumentSynthesizer]: 2 loop disjuncts
[2020-06-17 18:54:33,097 INFO  L207   nArgumentSynthesizer]: 3 template conjuncts.
[2020-06-17 18:54:33,098 INFO  L402   nArgumentSynthesizer]: We have 6 Motzkin's Theorem applications.
[2020-06-17 18:54:33,099 INFO  L403   nArgumentSynthesizer]: A total of 0 supporting invariants were added.
[2020-06-17 18:54:33,101 INFO  L530          LassoAnalysis]: Proving termination failed for this template and these settings.
[2020-06-17 18:54:33,123 INFO  L497          LassoAnalysis]: Using template '3-nested'.
No working directory specified, using /home/lixie/LassoRankerExp/LassoRankerExp/z3
Starting monitored process 6 with z3 -smt2 -in SMTLIB2_COMPLIANT=true (exit command is (exit), workingDir is null)
Waiting until toolchain timeout for monitored process 6 with z3 -smt2 -in SMTLIB2_COMPLIANT=true
[2020-06-17 18:54:33,125 INFO  L122   nArgumentSynthesizer]: Termination Analysis Settings:
Termination analysis: LINEAR_WITH_GUESSES
Number of strict supporting invariants: 1
Number of non-strict supporting invariants: 0
Consider only non-deceasing supporting invariants: true
Simplify termination arguments: true
Simplify supporting invariants: trueOverapproximate stem: false
[2020-06-17 18:54:33,127 INFO  L339   nArgumentSynthesizer]: Template has degree 0.
[2020-06-17 18:54:33,127 INFO  L352   nArgumentSynthesizer]: There is no stem transition; disabling supporting invariant generation.
[2020-06-17 18:54:33,127 INFO  L205   nArgumentSynthesizer]: 1 stem disjuncts
[2020-06-17 18:54:33,127 INFO  L206   nArgumentSynthesizer]: 2 loop disjuncts
[2020-06-17 18:54:33,127 INFO  L207   nArgumentSynthesizer]: 4 template conjuncts.
[2020-06-17 18:54:33,130 INFO  L402   nArgumentSynthesizer]: We have 8 Motzkin's Theorem applications.
[2020-06-17 18:54:33,131 INFO  L403   nArgumentSynthesizer]: A total of 0 supporting invariants were added.
[2020-06-17 18:54:33,134 INFO  L530          LassoAnalysis]: Proving termination failed for this template and these settings.
[2020-06-17 18:54:33,146 INFO  L497          LassoAnalysis]: Using template '4-nested'.
No working directory specified, using /home/lixie/LassoRankerExp/LassoRankerExp/z3
Starting monitored process 7 with z3 -smt2 -in SMTLIB2_COMPLIANT=true (exit command is (exit), workingDir is null)
Waiting until toolchain timeout for monitored process 7 with z3 -smt2 -in SMTLIB2_COMPLIANT=true
[2020-06-17 18:54:33,148 INFO  L122   nArgumentSynthesizer]: Termination Analysis Settings:
Termination analysis: LINEAR_WITH_GUESSES
Number of strict supporting invariants: 1
Number of non-strict supporting invariants: 0
Consider only non-deceasing supporting invariants: true
Simplify termination arguments: true
Simplify supporting invariants: trueOverapproximate stem: false
[2020-06-17 18:54:33,149 INFO  L339   nArgumentSynthesizer]: Template has degree 0.
[2020-06-17 18:54:33,149 INFO  L352   nArgumentSynthesizer]: There is no stem transition; disabling supporting invariant generation.
[2020-06-17 18:54:33,149 INFO  L205   nArgumentSynthesizer]: 1 stem disjuncts
[2020-06-17 18:54:33,149 INFO  L206   nArgumentSynthesizer]: 2 loop disjuncts
[2020-06-17 18:54:33,149 INFO  L207   nArgumentSynthesizer]: 5 template conjuncts.
[2020-06-17 18:54:33,152 INFO  L402   nArgumentSynthesizer]: We have 10 Motzkin's Theorem applications.
[2020-06-17 18:54:33,152 INFO  L403   nArgumentSynthesizer]: A total of 0 supporting invariants were added.
[2020-06-17 18:54:33,156 INFO  L530          LassoAnalysis]: Proving termination failed for this template and these settings.
[2020-06-17 18:54:33,167 INFO  L497          LassoAnalysis]: Using template '2-phase'.
No working directory specified, using /home/lixie/LassoRankerExp/LassoRankerExp/z3
Starting monitored process 8 with z3 -smt2 -in SMTLIB2_COMPLIANT=true (exit command is (exit), workingDir is null)
Waiting until toolchain timeout for monitored process 8 with z3 -smt2 -in SMTLIB2_COMPLIANT=true
[2020-06-17 18:54:33,169 INFO  L122   nArgumentSynthesizer]: Termination Analysis Settings:
Termination analysis: LINEAR_WITH_GUESSES
Number of strict supporting invariants: 1
Number of non-strict supporting invariants: 0
Consider only non-deceasing supporting invariants: true
Simplify termination arguments: true
Simplify supporting invariants: trueOverapproximate stem: false
[2020-06-17 18:54:33,170 WARN  L334   nArgumentSynthesizer]: Using a linear SMT query and a templates of degree > 0, hence this method is incomplete.
[2020-06-17 18:54:33,170 INFO  L339   nArgumentSynthesizer]: Template has degree 1.
[2020-06-17 18:54:33,170 INFO  L352   nArgumentSynthesizer]: There is no stem transition; disabling supporting invariant generation.
[2020-06-17 18:54:33,171 INFO  L205   nArgumentSynthesizer]: 1 stem disjuncts
[2020-06-17 18:54:33,171 INFO  L206   nArgumentSynthesizer]: 2 loop disjuncts
[2020-06-17 18:54:33,171 INFO  L207   nArgumentSynthesizer]: 3 template conjuncts.
[2020-06-17 18:54:33,173 INFO  L402   nArgumentSynthesizer]: We have 6 Motzkin's Theorem applications.
[2020-06-17 18:54:33,174 INFO  L403   nArgumentSynthesizer]: A total of 0 supporting invariants were added.
[2020-06-17 18:54:33,178 INFO  L530          LassoAnalysis]: Proving termination failed for this template and these settings.
[2020-06-17 18:54:33,191 INFO  L497          LassoAnalysis]: Using template 'lex(affine, affine)'.
No working directory specified, using /home/lixie/LassoRankerExp/LassoRankerExp/z3
Starting monitored process 9 with z3 -smt2 -in SMTLIB2_COMPLIANT=true (exit command is (exit), workingDir is null)
Waiting until toolchain timeout for monitored process 9 with z3 -smt2 -in SMTLIB2_COMPLIANT=true
[2020-06-17 18:54:33,193 INFO  L122   nArgumentSynthesizer]: Termination Analysis Settings:
Termination analysis: LINEAR_WITH_GUESSES
Number of strict supporting invariants: 1
Number of non-strict supporting invariants: 0
Consider only non-deceasing supporting invariants: true
Simplify termination arguments: true
Simplify supporting invariants: trueOverapproximate stem: false
[2020-06-17 18:54:33,194 WARN  L334   nArgumentSynthesizer]: Using a linear SMT query and a templates of degree > 0, hence this method is incomplete.
[2020-06-17 18:54:33,194 INFO  L339   nArgumentSynthesizer]: Template has degree 5.
[2020-06-17 18:54:33,194 INFO  L352   nArgumentSynthesizer]: There is no stem transition; disabling supporting invariant generation.
[2020-06-17 18:54:33,195 INFO  L205   nArgumentSynthesizer]: 1 stem disjuncts
[2020-06-17 18:54:33,195 INFO  L206   nArgumentSynthesizer]: 2 loop disjuncts
[2020-06-17 18:54:33,195 INFO  L207   nArgumentSynthesizer]: 4 template conjuncts.
[2020-06-17 18:54:33,197 INFO  L402   nArgumentSynthesizer]: We have 8 Motzkin's Theorem applications.
[2020-06-17 18:54:33,197 INFO  L403   nArgumentSynthesizer]: A total of 0 supporting invariants were added.
[2020-06-17 18:54:33,200 INFO  L530          LassoAnalysis]: Proving termination failed for this template and these settings.
[2020-06-17 18:54:33,212 INFO  L497          LassoAnalysis]: Using template '2-piece'.
No working directory specified, using /home/lixie/LassoRankerExp/LassoRankerExp/z3
Starting monitored process 10 with z3 -smt2 -in SMTLIB2_COMPLIANT=true (exit command is (exit), workingDir is null)
Waiting until toolchain timeout for monitored process 10 with z3 -smt2 -in SMTLIB2_COMPLIANT=true
[2020-06-17 18:54:33,214 INFO  L122   nArgumentSynthesizer]: Termination Analysis Settings:
Termination analysis: LINEAR_WITH_GUESSES
Number of strict supporting invariants: 1
Number of non-strict supporting invariants: 0
Consider only non-deceasing supporting invariants: true
Simplify termination arguments: true
Simplify supporting invariants: trueOverapproximate stem: false
[2020-06-17 18:54:33,215 WARN  L334   nArgumentSynthesizer]: Using a linear SMT query and a templates of degree > 0, hence this method is incomplete.
[2020-06-17 18:54:33,215 INFO  L339   nArgumentSynthesizer]: Template has degree 7.
[2020-06-17 18:54:33,215 INFO  L352   nArgumentSynthesizer]: There is no stem transition; disabling supporting invariant generation.
[2020-06-17 18:54:33,215 INFO  L205   nArgumentSynthesizer]: 1 stem disjuncts
[2020-06-17 18:54:33,215 INFO  L206   nArgumentSynthesizer]: 2 loop disjuncts
[2020-06-17 18:54:33,215 INFO  L207   nArgumentSynthesizer]: 7 template conjuncts.
[2020-06-17 18:54:33,221 INFO  L402   nArgumentSynthesizer]: We have 14 Motzkin's Theorem applications.
[2020-06-17 18:54:33,221 INFO  L403   nArgumentSynthesizer]: A total of 0 supporting invariants were added.
[2020-06-17 18:54:33,234 INFO  L530          LassoAnalysis]: Proving termination failed for this template and these settings.
[2020-06-17 18:54:33,247 INFO  L497          LassoAnalysis]: Using template '2-parallel'.
No working directory specified, using /home/lixie/LassoRankerExp/LassoRankerExp/z3
Starting monitored process 11 with z3 -smt2 -in SMTLIB2_COMPLIANT=true (exit command is (exit), workingDir is null)
Waiting until toolchain timeout for monitored process 11 with z3 -smt2 -in SMTLIB2_COMPLIANT=true
[2020-06-17 18:54:33,248 INFO  L122   nArgumentSynthesizer]: Termination Analysis Settings:
Termination analysis: LINEAR_WITH_GUESSES
Number of strict supporting invariants: 1
Number of non-strict supporting invariants: 0
Consider only non-deceasing supporting invariants: true
Simplify termination arguments: true
Simplify supporting invariants: trueOverapproximate stem: false
[2020-06-17 18:54:33,249 WARN  L334   nArgumentSynthesizer]: Using a linear SMT query and a templates of degree > 0, hence this method is incomplete.
[2020-06-17 18:54:33,249 INFO  L339   nArgumentSynthesizer]: Template has degree 4.
[2020-06-17 18:54:33,250 INFO  L352   nArgumentSynthesizer]: There is no stem transition; disabling supporting invariant generation.
[2020-06-17 18:54:33,250 INFO  L205   nArgumentSynthesizer]: 1 stem disjuncts
[2020-06-17 18:54:33,250 INFO  L206   nArgumentSynthesizer]: 2 loop disjuncts
[2020-06-17 18:54:33,250 INFO  L207   nArgumentSynthesizer]: 6 template conjuncts.
[2020-06-17 18:54:33,254 INFO  L402   nArgumentSynthesizer]: We have 12 Motzkin's Theorem applications.
[2020-06-17 18:54:33,255 INFO  L403   nArgumentSynthesizer]: A total of 0 supporting invariants were added.
[2020-06-17 18:54:33,261 INFO  L530          LassoAnalysis]: Proving termination failed for this template and these settings.
[2020-06-17 18:54:33,274 INFO  L489     LassoRankerStarter]: LassoRanker could not prove termination or nontermination of the given linear lasso program.
Templates: AffineTemplate NestedTemplate NestedTemplate NestedTemplate MultiphaseTemplate ComposedLexicographicTemplate PiecewiseTemplate ParallelTemplate
[2020-06-17 18:54:33,274 INFO  L132        PluginConnector]: ------------------------ END LassoRanker----------------------------
[2020-06-17 18:54:33,275 INFO  L168              Benchmark]: Toolchain (without parser) took 677.52 ms. Allocated memory is still 514.9 MB. Free memory was 472.9 MB in the beginning and 369.4 MB in the end (delta: 103.5 MB). Peak memory consumption was 103.5 MB. Max. memory is 11.5 GB.
[2020-06-17 18:54:33,276 INFO  L168              Benchmark]: Boogie PL CUP Parser took 0.13 ms. Allocated memory is still 514.9 MB. Free memory is still 474.4 MB. There was no memory consumed. Max. memory is 11.5 GB.
[2020-06-17 18:54:33,276 INFO  L168              Benchmark]: Boogie Preprocessor took 28.52 ms. Allocated memory is still 514.9 MB. Free memory was 471.5 MB in the beginning and 470.2 MB in the end (delta: 1.3 MB). Peak memory consumption was 1.3 MB. Max. memory is 11.5 GB.
[2020-06-17 18:54:33,277 INFO  L168              Benchmark]: RCFGBuilder took 107.11 ms. Allocated memory is still 514.9 MB. Free memory was 470.2 MB in the beginning and 459.3 MB in the end (delta: 10.9 MB). Peak memory consumption was 10.9 MB. Max. memory is 11.5 GB.
[2020-06-17 18:54:33,278 INFO  L168              Benchmark]: LassoRanker took 532.28 ms. Allocated memory is still 514.9 MB. Free memory was 459.3 MB in the beginning and 369.4 MB in the end (delta: 89.9 MB). Peak memory consumption was 89.9 MB. Max. memory is 11.5 GB.
[2020-06-17 18:54:33,280 INFO  L336   ainManager$Toolchain]: #######################  End [Toolchain 1] #######################
 --- Results ---
 * Results from de.uni_freiburg.informatik.ultimate.core:
  - StatisticsResult: Toolchain Benchmarks
    Benchmark results are:
 * Boogie PL CUP Parser took 0.13 ms. Allocated memory is still 514.9 MB. Free memory is still 474.4 MB. There was no memory consumed. Max. memory is 11.5 GB.
 * Boogie Preprocessor took 28.52 ms. Allocated memory is still 514.9 MB. Free memory was 471.5 MB in the beginning and 470.2 MB in the end (delta: 1.3 MB). Peak memory consumption was 1.3 MB. Max. memory is 11.5 GB.
 * RCFGBuilder took 107.11 ms. Allocated memory is still 514.9 MB. Free memory was 470.2 MB in the beginning and 459.3 MB in the end (delta: 10.9 MB). Peak memory consumption was 10.9 MB. Max. memory is 11.5 GB.
 * LassoRanker took 532.28 ms. Allocated memory is still 514.9 MB. Free memory was 459.3 MB in the beginning and 369.4 MB in the end (delta: 89.9 MB). Peak memory consumption was 89.9 MB. Max. memory is 11.5 GB.
 * Results from de.uni_freiburg.informatik.ultimate.plugins.analysis.lassoranker:
  - NoResult [Line: 1]: LassoRanker could not prove termination
    LassoRanker could not prove termination or nontermination of the given linear lasso program.
Templates: AffineTemplate NestedTemplate NestedTemplate NestedTemplate MultiphaseTemplate ComposedLexicographicTemplate PiecewiseTemplate ParallelTemplate
RESULT: Ultimate could not prove your program: Toolchain returned no result.
Received shutdown request...
Ultimate:
GTK+ Version Check
