This is Ultimate 0.1.24-16d85fa
[2020-06-17 18:54:34,587 INFO  L170        SettingsManager]: Resetting all preferences to default values...
[2020-06-17 18:54:34,589 INFO  L174        SettingsManager]: Resetting UltimateCore preferences to default values
[2020-06-17 18:54:34,601 INFO  L177        SettingsManager]: Ultimate Commandline Interface provides no preferences, ignoring...
[2020-06-17 18:54:34,602 INFO  L174        SettingsManager]: Resetting Boogie Preprocessor preferences to default values
[2020-06-17 18:54:34,602 INFO  L174        SettingsManager]: Resetting Boogie Procedure Inliner preferences to default values
[2020-06-17 18:54:34,603 INFO  L174        SettingsManager]: Resetting Abstract Interpretation preferences to default values
[2020-06-17 18:54:34,605 INFO  L174        SettingsManager]: Resetting LassoRanker preferences to default values
[2020-06-17 18:54:34,606 INFO  L174        SettingsManager]: Resetting Reaching Definitions preferences to default values
[2020-06-17 18:54:34,607 INFO  L174        SettingsManager]: Resetting SyntaxChecker preferences to default values
[2020-06-17 18:54:34,608 INFO  L177        SettingsManager]: Büchi Program Product provides no preferences, ignoring...
[2020-06-17 18:54:34,608 INFO  L174        SettingsManager]: Resetting LTL2Aut preferences to default values
[2020-06-17 18:54:34,609 INFO  L174        SettingsManager]: Resetting PEA to Boogie preferences to default values
[2020-06-17 18:54:34,609 INFO  L174        SettingsManager]: Resetting BlockEncodingV2 preferences to default values
[2020-06-17 18:54:34,610 INFO  L174        SettingsManager]: Resetting ChcToBoogie preferences to default values
[2020-06-17 18:54:34,611 INFO  L174        SettingsManager]: Resetting AutomataScriptInterpreter preferences to default values
[2020-06-17 18:54:34,612 INFO  L174        SettingsManager]: Resetting BuchiAutomizer preferences to default values
[2020-06-17 18:54:34,613 INFO  L174        SettingsManager]: Resetting CACSL2BoogieTranslator preferences to default values
[2020-06-17 18:54:34,615 INFO  L174        SettingsManager]: Resetting CodeCheck preferences to default values
[2020-06-17 18:54:34,616 INFO  L174        SettingsManager]: Resetting InvariantSynthesis preferences to default values
[2020-06-17 18:54:34,617 INFO  L174        SettingsManager]: Resetting RCFGBuilder preferences to default values
[2020-06-17 18:54:34,618 INFO  L174        SettingsManager]: Resetting TraceAbstraction preferences to default values
[2020-06-17 18:54:34,620 INFO  L177        SettingsManager]: TraceAbstractionConcurrent provides no preferences, ignoring...
[2020-06-17 18:54:34,621 INFO  L177        SettingsManager]: TraceAbstractionWithAFAs provides no preferences, ignoring...
[2020-06-17 18:54:34,621 INFO  L174        SettingsManager]: Resetting TreeAutomizer preferences to default values
[2020-06-17 18:54:34,622 INFO  L174        SettingsManager]: Resetting IcfgTransformer preferences to default values
[2020-06-17 18:54:34,622 INFO  L174        SettingsManager]: Resetting Boogie Printer preferences to default values
[2020-06-17 18:54:34,623 INFO  L174        SettingsManager]: Resetting ReqPrinter preferences to default values
[2020-06-17 18:54:34,624 INFO  L174        SettingsManager]: Resetting Witness Printer preferences to default values
[2020-06-17 18:54:34,624 INFO  L177        SettingsManager]: Boogie PL CUP Parser provides no preferences, ignoring...
[2020-06-17 18:54:34,625 INFO  L174        SettingsManager]: Resetting CDTParser preferences to default values
[2020-06-17 18:54:34,625 INFO  L177        SettingsManager]: AutomataScriptParser provides no preferences, ignoring...
[2020-06-17 18:54:34,625 INFO  L177        SettingsManager]: ReqParser provides no preferences, ignoring...
[2020-06-17 18:54:34,625 INFO  L174        SettingsManager]: Resetting SmtParser preferences to default values
[2020-06-17 18:54:34,626 INFO  L174        SettingsManager]: Resetting Witness Parser preferences to default values
[2020-06-17 18:54:34,626 INFO  L181        SettingsManager]: Finished resetting all preferences to default values...
[2020-06-17 18:54:34,646 INFO  L81    nceAwareModelManager]: Repository-Root is: /tmp
[2020-06-17 18:54:34,656 INFO  L258   ainManager$Toolchain]: [Toolchain 1]: Applicable parser(s) successfully (re)initialized
[2020-06-17 18:54:34,659 INFO  L214   ainManager$Toolchain]: [Toolchain 1]: Toolchain selected.
[2020-06-17 18:54:34,660 INFO  L271        PluginConnector]: Initializing Boogie PL CUP Parser...
[2020-06-17 18:54:34,660 INFO  L276        PluginConnector]: Boogie PL CUP Parser initialized
[2020-06-17 18:54:34,661 INFO  L418   ainManager$Toolchain]: [Toolchain 1]: Parsing single file: /home/lixie/LassoRankerExp/LassoRankerExp/./C_Boogie/CookSeeZuleger-TACAS2013-Fig8a-modified.bpl
[2020-06-17 18:54:34,661 INFO  L111           BoogieParser]: Parsing: '/home/lixie/LassoRankerExp/LassoRankerExp/./C_Boogie/CookSeeZuleger-TACAS2013-Fig8a-modified.bpl'
[2020-06-17 18:54:34,687 INFO  L296   ainManager$Toolchain]: ####################### [Toolchain 1] #######################
[2020-06-17 18:54:34,696 INFO  L131        ToolchainWalker]: Walking toolchain with 3 elements.
[2020-06-17 18:54:34,696 INFO  L113        PluginConnector]: ------------------------Boogie Preprocessor----------------------------
[2020-06-17 18:54:34,696 INFO  L271        PluginConnector]: Initializing Boogie Preprocessor...
[2020-06-17 18:54:34,696 INFO  L276        PluginConnector]: Boogie Preprocessor initialized
[2020-06-17 18:54:34,709 INFO  L185        PluginConnector]: Executing the observer EnsureBoogieModelObserver from plugin Boogie Preprocessor for "CookSeeZuleger-TACAS2013-Fig8a-modified.bpl de.uni_freiburg.informatik.ultimate.boogie.parser AST 17.06 06:54:34" (1/1) ...
[2020-06-17 18:54:34,710 INFO  L185        PluginConnector]: Executing the observer TypeChecker from plugin Boogie Preprocessor for "CookSeeZuleger-TACAS2013-Fig8a-modified.bpl de.uni_freiburg.informatik.ultimate.boogie.parser AST 17.06 06:54:34" (1/1) ...
[2020-06-17 18:54:34,714 INFO  L185        PluginConnector]: Executing the observer ConstExpander from plugin Boogie Preprocessor for "CookSeeZuleger-TACAS2013-Fig8a-modified.bpl de.uni_freiburg.informatik.ultimate.boogie.parser AST 17.06 06:54:34" (1/1) ...
[2020-06-17 18:54:34,714 INFO  L185        PluginConnector]: Executing the observer StructExpander from plugin Boogie Preprocessor for "CookSeeZuleger-TACAS2013-Fig8a-modified.bpl de.uni_freiburg.informatik.ultimate.boogie.parser AST 17.06 06:54:34" (1/1) ...
[2020-06-17 18:54:34,716 INFO  L185        PluginConnector]: Executing the observer UnstructureCode from plugin Boogie Preprocessor for "CookSeeZuleger-TACAS2013-Fig8a-modified.bpl de.uni_freiburg.informatik.ultimate.boogie.parser AST 17.06 06:54:34" (1/1) ...
[2020-06-17 18:54:34,718 INFO  L185        PluginConnector]: Executing the observer FunctionInliner from plugin Boogie Preprocessor for "CookSeeZuleger-TACAS2013-Fig8a-modified.bpl de.uni_freiburg.informatik.ultimate.boogie.parser AST 17.06 06:54:34" (1/1) ...
[2020-06-17 18:54:34,719 INFO  L185        PluginConnector]: Executing the observer BoogieSymbolTableConstructor from plugin Boogie Preprocessor for "CookSeeZuleger-TACAS2013-Fig8a-modified.bpl de.uni_freiburg.informatik.ultimate.boogie.parser AST 17.06 06:54:34" (1/1) ...
[2020-06-17 18:54:34,719 INFO  L132        PluginConnector]: ------------------------ END Boogie Preprocessor----------------------------
[2020-06-17 18:54:34,720 INFO  L113        PluginConnector]: ------------------------RCFGBuilder----------------------------
[2020-06-17 18:54:34,720 INFO  L271        PluginConnector]: Initializing RCFGBuilder...
[2020-06-17 18:54:34,720 INFO  L276        PluginConnector]: RCFGBuilder initialized
[2020-06-17 18:54:34,721 INFO  L185        PluginConnector]: Executing the observer RCFGBuilderObserver from plugin RCFGBuilder for "CookSeeZuleger-TACAS2013-Fig8a-modified.bpl de.uni_freiburg.informatik.ultimate.boogie.parser AST 17.06 06:54:34" (1/1) ...
No working directory specified, using /home/lixie/LassoRankerExp/LassoRankerExp/z3
Starting monitored process 1 with z3 SMTLIB2_COMPLIANT=true -memory:1024 -smt2 -in -t:12000 (exit command is (exit), workingDir is null)
Waiting until toolchain timeout for monitored process 1 with z3 SMTLIB2_COMPLIANT=true -memory:1024 -smt2 -in -t:12000
[2020-06-17 18:54:34,755 INFO  L124     BoogieDeclarations]: Specification and implementation of procedure main given in one single declaration
[2020-06-17 18:54:34,755 INFO  L130     BoogieDeclarations]: Found specification of procedure main
[2020-06-17 18:54:34,755 INFO  L138     BoogieDeclarations]: Found implementation of procedure main
[2020-06-17 18:54:34,830 INFO  L278             CfgBuilder]: Using library mode
[2020-06-17 18:54:34,830 INFO  L286             CfgBuilder]: Removed 0 assue(true) statements.
[2020-06-17 18:54:34,831 INFO  L202        PluginConnector]: Adding new model CookSeeZuleger-TACAS2013-Fig8a-modified.bpl de.uni_freiburg.informatik.ultimate.plugins.generator.rcfgbuilder CFG 17.06 06:54:34 BoogieIcfgContainer
[2020-06-17 18:54:34,831 INFO  L132        PluginConnector]: ------------------------ END RCFGBuilder----------------------------
[2020-06-17 18:54:34,831 INFO  L113        PluginConnector]: ------------------------LassoRanker----------------------------
[2020-06-17 18:54:34,831 INFO  L271        PluginConnector]: Initializing LassoRanker...
[2020-06-17 18:54:34,831 INFO  L276        PluginConnector]: LassoRanker initialized
[2020-06-17 18:54:34,832 INFO  L185        PluginConnector]: Executing the observer LassoRankerObserver from plugin LassoRanker for "CookSeeZuleger-TACAS2013-Fig8a-modified.bpl de.uni_freiburg.informatik.ultimate.plugins.generator.rcfgbuilder CFG 17.06 06:54:34" (1/1) ...
[2020-06-17 18:54:34,848 INFO  L72            BuchiIsEmpty]: Start buchiIsEmpty. Operand 2 states.
[2020-06-17 18:54:34,861 INFO  L131   ngComponentsAnalysis]: Automaton has 1 accepting balls. 1
[2020-06-17 18:54:34,862 INFO  L87            BuchiIsEmpty]: Finished buchiIsEmpty Result is false
[2020-06-17 18:54:34,862 INFO  L119           BuchiIsEmpty]: Starting construction of run
[2020-06-17 18:54:34,866 INFO  L104     BuchiDifferenceFKV]: Start buchiDifferenceFKV. First operand 2 states. Second operand 1 states.
[2020-06-17 18:54:34,873 INFO  L108     BuchiDifferenceFKV]: Finished buchiDifferenceFKV. First operand 2 states. Second operand 1 states. Result 3 states and 4 transitions. Complement of second has 2 states 2 powerset states0 rank states. The highest rank that occured is -1
[2020-06-17 18:54:34,874 INFO  L72            BuchiIsEmpty]: Start buchiIsEmpty. Operand 3 states and 4 transitions.
[2020-06-17 18:54:34,874 INFO  L131   ngComponentsAnalysis]: Automaton has 0 accepting balls. 0
[2020-06-17 18:54:34,874 INFO  L87            BuchiIsEmpty]: Finished buchiIsEmpty Result is true
[2020-06-17 18:54:34,916 INFO  L216          LassoAnalysis]: Preferences:
[2020-06-17 18:54:34,917 INFO  L124   ssoRankerPreferences]: Compute integeral hull: false
[2020-06-17 18:54:34,917 INFO  L125   ssoRankerPreferences]: Enable LassoPartitioneer: true
[2020-06-17 18:54:34,917 INFO  L126   ssoRankerPreferences]: Term annotations enabled: false
[2020-06-17 18:54:34,917 INFO  L127   ssoRankerPreferences]: Use exernal solver: true
[2020-06-17 18:54:34,917 INFO  L128   ssoRankerPreferences]: SMT solver command: z3 -smt2 -in SMTLIB2_COMPLIANT=true
[2020-06-17 18:54:34,917 INFO  L129   ssoRankerPreferences]: Dump SMT script to file: false
[2020-06-17 18:54:34,917 INFO  L130   ssoRankerPreferences]: Path of dumped script: .
[2020-06-17 18:54:34,917 INFO  L131   ssoRankerPreferences]: Filename of dumped script: LassoRankerScript
[2020-06-17 18:54:34,917 INFO  L132   ssoRankerPreferences]: MapElimAlgo: Frank
[2020-06-17 18:54:34,918 INFO  L282          LassoAnalysis]: Starting lasso preprocessing...
[2020-06-17 18:54:34,931 INFO  L141          MapEliminator]: Using MapEliminator with SimplificationTechnique=SIMPLIFY_DDA XnfConversionTechnique=BOTTOM_UP_WITH_LOCAL_SIMPLIFICATION AddInequalities=false OnlyTrivialImplicationsArrayWrite=false OnlyTrivialImplicationsForModifiedArguments=true OnlyArgumentsInFormula=true
[2020-06-17 18:54:35,053 INFO  L300          LassoAnalysis]: Preprocessing complete.
[2020-06-17 18:54:35,054 INFO  L412          LassoAnalysis]: Checking for nontermination...
No working directory specified, using /home/lixie/LassoRankerExp/LassoRankerExp/z3
Starting monitored process 2 with z3 -smt2 -in SMTLIB2_COMPLIANT=true (exit command is (exit), workingDir is null)
Waiting until toolchain timeout for monitored process 2 with z3 -smt2 -in SMTLIB2_COMPLIANT=true
[2020-06-17 18:54:35,058 INFO  L151   nArgumentSynthesizer]: Nontermination analysis: LINEAR_WITH_GUESSES Allow bounded executions: true Number of generalized eigenvectors: 0 Nilpotent components: true
[2020-06-17 18:54:35,059 INFO  L163   nArgumentSynthesizer]: Using integer mode.
No working directory specified, using /home/lixie/LassoRankerExp/LassoRankerExp/z3
Starting monitored process 3 with z3 -smt2 -in SMTLIB2_COMPLIANT=true (exit command is (exit), workingDir is null)
Waiting until toolchain timeout for monitored process 3 with z3 -smt2 -in SMTLIB2_COMPLIANT=true
[2020-06-17 18:54:35,080 INFO  L151   nArgumentSynthesizer]: Nontermination analysis: LINEAR_WITH_GUESSES Allow bounded executions: true Number of generalized eigenvectors: 3 Nilpotent components: true
[2020-06-17 18:54:35,080 INFO  L163   nArgumentSynthesizer]: Using integer mode.
[2020-06-17 18:54:35,110 INFO  L452          LassoAnalysis]: Proving nontermination failed: No geometric nontermination argument exists.
[2020-06-17 18:54:35,111 INFO  L216          LassoAnalysis]: Preferences:
[2020-06-17 18:54:35,111 INFO  L124   ssoRankerPreferences]: Compute integeral hull: false
[2020-06-17 18:54:35,111 INFO  L125   ssoRankerPreferences]: Enable LassoPartitioneer: true
[2020-06-17 18:54:35,111 INFO  L126   ssoRankerPreferences]: Term annotations enabled: false
[2020-06-17 18:54:35,111 INFO  L127   ssoRankerPreferences]: Use exernal solver: true
[2020-06-17 18:54:35,112 INFO  L128   ssoRankerPreferences]: SMT solver command: z3 -smt2 -in SMTLIB2_COMPLIANT=true
[2020-06-17 18:54:35,112 INFO  L129   ssoRankerPreferences]: Dump SMT script to file: false
[2020-06-17 18:54:35,112 INFO  L130   ssoRankerPreferences]: Path of dumped script: .
[2020-06-17 18:54:35,112 INFO  L131   ssoRankerPreferences]: Filename of dumped script: LassoRankerScript
[2020-06-17 18:54:35,112 INFO  L132   ssoRankerPreferences]: MapElimAlgo: Frank
[2020-06-17 18:54:35,112 INFO  L282          LassoAnalysis]: Starting lasso preprocessing...
[2020-06-17 18:54:35,113 INFO  L141          MapEliminator]: Using MapEliminator with SimplificationTechnique=SIMPLIFY_DDA XnfConversionTechnique=BOTTOM_UP_WITH_LOCAL_SIMPLIFICATION AddInequalities=false OnlyTrivialImplicationsArrayWrite=false OnlyTrivialImplicationsForModifiedArguments=true OnlyArgumentsInFormula=true
[2020-06-17 18:54:35,181 INFO  L300          LassoAnalysis]: Preprocessing complete.
[2020-06-17 18:54:35,185 INFO  L497          LassoAnalysis]: Using template 'affine'.
No working directory specified, using /home/lixie/LassoRankerExp/LassoRankerExp/z3
Starting monitored process 4 with z3 -smt2 -in SMTLIB2_COMPLIANT=true (exit command is (exit), workingDir is null)
Waiting until toolchain timeout for monitored process 4 with z3 -smt2 -in SMTLIB2_COMPLIANT=true
[2020-06-17 18:54:35,188 INFO  L122   nArgumentSynthesizer]: Termination Analysis Settings:
Termination analysis: LINEAR_WITH_GUESSES
Number of strict supporting invariants: 1
Number of non-strict supporting invariants: 0
Consider only non-deceasing supporting invariants: true
Simplify termination arguments: true
Simplify supporting invariants: trueOverapproximate stem: false
[2020-06-17 18:54:35,189 INFO  L339   nArgumentSynthesizer]: Template has degree 0.
[2020-06-17 18:54:35,190 INFO  L352   nArgumentSynthesizer]: There is no stem transition; disabling supporting invariant generation.
[2020-06-17 18:54:35,190 INFO  L205   nArgumentSynthesizer]: 1 stem disjuncts
[2020-06-17 18:54:35,190 INFO  L206   nArgumentSynthesizer]: 2 loop disjuncts
[2020-06-17 18:54:35,190 INFO  L207   nArgumentSynthesizer]: 2 template conjuncts.
[2020-06-17 18:54:35,193 INFO  L402   nArgumentSynthesizer]: We have 4 Motzkin's Theorem applications.
[2020-06-17 18:54:35,193 INFO  L403   nArgumentSynthesizer]: A total of 0 supporting invariants were added.
[2020-06-17 18:54:35,195 INFO  L530          LassoAnalysis]: Proving termination failed for this template and these settings.
[2020-06-17 18:54:35,207 INFO  L497          LassoAnalysis]: Using template '2-nested'.
No working directory specified, using /home/lixie/LassoRankerExp/LassoRankerExp/z3
Starting monitored process 5 with z3 -smt2 -in SMTLIB2_COMPLIANT=true (exit command is (exit), workingDir is null)
Waiting until toolchain timeout for monitored process 5 with z3 -smt2 -in SMTLIB2_COMPLIANT=true
[2020-06-17 18:54:35,209 INFO  L122   nArgumentSynthesizer]: Termination Analysis Settings:
Termination analysis: LINEAR_WITH_GUESSES
Number of strict supporting invariants: 1
Number of non-strict supporting invariants: 0
Consider only non-deceasing supporting invariants: true
Simplify termination arguments: true
Simplify supporting invariants: trueOverapproximate stem: false
[2020-06-17 18:54:35,211 INFO  L339   nArgumentSynthesizer]: Template has degree 0.
[2020-06-17 18:54:35,211 INFO  L352   nArgumentSynthesizer]: There is no stem transition; disabling supporting invariant generation.
[2020-06-17 18:54:35,211 INFO  L205   nArgumentSynthesizer]: 1 stem disjuncts
[2020-06-17 18:54:35,211 INFO  L206   nArgumentSynthesizer]: 2 loop disjuncts
[2020-06-17 18:54:35,211 INFO  L207   nArgumentSynthesizer]: 3 template conjuncts.
[2020-06-17 18:54:35,214 INFO  L402   nArgumentSynthesizer]: We have 6 Motzkin's Theorem applications.
[2020-06-17 18:54:35,214 INFO  L403   nArgumentSynthesizer]: A total of 0 supporting invariants were added.
[2020-06-17 18:54:35,217 INFO  L530          LassoAnalysis]: Proving termination failed for this template and these settings.
[2020-06-17 18:54:35,238 INFO  L497          LassoAnalysis]: Using template '3-nested'.
No working directory specified, using /home/lixie/LassoRankerExp/LassoRankerExp/z3
Starting monitored process 6 with z3 -smt2 -in SMTLIB2_COMPLIANT=true (exit command is (exit), workingDir is null)
Waiting until toolchain timeout for monitored process 6 with z3 -smt2 -in SMTLIB2_COMPLIANT=true
[2020-06-17 18:54:35,240 INFO  L122   nArgumentSynthesizer]: Termination Analysis Settings:
Termination analysis: LINEAR_WITH_GUESSES
Number of strict supporting invariants: 1
Number of non-strict supporting invariants: 0
Consider only non-deceasing supporting invariants: true
Simplify termination arguments: true
Simplify supporting invariants: trueOverapproximate stem: false
[2020-06-17 18:54:35,241 INFO  L339   nArgumentSynthesizer]: Template has degree 0.
[2020-06-17 18:54:35,241 INFO  L352   nArgumentSynthesizer]: There is no stem transition; disabling supporting invariant generation.
[2020-06-17 18:54:35,242 INFO  L205   nArgumentSynthesizer]: 1 stem disjuncts
[2020-06-17 18:54:35,242 INFO  L206   nArgumentSynthesizer]: 2 loop disjuncts
[2020-06-17 18:54:35,242 INFO  L207   nArgumentSynthesizer]: 4 template conjuncts.
[2020-06-17 18:54:35,244 INFO  L402   nArgumentSynthesizer]: We have 8 Motzkin's Theorem applications.
[2020-06-17 18:54:35,244 INFO  L403   nArgumentSynthesizer]: A total of 0 supporting invariants were added.
[2020-06-17 18:54:35,247 INFO  L530          LassoAnalysis]: Proving termination failed for this template and these settings.
[2020-06-17 18:54:35,260 INFO  L497          LassoAnalysis]: Using template '4-nested'.
No working directory specified, using /home/lixie/LassoRankerExp/LassoRankerExp/z3
Starting monitored process 7 with z3 -smt2 -in SMTLIB2_COMPLIANT=true (exit command is (exit), workingDir is null)
Waiting until toolchain timeout for monitored process 7 with z3 -smt2 -in SMTLIB2_COMPLIANT=true
[2020-06-17 18:54:35,262 INFO  L122   nArgumentSynthesizer]: Termination Analysis Settings:
Termination analysis: LINEAR_WITH_GUESSES
Number of strict supporting invariants: 1
Number of non-strict supporting invariants: 0
Consider only non-deceasing supporting invariants: true
Simplify termination arguments: true
Simplify supporting invariants: trueOverapproximate stem: false
[2020-06-17 18:54:35,264 INFO  L339   nArgumentSynthesizer]: Template has degree 0.
[2020-06-17 18:54:35,264 INFO  L352   nArgumentSynthesizer]: There is no stem transition; disabling supporting invariant generation.
[2020-06-17 18:54:35,264 INFO  L205   nArgumentSynthesizer]: 1 stem disjuncts
[2020-06-17 18:54:35,264 INFO  L206   nArgumentSynthesizer]: 2 loop disjuncts
[2020-06-17 18:54:35,264 INFO  L207   nArgumentSynthesizer]: 5 template conjuncts.
[2020-06-17 18:54:35,267 INFO  L402   nArgumentSynthesizer]: We have 10 Motzkin's Theorem applications.
[2020-06-17 18:54:35,267 INFO  L403   nArgumentSynthesizer]: A total of 0 supporting invariants were added.
[2020-06-17 18:54:35,271 INFO  L530          LassoAnalysis]: Proving termination failed for this template and these settings.
[2020-06-17 18:54:35,283 INFO  L497          LassoAnalysis]: Using template '2-phase'.
No working directory specified, using /home/lixie/LassoRankerExp/LassoRankerExp/z3
Starting monitored process 8 with z3 -smt2 -in SMTLIB2_COMPLIANT=true (exit command is (exit), workingDir is null)
Waiting until toolchain timeout for monitored process 8 with z3 -smt2 -in SMTLIB2_COMPLIANT=true
[2020-06-17 18:54:35,285 INFO  L122   nArgumentSynthesizer]: Termination Analysis Settings:
Termination analysis: LINEAR_WITH_GUESSES
Number of strict supporting invariants: 1
Number of non-strict supporting invariants: 0
Consider only non-deceasing supporting invariants: true
Simplify termination arguments: true
Simplify supporting invariants: trueOverapproximate stem: false
[2020-06-17 18:54:35,286 WARN  L334   nArgumentSynthesizer]: Using a linear SMT query and a templates of degree > 0, hence this method is incomplete.
[2020-06-17 18:54:35,286 INFO  L339   nArgumentSynthesizer]: Template has degree 1.
[2020-06-17 18:54:35,286 INFO  L352   nArgumentSynthesizer]: There is no stem transition; disabling supporting invariant generation.
[2020-06-17 18:54:35,287 INFO  L205   nArgumentSynthesizer]: 1 stem disjuncts
[2020-06-17 18:54:35,287 INFO  L206   nArgumentSynthesizer]: 2 loop disjuncts
[2020-06-17 18:54:35,287 INFO  L207   nArgumentSynthesizer]: 3 template conjuncts.
[2020-06-17 18:54:35,291 INFO  L402   nArgumentSynthesizer]: We have 6 Motzkin's Theorem applications.
[2020-06-17 18:54:35,291 INFO  L403   nArgumentSynthesizer]: A total of 0 supporting invariants were added.
[2020-06-17 18:54:35,296 INFO  L530          LassoAnalysis]: Proving termination failed for this template and these settings.
[2020-06-17 18:54:35,308 INFO  L497          LassoAnalysis]: Using template 'lex(affine, affine)'.
No working directory specified, using /home/lixie/LassoRankerExp/LassoRankerExp/z3
Starting monitored process 9 with z3 -smt2 -in SMTLIB2_COMPLIANT=true (exit command is (exit), workingDir is null)
Waiting until toolchain timeout for monitored process 9 with z3 -smt2 -in SMTLIB2_COMPLIANT=true
[2020-06-17 18:54:35,310 INFO  L122   nArgumentSynthesizer]: Termination Analysis Settings:
Termination analysis: LINEAR_WITH_GUESSES
Number of strict supporting invariants: 1
Number of non-strict supporting invariants: 0
Consider only non-deceasing supporting invariants: true
Simplify termination arguments: true
Simplify supporting invariants: trueOverapproximate stem: false
[2020-06-17 18:54:35,311 WARN  L334   nArgumentSynthesizer]: Using a linear SMT query and a templates of degree > 0, hence this method is incomplete.
[2020-06-17 18:54:35,312 INFO  L339   nArgumentSynthesizer]: Template has degree 5.
[2020-06-17 18:54:35,312 INFO  L352   nArgumentSynthesizer]: There is no stem transition; disabling supporting invariant generation.
[2020-06-17 18:54:35,312 INFO  L205   nArgumentSynthesizer]: 1 stem disjuncts
[2020-06-17 18:54:35,312 INFO  L206   nArgumentSynthesizer]: 2 loop disjuncts
[2020-06-17 18:54:35,312 INFO  L207   nArgumentSynthesizer]: 4 template conjuncts.
[2020-06-17 18:54:35,315 INFO  L402   nArgumentSynthesizer]: We have 8 Motzkin's Theorem applications.
[2020-06-17 18:54:35,315 INFO  L403   nArgumentSynthesizer]: A total of 0 supporting invariants were added.
[2020-06-17 18:54:35,320 INFO  L530          LassoAnalysis]: Proving termination failed for this template and these settings.
[2020-06-17 18:54:35,343 INFO  L497          LassoAnalysis]: Using template '2-piece'.
No working directory specified, using /home/lixie/LassoRankerExp/LassoRankerExp/z3
Starting monitored process 10 with z3 -smt2 -in SMTLIB2_COMPLIANT=true (exit command is (exit), workingDir is null)
Waiting until toolchain timeout for monitored process 10 with z3 -smt2 -in SMTLIB2_COMPLIANT=true
[2020-06-17 18:54:35,344 INFO  L122   nArgumentSynthesizer]: Termination Analysis Settings:
Termination analysis: LINEAR_WITH_GUESSES
Number of strict supporting invariants: 1
Number of non-strict supporting invariants: 0
Consider only non-deceasing supporting invariants: true
Simplify termination arguments: true
Simplify supporting invariants: trueOverapproximate stem: false
[2020-06-17 18:54:35,346 WARN  L334   nArgumentSynthesizer]: Using a linear SMT query and a templates of degree > 0, hence this method is incomplete.
[2020-06-17 18:54:35,346 INFO  L339   nArgumentSynthesizer]: Template has degree 7.
[2020-06-17 18:54:35,346 INFO  L352   nArgumentSynthesizer]: There is no stem transition; disabling supporting invariant generation.
[2020-06-17 18:54:35,346 INFO  L205   nArgumentSynthesizer]: 1 stem disjuncts
[2020-06-17 18:54:35,346 INFO  L206   nArgumentSynthesizer]: 2 loop disjuncts
[2020-06-17 18:54:35,346 INFO  L207   nArgumentSynthesizer]: 7 template conjuncts.
[2020-06-17 18:54:35,355 INFO  L402   nArgumentSynthesizer]: We have 14 Motzkin's Theorem applications.
[2020-06-17 18:54:35,356 INFO  L403   nArgumentSynthesizer]: A total of 0 supporting invariants were added.
[2020-06-17 18:54:35,376 INFO  L530          LassoAnalysis]: Proving termination failed for this template and these settings.
[2020-06-17 18:54:35,387 INFO  L497          LassoAnalysis]: Using template '2-parallel'.
No working directory specified, using /home/lixie/LassoRankerExp/LassoRankerExp/z3
Starting monitored process 11 with z3 -smt2 -in SMTLIB2_COMPLIANT=true (exit command is (exit), workingDir is null)
Waiting until toolchain timeout for monitored process 11 with z3 -smt2 -in SMTLIB2_COMPLIANT=true
[2020-06-17 18:54:35,389 INFO  L122   nArgumentSynthesizer]: Termination Analysis Settings:
Termination analysis: LINEAR_WITH_GUESSES
Number of strict supporting invariants: 1
Number of non-strict supporting invariants: 0
Consider only non-deceasing supporting invariants: true
Simplify termination arguments: true
Simplify supporting invariants: trueOverapproximate stem: false
[2020-06-17 18:54:35,390 WARN  L334   nArgumentSynthesizer]: Using a linear SMT query and a templates of degree > 0, hence this method is incomplete.
[2020-06-17 18:54:35,391 INFO  L339   nArgumentSynthesizer]: Template has degree 4.
[2020-06-17 18:54:35,391 INFO  L352   nArgumentSynthesizer]: There is no stem transition; disabling supporting invariant generation.
[2020-06-17 18:54:35,391 INFO  L205   nArgumentSynthesizer]: 1 stem disjuncts
[2020-06-17 18:54:35,391 INFO  L206   nArgumentSynthesizer]: 2 loop disjuncts
[2020-06-17 18:54:35,391 INFO  L207   nArgumentSynthesizer]: 6 template conjuncts.
[2020-06-17 18:54:35,394 INFO  L402   nArgumentSynthesizer]: We have 12 Motzkin's Theorem applications.
[2020-06-17 18:54:35,394 INFO  L403   nArgumentSynthesizer]: A total of 0 supporting invariants were added.
[2020-06-17 18:54:35,400 INFO  L530          LassoAnalysis]: Proving termination failed for this template and these settings.
[2020-06-17 18:54:35,420 INFO  L489     LassoRankerStarter]: LassoRanker could not prove termination or nontermination of the given linear lasso program.
Templates: AffineTemplate NestedTemplate NestedTemplate NestedTemplate MultiphaseTemplate ComposedLexicographicTemplate PiecewiseTemplate ParallelTemplate
[2020-06-17 18:54:35,420 INFO  L132        PluginConnector]: ------------------------ END LassoRanker----------------------------
[2020-06-17 18:54:35,421 INFO  L168              Benchmark]: Toolchain (without parser) took 733.22 ms. Allocated memory is still 514.9 MB. Free memory was 472.9 MB in the beginning and 368.0 MB in the end (delta: 104.9 MB). Peak memory consumption was 104.9 MB. Max. memory is 11.5 GB.
[2020-06-17 18:54:35,422 INFO  L168              Benchmark]: Boogie PL CUP Parser took 0.12 ms. Allocated memory is still 514.9 MB. Free memory is still 474.4 MB. There was no memory consumed. Max. memory is 11.5 GB.
[2020-06-17 18:54:35,422 INFO  L168              Benchmark]: Boogie Preprocessor took 23.73 ms. Allocated memory is still 514.9 MB. Free memory was 471.5 MB in the beginning and 470.2 MB in the end (delta: 1.3 MB). Peak memory consumption was 1.3 MB. Max. memory is 11.5 GB.
[2020-06-17 18:54:35,423 INFO  L168              Benchmark]: RCFGBuilder took 110.88 ms. Allocated memory is still 514.9 MB. Free memory was 470.2 MB in the beginning and 459.3 MB in the end (delta: 10.8 MB). Peak memory consumption was 10.8 MB. Max. memory is 11.5 GB.
[2020-06-17 18:54:35,423 INFO  L168              Benchmark]: LassoRanker took 589.08 ms. Allocated memory is still 514.9 MB. Free memory was 459.3 MB in the beginning and 368.0 MB in the end (delta: 91.3 MB). Peak memory consumption was 91.3 MB. Max. memory is 11.5 GB.
[2020-06-17 18:54:35,425 INFO  L336   ainManager$Toolchain]: #######################  End [Toolchain 1] #######################
 --- Results ---
 * Results from de.uni_freiburg.informatik.ultimate.core:
  - StatisticsResult: Toolchain Benchmarks
    Benchmark results are:
 * Boogie PL CUP Parser took 0.12 ms. Allocated memory is still 514.9 MB. Free memory is still 474.4 MB. There was no memory consumed. Max. memory is 11.5 GB.
 * Boogie Preprocessor took 23.73 ms. Allocated memory is still 514.9 MB. Free memory was 471.5 MB in the beginning and 470.2 MB in the end (delta: 1.3 MB). Peak memory consumption was 1.3 MB. Max. memory is 11.5 GB.
 * RCFGBuilder took 110.88 ms. Allocated memory is still 514.9 MB. Free memory was 470.2 MB in the beginning and 459.3 MB in the end (delta: 10.8 MB). Peak memory consumption was 10.8 MB. Max. memory is 11.5 GB.
 * LassoRanker took 589.08 ms. Allocated memory is still 514.9 MB. Free memory was 459.3 MB in the beginning and 368.0 MB in the end (delta: 91.3 MB). Peak memory consumption was 91.3 MB. Max. memory is 11.5 GB.
 * Results from de.uni_freiburg.informatik.ultimate.plugins.analysis.lassoranker:
  - NoResult [Line: 1]: LassoRanker could not prove termination
    LassoRanker could not prove termination or nontermination of the given linear lasso program.
Templates: AffineTemplate NestedTemplate NestedTemplate NestedTemplate MultiphaseTemplate ComposedLexicographicTemplate PiecewiseTemplate ParallelTemplate
RESULT: Ultimate could not prove your program: Toolchain returned no result.
Received shutdown request...
Ultimate:
GTK+ Version Check
