This is Ultimate 0.1.24-16d85fa
[2020-06-17 18:54:41,158 INFO  L170        SettingsManager]: Resetting all preferences to default values...
[2020-06-17 18:54:41,160 INFO  L174        SettingsManager]: Resetting UltimateCore preferences to default values
[2020-06-17 18:54:41,169 INFO  L177        SettingsManager]: Ultimate Commandline Interface provides no preferences, ignoring...
[2020-06-17 18:54:41,169 INFO  L174        SettingsManager]: Resetting Boogie Preprocessor preferences to default values
[2020-06-17 18:54:41,170 INFO  L174        SettingsManager]: Resetting Boogie Procedure Inliner preferences to default values
[2020-06-17 18:54:41,171 INFO  L174        SettingsManager]: Resetting Abstract Interpretation preferences to default values
[2020-06-17 18:54:41,172 INFO  L174        SettingsManager]: Resetting LassoRanker preferences to default values
[2020-06-17 18:54:41,173 INFO  L174        SettingsManager]: Resetting Reaching Definitions preferences to default values
[2020-06-17 18:54:41,173 INFO  L174        SettingsManager]: Resetting SyntaxChecker preferences to default values
[2020-06-17 18:54:41,174 INFO  L177        SettingsManager]: Büchi Program Product provides no preferences, ignoring...
[2020-06-17 18:54:41,174 INFO  L174        SettingsManager]: Resetting LTL2Aut preferences to default values
[2020-06-17 18:54:41,174 INFO  L174        SettingsManager]: Resetting PEA to Boogie preferences to default values
[2020-06-17 18:54:41,175 INFO  L174        SettingsManager]: Resetting BlockEncodingV2 preferences to default values
[2020-06-17 18:54:41,175 INFO  L174        SettingsManager]: Resetting ChcToBoogie preferences to default values
[2020-06-17 18:54:41,176 INFO  L174        SettingsManager]: Resetting AutomataScriptInterpreter preferences to default values
[2020-06-17 18:54:41,176 INFO  L174        SettingsManager]: Resetting BuchiAutomizer preferences to default values
[2020-06-17 18:54:41,177 INFO  L174        SettingsManager]: Resetting CACSL2BoogieTranslator preferences to default values
[2020-06-17 18:54:41,178 INFO  L174        SettingsManager]: Resetting CodeCheck preferences to default values
[2020-06-17 18:54:41,179 INFO  L174        SettingsManager]: Resetting InvariantSynthesis preferences to default values
[2020-06-17 18:54:41,180 INFO  L174        SettingsManager]: Resetting RCFGBuilder preferences to default values
[2020-06-17 18:54:41,181 INFO  L174        SettingsManager]: Resetting TraceAbstraction preferences to default values
[2020-06-17 18:54:41,182 INFO  L177        SettingsManager]: TraceAbstractionConcurrent provides no preferences, ignoring...
[2020-06-17 18:54:41,182 INFO  L177        SettingsManager]: TraceAbstractionWithAFAs provides no preferences, ignoring...
[2020-06-17 18:54:41,182 INFO  L174        SettingsManager]: Resetting TreeAutomizer preferences to default values
[2020-06-17 18:54:41,183 INFO  L174        SettingsManager]: Resetting IcfgTransformer preferences to default values
[2020-06-17 18:54:41,183 INFO  L174        SettingsManager]: Resetting Boogie Printer preferences to default values
[2020-06-17 18:54:41,184 INFO  L174        SettingsManager]: Resetting ReqPrinter preferences to default values
[2020-06-17 18:54:41,184 INFO  L174        SettingsManager]: Resetting Witness Printer preferences to default values
[2020-06-17 18:54:41,185 INFO  L177        SettingsManager]: Boogie PL CUP Parser provides no preferences, ignoring...
[2020-06-17 18:54:41,185 INFO  L174        SettingsManager]: Resetting CDTParser preferences to default values
[2020-06-17 18:54:41,185 INFO  L177        SettingsManager]: AutomataScriptParser provides no preferences, ignoring...
[2020-06-17 18:54:41,185 INFO  L177        SettingsManager]: ReqParser provides no preferences, ignoring...
[2020-06-17 18:54:41,185 INFO  L174        SettingsManager]: Resetting SmtParser preferences to default values
[2020-06-17 18:54:41,186 INFO  L174        SettingsManager]: Resetting Witness Parser preferences to default values
[2020-06-17 18:54:41,186 INFO  L181        SettingsManager]: Finished resetting all preferences to default values...
[2020-06-17 18:54:41,201 INFO  L81    nceAwareModelManager]: Repository-Root is: /tmp
[2020-06-17 18:54:41,211 INFO  L258   ainManager$Toolchain]: [Toolchain 1]: Applicable parser(s) successfully (re)initialized
[2020-06-17 18:54:41,214 INFO  L214   ainManager$Toolchain]: [Toolchain 1]: Toolchain selected.
[2020-06-17 18:54:41,215 INFO  L271        PluginConnector]: Initializing Boogie PL CUP Parser...
[2020-06-17 18:54:41,215 INFO  L276        PluginConnector]: Boogie PL CUP Parser initialized
[2020-06-17 18:54:41,216 INFO  L418   ainManager$Toolchain]: [Toolchain 1]: Parsing single file: /home/lixie/LassoRankerExp/LassoRankerExp/./C_Boogie/Copenhagen_disj-1.bpl
[2020-06-17 18:54:41,216 INFO  L111           BoogieParser]: Parsing: '/home/lixie/LassoRankerExp/LassoRankerExp/./C_Boogie/Copenhagen_disj-1.bpl'
[2020-06-17 18:54:41,236 INFO  L296   ainManager$Toolchain]: ####################### [Toolchain 1] #######################
[2020-06-17 18:54:41,243 INFO  L131        ToolchainWalker]: Walking toolchain with 3 elements.
[2020-06-17 18:54:41,244 INFO  L113        PluginConnector]: ------------------------Boogie Preprocessor----------------------------
[2020-06-17 18:54:41,244 INFO  L271        PluginConnector]: Initializing Boogie Preprocessor...
[2020-06-17 18:54:41,244 INFO  L276        PluginConnector]: Boogie Preprocessor initialized
[2020-06-17 18:54:41,260 INFO  L185        PluginConnector]: Executing the observer EnsureBoogieModelObserver from plugin Boogie Preprocessor for "Copenhagen_disj-1.bpl de.uni_freiburg.informatik.ultimate.boogie.parser AST 17.06 06:54:41" (1/1) ...
[2020-06-17 18:54:41,261 INFO  L185        PluginConnector]: Executing the observer TypeChecker from plugin Boogie Preprocessor for "Copenhagen_disj-1.bpl de.uni_freiburg.informatik.ultimate.boogie.parser AST 17.06 06:54:41" (1/1) ...
[2020-06-17 18:54:41,265 INFO  L185        PluginConnector]: Executing the observer ConstExpander from plugin Boogie Preprocessor for "Copenhagen_disj-1.bpl de.uni_freiburg.informatik.ultimate.boogie.parser AST 17.06 06:54:41" (1/1) ...
[2020-06-17 18:54:41,265 INFO  L185        PluginConnector]: Executing the observer StructExpander from plugin Boogie Preprocessor for "Copenhagen_disj-1.bpl de.uni_freiburg.informatik.ultimate.boogie.parser AST 17.06 06:54:41" (1/1) ...
[2020-06-17 18:54:41,266 INFO  L185        PluginConnector]: Executing the observer UnstructureCode from plugin Boogie Preprocessor for "Copenhagen_disj-1.bpl de.uni_freiburg.informatik.ultimate.boogie.parser AST 17.06 06:54:41" (1/1) ...
[2020-06-17 18:54:41,269 INFO  L185        PluginConnector]: Executing the observer FunctionInliner from plugin Boogie Preprocessor for "Copenhagen_disj-1.bpl de.uni_freiburg.informatik.ultimate.boogie.parser AST 17.06 06:54:41" (1/1) ...
[2020-06-17 18:54:41,270 INFO  L185        PluginConnector]: Executing the observer BoogieSymbolTableConstructor from plugin Boogie Preprocessor for "Copenhagen_disj-1.bpl de.uni_freiburg.informatik.ultimate.boogie.parser AST 17.06 06:54:41" (1/1) ...
[2020-06-17 18:54:41,271 INFO  L132        PluginConnector]: ------------------------ END Boogie Preprocessor----------------------------
[2020-06-17 18:54:41,271 INFO  L113        PluginConnector]: ------------------------RCFGBuilder----------------------------
[2020-06-17 18:54:41,271 INFO  L271        PluginConnector]: Initializing RCFGBuilder...
[2020-06-17 18:54:41,272 INFO  L276        PluginConnector]: RCFGBuilder initialized
[2020-06-17 18:54:41,272 INFO  L185        PluginConnector]: Executing the observer RCFGBuilderObserver from plugin RCFGBuilder for "Copenhagen_disj-1.bpl de.uni_freiburg.informatik.ultimate.boogie.parser AST 17.06 06:54:41" (1/1) ...
No working directory specified, using /home/lixie/LassoRankerExp/LassoRankerExp/z3
Starting monitored process 1 with z3 SMTLIB2_COMPLIANT=true -memory:1024 -smt2 -in -t:12000 (exit command is (exit), workingDir is null)
Waiting until toolchain timeout for monitored process 1 with z3 SMTLIB2_COMPLIANT=true -memory:1024 -smt2 -in -t:12000
[2020-06-17 18:54:41,312 INFO  L124     BoogieDeclarations]: Specification and implementation of procedure main given in one single declaration
[2020-06-17 18:54:41,312 INFO  L130     BoogieDeclarations]: Found specification of procedure main
[2020-06-17 18:54:41,312 INFO  L138     BoogieDeclarations]: Found implementation of procedure main
[2020-06-17 18:54:41,393 INFO  L278             CfgBuilder]: Using library mode
[2020-06-17 18:54:41,393 INFO  L286             CfgBuilder]: Removed 0 assue(true) statements.
[2020-06-17 18:54:41,393 INFO  L202        PluginConnector]: Adding new model Copenhagen_disj-1.bpl de.uni_freiburg.informatik.ultimate.plugins.generator.rcfgbuilder CFG 17.06 06:54:41 BoogieIcfgContainer
[2020-06-17 18:54:41,394 INFO  L132        PluginConnector]: ------------------------ END RCFGBuilder----------------------------
[2020-06-17 18:54:41,394 INFO  L113        PluginConnector]: ------------------------LassoRanker----------------------------
[2020-06-17 18:54:41,394 INFO  L271        PluginConnector]: Initializing LassoRanker...
[2020-06-17 18:54:41,394 INFO  L276        PluginConnector]: LassoRanker initialized
[2020-06-17 18:54:41,394 INFO  L185        PluginConnector]: Executing the observer LassoRankerObserver from plugin LassoRanker for "Copenhagen_disj-1.bpl de.uni_freiburg.informatik.ultimate.plugins.generator.rcfgbuilder CFG 17.06 06:54:41" (1/1) ...
[2020-06-17 18:54:41,412 INFO  L72            BuchiIsEmpty]: Start buchiIsEmpty. Operand 2 states.
[2020-06-17 18:54:41,426 INFO  L131   ngComponentsAnalysis]: Automaton has 1 accepting balls. 1
[2020-06-17 18:54:41,426 INFO  L87            BuchiIsEmpty]: Finished buchiIsEmpty Result is false
[2020-06-17 18:54:41,426 INFO  L119           BuchiIsEmpty]: Starting construction of run
[2020-06-17 18:54:41,431 INFO  L104     BuchiDifferenceFKV]: Start buchiDifferenceFKV. First operand 2 states. Second operand 1 states.
[2020-06-17 18:54:41,438 INFO  L108     BuchiDifferenceFKV]: Finished buchiDifferenceFKV. First operand 2 states. Second operand 1 states. Result 3 states and 4 transitions. Complement of second has 2 states 2 powerset states0 rank states. The highest rank that occured is -1
[2020-06-17 18:54:41,438 INFO  L72            BuchiIsEmpty]: Start buchiIsEmpty. Operand 3 states and 4 transitions.
[2020-06-17 18:54:41,438 INFO  L131   ngComponentsAnalysis]: Automaton has 0 accepting balls. 0
[2020-06-17 18:54:41,439 INFO  L87            BuchiIsEmpty]: Finished buchiIsEmpty Result is true
[2020-06-17 18:54:41,478 INFO  L216          LassoAnalysis]: Preferences:
[2020-06-17 18:54:41,479 INFO  L124   ssoRankerPreferences]: Compute integeral hull: false
[2020-06-17 18:54:41,479 INFO  L125   ssoRankerPreferences]: Enable LassoPartitioneer: true
[2020-06-17 18:54:41,479 INFO  L126   ssoRankerPreferences]: Term annotations enabled: false
[2020-06-17 18:54:41,480 INFO  L127   ssoRankerPreferences]: Use exernal solver: true
[2020-06-17 18:54:41,480 INFO  L128   ssoRankerPreferences]: SMT solver command: z3 -smt2 -in SMTLIB2_COMPLIANT=true
[2020-06-17 18:54:41,480 INFO  L129   ssoRankerPreferences]: Dump SMT script to file: false
[2020-06-17 18:54:41,480 INFO  L130   ssoRankerPreferences]: Path of dumped script: .
[2020-06-17 18:54:41,480 INFO  L131   ssoRankerPreferences]: Filename of dumped script: LassoRankerScript
[2020-06-17 18:54:41,480 INFO  L132   ssoRankerPreferences]: MapElimAlgo: Frank
[2020-06-17 18:54:41,480 INFO  L282          LassoAnalysis]: Starting lasso preprocessing...
[2020-06-17 18:54:41,495 INFO  L141          MapEliminator]: Using MapEliminator with SimplificationTechnique=SIMPLIFY_DDA XnfConversionTechnique=BOTTOM_UP_WITH_LOCAL_SIMPLIFICATION AddInequalities=false OnlyTrivialImplicationsArrayWrite=false OnlyTrivialImplicationsForModifiedArguments=true OnlyArgumentsInFormula=true
[2020-06-17 18:54:41,578 INFO  L300          LassoAnalysis]: Preprocessing complete.
[2020-06-17 18:54:41,579 INFO  L412          LassoAnalysis]: Checking for nontermination...
No working directory specified, using /home/lixie/LassoRankerExp/LassoRankerExp/z3
Starting monitored process 2 with z3 -smt2 -in SMTLIB2_COMPLIANT=true (exit command is (exit), workingDir is null)
Waiting until toolchain timeout for monitored process 2 with z3 -smt2 -in SMTLIB2_COMPLIANT=true
[2020-06-17 18:54:41,585 INFO  L151   nArgumentSynthesizer]: Nontermination analysis: LINEAR_WITH_GUESSES Allow bounded executions: true Number of generalized eigenvectors: 0 Nilpotent components: true
[2020-06-17 18:54:41,585 INFO  L163   nArgumentSynthesizer]: Using integer mode.
No working directory specified, using /home/lixie/LassoRankerExp/LassoRankerExp/z3
Starting monitored process 3 with z3 -smt2 -in SMTLIB2_COMPLIANT=true (exit command is (exit), workingDir is null)
Waiting until toolchain timeout for monitored process 3 with z3 -smt2 -in SMTLIB2_COMPLIANT=true
[2020-06-17 18:54:41,606 INFO  L151   nArgumentSynthesizer]: Nontermination analysis: LINEAR_WITH_GUESSES Allow bounded executions: true Number of generalized eigenvectors: 3 Nilpotent components: true
[2020-06-17 18:54:41,607 INFO  L163   nArgumentSynthesizer]: Using integer mode.
[2020-06-17 18:54:41,631 INFO  L452          LassoAnalysis]: Proving nontermination failed: No geometric nontermination argument exists.
[2020-06-17 18:54:41,633 INFO  L216          LassoAnalysis]: Preferences:
[2020-06-17 18:54:41,633 INFO  L124   ssoRankerPreferences]: Compute integeral hull: false
[2020-06-17 18:54:41,633 INFO  L125   ssoRankerPreferences]: Enable LassoPartitioneer: true
[2020-06-17 18:54:41,633 INFO  L126   ssoRankerPreferences]: Term annotations enabled: false
[2020-06-17 18:54:41,633 INFO  L127   ssoRankerPreferences]: Use exernal solver: true
[2020-06-17 18:54:41,633 INFO  L128   ssoRankerPreferences]: SMT solver command: z3 -smt2 -in SMTLIB2_COMPLIANT=true
[2020-06-17 18:54:41,633 INFO  L129   ssoRankerPreferences]: Dump SMT script to file: false
[2020-06-17 18:54:41,633 INFO  L130   ssoRankerPreferences]: Path of dumped script: .
[2020-06-17 18:54:41,633 INFO  L131   ssoRankerPreferences]: Filename of dumped script: LassoRankerScript
[2020-06-17 18:54:41,633 INFO  L132   ssoRankerPreferences]: MapElimAlgo: Frank
[2020-06-17 18:54:41,633 INFO  L282          LassoAnalysis]: Starting lasso preprocessing...
[2020-06-17 18:54:41,634 INFO  L141          MapEliminator]: Using MapEliminator with SimplificationTechnique=SIMPLIFY_DDA XnfConversionTechnique=BOTTOM_UP_WITH_LOCAL_SIMPLIFICATION AddInequalities=false OnlyTrivialImplicationsArrayWrite=false OnlyTrivialImplicationsForModifiedArguments=true OnlyArgumentsInFormula=true
[2020-06-17 18:54:41,677 INFO  L300          LassoAnalysis]: Preprocessing complete.
[2020-06-17 18:54:41,681 INFO  L497          LassoAnalysis]: Using template 'affine'.
No working directory specified, using /home/lixie/LassoRankerExp/LassoRankerExp/z3
Starting monitored process 4 with z3 -smt2 -in SMTLIB2_COMPLIANT=true (exit command is (exit), workingDir is null)
Waiting until toolchain timeout for monitored process 4 with z3 -smt2 -in SMTLIB2_COMPLIANT=true
[2020-06-17 18:54:41,683 INFO  L122   nArgumentSynthesizer]: Termination Analysis Settings:
Termination analysis: LINEAR_WITH_GUESSES
Number of strict supporting invariants: 1
Number of non-strict supporting invariants: 0
Consider only non-deceasing supporting invariants: true
Simplify termination arguments: true
Simplify supporting invariants: trueOverapproximate stem: false
[2020-06-17 18:54:41,685 INFO  L339   nArgumentSynthesizer]: Template has degree 0.
[2020-06-17 18:54:41,685 INFO  L352   nArgumentSynthesizer]: There is no stem transition; disabling supporting invariant generation.
[2020-06-17 18:54:41,685 INFO  L205   nArgumentSynthesizer]: 1 stem disjuncts
[2020-06-17 18:54:41,686 INFO  L206   nArgumentSynthesizer]: 2 loop disjuncts
[2020-06-17 18:54:41,686 INFO  L207   nArgumentSynthesizer]: 2 template conjuncts.
[2020-06-17 18:54:41,689 INFO  L402   nArgumentSynthesizer]: We have 4 Motzkin's Theorem applications.
[2020-06-17 18:54:41,689 INFO  L403   nArgumentSynthesizer]: A total of 0 supporting invariants were added.
[2020-06-17 18:54:41,693 INFO  L530          LassoAnalysis]: Proving termination failed for this template and these settings.
[2020-06-17 18:54:41,705 INFO  L497          LassoAnalysis]: Using template '2-nested'.
No working directory specified, using /home/lixie/LassoRankerExp/LassoRankerExp/z3
Starting monitored process 5 with z3 -smt2 -in SMTLIB2_COMPLIANT=true (exit command is (exit), workingDir is null)
Waiting until toolchain timeout for monitored process 5 with z3 -smt2 -in SMTLIB2_COMPLIANT=true
[2020-06-17 18:54:41,708 INFO  L122   nArgumentSynthesizer]: Termination Analysis Settings:
Termination analysis: LINEAR_WITH_GUESSES
Number of strict supporting invariants: 1
Number of non-strict supporting invariants: 0
Consider only non-deceasing supporting invariants: true
Simplify termination arguments: true
Simplify supporting invariants: trueOverapproximate stem: false
[2020-06-17 18:54:41,709 INFO  L339   nArgumentSynthesizer]: Template has degree 0.
[2020-06-17 18:54:41,709 INFO  L352   nArgumentSynthesizer]: There is no stem transition; disabling supporting invariant generation.
[2020-06-17 18:54:41,709 INFO  L205   nArgumentSynthesizer]: 1 stem disjuncts
[2020-06-17 18:54:41,709 INFO  L206   nArgumentSynthesizer]: 2 loop disjuncts
[2020-06-17 18:54:41,709 INFO  L207   nArgumentSynthesizer]: 3 template conjuncts.
[2020-06-17 18:54:41,713 INFO  L402   nArgumentSynthesizer]: We have 6 Motzkin's Theorem applications.
[2020-06-17 18:54:41,713 INFO  L403   nArgumentSynthesizer]: A total of 0 supporting invariants were added.
[2020-06-17 18:54:41,717 INFO  L530          LassoAnalysis]: Proving termination failed for this template and these settings.
[2020-06-17 18:54:41,732 INFO  L497          LassoAnalysis]: Using template '3-nested'.
No working directory specified, using /home/lixie/LassoRankerExp/LassoRankerExp/z3
Starting monitored process 6 with z3 -smt2 -in SMTLIB2_COMPLIANT=true (exit command is (exit), workingDir is null)
Waiting until toolchain timeout for monitored process 6 with z3 -smt2 -in SMTLIB2_COMPLIANT=true
[2020-06-17 18:54:41,734 INFO  L122   nArgumentSynthesizer]: Termination Analysis Settings:
Termination analysis: LINEAR_WITH_GUESSES
Number of strict supporting invariants: 1
Number of non-strict supporting invariants: 0
Consider only non-deceasing supporting invariants: true
Simplify termination arguments: true
Simplify supporting invariants: trueOverapproximate stem: false
[2020-06-17 18:54:41,735 INFO  L339   nArgumentSynthesizer]: Template has degree 0.
[2020-06-17 18:54:41,736 INFO  L352   nArgumentSynthesizer]: There is no stem transition; disabling supporting invariant generation.
[2020-06-17 18:54:41,736 INFO  L205   nArgumentSynthesizer]: 1 stem disjuncts
[2020-06-17 18:54:41,736 INFO  L206   nArgumentSynthesizer]: 2 loop disjuncts
[2020-06-17 18:54:41,736 INFO  L207   nArgumentSynthesizer]: 4 template conjuncts.
[2020-06-17 18:54:41,740 INFO  L402   nArgumentSynthesizer]: We have 8 Motzkin's Theorem applications.
[2020-06-17 18:54:41,740 INFO  L403   nArgumentSynthesizer]: A total of 0 supporting invariants were added.
[2020-06-17 18:54:41,745 INFO  L530          LassoAnalysis]: Proving termination failed for this template and these settings.
[2020-06-17 18:54:41,767 INFO  L497          LassoAnalysis]: Using template '4-nested'.
No working directory specified, using /home/lixie/LassoRankerExp/LassoRankerExp/z3
Starting monitored process 7 with z3 -smt2 -in SMTLIB2_COMPLIANT=true (exit command is (exit), workingDir is null)
Waiting until toolchain timeout for monitored process 7 with z3 -smt2 -in SMTLIB2_COMPLIANT=true
[2020-06-17 18:54:41,769 INFO  L122   nArgumentSynthesizer]: Termination Analysis Settings:
Termination analysis: LINEAR_WITH_GUESSES
Number of strict supporting invariants: 1
Number of non-strict supporting invariants: 0
Consider only non-deceasing supporting invariants: true
Simplify termination arguments: true
Simplify supporting invariants: trueOverapproximate stem: false
[2020-06-17 18:54:41,771 INFO  L339   nArgumentSynthesizer]: Template has degree 0.
[2020-06-17 18:54:41,771 INFO  L352   nArgumentSynthesizer]: There is no stem transition; disabling supporting invariant generation.
[2020-06-17 18:54:41,771 INFO  L205   nArgumentSynthesizer]: 1 stem disjuncts
[2020-06-17 18:54:41,771 INFO  L206   nArgumentSynthesizer]: 2 loop disjuncts
[2020-06-17 18:54:41,771 INFO  L207   nArgumentSynthesizer]: 5 template conjuncts.
[2020-06-17 18:54:41,778 INFO  L402   nArgumentSynthesizer]: We have 10 Motzkin's Theorem applications.
[2020-06-17 18:54:41,778 INFO  L403   nArgumentSynthesizer]: A total of 0 supporting invariants were added.
[2020-06-17 18:54:41,785 INFO  L530          LassoAnalysis]: Proving termination failed for this template and these settings.
[2020-06-17 18:54:41,806 INFO  L497          LassoAnalysis]: Using template '2-phase'.
No working directory specified, using /home/lixie/LassoRankerExp/LassoRankerExp/z3
Starting monitored process 8 with z3 -smt2 -in SMTLIB2_COMPLIANT=true (exit command is (exit), workingDir is null)
Waiting until toolchain timeout for monitored process 8 with z3 -smt2 -in SMTLIB2_COMPLIANT=true
[2020-06-17 18:54:41,808 INFO  L122   nArgumentSynthesizer]: Termination Analysis Settings:
Termination analysis: LINEAR_WITH_GUESSES
Number of strict supporting invariants: 1
Number of non-strict supporting invariants: 0
Consider only non-deceasing supporting invariants: true
Simplify termination arguments: true
Simplify supporting invariants: trueOverapproximate stem: false
[2020-06-17 18:54:41,810 WARN  L334   nArgumentSynthesizer]: Using a linear SMT query and a templates of degree > 0, hence this method is incomplete.
[2020-06-17 18:54:41,810 INFO  L339   nArgumentSynthesizer]: Template has degree 1.
[2020-06-17 18:54:41,810 INFO  L352   nArgumentSynthesizer]: There is no stem transition; disabling supporting invariant generation.
[2020-06-17 18:54:41,810 INFO  L205   nArgumentSynthesizer]: 1 stem disjuncts
[2020-06-17 18:54:41,810 INFO  L206   nArgumentSynthesizer]: 2 loop disjuncts
[2020-06-17 18:54:41,810 INFO  L207   nArgumentSynthesizer]: 3 template conjuncts.
[2020-06-17 18:54:41,816 INFO  L402   nArgumentSynthesizer]: We have 6 Motzkin's Theorem applications.
[2020-06-17 18:54:41,816 INFO  L403   nArgumentSynthesizer]: A total of 0 supporting invariants were added.
[2020-06-17 18:54:41,828 INFO  L530          LassoAnalysis]: Proving termination failed for this template and these settings.
[2020-06-17 18:54:41,846 INFO  L497          LassoAnalysis]: Using template 'lex(affine, affine)'.
No working directory specified, using /home/lixie/LassoRankerExp/LassoRankerExp/z3
Starting monitored process 9 with z3 -smt2 -in SMTLIB2_COMPLIANT=true (exit command is (exit), workingDir is null)
Waiting until toolchain timeout for monitored process 9 with z3 -smt2 -in SMTLIB2_COMPLIANT=true
[2020-06-17 18:54:41,848 INFO  L122   nArgumentSynthesizer]: Termination Analysis Settings:
Termination analysis: LINEAR_WITH_GUESSES
Number of strict supporting invariants: 1
Number of non-strict supporting invariants: 0
Consider only non-deceasing supporting invariants: true
Simplify termination arguments: true
Simplify supporting invariants: trueOverapproximate stem: false
[2020-06-17 18:54:41,850 WARN  L334   nArgumentSynthesizer]: Using a linear SMT query and a templates of degree > 0, hence this method is incomplete.
[2020-06-17 18:54:41,850 INFO  L339   nArgumentSynthesizer]: Template has degree 5.
[2020-06-17 18:54:41,850 INFO  L352   nArgumentSynthesizer]: There is no stem transition; disabling supporting invariant generation.
[2020-06-17 18:54:41,850 INFO  L205   nArgumentSynthesizer]: 1 stem disjuncts
[2020-06-17 18:54:41,850 INFO  L206   nArgumentSynthesizer]: 2 loop disjuncts
[2020-06-17 18:54:41,850 INFO  L207   nArgumentSynthesizer]: 4 template conjuncts.
[2020-06-17 18:54:41,856 INFO  L402   nArgumentSynthesizer]: We have 8 Motzkin's Theorem applications.
[2020-06-17 18:54:41,856 INFO  L403   nArgumentSynthesizer]: A total of 0 supporting invariants were added.
[2020-06-17 18:54:41,864 INFO  L530          LassoAnalysis]: Proving termination failed for this template and these settings.
[2020-06-17 18:54:41,877 INFO  L497          LassoAnalysis]: Using template '2-piece'.
No working directory specified, using /home/lixie/LassoRankerExp/LassoRankerExp/z3
Starting monitored process 10 with z3 -smt2 -in SMTLIB2_COMPLIANT=true (exit command is (exit), workingDir is null)
Waiting until toolchain timeout for monitored process 10 with z3 -smt2 -in SMTLIB2_COMPLIANT=true
[2020-06-17 18:54:41,879 INFO  L122   nArgumentSynthesizer]: Termination Analysis Settings:
Termination analysis: LINEAR_WITH_GUESSES
Number of strict supporting invariants: 1
Number of non-strict supporting invariants: 0
Consider only non-deceasing supporting invariants: true
Simplify termination arguments: true
Simplify supporting invariants: trueOverapproximate stem: false
[2020-06-17 18:54:41,881 WARN  L334   nArgumentSynthesizer]: Using a linear SMT query and a templates of degree > 0, hence this method is incomplete.
[2020-06-17 18:54:41,881 INFO  L339   nArgumentSynthesizer]: Template has degree 7.
[2020-06-17 18:54:41,881 INFO  L352   nArgumentSynthesizer]: There is no stem transition; disabling supporting invariant generation.
[2020-06-17 18:54:41,882 INFO  L205   nArgumentSynthesizer]: 1 stem disjuncts
[2020-06-17 18:54:41,882 INFO  L206   nArgumentSynthesizer]: 2 loop disjuncts
[2020-06-17 18:54:41,882 INFO  L207   nArgumentSynthesizer]: 7 template conjuncts.
[2020-06-17 18:54:41,895 INFO  L402   nArgumentSynthesizer]: We have 14 Motzkin's Theorem applications.
[2020-06-17 18:54:41,895 INFO  L403   nArgumentSynthesizer]: A total of 0 supporting invariants were added.
[2020-06-17 18:54:41,928 INFO  L530          LassoAnalysis]: Proving termination failed for this template and these settings.
[2020-06-17 18:54:41,940 INFO  L497          LassoAnalysis]: Using template '2-parallel'.
No working directory specified, using /home/lixie/LassoRankerExp/LassoRankerExp/z3
Starting monitored process 11 with z3 -smt2 -in SMTLIB2_COMPLIANT=true (exit command is (exit), workingDir is null)
Waiting until toolchain timeout for monitored process 11 with z3 -smt2 -in SMTLIB2_COMPLIANT=true
[2020-06-17 18:54:41,942 INFO  L122   nArgumentSynthesizer]: Termination Analysis Settings:
Termination analysis: LINEAR_WITH_GUESSES
Number of strict supporting invariants: 1
Number of non-strict supporting invariants: 0
Consider only non-deceasing supporting invariants: true
Simplify termination arguments: true
Simplify supporting invariants: trueOverapproximate stem: false
[2020-06-17 18:54:41,943 WARN  L334   nArgumentSynthesizer]: Using a linear SMT query and a templates of degree > 0, hence this method is incomplete.
[2020-06-17 18:54:41,943 INFO  L339   nArgumentSynthesizer]: Template has degree 4.
[2020-06-17 18:54:41,943 INFO  L352   nArgumentSynthesizer]: There is no stem transition; disabling supporting invariant generation.
[2020-06-17 18:54:41,943 INFO  L205   nArgumentSynthesizer]: 1 stem disjuncts
[2020-06-17 18:54:41,944 INFO  L206   nArgumentSynthesizer]: 2 loop disjuncts
[2020-06-17 18:54:41,944 INFO  L207   nArgumentSynthesizer]: 6 template conjuncts.
[2020-06-17 18:54:41,950 INFO  L402   nArgumentSynthesizer]: We have 12 Motzkin's Theorem applications.
[2020-06-17 18:54:41,950 INFO  L403   nArgumentSynthesizer]: A total of 0 supporting invariants were added.
[2020-06-17 18:54:41,967 INFO  L530          LassoAnalysis]: Proving termination failed for this template and these settings.
[2020-06-17 18:54:41,980 INFO  L489     LassoRankerStarter]: LassoRanker could not prove termination or nontermination of the given linear lasso program.
Templates: AffineTemplate NestedTemplate NestedTemplate NestedTemplate MultiphaseTemplate ComposedLexicographicTemplate PiecewiseTemplate ParallelTemplate
[2020-06-17 18:54:41,981 INFO  L132        PluginConnector]: ------------------------ END LassoRanker----------------------------
[2020-06-17 18:54:41,981 INFO  L168              Benchmark]: Toolchain (without parser) took 744.84 ms. Allocated memory is still 514.9 MB. Free memory was 472.9 MB in the beginning and 369.3 MB in the end (delta: 103.6 MB). Peak memory consumption was 103.6 MB. Max. memory is 11.5 GB.
[2020-06-17 18:54:41,982 INFO  L168              Benchmark]: Boogie PL CUP Parser took 0.11 ms. Allocated memory is still 514.9 MB. Free memory is still 474.4 MB. There was no memory consumed. Max. memory is 11.5 GB.
[2020-06-17 18:54:41,982 INFO  L168              Benchmark]: Boogie Preprocessor took 27.10 ms. Allocated memory is still 514.9 MB. Free memory was 471.6 MB in the beginning and 470.2 MB in the end (delta: 1.3 MB). Peak memory consumption was 1.3 MB. Max. memory is 11.5 GB.
[2020-06-17 18:54:41,983 INFO  L168              Benchmark]: RCFGBuilder took 122.38 ms. Allocated memory is still 514.9 MB. Free memory was 470.2 MB in the beginning and 460.7 MB in the end (delta: 9.5 MB). Peak memory consumption was 9.5 MB. Max. memory is 11.5 GB.
[2020-06-17 18:54:41,983 INFO  L168              Benchmark]: LassoRanker took 586.70 ms. Allocated memory is still 514.9 MB. Free memory was 460.7 MB in the beginning and 369.3 MB in the end (delta: 91.3 MB). Peak memory consumption was 91.3 MB. Max. memory is 11.5 GB.
[2020-06-17 18:54:41,985 INFO  L336   ainManager$Toolchain]: #######################  End [Toolchain 1] #######################
 --- Results ---
 * Results from de.uni_freiburg.informatik.ultimate.core:
  - StatisticsResult: Toolchain Benchmarks
    Benchmark results are:
 * Boogie PL CUP Parser took 0.11 ms. Allocated memory is still 514.9 MB. Free memory is still 474.4 MB. There was no memory consumed. Max. memory is 11.5 GB.
 * Boogie Preprocessor took 27.10 ms. Allocated memory is still 514.9 MB. Free memory was 471.6 MB in the beginning and 470.2 MB in the end (delta: 1.3 MB). Peak memory consumption was 1.3 MB. Max. memory is 11.5 GB.
 * RCFGBuilder took 122.38 ms. Allocated memory is still 514.9 MB. Free memory was 470.2 MB in the beginning and 460.7 MB in the end (delta: 9.5 MB). Peak memory consumption was 9.5 MB. Max. memory is 11.5 GB.
 * LassoRanker took 586.70 ms. Allocated memory is still 514.9 MB. Free memory was 460.7 MB in the beginning and 369.3 MB in the end (delta: 91.3 MB). Peak memory consumption was 91.3 MB. Max. memory is 11.5 GB.
 * Results from de.uni_freiburg.informatik.ultimate.plugins.analysis.lassoranker:
  - NoResult [Line: 1]: LassoRanker could not prove termination
    LassoRanker could not prove termination or nontermination of the given linear lasso program.
Templates: AffineTemplate NestedTemplate NestedTemplate NestedTemplate MultiphaseTemplate ComposedLexicographicTemplate PiecewiseTemplate ParallelTemplate
RESULT: Ultimate could not prove your program: Toolchain returned no result.
Received shutdown request...
Ultimate:
GTK+ Version Check
