This is Ultimate 0.1.24-16d85fa
[2020-06-17 18:54:47,113 INFO  L170        SettingsManager]: Resetting all preferences to default values...
[2020-06-17 18:54:47,115 INFO  L174        SettingsManager]: Resetting UltimateCore preferences to default values
[2020-06-17 18:54:47,124 INFO  L177        SettingsManager]: Ultimate Commandline Interface provides no preferences, ignoring...
[2020-06-17 18:54:47,124 INFO  L174        SettingsManager]: Resetting Boogie Preprocessor preferences to default values
[2020-06-17 18:54:47,125 INFO  L174        SettingsManager]: Resetting Boogie Procedure Inliner preferences to default values
[2020-06-17 18:54:47,126 INFO  L174        SettingsManager]: Resetting Abstract Interpretation preferences to default values
[2020-06-17 18:54:47,127 INFO  L174        SettingsManager]: Resetting LassoRanker preferences to default values
[2020-06-17 18:54:47,128 INFO  L174        SettingsManager]: Resetting Reaching Definitions preferences to default values
[2020-06-17 18:54:47,128 INFO  L174        SettingsManager]: Resetting SyntaxChecker preferences to default values
[2020-06-17 18:54:47,129 INFO  L177        SettingsManager]: Büchi Program Product provides no preferences, ignoring...
[2020-06-17 18:54:47,129 INFO  L174        SettingsManager]: Resetting LTL2Aut preferences to default values
[2020-06-17 18:54:47,129 INFO  L174        SettingsManager]: Resetting PEA to Boogie preferences to default values
[2020-06-17 18:54:47,130 INFO  L174        SettingsManager]: Resetting BlockEncodingV2 preferences to default values
[2020-06-17 18:54:47,130 INFO  L174        SettingsManager]: Resetting ChcToBoogie preferences to default values
[2020-06-17 18:54:47,131 INFO  L174        SettingsManager]: Resetting AutomataScriptInterpreter preferences to default values
[2020-06-17 18:54:47,131 INFO  L174        SettingsManager]: Resetting BuchiAutomizer preferences to default values
[2020-06-17 18:54:47,132 INFO  L174        SettingsManager]: Resetting CACSL2BoogieTranslator preferences to default values
[2020-06-17 18:54:47,134 INFO  L174        SettingsManager]: Resetting CodeCheck preferences to default values
[2020-06-17 18:54:47,135 INFO  L174        SettingsManager]: Resetting InvariantSynthesis preferences to default values
[2020-06-17 18:54:47,136 INFO  L174        SettingsManager]: Resetting RCFGBuilder preferences to default values
[2020-06-17 18:54:47,136 INFO  L174        SettingsManager]: Resetting TraceAbstraction preferences to default values
[2020-06-17 18:54:47,138 INFO  L177        SettingsManager]: TraceAbstractionConcurrent provides no preferences, ignoring...
[2020-06-17 18:54:47,138 INFO  L177        SettingsManager]: TraceAbstractionWithAFAs provides no preferences, ignoring...
[2020-06-17 18:54:47,138 INFO  L174        SettingsManager]: Resetting TreeAutomizer preferences to default values
[2020-06-17 18:54:47,139 INFO  L174        SettingsManager]: Resetting IcfgTransformer preferences to default values
[2020-06-17 18:54:47,140 INFO  L174        SettingsManager]: Resetting Boogie Printer preferences to default values
[2020-06-17 18:54:47,140 INFO  L174        SettingsManager]: Resetting ReqPrinter preferences to default values
[2020-06-17 18:54:47,141 INFO  L174        SettingsManager]: Resetting Witness Printer preferences to default values
[2020-06-17 18:54:47,141 INFO  L177        SettingsManager]: Boogie PL CUP Parser provides no preferences, ignoring...
[2020-06-17 18:54:47,141 INFO  L174        SettingsManager]: Resetting CDTParser preferences to default values
[2020-06-17 18:54:47,142 INFO  L177        SettingsManager]: AutomataScriptParser provides no preferences, ignoring...
[2020-06-17 18:54:47,142 INFO  L177        SettingsManager]: ReqParser provides no preferences, ignoring...
[2020-06-17 18:54:47,142 INFO  L174        SettingsManager]: Resetting SmtParser preferences to default values
[2020-06-17 18:54:47,143 INFO  L174        SettingsManager]: Resetting Witness Parser preferences to default values
[2020-06-17 18:54:47,143 INFO  L181        SettingsManager]: Finished resetting all preferences to default values...
[2020-06-17 18:54:47,159 INFO  L81    nceAwareModelManager]: Repository-Root is: /tmp
[2020-06-17 18:54:47,170 INFO  L258   ainManager$Toolchain]: [Toolchain 1]: Applicable parser(s) successfully (re)initialized
[2020-06-17 18:54:47,172 INFO  L214   ainManager$Toolchain]: [Toolchain 1]: Toolchain selected.
[2020-06-17 18:54:47,173 INFO  L271        PluginConnector]: Initializing Boogie PL CUP Parser...
[2020-06-17 18:54:47,174 INFO  L276        PluginConnector]: Boogie PL CUP Parser initialized
[2020-06-17 18:54:47,174 INFO  L418   ainManager$Toolchain]: [Toolchain 1]: Parsing single file: /home/lixie/LassoRankerExp/LassoRankerExp/./C_Boogie/Even_false-no-overflow_false-termination.bpl
[2020-06-17 18:54:47,175 INFO  L111           BoogieParser]: Parsing: '/home/lixie/LassoRankerExp/LassoRankerExp/./C_Boogie/Even_false-no-overflow_false-termination.bpl'
[2020-06-17 18:54:47,195 INFO  L296   ainManager$Toolchain]: ####################### [Toolchain 1] #######################
[2020-06-17 18:54:47,203 INFO  L131        ToolchainWalker]: Walking toolchain with 3 elements.
[2020-06-17 18:54:47,204 INFO  L113        PluginConnector]: ------------------------Boogie Preprocessor----------------------------
[2020-06-17 18:54:47,204 INFO  L271        PluginConnector]: Initializing Boogie Preprocessor...
[2020-06-17 18:54:47,204 INFO  L276        PluginConnector]: Boogie Preprocessor initialized
[2020-06-17 18:54:47,224 INFO  L185        PluginConnector]: Executing the observer EnsureBoogieModelObserver from plugin Boogie Preprocessor for "Even_false-no-overflow_false-termination.bpl de.uni_freiburg.informatik.ultimate.boogie.parser AST 17.06 06:54:47" (1/1) ...
[2020-06-17 18:54:47,226 INFO  L185        PluginConnector]: Executing the observer TypeChecker from plugin Boogie Preprocessor for "Even_false-no-overflow_false-termination.bpl de.uni_freiburg.informatik.ultimate.boogie.parser AST 17.06 06:54:47" (1/1) ...
[2020-06-17 18:54:47,231 INFO  L185        PluginConnector]: Executing the observer ConstExpander from plugin Boogie Preprocessor for "Even_false-no-overflow_false-termination.bpl de.uni_freiburg.informatik.ultimate.boogie.parser AST 17.06 06:54:47" (1/1) ...
[2020-06-17 18:54:47,231 INFO  L185        PluginConnector]: Executing the observer StructExpander from plugin Boogie Preprocessor for "Even_false-no-overflow_false-termination.bpl de.uni_freiburg.informatik.ultimate.boogie.parser AST 17.06 06:54:47" (1/1) ...
[2020-06-17 18:54:47,232 INFO  L185        PluginConnector]: Executing the observer UnstructureCode from plugin Boogie Preprocessor for "Even_false-no-overflow_false-termination.bpl de.uni_freiburg.informatik.ultimate.boogie.parser AST 17.06 06:54:47" (1/1) ...
[2020-06-17 18:54:47,235 INFO  L185        PluginConnector]: Executing the observer FunctionInliner from plugin Boogie Preprocessor for "Even_false-no-overflow_false-termination.bpl de.uni_freiburg.informatik.ultimate.boogie.parser AST 17.06 06:54:47" (1/1) ...
[2020-06-17 18:54:47,235 INFO  L185        PluginConnector]: Executing the observer BoogieSymbolTableConstructor from plugin Boogie Preprocessor for "Even_false-no-overflow_false-termination.bpl de.uni_freiburg.informatik.ultimate.boogie.parser AST 17.06 06:54:47" (1/1) ...
[2020-06-17 18:54:47,236 INFO  L132        PluginConnector]: ------------------------ END Boogie Preprocessor----------------------------
[2020-06-17 18:54:47,236 INFO  L113        PluginConnector]: ------------------------RCFGBuilder----------------------------
[2020-06-17 18:54:47,236 INFO  L271        PluginConnector]: Initializing RCFGBuilder...
[2020-06-17 18:54:47,237 INFO  L276        PluginConnector]: RCFGBuilder initialized
[2020-06-17 18:54:47,237 INFO  L185        PluginConnector]: Executing the observer RCFGBuilderObserver from plugin RCFGBuilder for "Even_false-no-overflow_false-termination.bpl de.uni_freiburg.informatik.ultimate.boogie.parser AST 17.06 06:54:47" (1/1) ...
No working directory specified, using /home/lixie/LassoRankerExp/LassoRankerExp/z3
Starting monitored process 1 with z3 SMTLIB2_COMPLIANT=true -memory:1024 -smt2 -in -t:12000 (exit command is (exit), workingDir is null)
Waiting until toolchain timeout for monitored process 1 with z3 SMTLIB2_COMPLIANT=true -memory:1024 -smt2 -in -t:12000
[2020-06-17 18:54:47,273 INFO  L124     BoogieDeclarations]: Specification and implementation of procedure main given in one single declaration
[2020-06-17 18:54:47,273 INFO  L130     BoogieDeclarations]: Found specification of procedure main
[2020-06-17 18:54:47,274 INFO  L138     BoogieDeclarations]: Found implementation of procedure main
[2020-06-17 18:54:47,337 INFO  L278             CfgBuilder]: Using library mode
[2020-06-17 18:54:47,337 INFO  L286             CfgBuilder]: Removed 0 assue(true) statements.
[2020-06-17 18:54:47,339 INFO  L202        PluginConnector]: Adding new model Even_false-no-overflow_false-termination.bpl de.uni_freiburg.informatik.ultimate.plugins.generator.rcfgbuilder CFG 17.06 06:54:47 BoogieIcfgContainer
[2020-06-17 18:54:47,339 INFO  L132        PluginConnector]: ------------------------ END RCFGBuilder----------------------------
[2020-06-17 18:54:47,339 INFO  L113        PluginConnector]: ------------------------LassoRanker----------------------------
[2020-06-17 18:54:47,339 INFO  L271        PluginConnector]: Initializing LassoRanker...
[2020-06-17 18:54:47,340 INFO  L276        PluginConnector]: LassoRanker initialized
[2020-06-17 18:54:47,340 INFO  L185        PluginConnector]: Executing the observer LassoRankerObserver from plugin LassoRanker for "Even_false-no-overflow_false-termination.bpl de.uni_freiburg.informatik.ultimate.plugins.generator.rcfgbuilder CFG 17.06 06:54:47" (1/1) ...
[2020-06-17 18:54:47,359 INFO  L72            BuchiIsEmpty]: Start buchiIsEmpty. Operand 2 states.
[2020-06-17 18:54:47,374 INFO  L131   ngComponentsAnalysis]: Automaton has 1 accepting balls. 1
[2020-06-17 18:54:47,374 INFO  L87            BuchiIsEmpty]: Finished buchiIsEmpty Result is false
[2020-06-17 18:54:47,374 INFO  L119           BuchiIsEmpty]: Starting construction of run
[2020-06-17 18:54:47,379 INFO  L104     BuchiDifferenceFKV]: Start buchiDifferenceFKV. First operand 2 states. Second operand 1 states.
[2020-06-17 18:54:47,387 INFO  L108     BuchiDifferenceFKV]: Finished buchiDifferenceFKV. First operand 2 states. Second operand 1 states. Result 3 states and 4 transitions. Complement of second has 2 states 2 powerset states0 rank states. The highest rank that occured is -1
[2020-06-17 18:54:47,387 INFO  L72            BuchiIsEmpty]: Start buchiIsEmpty. Operand 3 states and 4 transitions.
[2020-06-17 18:54:47,387 INFO  L131   ngComponentsAnalysis]: Automaton has 0 accepting balls. 0
[2020-06-17 18:54:47,387 INFO  L87            BuchiIsEmpty]: Finished buchiIsEmpty Result is true
[2020-06-17 18:54:47,417 INFO  L216          LassoAnalysis]: Preferences:
[2020-06-17 18:54:47,418 INFO  L124   ssoRankerPreferences]: Compute integeral hull: false
[2020-06-17 18:54:47,418 INFO  L125   ssoRankerPreferences]: Enable LassoPartitioneer: true
[2020-06-17 18:54:47,418 INFO  L126   ssoRankerPreferences]: Term annotations enabled: false
[2020-06-17 18:54:47,418 INFO  L127   ssoRankerPreferences]: Use exernal solver: true
[2020-06-17 18:54:47,418 INFO  L128   ssoRankerPreferences]: SMT solver command: z3 -smt2 -in SMTLIB2_COMPLIANT=true
[2020-06-17 18:54:47,419 INFO  L129   ssoRankerPreferences]: Dump SMT script to file: false
[2020-06-17 18:54:47,419 INFO  L130   ssoRankerPreferences]: Path of dumped script: .
[2020-06-17 18:54:47,419 INFO  L131   ssoRankerPreferences]: Filename of dumped script: LassoRankerScript
[2020-06-17 18:54:47,419 INFO  L132   ssoRankerPreferences]: MapElimAlgo: Frank
[2020-06-17 18:54:47,419 INFO  L282          LassoAnalysis]: Starting lasso preprocessing...
[2020-06-17 18:54:47,432 INFO  L141          MapEliminator]: Using MapEliminator with SimplificationTechnique=SIMPLIFY_DDA XnfConversionTechnique=BOTTOM_UP_WITH_LOCAL_SIMPLIFICATION AddInequalities=false OnlyTrivialImplicationsArrayWrite=false OnlyTrivialImplicationsForModifiedArguments=true OnlyArgumentsInFormula=true
[2020-06-17 18:54:47,510 INFO  L300          LassoAnalysis]: Preprocessing complete.
[2020-06-17 18:54:47,511 INFO  L412          LassoAnalysis]: Checking for nontermination...
No working directory specified, using /home/lixie/LassoRankerExp/LassoRankerExp/z3
Starting monitored process 2 with z3 -smt2 -in SMTLIB2_COMPLIANT=true (exit command is (exit), workingDir is null)
Waiting until toolchain timeout for monitored process 2 with z3 -smt2 -in SMTLIB2_COMPLIANT=true
[2020-06-17 18:54:47,514 INFO  L151   nArgumentSynthesizer]: Nontermination analysis: LINEAR_WITH_GUESSES Allow bounded executions: true Number of generalized eigenvectors: 0 Nilpotent components: true
[2020-06-17 18:54:47,514 INFO  L163   nArgumentSynthesizer]: Using integer mode.
No working directory specified, using /home/lixie/LassoRankerExp/LassoRankerExp/z3
Starting monitored process 3 with z3 -smt2 -in SMTLIB2_COMPLIANT=true (exit command is (exit), workingDir is null)
Waiting until toolchain timeout for monitored process 3 with z3 -smt2 -in SMTLIB2_COMPLIANT=true
[2020-06-17 18:54:47,532 INFO  L151   nArgumentSynthesizer]: Nontermination analysis: LINEAR_WITH_GUESSES Allow bounded executions: true Number of generalized eigenvectors: 3 Nilpotent components: true
[2020-06-17 18:54:47,532 INFO  L163   nArgumentSynthesizer]: Using integer mode.
[2020-06-17 18:54:47,551 INFO  L452          LassoAnalysis]: Proving nontermination failed: No geometric nontermination argument exists.
[2020-06-17 18:54:47,553 INFO  L216          LassoAnalysis]: Preferences:
[2020-06-17 18:54:47,553 INFO  L124   ssoRankerPreferences]: Compute integeral hull: false
[2020-06-17 18:54:47,553 INFO  L125   ssoRankerPreferences]: Enable LassoPartitioneer: true
[2020-06-17 18:54:47,553 INFO  L126   ssoRankerPreferences]: Term annotations enabled: false
[2020-06-17 18:54:47,553 INFO  L127   ssoRankerPreferences]: Use exernal solver: true
[2020-06-17 18:54:47,553 INFO  L128   ssoRankerPreferences]: SMT solver command: z3 -smt2 -in SMTLIB2_COMPLIANT=true
[2020-06-17 18:54:47,553 INFO  L129   ssoRankerPreferences]: Dump SMT script to file: false
[2020-06-17 18:54:47,553 INFO  L130   ssoRankerPreferences]: Path of dumped script: .
[2020-06-17 18:54:47,554 INFO  L131   ssoRankerPreferences]: Filename of dumped script: LassoRankerScript
[2020-06-17 18:54:47,554 INFO  L132   ssoRankerPreferences]: MapElimAlgo: Frank
[2020-06-17 18:54:47,554 INFO  L282          LassoAnalysis]: Starting lasso preprocessing...
[2020-06-17 18:54:47,555 INFO  L141          MapEliminator]: Using MapEliminator with SimplificationTechnique=SIMPLIFY_DDA XnfConversionTechnique=BOTTOM_UP_WITH_LOCAL_SIMPLIFICATION AddInequalities=false OnlyTrivialImplicationsArrayWrite=false OnlyTrivialImplicationsForModifiedArguments=true OnlyArgumentsInFormula=true
[2020-06-17 18:54:47,615 INFO  L300          LassoAnalysis]: Preprocessing complete.
[2020-06-17 18:54:47,619 INFO  L497          LassoAnalysis]: Using template 'affine'.
No working directory specified, using /home/lixie/LassoRankerExp/LassoRankerExp/z3
Starting monitored process 4 with z3 -smt2 -in SMTLIB2_COMPLIANT=true (exit command is (exit), workingDir is null)
Waiting until toolchain timeout for monitored process 4 with z3 -smt2 -in SMTLIB2_COMPLIANT=true
[2020-06-17 18:54:47,621 INFO  L122   nArgumentSynthesizer]: Termination Analysis Settings:
Termination analysis: LINEAR_WITH_GUESSES
Number of strict supporting invariants: 1
Number of non-strict supporting invariants: 0
Consider only non-deceasing supporting invariants: true
Simplify termination arguments: true
Simplify supporting invariants: trueOverapproximate stem: false
[2020-06-17 18:54:47,623 INFO  L339   nArgumentSynthesizer]: Template has degree 0.
[2020-06-17 18:54:47,623 INFO  L352   nArgumentSynthesizer]: There is no stem transition; disabling supporting invariant generation.
[2020-06-17 18:54:47,624 INFO  L205   nArgumentSynthesizer]: 1 stem disjuncts
[2020-06-17 18:54:47,624 INFO  L206   nArgumentSynthesizer]: 2 loop disjuncts
[2020-06-17 18:54:47,624 INFO  L207   nArgumentSynthesizer]: 2 template conjuncts.
[2020-06-17 18:54:47,627 INFO  L402   nArgumentSynthesizer]: We have 4 Motzkin's Theorem applications.
[2020-06-17 18:54:47,628 INFO  L403   nArgumentSynthesizer]: A total of 0 supporting invariants were added.
[2020-06-17 18:54:47,630 INFO  L530          LassoAnalysis]: Proving termination failed for this template and these settings.
[2020-06-17 18:54:47,642 INFO  L497          LassoAnalysis]: Using template '2-nested'.
No working directory specified, using /home/lixie/LassoRankerExp/LassoRankerExp/z3
Starting monitored process 5 with z3 -smt2 -in SMTLIB2_COMPLIANT=true (exit command is (exit), workingDir is null)
Waiting until toolchain timeout for monitored process 5 with z3 -smt2 -in SMTLIB2_COMPLIANT=true
[2020-06-17 18:54:47,644 INFO  L122   nArgumentSynthesizer]: Termination Analysis Settings:
Termination analysis: LINEAR_WITH_GUESSES
Number of strict supporting invariants: 1
Number of non-strict supporting invariants: 0
Consider only non-deceasing supporting invariants: true
Simplify termination arguments: true
Simplify supporting invariants: trueOverapproximate stem: false
[2020-06-17 18:54:47,645 INFO  L339   nArgumentSynthesizer]: Template has degree 0.
[2020-06-17 18:54:47,646 INFO  L352   nArgumentSynthesizer]: There is no stem transition; disabling supporting invariant generation.
[2020-06-17 18:54:47,646 INFO  L205   nArgumentSynthesizer]: 1 stem disjuncts
[2020-06-17 18:54:47,646 INFO  L206   nArgumentSynthesizer]: 2 loop disjuncts
[2020-06-17 18:54:47,646 INFO  L207   nArgumentSynthesizer]: 3 template conjuncts.
[2020-06-17 18:54:47,649 INFO  L402   nArgumentSynthesizer]: We have 6 Motzkin's Theorem applications.
[2020-06-17 18:54:47,649 INFO  L403   nArgumentSynthesizer]: A total of 0 supporting invariants were added.
[2020-06-17 18:54:47,652 INFO  L530          LassoAnalysis]: Proving termination failed for this template and these settings.
[2020-06-17 18:54:47,664 INFO  L497          LassoAnalysis]: Using template '3-nested'.
No working directory specified, using /home/lixie/LassoRankerExp/LassoRankerExp/z3
Starting monitored process 6 with z3 -smt2 -in SMTLIB2_COMPLIANT=true (exit command is (exit), workingDir is null)
Waiting until toolchain timeout for monitored process 6 with z3 -smt2 -in SMTLIB2_COMPLIANT=true
[2020-06-17 18:54:47,666 INFO  L122   nArgumentSynthesizer]: Termination Analysis Settings:
Termination analysis: LINEAR_WITH_GUESSES
Number of strict supporting invariants: 1
Number of non-strict supporting invariants: 0
Consider only non-deceasing supporting invariants: true
Simplify termination arguments: true
Simplify supporting invariants: trueOverapproximate stem: false
[2020-06-17 18:54:47,667 INFO  L339   nArgumentSynthesizer]: Template has degree 0.
[2020-06-17 18:54:47,667 INFO  L352   nArgumentSynthesizer]: There is no stem transition; disabling supporting invariant generation.
[2020-06-17 18:54:47,668 INFO  L205   nArgumentSynthesizer]: 1 stem disjuncts
[2020-06-17 18:54:47,668 INFO  L206   nArgumentSynthesizer]: 2 loop disjuncts
[2020-06-17 18:54:47,668 INFO  L207   nArgumentSynthesizer]: 4 template conjuncts.
[2020-06-17 18:54:47,670 INFO  L402   nArgumentSynthesizer]: We have 8 Motzkin's Theorem applications.
[2020-06-17 18:54:47,670 INFO  L403   nArgumentSynthesizer]: A total of 0 supporting invariants were added.
[2020-06-17 18:54:47,673 INFO  L530          LassoAnalysis]: Proving termination failed for this template and these settings.
[2020-06-17 18:54:47,692 INFO  L497          LassoAnalysis]: Using template '4-nested'.
No working directory specified, using /home/lixie/LassoRankerExp/LassoRankerExp/z3
Starting monitored process 7 with z3 -smt2 -in SMTLIB2_COMPLIANT=true (exit command is (exit), workingDir is null)
Waiting until toolchain timeout for monitored process 7 with z3 -smt2 -in SMTLIB2_COMPLIANT=true
[2020-06-17 18:54:47,694 INFO  L122   nArgumentSynthesizer]: Termination Analysis Settings:
Termination analysis: LINEAR_WITH_GUESSES
Number of strict supporting invariants: 1
Number of non-strict supporting invariants: 0
Consider only non-deceasing supporting invariants: true
Simplify termination arguments: true
Simplify supporting invariants: trueOverapproximate stem: false
[2020-06-17 18:54:47,695 INFO  L339   nArgumentSynthesizer]: Template has degree 0.
[2020-06-17 18:54:47,696 INFO  L352   nArgumentSynthesizer]: There is no stem transition; disabling supporting invariant generation.
[2020-06-17 18:54:47,696 INFO  L205   nArgumentSynthesizer]: 1 stem disjuncts
[2020-06-17 18:54:47,696 INFO  L206   nArgumentSynthesizer]: 2 loop disjuncts
[2020-06-17 18:54:47,696 INFO  L207   nArgumentSynthesizer]: 5 template conjuncts.
[2020-06-17 18:54:47,699 INFO  L402   nArgumentSynthesizer]: We have 10 Motzkin's Theorem applications.
[2020-06-17 18:54:47,699 INFO  L403   nArgumentSynthesizer]: A total of 0 supporting invariants were added.
[2020-06-17 18:54:47,702 INFO  L530          LassoAnalysis]: Proving termination failed for this template and these settings.
[2020-06-17 18:54:47,715 INFO  L497          LassoAnalysis]: Using template '2-phase'.
No working directory specified, using /home/lixie/LassoRankerExp/LassoRankerExp/z3
Starting monitored process 8 with z3 -smt2 -in SMTLIB2_COMPLIANT=true (exit command is (exit), workingDir is null)
Waiting until toolchain timeout for monitored process 8 with z3 -smt2 -in SMTLIB2_COMPLIANT=true
[2020-06-17 18:54:47,716 INFO  L122   nArgumentSynthesizer]: Termination Analysis Settings:
Termination analysis: LINEAR_WITH_GUESSES
Number of strict supporting invariants: 1
Number of non-strict supporting invariants: 0
Consider only non-deceasing supporting invariants: true
Simplify termination arguments: true
Simplify supporting invariants: trueOverapproximate stem: false
[2020-06-17 18:54:47,718 WARN  L334   nArgumentSynthesizer]: Using a linear SMT query and a templates of degree > 0, hence this method is incomplete.
[2020-06-17 18:54:47,718 INFO  L339   nArgumentSynthesizer]: Template has degree 1.
[2020-06-17 18:54:47,718 INFO  L352   nArgumentSynthesizer]: There is no stem transition; disabling supporting invariant generation.
[2020-06-17 18:54:47,718 INFO  L205   nArgumentSynthesizer]: 1 stem disjuncts
[2020-06-17 18:54:47,718 INFO  L206   nArgumentSynthesizer]: 2 loop disjuncts
[2020-06-17 18:54:47,718 INFO  L207   nArgumentSynthesizer]: 3 template conjuncts.
[2020-06-17 18:54:47,721 INFO  L402   nArgumentSynthesizer]: We have 6 Motzkin's Theorem applications.
[2020-06-17 18:54:47,721 INFO  L403   nArgumentSynthesizer]: A total of 0 supporting invariants were added.
[2020-06-17 18:54:47,727 INFO  L530          LassoAnalysis]: Proving termination failed for this template and these settings.
[2020-06-17 18:54:47,739 INFO  L497          LassoAnalysis]: Using template 'lex(affine, affine)'.
No working directory specified, using /home/lixie/LassoRankerExp/LassoRankerExp/z3
Starting monitored process 9 with z3 -smt2 -in SMTLIB2_COMPLIANT=true (exit command is (exit), workingDir is null)
Waiting until toolchain timeout for monitored process 9 with z3 -smt2 -in SMTLIB2_COMPLIANT=true
[2020-06-17 18:54:47,741 INFO  L122   nArgumentSynthesizer]: Termination Analysis Settings:
Termination analysis: LINEAR_WITH_GUESSES
Number of strict supporting invariants: 1
Number of non-strict supporting invariants: 0
Consider only non-deceasing supporting invariants: true
Simplify termination arguments: true
Simplify supporting invariants: trueOverapproximate stem: false
[2020-06-17 18:54:47,743 WARN  L334   nArgumentSynthesizer]: Using a linear SMT query and a templates of degree > 0, hence this method is incomplete.
[2020-06-17 18:54:47,743 INFO  L339   nArgumentSynthesizer]: Template has degree 5.
[2020-06-17 18:54:47,743 INFO  L352   nArgumentSynthesizer]: There is no stem transition; disabling supporting invariant generation.
[2020-06-17 18:54:47,743 INFO  L205   nArgumentSynthesizer]: 1 stem disjuncts
[2020-06-17 18:54:47,743 INFO  L206   nArgumentSynthesizer]: 2 loop disjuncts
[2020-06-17 18:54:47,743 INFO  L207   nArgumentSynthesizer]: 4 template conjuncts.
[2020-06-17 18:54:47,746 INFO  L402   nArgumentSynthesizer]: We have 8 Motzkin's Theorem applications.
[2020-06-17 18:54:47,747 INFO  L403   nArgumentSynthesizer]: A total of 0 supporting invariants were added.
[2020-06-17 18:54:47,751 INFO  L530          LassoAnalysis]: Proving termination failed for this template and these settings.
[2020-06-17 18:54:47,763 INFO  L497          LassoAnalysis]: Using template '2-piece'.
No working directory specified, using /home/lixie/LassoRankerExp/LassoRankerExp/z3
Starting monitored process 10 with z3 -smt2 -in SMTLIB2_COMPLIANT=true (exit command is (exit), workingDir is null)
Waiting until toolchain timeout for monitored process 10 with z3 -smt2 -in SMTLIB2_COMPLIANT=true
[2020-06-17 18:54:47,765 INFO  L122   nArgumentSynthesizer]: Termination Analysis Settings:
Termination analysis: LINEAR_WITH_GUESSES
Number of strict supporting invariants: 1
Number of non-strict supporting invariants: 0
Consider only non-deceasing supporting invariants: true
Simplify termination arguments: true
Simplify supporting invariants: trueOverapproximate stem: false
[2020-06-17 18:54:47,766 WARN  L334   nArgumentSynthesizer]: Using a linear SMT query and a templates of degree > 0, hence this method is incomplete.
[2020-06-17 18:54:47,767 INFO  L339   nArgumentSynthesizer]: Template has degree 7.
[2020-06-17 18:54:47,767 INFO  L352   nArgumentSynthesizer]: There is no stem transition; disabling supporting invariant generation.
[2020-06-17 18:54:47,767 INFO  L205   nArgumentSynthesizer]: 1 stem disjuncts
[2020-06-17 18:54:47,767 INFO  L206   nArgumentSynthesizer]: 2 loop disjuncts
[2020-06-17 18:54:47,767 INFO  L207   nArgumentSynthesizer]: 7 template conjuncts.
[2020-06-17 18:54:47,773 INFO  L402   nArgumentSynthesizer]: We have 14 Motzkin's Theorem applications.
[2020-06-17 18:54:47,773 INFO  L403   nArgumentSynthesizer]: A total of 0 supporting invariants were added.
[2020-06-17 18:54:47,792 INFO  L530          LassoAnalysis]: Proving termination failed for this template and these settings.
[2020-06-17 18:54:47,805 INFO  L497          LassoAnalysis]: Using template '2-parallel'.
No working directory specified, using /home/lixie/LassoRankerExp/LassoRankerExp/z3
Starting monitored process 11 with z3 -smt2 -in SMTLIB2_COMPLIANT=true (exit command is (exit), workingDir is null)
Waiting until toolchain timeout for monitored process 11 with z3 -smt2 -in SMTLIB2_COMPLIANT=true
[2020-06-17 18:54:47,807 INFO  L122   nArgumentSynthesizer]: Termination Analysis Settings:
Termination analysis: LINEAR_WITH_GUESSES
Number of strict supporting invariants: 1
Number of non-strict supporting invariants: 0
Consider only non-deceasing supporting invariants: true
Simplify termination arguments: true
Simplify supporting invariants: trueOverapproximate stem: false
[2020-06-17 18:54:47,808 WARN  L334   nArgumentSynthesizer]: Using a linear SMT query and a templates of degree > 0, hence this method is incomplete.
[2020-06-17 18:54:47,808 INFO  L339   nArgumentSynthesizer]: Template has degree 4.
[2020-06-17 18:54:47,808 INFO  L352   nArgumentSynthesizer]: There is no stem transition; disabling supporting invariant generation.
[2020-06-17 18:54:47,808 INFO  L205   nArgumentSynthesizer]: 1 stem disjuncts
[2020-06-17 18:54:47,808 INFO  L206   nArgumentSynthesizer]: 2 loop disjuncts
[2020-06-17 18:54:47,808 INFO  L207   nArgumentSynthesizer]: 6 template conjuncts.
[2020-06-17 18:54:47,813 INFO  L402   nArgumentSynthesizer]: We have 12 Motzkin's Theorem applications.
[2020-06-17 18:54:47,813 INFO  L403   nArgumentSynthesizer]: A total of 0 supporting invariants were added.
[2020-06-17 18:54:47,823 INFO  L530          LassoAnalysis]: Proving termination failed for this template and these settings.
[2020-06-17 18:54:47,836 INFO  L489     LassoRankerStarter]: LassoRanker could not prove termination or nontermination of the given linear lasso program.
Templates: AffineTemplate NestedTemplate NestedTemplate NestedTemplate MultiphaseTemplate ComposedLexicographicTemplate PiecewiseTemplate ParallelTemplate
[2020-06-17 18:54:47,836 INFO  L132        PluginConnector]: ------------------------ END LassoRanker----------------------------
[2020-06-17 18:54:47,837 INFO  L168              Benchmark]: Toolchain (without parser) took 641.82 ms. Allocated memory is still 514.9 MB. Free memory was 472.9 MB in the beginning and 383.0 MB in the end (delta: 89.9 MB). Peak memory consumption was 89.9 MB. Max. memory is 11.5 GB.
[2020-06-17 18:54:47,838 INFO  L168              Benchmark]: Boogie PL CUP Parser took 0.14 ms. Allocated memory is still 514.9 MB. Free memory is still 474.4 MB. There was no memory consumed. Max. memory is 11.5 GB.
[2020-06-17 18:54:47,839 INFO  L168              Benchmark]: Boogie Preprocessor took 32.35 ms. Allocated memory is still 514.9 MB. Free memory was 471.5 MB in the beginning and 470.2 MB in the end (delta: 1.3 MB). Peak memory consumption was 1.3 MB. Max. memory is 11.5 GB.
[2020-06-17 18:54:47,839 INFO  L168              Benchmark]: RCFGBuilder took 102.44 ms. Allocated memory is still 514.9 MB. Free memory was 470.2 MB in the beginning and 460.7 MB in the end (delta: 9.5 MB). Peak memory consumption was 9.5 MB. Max. memory is 11.5 GB.
[2020-06-17 18:54:47,840 INFO  L168              Benchmark]: LassoRanker took 497.32 ms. Allocated memory is still 514.9 MB. Free memory was 460.7 MB in the beginning and 383.0 MB in the end (delta: 77.7 MB). Peak memory consumption was 77.7 MB. Max. memory is 11.5 GB.
[2020-06-17 18:54:47,842 INFO  L336   ainManager$Toolchain]: #######################  End [Toolchain 1] #######################
 --- Results ---
 * Results from de.uni_freiburg.informatik.ultimate.core:
  - StatisticsResult: Toolchain Benchmarks
    Benchmark results are:
 * Boogie PL CUP Parser took 0.14 ms. Allocated memory is still 514.9 MB. Free memory is still 474.4 MB. There was no memory consumed. Max. memory is 11.5 GB.
 * Boogie Preprocessor took 32.35 ms. Allocated memory is still 514.9 MB. Free memory was 471.5 MB in the beginning and 470.2 MB in the end (delta: 1.3 MB). Peak memory consumption was 1.3 MB. Max. memory is 11.5 GB.
 * RCFGBuilder took 102.44 ms. Allocated memory is still 514.9 MB. Free memory was 470.2 MB in the beginning and 460.7 MB in the end (delta: 9.5 MB). Peak memory consumption was 9.5 MB. Max. memory is 11.5 GB.
 * LassoRanker took 497.32 ms. Allocated memory is still 514.9 MB. Free memory was 460.7 MB in the beginning and 383.0 MB in the end (delta: 77.7 MB). Peak memory consumption was 77.7 MB. Max. memory is 11.5 GB.
 * Results from de.uni_freiburg.informatik.ultimate.plugins.analysis.lassoranker:
  - NoResult [Line: 1]: LassoRanker could not prove termination
    LassoRanker could not prove termination or nontermination of the given linear lasso program.
Templates: AffineTemplate NestedTemplate NestedTemplate NestedTemplate MultiphaseTemplate ComposedLexicographicTemplate PiecewiseTemplate ParallelTemplate
RESULT: Ultimate could not prove your program: Toolchain returned no result.
Received shutdown request...
Ultimate:
GTK+ Version Check
