This is Ultimate 0.1.24-16d85fa
[2020-06-17 18:54:56,602 INFO  L170        SettingsManager]: Resetting all preferences to default values...
[2020-06-17 18:54:56,603 INFO  L174        SettingsManager]: Resetting UltimateCore preferences to default values
[2020-06-17 18:54:56,612 INFO  L177        SettingsManager]: Ultimate Commandline Interface provides no preferences, ignoring...
[2020-06-17 18:54:56,613 INFO  L174        SettingsManager]: Resetting Boogie Preprocessor preferences to default values
[2020-06-17 18:54:56,613 INFO  L174        SettingsManager]: Resetting Boogie Procedure Inliner preferences to default values
[2020-06-17 18:54:56,614 INFO  L174        SettingsManager]: Resetting Abstract Interpretation preferences to default values
[2020-06-17 18:54:56,615 INFO  L174        SettingsManager]: Resetting LassoRanker preferences to default values
[2020-06-17 18:54:56,616 INFO  L174        SettingsManager]: Resetting Reaching Definitions preferences to default values
[2020-06-17 18:54:56,617 INFO  L174        SettingsManager]: Resetting SyntaxChecker preferences to default values
[2020-06-17 18:54:56,617 INFO  L177        SettingsManager]: Büchi Program Product provides no preferences, ignoring...
[2020-06-17 18:54:56,617 INFO  L174        SettingsManager]: Resetting LTL2Aut preferences to default values
[2020-06-17 18:54:56,618 INFO  L174        SettingsManager]: Resetting PEA to Boogie preferences to default values
[2020-06-17 18:54:56,618 INFO  L174        SettingsManager]: Resetting BlockEncodingV2 preferences to default values
[2020-06-17 18:54:56,619 INFO  L174        SettingsManager]: Resetting ChcToBoogie preferences to default values
[2020-06-17 18:54:56,619 INFO  L174        SettingsManager]: Resetting AutomataScriptInterpreter preferences to default values
[2020-06-17 18:54:56,620 INFO  L174        SettingsManager]: Resetting BuchiAutomizer preferences to default values
[2020-06-17 18:54:56,621 INFO  L174        SettingsManager]: Resetting CACSL2BoogieTranslator preferences to default values
[2020-06-17 18:54:56,622 INFO  L174        SettingsManager]: Resetting CodeCheck preferences to default values
[2020-06-17 18:54:56,623 INFO  L174        SettingsManager]: Resetting InvariantSynthesis preferences to default values
[2020-06-17 18:54:56,624 INFO  L174        SettingsManager]: Resetting RCFGBuilder preferences to default values
[2020-06-17 18:54:56,624 INFO  L174        SettingsManager]: Resetting TraceAbstraction preferences to default values
[2020-06-17 18:54:56,626 INFO  L177        SettingsManager]: TraceAbstractionConcurrent provides no preferences, ignoring...
[2020-06-17 18:54:56,626 INFO  L177        SettingsManager]: TraceAbstractionWithAFAs provides no preferences, ignoring...
[2020-06-17 18:54:56,626 INFO  L174        SettingsManager]: Resetting TreeAutomizer preferences to default values
[2020-06-17 18:54:56,626 INFO  L174        SettingsManager]: Resetting IcfgTransformer preferences to default values
[2020-06-17 18:54:56,627 INFO  L174        SettingsManager]: Resetting Boogie Printer preferences to default values
[2020-06-17 18:54:56,627 INFO  L174        SettingsManager]: Resetting ReqPrinter preferences to default values
[2020-06-17 18:54:56,628 INFO  L174        SettingsManager]: Resetting Witness Printer preferences to default values
[2020-06-17 18:54:56,628 INFO  L177        SettingsManager]: Boogie PL CUP Parser provides no preferences, ignoring...
[2020-06-17 18:54:56,628 INFO  L174        SettingsManager]: Resetting CDTParser preferences to default values
[2020-06-17 18:54:56,629 INFO  L177        SettingsManager]: AutomataScriptParser provides no preferences, ignoring...
[2020-06-17 18:54:56,629 INFO  L177        SettingsManager]: ReqParser provides no preferences, ignoring...
[2020-06-17 18:54:56,629 INFO  L174        SettingsManager]: Resetting SmtParser preferences to default values
[2020-06-17 18:54:56,629 INFO  L174        SettingsManager]: Resetting Witness Parser preferences to default values
[2020-06-17 18:54:56,630 INFO  L181        SettingsManager]: Finished resetting all preferences to default values...
[2020-06-17 18:54:56,644 INFO  L81    nceAwareModelManager]: Repository-Root is: /tmp
[2020-06-17 18:54:56,652 INFO  L258   ainManager$Toolchain]: [Toolchain 1]: Applicable parser(s) successfully (re)initialized
[2020-06-17 18:54:56,654 INFO  L214   ainManager$Toolchain]: [Toolchain 1]: Toolchain selected.
[2020-06-17 18:54:56,655 INFO  L271        PluginConnector]: Initializing Boogie PL CUP Parser...
[2020-06-17 18:54:56,655 INFO  L276        PluginConnector]: Boogie PL CUP Parser initialized
[2020-06-17 18:54:56,656 INFO  L418   ainManager$Toolchain]: [Toolchain 1]: Parsing single file: /home/lixie/LassoRankerExp/LassoRankerExp/./C_Boogie/GulavaniGulwani-CAV2008-Fig1a.bpl
[2020-06-17 18:54:56,656 INFO  L111           BoogieParser]: Parsing: '/home/lixie/LassoRankerExp/LassoRankerExp/./C_Boogie/GulavaniGulwani-CAV2008-Fig1a.bpl'
[2020-06-17 18:54:56,676 INFO  L296   ainManager$Toolchain]: ####################### [Toolchain 1] #######################
[2020-06-17 18:54:56,682 INFO  L131        ToolchainWalker]: Walking toolchain with 3 elements.
[2020-06-17 18:54:56,683 INFO  L113        PluginConnector]: ------------------------Boogie Preprocessor----------------------------
[2020-06-17 18:54:56,683 INFO  L271        PluginConnector]: Initializing Boogie Preprocessor...
[2020-06-17 18:54:56,683 INFO  L276        PluginConnector]: Boogie Preprocessor initialized
[2020-06-17 18:54:56,696 INFO  L185        PluginConnector]: Executing the observer EnsureBoogieModelObserver from plugin Boogie Preprocessor for "GulavaniGulwani-CAV2008-Fig1a.bpl de.uni_freiburg.informatik.ultimate.boogie.parser AST 17.06 06:54:56" (1/1) ...
[2020-06-17 18:54:56,697 INFO  L185        PluginConnector]: Executing the observer TypeChecker from plugin Boogie Preprocessor for "GulavaniGulwani-CAV2008-Fig1a.bpl de.uni_freiburg.informatik.ultimate.boogie.parser AST 17.06 06:54:56" (1/1) ...
[2020-06-17 18:54:56,701 INFO  L185        PluginConnector]: Executing the observer ConstExpander from plugin Boogie Preprocessor for "GulavaniGulwani-CAV2008-Fig1a.bpl de.uni_freiburg.informatik.ultimate.boogie.parser AST 17.06 06:54:56" (1/1) ...
[2020-06-17 18:54:56,701 INFO  L185        PluginConnector]: Executing the observer StructExpander from plugin Boogie Preprocessor for "GulavaniGulwani-CAV2008-Fig1a.bpl de.uni_freiburg.informatik.ultimate.boogie.parser AST 17.06 06:54:56" (1/1) ...
[2020-06-17 18:54:56,702 INFO  L185        PluginConnector]: Executing the observer UnstructureCode from plugin Boogie Preprocessor for "GulavaniGulwani-CAV2008-Fig1a.bpl de.uni_freiburg.informatik.ultimate.boogie.parser AST 17.06 06:54:56" (1/1) ...
[2020-06-17 18:54:56,705 INFO  L185        PluginConnector]: Executing the observer FunctionInliner from plugin Boogie Preprocessor for "GulavaniGulwani-CAV2008-Fig1a.bpl de.uni_freiburg.informatik.ultimate.boogie.parser AST 17.06 06:54:56" (1/1) ...
[2020-06-17 18:54:56,706 INFO  L185        PluginConnector]: Executing the observer BoogieSymbolTableConstructor from plugin Boogie Preprocessor for "GulavaniGulwani-CAV2008-Fig1a.bpl de.uni_freiburg.informatik.ultimate.boogie.parser AST 17.06 06:54:56" (1/1) ...
[2020-06-17 18:54:56,707 INFO  L132        PluginConnector]: ------------------------ END Boogie Preprocessor----------------------------
[2020-06-17 18:54:56,707 INFO  L113        PluginConnector]: ------------------------RCFGBuilder----------------------------
[2020-06-17 18:54:56,707 INFO  L271        PluginConnector]: Initializing RCFGBuilder...
[2020-06-17 18:54:56,707 INFO  L276        PluginConnector]: RCFGBuilder initialized
[2020-06-17 18:54:56,708 INFO  L185        PluginConnector]: Executing the observer RCFGBuilderObserver from plugin RCFGBuilder for "GulavaniGulwani-CAV2008-Fig1a.bpl de.uni_freiburg.informatik.ultimate.boogie.parser AST 17.06 06:54:56" (1/1) ...
No working directory specified, using /home/lixie/LassoRankerExp/LassoRankerExp/z3
Starting monitored process 1 with z3 SMTLIB2_COMPLIANT=true -memory:1024 -smt2 -in -t:12000 (exit command is (exit), workingDir is null)
Waiting until toolchain timeout for monitored process 1 with z3 SMTLIB2_COMPLIANT=true -memory:1024 -smt2 -in -t:12000
[2020-06-17 18:54:56,744 INFO  L124     BoogieDeclarations]: Specification and implementation of procedure main given in one single declaration
[2020-06-17 18:54:56,744 INFO  L130     BoogieDeclarations]: Found specification of procedure main
[2020-06-17 18:54:56,744 INFO  L138     BoogieDeclarations]: Found implementation of procedure main
[2020-06-17 18:54:56,826 INFO  L278             CfgBuilder]: Using library mode
[2020-06-17 18:54:56,827 INFO  L286             CfgBuilder]: Removed 0 assue(true) statements.
[2020-06-17 18:54:56,827 INFO  L202        PluginConnector]: Adding new model GulavaniGulwani-CAV2008-Fig1a.bpl de.uni_freiburg.informatik.ultimate.plugins.generator.rcfgbuilder CFG 17.06 06:54:56 BoogieIcfgContainer
[2020-06-17 18:54:56,828 INFO  L132        PluginConnector]: ------------------------ END RCFGBuilder----------------------------
[2020-06-17 18:54:56,828 INFO  L113        PluginConnector]: ------------------------LassoRanker----------------------------
[2020-06-17 18:54:56,828 INFO  L271        PluginConnector]: Initializing LassoRanker...
[2020-06-17 18:54:56,828 INFO  L276        PluginConnector]: LassoRanker initialized
[2020-06-17 18:54:56,828 INFO  L185        PluginConnector]: Executing the observer LassoRankerObserver from plugin LassoRanker for "GulavaniGulwani-CAV2008-Fig1a.bpl de.uni_freiburg.informatik.ultimate.plugins.generator.rcfgbuilder CFG 17.06 06:54:56" (1/1) ...
[2020-06-17 18:54:56,846 INFO  L72            BuchiIsEmpty]: Start buchiIsEmpty. Operand 2 states.
[2020-06-17 18:54:56,860 INFO  L131   ngComponentsAnalysis]: Automaton has 1 accepting balls. 1
[2020-06-17 18:54:56,860 INFO  L87            BuchiIsEmpty]: Finished buchiIsEmpty Result is false
[2020-06-17 18:54:56,860 INFO  L119           BuchiIsEmpty]: Starting construction of run
[2020-06-17 18:54:56,865 INFO  L104     BuchiDifferenceFKV]: Start buchiDifferenceFKV. First operand 2 states. Second operand 1 states.
[2020-06-17 18:54:56,872 INFO  L108     BuchiDifferenceFKV]: Finished buchiDifferenceFKV. First operand 2 states. Second operand 1 states. Result 3 states and 4 transitions. Complement of second has 2 states 2 powerset states0 rank states. The highest rank that occured is -1
[2020-06-17 18:54:56,873 INFO  L72            BuchiIsEmpty]: Start buchiIsEmpty. Operand 3 states and 4 transitions.
[2020-06-17 18:54:56,873 INFO  L131   ngComponentsAnalysis]: Automaton has 0 accepting balls. 0
[2020-06-17 18:54:56,873 INFO  L87            BuchiIsEmpty]: Finished buchiIsEmpty Result is true
[2020-06-17 18:54:56,922 INFO  L216          LassoAnalysis]: Preferences:
[2020-06-17 18:54:56,923 INFO  L124   ssoRankerPreferences]: Compute integeral hull: false
[2020-06-17 18:54:56,923 INFO  L125   ssoRankerPreferences]: Enable LassoPartitioneer: true
[2020-06-17 18:54:56,923 INFO  L126   ssoRankerPreferences]: Term annotations enabled: false
[2020-06-17 18:54:56,923 INFO  L127   ssoRankerPreferences]: Use exernal solver: true
[2020-06-17 18:54:56,924 INFO  L128   ssoRankerPreferences]: SMT solver command: z3 -smt2 -in SMTLIB2_COMPLIANT=true
[2020-06-17 18:54:56,924 INFO  L129   ssoRankerPreferences]: Dump SMT script to file: false
[2020-06-17 18:54:56,924 INFO  L130   ssoRankerPreferences]: Path of dumped script: .
[2020-06-17 18:54:56,924 INFO  L131   ssoRankerPreferences]: Filename of dumped script: LassoRankerScript
[2020-06-17 18:54:56,924 INFO  L132   ssoRankerPreferences]: MapElimAlgo: Frank
[2020-06-17 18:54:56,924 INFO  L282          LassoAnalysis]: Starting lasso preprocessing...
[2020-06-17 18:54:56,940 INFO  L141          MapEliminator]: Using MapEliminator with SimplificationTechnique=SIMPLIFY_DDA XnfConversionTechnique=BOTTOM_UP_WITH_LOCAL_SIMPLIFICATION AddInequalities=false OnlyTrivialImplicationsArrayWrite=false OnlyTrivialImplicationsForModifiedArguments=true OnlyArgumentsInFormula=true
[2020-06-17 18:54:56,991 INFO  L141          MapEliminator]: Using MapEliminator with SimplificationTechnique=SIMPLIFY_DDA XnfConversionTechnique=BOTTOM_UP_WITH_LOCAL_SIMPLIFICATION AddInequalities=false OnlyTrivialImplicationsArrayWrite=false OnlyTrivialImplicationsForModifiedArguments=true OnlyArgumentsInFormula=true
[2020-06-17 18:54:57,084 INFO  L300          LassoAnalysis]: Preprocessing complete.
[2020-06-17 18:54:57,084 INFO  L412          LassoAnalysis]: Checking for nontermination...
No working directory specified, using /home/lixie/LassoRankerExp/LassoRankerExp/z3
Starting monitored process 2 with z3 -smt2 -in SMTLIB2_COMPLIANT=true (exit command is (exit), workingDir is null)
Waiting until toolchain timeout for monitored process 2 with z3 -smt2 -in SMTLIB2_COMPLIANT=true
[2020-06-17 18:54:57,088 INFO  L151   nArgumentSynthesizer]: Nontermination analysis: LINEAR_WITH_GUESSES Allow bounded executions: true Number of generalized eigenvectors: 0 Nilpotent components: true
[2020-06-17 18:54:57,088 INFO  L163   nArgumentSynthesizer]: Using integer mode.
No working directory specified, using /home/lixie/LassoRankerExp/LassoRankerExp/z3
Starting monitored process 3 with z3 -smt2 -in SMTLIB2_COMPLIANT=true (exit command is (exit), workingDir is null)
Waiting until toolchain timeout for monitored process 3 with z3 -smt2 -in SMTLIB2_COMPLIANT=true
[2020-06-17 18:54:57,117 INFO  L151   nArgumentSynthesizer]: Nontermination analysis: LINEAR_WITH_GUESSES Allow bounded executions: true Number of generalized eigenvectors: 3 Nilpotent components: true
[2020-06-17 18:54:57,117 INFO  L163   nArgumentSynthesizer]: Using integer mode.
[2020-06-17 18:54:57,143 INFO  L452          LassoAnalysis]: Proving nontermination failed: No geometric nontermination argument exists.
[2020-06-17 18:54:57,144 INFO  L216          LassoAnalysis]: Preferences:
[2020-06-17 18:54:57,144 INFO  L124   ssoRankerPreferences]: Compute integeral hull: false
[2020-06-17 18:54:57,144 INFO  L125   ssoRankerPreferences]: Enable LassoPartitioneer: true
[2020-06-17 18:54:57,144 INFO  L126   ssoRankerPreferences]: Term annotations enabled: false
[2020-06-17 18:54:57,144 INFO  L127   ssoRankerPreferences]: Use exernal solver: true
[2020-06-17 18:54:57,145 INFO  L128   ssoRankerPreferences]: SMT solver command: z3 -smt2 -in SMTLIB2_COMPLIANT=true
[2020-06-17 18:54:57,145 INFO  L129   ssoRankerPreferences]: Dump SMT script to file: false
[2020-06-17 18:54:57,145 INFO  L130   ssoRankerPreferences]: Path of dumped script: .
[2020-06-17 18:54:57,145 INFO  L131   ssoRankerPreferences]: Filename of dumped script: LassoRankerScript
[2020-06-17 18:54:57,145 INFO  L132   ssoRankerPreferences]: MapElimAlgo: Frank
[2020-06-17 18:54:57,145 INFO  L282          LassoAnalysis]: Starting lasso preprocessing...
[2020-06-17 18:54:57,147 INFO  L141          MapEliminator]: Using MapEliminator with SimplificationTechnique=SIMPLIFY_DDA XnfConversionTechnique=BOTTOM_UP_WITH_LOCAL_SIMPLIFICATION AddInequalities=false OnlyTrivialImplicationsArrayWrite=false OnlyTrivialImplicationsForModifiedArguments=true OnlyArgumentsInFormula=true
[2020-06-17 18:54:57,179 INFO  L141          MapEliminator]: Using MapEliminator with SimplificationTechnique=SIMPLIFY_DDA XnfConversionTechnique=BOTTOM_UP_WITH_LOCAL_SIMPLIFICATION AddInequalities=false OnlyTrivialImplicationsArrayWrite=false OnlyTrivialImplicationsForModifiedArguments=true OnlyArgumentsInFormula=true
[2020-06-17 18:54:57,246 INFO  L300          LassoAnalysis]: Preprocessing complete.
[2020-06-17 18:54:57,249 INFO  L497          LassoAnalysis]: Using template 'affine'.
No working directory specified, using /home/lixie/LassoRankerExp/LassoRankerExp/z3
Starting monitored process 4 with z3 -smt2 -in SMTLIB2_COMPLIANT=true (exit command is (exit), workingDir is null)
Waiting until toolchain timeout for monitored process 4 with z3 -smt2 -in SMTLIB2_COMPLIANT=true
[2020-06-17 18:54:57,252 INFO  L122   nArgumentSynthesizer]: Termination Analysis Settings:
Termination analysis: LINEAR_WITH_GUESSES
Number of strict supporting invariants: 1
Number of non-strict supporting invariants: 0
Consider only non-deceasing supporting invariants: true
Simplify termination arguments: true
Simplify supporting invariants: trueOverapproximate stem: false
[2020-06-17 18:54:57,254 INFO  L339   nArgumentSynthesizer]: Template has degree 0.
[2020-06-17 18:54:57,254 INFO  L352   nArgumentSynthesizer]: There is no stem transition; disabling supporting invariant generation.
[2020-06-17 18:54:57,255 INFO  L205   nArgumentSynthesizer]: 1 stem disjuncts
[2020-06-17 18:54:57,255 INFO  L206   nArgumentSynthesizer]: 2 loop disjuncts
[2020-06-17 18:54:57,255 INFO  L207   nArgumentSynthesizer]: 2 template conjuncts.
[2020-06-17 18:54:57,259 INFO  L402   nArgumentSynthesizer]: We have 4 Motzkin's Theorem applications.
[2020-06-17 18:54:57,259 INFO  L403   nArgumentSynthesizer]: A total of 0 supporting invariants were added.
[2020-06-17 18:54:57,262 INFO  L530          LassoAnalysis]: Proving termination failed for this template and these settings.
No working directory specified, using /home/lixie/LassoRankerExp/LassoRankerExp/z3
Starting monitored process 5 with z3 -smt2 -in SMTLIB2_COMPLIANT=true (exit command is (exit), workingDir is null)
Waiting until toolchain timeout for monitored process 5 with z3 -smt2 -in SMTLIB2_COMPLIANT=true
[2020-06-17 18:54:57,278 INFO  L122   nArgumentSynthesizer]: Termination Analysis Settings:
Termination analysis: LINEAR_WITH_GUESSES
Number of strict supporting invariants: 1
Number of non-strict supporting invariants: 0
Consider only non-deceasing supporting invariants: true
Simplify termination arguments: true
Simplify supporting invariants: trueOverapproximate stem: false
[2020-06-17 18:54:57,279 INFO  L339   nArgumentSynthesizer]: Template has degree 0.
[2020-06-17 18:54:57,279 INFO  L352   nArgumentSynthesizer]: There is no stem transition; disabling supporting invariant generation.
[2020-06-17 18:54:57,279 INFO  L205   nArgumentSynthesizer]: 1 stem disjuncts
[2020-06-17 18:54:57,279 INFO  L206   nArgumentSynthesizer]: 1 loop disjuncts
[2020-06-17 18:54:57,280 INFO  L207   nArgumentSynthesizer]: 2 template conjuncts.
[2020-06-17 18:54:57,280 INFO  L402   nArgumentSynthesizer]: We have 2 Motzkin's Theorem applications.
[2020-06-17 18:54:57,280 INFO  L403   nArgumentSynthesizer]: A total of 0 supporting invariants were added.
[2020-06-17 18:54:57,282 INFO  L530          LassoAnalysis]: Proving termination failed for this template and these settings.
[2020-06-17 18:54:57,301 INFO  L497          LassoAnalysis]: Using template '2-nested'.
No working directory specified, using /home/lixie/LassoRankerExp/LassoRankerExp/z3
Starting monitored process 6 with z3 -smt2 -in SMTLIB2_COMPLIANT=true (exit command is (exit), workingDir is null)
Waiting until toolchain timeout for monitored process 6 with z3 -smt2 -in SMTLIB2_COMPLIANT=true
[2020-06-17 18:54:57,303 INFO  L122   nArgumentSynthesizer]: Termination Analysis Settings:
Termination analysis: LINEAR_WITH_GUESSES
Number of strict supporting invariants: 1
Number of non-strict supporting invariants: 0
Consider only non-deceasing supporting invariants: true
Simplify termination arguments: true
Simplify supporting invariants: trueOverapproximate stem: false
[2020-06-17 18:54:57,304 INFO  L339   nArgumentSynthesizer]: Template has degree 0.
[2020-06-17 18:54:57,304 INFO  L352   nArgumentSynthesizer]: There is no stem transition; disabling supporting invariant generation.
[2020-06-17 18:54:57,305 INFO  L205   nArgumentSynthesizer]: 1 stem disjuncts
[2020-06-17 18:54:57,305 INFO  L206   nArgumentSynthesizer]: 2 loop disjuncts
[2020-06-17 18:54:57,305 INFO  L207   nArgumentSynthesizer]: 3 template conjuncts.
[2020-06-17 18:54:57,307 INFO  L402   nArgumentSynthesizer]: We have 6 Motzkin's Theorem applications.
[2020-06-17 18:54:57,307 INFO  L403   nArgumentSynthesizer]: A total of 0 supporting invariants were added.
[2020-06-17 18:54:57,310 INFO  L530          LassoAnalysis]: Proving termination failed for this template and these settings.
No working directory specified, using /home/lixie/LassoRankerExp/LassoRankerExp/z3
Starting monitored process 7 with z3 -smt2 -in SMTLIB2_COMPLIANT=true (exit command is (exit), workingDir is null)
Waiting until toolchain timeout for monitored process 7 with z3 -smt2 -in SMTLIB2_COMPLIANT=true
[2020-06-17 18:54:57,325 INFO  L122   nArgumentSynthesizer]: Termination Analysis Settings:
Termination analysis: LINEAR_WITH_GUESSES
Number of strict supporting invariants: 1
Number of non-strict supporting invariants: 0
Consider only non-deceasing supporting invariants: true
Simplify termination arguments: true
Simplify supporting invariants: trueOverapproximate stem: false
[2020-06-17 18:54:57,325 INFO  L339   nArgumentSynthesizer]: Template has degree 0.
[2020-06-17 18:54:57,326 INFO  L352   nArgumentSynthesizer]: There is no stem transition; disabling supporting invariant generation.
[2020-06-17 18:54:57,326 INFO  L205   nArgumentSynthesizer]: 1 stem disjuncts
[2020-06-17 18:54:57,326 INFO  L206   nArgumentSynthesizer]: 1 loop disjuncts
[2020-06-17 18:54:57,326 INFO  L207   nArgumentSynthesizer]: 3 template conjuncts.
[2020-06-17 18:54:57,326 INFO  L402   nArgumentSynthesizer]: We have 3 Motzkin's Theorem applications.
[2020-06-17 18:54:57,327 INFO  L403   nArgumentSynthesizer]: A total of 0 supporting invariants were added.
[2020-06-17 18:54:57,328 INFO  L530          LassoAnalysis]: Proving termination failed for this template and these settings.
[2020-06-17 18:54:57,340 INFO  L497          LassoAnalysis]: Using template '3-nested'.
No working directory specified, using /home/lixie/LassoRankerExp/LassoRankerExp/z3
Starting monitored process 8 with z3 -smt2 -in SMTLIB2_COMPLIANT=true (exit command is (exit), workingDir is null)
Waiting until toolchain timeout for monitored process 8 with z3 -smt2 -in SMTLIB2_COMPLIANT=true
[2020-06-17 18:54:57,342 INFO  L122   nArgumentSynthesizer]: Termination Analysis Settings:
Termination analysis: LINEAR_WITH_GUESSES
Number of strict supporting invariants: 1
Number of non-strict supporting invariants: 0
Consider only non-deceasing supporting invariants: true
Simplify termination arguments: true
Simplify supporting invariants: trueOverapproximate stem: false
[2020-06-17 18:54:57,343 INFO  L339   nArgumentSynthesizer]: Template has degree 0.
[2020-06-17 18:54:57,344 INFO  L352   nArgumentSynthesizer]: There is no stem transition; disabling supporting invariant generation.
[2020-06-17 18:54:57,344 INFO  L205   nArgumentSynthesizer]: 1 stem disjuncts
[2020-06-17 18:54:57,344 INFO  L206   nArgumentSynthesizer]: 2 loop disjuncts
[2020-06-17 18:54:57,344 INFO  L207   nArgumentSynthesizer]: 4 template conjuncts.
[2020-06-17 18:54:57,347 INFO  L402   nArgumentSynthesizer]: We have 8 Motzkin's Theorem applications.
[2020-06-17 18:54:57,348 INFO  L403   nArgumentSynthesizer]: A total of 0 supporting invariants were added.
[2020-06-17 18:54:57,351 INFO  L530          LassoAnalysis]: Proving termination failed for this template and these settings.
No working directory specified, using /home/lixie/LassoRankerExp/LassoRankerExp/z3
Starting monitored process 9 with z3 -smt2 -in SMTLIB2_COMPLIANT=true (exit command is (exit), workingDir is null)
Waiting until toolchain timeout for monitored process 9 with z3 -smt2 -in SMTLIB2_COMPLIANT=true
[2020-06-17 18:54:57,371 INFO  L122   nArgumentSynthesizer]: Termination Analysis Settings:
Termination analysis: LINEAR_WITH_GUESSES
Number of strict supporting invariants: 1
Number of non-strict supporting invariants: 0
Consider only non-deceasing supporting invariants: true
Simplify termination arguments: true
Simplify supporting invariants: trueOverapproximate stem: false
[2020-06-17 18:54:57,372 INFO  L339   nArgumentSynthesizer]: Template has degree 0.
[2020-06-17 18:54:57,372 INFO  L352   nArgumentSynthesizer]: There is no stem transition; disabling supporting invariant generation.
[2020-06-17 18:54:57,373 INFO  L205   nArgumentSynthesizer]: 1 stem disjuncts
[2020-06-17 18:54:57,373 INFO  L206   nArgumentSynthesizer]: 1 loop disjuncts
[2020-06-17 18:54:57,373 INFO  L207   nArgumentSynthesizer]: 4 template conjuncts.
[2020-06-17 18:54:57,374 INFO  L402   nArgumentSynthesizer]: We have 4 Motzkin's Theorem applications.
[2020-06-17 18:54:57,374 INFO  L403   nArgumentSynthesizer]: A total of 0 supporting invariants were added.
[2020-06-17 18:54:57,376 INFO  L530          LassoAnalysis]: Proving termination failed for this template and these settings.
[2020-06-17 18:54:57,388 INFO  L497          LassoAnalysis]: Using template '4-nested'.
No working directory specified, using /home/lixie/LassoRankerExp/LassoRankerExp/z3
Starting monitored process 10 with z3 -smt2 -in SMTLIB2_COMPLIANT=true (exit command is (exit), workingDir is null)
Waiting until toolchain timeout for monitored process 10 with z3 -smt2 -in SMTLIB2_COMPLIANT=true
[2020-06-17 18:54:57,390 INFO  L122   nArgumentSynthesizer]: Termination Analysis Settings:
Termination analysis: LINEAR_WITH_GUESSES
Number of strict supporting invariants: 1
Number of non-strict supporting invariants: 0
Consider only non-deceasing supporting invariants: true
Simplify termination arguments: true
Simplify supporting invariants: trueOverapproximate stem: false
[2020-06-17 18:54:57,391 INFO  L339   nArgumentSynthesizer]: Template has degree 0.
[2020-06-17 18:54:57,391 INFO  L352   nArgumentSynthesizer]: There is no stem transition; disabling supporting invariant generation.
[2020-06-17 18:54:57,392 INFO  L205   nArgumentSynthesizer]: 1 stem disjuncts
[2020-06-17 18:54:57,392 INFO  L206   nArgumentSynthesizer]: 2 loop disjuncts
[2020-06-17 18:54:57,392 INFO  L207   nArgumentSynthesizer]: 5 template conjuncts.
[2020-06-17 18:54:57,395 INFO  L402   nArgumentSynthesizer]: We have 10 Motzkin's Theorem applications.
[2020-06-17 18:54:57,395 INFO  L403   nArgumentSynthesizer]: A total of 0 supporting invariants were added.
[2020-06-17 18:54:57,401 INFO  L530          LassoAnalysis]: Proving termination failed for this template and these settings.
No working directory specified, using /home/lixie/LassoRankerExp/LassoRankerExp/z3
Starting monitored process 11 with z3 -smt2 -in SMTLIB2_COMPLIANT=true (exit command is (exit), workingDir is null)
Waiting until toolchain timeout for monitored process 11 with z3 -smt2 -in SMTLIB2_COMPLIANT=true
[2020-06-17 18:54:57,416 INFO  L122   nArgumentSynthesizer]: Termination Analysis Settings:
Termination analysis: LINEAR_WITH_GUESSES
Number of strict supporting invariants: 1
Number of non-strict supporting invariants: 0
Consider only non-deceasing supporting invariants: true
Simplify termination arguments: true
Simplify supporting invariants: trueOverapproximate stem: false
[2020-06-17 18:54:57,417 INFO  L339   nArgumentSynthesizer]: Template has degree 0.
[2020-06-17 18:54:57,418 INFO  L352   nArgumentSynthesizer]: There is no stem transition; disabling supporting invariant generation.
[2020-06-17 18:54:57,418 INFO  L205   nArgumentSynthesizer]: 1 stem disjuncts
[2020-06-17 18:54:57,418 INFO  L206   nArgumentSynthesizer]: 1 loop disjuncts
[2020-06-17 18:54:57,418 INFO  L207   nArgumentSynthesizer]: 5 template conjuncts.
[2020-06-17 18:54:57,419 INFO  L402   nArgumentSynthesizer]: We have 5 Motzkin's Theorem applications.
[2020-06-17 18:54:57,419 INFO  L403   nArgumentSynthesizer]: A total of 0 supporting invariants were added.
[2020-06-17 18:54:57,420 INFO  L530          LassoAnalysis]: Proving termination failed for this template and these settings.
[2020-06-17 18:54:57,433 INFO  L497          LassoAnalysis]: Using template '2-phase'.
No working directory specified, using /home/lixie/LassoRankerExp/LassoRankerExp/z3
Starting monitored process 12 with z3 -smt2 -in SMTLIB2_COMPLIANT=true (exit command is (exit), workingDir is null)
Waiting until toolchain timeout for monitored process 12 with z3 -smt2 -in SMTLIB2_COMPLIANT=true
[2020-06-17 18:54:57,435 INFO  L122   nArgumentSynthesizer]: Termination Analysis Settings:
Termination analysis: LINEAR_WITH_GUESSES
Number of strict supporting invariants: 1
Number of non-strict supporting invariants: 0
Consider only non-deceasing supporting invariants: true
Simplify termination arguments: true
Simplify supporting invariants: trueOverapproximate stem: false
[2020-06-17 18:54:57,436 WARN  L334   nArgumentSynthesizer]: Using a linear SMT query and a templates of degree > 0, hence this method is incomplete.
[2020-06-17 18:54:57,436 INFO  L339   nArgumentSynthesizer]: Template has degree 1.
[2020-06-17 18:54:57,436 INFO  L352   nArgumentSynthesizer]: There is no stem transition; disabling supporting invariant generation.
[2020-06-17 18:54:57,436 INFO  L205   nArgumentSynthesizer]: 1 stem disjuncts
[2020-06-17 18:54:57,436 INFO  L206   nArgumentSynthesizer]: 2 loop disjuncts
[2020-06-17 18:54:57,436 INFO  L207   nArgumentSynthesizer]: 3 template conjuncts.
[2020-06-17 18:54:57,439 INFO  L402   nArgumentSynthesizer]: We have 6 Motzkin's Theorem applications.
[2020-06-17 18:54:57,439 INFO  L403   nArgumentSynthesizer]: A total of 0 supporting invariants were added.
[2020-06-17 18:54:57,449 INFO  L421   nArgumentSynthesizer]: Found a termination argument, trying to simplify.
[2020-06-17 18:54:57,465 INFO  L443   ModelExtractionUtils]: Simplification made 8 calls to the SMT solver.
[2020-06-17 18:54:57,465 INFO  L444   ModelExtractionUtils]: 0 out of 10 variables were initially zero. Simplification set additionally 3 variables to zero.
No working directory specified, using /home/lixie/LassoRankerExp/LassoRankerExp/z3
Starting monitored process 13 with z3 -smt2 -in SMTLIB2_COMPLIANT=true (exit command is (exit), workingDir is null)
Waiting until toolchain timeout for monitored process 13 with z3 -smt2 -in SMTLIB2_COMPLIANT=true
[2020-06-17 18:54:57,468 INFO  L437   nArgumentSynthesizer]: Simplifying supporting invariants...
[2020-06-17 18:54:57,468 INFO  L440   nArgumentSynthesizer]: Removed 0 redundant supporting invariants from a total of 0.
[2020-06-17 18:54:57,468 INFO  L518          LassoAnalysis]: Proved termination.
[2020-06-17 18:54:57,469 INFO  L520          LassoAnalysis]: Termination argument consisting of:
Ranking function 2-phase ranking function:
  f0 = -1*main_x - 1*main_z + 2*main_y
  f1 = -1*main_x + 1*main_y
Supporting invariants []
[2020-06-17 18:54:57,488 INFO  L132        PluginConnector]: ------------------------ END LassoRanker----------------------------
[2020-06-17 18:54:57,489 INFO  L168              Benchmark]: Toolchain (without parser) took 812.86 ms. Allocated memory was 514.9 MB in the beginning and 534.8 MB in the end (delta: 19.9 MB). Free memory was 472.9 MB in the beginning and 483.7 MB in the end (delta: -10.8 MB). Peak memory consumption was 120.5 MB. Max. memory is 11.5 GB.
[2020-06-17 18:54:57,490 INFO  L168              Benchmark]: Boogie PL CUP Parser took 0.10 ms. Allocated memory is still 514.9 MB. Free memory is still 474.4 MB. There was no memory consumed. Max. memory is 11.5 GB.
[2020-06-17 18:54:57,490 INFO  L168              Benchmark]: Boogie Preprocessor took 24.17 ms. Allocated memory is still 514.9 MB. Free memory was 471.5 MB in the beginning and 470.1 MB in the end (delta: 1.3 MB). Peak memory consumption was 1.3 MB. Max. memory is 11.5 GB.
[2020-06-17 18:54:57,491 INFO  L168              Benchmark]: RCFGBuilder took 120.59 ms. Allocated memory is still 514.9 MB. Free memory was 470.1 MB in the beginning and 459.3 MB in the end (delta: 10.8 MB). Peak memory consumption was 10.8 MB. Max. memory is 11.5 GB.
[2020-06-17 18:54:57,491 INFO  L168              Benchmark]: LassoRanker took 660.55 ms. Allocated memory was 514.9 MB in the beginning and 534.8 MB in the end (delta: 19.9 MB). Free memory was 459.3 MB in the beginning and 483.7 MB in the end (delta: -24.4 MB). Peak memory consumption was 106.9 MB. Max. memory is 11.5 GB.
[2020-06-17 18:54:57,493 INFO  L336   ainManager$Toolchain]: #######################  End [Toolchain 1] #######################
 --- Results ---
 * Results from de.uni_freiburg.informatik.ultimate.core:
  - StatisticsResult: Toolchain Benchmarks
    Benchmark results are:
 * Boogie PL CUP Parser took 0.10 ms. Allocated memory is still 514.9 MB. Free memory is still 474.4 MB. There was no memory consumed. Max. memory is 11.5 GB.
 * Boogie Preprocessor took 24.17 ms. Allocated memory is still 514.9 MB. Free memory was 471.5 MB in the beginning and 470.1 MB in the end (delta: 1.3 MB). Peak memory consumption was 1.3 MB. Max. memory is 11.5 GB.
 * RCFGBuilder took 120.59 ms. Allocated memory is still 514.9 MB. Free memory was 470.1 MB in the beginning and 459.3 MB in the end (delta: 10.8 MB). Peak memory consumption was 10.8 MB. Max. memory is 11.5 GB.
 * LassoRanker took 660.55 ms. Allocated memory was 514.9 MB in the beginning and 534.8 MB in the end (delta: 19.9 MB). Free memory was 459.3 MB in the beginning and 483.7 MB in the end (delta: -24.4 MB). Peak memory consumption was 106.9 MB. Max. memory is 11.5 GB.
 * Results from de.uni_freiburg.informatik.ultimate.plugins.analysis.lassoranker:
  - TerminationArgumentResult [Line: 1]: Found 2-phase ranking function
    Found a termination argument consisting of the 2-phase ranking function: [(if -1 * x + -1 * z + 2 * y > 0 then 1 else 0), (if -1 * x + -1 * z + 2 * y > 0 then -1 * x + -1 * z + 2 * y else -1 * x + y)] for which no supporting invariant is required.
RESULT: Ultimate proved your program to be correct!
Received shutdown request...
Ultimate:
GTK+ Version Check
