This is Ultimate 0.1.24-16d85fa
[2020-06-17 18:55:02,952 INFO  L170        SettingsManager]: Resetting all preferences to default values...
[2020-06-17 18:55:02,953 INFO  L174        SettingsManager]: Resetting UltimateCore preferences to default values
[2020-06-17 18:55:02,963 INFO  L177        SettingsManager]: Ultimate Commandline Interface provides no preferences, ignoring...
[2020-06-17 18:55:02,963 INFO  L174        SettingsManager]: Resetting Boogie Preprocessor preferences to default values
[2020-06-17 18:55:02,964 INFO  L174        SettingsManager]: Resetting Boogie Procedure Inliner preferences to default values
[2020-06-17 18:55:02,965 INFO  L174        SettingsManager]: Resetting Abstract Interpretation preferences to default values
[2020-06-17 18:55:02,966 INFO  L174        SettingsManager]: Resetting LassoRanker preferences to default values
[2020-06-17 18:55:02,967 INFO  L174        SettingsManager]: Resetting Reaching Definitions preferences to default values
[2020-06-17 18:55:02,968 INFO  L174        SettingsManager]: Resetting SyntaxChecker preferences to default values
[2020-06-17 18:55:02,968 INFO  L177        SettingsManager]: Büchi Program Product provides no preferences, ignoring...
[2020-06-17 18:55:02,968 INFO  L174        SettingsManager]: Resetting LTL2Aut preferences to default values
[2020-06-17 18:55:02,969 INFO  L174        SettingsManager]: Resetting PEA to Boogie preferences to default values
[2020-06-17 18:55:02,969 INFO  L174        SettingsManager]: Resetting BlockEncodingV2 preferences to default values
[2020-06-17 18:55:02,970 INFO  L174        SettingsManager]: Resetting ChcToBoogie preferences to default values
[2020-06-17 18:55:02,970 INFO  L174        SettingsManager]: Resetting AutomataScriptInterpreter preferences to default values
[2020-06-17 18:55:02,971 INFO  L174        SettingsManager]: Resetting BuchiAutomizer preferences to default values
[2020-06-17 18:55:02,972 INFO  L174        SettingsManager]: Resetting CACSL2BoogieTranslator preferences to default values
[2020-06-17 18:55:02,973 INFO  L174        SettingsManager]: Resetting CodeCheck preferences to default values
[2020-06-17 18:55:02,974 INFO  L174        SettingsManager]: Resetting InvariantSynthesis preferences to default values
[2020-06-17 18:55:02,975 INFO  L174        SettingsManager]: Resetting RCFGBuilder preferences to default values
[2020-06-17 18:55:02,975 INFO  L174        SettingsManager]: Resetting TraceAbstraction preferences to default values
[2020-06-17 18:55:02,977 INFO  L177        SettingsManager]: TraceAbstractionConcurrent provides no preferences, ignoring...
[2020-06-17 18:55:02,977 INFO  L177        SettingsManager]: TraceAbstractionWithAFAs provides no preferences, ignoring...
[2020-06-17 18:55:02,977 INFO  L174        SettingsManager]: Resetting TreeAutomizer preferences to default values
[2020-06-17 18:55:02,978 INFO  L174        SettingsManager]: Resetting IcfgTransformer preferences to default values
[2020-06-17 18:55:02,978 INFO  L174        SettingsManager]: Resetting Boogie Printer preferences to default values
[2020-06-17 18:55:02,978 INFO  L174        SettingsManager]: Resetting ReqPrinter preferences to default values
[2020-06-17 18:55:02,979 INFO  L174        SettingsManager]: Resetting Witness Printer preferences to default values
[2020-06-17 18:55:02,980 INFO  L177        SettingsManager]: Boogie PL CUP Parser provides no preferences, ignoring...
[2020-06-17 18:55:02,980 INFO  L174        SettingsManager]: Resetting CDTParser preferences to default values
[2020-06-17 18:55:02,980 INFO  L177        SettingsManager]: AutomataScriptParser provides no preferences, ignoring...
[2020-06-17 18:55:02,980 INFO  L177        SettingsManager]: ReqParser provides no preferences, ignoring...
[2020-06-17 18:55:02,980 INFO  L174        SettingsManager]: Resetting SmtParser preferences to default values
[2020-06-17 18:55:02,981 INFO  L174        SettingsManager]: Resetting Witness Parser preferences to default values
[2020-06-17 18:55:02,981 INFO  L181        SettingsManager]: Finished resetting all preferences to default values...
[2020-06-17 18:55:02,997 INFO  L81    nceAwareModelManager]: Repository-Root is: /tmp
[2020-06-17 18:55:03,006 INFO  L258   ainManager$Toolchain]: [Toolchain 1]: Applicable parser(s) successfully (re)initialized
[2020-06-17 18:55:03,008 INFO  L214   ainManager$Toolchain]: [Toolchain 1]: Toolchain selected.
[2020-06-17 18:55:03,009 INFO  L271        PluginConnector]: Initializing Boogie PL CUP Parser...
[2020-06-17 18:55:03,009 INFO  L276        PluginConnector]: Boogie PL CUP Parser initialized
[2020-06-17 18:55:03,010 INFO  L418   ainManager$Toolchain]: [Toolchain 1]: Parsing single file: /home/lixie/LassoRankerExp/LassoRankerExp/./C_Boogie/Hanoi_3vars.bpl
[2020-06-17 18:55:03,010 INFO  L111           BoogieParser]: Parsing: '/home/lixie/LassoRankerExp/LassoRankerExp/./C_Boogie/Hanoi_3vars.bpl'
[2020-06-17 18:55:03,030 INFO  L296   ainManager$Toolchain]: ####################### [Toolchain 1] #######################
[2020-06-17 18:55:03,038 INFO  L131        ToolchainWalker]: Walking toolchain with 3 elements.
[2020-06-17 18:55:03,038 INFO  L113        PluginConnector]: ------------------------Boogie Preprocessor----------------------------
[2020-06-17 18:55:03,039 INFO  L271        PluginConnector]: Initializing Boogie Preprocessor...
[2020-06-17 18:55:03,039 INFO  L276        PluginConnector]: Boogie Preprocessor initialized
[2020-06-17 18:55:03,055 INFO  L185        PluginConnector]: Executing the observer EnsureBoogieModelObserver from plugin Boogie Preprocessor for "Hanoi_3vars.bpl de.uni_freiburg.informatik.ultimate.boogie.parser AST 17.06 06:55:03" (1/1) ...
[2020-06-17 18:55:03,056 INFO  L185        PluginConnector]: Executing the observer TypeChecker from plugin Boogie Preprocessor for "Hanoi_3vars.bpl de.uni_freiburg.informatik.ultimate.boogie.parser AST 17.06 06:55:03" (1/1) ...
[2020-06-17 18:55:03,060 INFO  L185        PluginConnector]: Executing the observer ConstExpander from plugin Boogie Preprocessor for "Hanoi_3vars.bpl de.uni_freiburg.informatik.ultimate.boogie.parser AST 17.06 06:55:03" (1/1) ...
[2020-06-17 18:55:03,061 INFO  L185        PluginConnector]: Executing the observer StructExpander from plugin Boogie Preprocessor for "Hanoi_3vars.bpl de.uni_freiburg.informatik.ultimate.boogie.parser AST 17.06 06:55:03" (1/1) ...
[2020-06-17 18:55:03,062 INFO  L185        PluginConnector]: Executing the observer UnstructureCode from plugin Boogie Preprocessor for "Hanoi_3vars.bpl de.uni_freiburg.informatik.ultimate.boogie.parser AST 17.06 06:55:03" (1/1) ...
[2020-06-17 18:55:03,065 INFO  L185        PluginConnector]: Executing the observer FunctionInliner from plugin Boogie Preprocessor for "Hanoi_3vars.bpl de.uni_freiburg.informatik.ultimate.boogie.parser AST 17.06 06:55:03" (1/1) ...
[2020-06-17 18:55:03,066 INFO  L185        PluginConnector]: Executing the observer BoogieSymbolTableConstructor from plugin Boogie Preprocessor for "Hanoi_3vars.bpl de.uni_freiburg.informatik.ultimate.boogie.parser AST 17.06 06:55:03" (1/1) ...
[2020-06-17 18:55:03,067 INFO  L132        PluginConnector]: ------------------------ END Boogie Preprocessor----------------------------
[2020-06-17 18:55:03,068 INFO  L113        PluginConnector]: ------------------------RCFGBuilder----------------------------
[2020-06-17 18:55:03,068 INFO  L271        PluginConnector]: Initializing RCFGBuilder...
[2020-06-17 18:55:03,068 INFO  L276        PluginConnector]: RCFGBuilder initialized
[2020-06-17 18:55:03,069 INFO  L185        PluginConnector]: Executing the observer RCFGBuilderObserver from plugin RCFGBuilder for "Hanoi_3vars.bpl de.uni_freiburg.informatik.ultimate.boogie.parser AST 17.06 06:55:03" (1/1) ...
No working directory specified, using /home/lixie/LassoRankerExp/LassoRankerExp/z3
Starting monitored process 1 with z3 SMTLIB2_COMPLIANT=true -memory:1024 -smt2 -in -t:12000 (exit command is (exit), workingDir is null)
Waiting until toolchain timeout for monitored process 1 with z3 SMTLIB2_COMPLIANT=true -memory:1024 -smt2 -in -t:12000
[2020-06-17 18:55:03,104 INFO  L124     BoogieDeclarations]: Specification and implementation of procedure main given in one single declaration
[2020-06-17 18:55:03,104 INFO  L130     BoogieDeclarations]: Found specification of procedure main
[2020-06-17 18:55:03,104 INFO  L138     BoogieDeclarations]: Found implementation of procedure main
[2020-06-17 18:55:03,164 INFO  L278             CfgBuilder]: Using library mode
[2020-06-17 18:55:03,164 INFO  L286             CfgBuilder]: Removed 0 assue(true) statements.
[2020-06-17 18:55:03,165 INFO  L202        PluginConnector]: Adding new model Hanoi_3vars.bpl de.uni_freiburg.informatik.ultimate.plugins.generator.rcfgbuilder CFG 17.06 06:55:03 BoogieIcfgContainer
[2020-06-17 18:55:03,165 INFO  L132        PluginConnector]: ------------------------ END RCFGBuilder----------------------------
[2020-06-17 18:55:03,165 INFO  L113        PluginConnector]: ------------------------LassoRanker----------------------------
[2020-06-17 18:55:03,165 INFO  L271        PluginConnector]: Initializing LassoRanker...
[2020-06-17 18:55:03,165 INFO  L276        PluginConnector]: LassoRanker initialized
[2020-06-17 18:55:03,166 INFO  L185        PluginConnector]: Executing the observer LassoRankerObserver from plugin LassoRanker for "Hanoi_3vars.bpl de.uni_freiburg.informatik.ultimate.plugins.generator.rcfgbuilder CFG 17.06 06:55:03" (1/1) ...
[2020-06-17 18:55:03,183 INFO  L72            BuchiIsEmpty]: Start buchiIsEmpty. Operand 2 states.
[2020-06-17 18:55:03,196 INFO  L131   ngComponentsAnalysis]: Automaton has 1 accepting balls. 1
[2020-06-17 18:55:03,196 INFO  L87            BuchiIsEmpty]: Finished buchiIsEmpty Result is false
[2020-06-17 18:55:03,196 INFO  L119           BuchiIsEmpty]: Starting construction of run
[2020-06-17 18:55:03,200 INFO  L104     BuchiDifferenceFKV]: Start buchiDifferenceFKV. First operand 2 states. Second operand 1 states.
[2020-06-17 18:55:03,208 INFO  L108     BuchiDifferenceFKV]: Finished buchiDifferenceFKV. First operand 2 states. Second operand 1 states. Result 3 states and 4 transitions. Complement of second has 2 states 2 powerset states0 rank states. The highest rank that occured is -1
[2020-06-17 18:55:03,208 INFO  L72            BuchiIsEmpty]: Start buchiIsEmpty. Operand 3 states and 4 transitions.
[2020-06-17 18:55:03,208 INFO  L131   ngComponentsAnalysis]: Automaton has 0 accepting balls. 0
[2020-06-17 18:55:03,208 INFO  L87            BuchiIsEmpty]: Finished buchiIsEmpty Result is true
[2020-06-17 18:55:03,237 INFO  L216          LassoAnalysis]: Preferences:
[2020-06-17 18:55:03,237 INFO  L124   ssoRankerPreferences]: Compute integeral hull: false
[2020-06-17 18:55:03,237 INFO  L125   ssoRankerPreferences]: Enable LassoPartitioneer: true
[2020-06-17 18:55:03,238 INFO  L126   ssoRankerPreferences]: Term annotations enabled: false
[2020-06-17 18:55:03,238 INFO  L127   ssoRankerPreferences]: Use exernal solver: true
[2020-06-17 18:55:03,238 INFO  L128   ssoRankerPreferences]: SMT solver command: z3 -smt2 -in SMTLIB2_COMPLIANT=true
[2020-06-17 18:55:03,238 INFO  L129   ssoRankerPreferences]: Dump SMT script to file: false
[2020-06-17 18:55:03,238 INFO  L130   ssoRankerPreferences]: Path of dumped script: .
[2020-06-17 18:55:03,238 INFO  L131   ssoRankerPreferences]: Filename of dumped script: LassoRankerScript
[2020-06-17 18:55:03,238 INFO  L132   ssoRankerPreferences]: MapElimAlgo: Frank
[2020-06-17 18:55:03,238 INFO  L282          LassoAnalysis]: Starting lasso preprocessing...
[2020-06-17 18:55:03,251 INFO  L141          MapEliminator]: Using MapEliminator with SimplificationTechnique=SIMPLIFY_DDA XnfConversionTechnique=BOTTOM_UP_WITH_LOCAL_SIMPLIFICATION AddInequalities=false OnlyTrivialImplicationsArrayWrite=false OnlyTrivialImplicationsForModifiedArguments=true OnlyArgumentsInFormula=true
[2020-06-17 18:55:03,308 INFO  L300          LassoAnalysis]: Preprocessing complete.
[2020-06-17 18:55:03,308 INFO  L412          LassoAnalysis]: Checking for nontermination...
No working directory specified, using /home/lixie/LassoRankerExp/LassoRankerExp/z3
Starting monitored process 2 with z3 -smt2 -in SMTLIB2_COMPLIANT=true (exit command is (exit), workingDir is null)
Waiting until toolchain timeout for monitored process 2 with z3 -smt2 -in SMTLIB2_COMPLIANT=true
[2020-06-17 18:55:03,314 INFO  L151   nArgumentSynthesizer]: Nontermination analysis: LINEAR_WITH_GUESSES Allow bounded executions: true Number of generalized eigenvectors: 0 Nilpotent components: true
[2020-06-17 18:55:03,314 INFO  L163   nArgumentSynthesizer]: Using integer mode.
No working directory specified, using /home/lixie/LassoRankerExp/LassoRankerExp/z3
Starting monitored process 3 with z3 -smt2 -in SMTLIB2_COMPLIANT=true (exit command is (exit), workingDir is null)
Waiting until toolchain timeout for monitored process 3 with z3 -smt2 -in SMTLIB2_COMPLIANT=true
[2020-06-17 18:55:03,333 INFO  L151   nArgumentSynthesizer]: Nontermination analysis: LINEAR_WITH_GUESSES Allow bounded executions: true Number of generalized eigenvectors: 3 Nilpotent components: true
[2020-06-17 18:55:03,333 INFO  L163   nArgumentSynthesizer]: Using integer mode.
[2020-06-17 18:55:03,357 INFO  L452          LassoAnalysis]: Proving nontermination failed: No geometric nontermination argument exists.
[2020-06-17 18:55:03,358 INFO  L216          LassoAnalysis]: Preferences:
[2020-06-17 18:55:03,358 INFO  L124   ssoRankerPreferences]: Compute integeral hull: false
[2020-06-17 18:55:03,358 INFO  L125   ssoRankerPreferences]: Enable LassoPartitioneer: true
[2020-06-17 18:55:03,358 INFO  L126   ssoRankerPreferences]: Term annotations enabled: false
[2020-06-17 18:55:03,358 INFO  L127   ssoRankerPreferences]: Use exernal solver: true
[2020-06-17 18:55:03,358 INFO  L128   ssoRankerPreferences]: SMT solver command: z3 -smt2 -in SMTLIB2_COMPLIANT=true
[2020-06-17 18:55:03,358 INFO  L129   ssoRankerPreferences]: Dump SMT script to file: false
[2020-06-17 18:55:03,358 INFO  L130   ssoRankerPreferences]: Path of dumped script: .
[2020-06-17 18:55:03,358 INFO  L131   ssoRankerPreferences]: Filename of dumped script: LassoRankerScript
[2020-06-17 18:55:03,358 INFO  L132   ssoRankerPreferences]: MapElimAlgo: Frank
[2020-06-17 18:55:03,358 INFO  L282          LassoAnalysis]: Starting lasso preprocessing...
[2020-06-17 18:55:03,360 INFO  L141          MapEliminator]: Using MapEliminator with SimplificationTechnique=SIMPLIFY_DDA XnfConversionTechnique=BOTTOM_UP_WITH_LOCAL_SIMPLIFICATION AddInequalities=false OnlyTrivialImplicationsArrayWrite=false OnlyTrivialImplicationsForModifiedArguments=true OnlyArgumentsInFormula=true
[2020-06-17 18:55:03,402 INFO  L300          LassoAnalysis]: Preprocessing complete.
[2020-06-17 18:55:03,405 INFO  L497          LassoAnalysis]: Using template 'affine'.
No working directory specified, using /home/lixie/LassoRankerExp/LassoRankerExp/z3
Starting monitored process 4 with z3 -smt2 -in SMTLIB2_COMPLIANT=true (exit command is (exit), workingDir is null)
Waiting until toolchain timeout for monitored process 4 with z3 -smt2 -in SMTLIB2_COMPLIANT=true
[2020-06-17 18:55:03,408 INFO  L122   nArgumentSynthesizer]: Termination Analysis Settings:
Termination analysis: LINEAR_WITH_GUESSES
Number of strict supporting invariants: 1
Number of non-strict supporting invariants: 0
Consider only non-deceasing supporting invariants: true
Simplify termination arguments: true
Simplify supporting invariants: trueOverapproximate stem: false
[2020-06-17 18:55:03,409 INFO  L339   nArgumentSynthesizer]: Template has degree 0.
[2020-06-17 18:55:03,409 INFO  L352   nArgumentSynthesizer]: There is no stem transition; disabling supporting invariant generation.
[2020-06-17 18:55:03,410 INFO  L205   nArgumentSynthesizer]: 1 stem disjuncts
[2020-06-17 18:55:03,410 INFO  L206   nArgumentSynthesizer]: 1 loop disjuncts
[2020-06-17 18:55:03,410 INFO  L207   nArgumentSynthesizer]: 2 template conjuncts.
[2020-06-17 18:55:03,412 INFO  L402   nArgumentSynthesizer]: We have 2 Motzkin's Theorem applications.
[2020-06-17 18:55:03,413 INFO  L403   nArgumentSynthesizer]: A total of 0 supporting invariants were added.
[2020-06-17 18:55:03,415 INFO  L530          LassoAnalysis]: Proving termination failed for this template and these settings.
[2020-06-17 18:55:03,427 INFO  L497          LassoAnalysis]: Using template '2-nested'.
No working directory specified, using /home/lixie/LassoRankerExp/LassoRankerExp/z3
Starting monitored process 5 with z3 -smt2 -in SMTLIB2_COMPLIANT=true (exit command is (exit), workingDir is null)
Waiting until toolchain timeout for monitored process 5 with z3 -smt2 -in SMTLIB2_COMPLIANT=true
[2020-06-17 18:55:03,429 INFO  L122   nArgumentSynthesizer]: Termination Analysis Settings:
Termination analysis: LINEAR_WITH_GUESSES
Number of strict supporting invariants: 1
Number of non-strict supporting invariants: 0
Consider only non-deceasing supporting invariants: true
Simplify termination arguments: true
Simplify supporting invariants: trueOverapproximate stem: false
[2020-06-17 18:55:03,431 INFO  L339   nArgumentSynthesizer]: Template has degree 0.
[2020-06-17 18:55:03,431 INFO  L352   nArgumentSynthesizer]: There is no stem transition; disabling supporting invariant generation.
[2020-06-17 18:55:03,431 INFO  L205   nArgumentSynthesizer]: 1 stem disjuncts
[2020-06-17 18:55:03,431 INFO  L206   nArgumentSynthesizer]: 1 loop disjuncts
[2020-06-17 18:55:03,431 INFO  L207   nArgumentSynthesizer]: 3 template conjuncts.
[2020-06-17 18:55:03,433 INFO  L402   nArgumentSynthesizer]: We have 3 Motzkin's Theorem applications.
[2020-06-17 18:55:03,433 INFO  L403   nArgumentSynthesizer]: A total of 0 supporting invariants were added.
[2020-06-17 18:55:03,436 INFO  L530          LassoAnalysis]: Proving termination failed for this template and these settings.
[2020-06-17 18:55:03,448 INFO  L497          LassoAnalysis]: Using template '3-nested'.
No working directory specified, using /home/lixie/LassoRankerExp/LassoRankerExp/z3
Starting monitored process 6 with z3 -smt2 -in SMTLIB2_COMPLIANT=true (exit command is (exit), workingDir is null)
Waiting until toolchain timeout for monitored process 6 with z3 -smt2 -in SMTLIB2_COMPLIANT=true
[2020-06-17 18:55:03,450 INFO  L122   nArgumentSynthesizer]: Termination Analysis Settings:
Termination analysis: LINEAR_WITH_GUESSES
Number of strict supporting invariants: 1
Number of non-strict supporting invariants: 0
Consider only non-deceasing supporting invariants: true
Simplify termination arguments: true
Simplify supporting invariants: trueOverapproximate stem: false
[2020-06-17 18:55:03,451 INFO  L339   nArgumentSynthesizer]: Template has degree 0.
[2020-06-17 18:55:03,451 INFO  L352   nArgumentSynthesizer]: There is no stem transition; disabling supporting invariant generation.
[2020-06-17 18:55:03,451 INFO  L205   nArgumentSynthesizer]: 1 stem disjuncts
[2020-06-17 18:55:03,451 INFO  L206   nArgumentSynthesizer]: 1 loop disjuncts
[2020-06-17 18:55:03,451 INFO  L207   nArgumentSynthesizer]: 4 template conjuncts.
[2020-06-17 18:55:03,454 INFO  L402   nArgumentSynthesizer]: We have 4 Motzkin's Theorem applications.
[2020-06-17 18:55:03,454 INFO  L403   nArgumentSynthesizer]: A total of 0 supporting invariants were added.
[2020-06-17 18:55:03,458 INFO  L530          LassoAnalysis]: Proving termination failed for this template and these settings.
[2020-06-17 18:55:03,469 INFO  L497          LassoAnalysis]: Using template '4-nested'.
No working directory specified, using /home/lixie/LassoRankerExp/LassoRankerExp/z3
Starting monitored process 7 with z3 -smt2 -in SMTLIB2_COMPLIANT=true (exit command is (exit), workingDir is null)
Waiting until toolchain timeout for monitored process 7 with z3 -smt2 -in SMTLIB2_COMPLIANT=true
[2020-06-17 18:55:03,471 INFO  L122   nArgumentSynthesizer]: Termination Analysis Settings:
Termination analysis: LINEAR_WITH_GUESSES
Number of strict supporting invariants: 1
Number of non-strict supporting invariants: 0
Consider only non-deceasing supporting invariants: true
Simplify termination arguments: true
Simplify supporting invariants: trueOverapproximate stem: false
[2020-06-17 18:55:03,473 INFO  L339   nArgumentSynthesizer]: Template has degree 0.
[2020-06-17 18:55:03,473 INFO  L352   nArgumentSynthesizer]: There is no stem transition; disabling supporting invariant generation.
[2020-06-17 18:55:03,473 INFO  L205   nArgumentSynthesizer]: 1 stem disjuncts
[2020-06-17 18:55:03,473 INFO  L206   nArgumentSynthesizer]: 1 loop disjuncts
[2020-06-17 18:55:03,473 INFO  L207   nArgumentSynthesizer]: 5 template conjuncts.
[2020-06-17 18:55:03,476 INFO  L402   nArgumentSynthesizer]: We have 5 Motzkin's Theorem applications.
[2020-06-17 18:55:03,476 INFO  L403   nArgumentSynthesizer]: A total of 0 supporting invariants were added.
[2020-06-17 18:55:03,480 INFO  L530          LassoAnalysis]: Proving termination failed for this template and these settings.
[2020-06-17 18:55:03,492 INFO  L497          LassoAnalysis]: Using template '2-phase'.
No working directory specified, using /home/lixie/LassoRankerExp/LassoRankerExp/z3
Starting monitored process 8 with z3 -smt2 -in SMTLIB2_COMPLIANT=true (exit command is (exit), workingDir is null)
Waiting until toolchain timeout for monitored process 8 with z3 -smt2 -in SMTLIB2_COMPLIANT=true
[2020-06-17 18:55:03,494 INFO  L122   nArgumentSynthesizer]: Termination Analysis Settings:
Termination analysis: LINEAR_WITH_GUESSES
Number of strict supporting invariants: 1
Number of non-strict supporting invariants: 0
Consider only non-deceasing supporting invariants: true
Simplify termination arguments: true
Simplify supporting invariants: trueOverapproximate stem: false
[2020-06-17 18:55:03,495 WARN  L334   nArgumentSynthesizer]: Using a linear SMT query and a templates of degree > 0, hence this method is incomplete.
[2020-06-17 18:55:03,495 INFO  L339   nArgumentSynthesizer]: Template has degree 1.
[2020-06-17 18:55:03,495 INFO  L352   nArgumentSynthesizer]: There is no stem transition; disabling supporting invariant generation.
[2020-06-17 18:55:03,495 INFO  L205   nArgumentSynthesizer]: 1 stem disjuncts
[2020-06-17 18:55:03,496 INFO  L206   nArgumentSynthesizer]: 1 loop disjuncts
[2020-06-17 18:55:03,496 INFO  L207   nArgumentSynthesizer]: 3 template conjuncts.
[2020-06-17 18:55:03,498 INFO  L402   nArgumentSynthesizer]: We have 3 Motzkin's Theorem applications.
[2020-06-17 18:55:03,498 INFO  L403   nArgumentSynthesizer]: A total of 0 supporting invariants were added.
[2020-06-17 18:55:03,504 INFO  L530          LassoAnalysis]: Proving termination failed for this template and these settings.
[2020-06-17 18:55:03,520 INFO  L497          LassoAnalysis]: Using template 'lex(affine, affine)'.
No working directory specified, using /home/lixie/LassoRankerExp/LassoRankerExp/z3
Starting monitored process 9 with z3 -smt2 -in SMTLIB2_COMPLIANT=true (exit command is (exit), workingDir is null)
Waiting until toolchain timeout for monitored process 9 with z3 -smt2 -in SMTLIB2_COMPLIANT=true
[2020-06-17 18:55:03,522 INFO  L122   nArgumentSynthesizer]: Termination Analysis Settings:
Termination analysis: LINEAR_WITH_GUESSES
Number of strict supporting invariants: 1
Number of non-strict supporting invariants: 0
Consider only non-deceasing supporting invariants: true
Simplify termination arguments: true
Simplify supporting invariants: trueOverapproximate stem: false
[2020-06-17 18:55:03,524 WARN  L334   nArgumentSynthesizer]: Using a linear SMT query and a templates of degree > 0, hence this method is incomplete.
[2020-06-17 18:55:03,524 INFO  L339   nArgumentSynthesizer]: Template has degree 5.
[2020-06-17 18:55:03,524 INFO  L352   nArgumentSynthesizer]: There is no stem transition; disabling supporting invariant generation.
[2020-06-17 18:55:03,524 INFO  L205   nArgumentSynthesizer]: 1 stem disjuncts
[2020-06-17 18:55:03,524 INFO  L206   nArgumentSynthesizer]: 1 loop disjuncts
[2020-06-17 18:55:03,524 INFO  L207   nArgumentSynthesizer]: 4 template conjuncts.
[2020-06-17 18:55:03,527 INFO  L402   nArgumentSynthesizer]: We have 4 Motzkin's Theorem applications.
[2020-06-17 18:55:03,527 INFO  L403   nArgumentSynthesizer]: A total of 0 supporting invariants were added.
[2020-06-17 18:55:03,533 INFO  L530          LassoAnalysis]: Proving termination failed for this template and these settings.
[2020-06-17 18:55:03,546 INFO  L497          LassoAnalysis]: Using template '2-piece'.
No working directory specified, using /home/lixie/LassoRankerExp/LassoRankerExp/z3
Starting monitored process 10 with z3 -smt2 -in SMTLIB2_COMPLIANT=true (exit command is (exit), workingDir is null)
Waiting until toolchain timeout for monitored process 10 with z3 -smt2 -in SMTLIB2_COMPLIANT=true
[2020-06-17 18:55:03,548 INFO  L122   nArgumentSynthesizer]: Termination Analysis Settings:
Termination analysis: LINEAR_WITH_GUESSES
Number of strict supporting invariants: 1
Number of non-strict supporting invariants: 0
Consider only non-deceasing supporting invariants: true
Simplify termination arguments: true
Simplify supporting invariants: trueOverapproximate stem: false
[2020-06-17 18:55:03,549 WARN  L334   nArgumentSynthesizer]: Using a linear SMT query and a templates of degree > 0, hence this method is incomplete.
[2020-06-17 18:55:03,549 INFO  L339   nArgumentSynthesizer]: Template has degree 7.
[2020-06-17 18:55:03,550 INFO  L352   nArgumentSynthesizer]: There is no stem transition; disabling supporting invariant generation.
[2020-06-17 18:55:03,550 INFO  L205   nArgumentSynthesizer]: 1 stem disjuncts
[2020-06-17 18:55:03,550 INFO  L206   nArgumentSynthesizer]: 1 loop disjuncts
[2020-06-17 18:55:03,550 INFO  L207   nArgumentSynthesizer]: 7 template conjuncts.
[2020-06-17 18:55:03,556 INFO  L402   nArgumentSynthesizer]: We have 7 Motzkin's Theorem applications.
[2020-06-17 18:55:03,556 INFO  L403   nArgumentSynthesizer]: A total of 0 supporting invariants were added.
[2020-06-17 18:55:03,582 INFO  L530          LassoAnalysis]: Proving termination failed for this template and these settings.
[2020-06-17 18:55:03,594 INFO  L497          LassoAnalysis]: Using template '2-parallel'.
No working directory specified, using /home/lixie/LassoRankerExp/LassoRankerExp/z3
Starting monitored process 11 with z3 -smt2 -in SMTLIB2_COMPLIANT=true (exit command is (exit), workingDir is null)
Waiting until toolchain timeout for monitored process 11 with z3 -smt2 -in SMTLIB2_COMPLIANT=true
[2020-06-17 18:55:03,596 INFO  L122   nArgumentSynthesizer]: Termination Analysis Settings:
Termination analysis: LINEAR_WITH_GUESSES
Number of strict supporting invariants: 1
Number of non-strict supporting invariants: 0
Consider only non-deceasing supporting invariants: true
Simplify termination arguments: true
Simplify supporting invariants: trueOverapproximate stem: false
[2020-06-17 18:55:03,597 WARN  L334   nArgumentSynthesizer]: Using a linear SMT query and a templates of degree > 0, hence this method is incomplete.
[2020-06-17 18:55:03,597 INFO  L339   nArgumentSynthesizer]: Template has degree 4.
[2020-06-17 18:55:03,597 INFO  L352   nArgumentSynthesizer]: There is no stem transition; disabling supporting invariant generation.
[2020-06-17 18:55:03,597 INFO  L205   nArgumentSynthesizer]: 1 stem disjuncts
[2020-06-17 18:55:03,598 INFO  L206   nArgumentSynthesizer]: 1 loop disjuncts
[2020-06-17 18:55:03,598 INFO  L207   nArgumentSynthesizer]: 6 template conjuncts.
[2020-06-17 18:55:03,601 INFO  L402   nArgumentSynthesizer]: We have 6 Motzkin's Theorem applications.
[2020-06-17 18:55:03,601 INFO  L403   nArgumentSynthesizer]: A total of 0 supporting invariants were added.
[2020-06-17 18:55:03,614 INFO  L530          LassoAnalysis]: Proving termination failed for this template and these settings.
[2020-06-17 18:55:03,629 INFO  L489     LassoRankerStarter]: LassoRanker could not prove termination or nontermination of the given linear lasso program.
Templates: AffineTemplate NestedTemplate NestedTemplate NestedTemplate MultiphaseTemplate ComposedLexicographicTemplate PiecewiseTemplate ParallelTemplate
[2020-06-17 18:55:03,630 INFO  L132        PluginConnector]: ------------------------ END LassoRanker----------------------------
[2020-06-17 18:55:03,631 INFO  L168              Benchmark]: Toolchain (without parser) took 600.41 ms. Allocated memory is still 514.9 MB. Free memory was 472.9 MB in the beginning and 388.4 MB in the end (delta: 84.5 MB). Peak memory consumption was 84.5 MB. Max. memory is 11.5 GB.
[2020-06-17 18:55:03,632 INFO  L168              Benchmark]: Boogie PL CUP Parser took 0.10 ms. Allocated memory is still 514.9 MB. Free memory is still 474.4 MB. There was no memory consumed. Max. memory is 11.5 GB.
[2020-06-17 18:55:03,632 INFO  L168              Benchmark]: Boogie Preprocessor took 28.90 ms. Allocated memory is still 514.9 MB. Free memory was 471.5 MB in the beginning and 470.2 MB in the end (delta: 1.3 MB). Peak memory consumption was 1.3 MB. Max. memory is 11.5 GB.
[2020-06-17 18:55:03,633 INFO  L168              Benchmark]: RCFGBuilder took 97.26 ms. Allocated memory is still 514.9 MB. Free memory was 470.2 MB in the beginning and 460.7 MB in the end (delta: 9.5 MB). Peak memory consumption was 9.5 MB. Max. memory is 11.5 GB.
[2020-06-17 18:55:03,633 INFO  L168              Benchmark]: LassoRanker took 464.93 ms. Allocated memory is still 514.9 MB. Free memory was 460.7 MB in the beginning and 388.4 MB in the end (delta: 72.3 MB). Peak memory consumption was 72.3 MB. Max. memory is 11.5 GB.
[2020-06-17 18:55:03,636 INFO  L336   ainManager$Toolchain]: #######################  End [Toolchain 1] #######################
 --- Results ---
 * Results from de.uni_freiburg.informatik.ultimate.core:
  - StatisticsResult: Toolchain Benchmarks
    Benchmark results are:
 * Boogie PL CUP Parser took 0.10 ms. Allocated memory is still 514.9 MB. Free memory is still 474.4 MB. There was no memory consumed. Max. memory is 11.5 GB.
 * Boogie Preprocessor took 28.90 ms. Allocated memory is still 514.9 MB. Free memory was 471.5 MB in the beginning and 470.2 MB in the end (delta: 1.3 MB). Peak memory consumption was 1.3 MB. Max. memory is 11.5 GB.
 * RCFGBuilder took 97.26 ms. Allocated memory is still 514.9 MB. Free memory was 470.2 MB in the beginning and 460.7 MB in the end (delta: 9.5 MB). Peak memory consumption was 9.5 MB. Max. memory is 11.5 GB.
 * LassoRanker took 464.93 ms. Allocated memory is still 514.9 MB. Free memory was 460.7 MB in the beginning and 388.4 MB in the end (delta: 72.3 MB). Peak memory consumption was 72.3 MB. Max. memory is 11.5 GB.
 * Results from de.uni_freiburg.informatik.ultimate.plugins.analysis.lassoranker:
  - NoResult [Line: 1]: LassoRanker could not prove termination
    LassoRanker could not prove termination or nontermination of the given linear lasso program.
Templates: AffineTemplate NestedTemplate NestedTemplate NestedTemplate MultiphaseTemplate ComposedLexicographicTemplate PiecewiseTemplate ParallelTemplate
RESULT: Ultimate could not prove your program: Toolchain returned no result.
Received shutdown request...
Ultimate:
GTK+ Version Check
