This is Ultimate 0.1.24-16d85fa
[2020-06-17 18:55:06,963 INFO  L170        SettingsManager]: Resetting all preferences to default values...
[2020-06-17 18:55:06,964 INFO  L174        SettingsManager]: Resetting UltimateCore preferences to default values
[2020-06-17 18:55:06,973 INFO  L177        SettingsManager]: Ultimate Commandline Interface provides no preferences, ignoring...
[2020-06-17 18:55:06,974 INFO  L174        SettingsManager]: Resetting Boogie Preprocessor preferences to default values
[2020-06-17 18:55:06,974 INFO  L174        SettingsManager]: Resetting Boogie Procedure Inliner preferences to default values
[2020-06-17 18:55:06,975 INFO  L174        SettingsManager]: Resetting Abstract Interpretation preferences to default values
[2020-06-17 18:55:06,976 INFO  L174        SettingsManager]: Resetting LassoRanker preferences to default values
[2020-06-17 18:55:06,977 INFO  L174        SettingsManager]: Resetting Reaching Definitions preferences to default values
[2020-06-17 18:55:06,977 INFO  L174        SettingsManager]: Resetting SyntaxChecker preferences to default values
[2020-06-17 18:55:06,978 INFO  L177        SettingsManager]: Büchi Program Product provides no preferences, ignoring...
[2020-06-17 18:55:06,978 INFO  L174        SettingsManager]: Resetting LTL2Aut preferences to default values
[2020-06-17 18:55:06,978 INFO  L174        SettingsManager]: Resetting PEA to Boogie preferences to default values
[2020-06-17 18:55:06,979 INFO  L174        SettingsManager]: Resetting BlockEncodingV2 preferences to default values
[2020-06-17 18:55:06,980 INFO  L174        SettingsManager]: Resetting ChcToBoogie preferences to default values
[2020-06-17 18:55:06,980 INFO  L174        SettingsManager]: Resetting AutomataScriptInterpreter preferences to default values
[2020-06-17 18:55:06,980 INFO  L174        SettingsManager]: Resetting BuchiAutomizer preferences to default values
[2020-06-17 18:55:06,982 INFO  L174        SettingsManager]: Resetting CACSL2BoogieTranslator preferences to default values
[2020-06-17 18:55:06,983 INFO  L174        SettingsManager]: Resetting CodeCheck preferences to default values
[2020-06-17 18:55:06,984 INFO  L174        SettingsManager]: Resetting InvariantSynthesis preferences to default values
[2020-06-17 18:55:06,984 INFO  L174        SettingsManager]: Resetting RCFGBuilder preferences to default values
[2020-06-17 18:55:06,985 INFO  L174        SettingsManager]: Resetting TraceAbstraction preferences to default values
[2020-06-17 18:55:06,987 INFO  L177        SettingsManager]: TraceAbstractionConcurrent provides no preferences, ignoring...
[2020-06-17 18:55:06,987 INFO  L177        SettingsManager]: TraceAbstractionWithAFAs provides no preferences, ignoring...
[2020-06-17 18:55:06,987 INFO  L174        SettingsManager]: Resetting TreeAutomizer preferences to default values
[2020-06-17 18:55:06,987 INFO  L174        SettingsManager]: Resetting IcfgTransformer preferences to default values
[2020-06-17 18:55:06,988 INFO  L174        SettingsManager]: Resetting Boogie Printer preferences to default values
[2020-06-17 18:55:06,988 INFO  L174        SettingsManager]: Resetting ReqPrinter preferences to default values
[2020-06-17 18:55:06,989 INFO  L174        SettingsManager]: Resetting Witness Printer preferences to default values
[2020-06-17 18:55:06,989 INFO  L177        SettingsManager]: Boogie PL CUP Parser provides no preferences, ignoring...
[2020-06-17 18:55:06,989 INFO  L174        SettingsManager]: Resetting CDTParser preferences to default values
[2020-06-17 18:55:06,990 INFO  L177        SettingsManager]: AutomataScriptParser provides no preferences, ignoring...
[2020-06-17 18:55:06,990 INFO  L177        SettingsManager]: ReqParser provides no preferences, ignoring...
[2020-06-17 18:55:06,990 INFO  L174        SettingsManager]: Resetting SmtParser preferences to default values
[2020-06-17 18:55:06,991 INFO  L174        SettingsManager]: Resetting Witness Parser preferences to default values
[2020-06-17 18:55:06,991 INFO  L181        SettingsManager]: Finished resetting all preferences to default values...
[2020-06-17 18:55:07,006 INFO  L81    nceAwareModelManager]: Repository-Root is: /tmp
[2020-06-17 18:55:07,017 INFO  L258   ainManager$Toolchain]: [Toolchain 1]: Applicable parser(s) successfully (re)initialized
[2020-06-17 18:55:07,020 INFO  L214   ainManager$Toolchain]: [Toolchain 1]: Toolchain selected.
[2020-06-17 18:55:07,021 INFO  L271        PluginConnector]: Initializing Boogie PL CUP Parser...
[2020-06-17 18:55:07,022 INFO  L276        PluginConnector]: Boogie PL CUP Parser initialized
[2020-06-17 18:55:07,023 INFO  L418   ainManager$Toolchain]: [Toolchain 1]: Parsing single file: /home/lixie/LassoRankerExp/LassoRankerExp/./C_Boogie/LeikeHeizmann-TACAS2014-Ex1.bpl
[2020-06-17 18:55:07,023 INFO  L111           BoogieParser]: Parsing: '/home/lixie/LassoRankerExp/LassoRankerExp/./C_Boogie/LeikeHeizmann-TACAS2014-Ex1.bpl'
[2020-06-17 18:55:07,045 INFO  L296   ainManager$Toolchain]: ####################### [Toolchain 1] #######################
[2020-06-17 18:55:07,053 INFO  L131        ToolchainWalker]: Walking toolchain with 3 elements.
[2020-06-17 18:55:07,054 INFO  L113        PluginConnector]: ------------------------Boogie Preprocessor----------------------------
[2020-06-17 18:55:07,054 INFO  L271        PluginConnector]: Initializing Boogie Preprocessor...
[2020-06-17 18:55:07,054 INFO  L276        PluginConnector]: Boogie Preprocessor initialized
[2020-06-17 18:55:07,074 INFO  L185        PluginConnector]: Executing the observer EnsureBoogieModelObserver from plugin Boogie Preprocessor for "LeikeHeizmann-TACAS2014-Ex1.bpl de.uni_freiburg.informatik.ultimate.boogie.parser AST 17.06 06:55:07" (1/1) ...
[2020-06-17 18:55:07,076 INFO  L185        PluginConnector]: Executing the observer TypeChecker from plugin Boogie Preprocessor for "LeikeHeizmann-TACAS2014-Ex1.bpl de.uni_freiburg.informatik.ultimate.boogie.parser AST 17.06 06:55:07" (1/1) ...
[2020-06-17 18:55:07,079 INFO  L185        PluginConnector]: Executing the observer ConstExpander from plugin Boogie Preprocessor for "LeikeHeizmann-TACAS2014-Ex1.bpl de.uni_freiburg.informatik.ultimate.boogie.parser AST 17.06 06:55:07" (1/1) ...
[2020-06-17 18:55:07,080 INFO  L185        PluginConnector]: Executing the observer StructExpander from plugin Boogie Preprocessor for "LeikeHeizmann-TACAS2014-Ex1.bpl de.uni_freiburg.informatik.ultimate.boogie.parser AST 17.06 06:55:07" (1/1) ...
[2020-06-17 18:55:07,081 INFO  L185        PluginConnector]: Executing the observer UnstructureCode from plugin Boogie Preprocessor for "LeikeHeizmann-TACAS2014-Ex1.bpl de.uni_freiburg.informatik.ultimate.boogie.parser AST 17.06 06:55:07" (1/1) ...
[2020-06-17 18:55:07,085 INFO  L185        PluginConnector]: Executing the observer FunctionInliner from plugin Boogie Preprocessor for "LeikeHeizmann-TACAS2014-Ex1.bpl de.uni_freiburg.informatik.ultimate.boogie.parser AST 17.06 06:55:07" (1/1) ...
[2020-06-17 18:55:07,086 INFO  L185        PluginConnector]: Executing the observer BoogieSymbolTableConstructor from plugin Boogie Preprocessor for "LeikeHeizmann-TACAS2014-Ex1.bpl de.uni_freiburg.informatik.ultimate.boogie.parser AST 17.06 06:55:07" (1/1) ...
[2020-06-17 18:55:07,087 INFO  L132        PluginConnector]: ------------------------ END Boogie Preprocessor----------------------------
[2020-06-17 18:55:07,087 INFO  L113        PluginConnector]: ------------------------RCFGBuilder----------------------------
[2020-06-17 18:55:07,087 INFO  L271        PluginConnector]: Initializing RCFGBuilder...
[2020-06-17 18:55:07,088 INFO  L276        PluginConnector]: RCFGBuilder initialized
[2020-06-17 18:55:07,089 INFO  L185        PluginConnector]: Executing the observer RCFGBuilderObserver from plugin RCFGBuilder for "LeikeHeizmann-TACAS2014-Ex1.bpl de.uni_freiburg.informatik.ultimate.boogie.parser AST 17.06 06:55:07" (1/1) ...
No working directory specified, using /home/lixie/LassoRankerExp/LassoRankerExp/z3
Starting monitored process 1 with z3 SMTLIB2_COMPLIANT=true -memory:1024 -smt2 -in -t:12000 (exit command is (exit), workingDir is null)
Waiting until toolchain timeout for monitored process 1 with z3 SMTLIB2_COMPLIANT=true -memory:1024 -smt2 -in -t:12000
[2020-06-17 18:55:07,126 INFO  L124     BoogieDeclarations]: Specification and implementation of procedure main given in one single declaration
[2020-06-17 18:55:07,126 INFO  L130     BoogieDeclarations]: Found specification of procedure main
[2020-06-17 18:55:07,126 INFO  L138     BoogieDeclarations]: Found implementation of procedure main
[2020-06-17 18:55:07,199 INFO  L278             CfgBuilder]: Using library mode
[2020-06-17 18:55:07,199 INFO  L286             CfgBuilder]: Removed 0 assue(true) statements.
[2020-06-17 18:55:07,200 INFO  L202        PluginConnector]: Adding new model LeikeHeizmann-TACAS2014-Ex1.bpl de.uni_freiburg.informatik.ultimate.plugins.generator.rcfgbuilder CFG 17.06 06:55:07 BoogieIcfgContainer
[2020-06-17 18:55:07,200 INFO  L132        PluginConnector]: ------------------------ END RCFGBuilder----------------------------
[2020-06-17 18:55:07,201 INFO  L113        PluginConnector]: ------------------------LassoRanker----------------------------
[2020-06-17 18:55:07,201 INFO  L271        PluginConnector]: Initializing LassoRanker...
[2020-06-17 18:55:07,201 INFO  L276        PluginConnector]: LassoRanker initialized
[2020-06-17 18:55:07,201 INFO  L185        PluginConnector]: Executing the observer LassoRankerObserver from plugin LassoRanker for "LeikeHeizmann-TACAS2014-Ex1.bpl de.uni_freiburg.informatik.ultimate.plugins.generator.rcfgbuilder CFG 17.06 06:55:07" (1/1) ...
[2020-06-17 18:55:07,219 INFO  L72            BuchiIsEmpty]: Start buchiIsEmpty. Operand 2 states.
[2020-06-17 18:55:07,232 INFO  L131   ngComponentsAnalysis]: Automaton has 1 accepting balls. 1
[2020-06-17 18:55:07,232 INFO  L87            BuchiIsEmpty]: Finished buchiIsEmpty Result is false
[2020-06-17 18:55:07,232 INFO  L119           BuchiIsEmpty]: Starting construction of run
[2020-06-17 18:55:07,236 INFO  L104     BuchiDifferenceFKV]: Start buchiDifferenceFKV. First operand 2 states. Second operand 1 states.
[2020-06-17 18:55:07,244 INFO  L108     BuchiDifferenceFKV]: Finished buchiDifferenceFKV. First operand 2 states. Second operand 1 states. Result 3 states and 4 transitions. Complement of second has 2 states 2 powerset states0 rank states. The highest rank that occured is -1
[2020-06-17 18:55:07,244 INFO  L72            BuchiIsEmpty]: Start buchiIsEmpty. Operand 3 states and 4 transitions.
[2020-06-17 18:55:07,244 INFO  L131   ngComponentsAnalysis]: Automaton has 0 accepting balls. 0
[2020-06-17 18:55:07,244 INFO  L87            BuchiIsEmpty]: Finished buchiIsEmpty Result is true
[2020-06-17 18:55:07,290 INFO  L216          LassoAnalysis]: Preferences:
[2020-06-17 18:55:07,291 INFO  L124   ssoRankerPreferences]: Compute integeral hull: false
[2020-06-17 18:55:07,291 INFO  L125   ssoRankerPreferences]: Enable LassoPartitioneer: true
[2020-06-17 18:55:07,291 INFO  L126   ssoRankerPreferences]: Term annotations enabled: false
[2020-06-17 18:55:07,291 INFO  L127   ssoRankerPreferences]: Use exernal solver: true
[2020-06-17 18:55:07,291 INFO  L128   ssoRankerPreferences]: SMT solver command: z3 -smt2 -in SMTLIB2_COMPLIANT=true
[2020-06-17 18:55:07,291 INFO  L129   ssoRankerPreferences]: Dump SMT script to file: false
[2020-06-17 18:55:07,291 INFO  L130   ssoRankerPreferences]: Path of dumped script: .
[2020-06-17 18:55:07,291 INFO  L131   ssoRankerPreferences]: Filename of dumped script: LassoRankerScript
[2020-06-17 18:55:07,291 INFO  L132   ssoRankerPreferences]: MapElimAlgo: Frank
[2020-06-17 18:55:07,292 INFO  L282          LassoAnalysis]: Starting lasso preprocessing...
[2020-06-17 18:55:07,305 INFO  L141          MapEliminator]: Using MapEliminator with SimplificationTechnique=SIMPLIFY_DDA XnfConversionTechnique=BOTTOM_UP_WITH_LOCAL_SIMPLIFICATION AddInequalities=false OnlyTrivialImplicationsArrayWrite=false OnlyTrivialImplicationsForModifiedArguments=true OnlyArgumentsInFormula=true
[2020-06-17 18:55:07,407 INFO  L300          LassoAnalysis]: Preprocessing complete.
[2020-06-17 18:55:07,408 INFO  L412          LassoAnalysis]: Checking for nontermination...
No working directory specified, using /home/lixie/LassoRankerExp/LassoRankerExp/z3
Starting monitored process 2 with z3 -smt2 -in SMTLIB2_COMPLIANT=true (exit command is (exit), workingDir is null)
Waiting until toolchain timeout for monitored process 2 with z3 -smt2 -in SMTLIB2_COMPLIANT=true
[2020-06-17 18:55:07,411 INFO  L151   nArgumentSynthesizer]: Nontermination analysis: LINEAR_WITH_GUESSES Allow bounded executions: true Number of generalized eigenvectors: 0 Nilpotent components: true
[2020-06-17 18:55:07,411 INFO  L163   nArgumentSynthesizer]: Using integer mode.
No working directory specified, using /home/lixie/LassoRankerExp/LassoRankerExp/z3
Starting monitored process 3 with z3 -smt2 -in SMTLIB2_COMPLIANT=true (exit command is (exit), workingDir is null)
Waiting until toolchain timeout for monitored process 3 with z3 -smt2 -in SMTLIB2_COMPLIANT=true
[2020-06-17 18:55:07,440 INFO  L151   nArgumentSynthesizer]: Nontermination analysis: LINEAR_WITH_GUESSES Allow bounded executions: true Number of generalized eigenvectors: 3 Nilpotent components: true
[2020-06-17 18:55:07,440 INFO  L163   nArgumentSynthesizer]: Using integer mode.
[2020-06-17 18:55:07,459 INFO  L452          LassoAnalysis]: Proving nontermination failed: No geometric nontermination argument exists.
[2020-06-17 18:55:07,461 INFO  L216          LassoAnalysis]: Preferences:
[2020-06-17 18:55:07,461 INFO  L124   ssoRankerPreferences]: Compute integeral hull: false
[2020-06-17 18:55:07,461 INFO  L125   ssoRankerPreferences]: Enable LassoPartitioneer: true
[2020-06-17 18:55:07,461 INFO  L126   ssoRankerPreferences]: Term annotations enabled: false
[2020-06-17 18:55:07,461 INFO  L127   ssoRankerPreferences]: Use exernal solver: true
[2020-06-17 18:55:07,461 INFO  L128   ssoRankerPreferences]: SMT solver command: z3 -smt2 -in SMTLIB2_COMPLIANT=true
[2020-06-17 18:55:07,461 INFO  L129   ssoRankerPreferences]: Dump SMT script to file: false
[2020-06-17 18:55:07,461 INFO  L130   ssoRankerPreferences]: Path of dumped script: .
[2020-06-17 18:55:07,461 INFO  L131   ssoRankerPreferences]: Filename of dumped script: LassoRankerScript
[2020-06-17 18:55:07,461 INFO  L132   ssoRankerPreferences]: MapElimAlgo: Frank
[2020-06-17 18:55:07,461 INFO  L282          LassoAnalysis]: Starting lasso preprocessing...
[2020-06-17 18:55:07,463 INFO  L141          MapEliminator]: Using MapEliminator with SimplificationTechnique=SIMPLIFY_DDA XnfConversionTechnique=BOTTOM_UP_WITH_LOCAL_SIMPLIFICATION AddInequalities=false OnlyTrivialImplicationsArrayWrite=false OnlyTrivialImplicationsForModifiedArguments=true OnlyArgumentsInFormula=true
[2020-06-17 18:55:07,525 INFO  L300          LassoAnalysis]: Preprocessing complete.
[2020-06-17 18:55:07,529 INFO  L497          LassoAnalysis]: Using template 'affine'.
No working directory specified, using /home/lixie/LassoRankerExp/LassoRankerExp/z3
Starting monitored process 4 with z3 -smt2 -in SMTLIB2_COMPLIANT=true (exit command is (exit), workingDir is null)
Waiting until toolchain timeout for monitored process 4 with z3 -smt2 -in SMTLIB2_COMPLIANT=true
[2020-06-17 18:55:07,532 INFO  L122   nArgumentSynthesizer]: Termination Analysis Settings:
Termination analysis: LINEAR_WITH_GUESSES
Number of strict supporting invariants: 1
Number of non-strict supporting invariants: 0
Consider only non-deceasing supporting invariants: true
Simplify termination arguments: true
Simplify supporting invariants: trueOverapproximate stem: false
[2020-06-17 18:55:07,533 INFO  L339   nArgumentSynthesizer]: Template has degree 0.
[2020-06-17 18:55:07,533 INFO  L352   nArgumentSynthesizer]: There is no stem transition; disabling supporting invariant generation.
[2020-06-17 18:55:07,534 INFO  L205   nArgumentSynthesizer]: 1 stem disjuncts
[2020-06-17 18:55:07,534 INFO  L206   nArgumentSynthesizer]: 2 loop disjuncts
[2020-06-17 18:55:07,534 INFO  L207   nArgumentSynthesizer]: 2 template conjuncts.
[2020-06-17 18:55:07,536 INFO  L402   nArgumentSynthesizer]: We have 4 Motzkin's Theorem applications.
[2020-06-17 18:55:07,537 INFO  L403   nArgumentSynthesizer]: A total of 0 supporting invariants were added.
[2020-06-17 18:55:07,539 INFO  L421   nArgumentSynthesizer]: Found a termination argument, trying to simplify.
[2020-06-17 18:55:07,543 INFO  L443   ModelExtractionUtils]: Simplification made 3 calls to the SMT solver.
[2020-06-17 18:55:07,543 INFO  L444   ModelExtractionUtils]: 1 out of 4 variables were initially zero. Simplification set additionally 1 variables to zero.
No working directory specified, using /home/lixie/LassoRankerExp/LassoRankerExp/z3
Starting monitored process 5 with z3 -smt2 -in SMTLIB2_COMPLIANT=true (exit command is (exit), workingDir is null)
Waiting until toolchain timeout for monitored process 5 with z3 -smt2 -in SMTLIB2_COMPLIANT=true
[2020-06-17 18:55:07,546 INFO  L437   nArgumentSynthesizer]: Simplifying supporting invariants...
[2020-06-17 18:55:07,546 INFO  L440   nArgumentSynthesizer]: Removed 0 redundant supporting invariants from a total of 0.
[2020-06-17 18:55:07,546 INFO  L518          LassoAnalysis]: Proved termination.
[2020-06-17 18:55:07,547 INFO  L520          LassoAnalysis]: Termination argument consisting of:
Ranking function f(main_q) = 1*main_q
Supporting invariants []
[2020-06-17 18:55:07,563 INFO  L132        PluginConnector]: ------------------------ END LassoRanker----------------------------
[2020-06-17 18:55:07,564 INFO  L168              Benchmark]: Toolchain (without parser) took 518.40 ms. Allocated memory is still 514.9 MB. Free memory was 473.0 MB in the beginning and 399.5 MB in the end (delta: 73.5 MB). Peak memory consumption was 73.5 MB. Max. memory is 11.5 GB.
[2020-06-17 18:55:07,565 INFO  L168              Benchmark]: Boogie PL CUP Parser took 0.16 ms. Allocated memory is still 514.9 MB. Free memory is still 473.0 MB. There was no memory consumed. Max. memory is 11.5 GB.
[2020-06-17 18:55:07,565 INFO  L168              Benchmark]: Boogie Preprocessor took 33.16 ms. Allocated memory is still 514.9 MB. Free memory is still 470.3 MB. There was no memory consumed. Max. memory is 11.5 GB.
[2020-06-17 18:55:07,566 INFO  L168              Benchmark]: RCFGBuilder took 113.17 ms. Allocated memory is still 514.9 MB. Free memory was 470.3 MB in the beginning and 459.5 MB in the end (delta: 10.8 MB). Peak memory consumption was 10.8 MB. Max. memory is 11.5 GB.
[2020-06-17 18:55:07,566 INFO  L168              Benchmark]: LassoRanker took 362.60 ms. Allocated memory is still 514.9 MB. Free memory was 459.5 MB in the beginning and 399.5 MB in the end (delta: 60.1 MB). Peak memory consumption was 60.1 MB. Max. memory is 11.5 GB.
[2020-06-17 18:55:07,568 INFO  L336   ainManager$Toolchain]: #######################  End [Toolchain 1] #######################
 --- Results ---
 * Results from de.uni_freiburg.informatik.ultimate.core:
  - StatisticsResult: Toolchain Benchmarks
    Benchmark results are:
 * Boogie PL CUP Parser took 0.16 ms. Allocated memory is still 514.9 MB. Free memory is still 473.0 MB. There was no memory consumed. Max. memory is 11.5 GB.
 * Boogie Preprocessor took 33.16 ms. Allocated memory is still 514.9 MB. Free memory is still 470.3 MB. There was no memory consumed. Max. memory is 11.5 GB.
 * RCFGBuilder took 113.17 ms. Allocated memory is still 514.9 MB. Free memory was 470.3 MB in the beginning and 459.5 MB in the end (delta: 10.8 MB). Peak memory consumption was 10.8 MB. Max. memory is 11.5 GB.
 * LassoRanker took 362.60 ms. Allocated memory is still 514.9 MB. Free memory was 459.5 MB in the beginning and 399.5 MB in the end (delta: 60.1 MB). Peak memory consumption was 60.1 MB. Max. memory is 11.5 GB.
 * Results from de.uni_freiburg.informatik.ultimate.plugins.analysis.lassoranker:
  - TerminationArgumentResult [Line: 1]: Found affine ranking function
    Found a termination argument consisting of the affine ranking function: [q] for which no supporting invariant is required.
RESULT: Ultimate proved your program to be correct!
Received shutdown request...
Ultimate:
GTK+ Version Check
