This is Ultimate 0.1.24-16d85fa
[2020-06-17 18:55:15,326 INFO  L170        SettingsManager]: Resetting all preferences to default values...
[2020-06-17 18:55:15,327 INFO  L174        SettingsManager]: Resetting UltimateCore preferences to default values
[2020-06-17 18:55:15,337 INFO  L177        SettingsManager]: Ultimate Commandline Interface provides no preferences, ignoring...
[2020-06-17 18:55:15,337 INFO  L174        SettingsManager]: Resetting Boogie Preprocessor preferences to default values
[2020-06-17 18:55:15,337 INFO  L174        SettingsManager]: Resetting Boogie Procedure Inliner preferences to default values
[2020-06-17 18:55:15,338 INFO  L174        SettingsManager]: Resetting Abstract Interpretation preferences to default values
[2020-06-17 18:55:15,339 INFO  L174        SettingsManager]: Resetting LassoRanker preferences to default values
[2020-06-17 18:55:15,340 INFO  L174        SettingsManager]: Resetting Reaching Definitions preferences to default values
[2020-06-17 18:55:15,341 INFO  L174        SettingsManager]: Resetting SyntaxChecker preferences to default values
[2020-06-17 18:55:15,341 INFO  L177        SettingsManager]: Büchi Program Product provides no preferences, ignoring...
[2020-06-17 18:55:15,341 INFO  L174        SettingsManager]: Resetting LTL2Aut preferences to default values
[2020-06-17 18:55:15,342 INFO  L174        SettingsManager]: Resetting PEA to Boogie preferences to default values
[2020-06-17 18:55:15,342 INFO  L174        SettingsManager]: Resetting BlockEncodingV2 preferences to default values
[2020-06-17 18:55:15,343 INFO  L174        SettingsManager]: Resetting ChcToBoogie preferences to default values
[2020-06-17 18:55:15,343 INFO  L174        SettingsManager]: Resetting AutomataScriptInterpreter preferences to default values
[2020-06-17 18:55:15,344 INFO  L174        SettingsManager]: Resetting BuchiAutomizer preferences to default values
[2020-06-17 18:55:15,345 INFO  L174        SettingsManager]: Resetting CACSL2BoogieTranslator preferences to default values
[2020-06-17 18:55:15,346 INFO  L174        SettingsManager]: Resetting CodeCheck preferences to default values
[2020-06-17 18:55:15,347 INFO  L174        SettingsManager]: Resetting InvariantSynthesis preferences to default values
[2020-06-17 18:55:15,348 INFO  L174        SettingsManager]: Resetting RCFGBuilder preferences to default values
[2020-06-17 18:55:15,348 INFO  L174        SettingsManager]: Resetting TraceAbstraction preferences to default values
[2020-06-17 18:55:15,350 INFO  L177        SettingsManager]: TraceAbstractionConcurrent provides no preferences, ignoring...
[2020-06-17 18:55:15,350 INFO  L177        SettingsManager]: TraceAbstractionWithAFAs provides no preferences, ignoring...
[2020-06-17 18:55:15,350 INFO  L174        SettingsManager]: Resetting TreeAutomizer preferences to default values
[2020-06-17 18:55:15,350 INFO  L174        SettingsManager]: Resetting IcfgTransformer preferences to default values
[2020-06-17 18:55:15,351 INFO  L174        SettingsManager]: Resetting Boogie Printer preferences to default values
[2020-06-17 18:55:15,351 INFO  L174        SettingsManager]: Resetting ReqPrinter preferences to default values
[2020-06-17 18:55:15,352 INFO  L174        SettingsManager]: Resetting Witness Printer preferences to default values
[2020-06-17 18:55:15,352 INFO  L177        SettingsManager]: Boogie PL CUP Parser provides no preferences, ignoring...
[2020-06-17 18:55:15,353 INFO  L174        SettingsManager]: Resetting CDTParser preferences to default values
[2020-06-17 18:55:15,353 INFO  L177        SettingsManager]: AutomataScriptParser provides no preferences, ignoring...
[2020-06-17 18:55:15,353 INFO  L177        SettingsManager]: ReqParser provides no preferences, ignoring...
[2020-06-17 18:55:15,353 INFO  L174        SettingsManager]: Resetting SmtParser preferences to default values
[2020-06-17 18:55:15,354 INFO  L174        SettingsManager]: Resetting Witness Parser preferences to default values
[2020-06-17 18:55:15,354 INFO  L181        SettingsManager]: Finished resetting all preferences to default values...
[2020-06-17 18:55:15,369 INFO  L81    nceAwareModelManager]: Repository-Root is: /tmp
[2020-06-17 18:55:15,376 INFO  L258   ainManager$Toolchain]: [Toolchain 1]: Applicable parser(s) successfully (re)initialized
[2020-06-17 18:55:15,378 INFO  L214   ainManager$Toolchain]: [Toolchain 1]: Toolchain selected.
[2020-06-17 18:55:15,379 INFO  L271        PluginConnector]: Initializing Boogie PL CUP Parser...
[2020-06-17 18:55:15,379 INFO  L276        PluginConnector]: Boogie PL CUP Parser initialized
[2020-06-17 18:55:15,380 INFO  L418   ainManager$Toolchain]: [Toolchain 1]: Parsing single file: /home/lixie/LassoRankerExp/LassoRankerExp/./C_Boogie/LeikeHeizmann-WST2014-Ex6.bpl
[2020-06-17 18:55:15,380 INFO  L111           BoogieParser]: Parsing: '/home/lixie/LassoRankerExp/LassoRankerExp/./C_Boogie/LeikeHeizmann-WST2014-Ex6.bpl'
[2020-06-17 18:55:15,398 INFO  L296   ainManager$Toolchain]: ####################### [Toolchain 1] #######################
[2020-06-17 18:55:15,406 INFO  L131        ToolchainWalker]: Walking toolchain with 3 elements.
[2020-06-17 18:55:15,406 INFO  L113        PluginConnector]: ------------------------Boogie Preprocessor----------------------------
[2020-06-17 18:55:15,406 INFO  L271        PluginConnector]: Initializing Boogie Preprocessor...
[2020-06-17 18:55:15,407 INFO  L276        PluginConnector]: Boogie Preprocessor initialized
[2020-06-17 18:55:15,420 INFO  L185        PluginConnector]: Executing the observer EnsureBoogieModelObserver from plugin Boogie Preprocessor for "LeikeHeizmann-WST2014-Ex6.bpl de.uni_freiburg.informatik.ultimate.boogie.parser AST 17.06 06:55:15" (1/1) ...
[2020-06-17 18:55:15,421 INFO  L185        PluginConnector]: Executing the observer TypeChecker from plugin Boogie Preprocessor for "LeikeHeizmann-WST2014-Ex6.bpl de.uni_freiburg.informatik.ultimate.boogie.parser AST 17.06 06:55:15" (1/1) ...
[2020-06-17 18:55:15,425 INFO  L185        PluginConnector]: Executing the observer ConstExpander from plugin Boogie Preprocessor for "LeikeHeizmann-WST2014-Ex6.bpl de.uni_freiburg.informatik.ultimate.boogie.parser AST 17.06 06:55:15" (1/1) ...
[2020-06-17 18:55:15,425 INFO  L185        PluginConnector]: Executing the observer StructExpander from plugin Boogie Preprocessor for "LeikeHeizmann-WST2014-Ex6.bpl de.uni_freiburg.informatik.ultimate.boogie.parser AST 17.06 06:55:15" (1/1) ...
[2020-06-17 18:55:15,426 INFO  L185        PluginConnector]: Executing the observer UnstructureCode from plugin Boogie Preprocessor for "LeikeHeizmann-WST2014-Ex6.bpl de.uni_freiburg.informatik.ultimate.boogie.parser AST 17.06 06:55:15" (1/1) ...
[2020-06-17 18:55:15,429 INFO  L185        PluginConnector]: Executing the observer FunctionInliner from plugin Boogie Preprocessor for "LeikeHeizmann-WST2014-Ex6.bpl de.uni_freiburg.informatik.ultimate.boogie.parser AST 17.06 06:55:15" (1/1) ...
[2020-06-17 18:55:15,429 INFO  L185        PluginConnector]: Executing the observer BoogieSymbolTableConstructor from plugin Boogie Preprocessor for "LeikeHeizmann-WST2014-Ex6.bpl de.uni_freiburg.informatik.ultimate.boogie.parser AST 17.06 06:55:15" (1/1) ...
[2020-06-17 18:55:15,430 INFO  L132        PluginConnector]: ------------------------ END Boogie Preprocessor----------------------------
[2020-06-17 18:55:15,430 INFO  L113        PluginConnector]: ------------------------RCFGBuilder----------------------------
[2020-06-17 18:55:15,430 INFO  L271        PluginConnector]: Initializing RCFGBuilder...
[2020-06-17 18:55:15,430 INFO  L276        PluginConnector]: RCFGBuilder initialized
[2020-06-17 18:55:15,431 INFO  L185        PluginConnector]: Executing the observer RCFGBuilderObserver from plugin RCFGBuilder for "LeikeHeizmann-WST2014-Ex6.bpl de.uni_freiburg.informatik.ultimate.boogie.parser AST 17.06 06:55:15" (1/1) ...
No working directory specified, using /home/lixie/LassoRankerExp/LassoRankerExp/z3
Starting monitored process 1 with z3 SMTLIB2_COMPLIANT=true -memory:1024 -smt2 -in -t:12000 (exit command is (exit), workingDir is null)
Waiting until toolchain timeout for monitored process 1 with z3 SMTLIB2_COMPLIANT=true -memory:1024 -smt2 -in -t:12000
[2020-06-17 18:55:15,467 INFO  L124     BoogieDeclarations]: Specification and implementation of procedure main given in one single declaration
[2020-06-17 18:55:15,467 INFO  L130     BoogieDeclarations]: Found specification of procedure main
[2020-06-17 18:55:15,467 INFO  L138     BoogieDeclarations]: Found implementation of procedure main
[2020-06-17 18:55:15,544 INFO  L278             CfgBuilder]: Using library mode
[2020-06-17 18:55:15,544 INFO  L286             CfgBuilder]: Removed 0 assue(true) statements.
[2020-06-17 18:55:15,545 INFO  L202        PluginConnector]: Adding new model LeikeHeizmann-WST2014-Ex6.bpl de.uni_freiburg.informatik.ultimate.plugins.generator.rcfgbuilder CFG 17.06 06:55:15 BoogieIcfgContainer
[2020-06-17 18:55:15,545 INFO  L132        PluginConnector]: ------------------------ END RCFGBuilder----------------------------
[2020-06-17 18:55:15,545 INFO  L113        PluginConnector]: ------------------------LassoRanker----------------------------
[2020-06-17 18:55:15,545 INFO  L271        PluginConnector]: Initializing LassoRanker...
[2020-06-17 18:55:15,546 INFO  L276        PluginConnector]: LassoRanker initialized
[2020-06-17 18:55:15,546 INFO  L185        PluginConnector]: Executing the observer LassoRankerObserver from plugin LassoRanker for "LeikeHeizmann-WST2014-Ex6.bpl de.uni_freiburg.informatik.ultimate.plugins.generator.rcfgbuilder CFG 17.06 06:55:15" (1/1) ...
[2020-06-17 18:55:15,564 INFO  L72            BuchiIsEmpty]: Start buchiIsEmpty. Operand 2 states.
[2020-06-17 18:55:15,577 INFO  L131   ngComponentsAnalysis]: Automaton has 1 accepting balls. 1
[2020-06-17 18:55:15,577 INFO  L87            BuchiIsEmpty]: Finished buchiIsEmpty Result is false
[2020-06-17 18:55:15,578 INFO  L119           BuchiIsEmpty]: Starting construction of run
[2020-06-17 18:55:15,582 INFO  L104     BuchiDifferenceFKV]: Start buchiDifferenceFKV. First operand 2 states. Second operand 1 states.
[2020-06-17 18:55:15,590 INFO  L108     BuchiDifferenceFKV]: Finished buchiDifferenceFKV. First operand 2 states. Second operand 1 states. Result 3 states and 4 transitions. Complement of second has 2 states 2 powerset states0 rank states. The highest rank that occured is -1
[2020-06-17 18:55:15,590 INFO  L72            BuchiIsEmpty]: Start buchiIsEmpty. Operand 3 states and 4 transitions.
[2020-06-17 18:55:15,590 INFO  L131   ngComponentsAnalysis]: Automaton has 0 accepting balls. 0
[2020-06-17 18:55:15,590 INFO  L87            BuchiIsEmpty]: Finished buchiIsEmpty Result is true
[2020-06-17 18:55:15,625 INFO  L216          LassoAnalysis]: Preferences:
[2020-06-17 18:55:15,626 INFO  L124   ssoRankerPreferences]: Compute integeral hull: false
[2020-06-17 18:55:15,626 INFO  L125   ssoRankerPreferences]: Enable LassoPartitioneer: true
[2020-06-17 18:55:15,627 INFO  L126   ssoRankerPreferences]: Term annotations enabled: false
[2020-06-17 18:55:15,627 INFO  L127   ssoRankerPreferences]: Use exernal solver: true
[2020-06-17 18:55:15,627 INFO  L128   ssoRankerPreferences]: SMT solver command: z3 -smt2 -in SMTLIB2_COMPLIANT=true
[2020-06-17 18:55:15,627 INFO  L129   ssoRankerPreferences]: Dump SMT script to file: false
[2020-06-17 18:55:15,627 INFO  L130   ssoRankerPreferences]: Path of dumped script: .
[2020-06-17 18:55:15,627 INFO  L131   ssoRankerPreferences]: Filename of dumped script: LassoRankerScript
[2020-06-17 18:55:15,627 INFO  L132   ssoRankerPreferences]: MapElimAlgo: Frank
[2020-06-17 18:55:15,628 INFO  L282          LassoAnalysis]: Starting lasso preprocessing...
[2020-06-17 18:55:15,646 INFO  L141          MapEliminator]: Using MapEliminator with SimplificationTechnique=SIMPLIFY_DDA XnfConversionTechnique=BOTTOM_UP_WITH_LOCAL_SIMPLIFICATION AddInequalities=false OnlyTrivialImplicationsArrayWrite=false OnlyTrivialImplicationsForModifiedArguments=true OnlyArgumentsInFormula=true
[2020-06-17 18:55:15,659 INFO  L141          MapEliminator]: Using MapEliminator with SimplificationTechnique=SIMPLIFY_DDA XnfConversionTechnique=BOTTOM_UP_WITH_LOCAL_SIMPLIFICATION AddInequalities=false OnlyTrivialImplicationsArrayWrite=false OnlyTrivialImplicationsForModifiedArguments=true OnlyArgumentsInFormula=true
[2020-06-17 18:55:15,704 INFO  L300          LassoAnalysis]: Preprocessing complete.
[2020-06-17 18:55:15,704 INFO  L412          LassoAnalysis]: Checking for nontermination...
No working directory specified, using /home/lixie/LassoRankerExp/LassoRankerExp/z3
Starting monitored process 2 with z3 -smt2 -in SMTLIB2_COMPLIANT=true (exit command is (exit), workingDir is null)
Waiting until toolchain timeout for monitored process 2 with z3 -smt2 -in SMTLIB2_COMPLIANT=true
[2020-06-17 18:55:15,708 INFO  L151   nArgumentSynthesizer]: Nontermination analysis: LINEAR_WITH_GUESSES Allow bounded executions: true Number of generalized eigenvectors: 0 Nilpotent components: true
[2020-06-17 18:55:15,708 INFO  L163   nArgumentSynthesizer]: Using integer mode.
No working directory specified, using /home/lixie/LassoRankerExp/LassoRankerExp/z3
Starting monitored process 3 with z3 -smt2 -in SMTLIB2_COMPLIANT=true (exit command is (exit), workingDir is null)
Waiting until toolchain timeout for monitored process 3 with z3 -smt2 -in SMTLIB2_COMPLIANT=true
[2020-06-17 18:55:15,725 INFO  L151   nArgumentSynthesizer]: Nontermination analysis: LINEAR_WITH_GUESSES Allow bounded executions: true Number of generalized eigenvectors: 3 Nilpotent components: true
[2020-06-17 18:55:15,726 INFO  L163   nArgumentSynthesizer]: Using integer mode.
[2020-06-17 18:55:15,746 INFO  L452          LassoAnalysis]: Proving nontermination failed: No geometric nontermination argument exists.
[2020-06-17 18:55:15,747 INFO  L216          LassoAnalysis]: Preferences:
[2020-06-17 18:55:15,747 INFO  L124   ssoRankerPreferences]: Compute integeral hull: false
[2020-06-17 18:55:15,747 INFO  L125   ssoRankerPreferences]: Enable LassoPartitioneer: true
[2020-06-17 18:55:15,747 INFO  L126   ssoRankerPreferences]: Term annotations enabled: false
[2020-06-17 18:55:15,747 INFO  L127   ssoRankerPreferences]: Use exernal solver: true
[2020-06-17 18:55:15,748 INFO  L128   ssoRankerPreferences]: SMT solver command: z3 -smt2 -in SMTLIB2_COMPLIANT=true
[2020-06-17 18:55:15,748 INFO  L129   ssoRankerPreferences]: Dump SMT script to file: false
[2020-06-17 18:55:15,748 INFO  L130   ssoRankerPreferences]: Path of dumped script: .
[2020-06-17 18:55:15,748 INFO  L131   ssoRankerPreferences]: Filename of dumped script: LassoRankerScript
[2020-06-17 18:55:15,748 INFO  L132   ssoRankerPreferences]: MapElimAlgo: Frank
[2020-06-17 18:55:15,748 INFO  L282          LassoAnalysis]: Starting lasso preprocessing...
[2020-06-17 18:55:15,749 INFO  L141          MapEliminator]: Using MapEliminator with SimplificationTechnique=SIMPLIFY_DDA XnfConversionTechnique=BOTTOM_UP_WITH_LOCAL_SIMPLIFICATION AddInequalities=false OnlyTrivialImplicationsArrayWrite=false OnlyTrivialImplicationsForModifiedArguments=true OnlyArgumentsInFormula=true
[2020-06-17 18:55:15,755 INFO  L141          MapEliminator]: Using MapEliminator with SimplificationTechnique=SIMPLIFY_DDA XnfConversionTechnique=BOTTOM_UP_WITH_LOCAL_SIMPLIFICATION AddInequalities=false OnlyTrivialImplicationsArrayWrite=false OnlyTrivialImplicationsForModifiedArguments=true OnlyArgumentsInFormula=true
[2020-06-17 18:55:15,789 INFO  L300          LassoAnalysis]: Preprocessing complete.
[2020-06-17 18:55:15,793 INFO  L497          LassoAnalysis]: Using template 'affine'.
No working directory specified, using /home/lixie/LassoRankerExp/LassoRankerExp/z3
Starting monitored process 4 with z3 -smt2 -in SMTLIB2_COMPLIANT=true (exit command is (exit), workingDir is null)
Waiting until toolchain timeout for monitored process 4 with z3 -smt2 -in SMTLIB2_COMPLIANT=true
[2020-06-17 18:55:15,795 INFO  L122   nArgumentSynthesizer]: Termination Analysis Settings:
Termination analysis: LINEAR_WITH_GUESSES
Number of strict supporting invariants: 1
Number of non-strict supporting invariants: 0
Consider only non-deceasing supporting invariants: true
Simplify termination arguments: true
Simplify supporting invariants: trueOverapproximate stem: false
[2020-06-17 18:55:15,797 INFO  L339   nArgumentSynthesizer]: Template has degree 0.
[2020-06-17 18:55:15,797 INFO  L352   nArgumentSynthesizer]: There is no stem transition; disabling supporting invariant generation.
[2020-06-17 18:55:15,797 INFO  L205   nArgumentSynthesizer]: 1 stem disjuncts
[2020-06-17 18:55:15,797 INFO  L206   nArgumentSynthesizer]: 1 loop disjuncts
[2020-06-17 18:55:15,797 INFO  L207   nArgumentSynthesizer]: 2 template conjuncts.
[2020-06-17 18:55:15,799 INFO  L402   nArgumentSynthesizer]: We have 2 Motzkin's Theorem applications.
[2020-06-17 18:55:15,799 INFO  L403   nArgumentSynthesizer]: A total of 0 supporting invariants were added.
[2020-06-17 18:55:15,801 INFO  L530          LassoAnalysis]: Proving termination failed for this template and these settings.
No working directory specified, using /home/lixie/LassoRankerExp/LassoRankerExp/z3
Starting monitored process 5 with z3 -smt2 -in SMTLIB2_COMPLIANT=true (exit command is (exit), workingDir is null)
Waiting until toolchain timeout for monitored process 5 with z3 -smt2 -in SMTLIB2_COMPLIANT=true
[2020-06-17 18:55:15,820 INFO  L122   nArgumentSynthesizer]: Termination Analysis Settings:
Termination analysis: LINEAR_WITH_GUESSES
Number of strict supporting invariants: 1
Number of non-strict supporting invariants: 0
Consider only non-deceasing supporting invariants: true
Simplify termination arguments: true
Simplify supporting invariants: trueOverapproximate stem: false
[2020-06-17 18:55:15,821 INFO  L339   nArgumentSynthesizer]: Template has degree 0.
[2020-06-17 18:55:15,821 INFO  L352   nArgumentSynthesizer]: There is no stem transition; disabling supporting invariant generation.
[2020-06-17 18:55:15,821 INFO  L205   nArgumentSynthesizer]: 1 stem disjuncts
[2020-06-17 18:55:15,821 INFO  L206   nArgumentSynthesizer]: 1 loop disjuncts
[2020-06-17 18:55:15,821 INFO  L207   nArgumentSynthesizer]: 2 template conjuncts.
[2020-06-17 18:55:15,822 INFO  L402   nArgumentSynthesizer]: We have 2 Motzkin's Theorem applications.
[2020-06-17 18:55:15,822 INFO  L403   nArgumentSynthesizer]: A total of 0 supporting invariants were added.
[2020-06-17 18:55:15,824 INFO  L530          LassoAnalysis]: Proving termination failed for this template and these settings.
[2020-06-17 18:55:15,835 INFO  L497          LassoAnalysis]: Using template '2-nested'.
No working directory specified, using /home/lixie/LassoRankerExp/LassoRankerExp/z3
Starting monitored process 6 with z3 -smt2 -in SMTLIB2_COMPLIANT=true (exit command is (exit), workingDir is null)
Waiting until toolchain timeout for monitored process 6 with z3 -smt2 -in SMTLIB2_COMPLIANT=true
[2020-06-17 18:55:15,837 INFO  L122   nArgumentSynthesizer]: Termination Analysis Settings:
Termination analysis: LINEAR_WITH_GUESSES
Number of strict supporting invariants: 1
Number of non-strict supporting invariants: 0
Consider only non-deceasing supporting invariants: true
Simplify termination arguments: true
Simplify supporting invariants: trueOverapproximate stem: false
[2020-06-17 18:55:15,838 INFO  L339   nArgumentSynthesizer]: Template has degree 0.
[2020-06-17 18:55:15,838 INFO  L352   nArgumentSynthesizer]: There is no stem transition; disabling supporting invariant generation.
[2020-06-17 18:55:15,839 INFO  L205   nArgumentSynthesizer]: 1 stem disjuncts
[2020-06-17 18:55:15,839 INFO  L206   nArgumentSynthesizer]: 1 loop disjuncts
[2020-06-17 18:55:15,839 INFO  L207   nArgumentSynthesizer]: 3 template conjuncts.
[2020-06-17 18:55:15,840 INFO  L402   nArgumentSynthesizer]: We have 3 Motzkin's Theorem applications.
[2020-06-17 18:55:15,840 INFO  L403   nArgumentSynthesizer]: A total of 0 supporting invariants were added.
[2020-06-17 18:55:15,842 INFO  L530          LassoAnalysis]: Proving termination failed for this template and these settings.
No working directory specified, using /home/lixie/LassoRankerExp/LassoRankerExp/z3
Starting monitored process 7 with z3 -smt2 -in SMTLIB2_COMPLIANT=true (exit command is (exit), workingDir is null)
Waiting until toolchain timeout for monitored process 7 with z3 -smt2 -in SMTLIB2_COMPLIANT=true
[2020-06-17 18:55:15,855 INFO  L122   nArgumentSynthesizer]: Termination Analysis Settings:
Termination analysis: LINEAR_WITH_GUESSES
Number of strict supporting invariants: 1
Number of non-strict supporting invariants: 0
Consider only non-deceasing supporting invariants: true
Simplify termination arguments: true
Simplify supporting invariants: trueOverapproximate stem: false
[2020-06-17 18:55:15,856 INFO  L339   nArgumentSynthesizer]: Template has degree 0.
[2020-06-17 18:55:15,856 INFO  L352   nArgumentSynthesizer]: There is no stem transition; disabling supporting invariant generation.
[2020-06-17 18:55:15,857 INFO  L205   nArgumentSynthesizer]: 1 stem disjuncts
[2020-06-17 18:55:15,857 INFO  L206   nArgumentSynthesizer]: 1 loop disjuncts
[2020-06-17 18:55:15,857 INFO  L207   nArgumentSynthesizer]: 3 template conjuncts.
[2020-06-17 18:55:15,858 INFO  L402   nArgumentSynthesizer]: We have 3 Motzkin's Theorem applications.
[2020-06-17 18:55:15,858 INFO  L403   nArgumentSynthesizer]: A total of 0 supporting invariants were added.
[2020-06-17 18:55:15,860 INFO  L530          LassoAnalysis]: Proving termination failed for this template and these settings.
[2020-06-17 18:55:15,875 INFO  L497          LassoAnalysis]: Using template '3-nested'.
No working directory specified, using /home/lixie/LassoRankerExp/LassoRankerExp/z3
Starting monitored process 8 with z3 -smt2 -in SMTLIB2_COMPLIANT=true (exit command is (exit), workingDir is null)
Waiting until toolchain timeout for monitored process 8 with z3 -smt2 -in SMTLIB2_COMPLIANT=true
[2020-06-17 18:55:15,877 INFO  L122   nArgumentSynthesizer]: Termination Analysis Settings:
Termination analysis: LINEAR_WITH_GUESSES
Number of strict supporting invariants: 1
Number of non-strict supporting invariants: 0
Consider only non-deceasing supporting invariants: true
Simplify termination arguments: true
Simplify supporting invariants: trueOverapproximate stem: false
[2020-06-17 18:55:15,878 INFO  L339   nArgumentSynthesizer]: Template has degree 0.
[2020-06-17 18:55:15,878 INFO  L352   nArgumentSynthesizer]: There is no stem transition; disabling supporting invariant generation.
[2020-06-17 18:55:15,878 INFO  L205   nArgumentSynthesizer]: 1 stem disjuncts
[2020-06-17 18:55:15,878 INFO  L206   nArgumentSynthesizer]: 1 loop disjuncts
[2020-06-17 18:55:15,878 INFO  L207   nArgumentSynthesizer]: 4 template conjuncts.
[2020-06-17 18:55:15,880 INFO  L402   nArgumentSynthesizer]: We have 4 Motzkin's Theorem applications.
[2020-06-17 18:55:15,880 INFO  L403   nArgumentSynthesizer]: A total of 0 supporting invariants were added.
[2020-06-17 18:55:15,881 INFO  L530          LassoAnalysis]: Proving termination failed for this template and these settings.
No working directory specified, using /home/lixie/LassoRankerExp/LassoRankerExp/z3
Starting monitored process 9 with z3 -smt2 -in SMTLIB2_COMPLIANT=true (exit command is (exit), workingDir is null)
Waiting until toolchain timeout for monitored process 9 with z3 -smt2 -in SMTLIB2_COMPLIANT=true
[2020-06-17 18:55:15,895 INFO  L122   nArgumentSynthesizer]: Termination Analysis Settings:
Termination analysis: LINEAR_WITH_GUESSES
Number of strict supporting invariants: 1
Number of non-strict supporting invariants: 0
Consider only non-deceasing supporting invariants: true
Simplify termination arguments: true
Simplify supporting invariants: trueOverapproximate stem: false
[2020-06-17 18:55:15,896 INFO  L339   nArgumentSynthesizer]: Template has degree 0.
[2020-06-17 18:55:15,896 INFO  L352   nArgumentSynthesizer]: There is no stem transition; disabling supporting invariant generation.
[2020-06-17 18:55:15,896 INFO  L205   nArgumentSynthesizer]: 1 stem disjuncts
[2020-06-17 18:55:15,896 INFO  L206   nArgumentSynthesizer]: 1 loop disjuncts
[2020-06-17 18:55:15,896 INFO  L207   nArgumentSynthesizer]: 4 template conjuncts.
[2020-06-17 18:55:15,898 INFO  L402   nArgumentSynthesizer]: We have 4 Motzkin's Theorem applications.
[2020-06-17 18:55:15,898 INFO  L403   nArgumentSynthesizer]: A total of 0 supporting invariants were added.
[2020-06-17 18:55:15,899 INFO  L530          LassoAnalysis]: Proving termination failed for this template and these settings.
[2020-06-17 18:55:15,911 INFO  L497          LassoAnalysis]: Using template '4-nested'.
No working directory specified, using /home/lixie/LassoRankerExp/LassoRankerExp/z3
Starting monitored process 10 with z3 -smt2 -in SMTLIB2_COMPLIANT=true (exit command is (exit), workingDir is null)
Waiting until toolchain timeout for monitored process 10 with z3 -smt2 -in SMTLIB2_COMPLIANT=true
[2020-06-17 18:55:15,913 INFO  L122   nArgumentSynthesizer]: Termination Analysis Settings:
Termination analysis: LINEAR_WITH_GUESSES
Number of strict supporting invariants: 1
Number of non-strict supporting invariants: 0
Consider only non-deceasing supporting invariants: true
Simplify termination arguments: true
Simplify supporting invariants: trueOverapproximate stem: false
[2020-06-17 18:55:15,915 INFO  L339   nArgumentSynthesizer]: Template has degree 0.
[2020-06-17 18:55:15,915 INFO  L352   nArgumentSynthesizer]: There is no stem transition; disabling supporting invariant generation.
[2020-06-17 18:55:15,915 INFO  L205   nArgumentSynthesizer]: 1 stem disjuncts
[2020-06-17 18:55:15,915 INFO  L206   nArgumentSynthesizer]: 1 loop disjuncts
[2020-06-17 18:55:15,915 INFO  L207   nArgumentSynthesizer]: 5 template conjuncts.
[2020-06-17 18:55:15,916 INFO  L402   nArgumentSynthesizer]: We have 5 Motzkin's Theorem applications.
[2020-06-17 18:55:15,916 INFO  L403   nArgumentSynthesizer]: A total of 0 supporting invariants were added.
[2020-06-17 18:55:15,919 INFO  L530          LassoAnalysis]: Proving termination failed for this template and these settings.
No working directory specified, using /home/lixie/LassoRankerExp/LassoRankerExp/z3
Starting monitored process 11 with z3 -smt2 -in SMTLIB2_COMPLIANT=true (exit command is (exit), workingDir is null)
Waiting until toolchain timeout for monitored process 11 with z3 -smt2 -in SMTLIB2_COMPLIANT=true
[2020-06-17 18:55:15,932 INFO  L122   nArgumentSynthesizer]: Termination Analysis Settings:
Termination analysis: LINEAR_WITH_GUESSES
Number of strict supporting invariants: 1
Number of non-strict supporting invariants: 0
Consider only non-deceasing supporting invariants: true
Simplify termination arguments: true
Simplify supporting invariants: trueOverapproximate stem: false
[2020-06-17 18:55:15,933 INFO  L339   nArgumentSynthesizer]: Template has degree 0.
[2020-06-17 18:55:15,933 INFO  L352   nArgumentSynthesizer]: There is no stem transition; disabling supporting invariant generation.
[2020-06-17 18:55:15,933 INFO  L205   nArgumentSynthesizer]: 1 stem disjuncts
[2020-06-17 18:55:15,934 INFO  L206   nArgumentSynthesizer]: 1 loop disjuncts
[2020-06-17 18:55:15,934 INFO  L207   nArgumentSynthesizer]: 5 template conjuncts.
[2020-06-17 18:55:15,935 INFO  L402   nArgumentSynthesizer]: We have 5 Motzkin's Theorem applications.
[2020-06-17 18:55:15,935 INFO  L403   nArgumentSynthesizer]: A total of 0 supporting invariants were added.
[2020-06-17 18:55:15,938 INFO  L530          LassoAnalysis]: Proving termination failed for this template and these settings.
[2020-06-17 18:55:15,950 INFO  L497          LassoAnalysis]: Using template '2-phase'.
No working directory specified, using /home/lixie/LassoRankerExp/LassoRankerExp/z3
Starting monitored process 12 with z3 -smt2 -in SMTLIB2_COMPLIANT=true (exit command is (exit), workingDir is null)
Waiting until toolchain timeout for monitored process 12 with z3 -smt2 -in SMTLIB2_COMPLIANT=true
[2020-06-17 18:55:15,952 INFO  L122   nArgumentSynthesizer]: Termination Analysis Settings:
Termination analysis: LINEAR_WITH_GUESSES
Number of strict supporting invariants: 1
Number of non-strict supporting invariants: 0
Consider only non-deceasing supporting invariants: true
Simplify termination arguments: true
Simplify supporting invariants: trueOverapproximate stem: false
[2020-06-17 18:55:15,953 WARN  L334   nArgumentSynthesizer]: Using a linear SMT query and a templates of degree > 0, hence this method is incomplete.
[2020-06-17 18:55:15,954 INFO  L339   nArgumentSynthesizer]: Template has degree 1.
[2020-06-17 18:55:15,954 INFO  L352   nArgumentSynthesizer]: There is no stem transition; disabling supporting invariant generation.
[2020-06-17 18:55:15,954 INFO  L205   nArgumentSynthesizer]: 1 stem disjuncts
[2020-06-17 18:55:15,954 INFO  L206   nArgumentSynthesizer]: 1 loop disjuncts
[2020-06-17 18:55:15,954 INFO  L207   nArgumentSynthesizer]: 3 template conjuncts.
[2020-06-17 18:55:15,958 INFO  L402   nArgumentSynthesizer]: We have 3 Motzkin's Theorem applications.
[2020-06-17 18:55:15,958 INFO  L403   nArgumentSynthesizer]: A total of 0 supporting invariants were added.
[2020-06-17 18:55:15,966 INFO  L530          LassoAnalysis]: Proving termination failed for this template and these settings.
No working directory specified, using /home/lixie/LassoRankerExp/LassoRankerExp/z3
Starting monitored process 13 with z3 -smt2 -in SMTLIB2_COMPLIANT=true (exit command is (exit), workingDir is null)
Waiting until toolchain timeout for monitored process 13 with z3 -smt2 -in SMTLIB2_COMPLIANT=true
[2020-06-17 18:55:15,981 INFO  L122   nArgumentSynthesizer]: Termination Analysis Settings:
Termination analysis: LINEAR_WITH_GUESSES
Number of strict supporting invariants: 1
Number of non-strict supporting invariants: 0
Consider only non-deceasing supporting invariants: true
Simplify termination arguments: true
Simplify supporting invariants: trueOverapproximate stem: false
[2020-06-17 18:55:15,982 WARN  L334   nArgumentSynthesizer]: Using a linear SMT query and a templates of degree > 0, hence this method is incomplete.
[2020-06-17 18:55:15,982 INFO  L339   nArgumentSynthesizer]: Template has degree 1.
[2020-06-17 18:55:15,982 INFO  L352   nArgumentSynthesizer]: There is no stem transition; disabling supporting invariant generation.
[2020-06-17 18:55:15,982 INFO  L205   nArgumentSynthesizer]: 1 stem disjuncts
[2020-06-17 18:55:15,982 INFO  L206   nArgumentSynthesizer]: 1 loop disjuncts
[2020-06-17 18:55:15,982 INFO  L207   nArgumentSynthesizer]: 3 template conjuncts.
[2020-06-17 18:55:15,984 INFO  L402   nArgumentSynthesizer]: We have 3 Motzkin's Theorem applications.
[2020-06-17 18:55:15,984 INFO  L403   nArgumentSynthesizer]: A total of 0 supporting invariants were added.
[2020-06-17 18:55:15,990 INFO  L530          LassoAnalysis]: Proving termination failed for this template and these settings.
[2020-06-17 18:55:16,002 INFO  L497          LassoAnalysis]: Using template 'lex(affine, affine)'.
No working directory specified, using /home/lixie/LassoRankerExp/LassoRankerExp/z3
Starting monitored process 14 with z3 -smt2 -in SMTLIB2_COMPLIANT=true (exit command is (exit), workingDir is null)
Waiting until toolchain timeout for monitored process 14 with z3 -smt2 -in SMTLIB2_COMPLIANT=true
[2020-06-17 18:55:16,004 INFO  L122   nArgumentSynthesizer]: Termination Analysis Settings:
Termination analysis: LINEAR_WITH_GUESSES
Number of strict supporting invariants: 1
Number of non-strict supporting invariants: 0
Consider only non-deceasing supporting invariants: true
Simplify termination arguments: true
Simplify supporting invariants: trueOverapproximate stem: false
[2020-06-17 18:55:16,007 WARN  L334   nArgumentSynthesizer]: Using a linear SMT query and a templates of degree > 0, hence this method is incomplete.
[2020-06-17 18:55:16,007 INFO  L339   nArgumentSynthesizer]: Template has degree 5.
[2020-06-17 18:55:16,007 INFO  L352   nArgumentSynthesizer]: There is no stem transition; disabling supporting invariant generation.
[2020-06-17 18:55:16,007 INFO  L205   nArgumentSynthesizer]: 1 stem disjuncts
[2020-06-17 18:55:16,007 INFO  L206   nArgumentSynthesizer]: 1 loop disjuncts
[2020-06-17 18:55:16,007 INFO  L207   nArgumentSynthesizer]: 4 template conjuncts.
[2020-06-17 18:55:16,009 INFO  L402   nArgumentSynthesizer]: We have 4 Motzkin's Theorem applications.
[2020-06-17 18:55:16,009 INFO  L403   nArgumentSynthesizer]: A total of 0 supporting invariants were added.
[2020-06-17 18:55:16,014 INFO  L530          LassoAnalysis]: Proving termination failed for this template and these settings.
No working directory specified, using /home/lixie/LassoRankerExp/LassoRankerExp/z3
Starting monitored process 15 with z3 -smt2 -in SMTLIB2_COMPLIANT=true (exit command is (exit), workingDir is null)
Waiting until toolchain timeout for monitored process 15 with z3 -smt2 -in SMTLIB2_COMPLIANT=true
[2020-06-17 18:55:16,028 INFO  L122   nArgumentSynthesizer]: Termination Analysis Settings:
Termination analysis: LINEAR_WITH_GUESSES
Number of strict supporting invariants: 1
Number of non-strict supporting invariants: 0
Consider only non-deceasing supporting invariants: true
Simplify termination arguments: true
Simplify supporting invariants: trueOverapproximate stem: false
[2020-06-17 18:55:16,029 WARN  L334   nArgumentSynthesizer]: Using a linear SMT query and a templates of degree > 0, hence this method is incomplete.
[2020-06-17 18:55:16,029 INFO  L339   nArgumentSynthesizer]: Template has degree 5.
[2020-06-17 18:55:16,029 INFO  L352   nArgumentSynthesizer]: There is no stem transition; disabling supporting invariant generation.
[2020-06-17 18:55:16,029 INFO  L205   nArgumentSynthesizer]: 1 stem disjuncts
[2020-06-17 18:55:16,029 INFO  L206   nArgumentSynthesizer]: 1 loop disjuncts
[2020-06-17 18:55:16,029 INFO  L207   nArgumentSynthesizer]: 4 template conjuncts.
[2020-06-17 18:55:16,031 INFO  L402   nArgumentSynthesizer]: We have 4 Motzkin's Theorem applications.
[2020-06-17 18:55:16,031 INFO  L403   nArgumentSynthesizer]: A total of 0 supporting invariants were added.
[2020-06-17 18:55:16,039 INFO  L530          LassoAnalysis]: Proving termination failed for this template and these settings.
[2020-06-17 18:55:16,051 INFO  L497          LassoAnalysis]: Using template '2-piece'.
No working directory specified, using /home/lixie/LassoRankerExp/LassoRankerExp/z3
Starting monitored process 16 with z3 -smt2 -in SMTLIB2_COMPLIANT=true (exit command is (exit), workingDir is null)
Waiting until toolchain timeout for monitored process 16 with z3 -smt2 -in SMTLIB2_COMPLIANT=true
[2020-06-17 18:55:16,053 INFO  L122   nArgumentSynthesizer]: Termination Analysis Settings:
Termination analysis: LINEAR_WITH_GUESSES
Number of strict supporting invariants: 1
Number of non-strict supporting invariants: 0
Consider only non-deceasing supporting invariants: true
Simplify termination arguments: true
Simplify supporting invariants: trueOverapproximate stem: false
[2020-06-17 18:55:16,054 WARN  L334   nArgumentSynthesizer]: Using a linear SMT query and a templates of degree > 0, hence this method is incomplete.
[2020-06-17 18:55:16,054 INFO  L339   nArgumentSynthesizer]: Template has degree 7.
[2020-06-17 18:55:16,054 INFO  L352   nArgumentSynthesizer]: There is no stem transition; disabling supporting invariant generation.
[2020-06-17 18:55:16,055 INFO  L205   nArgumentSynthesizer]: 1 stem disjuncts
[2020-06-17 18:55:16,055 INFO  L206   nArgumentSynthesizer]: 1 loop disjuncts
[2020-06-17 18:55:16,055 INFO  L207   nArgumentSynthesizer]: 7 template conjuncts.
[2020-06-17 18:55:16,060 INFO  L402   nArgumentSynthesizer]: We have 7 Motzkin's Theorem applications.
[2020-06-17 18:55:16,060 INFO  L403   nArgumentSynthesizer]: A total of 0 supporting invariants were added.
[2020-06-17 18:55:16,125 INFO  L530          LassoAnalysis]: Proving termination failed for this template and these settings.
No working directory specified, using /home/lixie/LassoRankerExp/LassoRankerExp/z3
Starting monitored process 17 with z3 -smt2 -in SMTLIB2_COMPLIANT=true (exit command is (exit), workingDir is null)
Waiting until toolchain timeout for monitored process 17 with z3 -smt2 -in SMTLIB2_COMPLIANT=true
[2020-06-17 18:55:16,139 INFO  L122   nArgumentSynthesizer]: Termination Analysis Settings:
Termination analysis: LINEAR_WITH_GUESSES
Number of strict supporting invariants: 1
Number of non-strict supporting invariants: 0
Consider only non-deceasing supporting invariants: true
Simplify termination arguments: true
Simplify supporting invariants: trueOverapproximate stem: false
[2020-06-17 18:55:16,140 WARN  L334   nArgumentSynthesizer]: Using a linear SMT query and a templates of degree > 0, hence this method is incomplete.
[2020-06-17 18:55:16,140 INFO  L339   nArgumentSynthesizer]: Template has degree 7.
[2020-06-17 18:55:16,140 INFO  L352   nArgumentSynthesizer]: There is no stem transition; disabling supporting invariant generation.
[2020-06-17 18:55:16,140 INFO  L205   nArgumentSynthesizer]: 1 stem disjuncts
[2020-06-17 18:55:16,141 INFO  L206   nArgumentSynthesizer]: 1 loop disjuncts
[2020-06-17 18:55:16,141 INFO  L207   nArgumentSynthesizer]: 7 template conjuncts.
[2020-06-17 18:55:16,145 INFO  L402   nArgumentSynthesizer]: We have 7 Motzkin's Theorem applications.
[2020-06-17 18:55:16,145 INFO  L403   nArgumentSynthesizer]: A total of 0 supporting invariants were added.
[2020-06-17 18:55:16,197 INFO  L530          LassoAnalysis]: Proving termination failed for this template and these settings.
[2020-06-17 18:55:16,209 INFO  L497          LassoAnalysis]: Using template '2-parallel'.
No working directory specified, using /home/lixie/LassoRankerExp/LassoRankerExp/z3
Starting monitored process 18 with z3 -smt2 -in SMTLIB2_COMPLIANT=true (exit command is (exit), workingDir is null)
Waiting until toolchain timeout for monitored process 18 with z3 -smt2 -in SMTLIB2_COMPLIANT=true
[2020-06-17 18:55:16,211 INFO  L122   nArgumentSynthesizer]: Termination Analysis Settings:
Termination analysis: LINEAR_WITH_GUESSES
Number of strict supporting invariants: 1
Number of non-strict supporting invariants: 0
Consider only non-deceasing supporting invariants: true
Simplify termination arguments: true
Simplify supporting invariants: trueOverapproximate stem: false
[2020-06-17 18:55:16,212 WARN  L334   nArgumentSynthesizer]: Using a linear SMT query and a templates of degree > 0, hence this method is incomplete.
[2020-06-17 18:55:16,212 INFO  L339   nArgumentSynthesizer]: Template has degree 4.
[2020-06-17 18:55:16,212 INFO  L352   nArgumentSynthesizer]: There is no stem transition; disabling supporting invariant generation.
[2020-06-17 18:55:16,212 INFO  L205   nArgumentSynthesizer]: 1 stem disjuncts
[2020-06-17 18:55:16,213 INFO  L206   nArgumentSynthesizer]: 1 loop disjuncts
[2020-06-17 18:55:16,213 INFO  L207   nArgumentSynthesizer]: 6 template conjuncts.
[2020-06-17 18:55:16,215 INFO  L402   nArgumentSynthesizer]: We have 6 Motzkin's Theorem applications.
[2020-06-17 18:55:16,216 INFO  L403   nArgumentSynthesizer]: A total of 0 supporting invariants were added.
[2020-06-17 18:55:16,229 INFO  L530          LassoAnalysis]: Proving termination failed for this template and these settings.
No working directory specified, using /home/lixie/LassoRankerExp/LassoRankerExp/z3
Starting monitored process 19 with z3 -smt2 -in SMTLIB2_COMPLIANT=true (exit command is (exit), workingDir is null)
Waiting until toolchain timeout for monitored process 19 with z3 -smt2 -in SMTLIB2_COMPLIANT=true
[2020-06-17 18:55:16,253 INFO  L122   nArgumentSynthesizer]: Termination Analysis Settings:
Termination analysis: LINEAR_WITH_GUESSES
Number of strict supporting invariants: 1
Number of non-strict supporting invariants: 0
Consider only non-deceasing supporting invariants: true
Simplify termination arguments: true
Simplify supporting invariants: trueOverapproximate stem: false
[2020-06-17 18:55:16,254 WARN  L334   nArgumentSynthesizer]: Using a linear SMT query and a templates of degree > 0, hence this method is incomplete.
[2020-06-17 18:55:16,254 INFO  L339   nArgumentSynthesizer]: Template has degree 4.
[2020-06-17 18:55:16,254 INFO  L352   nArgumentSynthesizer]: There is no stem transition; disabling supporting invariant generation.
[2020-06-17 18:55:16,255 INFO  L205   nArgumentSynthesizer]: 1 stem disjuncts
[2020-06-17 18:55:16,255 INFO  L206   nArgumentSynthesizer]: 1 loop disjuncts
[2020-06-17 18:55:16,255 INFO  L207   nArgumentSynthesizer]: 6 template conjuncts.
[2020-06-17 18:55:16,257 INFO  L402   nArgumentSynthesizer]: We have 6 Motzkin's Theorem applications.
[2020-06-17 18:55:16,257 INFO  L403   nArgumentSynthesizer]: A total of 0 supporting invariants were added.
[2020-06-17 18:55:16,277 INFO  L530          LassoAnalysis]: Proving termination failed for this template and these settings.
[2020-06-17 18:55:16,290 INFO  L489     LassoRankerStarter]: LassoRanker could not prove termination or nontermination of the given linear lasso program.
Templates: AffineTemplate NestedTemplate NestedTemplate NestedTemplate MultiphaseTemplate ComposedLexicographicTemplate PiecewiseTemplate ParallelTemplate
[2020-06-17 18:55:16,291 INFO  L132        PluginConnector]: ------------------------ END LassoRanker----------------------------
[2020-06-17 18:55:16,291 INFO  L168              Benchmark]: Toolchain (without parser) took 892.43 ms. Allocated memory was 514.9 MB in the beginning and 537.9 MB in the end (delta: 23.1 MB). Free memory was 472.9 MB in the beginning and 501.3 MB in the end (delta: -28.4 MB). Peak memory consumption was 121.7 MB. Max. memory is 11.5 GB.
[2020-06-17 18:55:16,292 INFO  L168              Benchmark]: Boogie PL CUP Parser took 0.10 ms. Allocated memory is still 514.9 MB. Free memory is still 474.4 MB. There was no memory consumed. Max. memory is 11.5 GB.
[2020-06-17 18:55:16,293 INFO  L168              Benchmark]: Boogie Preprocessor took 23.44 ms. Allocated memory is still 514.9 MB. Free memory was 471.5 MB in the beginning and 470.2 MB in the end (delta: 1.3 MB). Peak memory consumption was 1.3 MB. Max. memory is 11.5 GB.
[2020-06-17 18:55:16,293 INFO  L168              Benchmark]: RCFGBuilder took 114.91 ms. Allocated memory is still 514.9 MB. Free memory was 470.2 MB in the beginning and 460.7 MB in the end (delta: 9.5 MB). Peak memory consumption was 9.5 MB. Max. memory is 11.5 GB.
[2020-06-17 18:55:16,293 INFO  L168              Benchmark]: LassoRanker took 745.37 ms. Allocated memory was 514.9 MB in the beginning and 537.9 MB in the end (delta: 23.1 MB). Free memory was 460.7 MB in the beginning and 501.3 MB in the end (delta: -40.6 MB). Peak memory consumption was 109.5 MB. Max. memory is 11.5 GB.
[2020-06-17 18:55:16,295 INFO  L336   ainManager$Toolchain]: #######################  End [Toolchain 1] #######################
 --- Results ---
 * Results from de.uni_freiburg.informatik.ultimate.core:
  - StatisticsResult: Toolchain Benchmarks
    Benchmark results are:
 * Boogie PL CUP Parser took 0.10 ms. Allocated memory is still 514.9 MB. Free memory is still 474.4 MB. There was no memory consumed. Max. memory is 11.5 GB.
 * Boogie Preprocessor took 23.44 ms. Allocated memory is still 514.9 MB. Free memory was 471.5 MB in the beginning and 470.2 MB in the end (delta: 1.3 MB). Peak memory consumption was 1.3 MB. Max. memory is 11.5 GB.
 * RCFGBuilder took 114.91 ms. Allocated memory is still 514.9 MB. Free memory was 470.2 MB in the beginning and 460.7 MB in the end (delta: 9.5 MB). Peak memory consumption was 9.5 MB. Max. memory is 11.5 GB.
 * LassoRanker took 745.37 ms. Allocated memory was 514.9 MB in the beginning and 537.9 MB in the end (delta: 23.1 MB). Free memory was 460.7 MB in the beginning and 501.3 MB in the end (delta: -40.6 MB). Peak memory consumption was 109.5 MB. Max. memory is 11.5 GB.
 * Results from de.uni_freiburg.informatik.ultimate.plugins.analysis.lassoranker:
  - NoResult [Line: 1]: LassoRanker could not prove termination
    LassoRanker could not prove termination or nontermination of the given linear lasso program.
Templates: AffineTemplate NestedTemplate NestedTemplate NestedTemplate MultiphaseTemplate ComposedLexicographicTemplate PiecewiseTemplate ParallelTemplate
RESULT: Ultimate could not prove your program: Toolchain returned no result.
Received shutdown request...
Ultimate:
GTK+ Version Check
