This is Ultimate 0.1.24-16d85fa
[2020-06-17 18:55:13,327 INFO  L170        SettingsManager]: Resetting all preferences to default values...
[2020-06-17 18:55:13,328 INFO  L174        SettingsManager]: Resetting UltimateCore preferences to default values
[2020-06-17 18:55:13,338 INFO  L177        SettingsManager]: Ultimate Commandline Interface provides no preferences, ignoring...
[2020-06-17 18:55:13,338 INFO  L174        SettingsManager]: Resetting Boogie Preprocessor preferences to default values
[2020-06-17 18:55:13,339 INFO  L174        SettingsManager]: Resetting Boogie Procedure Inliner preferences to default values
[2020-06-17 18:55:13,340 INFO  L174        SettingsManager]: Resetting Abstract Interpretation preferences to default values
[2020-06-17 18:55:13,341 INFO  L174        SettingsManager]: Resetting LassoRanker preferences to default values
[2020-06-17 18:55:13,343 INFO  L174        SettingsManager]: Resetting Reaching Definitions preferences to default values
[2020-06-17 18:55:13,343 INFO  L174        SettingsManager]: Resetting SyntaxChecker preferences to default values
[2020-06-17 18:55:13,344 INFO  L177        SettingsManager]: Büchi Program Product provides no preferences, ignoring...
[2020-06-17 18:55:13,344 INFO  L174        SettingsManager]: Resetting LTL2Aut preferences to default values
[2020-06-17 18:55:13,345 INFO  L174        SettingsManager]: Resetting PEA to Boogie preferences to default values
[2020-06-17 18:55:13,346 INFO  L174        SettingsManager]: Resetting BlockEncodingV2 preferences to default values
[2020-06-17 18:55:13,347 INFO  L174        SettingsManager]: Resetting ChcToBoogie preferences to default values
[2020-06-17 18:55:13,347 INFO  L174        SettingsManager]: Resetting AutomataScriptInterpreter preferences to default values
[2020-06-17 18:55:13,348 INFO  L174        SettingsManager]: Resetting BuchiAutomizer preferences to default values
[2020-06-17 18:55:13,349 INFO  L174        SettingsManager]: Resetting CACSL2BoogieTranslator preferences to default values
[2020-06-17 18:55:13,351 INFO  L174        SettingsManager]: Resetting CodeCheck preferences to default values
[2020-06-17 18:55:13,352 INFO  L174        SettingsManager]: Resetting InvariantSynthesis preferences to default values
[2020-06-17 18:55:13,353 INFO  L174        SettingsManager]: Resetting RCFGBuilder preferences to default values
[2020-06-17 18:55:13,354 INFO  L174        SettingsManager]: Resetting TraceAbstraction preferences to default values
[2020-06-17 18:55:13,356 INFO  L177        SettingsManager]: TraceAbstractionConcurrent provides no preferences, ignoring...
[2020-06-17 18:55:13,357 INFO  L177        SettingsManager]: TraceAbstractionWithAFAs provides no preferences, ignoring...
[2020-06-17 18:55:13,357 INFO  L174        SettingsManager]: Resetting TreeAutomizer preferences to default values
[2020-06-17 18:55:13,357 INFO  L174        SettingsManager]: Resetting IcfgTransformer preferences to default values
[2020-06-17 18:55:13,358 INFO  L174        SettingsManager]: Resetting Boogie Printer preferences to default values
[2020-06-17 18:55:13,359 INFO  L174        SettingsManager]: Resetting ReqPrinter preferences to default values
[2020-06-17 18:55:13,359 INFO  L174        SettingsManager]: Resetting Witness Printer preferences to default values
[2020-06-17 18:55:13,360 INFO  L177        SettingsManager]: Boogie PL CUP Parser provides no preferences, ignoring...
[2020-06-17 18:55:13,360 INFO  L174        SettingsManager]: Resetting CDTParser preferences to default values
[2020-06-17 18:55:13,361 INFO  L177        SettingsManager]: AutomataScriptParser provides no preferences, ignoring...
[2020-06-17 18:55:13,361 INFO  L177        SettingsManager]: ReqParser provides no preferences, ignoring...
[2020-06-17 18:55:13,361 INFO  L174        SettingsManager]: Resetting SmtParser preferences to default values
[2020-06-17 18:55:13,362 INFO  L174        SettingsManager]: Resetting Witness Parser preferences to default values
[2020-06-17 18:55:13,362 INFO  L181        SettingsManager]: Finished resetting all preferences to default values...
[2020-06-17 18:55:13,382 INFO  L81    nceAwareModelManager]: Repository-Root is: /tmp
[2020-06-17 18:55:13,392 INFO  L258   ainManager$Toolchain]: [Toolchain 1]: Applicable parser(s) successfully (re)initialized
[2020-06-17 18:55:13,395 INFO  L214   ainManager$Toolchain]: [Toolchain 1]: Toolchain selected.
[2020-06-17 18:55:13,396 INFO  L271        PluginConnector]: Initializing Boogie PL CUP Parser...
[2020-06-17 18:55:13,397 INFO  L276        PluginConnector]: Boogie PL CUP Parser initialized
[2020-06-17 18:55:13,397 INFO  L418   ainManager$Toolchain]: [Toolchain 1]: Parsing single file: /home/lixie/LassoRankerExp/LassoRankerExp/./C_Boogie/LeikeHeizmann-WST2014-Ex5.bpl
[2020-06-17 18:55:13,397 INFO  L111           BoogieParser]: Parsing: '/home/lixie/LassoRankerExp/LassoRankerExp/./C_Boogie/LeikeHeizmann-WST2014-Ex5.bpl'
[2020-06-17 18:55:13,417 INFO  L296   ainManager$Toolchain]: ####################### [Toolchain 1] #######################
[2020-06-17 18:55:13,427 INFO  L131        ToolchainWalker]: Walking toolchain with 3 elements.
[2020-06-17 18:55:13,428 INFO  L113        PluginConnector]: ------------------------Boogie Preprocessor----------------------------
[2020-06-17 18:55:13,428 INFO  L271        PluginConnector]: Initializing Boogie Preprocessor...
[2020-06-17 18:55:13,428 INFO  L276        PluginConnector]: Boogie Preprocessor initialized
[2020-06-17 18:55:13,448 INFO  L185        PluginConnector]: Executing the observer EnsureBoogieModelObserver from plugin Boogie Preprocessor for "LeikeHeizmann-WST2014-Ex5.bpl de.uni_freiburg.informatik.ultimate.boogie.parser AST 17.06 06:55:13" (1/1) ...
[2020-06-17 18:55:13,449 INFO  L185        PluginConnector]: Executing the observer TypeChecker from plugin Boogie Preprocessor for "LeikeHeizmann-WST2014-Ex5.bpl de.uni_freiburg.informatik.ultimate.boogie.parser AST 17.06 06:55:13" (1/1) ...
[2020-06-17 18:55:13,454 INFO  L185        PluginConnector]: Executing the observer ConstExpander from plugin Boogie Preprocessor for "LeikeHeizmann-WST2014-Ex5.bpl de.uni_freiburg.informatik.ultimate.boogie.parser AST 17.06 06:55:13" (1/1) ...
[2020-06-17 18:55:13,454 INFO  L185        PluginConnector]: Executing the observer StructExpander from plugin Boogie Preprocessor for "LeikeHeizmann-WST2014-Ex5.bpl de.uni_freiburg.informatik.ultimate.boogie.parser AST 17.06 06:55:13" (1/1) ...
[2020-06-17 18:55:13,455 INFO  L185        PluginConnector]: Executing the observer UnstructureCode from plugin Boogie Preprocessor for "LeikeHeizmann-WST2014-Ex5.bpl de.uni_freiburg.informatik.ultimate.boogie.parser AST 17.06 06:55:13" (1/1) ...
[2020-06-17 18:55:13,459 INFO  L185        PluginConnector]: Executing the observer FunctionInliner from plugin Boogie Preprocessor for "LeikeHeizmann-WST2014-Ex5.bpl de.uni_freiburg.informatik.ultimate.boogie.parser AST 17.06 06:55:13" (1/1) ...
[2020-06-17 18:55:13,459 INFO  L185        PluginConnector]: Executing the observer BoogieSymbolTableConstructor from plugin Boogie Preprocessor for "LeikeHeizmann-WST2014-Ex5.bpl de.uni_freiburg.informatik.ultimate.boogie.parser AST 17.06 06:55:13" (1/1) ...
[2020-06-17 18:55:13,460 INFO  L132        PluginConnector]: ------------------------ END Boogie Preprocessor----------------------------
[2020-06-17 18:55:13,461 INFO  L113        PluginConnector]: ------------------------RCFGBuilder----------------------------
[2020-06-17 18:55:13,461 INFO  L271        PluginConnector]: Initializing RCFGBuilder...
[2020-06-17 18:55:13,461 INFO  L276        PluginConnector]: RCFGBuilder initialized
[2020-06-17 18:55:13,462 INFO  L185        PluginConnector]: Executing the observer RCFGBuilderObserver from plugin RCFGBuilder for "LeikeHeizmann-WST2014-Ex5.bpl de.uni_freiburg.informatik.ultimate.boogie.parser AST 17.06 06:55:13" (1/1) ...
No working directory specified, using /home/lixie/LassoRankerExp/LassoRankerExp/z3
Starting monitored process 1 with z3 SMTLIB2_COMPLIANT=true -memory:1024 -smt2 -in -t:12000 (exit command is (exit), workingDir is null)
Waiting until toolchain timeout for monitored process 1 with z3 SMTLIB2_COMPLIANT=true -memory:1024 -smt2 -in -t:12000
[2020-06-17 18:55:13,498 INFO  L124     BoogieDeclarations]: Specification and implementation of procedure main given in one single declaration
[2020-06-17 18:55:13,498 INFO  L130     BoogieDeclarations]: Found specification of procedure main
[2020-06-17 18:55:13,499 INFO  L138     BoogieDeclarations]: Found implementation of procedure main
[2020-06-17 18:55:13,562 INFO  L278             CfgBuilder]: Using library mode
[2020-06-17 18:55:13,562 INFO  L286             CfgBuilder]: Removed 0 assue(true) statements.
[2020-06-17 18:55:13,562 INFO  L202        PluginConnector]: Adding new model LeikeHeizmann-WST2014-Ex5.bpl de.uni_freiburg.informatik.ultimate.plugins.generator.rcfgbuilder CFG 17.06 06:55:13 BoogieIcfgContainer
[2020-06-17 18:55:13,563 INFO  L132        PluginConnector]: ------------------------ END RCFGBuilder----------------------------
[2020-06-17 18:55:13,563 INFO  L113        PluginConnector]: ------------------------LassoRanker----------------------------
[2020-06-17 18:55:13,563 INFO  L271        PluginConnector]: Initializing LassoRanker...
[2020-06-17 18:55:13,563 INFO  L276        PluginConnector]: LassoRanker initialized
[2020-06-17 18:55:13,564 INFO  L185        PluginConnector]: Executing the observer LassoRankerObserver from plugin LassoRanker for "LeikeHeizmann-WST2014-Ex5.bpl de.uni_freiburg.informatik.ultimate.plugins.generator.rcfgbuilder CFG 17.06 06:55:13" (1/1) ...
[2020-06-17 18:55:13,581 INFO  L72            BuchiIsEmpty]: Start buchiIsEmpty. Operand 2 states.
[2020-06-17 18:55:13,594 INFO  L131   ngComponentsAnalysis]: Automaton has 1 accepting balls. 1
[2020-06-17 18:55:13,594 INFO  L87            BuchiIsEmpty]: Finished buchiIsEmpty Result is false
[2020-06-17 18:55:13,594 INFO  L119           BuchiIsEmpty]: Starting construction of run
[2020-06-17 18:55:13,598 INFO  L104     BuchiDifferenceFKV]: Start buchiDifferenceFKV. First operand 2 states. Second operand 1 states.
[2020-06-17 18:55:13,606 INFO  L108     BuchiDifferenceFKV]: Finished buchiDifferenceFKV. First operand 2 states. Second operand 1 states. Result 3 states and 4 transitions. Complement of second has 2 states 2 powerset states0 rank states. The highest rank that occured is -1
[2020-06-17 18:55:13,606 INFO  L72            BuchiIsEmpty]: Start buchiIsEmpty. Operand 3 states and 4 transitions.
[2020-06-17 18:55:13,606 INFO  L131   ngComponentsAnalysis]: Automaton has 0 accepting balls. 0
[2020-06-17 18:55:13,606 INFO  L87            BuchiIsEmpty]: Finished buchiIsEmpty Result is true
[2020-06-17 18:55:13,643 INFO  L216          LassoAnalysis]: Preferences:
[2020-06-17 18:55:13,644 INFO  L124   ssoRankerPreferences]: Compute integeral hull: false
[2020-06-17 18:55:13,644 INFO  L125   ssoRankerPreferences]: Enable LassoPartitioneer: true
[2020-06-17 18:55:13,644 INFO  L126   ssoRankerPreferences]: Term annotations enabled: false
[2020-06-17 18:55:13,645 INFO  L127   ssoRankerPreferences]: Use exernal solver: true
[2020-06-17 18:55:13,645 INFO  L128   ssoRankerPreferences]: SMT solver command: z3 -smt2 -in SMTLIB2_COMPLIANT=true
[2020-06-17 18:55:13,645 INFO  L129   ssoRankerPreferences]: Dump SMT script to file: false
[2020-06-17 18:55:13,645 INFO  L130   ssoRankerPreferences]: Path of dumped script: .
[2020-06-17 18:55:13,645 INFO  L131   ssoRankerPreferences]: Filename of dumped script: LassoRankerScript
[2020-06-17 18:55:13,645 INFO  L132   ssoRankerPreferences]: MapElimAlgo: Frank
[2020-06-17 18:55:13,645 INFO  L282          LassoAnalysis]: Starting lasso preprocessing...
[2020-06-17 18:55:13,657 INFO  L141          MapEliminator]: Using MapEliminator with SimplificationTechnique=SIMPLIFY_DDA XnfConversionTechnique=BOTTOM_UP_WITH_LOCAL_SIMPLIFICATION AddInequalities=false OnlyTrivialImplicationsArrayWrite=false OnlyTrivialImplicationsForModifiedArguments=true OnlyArgumentsInFormula=true
[2020-06-17 18:55:13,703 INFO  L300          LassoAnalysis]: Preprocessing complete.
[2020-06-17 18:55:13,704 INFO  L412          LassoAnalysis]: Checking for nontermination...
No working directory specified, using /home/lixie/LassoRankerExp/LassoRankerExp/z3
Starting monitored process 2 with z3 -smt2 -in SMTLIB2_COMPLIANT=true (exit command is (exit), workingDir is null)
Waiting until toolchain timeout for monitored process 2 with z3 -smt2 -in SMTLIB2_COMPLIANT=true
[2020-06-17 18:55:13,707 INFO  L151   nArgumentSynthesizer]: Nontermination analysis: LINEAR_WITH_GUESSES Allow bounded executions: true Number of generalized eigenvectors: 0 Nilpotent components: true
[2020-06-17 18:55:13,707 INFO  L163   nArgumentSynthesizer]: Using integer mode.
No working directory specified, using /home/lixie/LassoRankerExp/LassoRankerExp/z3
Starting monitored process 3 with z3 -smt2 -in SMTLIB2_COMPLIANT=true (exit command is (exit), workingDir is null)
Waiting until toolchain timeout for monitored process 3 with z3 -smt2 -in SMTLIB2_COMPLIANT=true
[2020-06-17 18:55:13,727 INFO  L151   nArgumentSynthesizer]: Nontermination analysis: LINEAR_WITH_GUESSES Allow bounded executions: true Number of generalized eigenvectors: 3 Nilpotent components: true
[2020-06-17 18:55:13,727 INFO  L163   nArgumentSynthesizer]: Using integer mode.
[2020-06-17 18:55:13,753 INFO  L452          LassoAnalysis]: Proving nontermination failed: No geometric nontermination argument exists.
[2020-06-17 18:55:13,754 INFO  L216          LassoAnalysis]: Preferences:
[2020-06-17 18:55:13,754 INFO  L124   ssoRankerPreferences]: Compute integeral hull: false
[2020-06-17 18:55:13,755 INFO  L125   ssoRankerPreferences]: Enable LassoPartitioneer: true
[2020-06-17 18:55:13,755 INFO  L126   ssoRankerPreferences]: Term annotations enabled: false
[2020-06-17 18:55:13,755 INFO  L127   ssoRankerPreferences]: Use exernal solver: true
[2020-06-17 18:55:13,755 INFO  L128   ssoRankerPreferences]: SMT solver command: z3 -smt2 -in SMTLIB2_COMPLIANT=true
[2020-06-17 18:55:13,755 INFO  L129   ssoRankerPreferences]: Dump SMT script to file: false
[2020-06-17 18:55:13,755 INFO  L130   ssoRankerPreferences]: Path of dumped script: .
[2020-06-17 18:55:13,755 INFO  L131   ssoRankerPreferences]: Filename of dumped script: LassoRankerScript
[2020-06-17 18:55:13,755 INFO  L132   ssoRankerPreferences]: MapElimAlgo: Frank
[2020-06-17 18:55:13,755 INFO  L282          LassoAnalysis]: Starting lasso preprocessing...
[2020-06-17 18:55:13,756 INFO  L141          MapEliminator]: Using MapEliminator with SimplificationTechnique=SIMPLIFY_DDA XnfConversionTechnique=BOTTOM_UP_WITH_LOCAL_SIMPLIFICATION AddInequalities=false OnlyTrivialImplicationsArrayWrite=false OnlyTrivialImplicationsForModifiedArguments=true OnlyArgumentsInFormula=true
[2020-06-17 18:55:13,805 INFO  L300          LassoAnalysis]: Preprocessing complete.
[2020-06-17 18:55:13,810 INFO  L497          LassoAnalysis]: Using template 'affine'.
No working directory specified, using /home/lixie/LassoRankerExp/LassoRankerExp/z3
Starting monitored process 4 with z3 -smt2 -in SMTLIB2_COMPLIANT=true (exit command is (exit), workingDir is null)
Waiting until toolchain timeout for monitored process 4 with z3 -smt2 -in SMTLIB2_COMPLIANT=true
[2020-06-17 18:55:13,813 INFO  L122   nArgumentSynthesizer]: Termination Analysis Settings:
Termination analysis: LINEAR_WITH_GUESSES
Number of strict supporting invariants: 1
Number of non-strict supporting invariants: 0
Consider only non-deceasing supporting invariants: true
Simplify termination arguments: true
Simplify supporting invariants: trueOverapproximate stem: false
[2020-06-17 18:55:13,814 INFO  L339   nArgumentSynthesizer]: Template has degree 0.
[2020-06-17 18:55:13,815 INFO  L352   nArgumentSynthesizer]: There is no stem transition; disabling supporting invariant generation.
[2020-06-17 18:55:13,815 INFO  L205   nArgumentSynthesizer]: 1 stem disjuncts
[2020-06-17 18:55:13,815 INFO  L206   nArgumentSynthesizer]: 1 loop disjuncts
[2020-06-17 18:55:13,815 INFO  L207   nArgumentSynthesizer]: 2 template conjuncts.
[2020-06-17 18:55:13,818 INFO  L402   nArgumentSynthesizer]: We have 2 Motzkin's Theorem applications.
[2020-06-17 18:55:13,818 INFO  L403   nArgumentSynthesizer]: A total of 0 supporting invariants were added.
[2020-06-17 18:55:13,820 INFO  L530          LassoAnalysis]: Proving termination failed for this template and these settings.
[2020-06-17 18:55:13,833 INFO  L497          LassoAnalysis]: Using template '2-nested'.
No working directory specified, using /home/lixie/LassoRankerExp/LassoRankerExp/z3
Starting monitored process 5 with z3 -smt2 -in SMTLIB2_COMPLIANT=true (exit command is (exit), workingDir is null)
Waiting until toolchain timeout for monitored process 5 with z3 -smt2 -in SMTLIB2_COMPLIANT=true
[2020-06-17 18:55:13,835 INFO  L122   nArgumentSynthesizer]: Termination Analysis Settings:
Termination analysis: LINEAR_WITH_GUESSES
Number of strict supporting invariants: 1
Number of non-strict supporting invariants: 0
Consider only non-deceasing supporting invariants: true
Simplify termination arguments: true
Simplify supporting invariants: trueOverapproximate stem: false
[2020-06-17 18:55:13,836 INFO  L339   nArgumentSynthesizer]: Template has degree 0.
[2020-06-17 18:55:13,836 INFO  L352   nArgumentSynthesizer]: There is no stem transition; disabling supporting invariant generation.
[2020-06-17 18:55:13,836 INFO  L205   nArgumentSynthesizer]: 1 stem disjuncts
[2020-06-17 18:55:13,836 INFO  L206   nArgumentSynthesizer]: 1 loop disjuncts
[2020-06-17 18:55:13,836 INFO  L207   nArgumentSynthesizer]: 3 template conjuncts.
[2020-06-17 18:55:13,838 INFO  L402   nArgumentSynthesizer]: We have 3 Motzkin's Theorem applications.
[2020-06-17 18:55:13,838 INFO  L403   nArgumentSynthesizer]: A total of 0 supporting invariants were added.
[2020-06-17 18:55:13,841 INFO  L530          LassoAnalysis]: Proving termination failed for this template and these settings.
[2020-06-17 18:55:13,863 INFO  L497          LassoAnalysis]: Using template '3-nested'.
No working directory specified, using /home/lixie/LassoRankerExp/LassoRankerExp/z3
Starting monitored process 6 with z3 -smt2 -in SMTLIB2_COMPLIANT=true (exit command is (exit), workingDir is null)
Waiting until toolchain timeout for monitored process 6 with z3 -smt2 -in SMTLIB2_COMPLIANT=true
[2020-06-17 18:55:13,865 INFO  L122   nArgumentSynthesizer]: Termination Analysis Settings:
Termination analysis: LINEAR_WITH_GUESSES
Number of strict supporting invariants: 1
Number of non-strict supporting invariants: 0
Consider only non-deceasing supporting invariants: true
Simplify termination arguments: true
Simplify supporting invariants: trueOverapproximate stem: false
[2020-06-17 18:55:13,867 INFO  L339   nArgumentSynthesizer]: Template has degree 0.
[2020-06-17 18:55:13,867 INFO  L352   nArgumentSynthesizer]: There is no stem transition; disabling supporting invariant generation.
[2020-06-17 18:55:13,867 INFO  L205   nArgumentSynthesizer]: 1 stem disjuncts
[2020-06-17 18:55:13,867 INFO  L206   nArgumentSynthesizer]: 1 loop disjuncts
[2020-06-17 18:55:13,868 INFO  L207   nArgumentSynthesizer]: 4 template conjuncts.
[2020-06-17 18:55:13,871 INFO  L402   nArgumentSynthesizer]: We have 4 Motzkin's Theorem applications.
[2020-06-17 18:55:13,871 INFO  L403   nArgumentSynthesizer]: A total of 0 supporting invariants were added.
[2020-06-17 18:55:13,875 INFO  L530          LassoAnalysis]: Proving termination failed for this template and these settings.
[2020-06-17 18:55:13,887 INFO  L497          LassoAnalysis]: Using template '4-nested'.
No working directory specified, using /home/lixie/LassoRankerExp/LassoRankerExp/z3
Starting monitored process 7 with z3 -smt2 -in SMTLIB2_COMPLIANT=true (exit command is (exit), workingDir is null)
Waiting until toolchain timeout for monitored process 7 with z3 -smt2 -in SMTLIB2_COMPLIANT=true
[2020-06-17 18:55:13,890 INFO  L122   nArgumentSynthesizer]: Termination Analysis Settings:
Termination analysis: LINEAR_WITH_GUESSES
Number of strict supporting invariants: 1
Number of non-strict supporting invariants: 0
Consider only non-deceasing supporting invariants: true
Simplify termination arguments: true
Simplify supporting invariants: trueOverapproximate stem: false
[2020-06-17 18:55:13,891 INFO  L339   nArgumentSynthesizer]: Template has degree 0.
[2020-06-17 18:55:13,891 INFO  L352   nArgumentSynthesizer]: There is no stem transition; disabling supporting invariant generation.
[2020-06-17 18:55:13,892 INFO  L205   nArgumentSynthesizer]: 1 stem disjuncts
[2020-06-17 18:55:13,892 INFO  L206   nArgumentSynthesizer]: 1 loop disjuncts
[2020-06-17 18:55:13,892 INFO  L207   nArgumentSynthesizer]: 5 template conjuncts.
[2020-06-17 18:55:13,896 INFO  L402   nArgumentSynthesizer]: We have 5 Motzkin's Theorem applications.
[2020-06-17 18:55:13,896 INFO  L403   nArgumentSynthesizer]: A total of 0 supporting invariants were added.
[2020-06-17 18:55:13,900 INFO  L530          LassoAnalysis]: Proving termination failed for this template and these settings.
[2020-06-17 18:55:13,911 INFO  L497          LassoAnalysis]: Using template '2-phase'.
No working directory specified, using /home/lixie/LassoRankerExp/LassoRankerExp/z3
Starting monitored process 8 with z3 -smt2 -in SMTLIB2_COMPLIANT=true (exit command is (exit), workingDir is null)
Waiting until toolchain timeout for monitored process 8 with z3 -smt2 -in SMTLIB2_COMPLIANT=true
[2020-06-17 18:55:13,913 INFO  L122   nArgumentSynthesizer]: Termination Analysis Settings:
Termination analysis: LINEAR_WITH_GUESSES
Number of strict supporting invariants: 1
Number of non-strict supporting invariants: 0
Consider only non-deceasing supporting invariants: true
Simplify termination arguments: true
Simplify supporting invariants: trueOverapproximate stem: false
[2020-06-17 18:55:13,915 WARN  L334   nArgumentSynthesizer]: Using a linear SMT query and a templates of degree > 0, hence this method is incomplete.
[2020-06-17 18:55:13,915 INFO  L339   nArgumentSynthesizer]: Template has degree 1.
[2020-06-17 18:55:13,915 INFO  L352   nArgumentSynthesizer]: There is no stem transition; disabling supporting invariant generation.
[2020-06-17 18:55:13,915 INFO  L205   nArgumentSynthesizer]: 1 stem disjuncts
[2020-06-17 18:55:13,915 INFO  L206   nArgumentSynthesizer]: 1 loop disjuncts
[2020-06-17 18:55:13,915 INFO  L207   nArgumentSynthesizer]: 3 template conjuncts.
[2020-06-17 18:55:13,918 INFO  L402   nArgumentSynthesizer]: We have 3 Motzkin's Theorem applications.
[2020-06-17 18:55:13,918 INFO  L403   nArgumentSynthesizer]: A total of 0 supporting invariants were added.
[2020-06-17 18:55:13,923 INFO  L530          LassoAnalysis]: Proving termination failed for this template and these settings.
[2020-06-17 18:55:13,935 INFO  L497          LassoAnalysis]: Using template 'lex(affine, affine)'.
No working directory specified, using /home/lixie/LassoRankerExp/LassoRankerExp/z3
Starting monitored process 9 with z3 -smt2 -in SMTLIB2_COMPLIANT=true (exit command is (exit), workingDir is null)
Waiting until toolchain timeout for monitored process 9 with z3 -smt2 -in SMTLIB2_COMPLIANT=true
[2020-06-17 18:55:13,936 INFO  L122   nArgumentSynthesizer]: Termination Analysis Settings:
Termination analysis: LINEAR_WITH_GUESSES
Number of strict supporting invariants: 1
Number of non-strict supporting invariants: 0
Consider only non-deceasing supporting invariants: true
Simplify termination arguments: true
Simplify supporting invariants: trueOverapproximate stem: false
[2020-06-17 18:55:13,938 WARN  L334   nArgumentSynthesizer]: Using a linear SMT query and a templates of degree > 0, hence this method is incomplete.
[2020-06-17 18:55:13,938 INFO  L339   nArgumentSynthesizer]: Template has degree 5.
[2020-06-17 18:55:13,938 INFO  L352   nArgumentSynthesizer]: There is no stem transition; disabling supporting invariant generation.
[2020-06-17 18:55:13,938 INFO  L205   nArgumentSynthesizer]: 1 stem disjuncts
[2020-06-17 18:55:13,938 INFO  L206   nArgumentSynthesizer]: 1 loop disjuncts
[2020-06-17 18:55:13,938 INFO  L207   nArgumentSynthesizer]: 4 template conjuncts.
[2020-06-17 18:55:13,941 INFO  L402   nArgumentSynthesizer]: We have 4 Motzkin's Theorem applications.
[2020-06-17 18:55:13,941 INFO  L403   nArgumentSynthesizer]: A total of 0 supporting invariants were added.
[2020-06-17 18:55:13,945 INFO  L530          LassoAnalysis]: Proving termination failed for this template and these settings.
[2020-06-17 18:55:13,957 INFO  L497          LassoAnalysis]: Using template '2-piece'.
No working directory specified, using /home/lixie/LassoRankerExp/LassoRankerExp/z3
Starting monitored process 10 with z3 -smt2 -in SMTLIB2_COMPLIANT=true (exit command is (exit), workingDir is null)
Waiting until toolchain timeout for monitored process 10 with z3 -smt2 -in SMTLIB2_COMPLIANT=true
[2020-06-17 18:55:13,959 INFO  L122   nArgumentSynthesizer]: Termination Analysis Settings:
Termination analysis: LINEAR_WITH_GUESSES
Number of strict supporting invariants: 1
Number of non-strict supporting invariants: 0
Consider only non-deceasing supporting invariants: true
Simplify termination arguments: true
Simplify supporting invariants: trueOverapproximate stem: false
[2020-06-17 18:55:13,960 WARN  L334   nArgumentSynthesizer]: Using a linear SMT query and a templates of degree > 0, hence this method is incomplete.
[2020-06-17 18:55:13,960 INFO  L339   nArgumentSynthesizer]: Template has degree 7.
[2020-06-17 18:55:13,960 INFO  L352   nArgumentSynthesizer]: There is no stem transition; disabling supporting invariant generation.
[2020-06-17 18:55:13,961 INFO  L205   nArgumentSynthesizer]: 1 stem disjuncts
[2020-06-17 18:55:13,961 INFO  L206   nArgumentSynthesizer]: 1 loop disjuncts
[2020-06-17 18:55:13,961 INFO  L207   nArgumentSynthesizer]: 7 template conjuncts.
[2020-06-17 18:55:13,966 INFO  L402   nArgumentSynthesizer]: We have 7 Motzkin's Theorem applications.
[2020-06-17 18:55:13,967 INFO  L403   nArgumentSynthesizer]: A total of 0 supporting invariants were added.
[2020-06-17 18:55:14,008 INFO  L530          LassoAnalysis]: Proving termination failed for this template and these settings.
[2020-06-17 18:55:14,020 INFO  L497          LassoAnalysis]: Using template '2-parallel'.
No working directory specified, using /home/lixie/LassoRankerExp/LassoRankerExp/z3
Starting monitored process 11 with z3 -smt2 -in SMTLIB2_COMPLIANT=true (exit command is (exit), workingDir is null)
Waiting until toolchain timeout for monitored process 11 with z3 -smt2 -in SMTLIB2_COMPLIANT=true
[2020-06-17 18:55:14,022 INFO  L122   nArgumentSynthesizer]: Termination Analysis Settings:
Termination analysis: LINEAR_WITH_GUESSES
Number of strict supporting invariants: 1
Number of non-strict supporting invariants: 0
Consider only non-deceasing supporting invariants: true
Simplify termination arguments: true
Simplify supporting invariants: trueOverapproximate stem: false
[2020-06-17 18:55:14,024 WARN  L334   nArgumentSynthesizer]: Using a linear SMT query and a templates of degree > 0, hence this method is incomplete.
[2020-06-17 18:55:14,024 INFO  L339   nArgumentSynthesizer]: Template has degree 4.
[2020-06-17 18:55:14,024 INFO  L352   nArgumentSynthesizer]: There is no stem transition; disabling supporting invariant generation.
[2020-06-17 18:55:14,024 INFO  L205   nArgumentSynthesizer]: 1 stem disjuncts
[2020-06-17 18:55:14,024 INFO  L206   nArgumentSynthesizer]: 1 loop disjuncts
[2020-06-17 18:55:14,024 INFO  L207   nArgumentSynthesizer]: 6 template conjuncts.
[2020-06-17 18:55:14,028 INFO  L402   nArgumentSynthesizer]: We have 6 Motzkin's Theorem applications.
[2020-06-17 18:55:14,028 INFO  L403   nArgumentSynthesizer]: A total of 0 supporting invariants were added.
[2020-06-17 18:55:14,036 INFO  L530          LassoAnalysis]: Proving termination failed for this template and these settings.
[2020-06-17 18:55:14,049 INFO  L489     LassoRankerStarter]: LassoRanker could not prove termination or nontermination of the given linear lasso program.
Templates: AffineTemplate NestedTemplate NestedTemplate NestedTemplate MultiphaseTemplate ComposedLexicographicTemplate PiecewiseTemplate ParallelTemplate
[2020-06-17 18:55:14,049 INFO  L132        PluginConnector]: ------------------------ END LassoRanker----------------------------
[2020-06-17 18:55:14,050 INFO  L168              Benchmark]: Toolchain (without parser) took 632.38 ms. Allocated memory is still 514.9 MB. Free memory was 472.9 MB in the beginning and 388.3 MB in the end (delta: 84.6 MB). Peak memory consumption was 84.6 MB. Max. memory is 11.5 GB.
[2020-06-17 18:55:14,051 INFO  L168              Benchmark]: Boogie PL CUP Parser took 0.08 ms. Allocated memory is still 514.9 MB. Free memory is still 474.4 MB. There was no memory consumed. Max. memory is 11.5 GB.
[2020-06-17 18:55:14,051 INFO  L168              Benchmark]: Boogie Preprocessor took 32.70 ms. Allocated memory is still 514.9 MB. Free memory was 471.5 MB in the beginning and 470.2 MB in the end (delta: 1.3 MB). Peak memory consumption was 1.3 MB. Max. memory is 11.5 GB.
[2020-06-17 18:55:14,052 INFO  L168              Benchmark]: RCFGBuilder took 101.79 ms. Allocated memory is still 514.9 MB. Free memory was 470.2 MB in the beginning and 460.7 MB in the end (delta: 9.5 MB). Peak memory consumption was 9.5 MB. Max. memory is 11.5 GB.
[2020-06-17 18:55:14,052 INFO  L168              Benchmark]: LassoRanker took 486.59 ms. Allocated memory is still 514.9 MB. Free memory was 460.7 MB in the beginning and 388.3 MB in the end (delta: 72.3 MB). Peak memory consumption was 72.3 MB. Max. memory is 11.5 GB.
[2020-06-17 18:55:14,054 INFO  L336   ainManager$Toolchain]: #######################  End [Toolchain 1] #######################
 --- Results ---
 * Results from de.uni_freiburg.informatik.ultimate.core:
  - StatisticsResult: Toolchain Benchmarks
    Benchmark results are:
 * Boogie PL CUP Parser took 0.08 ms. Allocated memory is still 514.9 MB. Free memory is still 474.4 MB. There was no memory consumed. Max. memory is 11.5 GB.
 * Boogie Preprocessor took 32.70 ms. Allocated memory is still 514.9 MB. Free memory was 471.5 MB in the beginning and 470.2 MB in the end (delta: 1.3 MB). Peak memory consumption was 1.3 MB. Max. memory is 11.5 GB.
 * RCFGBuilder took 101.79 ms. Allocated memory is still 514.9 MB. Free memory was 470.2 MB in the beginning and 460.7 MB in the end (delta: 9.5 MB). Peak memory consumption was 9.5 MB. Max. memory is 11.5 GB.
 * LassoRanker took 486.59 ms. Allocated memory is still 514.9 MB. Free memory was 460.7 MB in the beginning and 388.3 MB in the end (delta: 72.3 MB). Peak memory consumption was 72.3 MB. Max. memory is 11.5 GB.
 * Results from de.uni_freiburg.informatik.ultimate.plugins.analysis.lassoranker:
  - NoResult [Line: 1]: LassoRanker could not prove termination
    LassoRanker could not prove termination or nontermination of the given linear lasso program.
Templates: AffineTemplate NestedTemplate NestedTemplate NestedTemplate MultiphaseTemplate ComposedLexicographicTemplate PiecewiseTemplate ParallelTemplate
RESULT: Ultimate could not prove your program: Toolchain returned no result.
Received shutdown request...
Ultimate:
GTK+ Version Check
