This is Ultimate 0.1.24-16d85fa
[2020-06-17 18:55:21,331 INFO  L170        SettingsManager]: Resetting all preferences to default values...
[2020-06-17 18:55:21,332 INFO  L174        SettingsManager]: Resetting UltimateCore preferences to default values
[2020-06-17 18:55:21,341 INFO  L177        SettingsManager]: Ultimate Commandline Interface provides no preferences, ignoring...
[2020-06-17 18:55:21,342 INFO  L174        SettingsManager]: Resetting Boogie Preprocessor preferences to default values
[2020-06-17 18:55:21,342 INFO  L174        SettingsManager]: Resetting Boogie Procedure Inliner preferences to default values
[2020-06-17 18:55:21,343 INFO  L174        SettingsManager]: Resetting Abstract Interpretation preferences to default values
[2020-06-17 18:55:21,344 INFO  L174        SettingsManager]: Resetting LassoRanker preferences to default values
[2020-06-17 18:55:21,345 INFO  L174        SettingsManager]: Resetting Reaching Definitions preferences to default values
[2020-06-17 18:55:21,346 INFO  L174        SettingsManager]: Resetting SyntaxChecker preferences to default values
[2020-06-17 18:55:21,346 INFO  L177        SettingsManager]: Büchi Program Product provides no preferences, ignoring...
[2020-06-17 18:55:21,346 INFO  L174        SettingsManager]: Resetting LTL2Aut preferences to default values
[2020-06-17 18:55:21,347 INFO  L174        SettingsManager]: Resetting PEA to Boogie preferences to default values
[2020-06-17 18:55:21,347 INFO  L174        SettingsManager]: Resetting BlockEncodingV2 preferences to default values
[2020-06-17 18:55:21,348 INFO  L174        SettingsManager]: Resetting ChcToBoogie preferences to default values
[2020-06-17 18:55:21,348 INFO  L174        SettingsManager]: Resetting AutomataScriptInterpreter preferences to default values
[2020-06-17 18:55:21,349 INFO  L174        SettingsManager]: Resetting BuchiAutomizer preferences to default values
[2020-06-17 18:55:21,350 INFO  L174        SettingsManager]: Resetting CACSL2BoogieTranslator preferences to default values
[2020-06-17 18:55:21,351 INFO  L174        SettingsManager]: Resetting CodeCheck preferences to default values
[2020-06-17 18:55:21,352 INFO  L174        SettingsManager]: Resetting InvariantSynthesis preferences to default values
[2020-06-17 18:55:21,353 INFO  L174        SettingsManager]: Resetting RCFGBuilder preferences to default values
[2020-06-17 18:55:21,354 INFO  L174        SettingsManager]: Resetting TraceAbstraction preferences to default values
[2020-06-17 18:55:21,355 INFO  L177        SettingsManager]: TraceAbstractionConcurrent provides no preferences, ignoring...
[2020-06-17 18:55:21,355 INFO  L177        SettingsManager]: TraceAbstractionWithAFAs provides no preferences, ignoring...
[2020-06-17 18:55:21,355 INFO  L174        SettingsManager]: Resetting TreeAutomizer preferences to default values
[2020-06-17 18:55:21,356 INFO  L174        SettingsManager]: Resetting IcfgTransformer preferences to default values
[2020-06-17 18:55:21,356 INFO  L174        SettingsManager]: Resetting Boogie Printer preferences to default values
[2020-06-17 18:55:21,357 INFO  L174        SettingsManager]: Resetting ReqPrinter preferences to default values
[2020-06-17 18:55:21,357 INFO  L174        SettingsManager]: Resetting Witness Printer preferences to default values
[2020-06-17 18:55:21,358 INFO  L177        SettingsManager]: Boogie PL CUP Parser provides no preferences, ignoring...
[2020-06-17 18:55:21,358 INFO  L174        SettingsManager]: Resetting CDTParser preferences to default values
[2020-06-17 18:55:21,358 INFO  L177        SettingsManager]: AutomataScriptParser provides no preferences, ignoring...
[2020-06-17 18:55:21,358 INFO  L177        SettingsManager]: ReqParser provides no preferences, ignoring...
[2020-06-17 18:55:21,358 INFO  L174        SettingsManager]: Resetting SmtParser preferences to default values
[2020-06-17 18:55:21,359 INFO  L174        SettingsManager]: Resetting Witness Parser preferences to default values
[2020-06-17 18:55:21,359 INFO  L181        SettingsManager]: Finished resetting all preferences to default values...
[2020-06-17 18:55:21,373 INFO  L81    nceAwareModelManager]: Repository-Root is: /tmp
[2020-06-17 18:55:21,381 INFO  L258   ainManager$Toolchain]: [Toolchain 1]: Applicable parser(s) successfully (re)initialized
[2020-06-17 18:55:21,383 INFO  L214   ainManager$Toolchain]: [Toolchain 1]: Toolchain selected.
[2020-06-17 18:55:21,383 INFO  L271        PluginConnector]: Initializing Boogie PL CUP Parser...
[2020-06-17 18:55:21,384 INFO  L276        PluginConnector]: Boogie PL CUP Parser initialized
[2020-06-17 18:55:21,384 INFO  L418   ainManager$Toolchain]: [Toolchain 1]: Parsing single file: /home/lixie/LassoRankerExp/LassoRankerExp/./C_Boogie/Masse-VMCAI2014-Ex6.bpl
[2020-06-17 18:55:21,384 INFO  L111           BoogieParser]: Parsing: '/home/lixie/LassoRankerExp/LassoRankerExp/./C_Boogie/Masse-VMCAI2014-Ex6.bpl'
[2020-06-17 18:55:21,403 INFO  L296   ainManager$Toolchain]: ####################### [Toolchain 1] #######################
[2020-06-17 18:55:21,409 INFO  L131        ToolchainWalker]: Walking toolchain with 3 elements.
[2020-06-17 18:55:21,410 INFO  L113        PluginConnector]: ------------------------Boogie Preprocessor----------------------------
[2020-06-17 18:55:21,410 INFO  L271        PluginConnector]: Initializing Boogie Preprocessor...
[2020-06-17 18:55:21,410 INFO  L276        PluginConnector]: Boogie Preprocessor initialized
[2020-06-17 18:55:21,423 INFO  L185        PluginConnector]: Executing the observer EnsureBoogieModelObserver from plugin Boogie Preprocessor for "Masse-VMCAI2014-Ex6.bpl de.uni_freiburg.informatik.ultimate.boogie.parser AST 17.06 06:55:21" (1/1) ...
[2020-06-17 18:55:21,424 INFO  L185        PluginConnector]: Executing the observer TypeChecker from plugin Boogie Preprocessor for "Masse-VMCAI2014-Ex6.bpl de.uni_freiburg.informatik.ultimate.boogie.parser AST 17.06 06:55:21" (1/1) ...
[2020-06-17 18:55:21,428 INFO  L185        PluginConnector]: Executing the observer ConstExpander from plugin Boogie Preprocessor for "Masse-VMCAI2014-Ex6.bpl de.uni_freiburg.informatik.ultimate.boogie.parser AST 17.06 06:55:21" (1/1) ...
[2020-06-17 18:55:21,428 INFO  L185        PluginConnector]: Executing the observer StructExpander from plugin Boogie Preprocessor for "Masse-VMCAI2014-Ex6.bpl de.uni_freiburg.informatik.ultimate.boogie.parser AST 17.06 06:55:21" (1/1) ...
[2020-06-17 18:55:21,429 INFO  L185        PluginConnector]: Executing the observer UnstructureCode from plugin Boogie Preprocessor for "Masse-VMCAI2014-Ex6.bpl de.uni_freiburg.informatik.ultimate.boogie.parser AST 17.06 06:55:21" (1/1) ...
[2020-06-17 18:55:21,432 INFO  L185        PluginConnector]: Executing the observer FunctionInliner from plugin Boogie Preprocessor for "Masse-VMCAI2014-Ex6.bpl de.uni_freiburg.informatik.ultimate.boogie.parser AST 17.06 06:55:21" (1/1) ...
[2020-06-17 18:55:21,432 INFO  L185        PluginConnector]: Executing the observer BoogieSymbolTableConstructor from plugin Boogie Preprocessor for "Masse-VMCAI2014-Ex6.bpl de.uni_freiburg.informatik.ultimate.boogie.parser AST 17.06 06:55:21" (1/1) ...
[2020-06-17 18:55:21,433 INFO  L132        PluginConnector]: ------------------------ END Boogie Preprocessor----------------------------
[2020-06-17 18:55:21,433 INFO  L113        PluginConnector]: ------------------------RCFGBuilder----------------------------
[2020-06-17 18:55:21,433 INFO  L271        PluginConnector]: Initializing RCFGBuilder...
[2020-06-17 18:55:21,433 INFO  L276        PluginConnector]: RCFGBuilder initialized
[2020-06-17 18:55:21,434 INFO  L185        PluginConnector]: Executing the observer RCFGBuilderObserver from plugin RCFGBuilder for "Masse-VMCAI2014-Ex6.bpl de.uni_freiburg.informatik.ultimate.boogie.parser AST 17.06 06:55:21" (1/1) ...
No working directory specified, using /home/lixie/LassoRankerExp/LassoRankerExp/z3
Starting monitored process 1 with z3 SMTLIB2_COMPLIANT=true -memory:1024 -smt2 -in -t:12000 (exit command is (exit), workingDir is null)
Waiting until toolchain timeout for monitored process 1 with z3 SMTLIB2_COMPLIANT=true -memory:1024 -smt2 -in -t:12000
[2020-06-17 18:55:21,469 INFO  L124     BoogieDeclarations]: Specification and implementation of procedure main given in one single declaration
[2020-06-17 18:55:21,469 INFO  L130     BoogieDeclarations]: Found specification of procedure main
[2020-06-17 18:55:21,469 INFO  L138     BoogieDeclarations]: Found implementation of procedure main
[2020-06-17 18:55:21,539 INFO  L278             CfgBuilder]: Using library mode
[2020-06-17 18:55:21,539 INFO  L286             CfgBuilder]: Removed 0 assue(true) statements.
[2020-06-17 18:55:21,540 INFO  L202        PluginConnector]: Adding new model Masse-VMCAI2014-Ex6.bpl de.uni_freiburg.informatik.ultimate.plugins.generator.rcfgbuilder CFG 17.06 06:55:21 BoogieIcfgContainer
[2020-06-17 18:55:21,540 INFO  L132        PluginConnector]: ------------------------ END RCFGBuilder----------------------------
[2020-06-17 18:55:21,541 INFO  L113        PluginConnector]: ------------------------LassoRanker----------------------------
[2020-06-17 18:55:21,541 INFO  L271        PluginConnector]: Initializing LassoRanker...
[2020-06-17 18:55:21,541 INFO  L276        PluginConnector]: LassoRanker initialized
[2020-06-17 18:55:21,541 INFO  L185        PluginConnector]: Executing the observer LassoRankerObserver from plugin LassoRanker for "Masse-VMCAI2014-Ex6.bpl de.uni_freiburg.informatik.ultimate.plugins.generator.rcfgbuilder CFG 17.06 06:55:21" (1/1) ...
[2020-06-17 18:55:21,559 INFO  L72            BuchiIsEmpty]: Start buchiIsEmpty. Operand 2 states.
[2020-06-17 18:55:21,572 INFO  L131   ngComponentsAnalysis]: Automaton has 1 accepting balls. 1
[2020-06-17 18:55:21,572 INFO  L87            BuchiIsEmpty]: Finished buchiIsEmpty Result is false
[2020-06-17 18:55:21,572 INFO  L119           BuchiIsEmpty]: Starting construction of run
[2020-06-17 18:55:21,577 INFO  L104     BuchiDifferenceFKV]: Start buchiDifferenceFKV. First operand 2 states. Second operand 1 states.
[2020-06-17 18:55:21,584 INFO  L108     BuchiDifferenceFKV]: Finished buchiDifferenceFKV. First operand 2 states. Second operand 1 states. Result 3 states and 4 transitions. Complement of second has 2 states 2 powerset states0 rank states. The highest rank that occured is -1
[2020-06-17 18:55:21,584 INFO  L72            BuchiIsEmpty]: Start buchiIsEmpty. Operand 3 states and 4 transitions.
[2020-06-17 18:55:21,584 INFO  L131   ngComponentsAnalysis]: Automaton has 0 accepting balls. 0
[2020-06-17 18:55:21,584 INFO  L87            BuchiIsEmpty]: Finished buchiIsEmpty Result is true
[2020-06-17 18:55:21,627 INFO  L216          LassoAnalysis]: Preferences:
[2020-06-17 18:55:21,628 INFO  L124   ssoRankerPreferences]: Compute integeral hull: false
[2020-06-17 18:55:21,628 INFO  L125   ssoRankerPreferences]: Enable LassoPartitioneer: true
[2020-06-17 18:55:21,628 INFO  L126   ssoRankerPreferences]: Term annotations enabled: false
[2020-06-17 18:55:21,628 INFO  L127   ssoRankerPreferences]: Use exernal solver: true
[2020-06-17 18:55:21,628 INFO  L128   ssoRankerPreferences]: SMT solver command: z3 -smt2 -in SMTLIB2_COMPLIANT=true
[2020-06-17 18:55:21,628 INFO  L129   ssoRankerPreferences]: Dump SMT script to file: false
[2020-06-17 18:55:21,628 INFO  L130   ssoRankerPreferences]: Path of dumped script: .
[2020-06-17 18:55:21,628 INFO  L131   ssoRankerPreferences]: Filename of dumped script: LassoRankerScript
[2020-06-17 18:55:21,628 INFO  L132   ssoRankerPreferences]: MapElimAlgo: Frank
[2020-06-17 18:55:21,628 INFO  L282          LassoAnalysis]: Starting lasso preprocessing...
[2020-06-17 18:55:21,643 INFO  L141          MapEliminator]: Using MapEliminator with SimplificationTechnique=SIMPLIFY_DDA XnfConversionTechnique=BOTTOM_UP_WITH_LOCAL_SIMPLIFICATION AddInequalities=false OnlyTrivialImplicationsArrayWrite=false OnlyTrivialImplicationsForModifiedArguments=true OnlyArgumentsInFormula=true
[2020-06-17 18:55:21,760 INFO  L300          LassoAnalysis]: Preprocessing complete.
[2020-06-17 18:55:21,760 INFO  L412          LassoAnalysis]: Checking for nontermination...
No working directory specified, using /home/lixie/LassoRankerExp/LassoRankerExp/z3
Starting monitored process 2 with z3 -smt2 -in SMTLIB2_COMPLIANT=true (exit command is (exit), workingDir is null)
Waiting until toolchain timeout for monitored process 2 with z3 -smt2 -in SMTLIB2_COMPLIANT=true
[2020-06-17 18:55:21,763 INFO  L151   nArgumentSynthesizer]: Nontermination analysis: LINEAR_WITH_GUESSES Allow bounded executions: true Number of generalized eigenvectors: 0 Nilpotent components: true
[2020-06-17 18:55:21,764 INFO  L163   nArgumentSynthesizer]: Using integer mode.
No working directory specified, using /home/lixie/LassoRankerExp/LassoRankerExp/z3
Starting monitored process 3 with z3 -smt2 -in SMTLIB2_COMPLIANT=true (exit command is (exit), workingDir is null)
Waiting until toolchain timeout for monitored process 3 with z3 -smt2 -in SMTLIB2_COMPLIANT=true
[2020-06-17 18:55:21,792 INFO  L151   nArgumentSynthesizer]: Nontermination analysis: LINEAR_WITH_GUESSES Allow bounded executions: true Number of generalized eigenvectors: 3 Nilpotent components: true
[2020-06-17 18:55:21,792 INFO  L163   nArgumentSynthesizer]: Using integer mode.
[2020-06-17 18:55:21,813 INFO  L452          LassoAnalysis]: Proving nontermination failed: No geometric nontermination argument exists.
[2020-06-17 18:55:21,815 INFO  L216          LassoAnalysis]: Preferences:
[2020-06-17 18:55:21,815 INFO  L124   ssoRankerPreferences]: Compute integeral hull: false
[2020-06-17 18:55:21,815 INFO  L125   ssoRankerPreferences]: Enable LassoPartitioneer: true
[2020-06-17 18:55:21,815 INFO  L126   ssoRankerPreferences]: Term annotations enabled: false
[2020-06-17 18:55:21,815 INFO  L127   ssoRankerPreferences]: Use exernal solver: true
[2020-06-17 18:55:21,816 INFO  L128   ssoRankerPreferences]: SMT solver command: z3 -smt2 -in SMTLIB2_COMPLIANT=true
[2020-06-17 18:55:21,816 INFO  L129   ssoRankerPreferences]: Dump SMT script to file: false
[2020-06-17 18:55:21,816 INFO  L130   ssoRankerPreferences]: Path of dumped script: .
[2020-06-17 18:55:21,816 INFO  L131   ssoRankerPreferences]: Filename of dumped script: LassoRankerScript
[2020-06-17 18:55:21,816 INFO  L132   ssoRankerPreferences]: MapElimAlgo: Frank
[2020-06-17 18:55:21,816 INFO  L282          LassoAnalysis]: Starting lasso preprocessing...
[2020-06-17 18:55:21,817 INFO  L141          MapEliminator]: Using MapEliminator with SimplificationTechnique=SIMPLIFY_DDA XnfConversionTechnique=BOTTOM_UP_WITH_LOCAL_SIMPLIFICATION AddInequalities=false OnlyTrivialImplicationsArrayWrite=false OnlyTrivialImplicationsForModifiedArguments=true OnlyArgumentsInFormula=true
[2020-06-17 18:55:21,918 INFO  L300          LassoAnalysis]: Preprocessing complete.
[2020-06-17 18:55:21,922 INFO  L497          LassoAnalysis]: Using template 'affine'.
No working directory specified, using /home/lixie/LassoRankerExp/LassoRankerExp/z3
Starting monitored process 4 with z3 -smt2 -in SMTLIB2_COMPLIANT=true (exit command is (exit), workingDir is null)
Waiting until toolchain timeout for monitored process 4 with z3 -smt2 -in SMTLIB2_COMPLIANT=true
[2020-06-17 18:55:21,924 INFO  L122   nArgumentSynthesizer]: Termination Analysis Settings:
Termination analysis: LINEAR_WITH_GUESSES
Number of strict supporting invariants: 1
Number of non-strict supporting invariants: 0
Consider only non-deceasing supporting invariants: true
Simplify termination arguments: true
Simplify supporting invariants: trueOverapproximate stem: false
[2020-06-17 18:55:21,926 INFO  L339   nArgumentSynthesizer]: Template has degree 0.
[2020-06-17 18:55:21,926 INFO  L352   nArgumentSynthesizer]: There is no stem transition; disabling supporting invariant generation.
[2020-06-17 18:55:21,927 INFO  L205   nArgumentSynthesizer]: 1 stem disjuncts
[2020-06-17 18:55:21,927 INFO  L206   nArgumentSynthesizer]: 2 loop disjuncts
[2020-06-17 18:55:21,927 INFO  L207   nArgumentSynthesizer]: 2 template conjuncts.
[2020-06-17 18:55:21,931 INFO  L402   nArgumentSynthesizer]: We have 4 Motzkin's Theorem applications.
[2020-06-17 18:55:21,931 INFO  L403   nArgumentSynthesizer]: A total of 0 supporting invariants were added.
[2020-06-17 18:55:21,934 INFO  L530          LassoAnalysis]: Proving termination failed for this template and these settings.
[2020-06-17 18:55:21,955 INFO  L497          LassoAnalysis]: Using template '2-nested'.
No working directory specified, using /home/lixie/LassoRankerExp/LassoRankerExp/z3
Starting monitored process 5 with z3 -smt2 -in SMTLIB2_COMPLIANT=true (exit command is (exit), workingDir is null)
Waiting until toolchain timeout for monitored process 5 with z3 -smt2 -in SMTLIB2_COMPLIANT=true
[2020-06-17 18:55:21,958 INFO  L122   nArgumentSynthesizer]: Termination Analysis Settings:
Termination analysis: LINEAR_WITH_GUESSES
Number of strict supporting invariants: 1
Number of non-strict supporting invariants: 0
Consider only non-deceasing supporting invariants: true
Simplify termination arguments: true
Simplify supporting invariants: trueOverapproximate stem: false
[2020-06-17 18:55:21,959 INFO  L339   nArgumentSynthesizer]: Template has degree 0.
[2020-06-17 18:55:21,959 INFO  L352   nArgumentSynthesizer]: There is no stem transition; disabling supporting invariant generation.
[2020-06-17 18:55:21,959 INFO  L205   nArgumentSynthesizer]: 1 stem disjuncts
[2020-06-17 18:55:21,960 INFO  L206   nArgumentSynthesizer]: 2 loop disjuncts
[2020-06-17 18:55:21,960 INFO  L207   nArgumentSynthesizer]: 3 template conjuncts.
[2020-06-17 18:55:21,963 INFO  L402   nArgumentSynthesizer]: We have 6 Motzkin's Theorem applications.
[2020-06-17 18:55:21,963 INFO  L403   nArgumentSynthesizer]: A total of 0 supporting invariants were added.
[2020-06-17 18:55:21,966 INFO  L530          LassoAnalysis]: Proving termination failed for this template and these settings.
[2020-06-17 18:55:21,979 INFO  L497          LassoAnalysis]: Using template '3-nested'.
No working directory specified, using /home/lixie/LassoRankerExp/LassoRankerExp/z3
Starting monitored process 6 with z3 -smt2 -in SMTLIB2_COMPLIANT=true (exit command is (exit), workingDir is null)
Waiting until toolchain timeout for monitored process 6 with z3 -smt2 -in SMTLIB2_COMPLIANT=true
[2020-06-17 18:55:21,981 INFO  L122   nArgumentSynthesizer]: Termination Analysis Settings:
Termination analysis: LINEAR_WITH_GUESSES
Number of strict supporting invariants: 1
Number of non-strict supporting invariants: 0
Consider only non-deceasing supporting invariants: true
Simplify termination arguments: true
Simplify supporting invariants: trueOverapproximate stem: false
[2020-06-17 18:55:21,982 INFO  L339   nArgumentSynthesizer]: Template has degree 0.
[2020-06-17 18:55:21,982 INFO  L352   nArgumentSynthesizer]: There is no stem transition; disabling supporting invariant generation.
[2020-06-17 18:55:21,982 INFO  L205   nArgumentSynthesizer]: 1 stem disjuncts
[2020-06-17 18:55:21,983 INFO  L206   nArgumentSynthesizer]: 2 loop disjuncts
[2020-06-17 18:55:21,983 INFO  L207   nArgumentSynthesizer]: 4 template conjuncts.
[2020-06-17 18:55:21,986 INFO  L402   nArgumentSynthesizer]: We have 8 Motzkin's Theorem applications.
[2020-06-17 18:55:21,986 INFO  L403   nArgumentSynthesizer]: A total of 0 supporting invariants were added.
[2020-06-17 18:55:21,990 INFO  L530          LassoAnalysis]: Proving termination failed for this template and these settings.
[2020-06-17 18:55:22,004 INFO  L497          LassoAnalysis]: Using template '4-nested'.
No working directory specified, using /home/lixie/LassoRankerExp/LassoRankerExp/z3
Starting monitored process 7 with z3 -smt2 -in SMTLIB2_COMPLIANT=true (exit command is (exit), workingDir is null)
Waiting until toolchain timeout for monitored process 7 with z3 -smt2 -in SMTLIB2_COMPLIANT=true
[2020-06-17 18:55:22,006 INFO  L122   nArgumentSynthesizer]: Termination Analysis Settings:
Termination analysis: LINEAR_WITH_GUESSES
Number of strict supporting invariants: 1
Number of non-strict supporting invariants: 0
Consider only non-deceasing supporting invariants: true
Simplify termination arguments: true
Simplify supporting invariants: trueOverapproximate stem: false
[2020-06-17 18:55:22,007 INFO  L339   nArgumentSynthesizer]: Template has degree 0.
[2020-06-17 18:55:22,007 INFO  L352   nArgumentSynthesizer]: There is no stem transition; disabling supporting invariant generation.
[2020-06-17 18:55:22,007 INFO  L205   nArgumentSynthesizer]: 1 stem disjuncts
[2020-06-17 18:55:22,007 INFO  L206   nArgumentSynthesizer]: 2 loop disjuncts
[2020-06-17 18:55:22,007 INFO  L207   nArgumentSynthesizer]: 5 template conjuncts.
[2020-06-17 18:55:22,011 INFO  L402   nArgumentSynthesizer]: We have 10 Motzkin's Theorem applications.
[2020-06-17 18:55:22,011 INFO  L403   nArgumentSynthesizer]: A total of 0 supporting invariants were added.
[2020-06-17 18:55:22,015 INFO  L530          LassoAnalysis]: Proving termination failed for this template and these settings.
[2020-06-17 18:55:22,029 INFO  L497          LassoAnalysis]: Using template '2-phase'.
No working directory specified, using /home/lixie/LassoRankerExp/LassoRankerExp/z3
Starting monitored process 8 with z3 -smt2 -in SMTLIB2_COMPLIANT=true (exit command is (exit), workingDir is null)
Waiting until toolchain timeout for monitored process 8 with z3 -smt2 -in SMTLIB2_COMPLIANT=true
[2020-06-17 18:55:22,030 INFO  L122   nArgumentSynthesizer]: Termination Analysis Settings:
Termination analysis: LINEAR_WITH_GUESSES
Number of strict supporting invariants: 1
Number of non-strict supporting invariants: 0
Consider only non-deceasing supporting invariants: true
Simplify termination arguments: true
Simplify supporting invariants: trueOverapproximate stem: false
[2020-06-17 18:55:22,032 WARN  L334   nArgumentSynthesizer]: Using a linear SMT query and a templates of degree > 0, hence this method is incomplete.
[2020-06-17 18:55:22,032 INFO  L339   nArgumentSynthesizer]: Template has degree 1.
[2020-06-17 18:55:22,032 INFO  L352   nArgumentSynthesizer]: There is no stem transition; disabling supporting invariant generation.
[2020-06-17 18:55:22,032 INFO  L205   nArgumentSynthesizer]: 1 stem disjuncts
[2020-06-17 18:55:22,032 INFO  L206   nArgumentSynthesizer]: 2 loop disjuncts
[2020-06-17 18:55:22,032 INFO  L207   nArgumentSynthesizer]: 3 template conjuncts.
[2020-06-17 18:55:22,036 INFO  L402   nArgumentSynthesizer]: We have 6 Motzkin's Theorem applications.
[2020-06-17 18:55:22,036 INFO  L403   nArgumentSynthesizer]: A total of 0 supporting invariants were added.
[2020-06-17 18:55:22,042 INFO  L530          LassoAnalysis]: Proving termination failed for this template and these settings.
[2020-06-17 18:55:22,055 INFO  L497          LassoAnalysis]: Using template 'lex(affine, affine)'.
No working directory specified, using /home/lixie/LassoRankerExp/LassoRankerExp/z3
Starting monitored process 9 with z3 -smt2 -in SMTLIB2_COMPLIANT=true (exit command is (exit), workingDir is null)
Waiting until toolchain timeout for monitored process 9 with z3 -smt2 -in SMTLIB2_COMPLIANT=true
[2020-06-17 18:55:22,057 INFO  L122   nArgumentSynthesizer]: Termination Analysis Settings:
Termination analysis: LINEAR_WITH_GUESSES
Number of strict supporting invariants: 1
Number of non-strict supporting invariants: 0
Consider only non-deceasing supporting invariants: true
Simplify termination arguments: true
Simplify supporting invariants: trueOverapproximate stem: false
[2020-06-17 18:55:22,059 WARN  L334   nArgumentSynthesizer]: Using a linear SMT query and a templates of degree > 0, hence this method is incomplete.
[2020-06-17 18:55:22,059 INFO  L339   nArgumentSynthesizer]: Template has degree 5.
[2020-06-17 18:55:22,059 INFO  L352   nArgumentSynthesizer]: There is no stem transition; disabling supporting invariant generation.
[2020-06-17 18:55:22,060 INFO  L205   nArgumentSynthesizer]: 1 stem disjuncts
[2020-06-17 18:55:22,060 INFO  L206   nArgumentSynthesizer]: 2 loop disjuncts
[2020-06-17 18:55:22,060 INFO  L207   nArgumentSynthesizer]: 4 template conjuncts.
[2020-06-17 18:55:22,063 INFO  L402   nArgumentSynthesizer]: We have 8 Motzkin's Theorem applications.
[2020-06-17 18:55:22,063 INFO  L403   nArgumentSynthesizer]: A total of 0 supporting invariants were added.
[2020-06-17 18:55:22,071 INFO  L530          LassoAnalysis]: Proving termination failed for this template and these settings.
[2020-06-17 18:55:22,085 INFO  L497          LassoAnalysis]: Using template '2-piece'.
No working directory specified, using /home/lixie/LassoRankerExp/LassoRankerExp/z3
Starting monitored process 10 with z3 -smt2 -in SMTLIB2_COMPLIANT=true (exit command is (exit), workingDir is null)
Waiting until toolchain timeout for monitored process 10 with z3 -smt2 -in SMTLIB2_COMPLIANT=true
[2020-06-17 18:55:22,087 INFO  L122   nArgumentSynthesizer]: Termination Analysis Settings:
Termination analysis: LINEAR_WITH_GUESSES
Number of strict supporting invariants: 1
Number of non-strict supporting invariants: 0
Consider only non-deceasing supporting invariants: true
Simplify termination arguments: true
Simplify supporting invariants: trueOverapproximate stem: false
[2020-06-17 18:55:22,088 WARN  L334   nArgumentSynthesizer]: Using a linear SMT query and a templates of degree > 0, hence this method is incomplete.
[2020-06-17 18:55:22,088 INFO  L339   nArgumentSynthesizer]: Template has degree 7.
[2020-06-17 18:55:22,089 INFO  L352   nArgumentSynthesizer]: There is no stem transition; disabling supporting invariant generation.
[2020-06-17 18:55:22,089 INFO  L205   nArgumentSynthesizer]: 1 stem disjuncts
[2020-06-17 18:55:22,089 INFO  L206   nArgumentSynthesizer]: 2 loop disjuncts
[2020-06-17 18:55:22,089 INFO  L207   nArgumentSynthesizer]: 7 template conjuncts.
[2020-06-17 18:55:22,099 INFO  L402   nArgumentSynthesizer]: We have 14 Motzkin's Theorem applications.
[2020-06-17 18:55:22,099 INFO  L403   nArgumentSynthesizer]: A total of 0 supporting invariants were added.
[2020-06-17 18:55:22,145 INFO  L530          LassoAnalysis]: Proving termination failed for this template and these settings.
[2020-06-17 18:55:22,157 INFO  L497          LassoAnalysis]: Using template '2-parallel'.
No working directory specified, using /home/lixie/LassoRankerExp/LassoRankerExp/z3
Starting monitored process 11 with z3 -smt2 -in SMTLIB2_COMPLIANT=true (exit command is (exit), workingDir is null)
Waiting until toolchain timeout for monitored process 11 with z3 -smt2 -in SMTLIB2_COMPLIANT=true
[2020-06-17 18:55:22,167 INFO  L122   nArgumentSynthesizer]: Termination Analysis Settings:
Termination analysis: LINEAR_WITH_GUESSES
Number of strict supporting invariants: 1
Number of non-strict supporting invariants: 0
Consider only non-deceasing supporting invariants: true
Simplify termination arguments: true
Simplify supporting invariants: trueOverapproximate stem: false
[2020-06-17 18:55:22,168 WARN  L334   nArgumentSynthesizer]: Using a linear SMT query and a templates of degree > 0, hence this method is incomplete.
[2020-06-17 18:55:22,168 INFO  L339   nArgumentSynthesizer]: Template has degree 4.
[2020-06-17 18:55:22,168 INFO  L352   nArgumentSynthesizer]: There is no stem transition; disabling supporting invariant generation.
[2020-06-17 18:55:22,168 INFO  L205   nArgumentSynthesizer]: 1 stem disjuncts
[2020-06-17 18:55:22,169 INFO  L206   nArgumentSynthesizer]: 2 loop disjuncts
[2020-06-17 18:55:22,169 INFO  L207   nArgumentSynthesizer]: 6 template conjuncts.
[2020-06-17 18:55:22,173 INFO  L402   nArgumentSynthesizer]: We have 12 Motzkin's Theorem applications.
[2020-06-17 18:55:22,173 INFO  L403   nArgumentSynthesizer]: A total of 0 supporting invariants were added.
[2020-06-17 18:55:22,184 INFO  L530          LassoAnalysis]: Proving termination failed for this template and these settings.
[2020-06-17 18:55:22,197 INFO  L489     LassoRankerStarter]: LassoRanker could not prove termination or nontermination of the given linear lasso program.
Templates: AffineTemplate NestedTemplate NestedTemplate NestedTemplate MultiphaseTemplate ComposedLexicographicTemplate PiecewiseTemplate ParallelTemplate
[2020-06-17 18:55:22,198 INFO  L132        PluginConnector]: ------------------------ END LassoRanker----------------------------
[2020-06-17 18:55:22,198 INFO  L168              Benchmark]: Toolchain (without parser) took 794.71 ms. Allocated memory was 514.9 MB in the beginning and 534.8 MB in the end (delta: 19.9 MB). Free memory was 472.9 MB in the beginning and 497.1 MB in the end (delta: -24.2 MB). Peak memory consumption was 120.7 MB. Max. memory is 11.5 GB.
[2020-06-17 18:55:22,199 INFO  L168              Benchmark]: Boogie PL CUP Parser took 0.13 ms. Allocated memory is still 514.9 MB. Free memory is still 474.4 MB. There was no memory consumed. Max. memory is 11.5 GB.
[2020-06-17 18:55:22,200 INFO  L168              Benchmark]: Boogie Preprocessor took 23.18 ms. Allocated memory is still 514.9 MB. Free memory was 471.5 MB in the beginning and 470.2 MB in the end (delta: 1.3 MB). Peak memory consumption was 1.3 MB. Max. memory is 11.5 GB.
[2020-06-17 18:55:22,200 INFO  L168              Benchmark]: RCFGBuilder took 107.22 ms. Allocated memory is still 514.9 MB. Free memory was 470.2 MB in the beginning and 459.3 MB in the end (delta: 10.8 MB). Peak memory consumption was 10.8 MB. Max. memory is 11.5 GB.
[2020-06-17 18:55:22,201 INFO  L168              Benchmark]: LassoRanker took 656.88 ms. Allocated memory was 514.9 MB in the beginning and 534.8 MB in the end (delta: 19.9 MB). Free memory was 459.3 MB in the beginning and 497.1 MB in the end (delta: -37.8 MB). Peak memory consumption was 107.1 MB. Max. memory is 11.5 GB.
[2020-06-17 18:55:22,203 INFO  L336   ainManager$Toolchain]: #######################  End [Toolchain 1] #######################
 --- Results ---
 * Results from de.uni_freiburg.informatik.ultimate.core:
  - StatisticsResult: Toolchain Benchmarks
    Benchmark results are:
 * Boogie PL CUP Parser took 0.13 ms. Allocated memory is still 514.9 MB. Free memory is still 474.4 MB. There was no memory consumed. Max. memory is 11.5 GB.
 * Boogie Preprocessor took 23.18 ms. Allocated memory is still 514.9 MB. Free memory was 471.5 MB in the beginning and 470.2 MB in the end (delta: 1.3 MB). Peak memory consumption was 1.3 MB. Max. memory is 11.5 GB.
 * RCFGBuilder took 107.22 ms. Allocated memory is still 514.9 MB. Free memory was 470.2 MB in the beginning and 459.3 MB in the end (delta: 10.8 MB). Peak memory consumption was 10.8 MB. Max. memory is 11.5 GB.
 * LassoRanker took 656.88 ms. Allocated memory was 514.9 MB in the beginning and 534.8 MB in the end (delta: 19.9 MB). Free memory was 459.3 MB in the beginning and 497.1 MB in the end (delta: -37.8 MB). Peak memory consumption was 107.1 MB. Max. memory is 11.5 GB.
 * Results from de.uni_freiburg.informatik.ultimate.plugins.analysis.lassoranker:
  - NoResult [Line: 1]: LassoRanker could not prove termination
    LassoRanker could not prove termination or nontermination of the given linear lasso program.
Templates: AffineTemplate NestedTemplate NestedTemplate NestedTemplate MultiphaseTemplate ComposedLexicographicTemplate PiecewiseTemplate ParallelTemplate
RESULT: Ultimate could not prove your program: Toolchain returned no result.
Received shutdown request...
Ultimate:
GTK+ Version Check
