This is Ultimate 0.1.24-16d85fa
[2020-06-17 18:55:25,608 INFO  L170        SettingsManager]: Resetting all preferences to default values...
[2020-06-17 18:55:25,609 INFO  L174        SettingsManager]: Resetting UltimateCore preferences to default values
[2020-06-17 18:55:25,619 INFO  L177        SettingsManager]: Ultimate Commandline Interface provides no preferences, ignoring...
[2020-06-17 18:55:25,620 INFO  L174        SettingsManager]: Resetting Boogie Preprocessor preferences to default values
[2020-06-17 18:55:25,620 INFO  L174        SettingsManager]: Resetting Boogie Procedure Inliner preferences to default values
[2020-06-17 18:55:25,622 INFO  L174        SettingsManager]: Resetting Abstract Interpretation preferences to default values
[2020-06-17 18:55:25,623 INFO  L174        SettingsManager]: Resetting LassoRanker preferences to default values
[2020-06-17 18:55:25,624 INFO  L174        SettingsManager]: Resetting Reaching Definitions preferences to default values
[2020-06-17 18:55:25,625 INFO  L174        SettingsManager]: Resetting SyntaxChecker preferences to default values
[2020-06-17 18:55:25,625 INFO  L177        SettingsManager]: Büchi Program Product provides no preferences, ignoring...
[2020-06-17 18:55:25,626 INFO  L174        SettingsManager]: Resetting LTL2Aut preferences to default values
[2020-06-17 18:55:25,626 INFO  L174        SettingsManager]: Resetting PEA to Boogie preferences to default values
[2020-06-17 18:55:25,627 INFO  L174        SettingsManager]: Resetting BlockEncodingV2 preferences to default values
[2020-06-17 18:55:25,627 INFO  L174        SettingsManager]: Resetting ChcToBoogie preferences to default values
[2020-06-17 18:55:25,628 INFO  L174        SettingsManager]: Resetting AutomataScriptInterpreter preferences to default values
[2020-06-17 18:55:25,628 INFO  L174        SettingsManager]: Resetting BuchiAutomizer preferences to default values
[2020-06-17 18:55:25,629 INFO  L174        SettingsManager]: Resetting CACSL2BoogieTranslator preferences to default values
[2020-06-17 18:55:25,631 INFO  L174        SettingsManager]: Resetting CodeCheck preferences to default values
[2020-06-17 18:55:25,631 INFO  L174        SettingsManager]: Resetting InvariantSynthesis preferences to default values
[2020-06-17 18:55:25,632 INFO  L174        SettingsManager]: Resetting RCFGBuilder preferences to default values
[2020-06-17 18:55:25,633 INFO  L174        SettingsManager]: Resetting TraceAbstraction preferences to default values
[2020-06-17 18:55:25,634 INFO  L177        SettingsManager]: TraceAbstractionConcurrent provides no preferences, ignoring...
[2020-06-17 18:55:25,634 INFO  L177        SettingsManager]: TraceAbstractionWithAFAs provides no preferences, ignoring...
[2020-06-17 18:55:25,635 INFO  L174        SettingsManager]: Resetting TreeAutomizer preferences to default values
[2020-06-17 18:55:25,635 INFO  L174        SettingsManager]: Resetting IcfgTransformer preferences to default values
[2020-06-17 18:55:25,636 INFO  L174        SettingsManager]: Resetting Boogie Printer preferences to default values
[2020-06-17 18:55:25,636 INFO  L174        SettingsManager]: Resetting ReqPrinter preferences to default values
[2020-06-17 18:55:25,636 INFO  L174        SettingsManager]: Resetting Witness Printer preferences to default values
[2020-06-17 18:55:25,637 INFO  L177        SettingsManager]: Boogie PL CUP Parser provides no preferences, ignoring...
[2020-06-17 18:55:25,637 INFO  L174        SettingsManager]: Resetting CDTParser preferences to default values
[2020-06-17 18:55:25,637 INFO  L177        SettingsManager]: AutomataScriptParser provides no preferences, ignoring...
[2020-06-17 18:55:25,638 INFO  L177        SettingsManager]: ReqParser provides no preferences, ignoring...
[2020-06-17 18:55:25,638 INFO  L174        SettingsManager]: Resetting SmtParser preferences to default values
[2020-06-17 18:55:25,638 INFO  L174        SettingsManager]: Resetting Witness Parser preferences to default values
[2020-06-17 18:55:25,639 INFO  L181        SettingsManager]: Finished resetting all preferences to default values...
[2020-06-17 18:55:25,654 INFO  L81    nceAwareModelManager]: Repository-Root is: /tmp
[2020-06-17 18:55:25,664 INFO  L258   ainManager$Toolchain]: [Toolchain 1]: Applicable parser(s) successfully (re)initialized
[2020-06-17 18:55:25,667 INFO  L214   ainManager$Toolchain]: [Toolchain 1]: Toolchain selected.
[2020-06-17 18:55:25,668 INFO  L271        PluginConnector]: Initializing Boogie PL CUP Parser...
[2020-06-17 18:55:25,669 INFO  L276        PluginConnector]: Boogie PL CUP Parser initialized
[2020-06-17 18:55:25,669 INFO  L418   ainManager$Toolchain]: [Toolchain 1]: Parsing single file: /home/lixie/LassoRankerExp/LassoRankerExp/./C_Boogie/NonTermination1.bpl
[2020-06-17 18:55:25,670 INFO  L111           BoogieParser]: Parsing: '/home/lixie/LassoRankerExp/LassoRankerExp/./C_Boogie/NonTermination1.bpl'
[2020-06-17 18:55:25,688 INFO  L296   ainManager$Toolchain]: ####################### [Toolchain 1] #######################
[2020-06-17 18:55:25,696 INFO  L131        ToolchainWalker]: Walking toolchain with 3 elements.
[2020-06-17 18:55:25,696 INFO  L113        PluginConnector]: ------------------------Boogie Preprocessor----------------------------
[2020-06-17 18:55:25,696 INFO  L271        PluginConnector]: Initializing Boogie Preprocessor...
[2020-06-17 18:55:25,697 INFO  L276        PluginConnector]: Boogie Preprocessor initialized
[2020-06-17 18:55:25,716 INFO  L185        PluginConnector]: Executing the observer EnsureBoogieModelObserver from plugin Boogie Preprocessor for "NonTermination1.bpl de.uni_freiburg.informatik.ultimate.boogie.parser AST 17.06 06:55:25" (1/1) ...
[2020-06-17 18:55:25,717 INFO  L185        PluginConnector]: Executing the observer TypeChecker from plugin Boogie Preprocessor for "NonTermination1.bpl de.uni_freiburg.informatik.ultimate.boogie.parser AST 17.06 06:55:25" (1/1) ...
[2020-06-17 18:55:25,721 INFO  L185        PluginConnector]: Executing the observer ConstExpander from plugin Boogie Preprocessor for "NonTermination1.bpl de.uni_freiburg.informatik.ultimate.boogie.parser AST 17.06 06:55:25" (1/1) ...
[2020-06-17 18:55:25,721 INFO  L185        PluginConnector]: Executing the observer StructExpander from plugin Boogie Preprocessor for "NonTermination1.bpl de.uni_freiburg.informatik.ultimate.boogie.parser AST 17.06 06:55:25" (1/1) ...
[2020-06-17 18:55:25,722 INFO  L185        PluginConnector]: Executing the observer UnstructureCode from plugin Boogie Preprocessor for "NonTermination1.bpl de.uni_freiburg.informatik.ultimate.boogie.parser AST 17.06 06:55:25" (1/1) ...
[2020-06-17 18:55:25,725 INFO  L185        PluginConnector]: Executing the observer FunctionInliner from plugin Boogie Preprocessor for "NonTermination1.bpl de.uni_freiburg.informatik.ultimate.boogie.parser AST 17.06 06:55:25" (1/1) ...
[2020-06-17 18:55:25,725 INFO  L185        PluginConnector]: Executing the observer BoogieSymbolTableConstructor from plugin Boogie Preprocessor for "NonTermination1.bpl de.uni_freiburg.informatik.ultimate.boogie.parser AST 17.06 06:55:25" (1/1) ...
[2020-06-17 18:55:25,725 INFO  L132        PluginConnector]: ------------------------ END Boogie Preprocessor----------------------------
[2020-06-17 18:55:25,726 INFO  L113        PluginConnector]: ------------------------RCFGBuilder----------------------------
[2020-06-17 18:55:25,726 INFO  L271        PluginConnector]: Initializing RCFGBuilder...
[2020-06-17 18:55:25,726 INFO  L276        PluginConnector]: RCFGBuilder initialized
[2020-06-17 18:55:25,727 INFO  L185        PluginConnector]: Executing the observer RCFGBuilderObserver from plugin RCFGBuilder for "NonTermination1.bpl de.uni_freiburg.informatik.ultimate.boogie.parser AST 17.06 06:55:25" (1/1) ...
No working directory specified, using /home/lixie/LassoRankerExp/LassoRankerExp/z3
Starting monitored process 1 with z3 SMTLIB2_COMPLIANT=true -memory:1024 -smt2 -in -t:12000 (exit command is (exit), workingDir is null)
Waiting until toolchain timeout for monitored process 1 with z3 SMTLIB2_COMPLIANT=true -memory:1024 -smt2 -in -t:12000
[2020-06-17 18:55:25,761 INFO  L124     BoogieDeclarations]: Specification and implementation of procedure main given in one single declaration
[2020-06-17 18:55:25,762 INFO  L130     BoogieDeclarations]: Found specification of procedure main
[2020-06-17 18:55:25,762 INFO  L138     BoogieDeclarations]: Found implementation of procedure main
[2020-06-17 18:55:25,826 INFO  L278             CfgBuilder]: Using library mode
[2020-06-17 18:55:25,826 INFO  L286             CfgBuilder]: Removed 0 assue(true) statements.
[2020-06-17 18:55:25,827 INFO  L202        PluginConnector]: Adding new model NonTermination1.bpl de.uni_freiburg.informatik.ultimate.plugins.generator.rcfgbuilder CFG 17.06 06:55:25 BoogieIcfgContainer
[2020-06-17 18:55:25,827 INFO  L132        PluginConnector]: ------------------------ END RCFGBuilder----------------------------
[2020-06-17 18:55:25,828 INFO  L113        PluginConnector]: ------------------------LassoRanker----------------------------
[2020-06-17 18:55:25,828 INFO  L271        PluginConnector]: Initializing LassoRanker...
[2020-06-17 18:55:25,828 INFO  L276        PluginConnector]: LassoRanker initialized
[2020-06-17 18:55:25,828 INFO  L185        PluginConnector]: Executing the observer LassoRankerObserver from plugin LassoRanker for "NonTermination1.bpl de.uni_freiburg.informatik.ultimate.plugins.generator.rcfgbuilder CFG 17.06 06:55:25" (1/1) ...
[2020-06-17 18:55:25,846 INFO  L72            BuchiIsEmpty]: Start buchiIsEmpty. Operand 2 states.
[2020-06-17 18:55:25,859 INFO  L131   ngComponentsAnalysis]: Automaton has 1 accepting balls. 1
[2020-06-17 18:55:25,859 INFO  L87            BuchiIsEmpty]: Finished buchiIsEmpty Result is false
[2020-06-17 18:55:25,859 INFO  L119           BuchiIsEmpty]: Starting construction of run
[2020-06-17 18:55:25,863 INFO  L104     BuchiDifferenceFKV]: Start buchiDifferenceFKV. First operand 2 states. Second operand 1 states.
[2020-06-17 18:55:25,871 INFO  L108     BuchiDifferenceFKV]: Finished buchiDifferenceFKV. First operand 2 states. Second operand 1 states. Result 3 states and 4 transitions. Complement of second has 2 states 2 powerset states0 rank states. The highest rank that occured is -1
[2020-06-17 18:55:25,871 INFO  L72            BuchiIsEmpty]: Start buchiIsEmpty. Operand 3 states and 4 transitions.
[2020-06-17 18:55:25,871 INFO  L131   ngComponentsAnalysis]: Automaton has 0 accepting balls. 0
[2020-06-17 18:55:25,871 INFO  L87            BuchiIsEmpty]: Finished buchiIsEmpty Result is true
[2020-06-17 18:55:25,894 INFO  L216          LassoAnalysis]: Preferences:
[2020-06-17 18:55:25,894 INFO  L124   ssoRankerPreferences]: Compute integeral hull: false
[2020-06-17 18:55:25,895 INFO  L125   ssoRankerPreferences]: Enable LassoPartitioneer: true
[2020-06-17 18:55:25,895 INFO  L126   ssoRankerPreferences]: Term annotations enabled: false
[2020-06-17 18:55:25,895 INFO  L127   ssoRankerPreferences]: Use exernal solver: true
[2020-06-17 18:55:25,895 INFO  L128   ssoRankerPreferences]: SMT solver command: z3 -smt2 -in SMTLIB2_COMPLIANT=true
[2020-06-17 18:55:25,895 INFO  L129   ssoRankerPreferences]: Dump SMT script to file: false
[2020-06-17 18:55:25,895 INFO  L130   ssoRankerPreferences]: Path of dumped script: .
[2020-06-17 18:55:25,895 INFO  L131   ssoRankerPreferences]: Filename of dumped script: LassoRankerScript
[2020-06-17 18:55:25,895 INFO  L132   ssoRankerPreferences]: MapElimAlgo: Frank
[2020-06-17 18:55:25,895 INFO  L282          LassoAnalysis]: Starting lasso preprocessing...
[2020-06-17 18:55:25,907 INFO  L141          MapEliminator]: Using MapEliminator with SimplificationTechnique=SIMPLIFY_DDA XnfConversionTechnique=BOTTOM_UP_WITH_LOCAL_SIMPLIFICATION AddInequalities=false OnlyTrivialImplicationsArrayWrite=false OnlyTrivialImplicationsForModifiedArguments=true OnlyArgumentsInFormula=true
[2020-06-17 18:55:25,944 INFO  L300          LassoAnalysis]: Preprocessing complete.
[2020-06-17 18:55:25,945 INFO  L412          LassoAnalysis]: Checking for nontermination...
No working directory specified, using /home/lixie/LassoRankerExp/LassoRankerExp/z3
Starting monitored process 2 with z3 -smt2 -in SMTLIB2_COMPLIANT=true (exit command is (exit), workingDir is null)
Waiting until toolchain timeout for monitored process 2 with z3 -smt2 -in SMTLIB2_COMPLIANT=true
[2020-06-17 18:55:25,949 INFO  L151   nArgumentSynthesizer]: Nontermination analysis: LINEAR_WITH_GUESSES Allow bounded executions: true Number of generalized eigenvectors: 0 Nilpotent components: true
[2020-06-17 18:55:25,949 INFO  L163   nArgumentSynthesizer]: Using integer mode.
No working directory specified, using /home/lixie/LassoRankerExp/LassoRankerExp/z3
Starting monitored process 3 with z3 -smt2 -in SMTLIB2_COMPLIANT=true (exit command is (exit), workingDir is null)
Waiting until toolchain timeout for monitored process 3 with z3 -smt2 -in SMTLIB2_COMPLIANT=true
[2020-06-17 18:55:25,967 INFO  L151   nArgumentSynthesizer]: Nontermination analysis: LINEAR_WITH_GUESSES Allow bounded executions: true Number of generalized eigenvectors: 3 Nilpotent components: true
[2020-06-17 18:55:25,967 INFO  L163   nArgumentSynthesizer]: Using integer mode.
[2020-06-17 18:55:25,987 INFO  L452          LassoAnalysis]: Proving nontermination failed: No geometric nontermination argument exists.
[2020-06-17 18:55:25,988 INFO  L216          LassoAnalysis]: Preferences:
[2020-06-17 18:55:25,988 INFO  L124   ssoRankerPreferences]: Compute integeral hull: false
[2020-06-17 18:55:25,988 INFO  L125   ssoRankerPreferences]: Enable LassoPartitioneer: true
[2020-06-17 18:55:25,988 INFO  L126   ssoRankerPreferences]: Term annotations enabled: false
[2020-06-17 18:55:25,988 INFO  L127   ssoRankerPreferences]: Use exernal solver: true
[2020-06-17 18:55:25,989 INFO  L128   ssoRankerPreferences]: SMT solver command: z3 -smt2 -in SMTLIB2_COMPLIANT=true
[2020-06-17 18:55:25,989 INFO  L129   ssoRankerPreferences]: Dump SMT script to file: false
[2020-06-17 18:55:25,989 INFO  L130   ssoRankerPreferences]: Path of dumped script: .
[2020-06-17 18:55:25,989 INFO  L131   ssoRankerPreferences]: Filename of dumped script: LassoRankerScript
[2020-06-17 18:55:25,989 INFO  L132   ssoRankerPreferences]: MapElimAlgo: Frank
[2020-06-17 18:55:25,989 INFO  L282          LassoAnalysis]: Starting lasso preprocessing...
[2020-06-17 18:55:25,990 INFO  L141          MapEliminator]: Using MapEliminator with SimplificationTechnique=SIMPLIFY_DDA XnfConversionTechnique=BOTTOM_UP_WITH_LOCAL_SIMPLIFICATION AddInequalities=false OnlyTrivialImplicationsArrayWrite=false OnlyTrivialImplicationsForModifiedArguments=true OnlyArgumentsInFormula=true
[2020-06-17 18:55:26,010 INFO  L300          LassoAnalysis]: Preprocessing complete.
[2020-06-17 18:55:26,013 INFO  L497          LassoAnalysis]: Using template 'affine'.
No working directory specified, using /home/lixie/LassoRankerExp/LassoRankerExp/z3
Starting monitored process 4 with z3 -smt2 -in SMTLIB2_COMPLIANT=true (exit command is (exit), workingDir is null)
Waiting until toolchain timeout for monitored process 4 with z3 -smt2 -in SMTLIB2_COMPLIANT=true
[2020-06-17 18:55:26,016 INFO  L122   nArgumentSynthesizer]: Termination Analysis Settings:
Termination analysis: LINEAR_WITH_GUESSES
Number of strict supporting invariants: 1
Number of non-strict supporting invariants: 0
Consider only non-deceasing supporting invariants: true
Simplify termination arguments: true
Simplify supporting invariants: trueOverapproximate stem: false
[2020-06-17 18:55:26,017 INFO  L339   nArgumentSynthesizer]: Template has degree 0.
[2020-06-17 18:55:26,017 INFO  L352   nArgumentSynthesizer]: There is no stem transition; disabling supporting invariant generation.
[2020-06-17 18:55:26,018 INFO  L205   nArgumentSynthesizer]: 1 stem disjuncts
[2020-06-17 18:55:26,018 INFO  L206   nArgumentSynthesizer]: 1 loop disjuncts
[2020-06-17 18:55:26,018 INFO  L207   nArgumentSynthesizer]: 2 template conjuncts.
[2020-06-17 18:55:26,020 INFO  L402   nArgumentSynthesizer]: We have 2 Motzkin's Theorem applications.
[2020-06-17 18:55:26,020 INFO  L403   nArgumentSynthesizer]: A total of 0 supporting invariants were added.
[2020-06-17 18:55:26,022 INFO  L530          LassoAnalysis]: Proving termination failed for this template and these settings.
[2020-06-17 18:55:26,034 INFO  L497          LassoAnalysis]: Using template '2-nested'.
No working directory specified, using /home/lixie/LassoRankerExp/LassoRankerExp/z3
Starting monitored process 5 with z3 -smt2 -in SMTLIB2_COMPLIANT=true (exit command is (exit), workingDir is null)
Waiting until toolchain timeout for monitored process 5 with z3 -smt2 -in SMTLIB2_COMPLIANT=true
[2020-06-17 18:55:26,037 INFO  L122   nArgumentSynthesizer]: Termination Analysis Settings:
Termination analysis: LINEAR_WITH_GUESSES
Number of strict supporting invariants: 1
Number of non-strict supporting invariants: 0
Consider only non-deceasing supporting invariants: true
Simplify termination arguments: true
Simplify supporting invariants: trueOverapproximate stem: false
[2020-06-17 18:55:26,038 INFO  L339   nArgumentSynthesizer]: Template has degree 0.
[2020-06-17 18:55:26,038 INFO  L352   nArgumentSynthesizer]: There is no stem transition; disabling supporting invariant generation.
[2020-06-17 18:55:26,038 INFO  L205   nArgumentSynthesizer]: 1 stem disjuncts
[2020-06-17 18:55:26,038 INFO  L206   nArgumentSynthesizer]: 1 loop disjuncts
[2020-06-17 18:55:26,038 INFO  L207   nArgumentSynthesizer]: 3 template conjuncts.
[2020-06-17 18:55:26,040 INFO  L402   nArgumentSynthesizer]: We have 3 Motzkin's Theorem applications.
[2020-06-17 18:55:26,040 INFO  L403   nArgumentSynthesizer]: A total of 0 supporting invariants were added.
[2020-06-17 18:55:26,042 INFO  L530          LassoAnalysis]: Proving termination failed for this template and these settings.
[2020-06-17 18:55:26,054 INFO  L497          LassoAnalysis]: Using template '3-nested'.
No working directory specified, using /home/lixie/LassoRankerExp/LassoRankerExp/z3
Starting monitored process 6 with z3 -smt2 -in SMTLIB2_COMPLIANT=true (exit command is (exit), workingDir is null)
Waiting until toolchain timeout for monitored process 6 with z3 -smt2 -in SMTLIB2_COMPLIANT=true
[2020-06-17 18:55:26,056 INFO  L122   nArgumentSynthesizer]: Termination Analysis Settings:
Termination analysis: LINEAR_WITH_GUESSES
Number of strict supporting invariants: 1
Number of non-strict supporting invariants: 0
Consider only non-deceasing supporting invariants: true
Simplify termination arguments: true
Simplify supporting invariants: trueOverapproximate stem: false
[2020-06-17 18:55:26,058 INFO  L339   nArgumentSynthesizer]: Template has degree 0.
[2020-06-17 18:55:26,058 INFO  L352   nArgumentSynthesizer]: There is no stem transition; disabling supporting invariant generation.
[2020-06-17 18:55:26,058 INFO  L205   nArgumentSynthesizer]: 1 stem disjuncts
[2020-06-17 18:55:26,058 INFO  L206   nArgumentSynthesizer]: 1 loop disjuncts
[2020-06-17 18:55:26,058 INFO  L207   nArgumentSynthesizer]: 4 template conjuncts.
[2020-06-17 18:55:26,060 INFO  L402   nArgumentSynthesizer]: We have 4 Motzkin's Theorem applications.
[2020-06-17 18:55:26,060 INFO  L403   nArgumentSynthesizer]: A total of 0 supporting invariants were added.
[2020-06-17 18:55:26,062 INFO  L530          LassoAnalysis]: Proving termination failed for this template and these settings.
[2020-06-17 18:55:26,074 INFO  L497          LassoAnalysis]: Using template '4-nested'.
No working directory specified, using /home/lixie/LassoRankerExp/LassoRankerExp/z3
Starting monitored process 7 with z3 -smt2 -in SMTLIB2_COMPLIANT=true (exit command is (exit), workingDir is null)
Waiting until toolchain timeout for monitored process 7 with z3 -smt2 -in SMTLIB2_COMPLIANT=true
[2020-06-17 18:55:26,075 INFO  L122   nArgumentSynthesizer]: Termination Analysis Settings:
Termination analysis: LINEAR_WITH_GUESSES
Number of strict supporting invariants: 1
Number of non-strict supporting invariants: 0
Consider only non-deceasing supporting invariants: true
Simplify termination arguments: true
Simplify supporting invariants: trueOverapproximate stem: false
[2020-06-17 18:55:26,077 INFO  L339   nArgumentSynthesizer]: Template has degree 0.
[2020-06-17 18:55:26,077 INFO  L352   nArgumentSynthesizer]: There is no stem transition; disabling supporting invariant generation.
[2020-06-17 18:55:26,077 INFO  L205   nArgumentSynthesizer]: 1 stem disjuncts
[2020-06-17 18:55:26,077 INFO  L206   nArgumentSynthesizer]: 1 loop disjuncts
[2020-06-17 18:55:26,077 INFO  L207   nArgumentSynthesizer]: 5 template conjuncts.
[2020-06-17 18:55:26,080 INFO  L402   nArgumentSynthesizer]: We have 5 Motzkin's Theorem applications.
[2020-06-17 18:55:26,080 INFO  L403   nArgumentSynthesizer]: A total of 0 supporting invariants were added.
[2020-06-17 18:55:26,083 INFO  L530          LassoAnalysis]: Proving termination failed for this template and these settings.
[2020-06-17 18:55:26,098 INFO  L497          LassoAnalysis]: Using template '2-phase'.
No working directory specified, using /home/lixie/LassoRankerExp/LassoRankerExp/z3
Starting monitored process 8 with z3 -smt2 -in SMTLIB2_COMPLIANT=true (exit command is (exit), workingDir is null)
Waiting until toolchain timeout for monitored process 8 with z3 -smt2 -in SMTLIB2_COMPLIANT=true
[2020-06-17 18:55:26,100 INFO  L122   nArgumentSynthesizer]: Termination Analysis Settings:
Termination analysis: LINEAR_WITH_GUESSES
Number of strict supporting invariants: 1
Number of non-strict supporting invariants: 0
Consider only non-deceasing supporting invariants: true
Simplify termination arguments: true
Simplify supporting invariants: trueOverapproximate stem: false
[2020-06-17 18:55:26,101 WARN  L334   nArgumentSynthesizer]: Using a linear SMT query and a templates of degree > 0, hence this method is incomplete.
[2020-06-17 18:55:26,101 INFO  L339   nArgumentSynthesizer]: Template has degree 1.
[2020-06-17 18:55:26,101 INFO  L352   nArgumentSynthesizer]: There is no stem transition; disabling supporting invariant generation.
[2020-06-17 18:55:26,102 INFO  L205   nArgumentSynthesizer]: 1 stem disjuncts
[2020-06-17 18:55:26,102 INFO  L206   nArgumentSynthesizer]: 1 loop disjuncts
[2020-06-17 18:55:26,102 INFO  L207   nArgumentSynthesizer]: 3 template conjuncts.
[2020-06-17 18:55:26,105 INFO  L402   nArgumentSynthesizer]: We have 3 Motzkin's Theorem applications.
[2020-06-17 18:55:26,105 INFO  L403   nArgumentSynthesizer]: A total of 0 supporting invariants were added.
[2020-06-17 18:55:26,111 INFO  L530          LassoAnalysis]: Proving termination failed for this template and these settings.
[2020-06-17 18:55:26,123 INFO  L497          LassoAnalysis]: Using template 'lex(affine, affine)'.
No working directory specified, using /home/lixie/LassoRankerExp/LassoRankerExp/z3
Starting monitored process 9 with z3 -smt2 -in SMTLIB2_COMPLIANT=true (exit command is (exit), workingDir is null)
Waiting until toolchain timeout for monitored process 9 with z3 -smt2 -in SMTLIB2_COMPLIANT=true
[2020-06-17 18:55:26,125 INFO  L122   nArgumentSynthesizer]: Termination Analysis Settings:
Termination analysis: LINEAR_WITH_GUESSES
Number of strict supporting invariants: 1
Number of non-strict supporting invariants: 0
Consider only non-deceasing supporting invariants: true
Simplify termination arguments: true
Simplify supporting invariants: trueOverapproximate stem: false
[2020-06-17 18:55:26,127 WARN  L334   nArgumentSynthesizer]: Using a linear SMT query and a templates of degree > 0, hence this method is incomplete.
[2020-06-17 18:55:26,127 INFO  L339   nArgumentSynthesizer]: Template has degree 5.
[2020-06-17 18:55:26,127 INFO  L352   nArgumentSynthesizer]: There is no stem transition; disabling supporting invariant generation.
[2020-06-17 18:55:26,128 INFO  L205   nArgumentSynthesizer]: 1 stem disjuncts
[2020-06-17 18:55:26,128 INFO  L206   nArgumentSynthesizer]: 1 loop disjuncts
[2020-06-17 18:55:26,128 INFO  L207   nArgumentSynthesizer]: 4 template conjuncts.
[2020-06-17 18:55:26,130 INFO  L402   nArgumentSynthesizer]: We have 4 Motzkin's Theorem applications.
[2020-06-17 18:55:26,130 INFO  L403   nArgumentSynthesizer]: A total of 0 supporting invariants were added.
[2020-06-17 18:55:26,136 INFO  L530          LassoAnalysis]: Proving termination failed for this template and these settings.
[2020-06-17 18:55:26,148 INFO  L497          LassoAnalysis]: Using template '2-piece'.
No working directory specified, using /home/lixie/LassoRankerExp/LassoRankerExp/z3
Starting monitored process 10 with z3 -smt2 -in SMTLIB2_COMPLIANT=true (exit command is (exit), workingDir is null)
Waiting until toolchain timeout for monitored process 10 with z3 -smt2 -in SMTLIB2_COMPLIANT=true
[2020-06-17 18:55:26,150 INFO  L122   nArgumentSynthesizer]: Termination Analysis Settings:
Termination analysis: LINEAR_WITH_GUESSES
Number of strict supporting invariants: 1
Number of non-strict supporting invariants: 0
Consider only non-deceasing supporting invariants: true
Simplify termination arguments: true
Simplify supporting invariants: trueOverapproximate stem: false
[2020-06-17 18:55:26,151 WARN  L334   nArgumentSynthesizer]: Using a linear SMT query and a templates of degree > 0, hence this method is incomplete.
[2020-06-17 18:55:26,151 INFO  L339   nArgumentSynthesizer]: Template has degree 7.
[2020-06-17 18:55:26,152 INFO  L352   nArgumentSynthesizer]: There is no stem transition; disabling supporting invariant generation.
[2020-06-17 18:55:26,152 INFO  L205   nArgumentSynthesizer]: 1 stem disjuncts
[2020-06-17 18:55:26,152 INFO  L206   nArgumentSynthesizer]: 1 loop disjuncts
[2020-06-17 18:55:26,152 INFO  L207   nArgumentSynthesizer]: 7 template conjuncts.
[2020-06-17 18:55:26,165 INFO  L402   nArgumentSynthesizer]: We have 7 Motzkin's Theorem applications.
[2020-06-17 18:55:26,166 INFO  L403   nArgumentSynthesizer]: A total of 0 supporting invariants were added.
[2020-06-17 18:55:26,221 INFO  L530          LassoAnalysis]: Proving termination failed for this template and these settings.
[2020-06-17 18:55:26,233 INFO  L497          LassoAnalysis]: Using template '2-parallel'.
No working directory specified, using /home/lixie/LassoRankerExp/LassoRankerExp/z3
Starting monitored process 11 with z3 -smt2 -in SMTLIB2_COMPLIANT=true (exit command is (exit), workingDir is null)
Waiting until toolchain timeout for monitored process 11 with z3 -smt2 -in SMTLIB2_COMPLIANT=true
[2020-06-17 18:55:26,235 INFO  L122   nArgumentSynthesizer]: Termination Analysis Settings:
Termination analysis: LINEAR_WITH_GUESSES
Number of strict supporting invariants: 1
Number of non-strict supporting invariants: 0
Consider only non-deceasing supporting invariants: true
Simplify termination arguments: true
Simplify supporting invariants: trueOverapproximate stem: false
[2020-06-17 18:55:26,237 WARN  L334   nArgumentSynthesizer]: Using a linear SMT query and a templates of degree > 0, hence this method is incomplete.
[2020-06-17 18:55:26,237 INFO  L339   nArgumentSynthesizer]: Template has degree 4.
[2020-06-17 18:55:26,237 INFO  L352   nArgumentSynthesizer]: There is no stem transition; disabling supporting invariant generation.
[2020-06-17 18:55:26,237 INFO  L205   nArgumentSynthesizer]: 1 stem disjuncts
[2020-06-17 18:55:26,237 INFO  L206   nArgumentSynthesizer]: 1 loop disjuncts
[2020-06-17 18:55:26,237 INFO  L207   nArgumentSynthesizer]: 6 template conjuncts.
[2020-06-17 18:55:26,240 INFO  L402   nArgumentSynthesizer]: We have 6 Motzkin's Theorem applications.
[2020-06-17 18:55:26,240 INFO  L403   nArgumentSynthesizer]: A total of 0 supporting invariants were added.
[2020-06-17 18:55:26,267 INFO  L530          LassoAnalysis]: Proving termination failed for this template and these settings.
[2020-06-17 18:55:26,280 INFO  L489     LassoRankerStarter]: LassoRanker could not prove termination or nontermination of the given linear lasso program.
Templates: AffineTemplate NestedTemplate NestedTemplate NestedTemplate MultiphaseTemplate ComposedLexicographicTemplate PiecewiseTemplate ParallelTemplate
[2020-06-17 18:55:26,280 INFO  L132        PluginConnector]: ------------------------ END LassoRanker----------------------------
[2020-06-17 18:55:26,281 INFO  L168              Benchmark]: Toolchain (without parser) took 592.30 ms. Allocated memory is still 514.9 MB. Free memory was 472.9 MB in the beginning and 399.2 MB in the end (delta: 73.7 MB). Peak memory consumption was 73.7 MB. Max. memory is 11.5 GB.
[2020-06-17 18:55:26,282 INFO  L168              Benchmark]: Boogie PL CUP Parser took 0.12 ms. Allocated memory is still 514.9 MB. Free memory is still 474.4 MB. There was no memory consumed. Max. memory is 11.5 GB.
[2020-06-17 18:55:26,282 INFO  L168              Benchmark]: Boogie Preprocessor took 29.34 ms. Allocated memory is still 514.9 MB. Free memory was 471.5 MB in the beginning and 470.2 MB in the end (delta: 1.3 MB). Peak memory consumption was 1.3 MB. Max. memory is 11.5 GB.
[2020-06-17 18:55:26,282 INFO  L168              Benchmark]: RCFGBuilder took 101.44 ms. Allocated memory is still 514.9 MB. Free memory was 470.2 MB in the beginning and 460.7 MB in the end (delta: 9.5 MB). Peak memory consumption was 9.5 MB. Max. memory is 11.5 GB.
[2020-06-17 18:55:26,283 INFO  L168              Benchmark]: LassoRanker took 452.53 ms. Allocated memory is still 514.9 MB. Free memory was 460.7 MB in the beginning and 399.2 MB in the end (delta: 61.5 MB). Peak memory consumption was 61.5 MB. Max. memory is 11.5 GB.
[2020-06-17 18:55:26,284 INFO  L336   ainManager$Toolchain]: #######################  End [Toolchain 1] #######################
 --- Results ---
 * Results from de.uni_freiburg.informatik.ultimate.core:
  - StatisticsResult: Toolchain Benchmarks
    Benchmark results are:
 * Boogie PL CUP Parser took 0.12 ms. Allocated memory is still 514.9 MB. Free memory is still 474.4 MB. There was no memory consumed. Max. memory is 11.5 GB.
 * Boogie Preprocessor took 29.34 ms. Allocated memory is still 514.9 MB. Free memory was 471.5 MB in the beginning and 470.2 MB in the end (delta: 1.3 MB). Peak memory consumption was 1.3 MB. Max. memory is 11.5 GB.
 * RCFGBuilder took 101.44 ms. Allocated memory is still 514.9 MB. Free memory was 470.2 MB in the beginning and 460.7 MB in the end (delta: 9.5 MB). Peak memory consumption was 9.5 MB. Max. memory is 11.5 GB.
 * LassoRanker took 452.53 ms. Allocated memory is still 514.9 MB. Free memory was 460.7 MB in the beginning and 399.2 MB in the end (delta: 61.5 MB). Peak memory consumption was 61.5 MB. Max. memory is 11.5 GB.
 * Results from de.uni_freiburg.informatik.ultimate.plugins.analysis.lassoranker:
  - NoResult [Line: 1]: LassoRanker could not prove termination
    LassoRanker could not prove termination or nontermination of the given linear lasso program.
Templates: AffineTemplate NestedTemplate NestedTemplate NestedTemplate MultiphaseTemplate ComposedLexicographicTemplate PiecewiseTemplate ParallelTemplate
RESULT: Ultimate could not prove your program: Toolchain returned no result.
Received shutdown request...
Ultimate:
GTK+ Version Check
