This is Ultimate 0.1.24-16d85fa
[2020-06-17 18:55:32,948 INFO  L170        SettingsManager]: Resetting all preferences to default values...
[2020-06-17 18:55:32,949 INFO  L174        SettingsManager]: Resetting UltimateCore preferences to default values
[2020-06-17 18:55:32,960 INFO  L177        SettingsManager]: Ultimate Commandline Interface provides no preferences, ignoring...
[2020-06-17 18:55:32,960 INFO  L174        SettingsManager]: Resetting Boogie Preprocessor preferences to default values
[2020-06-17 18:55:32,960 INFO  L174        SettingsManager]: Resetting Boogie Procedure Inliner preferences to default values
[2020-06-17 18:55:32,961 INFO  L174        SettingsManager]: Resetting Abstract Interpretation preferences to default values
[2020-06-17 18:55:32,963 INFO  L174        SettingsManager]: Resetting LassoRanker preferences to default values
[2020-06-17 18:55:32,964 INFO  L174        SettingsManager]: Resetting Reaching Definitions preferences to default values
[2020-06-17 18:55:32,965 INFO  L174        SettingsManager]: Resetting SyntaxChecker preferences to default values
[2020-06-17 18:55:32,966 INFO  L177        SettingsManager]: Büchi Program Product provides no preferences, ignoring...
[2020-06-17 18:55:32,966 INFO  L174        SettingsManager]: Resetting LTL2Aut preferences to default values
[2020-06-17 18:55:32,967 INFO  L174        SettingsManager]: Resetting PEA to Boogie preferences to default values
[2020-06-17 18:55:32,968 INFO  L174        SettingsManager]: Resetting BlockEncodingV2 preferences to default values
[2020-06-17 18:55:32,969 INFO  L174        SettingsManager]: Resetting ChcToBoogie preferences to default values
[2020-06-17 18:55:32,969 INFO  L174        SettingsManager]: Resetting AutomataScriptInterpreter preferences to default values
[2020-06-17 18:55:32,970 INFO  L174        SettingsManager]: Resetting BuchiAutomizer preferences to default values
[2020-06-17 18:55:32,971 INFO  L174        SettingsManager]: Resetting CACSL2BoogieTranslator preferences to default values
[2020-06-17 18:55:32,972 INFO  L174        SettingsManager]: Resetting CodeCheck preferences to default values
[2020-06-17 18:55:32,973 INFO  L174        SettingsManager]: Resetting InvariantSynthesis preferences to default values
[2020-06-17 18:55:32,974 INFO  L174        SettingsManager]: Resetting RCFGBuilder preferences to default values
[2020-06-17 18:55:32,975 INFO  L174        SettingsManager]: Resetting TraceAbstraction preferences to default values
[2020-06-17 18:55:32,977 INFO  L177        SettingsManager]: TraceAbstractionConcurrent provides no preferences, ignoring...
[2020-06-17 18:55:32,978 INFO  L177        SettingsManager]: TraceAbstractionWithAFAs provides no preferences, ignoring...
[2020-06-17 18:55:32,978 INFO  L174        SettingsManager]: Resetting TreeAutomizer preferences to default values
[2020-06-17 18:55:32,979 INFO  L174        SettingsManager]: Resetting IcfgTransformer preferences to default values
[2020-06-17 18:55:32,979 INFO  L174        SettingsManager]: Resetting Boogie Printer preferences to default values
[2020-06-17 18:55:32,980 INFO  L174        SettingsManager]: Resetting ReqPrinter preferences to default values
[2020-06-17 18:55:32,981 INFO  L174        SettingsManager]: Resetting Witness Printer preferences to default values
[2020-06-17 18:55:32,981 INFO  L177        SettingsManager]: Boogie PL CUP Parser provides no preferences, ignoring...
[2020-06-17 18:55:32,982 INFO  L174        SettingsManager]: Resetting CDTParser preferences to default values
[2020-06-17 18:55:32,982 INFO  L177        SettingsManager]: AutomataScriptParser provides no preferences, ignoring...
[2020-06-17 18:55:32,982 INFO  L177        SettingsManager]: ReqParser provides no preferences, ignoring...
[2020-06-17 18:55:32,982 INFO  L174        SettingsManager]: Resetting SmtParser preferences to default values
[2020-06-17 18:55:32,983 INFO  L174        SettingsManager]: Resetting Witness Parser preferences to default values
[2020-06-17 18:55:32,984 INFO  L181        SettingsManager]: Finished resetting all preferences to default values...
[2020-06-17 18:55:33,004 INFO  L81    nceAwareModelManager]: Repository-Root is: /tmp
[2020-06-17 18:55:33,013 INFO  L258   ainManager$Toolchain]: [Toolchain 1]: Applicable parser(s) successfully (re)initialized
[2020-06-17 18:55:33,015 INFO  L214   ainManager$Toolchain]: [Toolchain 1]: Toolchain selected.
[2020-06-17 18:55:33,016 INFO  L271        PluginConnector]: Initializing Boogie PL CUP Parser...
[2020-06-17 18:55:33,016 INFO  L276        PluginConnector]: Boogie PL CUP Parser initialized
[2020-06-17 18:55:33,017 INFO  L418   ainManager$Toolchain]: [Toolchain 1]: Parsing single file: /home/lixie/LassoRankerExp/LassoRankerExp/./C_Boogie/Parallel.bpl
[2020-06-17 18:55:33,017 INFO  L111           BoogieParser]: Parsing: '/home/lixie/LassoRankerExp/LassoRankerExp/./C_Boogie/Parallel.bpl'
[2020-06-17 18:55:33,037 INFO  L296   ainManager$Toolchain]: ####################### [Toolchain 1] #######################
[2020-06-17 18:55:33,045 INFO  L131        ToolchainWalker]: Walking toolchain with 3 elements.
[2020-06-17 18:55:33,045 INFO  L113        PluginConnector]: ------------------------Boogie Preprocessor----------------------------
[2020-06-17 18:55:33,045 INFO  L271        PluginConnector]: Initializing Boogie Preprocessor...
[2020-06-17 18:55:33,045 INFO  L276        PluginConnector]: Boogie Preprocessor initialized
[2020-06-17 18:55:33,059 INFO  L185        PluginConnector]: Executing the observer EnsureBoogieModelObserver from plugin Boogie Preprocessor for "Parallel.bpl de.uni_freiburg.informatik.ultimate.boogie.parser AST 17.06 06:55:33" (1/1) ...
[2020-06-17 18:55:33,060 INFO  L185        PluginConnector]: Executing the observer TypeChecker from plugin Boogie Preprocessor for "Parallel.bpl de.uni_freiburg.informatik.ultimate.boogie.parser AST 17.06 06:55:33" (1/1) ...
[2020-06-17 18:55:33,064 INFO  L185        PluginConnector]: Executing the observer ConstExpander from plugin Boogie Preprocessor for "Parallel.bpl de.uni_freiburg.informatik.ultimate.boogie.parser AST 17.06 06:55:33" (1/1) ...
[2020-06-17 18:55:33,065 INFO  L185        PluginConnector]: Executing the observer StructExpander from plugin Boogie Preprocessor for "Parallel.bpl de.uni_freiburg.informatik.ultimate.boogie.parser AST 17.06 06:55:33" (1/1) ...
[2020-06-17 18:55:33,066 INFO  L185        PluginConnector]: Executing the observer UnstructureCode from plugin Boogie Preprocessor for "Parallel.bpl de.uni_freiburg.informatik.ultimate.boogie.parser AST 17.06 06:55:33" (1/1) ...
[2020-06-17 18:55:33,069 INFO  L185        PluginConnector]: Executing the observer FunctionInliner from plugin Boogie Preprocessor for "Parallel.bpl de.uni_freiburg.informatik.ultimate.boogie.parser AST 17.06 06:55:33" (1/1) ...
[2020-06-17 18:55:33,070 INFO  L185        PluginConnector]: Executing the observer BoogieSymbolTableConstructor from plugin Boogie Preprocessor for "Parallel.bpl de.uni_freiburg.informatik.ultimate.boogie.parser AST 17.06 06:55:33" (1/1) ...
[2020-06-17 18:55:33,071 INFO  L132        PluginConnector]: ------------------------ END Boogie Preprocessor----------------------------
[2020-06-17 18:55:33,071 INFO  L113        PluginConnector]: ------------------------RCFGBuilder----------------------------
[2020-06-17 18:55:33,071 INFO  L271        PluginConnector]: Initializing RCFGBuilder...
[2020-06-17 18:55:33,072 INFO  L276        PluginConnector]: RCFGBuilder initialized
[2020-06-17 18:55:33,072 INFO  L185        PluginConnector]: Executing the observer RCFGBuilderObserver from plugin RCFGBuilder for "Parallel.bpl de.uni_freiburg.informatik.ultimate.boogie.parser AST 17.06 06:55:33" (1/1) ...
No working directory specified, using /home/lixie/LassoRankerExp/LassoRankerExp/z3
Starting monitored process 1 with z3 SMTLIB2_COMPLIANT=true -memory:1024 -smt2 -in -t:12000 (exit command is (exit), workingDir is null)
Waiting until toolchain timeout for monitored process 1 with z3 SMTLIB2_COMPLIANT=true -memory:1024 -smt2 -in -t:12000
[2020-06-17 18:55:33,109 INFO  L124     BoogieDeclarations]: Specification and implementation of procedure main given in one single declaration
[2020-06-17 18:55:33,109 INFO  L130     BoogieDeclarations]: Found specification of procedure main
[2020-06-17 18:55:33,109 INFO  L138     BoogieDeclarations]: Found implementation of procedure main
[2020-06-17 18:55:33,202 INFO  L278             CfgBuilder]: Using library mode
[2020-06-17 18:55:33,202 INFO  L286             CfgBuilder]: Removed 0 assue(true) statements.
[2020-06-17 18:55:33,203 INFO  L202        PluginConnector]: Adding new model Parallel.bpl de.uni_freiburg.informatik.ultimate.plugins.generator.rcfgbuilder CFG 17.06 06:55:33 BoogieIcfgContainer
[2020-06-17 18:55:33,203 INFO  L132        PluginConnector]: ------------------------ END RCFGBuilder----------------------------
[2020-06-17 18:55:33,203 INFO  L113        PluginConnector]: ------------------------LassoRanker----------------------------
[2020-06-17 18:55:33,203 INFO  L271        PluginConnector]: Initializing LassoRanker...
[2020-06-17 18:55:33,203 INFO  L276        PluginConnector]: LassoRanker initialized
[2020-06-17 18:55:33,204 INFO  L185        PluginConnector]: Executing the observer LassoRankerObserver from plugin LassoRanker for "Parallel.bpl de.uni_freiburg.informatik.ultimate.plugins.generator.rcfgbuilder CFG 17.06 06:55:33" (1/1) ...
[2020-06-17 18:55:33,221 INFO  L72            BuchiIsEmpty]: Start buchiIsEmpty. Operand 2 states.
[2020-06-17 18:55:33,234 INFO  L131   ngComponentsAnalysis]: Automaton has 1 accepting balls. 1
[2020-06-17 18:55:33,234 INFO  L87            BuchiIsEmpty]: Finished buchiIsEmpty Result is false
[2020-06-17 18:55:33,235 INFO  L119           BuchiIsEmpty]: Starting construction of run
[2020-06-17 18:55:33,239 INFO  L104     BuchiDifferenceFKV]: Start buchiDifferenceFKV. First operand 2 states. Second operand 1 states.
[2020-06-17 18:55:33,246 INFO  L108     BuchiDifferenceFKV]: Finished buchiDifferenceFKV. First operand 2 states. Second operand 1 states. Result 3 states and 4 transitions. Complement of second has 2 states 2 powerset states0 rank states. The highest rank that occured is -1
[2020-06-17 18:55:33,247 INFO  L72            BuchiIsEmpty]: Start buchiIsEmpty. Operand 3 states and 4 transitions.
[2020-06-17 18:55:33,247 INFO  L131   ngComponentsAnalysis]: Automaton has 0 accepting balls. 0
[2020-06-17 18:55:33,247 INFO  L87            BuchiIsEmpty]: Finished buchiIsEmpty Result is true
[2020-06-17 18:55:33,313 INFO  L216          LassoAnalysis]: Preferences:
[2020-06-17 18:55:33,314 INFO  L124   ssoRankerPreferences]: Compute integeral hull: false
[2020-06-17 18:55:33,314 INFO  L125   ssoRankerPreferences]: Enable LassoPartitioneer: true
[2020-06-17 18:55:33,314 INFO  L126   ssoRankerPreferences]: Term annotations enabled: false
[2020-06-17 18:55:33,314 INFO  L127   ssoRankerPreferences]: Use exernal solver: true
[2020-06-17 18:55:33,314 INFO  L128   ssoRankerPreferences]: SMT solver command: z3 -smt2 -in SMTLIB2_COMPLIANT=true
[2020-06-17 18:55:33,314 INFO  L129   ssoRankerPreferences]: Dump SMT script to file: false
[2020-06-17 18:55:33,314 INFO  L130   ssoRankerPreferences]: Path of dumped script: .
[2020-06-17 18:55:33,314 INFO  L131   ssoRankerPreferences]: Filename of dumped script: LassoRankerScript
[2020-06-17 18:55:33,315 INFO  L132   ssoRankerPreferences]: MapElimAlgo: Frank
[2020-06-17 18:55:33,315 INFO  L282          LassoAnalysis]: Starting lasso preprocessing...
[2020-06-17 18:55:33,329 INFO  L141          MapEliminator]: Using MapEliminator with SimplificationTechnique=SIMPLIFY_DDA XnfConversionTechnique=BOTTOM_UP_WITH_LOCAL_SIMPLIFICATION AddInequalities=false OnlyTrivialImplicationsArrayWrite=false OnlyTrivialImplicationsForModifiedArguments=true OnlyArgumentsInFormula=true
[2020-06-17 18:55:33,496 INFO  L300          LassoAnalysis]: Preprocessing complete.
[2020-06-17 18:55:33,496 INFO  L412          LassoAnalysis]: Checking for nontermination...
No working directory specified, using /home/lixie/LassoRankerExp/LassoRankerExp/z3
Starting monitored process 2 with z3 -smt2 -in SMTLIB2_COMPLIANT=true (exit command is (exit), workingDir is null)
Waiting until toolchain timeout for monitored process 2 with z3 -smt2 -in SMTLIB2_COMPLIANT=true
[2020-06-17 18:55:33,500 INFO  L151   nArgumentSynthesizer]: Nontermination analysis: LINEAR_WITH_GUESSES Allow bounded executions: true Number of generalized eigenvectors: 0 Nilpotent components: true
[2020-06-17 18:55:33,500 INFO  L163   nArgumentSynthesizer]: Using integer mode.
No working directory specified, using /home/lixie/LassoRankerExp/LassoRankerExp/z3
Starting monitored process 3 with z3 -smt2 -in SMTLIB2_COMPLIANT=true (exit command is (exit), workingDir is null)
Waiting until toolchain timeout for monitored process 3 with z3 -smt2 -in SMTLIB2_COMPLIANT=true
[2020-06-17 18:55:33,530 INFO  L151   nArgumentSynthesizer]: Nontermination analysis: LINEAR_WITH_GUESSES Allow bounded executions: true Number of generalized eigenvectors: 3 Nilpotent components: true
[2020-06-17 18:55:33,530 INFO  L163   nArgumentSynthesizer]: Using integer mode.
[2020-06-17 18:55:33,551 INFO  L452          LassoAnalysis]: Proving nontermination failed: No geometric nontermination argument exists.
[2020-06-17 18:55:33,552 INFO  L216          LassoAnalysis]: Preferences:
[2020-06-17 18:55:33,552 INFO  L124   ssoRankerPreferences]: Compute integeral hull: false
[2020-06-17 18:55:33,553 INFO  L125   ssoRankerPreferences]: Enable LassoPartitioneer: true
[2020-06-17 18:55:33,553 INFO  L126   ssoRankerPreferences]: Term annotations enabled: false
[2020-06-17 18:55:33,553 INFO  L127   ssoRankerPreferences]: Use exernal solver: true
[2020-06-17 18:55:33,553 INFO  L128   ssoRankerPreferences]: SMT solver command: z3 -smt2 -in SMTLIB2_COMPLIANT=true
[2020-06-17 18:55:33,553 INFO  L129   ssoRankerPreferences]: Dump SMT script to file: false
[2020-06-17 18:55:33,553 INFO  L130   ssoRankerPreferences]: Path of dumped script: .
[2020-06-17 18:55:33,553 INFO  L131   ssoRankerPreferences]: Filename of dumped script: LassoRankerScript
[2020-06-17 18:55:33,553 INFO  L132   ssoRankerPreferences]: MapElimAlgo: Frank
[2020-06-17 18:55:33,553 INFO  L282          LassoAnalysis]: Starting lasso preprocessing...
[2020-06-17 18:55:33,555 INFO  L141          MapEliminator]: Using MapEliminator with SimplificationTechnique=SIMPLIFY_DDA XnfConversionTechnique=BOTTOM_UP_WITH_LOCAL_SIMPLIFICATION AddInequalities=false OnlyTrivialImplicationsArrayWrite=false OnlyTrivialImplicationsForModifiedArguments=true OnlyArgumentsInFormula=true
[2020-06-17 18:55:33,663 INFO  L300          LassoAnalysis]: Preprocessing complete.
[2020-06-17 18:55:33,667 INFO  L497          LassoAnalysis]: Using template 'affine'.
No working directory specified, using /home/lixie/LassoRankerExp/LassoRankerExp/z3
Starting monitored process 4 with z3 -smt2 -in SMTLIB2_COMPLIANT=true (exit command is (exit), workingDir is null)
Waiting until toolchain timeout for monitored process 4 with z3 -smt2 -in SMTLIB2_COMPLIANT=true
[2020-06-17 18:55:33,670 INFO  L122   nArgumentSynthesizer]: Termination Analysis Settings:
Termination analysis: LINEAR_WITH_GUESSES
Number of strict supporting invariants: 1
Number of non-strict supporting invariants: 0
Consider only non-deceasing supporting invariants: true
Simplify termination arguments: true
Simplify supporting invariants: trueOverapproximate stem: false
[2020-06-17 18:55:33,671 INFO  L339   nArgumentSynthesizer]: Template has degree 0.
[2020-06-17 18:55:33,672 INFO  L352   nArgumentSynthesizer]: There is no stem transition; disabling supporting invariant generation.
[2020-06-17 18:55:33,672 INFO  L205   nArgumentSynthesizer]: 1 stem disjuncts
[2020-06-17 18:55:33,672 INFO  L206   nArgumentSynthesizer]: 2 loop disjuncts
[2020-06-17 18:55:33,673 INFO  L207   nArgumentSynthesizer]: 2 template conjuncts.
[2020-06-17 18:55:33,675 INFO  L402   nArgumentSynthesizer]: We have 4 Motzkin's Theorem applications.
[2020-06-17 18:55:33,676 INFO  L403   nArgumentSynthesizer]: A total of 0 supporting invariants were added.
[2020-06-17 18:55:33,678 INFO  L530          LassoAnalysis]: Proving termination failed for this template and these settings.
[2020-06-17 18:55:33,699 INFO  L497          LassoAnalysis]: Using template '2-nested'.
No working directory specified, using /home/lixie/LassoRankerExp/LassoRankerExp/z3
Starting monitored process 5 with z3 -smt2 -in SMTLIB2_COMPLIANT=true (exit command is (exit), workingDir is null)
Waiting until toolchain timeout for monitored process 5 with z3 -smt2 -in SMTLIB2_COMPLIANT=true
[2020-06-17 18:55:33,701 INFO  L122   nArgumentSynthesizer]: Termination Analysis Settings:
Termination analysis: LINEAR_WITH_GUESSES
Number of strict supporting invariants: 1
Number of non-strict supporting invariants: 0
Consider only non-deceasing supporting invariants: true
Simplify termination arguments: true
Simplify supporting invariants: trueOverapproximate stem: false
[2020-06-17 18:55:33,703 INFO  L339   nArgumentSynthesizer]: Template has degree 0.
[2020-06-17 18:55:33,703 INFO  L352   nArgumentSynthesizer]: There is no stem transition; disabling supporting invariant generation.
[2020-06-17 18:55:33,703 INFO  L205   nArgumentSynthesizer]: 1 stem disjuncts
[2020-06-17 18:55:33,704 INFO  L206   nArgumentSynthesizer]: 2 loop disjuncts
[2020-06-17 18:55:33,704 INFO  L207   nArgumentSynthesizer]: 3 template conjuncts.
[2020-06-17 18:55:33,707 INFO  L402   nArgumentSynthesizer]: We have 6 Motzkin's Theorem applications.
[2020-06-17 18:55:33,707 INFO  L403   nArgumentSynthesizer]: A total of 0 supporting invariants were added.
[2020-06-17 18:55:33,710 INFO  L530          LassoAnalysis]: Proving termination failed for this template and these settings.
[2020-06-17 18:55:33,722 INFO  L497          LassoAnalysis]: Using template '3-nested'.
No working directory specified, using /home/lixie/LassoRankerExp/LassoRankerExp/z3
Starting monitored process 6 with z3 -smt2 -in SMTLIB2_COMPLIANT=true (exit command is (exit), workingDir is null)
Waiting until toolchain timeout for monitored process 6 with z3 -smt2 -in SMTLIB2_COMPLIANT=true
[2020-06-17 18:55:33,724 INFO  L122   nArgumentSynthesizer]: Termination Analysis Settings:
Termination analysis: LINEAR_WITH_GUESSES
Number of strict supporting invariants: 1
Number of non-strict supporting invariants: 0
Consider only non-deceasing supporting invariants: true
Simplify termination arguments: true
Simplify supporting invariants: trueOverapproximate stem: false
[2020-06-17 18:55:33,725 INFO  L339   nArgumentSynthesizer]: Template has degree 0.
[2020-06-17 18:55:33,725 INFO  L352   nArgumentSynthesizer]: There is no stem transition; disabling supporting invariant generation.
[2020-06-17 18:55:33,726 INFO  L205   nArgumentSynthesizer]: 1 stem disjuncts
[2020-06-17 18:55:33,726 INFO  L206   nArgumentSynthesizer]: 2 loop disjuncts
[2020-06-17 18:55:33,726 INFO  L207   nArgumentSynthesizer]: 4 template conjuncts.
[2020-06-17 18:55:33,729 INFO  L402   nArgumentSynthesizer]: We have 8 Motzkin's Theorem applications.
[2020-06-17 18:55:33,730 INFO  L403   nArgumentSynthesizer]: A total of 0 supporting invariants were added.
[2020-06-17 18:55:33,734 INFO  L530          LassoAnalysis]: Proving termination failed for this template and these settings.
[2020-06-17 18:55:33,749 INFO  L497          LassoAnalysis]: Using template '4-nested'.
No working directory specified, using /home/lixie/LassoRankerExp/LassoRankerExp/z3
Starting monitored process 7 with z3 -smt2 -in SMTLIB2_COMPLIANT=true (exit command is (exit), workingDir is null)
Waiting until toolchain timeout for monitored process 7 with z3 -smt2 -in SMTLIB2_COMPLIANT=true
[2020-06-17 18:55:33,751 INFO  L122   nArgumentSynthesizer]: Termination Analysis Settings:
Termination analysis: LINEAR_WITH_GUESSES
Number of strict supporting invariants: 1
Number of non-strict supporting invariants: 0
Consider only non-deceasing supporting invariants: true
Simplify termination arguments: true
Simplify supporting invariants: trueOverapproximate stem: false
[2020-06-17 18:55:33,752 INFO  L339   nArgumentSynthesizer]: Template has degree 0.
[2020-06-17 18:55:33,752 INFO  L352   nArgumentSynthesizer]: There is no stem transition; disabling supporting invariant generation.
[2020-06-17 18:55:33,753 INFO  L205   nArgumentSynthesizer]: 1 stem disjuncts
[2020-06-17 18:55:33,753 INFO  L206   nArgumentSynthesizer]: 2 loop disjuncts
[2020-06-17 18:55:33,753 INFO  L207   nArgumentSynthesizer]: 5 template conjuncts.
[2020-06-17 18:55:33,756 INFO  L402   nArgumentSynthesizer]: We have 10 Motzkin's Theorem applications.
[2020-06-17 18:55:33,756 INFO  L403   nArgumentSynthesizer]: A total of 0 supporting invariants were added.
[2020-06-17 18:55:33,760 INFO  L530          LassoAnalysis]: Proving termination failed for this template and these settings.
[2020-06-17 18:55:33,773 INFO  L497          LassoAnalysis]: Using template '2-phase'.
No working directory specified, using /home/lixie/LassoRankerExp/LassoRankerExp/z3
Starting monitored process 8 with z3 -smt2 -in SMTLIB2_COMPLIANT=true (exit command is (exit), workingDir is null)
Waiting until toolchain timeout for monitored process 8 with z3 -smt2 -in SMTLIB2_COMPLIANT=true
[2020-06-17 18:55:33,775 INFO  L122   nArgumentSynthesizer]: Termination Analysis Settings:
Termination analysis: LINEAR_WITH_GUESSES
Number of strict supporting invariants: 1
Number of non-strict supporting invariants: 0
Consider only non-deceasing supporting invariants: true
Simplify termination arguments: true
Simplify supporting invariants: trueOverapproximate stem: false
[2020-06-17 18:55:33,776 WARN  L334   nArgumentSynthesizer]: Using a linear SMT query and a templates of degree > 0, hence this method is incomplete.
[2020-06-17 18:55:33,776 INFO  L339   nArgumentSynthesizer]: Template has degree 1.
[2020-06-17 18:55:33,776 INFO  L352   nArgumentSynthesizer]: There is no stem transition; disabling supporting invariant generation.
[2020-06-17 18:55:33,776 INFO  L205   nArgumentSynthesizer]: 1 stem disjuncts
[2020-06-17 18:55:33,776 INFO  L206   nArgumentSynthesizer]: 2 loop disjuncts
[2020-06-17 18:55:33,777 INFO  L207   nArgumentSynthesizer]: 3 template conjuncts.
[2020-06-17 18:55:33,791 INFO  L402   nArgumentSynthesizer]: We have 6 Motzkin's Theorem applications.
[2020-06-17 18:55:33,791 INFO  L403   nArgumentSynthesizer]: A total of 0 supporting invariants were added.
[2020-06-17 18:55:33,798 INFO  L530          LassoAnalysis]: Proving termination failed for this template and these settings.
[2020-06-17 18:55:33,819 INFO  L497          LassoAnalysis]: Using template 'lex(affine, affine)'.
No working directory specified, using /home/lixie/LassoRankerExp/LassoRankerExp/z3
Starting monitored process 9 with z3 -smt2 -in SMTLIB2_COMPLIANT=true (exit command is (exit), workingDir is null)
Waiting until toolchain timeout for monitored process 9 with z3 -smt2 -in SMTLIB2_COMPLIANT=true
[2020-06-17 18:55:33,821 INFO  L122   nArgumentSynthesizer]: Termination Analysis Settings:
Termination analysis: LINEAR_WITH_GUESSES
Number of strict supporting invariants: 1
Number of non-strict supporting invariants: 0
Consider only non-deceasing supporting invariants: true
Simplify termination arguments: true
Simplify supporting invariants: trueOverapproximate stem: false
[2020-06-17 18:55:33,822 WARN  L334   nArgumentSynthesizer]: Using a linear SMT query and a templates of degree > 0, hence this method is incomplete.
[2020-06-17 18:55:33,823 INFO  L339   nArgumentSynthesizer]: Template has degree 5.
[2020-06-17 18:55:33,823 INFO  L352   nArgumentSynthesizer]: There is no stem transition; disabling supporting invariant generation.
[2020-06-17 18:55:33,823 INFO  L205   nArgumentSynthesizer]: 1 stem disjuncts
[2020-06-17 18:55:33,823 INFO  L206   nArgumentSynthesizer]: 2 loop disjuncts
[2020-06-17 18:55:33,823 INFO  L207   nArgumentSynthesizer]: 4 template conjuncts.
[2020-06-17 18:55:33,827 INFO  L402   nArgumentSynthesizer]: We have 8 Motzkin's Theorem applications.
[2020-06-17 18:55:33,827 INFO  L403   nArgumentSynthesizer]: A total of 0 supporting invariants were added.
[2020-06-17 18:55:33,833 INFO  L530          LassoAnalysis]: Proving termination failed for this template and these settings.
[2020-06-17 18:55:33,846 INFO  L497          LassoAnalysis]: Using template '2-piece'.
No working directory specified, using /home/lixie/LassoRankerExp/LassoRankerExp/z3
Starting monitored process 10 with z3 -smt2 -in SMTLIB2_COMPLIANT=true (exit command is (exit), workingDir is null)
Waiting until toolchain timeout for monitored process 10 with z3 -smt2 -in SMTLIB2_COMPLIANT=true
[2020-06-17 18:55:33,847 INFO  L122   nArgumentSynthesizer]: Termination Analysis Settings:
Termination analysis: LINEAR_WITH_GUESSES
Number of strict supporting invariants: 1
Number of non-strict supporting invariants: 0
Consider only non-deceasing supporting invariants: true
Simplify termination arguments: true
Simplify supporting invariants: trueOverapproximate stem: false
[2020-06-17 18:55:33,848 WARN  L334   nArgumentSynthesizer]: Using a linear SMT query and a templates of degree > 0, hence this method is incomplete.
[2020-06-17 18:55:33,849 INFO  L339   nArgumentSynthesizer]: Template has degree 7.
[2020-06-17 18:55:33,849 INFO  L352   nArgumentSynthesizer]: There is no stem transition; disabling supporting invariant generation.
[2020-06-17 18:55:33,849 INFO  L205   nArgumentSynthesizer]: 1 stem disjuncts
[2020-06-17 18:55:33,849 INFO  L206   nArgumentSynthesizer]: 2 loop disjuncts
[2020-06-17 18:55:33,849 INFO  L207   nArgumentSynthesizer]: 7 template conjuncts.
[2020-06-17 18:55:33,856 INFO  L402   nArgumentSynthesizer]: We have 14 Motzkin's Theorem applications.
[2020-06-17 18:55:33,856 INFO  L403   nArgumentSynthesizer]: A total of 0 supporting invariants were added.
[2020-06-17 18:55:33,877 INFO  L530          LassoAnalysis]: Proving termination failed for this template and these settings.
[2020-06-17 18:55:33,890 INFO  L497          LassoAnalysis]: Using template '2-parallel'.
No working directory specified, using /home/lixie/LassoRankerExp/LassoRankerExp/z3
Starting monitored process 11 with z3 -smt2 -in SMTLIB2_COMPLIANT=true (exit command is (exit), workingDir is null)
Waiting until toolchain timeout for monitored process 11 with z3 -smt2 -in SMTLIB2_COMPLIANT=true
[2020-06-17 18:55:33,891 INFO  L122   nArgumentSynthesizer]: Termination Analysis Settings:
Termination analysis: LINEAR_WITH_GUESSES
Number of strict supporting invariants: 1
Number of non-strict supporting invariants: 0
Consider only non-deceasing supporting invariants: true
Simplify termination arguments: true
Simplify supporting invariants: trueOverapproximate stem: false
[2020-06-17 18:55:33,892 WARN  L334   nArgumentSynthesizer]: Using a linear SMT query and a templates of degree > 0, hence this method is incomplete.
[2020-06-17 18:55:33,893 INFO  L339   nArgumentSynthesizer]: Template has degree 4.
[2020-06-17 18:55:33,893 INFO  L352   nArgumentSynthesizer]: There is no stem transition; disabling supporting invariant generation.
[2020-06-17 18:55:33,893 INFO  L205   nArgumentSynthesizer]: 1 stem disjuncts
[2020-06-17 18:55:33,893 INFO  L206   nArgumentSynthesizer]: 2 loop disjuncts
[2020-06-17 18:55:33,893 INFO  L207   nArgumentSynthesizer]: 6 template conjuncts.
[2020-06-17 18:55:33,897 INFO  L402   nArgumentSynthesizer]: We have 12 Motzkin's Theorem applications.
[2020-06-17 18:55:33,897 INFO  L403   nArgumentSynthesizer]: A total of 0 supporting invariants were added.
[2020-06-17 18:55:33,909 INFO  L421   nArgumentSynthesizer]: Found a termination argument, trying to simplify.
[2020-06-17 18:55:33,916 INFO  L443   ModelExtractionUtils]: Simplification made 4 calls to the SMT solver.
[2020-06-17 18:55:33,916 INFO  L444   ModelExtractionUtils]: 2 out of 8 variables were initially zero. Simplification set additionally 0 variables to zero.
No working directory specified, using /home/lixie/LassoRankerExp/LassoRankerExp/z3
Starting monitored process 12 with z3 -smt2 -in SMTLIB2_COMPLIANT=true (exit command is (exit), workingDir is null)
Waiting until toolchain timeout for monitored process 12 with z3 -smt2 -in SMTLIB2_COMPLIANT=true
[2020-06-17 18:55:33,919 INFO  L437   nArgumentSynthesizer]: Simplifying supporting invariants...
[2020-06-17 18:55:33,919 INFO  L440   nArgumentSynthesizer]: Removed 0 redundant supporting invariants from a total of 0.
[2020-06-17 18:55:33,919 INFO  L518          LassoAnalysis]: Proved termination.
[2020-06-17 18:55:33,920 INFO  L520          LassoAnalysis]: Termination argument consisting of:
Ranking function 2-parallel ranking function:
f = max{0, 5*main_x + 1} + max{0, 1*main_y + 1}
Supporting invariants []
[2020-06-17 18:55:33,941 INFO  L132        PluginConnector]: ------------------------ END LassoRanker----------------------------
[2020-06-17 18:55:33,941 INFO  L168              Benchmark]: Toolchain (without parser) took 903.32 ms. Allocated memory was 514.9 MB in the beginning and 529.0 MB in the end (delta: 14.2 MB). Free memory was 472.9 MB in the beginning and 475.0 MB in the end (delta: -2.1 MB). Peak memory consumption was 120.4 MB. Max. memory is 11.5 GB.
[2020-06-17 18:55:33,942 INFO  L168              Benchmark]: Boogie PL CUP Parser took 0.10 ms. Allocated memory is still 514.9 MB. Free memory is still 474.4 MB. There was no memory consumed. Max. memory is 11.5 GB.
[2020-06-17 18:55:33,943 INFO  L168              Benchmark]: Boogie Preprocessor took 25.94 ms. Allocated memory is still 514.9 MB. Free memory was 471.5 MB in the beginning and 470.2 MB in the end (delta: 1.3 MB). Peak memory consumption was 1.3 MB. Max. memory is 11.5 GB.
[2020-06-17 18:55:33,943 INFO  L168              Benchmark]: RCFGBuilder took 131.61 ms. Allocated memory is still 514.9 MB. Free memory was 470.2 MB in the beginning and 459.3 MB in the end (delta: 10.8 MB). Peak memory consumption was 10.8 MB. Max. memory is 11.5 GB.
[2020-06-17 18:55:33,944 INFO  L168              Benchmark]: LassoRanker took 737.45 ms. Allocated memory was 514.9 MB in the beginning and 529.0 MB in the end (delta: 14.2 MB). Free memory was 459.3 MB in the beginning and 475.0 MB in the end (delta: -15.7 MB). Peak memory consumption was 106.8 MB. Max. memory is 11.5 GB.
[2020-06-17 18:55:33,946 INFO  L336   ainManager$Toolchain]: #######################  End [Toolchain 1] #######################
 --- Results ---
 * Results from de.uni_freiburg.informatik.ultimate.core:
  - StatisticsResult: Toolchain Benchmarks
    Benchmark results are:
 * Boogie PL CUP Parser took 0.10 ms. Allocated memory is still 514.9 MB. Free memory is still 474.4 MB. There was no memory consumed. Max. memory is 11.5 GB.
 * Boogie Preprocessor took 25.94 ms. Allocated memory is still 514.9 MB. Free memory was 471.5 MB in the beginning and 470.2 MB in the end (delta: 1.3 MB). Peak memory consumption was 1.3 MB. Max. memory is 11.5 GB.
 * RCFGBuilder took 131.61 ms. Allocated memory is still 514.9 MB. Free memory was 470.2 MB in the beginning and 459.3 MB in the end (delta: 10.8 MB). Peak memory consumption was 10.8 MB. Max. memory is 11.5 GB.
 * LassoRanker took 737.45 ms. Allocated memory was 514.9 MB in the beginning and 529.0 MB in the end (delta: 14.2 MB). Free memory was 459.3 MB in the beginning and 475.0 MB in the end (delta: -15.7 MB). Peak memory consumption was 106.8 MB. Max. memory is 11.5 GB.
 * Results from de.uni_freiburg.informatik.ultimate.plugins.analysis.lassoranker:
  - TerminationArgumentResult [Line: 1]: Found 2-parallel ranking function
    Found a termination argument consisting of the 2-parallel ranking function: [(if 5 * x + 1 > 0 then 5 * x + 1 else 0) + (if y + 1 > 0 then y + 1 else 0)] for which no supporting invariant is required.
RESULT: Ultimate proved your program to be correct!
Received shutdown request...
Ultimate:
GTK+ Version Check
