This is Ultimate 0.1.24-16d85fa
[2020-06-17 18:55:35,534 INFO  L170        SettingsManager]: Resetting all preferences to default values...
[2020-06-17 18:55:35,535 INFO  L174        SettingsManager]: Resetting UltimateCore preferences to default values
[2020-06-17 18:55:35,544 INFO  L177        SettingsManager]: Ultimate Commandline Interface provides no preferences, ignoring...
[2020-06-17 18:55:35,545 INFO  L174        SettingsManager]: Resetting Boogie Preprocessor preferences to default values
[2020-06-17 18:55:35,545 INFO  L174        SettingsManager]: Resetting Boogie Procedure Inliner preferences to default values
[2020-06-17 18:55:35,546 INFO  L174        SettingsManager]: Resetting Abstract Interpretation preferences to default values
[2020-06-17 18:55:35,547 INFO  L174        SettingsManager]: Resetting LassoRanker preferences to default values
[2020-06-17 18:55:35,549 INFO  L174        SettingsManager]: Resetting Reaching Definitions preferences to default values
[2020-06-17 18:55:35,549 INFO  L174        SettingsManager]: Resetting SyntaxChecker preferences to default values
[2020-06-17 18:55:35,550 INFO  L177        SettingsManager]: Büchi Program Product provides no preferences, ignoring...
[2020-06-17 18:55:35,550 INFO  L174        SettingsManager]: Resetting LTL2Aut preferences to default values
[2020-06-17 18:55:35,551 INFO  L174        SettingsManager]: Resetting PEA to Boogie preferences to default values
[2020-06-17 18:55:35,552 INFO  L174        SettingsManager]: Resetting BlockEncodingV2 preferences to default values
[2020-06-17 18:55:35,553 INFO  L174        SettingsManager]: Resetting ChcToBoogie preferences to default values
[2020-06-17 18:55:35,553 INFO  L174        SettingsManager]: Resetting AutomataScriptInterpreter preferences to default values
[2020-06-17 18:55:35,554 INFO  L174        SettingsManager]: Resetting BuchiAutomizer preferences to default values
[2020-06-17 18:55:35,555 INFO  L174        SettingsManager]: Resetting CACSL2BoogieTranslator preferences to default values
[2020-06-17 18:55:35,557 INFO  L174        SettingsManager]: Resetting CodeCheck preferences to default values
[2020-06-17 18:55:35,559 INFO  L174        SettingsManager]: Resetting InvariantSynthesis preferences to default values
[2020-06-17 18:55:35,559 INFO  L174        SettingsManager]: Resetting RCFGBuilder preferences to default values
[2020-06-17 18:55:35,560 INFO  L174        SettingsManager]: Resetting TraceAbstraction preferences to default values
[2020-06-17 18:55:35,562 INFO  L177        SettingsManager]: TraceAbstractionConcurrent provides no preferences, ignoring...
[2020-06-17 18:55:35,563 INFO  L177        SettingsManager]: TraceAbstractionWithAFAs provides no preferences, ignoring...
[2020-06-17 18:55:35,563 INFO  L174        SettingsManager]: Resetting TreeAutomizer preferences to default values
[2020-06-17 18:55:35,564 INFO  L174        SettingsManager]: Resetting IcfgTransformer preferences to default values
[2020-06-17 18:55:35,564 INFO  L174        SettingsManager]: Resetting Boogie Printer preferences to default values
[2020-06-17 18:55:35,565 INFO  L174        SettingsManager]: Resetting ReqPrinter preferences to default values
[2020-06-17 18:55:35,565 INFO  L174        SettingsManager]: Resetting Witness Printer preferences to default values
[2020-06-17 18:55:35,566 INFO  L177        SettingsManager]: Boogie PL CUP Parser provides no preferences, ignoring...
[2020-06-17 18:55:35,566 INFO  L174        SettingsManager]: Resetting CDTParser preferences to default values
[2020-06-17 18:55:35,567 INFO  L177        SettingsManager]: AutomataScriptParser provides no preferences, ignoring...
[2020-06-17 18:55:35,567 INFO  L177        SettingsManager]: ReqParser provides no preferences, ignoring...
[2020-06-17 18:55:35,567 INFO  L174        SettingsManager]: Resetting SmtParser preferences to default values
[2020-06-17 18:55:35,568 INFO  L174        SettingsManager]: Resetting Witness Parser preferences to default values
[2020-06-17 18:55:35,569 INFO  L181        SettingsManager]: Finished resetting all preferences to default values...
[2020-06-17 18:55:35,588 INFO  L81    nceAwareModelManager]: Repository-Root is: /tmp
[2020-06-17 18:55:35,596 INFO  L258   ainManager$Toolchain]: [Toolchain 1]: Applicable parser(s) successfully (re)initialized
[2020-06-17 18:55:35,598 INFO  L214   ainManager$Toolchain]: [Toolchain 1]: Toolchain selected.
[2020-06-17 18:55:35,599 INFO  L271        PluginConnector]: Initializing Boogie PL CUP Parser...
[2020-06-17 18:55:35,599 INFO  L276        PluginConnector]: Boogie PL CUP Parser initialized
[2020-06-17 18:55:35,599 INFO  L418   ainManager$Toolchain]: [Toolchain 1]: Parsing single file: /home/lixie/LassoRankerExp/LassoRankerExp/./C_Boogie/PastaA10.bpl
[2020-06-17 18:55:35,599 INFO  L111           BoogieParser]: Parsing: '/home/lixie/LassoRankerExp/LassoRankerExp/./C_Boogie/PastaA10.bpl'
[2020-06-17 18:55:35,618 INFO  L296   ainManager$Toolchain]: ####################### [Toolchain 1] #######################
[2020-06-17 18:55:35,625 INFO  L131        ToolchainWalker]: Walking toolchain with 3 elements.
[2020-06-17 18:55:35,625 INFO  L113        PluginConnector]: ------------------------Boogie Preprocessor----------------------------
[2020-06-17 18:55:35,625 INFO  L271        PluginConnector]: Initializing Boogie Preprocessor...
[2020-06-17 18:55:35,625 INFO  L276        PluginConnector]: Boogie Preprocessor initialized
[2020-06-17 18:55:35,638 INFO  L185        PluginConnector]: Executing the observer EnsureBoogieModelObserver from plugin Boogie Preprocessor for "PastaA10.bpl de.uni_freiburg.informatik.ultimate.boogie.parser AST 17.06 06:55:35" (1/1) ...
[2020-06-17 18:55:35,639 INFO  L185        PluginConnector]: Executing the observer TypeChecker from plugin Boogie Preprocessor for "PastaA10.bpl de.uni_freiburg.informatik.ultimate.boogie.parser AST 17.06 06:55:35" (1/1) ...
[2020-06-17 18:55:35,643 INFO  L185        PluginConnector]: Executing the observer ConstExpander from plugin Boogie Preprocessor for "PastaA10.bpl de.uni_freiburg.informatik.ultimate.boogie.parser AST 17.06 06:55:35" (1/1) ...
[2020-06-17 18:55:35,643 INFO  L185        PluginConnector]: Executing the observer StructExpander from plugin Boogie Preprocessor for "PastaA10.bpl de.uni_freiburg.informatik.ultimate.boogie.parser AST 17.06 06:55:35" (1/1) ...
[2020-06-17 18:55:35,645 INFO  L185        PluginConnector]: Executing the observer UnstructureCode from plugin Boogie Preprocessor for "PastaA10.bpl de.uni_freiburg.informatik.ultimate.boogie.parser AST 17.06 06:55:35" (1/1) ...
[2020-06-17 18:55:35,647 INFO  L185        PluginConnector]: Executing the observer FunctionInliner from plugin Boogie Preprocessor for "PastaA10.bpl de.uni_freiburg.informatik.ultimate.boogie.parser AST 17.06 06:55:35" (1/1) ...
[2020-06-17 18:55:35,647 INFO  L185        PluginConnector]: Executing the observer BoogieSymbolTableConstructor from plugin Boogie Preprocessor for "PastaA10.bpl de.uni_freiburg.informatik.ultimate.boogie.parser AST 17.06 06:55:35" (1/1) ...
[2020-06-17 18:55:35,648 INFO  L132        PluginConnector]: ------------------------ END Boogie Preprocessor----------------------------
[2020-06-17 18:55:35,649 INFO  L113        PluginConnector]: ------------------------RCFGBuilder----------------------------
[2020-06-17 18:55:35,649 INFO  L271        PluginConnector]: Initializing RCFGBuilder...
[2020-06-17 18:55:35,649 INFO  L276        PluginConnector]: RCFGBuilder initialized
[2020-06-17 18:55:35,649 INFO  L185        PluginConnector]: Executing the observer RCFGBuilderObserver from plugin RCFGBuilder for "PastaA10.bpl de.uni_freiburg.informatik.ultimate.boogie.parser AST 17.06 06:55:35" (1/1) ...
No working directory specified, using /home/lixie/LassoRankerExp/LassoRankerExp/z3
Starting monitored process 1 with z3 SMTLIB2_COMPLIANT=true -memory:1024 -smt2 -in -t:12000 (exit command is (exit), workingDir is null)
Waiting until toolchain timeout for monitored process 1 with z3 SMTLIB2_COMPLIANT=true -memory:1024 -smt2 -in -t:12000
[2020-06-17 18:55:35,683 INFO  L124     BoogieDeclarations]: Specification and implementation of procedure main given in one single declaration
[2020-06-17 18:55:35,683 INFO  L130     BoogieDeclarations]: Found specification of procedure main
[2020-06-17 18:55:35,683 INFO  L138     BoogieDeclarations]: Found implementation of procedure main
[2020-06-17 18:55:35,759 INFO  L278             CfgBuilder]: Using library mode
[2020-06-17 18:55:35,759 INFO  L286             CfgBuilder]: Removed 0 assue(true) statements.
[2020-06-17 18:55:35,760 INFO  L202        PluginConnector]: Adding new model PastaA10.bpl de.uni_freiburg.informatik.ultimate.plugins.generator.rcfgbuilder CFG 17.06 06:55:35 BoogieIcfgContainer
[2020-06-17 18:55:35,760 INFO  L132        PluginConnector]: ------------------------ END RCFGBuilder----------------------------
[2020-06-17 18:55:35,761 INFO  L113        PluginConnector]: ------------------------LassoRanker----------------------------
[2020-06-17 18:55:35,761 INFO  L271        PluginConnector]: Initializing LassoRanker...
[2020-06-17 18:55:35,761 INFO  L276        PluginConnector]: LassoRanker initialized
[2020-06-17 18:55:35,761 INFO  L185        PluginConnector]: Executing the observer LassoRankerObserver from plugin LassoRanker for "PastaA10.bpl de.uni_freiburg.informatik.ultimate.plugins.generator.rcfgbuilder CFG 17.06 06:55:35" (1/1) ...
[2020-06-17 18:55:35,779 INFO  L72            BuchiIsEmpty]: Start buchiIsEmpty. Operand 2 states.
[2020-06-17 18:55:35,792 INFO  L131   ngComponentsAnalysis]: Automaton has 1 accepting balls. 1
[2020-06-17 18:55:35,792 INFO  L87            BuchiIsEmpty]: Finished buchiIsEmpty Result is false
[2020-06-17 18:55:35,792 INFO  L119           BuchiIsEmpty]: Starting construction of run
[2020-06-17 18:55:35,797 INFO  L104     BuchiDifferenceFKV]: Start buchiDifferenceFKV. First operand 2 states. Second operand 1 states.
[2020-06-17 18:55:35,804 INFO  L108     BuchiDifferenceFKV]: Finished buchiDifferenceFKV. First operand 2 states. Second operand 1 states. Result 3 states and 4 transitions. Complement of second has 2 states 2 powerset states0 rank states. The highest rank that occured is -1
[2020-06-17 18:55:35,804 INFO  L72            BuchiIsEmpty]: Start buchiIsEmpty. Operand 3 states and 4 transitions.
[2020-06-17 18:55:35,804 INFO  L131   ngComponentsAnalysis]: Automaton has 0 accepting balls. 0
[2020-06-17 18:55:35,804 INFO  L87            BuchiIsEmpty]: Finished buchiIsEmpty Result is true
[2020-06-17 18:55:35,856 INFO  L216          LassoAnalysis]: Preferences:
[2020-06-17 18:55:35,857 INFO  L124   ssoRankerPreferences]: Compute integeral hull: false
[2020-06-17 18:55:35,857 INFO  L125   ssoRankerPreferences]: Enable LassoPartitioneer: true
[2020-06-17 18:55:35,857 INFO  L126   ssoRankerPreferences]: Term annotations enabled: false
[2020-06-17 18:55:35,857 INFO  L127   ssoRankerPreferences]: Use exernal solver: true
[2020-06-17 18:55:35,857 INFO  L128   ssoRankerPreferences]: SMT solver command: z3 -smt2 -in SMTLIB2_COMPLIANT=true
[2020-06-17 18:55:35,857 INFO  L129   ssoRankerPreferences]: Dump SMT script to file: false
[2020-06-17 18:55:35,857 INFO  L130   ssoRankerPreferences]: Path of dumped script: .
[2020-06-17 18:55:35,857 INFO  L131   ssoRankerPreferences]: Filename of dumped script: LassoRankerScript
[2020-06-17 18:55:35,857 INFO  L132   ssoRankerPreferences]: MapElimAlgo: Frank
[2020-06-17 18:55:35,857 INFO  L282          LassoAnalysis]: Starting lasso preprocessing...
[2020-06-17 18:55:35,872 INFO  L141          MapEliminator]: Using MapEliminator with SimplificationTechnique=SIMPLIFY_DDA XnfConversionTechnique=BOTTOM_UP_WITH_LOCAL_SIMPLIFICATION AddInequalities=false OnlyTrivialImplicationsArrayWrite=false OnlyTrivialImplicationsForModifiedArguments=true OnlyArgumentsInFormula=true
[2020-06-17 18:55:36,017 INFO  L300          LassoAnalysis]: Preprocessing complete.
[2020-06-17 18:55:36,018 INFO  L412          LassoAnalysis]: Checking for nontermination...
No working directory specified, using /home/lixie/LassoRankerExp/LassoRankerExp/z3
Starting monitored process 2 with z3 -smt2 -in SMTLIB2_COMPLIANT=true (exit command is (exit), workingDir is null)
Waiting until toolchain timeout for monitored process 2 with z3 -smt2 -in SMTLIB2_COMPLIANT=true
[2020-06-17 18:55:36,022 INFO  L151   nArgumentSynthesizer]: Nontermination analysis: LINEAR_WITH_GUESSES Allow bounded executions: true Number of generalized eigenvectors: 0 Nilpotent components: true
[2020-06-17 18:55:36,022 INFO  L163   nArgumentSynthesizer]: Using integer mode.
No working directory specified, using /home/lixie/LassoRankerExp/LassoRankerExp/z3
Starting monitored process 3 with z3 -smt2 -in SMTLIB2_COMPLIANT=true (exit command is (exit), workingDir is null)
Waiting until toolchain timeout for monitored process 3 with z3 -smt2 -in SMTLIB2_COMPLIANT=true
[2020-06-17 18:55:36,051 INFO  L151   nArgumentSynthesizer]: Nontermination analysis: LINEAR_WITH_GUESSES Allow bounded executions: true Number of generalized eigenvectors: 3 Nilpotent components: true
[2020-06-17 18:55:36,052 INFO  L163   nArgumentSynthesizer]: Using integer mode.
[2020-06-17 18:55:36,072 INFO  L452          LassoAnalysis]: Proving nontermination failed: No geometric nontermination argument exists.
[2020-06-17 18:55:36,073 INFO  L216          LassoAnalysis]: Preferences:
[2020-06-17 18:55:36,073 INFO  L124   ssoRankerPreferences]: Compute integeral hull: false
[2020-06-17 18:55:36,073 INFO  L125   ssoRankerPreferences]: Enable LassoPartitioneer: true
[2020-06-17 18:55:36,073 INFO  L126   ssoRankerPreferences]: Term annotations enabled: false
[2020-06-17 18:55:36,073 INFO  L127   ssoRankerPreferences]: Use exernal solver: true
[2020-06-17 18:55:36,073 INFO  L128   ssoRankerPreferences]: SMT solver command: z3 -smt2 -in SMTLIB2_COMPLIANT=true
[2020-06-17 18:55:36,074 INFO  L129   ssoRankerPreferences]: Dump SMT script to file: false
[2020-06-17 18:55:36,074 INFO  L130   ssoRankerPreferences]: Path of dumped script: .
[2020-06-17 18:55:36,074 INFO  L131   ssoRankerPreferences]: Filename of dumped script: LassoRankerScript
[2020-06-17 18:55:36,074 INFO  L132   ssoRankerPreferences]: MapElimAlgo: Frank
[2020-06-17 18:55:36,074 INFO  L282          LassoAnalysis]: Starting lasso preprocessing...
[2020-06-17 18:55:36,076 INFO  L141          MapEliminator]: Using MapEliminator with SimplificationTechnique=SIMPLIFY_DDA XnfConversionTechnique=BOTTOM_UP_WITH_LOCAL_SIMPLIFICATION AddInequalities=false OnlyTrivialImplicationsArrayWrite=false OnlyTrivialImplicationsForModifiedArguments=true OnlyArgumentsInFormula=true
[2020-06-17 18:55:36,180 INFO  L300          LassoAnalysis]: Preprocessing complete.
[2020-06-17 18:55:36,184 INFO  L497          LassoAnalysis]: Using template 'affine'.
No working directory specified, using /home/lixie/LassoRankerExp/LassoRankerExp/z3
Starting monitored process 4 with z3 -smt2 -in SMTLIB2_COMPLIANT=true (exit command is (exit), workingDir is null)
Waiting until toolchain timeout for monitored process 4 with z3 -smt2 -in SMTLIB2_COMPLIANT=true
[2020-06-17 18:55:36,186 INFO  L122   nArgumentSynthesizer]: Termination Analysis Settings:
Termination analysis: LINEAR_WITH_GUESSES
Number of strict supporting invariants: 1
Number of non-strict supporting invariants: 0
Consider only non-deceasing supporting invariants: true
Simplify termination arguments: true
Simplify supporting invariants: trueOverapproximate stem: false
[2020-06-17 18:55:36,188 INFO  L339   nArgumentSynthesizer]: Template has degree 0.
[2020-06-17 18:55:36,188 INFO  L352   nArgumentSynthesizer]: There is no stem transition; disabling supporting invariant generation.
[2020-06-17 18:55:36,189 INFO  L205   nArgumentSynthesizer]: 1 stem disjuncts
[2020-06-17 18:55:36,189 INFO  L206   nArgumentSynthesizer]: 2 loop disjuncts
[2020-06-17 18:55:36,189 INFO  L207   nArgumentSynthesizer]: 2 template conjuncts.
[2020-06-17 18:55:36,192 INFO  L402   nArgumentSynthesizer]: We have 4 Motzkin's Theorem applications.
[2020-06-17 18:55:36,192 INFO  L403   nArgumentSynthesizer]: A total of 0 supporting invariants were added.
[2020-06-17 18:55:36,195 INFO  L530          LassoAnalysis]: Proving termination failed for this template and these settings.
[2020-06-17 18:55:36,206 INFO  L497          LassoAnalysis]: Using template '2-nested'.
No working directory specified, using /home/lixie/LassoRankerExp/LassoRankerExp/z3
Starting monitored process 5 with z3 -smt2 -in SMTLIB2_COMPLIANT=true (exit command is (exit), workingDir is null)
Waiting until toolchain timeout for monitored process 5 with z3 -smt2 -in SMTLIB2_COMPLIANT=true
[2020-06-17 18:55:36,208 INFO  L122   nArgumentSynthesizer]: Termination Analysis Settings:
Termination analysis: LINEAR_WITH_GUESSES
Number of strict supporting invariants: 1
Number of non-strict supporting invariants: 0
Consider only non-deceasing supporting invariants: true
Simplify termination arguments: true
Simplify supporting invariants: trueOverapproximate stem: false
[2020-06-17 18:55:36,209 INFO  L339   nArgumentSynthesizer]: Template has degree 0.
[2020-06-17 18:55:36,209 INFO  L352   nArgumentSynthesizer]: There is no stem transition; disabling supporting invariant generation.
[2020-06-17 18:55:36,210 INFO  L205   nArgumentSynthesizer]: 1 stem disjuncts
[2020-06-17 18:55:36,210 INFO  L206   nArgumentSynthesizer]: 2 loop disjuncts
[2020-06-17 18:55:36,210 INFO  L207   nArgumentSynthesizer]: 3 template conjuncts.
[2020-06-17 18:55:36,212 INFO  L402   nArgumentSynthesizer]: We have 6 Motzkin's Theorem applications.
[2020-06-17 18:55:36,212 INFO  L403   nArgumentSynthesizer]: A total of 0 supporting invariants were added.
[2020-06-17 18:55:36,215 INFO  L530          LassoAnalysis]: Proving termination failed for this template and these settings.
[2020-06-17 18:55:36,227 INFO  L497          LassoAnalysis]: Using template '3-nested'.
No working directory specified, using /home/lixie/LassoRankerExp/LassoRankerExp/z3
Starting monitored process 6 with z3 -smt2 -in SMTLIB2_COMPLIANT=true (exit command is (exit), workingDir is null)
Waiting until toolchain timeout for monitored process 6 with z3 -smt2 -in SMTLIB2_COMPLIANT=true
[2020-06-17 18:55:36,229 INFO  L122   nArgumentSynthesizer]: Termination Analysis Settings:
Termination analysis: LINEAR_WITH_GUESSES
Number of strict supporting invariants: 1
Number of non-strict supporting invariants: 0
Consider only non-deceasing supporting invariants: true
Simplify termination arguments: true
Simplify supporting invariants: trueOverapproximate stem: false
[2020-06-17 18:55:36,230 INFO  L339   nArgumentSynthesizer]: Template has degree 0.
[2020-06-17 18:55:36,231 INFO  L352   nArgumentSynthesizer]: There is no stem transition; disabling supporting invariant generation.
[2020-06-17 18:55:36,231 INFO  L205   nArgumentSynthesizer]: 1 stem disjuncts
[2020-06-17 18:55:36,231 INFO  L206   nArgumentSynthesizer]: 2 loop disjuncts
[2020-06-17 18:55:36,231 INFO  L207   nArgumentSynthesizer]: 4 template conjuncts.
[2020-06-17 18:55:36,235 INFO  L402   nArgumentSynthesizer]: We have 8 Motzkin's Theorem applications.
[2020-06-17 18:55:36,235 INFO  L403   nArgumentSynthesizer]: A total of 0 supporting invariants were added.
[2020-06-17 18:55:36,240 INFO  L530          LassoAnalysis]: Proving termination failed for this template and these settings.
[2020-06-17 18:55:36,261 INFO  L497          LassoAnalysis]: Using template '4-nested'.
No working directory specified, using /home/lixie/LassoRankerExp/LassoRankerExp/z3
Starting monitored process 7 with z3 -smt2 -in SMTLIB2_COMPLIANT=true (exit command is (exit), workingDir is null)
Waiting until toolchain timeout for monitored process 7 with z3 -smt2 -in SMTLIB2_COMPLIANT=true
[2020-06-17 18:55:36,263 INFO  L122   nArgumentSynthesizer]: Termination Analysis Settings:
Termination analysis: LINEAR_WITH_GUESSES
Number of strict supporting invariants: 1
Number of non-strict supporting invariants: 0
Consider only non-deceasing supporting invariants: true
Simplify termination arguments: true
Simplify supporting invariants: trueOverapproximate stem: false
[2020-06-17 18:55:36,265 INFO  L339   nArgumentSynthesizer]: Template has degree 0.
[2020-06-17 18:55:36,265 INFO  L352   nArgumentSynthesizer]: There is no stem transition; disabling supporting invariant generation.
[2020-06-17 18:55:36,265 INFO  L205   nArgumentSynthesizer]: 1 stem disjuncts
[2020-06-17 18:55:36,265 INFO  L206   nArgumentSynthesizer]: 2 loop disjuncts
[2020-06-17 18:55:36,266 INFO  L207   nArgumentSynthesizer]: 5 template conjuncts.
[2020-06-17 18:55:36,270 INFO  L402   nArgumentSynthesizer]: We have 10 Motzkin's Theorem applications.
[2020-06-17 18:55:36,270 INFO  L403   nArgumentSynthesizer]: A total of 0 supporting invariants were added.
[2020-06-17 18:55:36,274 INFO  L530          LassoAnalysis]: Proving termination failed for this template and these settings.
[2020-06-17 18:55:36,286 INFO  L497          LassoAnalysis]: Using template '2-phase'.
No working directory specified, using /home/lixie/LassoRankerExp/LassoRankerExp/z3
Starting monitored process 8 with z3 -smt2 -in SMTLIB2_COMPLIANT=true (exit command is (exit), workingDir is null)
Waiting until toolchain timeout for monitored process 8 with z3 -smt2 -in SMTLIB2_COMPLIANT=true
[2020-06-17 18:55:36,288 INFO  L122   nArgumentSynthesizer]: Termination Analysis Settings:
Termination analysis: LINEAR_WITH_GUESSES
Number of strict supporting invariants: 1
Number of non-strict supporting invariants: 0
Consider only non-deceasing supporting invariants: true
Simplify termination arguments: true
Simplify supporting invariants: trueOverapproximate stem: false
[2020-06-17 18:55:36,289 WARN  L334   nArgumentSynthesizer]: Using a linear SMT query and a templates of degree > 0, hence this method is incomplete.
[2020-06-17 18:55:36,289 INFO  L339   nArgumentSynthesizer]: Template has degree 1.
[2020-06-17 18:55:36,289 INFO  L352   nArgumentSynthesizer]: There is no stem transition; disabling supporting invariant generation.
[2020-06-17 18:55:36,289 INFO  L205   nArgumentSynthesizer]: 1 stem disjuncts
[2020-06-17 18:55:36,289 INFO  L206   nArgumentSynthesizer]: 2 loop disjuncts
[2020-06-17 18:55:36,289 INFO  L207   nArgumentSynthesizer]: 3 template conjuncts.
[2020-06-17 18:55:36,292 INFO  L402   nArgumentSynthesizer]: We have 6 Motzkin's Theorem applications.
[2020-06-17 18:55:36,292 INFO  L403   nArgumentSynthesizer]: A total of 0 supporting invariants were added.
[2020-06-17 18:55:36,297 INFO  L530          LassoAnalysis]: Proving termination failed for this template and these settings.
[2020-06-17 18:55:36,309 INFO  L497          LassoAnalysis]: Using template 'lex(affine, affine)'.
No working directory specified, using /home/lixie/LassoRankerExp/LassoRankerExp/z3
Starting monitored process 9 with z3 -smt2 -in SMTLIB2_COMPLIANT=true (exit command is (exit), workingDir is null)
Waiting until toolchain timeout for monitored process 9 with z3 -smt2 -in SMTLIB2_COMPLIANT=true
[2020-06-17 18:55:36,316 INFO  L122   nArgumentSynthesizer]: Termination Analysis Settings:
Termination analysis: LINEAR_WITH_GUESSES
Number of strict supporting invariants: 1
Number of non-strict supporting invariants: 0
Consider only non-deceasing supporting invariants: true
Simplify termination arguments: true
Simplify supporting invariants: trueOverapproximate stem: false
[2020-06-17 18:55:36,317 WARN  L334   nArgumentSynthesizer]: Using a linear SMT query and a templates of degree > 0, hence this method is incomplete.
[2020-06-17 18:55:36,318 INFO  L339   nArgumentSynthesizer]: Template has degree 5.
[2020-06-17 18:55:36,318 INFO  L352   nArgumentSynthesizer]: There is no stem transition; disabling supporting invariant generation.
[2020-06-17 18:55:36,318 INFO  L205   nArgumentSynthesizer]: 1 stem disjuncts
[2020-06-17 18:55:36,318 INFO  L206   nArgumentSynthesizer]: 2 loop disjuncts
[2020-06-17 18:55:36,318 INFO  L207   nArgumentSynthesizer]: 4 template conjuncts.
[2020-06-17 18:55:36,322 INFO  L402   nArgumentSynthesizer]: We have 8 Motzkin's Theorem applications.
[2020-06-17 18:55:36,322 INFO  L403   nArgumentSynthesizer]: A total of 0 supporting invariants were added.
[2020-06-17 18:55:36,327 INFO  L530          LassoAnalysis]: Proving termination failed for this template and these settings.
[2020-06-17 18:55:36,347 INFO  L497          LassoAnalysis]: Using template '2-piece'.
No working directory specified, using /home/lixie/LassoRankerExp/LassoRankerExp/z3
Starting monitored process 10 with z3 -smt2 -in SMTLIB2_COMPLIANT=true (exit command is (exit), workingDir is null)
Waiting until toolchain timeout for monitored process 10 with z3 -smt2 -in SMTLIB2_COMPLIANT=true
[2020-06-17 18:55:36,349 INFO  L122   nArgumentSynthesizer]: Termination Analysis Settings:
Termination analysis: LINEAR_WITH_GUESSES
Number of strict supporting invariants: 1
Number of non-strict supporting invariants: 0
Consider only non-deceasing supporting invariants: true
Simplify termination arguments: true
Simplify supporting invariants: trueOverapproximate stem: false
[2020-06-17 18:55:36,350 WARN  L334   nArgumentSynthesizer]: Using a linear SMT query and a templates of degree > 0, hence this method is incomplete.
[2020-06-17 18:55:36,350 INFO  L339   nArgumentSynthesizer]: Template has degree 7.
[2020-06-17 18:55:36,350 INFO  L352   nArgumentSynthesizer]: There is no stem transition; disabling supporting invariant generation.
[2020-06-17 18:55:36,350 INFO  L205   nArgumentSynthesizer]: 1 stem disjuncts
[2020-06-17 18:55:36,350 INFO  L206   nArgumentSynthesizer]: 2 loop disjuncts
[2020-06-17 18:55:36,351 INFO  L207   nArgumentSynthesizer]: 7 template conjuncts.
[2020-06-17 18:55:36,359 INFO  L402   nArgumentSynthesizer]: We have 14 Motzkin's Theorem applications.
[2020-06-17 18:55:36,360 INFO  L403   nArgumentSynthesizer]: A total of 0 supporting invariants were added.
[2020-06-17 18:55:36,394 INFO  L530          LassoAnalysis]: Proving termination failed for this template and these settings.
[2020-06-17 18:55:36,406 INFO  L497          LassoAnalysis]: Using template '2-parallel'.
No working directory specified, using /home/lixie/LassoRankerExp/LassoRankerExp/z3
Starting monitored process 11 with z3 -smt2 -in SMTLIB2_COMPLIANT=true (exit command is (exit), workingDir is null)
Waiting until toolchain timeout for monitored process 11 with z3 -smt2 -in SMTLIB2_COMPLIANT=true
[2020-06-17 18:55:36,408 INFO  L122   nArgumentSynthesizer]: Termination Analysis Settings:
Termination analysis: LINEAR_WITH_GUESSES
Number of strict supporting invariants: 1
Number of non-strict supporting invariants: 0
Consider only non-deceasing supporting invariants: true
Simplify termination arguments: true
Simplify supporting invariants: trueOverapproximate stem: false
[2020-06-17 18:55:36,409 WARN  L334   nArgumentSynthesizer]: Using a linear SMT query and a templates of degree > 0, hence this method is incomplete.
[2020-06-17 18:55:36,409 INFO  L339   nArgumentSynthesizer]: Template has degree 4.
[2020-06-17 18:55:36,409 INFO  L352   nArgumentSynthesizer]: There is no stem transition; disabling supporting invariant generation.
[2020-06-17 18:55:36,410 INFO  L205   nArgumentSynthesizer]: 1 stem disjuncts
[2020-06-17 18:55:36,410 INFO  L206   nArgumentSynthesizer]: 2 loop disjuncts
[2020-06-17 18:55:36,410 INFO  L207   nArgumentSynthesizer]: 6 template conjuncts.
[2020-06-17 18:55:36,415 INFO  L402   nArgumentSynthesizer]: We have 12 Motzkin's Theorem applications.
[2020-06-17 18:55:36,415 INFO  L403   nArgumentSynthesizer]: A total of 0 supporting invariants were added.
[2020-06-17 18:55:36,430 INFO  L530          LassoAnalysis]: Proving termination failed for this template and these settings.
[2020-06-17 18:55:36,443 INFO  L489     LassoRankerStarter]: LassoRanker could not prove termination or nontermination of the given linear lasso program.
Templates: AffineTemplate NestedTemplate NestedTemplate NestedTemplate MultiphaseTemplate ComposedLexicographicTemplate PiecewiseTemplate ParallelTemplate
[2020-06-17 18:55:36,444 INFO  L132        PluginConnector]: ------------------------ END LassoRanker----------------------------
[2020-06-17 18:55:36,444 INFO  L168              Benchmark]: Toolchain (without parser) took 825.98 ms. Allocated memory was 514.9 MB in the beginning and 534.2 MB in the end (delta: 19.4 MB). Free memory was 472.9 MB in the beginning and 484.4 MB in the end (delta: -11.5 MB). Peak memory consumption was 120.4 MB. Max. memory is 11.5 GB.
[2020-06-17 18:55:36,445 INFO  L168              Benchmark]: Boogie PL CUP Parser took 0.09 ms. Allocated memory is still 514.9 MB. Free memory is still 474.4 MB. There was no memory consumed. Max. memory is 11.5 GB.
[2020-06-17 18:55:36,446 INFO  L168              Benchmark]: Boogie Preprocessor took 23.43 ms. Allocated memory is still 514.9 MB. Free memory was 471.5 MB in the beginning and 470.2 MB in the end (delta: 1.3 MB). Peak memory consumption was 1.3 MB. Max. memory is 11.5 GB.
[2020-06-17 18:55:36,446 INFO  L168              Benchmark]: RCFGBuilder took 111.89 ms. Allocated memory is still 514.9 MB. Free memory was 470.2 MB in the beginning and 459.3 MB in the end (delta: 10.8 MB). Peak memory consumption was 10.8 MB. Max. memory is 11.5 GB.
[2020-06-17 18:55:36,447 INFO  L168              Benchmark]: LassoRanker took 682.92 ms. Allocated memory was 514.9 MB in the beginning and 534.2 MB in the end (delta: 19.4 MB). Free memory was 459.3 MB in the beginning and 484.4 MB in the end (delta: -25.1 MB). Peak memory consumption was 106.8 MB. Max. memory is 11.5 GB.
[2020-06-17 18:55:36,450 INFO  L336   ainManager$Toolchain]: #######################  End [Toolchain 1] #######################
 --- Results ---
 * Results from de.uni_freiburg.informatik.ultimate.core:
  - StatisticsResult: Toolchain Benchmarks
    Benchmark results are:
 * Boogie PL CUP Parser took 0.09 ms. Allocated memory is still 514.9 MB. Free memory is still 474.4 MB. There was no memory consumed. Max. memory is 11.5 GB.
 * Boogie Preprocessor took 23.43 ms. Allocated memory is still 514.9 MB. Free memory was 471.5 MB in the beginning and 470.2 MB in the end (delta: 1.3 MB). Peak memory consumption was 1.3 MB. Max. memory is 11.5 GB.
 * RCFGBuilder took 111.89 ms. Allocated memory is still 514.9 MB. Free memory was 470.2 MB in the beginning and 459.3 MB in the end (delta: 10.8 MB). Peak memory consumption was 10.8 MB. Max. memory is 11.5 GB.
 * LassoRanker took 682.92 ms. Allocated memory was 514.9 MB in the beginning and 534.2 MB in the end (delta: 19.4 MB). Free memory was 459.3 MB in the beginning and 484.4 MB in the end (delta: -25.1 MB). Peak memory consumption was 106.8 MB. Max. memory is 11.5 GB.
 * Results from de.uni_freiburg.informatik.ultimate.plugins.analysis.lassoranker:
  - NoResult [Line: 1]: LassoRanker could not prove termination
    LassoRanker could not prove termination or nontermination of the given linear lasso program.
Templates: AffineTemplate NestedTemplate NestedTemplate NestedTemplate MultiphaseTemplate ComposedLexicographicTemplate PiecewiseTemplate ParallelTemplate
RESULT: Ultimate could not prove your program: Toolchain returned no result.
Received shutdown request...
Ultimate:
GTK+ Version Check
