This is Ultimate 0.1.24-16d85fa
[2020-06-17 18:55:53,795 INFO  L170        SettingsManager]: Resetting all preferences to default values...
[2020-06-17 18:55:53,796 INFO  L174        SettingsManager]: Resetting UltimateCore preferences to default values
[2020-06-17 18:55:53,806 INFO  L177        SettingsManager]: Ultimate Commandline Interface provides no preferences, ignoring...
[2020-06-17 18:55:53,806 INFO  L174        SettingsManager]: Resetting Boogie Preprocessor preferences to default values
[2020-06-17 18:55:53,807 INFO  L174        SettingsManager]: Resetting Boogie Procedure Inliner preferences to default values
[2020-06-17 18:55:53,808 INFO  L174        SettingsManager]: Resetting Abstract Interpretation preferences to default values
[2020-06-17 18:55:53,809 INFO  L174        SettingsManager]: Resetting LassoRanker preferences to default values
[2020-06-17 18:55:53,810 INFO  L174        SettingsManager]: Resetting Reaching Definitions preferences to default values
[2020-06-17 18:55:53,810 INFO  L174        SettingsManager]: Resetting SyntaxChecker preferences to default values
[2020-06-17 18:55:53,811 INFO  L177        SettingsManager]: Büchi Program Product provides no preferences, ignoring...
[2020-06-17 18:55:53,811 INFO  L174        SettingsManager]: Resetting LTL2Aut preferences to default values
[2020-06-17 18:55:53,811 INFO  L174        SettingsManager]: Resetting PEA to Boogie preferences to default values
[2020-06-17 18:55:53,812 INFO  L174        SettingsManager]: Resetting BlockEncodingV2 preferences to default values
[2020-06-17 18:55:53,812 INFO  L174        SettingsManager]: Resetting ChcToBoogie preferences to default values
[2020-06-17 18:55:53,813 INFO  L174        SettingsManager]: Resetting AutomataScriptInterpreter preferences to default values
[2020-06-17 18:55:53,813 INFO  L174        SettingsManager]: Resetting BuchiAutomizer preferences to default values
[2020-06-17 18:55:53,814 INFO  L174        SettingsManager]: Resetting CACSL2BoogieTranslator preferences to default values
[2020-06-17 18:55:53,816 INFO  L174        SettingsManager]: Resetting CodeCheck preferences to default values
[2020-06-17 18:55:53,817 INFO  L174        SettingsManager]: Resetting InvariantSynthesis preferences to default values
[2020-06-17 18:55:53,817 INFO  L174        SettingsManager]: Resetting RCFGBuilder preferences to default values
[2020-06-17 18:55:53,818 INFO  L174        SettingsManager]: Resetting TraceAbstraction preferences to default values
[2020-06-17 18:55:53,819 INFO  L177        SettingsManager]: TraceAbstractionConcurrent provides no preferences, ignoring...
[2020-06-17 18:55:53,819 INFO  L177        SettingsManager]: TraceAbstractionWithAFAs provides no preferences, ignoring...
[2020-06-17 18:55:53,820 INFO  L174        SettingsManager]: Resetting TreeAutomizer preferences to default values
[2020-06-17 18:55:53,820 INFO  L174        SettingsManager]: Resetting IcfgTransformer preferences to default values
[2020-06-17 18:55:53,821 INFO  L174        SettingsManager]: Resetting Boogie Printer preferences to default values
[2020-06-17 18:55:53,821 INFO  L174        SettingsManager]: Resetting ReqPrinter preferences to default values
[2020-06-17 18:55:53,821 INFO  L174        SettingsManager]: Resetting Witness Printer preferences to default values
[2020-06-17 18:55:53,822 INFO  L177        SettingsManager]: Boogie PL CUP Parser provides no preferences, ignoring...
[2020-06-17 18:55:53,822 INFO  L174        SettingsManager]: Resetting CDTParser preferences to default values
[2020-06-17 18:55:53,822 INFO  L177        SettingsManager]: AutomataScriptParser provides no preferences, ignoring...
[2020-06-17 18:55:53,823 INFO  L177        SettingsManager]: ReqParser provides no preferences, ignoring...
[2020-06-17 18:55:53,823 INFO  L174        SettingsManager]: Resetting SmtParser preferences to default values
[2020-06-17 18:55:53,823 INFO  L174        SettingsManager]: Resetting Witness Parser preferences to default values
[2020-06-17 18:55:53,824 INFO  L181        SettingsManager]: Finished resetting all preferences to default values...
[2020-06-17 18:55:53,838 INFO  L81    nceAwareModelManager]: Repository-Root is: /tmp
[2020-06-17 18:55:53,846 INFO  L258   ainManager$Toolchain]: [Toolchain 1]: Applicable parser(s) successfully (re)initialized
[2020-06-17 18:55:53,848 INFO  L214   ainManager$Toolchain]: [Toolchain 1]: Toolchain selected.
[2020-06-17 18:55:53,849 INFO  L271        PluginConnector]: Initializing Boogie PL CUP Parser...
[2020-06-17 18:55:53,850 INFO  L276        PluginConnector]: Boogie PL CUP Parser initialized
[2020-06-17 18:55:53,850 INFO  L418   ainManager$Toolchain]: [Toolchain 1]: Parsing single file: /home/lixie/LassoRankerExp/LassoRankerExp/./C_Boogie/PastaB4.bpl
[2020-06-17 18:55:53,850 INFO  L111           BoogieParser]: Parsing: '/home/lixie/LassoRankerExp/LassoRankerExp/./C_Boogie/PastaB4.bpl'
[2020-06-17 18:55:53,869 INFO  L296   ainManager$Toolchain]: ####################### [Toolchain 1] #######################
[2020-06-17 18:55:53,876 INFO  L131        ToolchainWalker]: Walking toolchain with 3 elements.
[2020-06-17 18:55:53,877 INFO  L113        PluginConnector]: ------------------------Boogie Preprocessor----------------------------
[2020-06-17 18:55:53,877 INFO  L271        PluginConnector]: Initializing Boogie Preprocessor...
[2020-06-17 18:55:53,877 INFO  L276        PluginConnector]: Boogie Preprocessor initialized
[2020-06-17 18:55:53,891 INFO  L185        PluginConnector]: Executing the observer EnsureBoogieModelObserver from plugin Boogie Preprocessor for "PastaB4.bpl de.uni_freiburg.informatik.ultimate.boogie.parser AST 17.06 06:55:53" (1/1) ...
[2020-06-17 18:55:53,892 INFO  L185        PluginConnector]: Executing the observer TypeChecker from plugin Boogie Preprocessor for "PastaB4.bpl de.uni_freiburg.informatik.ultimate.boogie.parser AST 17.06 06:55:53" (1/1) ...
[2020-06-17 18:55:53,896 INFO  L185        PluginConnector]: Executing the observer ConstExpander from plugin Boogie Preprocessor for "PastaB4.bpl de.uni_freiburg.informatik.ultimate.boogie.parser AST 17.06 06:55:53" (1/1) ...
[2020-06-17 18:55:53,896 INFO  L185        PluginConnector]: Executing the observer StructExpander from plugin Boogie Preprocessor for "PastaB4.bpl de.uni_freiburg.informatik.ultimate.boogie.parser AST 17.06 06:55:53" (1/1) ...
[2020-06-17 18:55:53,897 INFO  L185        PluginConnector]: Executing the observer UnstructureCode from plugin Boogie Preprocessor for "PastaB4.bpl de.uni_freiburg.informatik.ultimate.boogie.parser AST 17.06 06:55:53" (1/1) ...
[2020-06-17 18:55:53,899 INFO  L185        PluginConnector]: Executing the observer FunctionInliner from plugin Boogie Preprocessor for "PastaB4.bpl de.uni_freiburg.informatik.ultimate.boogie.parser AST 17.06 06:55:53" (1/1) ...
[2020-06-17 18:55:53,900 INFO  L185        PluginConnector]: Executing the observer BoogieSymbolTableConstructor from plugin Boogie Preprocessor for "PastaB4.bpl de.uni_freiburg.informatik.ultimate.boogie.parser AST 17.06 06:55:53" (1/1) ...
[2020-06-17 18:55:53,900 INFO  L132        PluginConnector]: ------------------------ END Boogie Preprocessor----------------------------
[2020-06-17 18:55:53,901 INFO  L113        PluginConnector]: ------------------------RCFGBuilder----------------------------
[2020-06-17 18:55:53,901 INFO  L271        PluginConnector]: Initializing RCFGBuilder...
[2020-06-17 18:55:53,901 INFO  L276        PluginConnector]: RCFGBuilder initialized
[2020-06-17 18:55:53,902 INFO  L185        PluginConnector]: Executing the observer RCFGBuilderObserver from plugin RCFGBuilder for "PastaB4.bpl de.uni_freiburg.informatik.ultimate.boogie.parser AST 17.06 06:55:53" (1/1) ...
No working directory specified, using /home/lixie/LassoRankerExp/LassoRankerExp/z3
Starting monitored process 1 with z3 SMTLIB2_COMPLIANT=true -memory:1024 -smt2 -in -t:12000 (exit command is (exit), workingDir is null)
Waiting until toolchain timeout for monitored process 1 with z3 SMTLIB2_COMPLIANT=true -memory:1024 -smt2 -in -t:12000
[2020-06-17 18:55:53,936 INFO  L124     BoogieDeclarations]: Specification and implementation of procedure main given in one single declaration
[2020-06-17 18:55:53,936 INFO  L130     BoogieDeclarations]: Found specification of procedure main
[2020-06-17 18:55:53,937 INFO  L138     BoogieDeclarations]: Found implementation of procedure main
[2020-06-17 18:55:53,997 INFO  L278             CfgBuilder]: Using library mode
[2020-06-17 18:55:53,998 INFO  L286             CfgBuilder]: Removed 0 assue(true) statements.
[2020-06-17 18:55:53,998 INFO  L202        PluginConnector]: Adding new model PastaB4.bpl de.uni_freiburg.informatik.ultimate.plugins.generator.rcfgbuilder CFG 17.06 06:55:53 BoogieIcfgContainer
[2020-06-17 18:55:53,998 INFO  L132        PluginConnector]: ------------------------ END RCFGBuilder----------------------------
[2020-06-17 18:55:53,999 INFO  L113        PluginConnector]: ------------------------LassoRanker----------------------------
[2020-06-17 18:55:53,999 INFO  L271        PluginConnector]: Initializing LassoRanker...
[2020-06-17 18:55:53,999 INFO  L276        PluginConnector]: LassoRanker initialized
[2020-06-17 18:55:53,999 INFO  L185        PluginConnector]: Executing the observer LassoRankerObserver from plugin LassoRanker for "PastaB4.bpl de.uni_freiburg.informatik.ultimate.plugins.generator.rcfgbuilder CFG 17.06 06:55:53" (1/1) ...
[2020-06-17 18:55:54,016 INFO  L72            BuchiIsEmpty]: Start buchiIsEmpty. Operand 2 states.
[2020-06-17 18:55:54,029 INFO  L131   ngComponentsAnalysis]: Automaton has 1 accepting balls. 1
[2020-06-17 18:55:54,029 INFO  L87            BuchiIsEmpty]: Finished buchiIsEmpty Result is false
[2020-06-17 18:55:54,029 INFO  L119           BuchiIsEmpty]: Starting construction of run
[2020-06-17 18:55:54,034 INFO  L104     BuchiDifferenceFKV]: Start buchiDifferenceFKV. First operand 2 states. Second operand 1 states.
[2020-06-17 18:55:54,041 INFO  L108     BuchiDifferenceFKV]: Finished buchiDifferenceFKV. First operand 2 states. Second operand 1 states. Result 3 states and 4 transitions. Complement of second has 2 states 2 powerset states0 rank states. The highest rank that occured is -1
[2020-06-17 18:55:54,042 INFO  L72            BuchiIsEmpty]: Start buchiIsEmpty. Operand 3 states and 4 transitions.
[2020-06-17 18:55:54,042 INFO  L131   ngComponentsAnalysis]: Automaton has 0 accepting balls. 0
[2020-06-17 18:55:54,042 INFO  L87            BuchiIsEmpty]: Finished buchiIsEmpty Result is true
[2020-06-17 18:55:54,068 INFO  L216          LassoAnalysis]: Preferences:
[2020-06-17 18:55:54,069 INFO  L124   ssoRankerPreferences]: Compute integeral hull: false
[2020-06-17 18:55:54,069 INFO  L125   ssoRankerPreferences]: Enable LassoPartitioneer: true
[2020-06-17 18:55:54,069 INFO  L126   ssoRankerPreferences]: Term annotations enabled: false
[2020-06-17 18:55:54,069 INFO  L127   ssoRankerPreferences]: Use exernal solver: true
[2020-06-17 18:55:54,069 INFO  L128   ssoRankerPreferences]: SMT solver command: z3 -smt2 -in SMTLIB2_COMPLIANT=true
[2020-06-17 18:55:54,069 INFO  L129   ssoRankerPreferences]: Dump SMT script to file: false
[2020-06-17 18:55:54,069 INFO  L130   ssoRankerPreferences]: Path of dumped script: .
[2020-06-17 18:55:54,069 INFO  L131   ssoRankerPreferences]: Filename of dumped script: LassoRankerScript
[2020-06-17 18:55:54,070 INFO  L132   ssoRankerPreferences]: MapElimAlgo: Frank
[2020-06-17 18:55:54,070 INFO  L282          LassoAnalysis]: Starting lasso preprocessing...
[2020-06-17 18:55:54,083 INFO  L141          MapEliminator]: Using MapEliminator with SimplificationTechnique=SIMPLIFY_DDA XnfConversionTechnique=BOTTOM_UP_WITH_LOCAL_SIMPLIFICATION AddInequalities=false OnlyTrivialImplicationsArrayWrite=false OnlyTrivialImplicationsForModifiedArguments=true OnlyArgumentsInFormula=true
[2020-06-17 18:55:54,133 INFO  L300          LassoAnalysis]: Preprocessing complete.
[2020-06-17 18:55:54,133 INFO  L412          LassoAnalysis]: Checking for nontermination...
No working directory specified, using /home/lixie/LassoRankerExp/LassoRankerExp/z3
Starting monitored process 2 with z3 -smt2 -in SMTLIB2_COMPLIANT=true (exit command is (exit), workingDir is null)
Waiting until toolchain timeout for monitored process 2 with z3 -smt2 -in SMTLIB2_COMPLIANT=true
[2020-06-17 18:55:54,136 INFO  L151   nArgumentSynthesizer]: Nontermination analysis: LINEAR_WITH_GUESSES Allow bounded executions: true Number of generalized eigenvectors: 0 Nilpotent components: true
[2020-06-17 18:55:54,136 INFO  L163   nArgumentSynthesizer]: Using integer mode.
No working directory specified, using /home/lixie/LassoRankerExp/LassoRankerExp/z3
Starting monitored process 3 with z3 -smt2 -in SMTLIB2_COMPLIANT=true (exit command is (exit), workingDir is null)
Waiting until toolchain timeout for monitored process 3 with z3 -smt2 -in SMTLIB2_COMPLIANT=true
[2020-06-17 18:55:54,156 INFO  L151   nArgumentSynthesizer]: Nontermination analysis: LINEAR_WITH_GUESSES Allow bounded executions: true Number of generalized eigenvectors: 3 Nilpotent components: true
[2020-06-17 18:55:54,156 INFO  L163   nArgumentSynthesizer]: Using integer mode.
[2020-06-17 18:55:54,181 INFO  L452          LassoAnalysis]: Proving nontermination failed: No geometric nontermination argument exists.
[2020-06-17 18:55:54,182 INFO  L216          LassoAnalysis]: Preferences:
[2020-06-17 18:55:54,182 INFO  L124   ssoRankerPreferences]: Compute integeral hull: false
[2020-06-17 18:55:54,183 INFO  L125   ssoRankerPreferences]: Enable LassoPartitioneer: true
[2020-06-17 18:55:54,183 INFO  L126   ssoRankerPreferences]: Term annotations enabled: false
[2020-06-17 18:55:54,183 INFO  L127   ssoRankerPreferences]: Use exernal solver: true
[2020-06-17 18:55:54,183 INFO  L128   ssoRankerPreferences]: SMT solver command: z3 -smt2 -in SMTLIB2_COMPLIANT=true
[2020-06-17 18:55:54,183 INFO  L129   ssoRankerPreferences]: Dump SMT script to file: false
[2020-06-17 18:55:54,183 INFO  L130   ssoRankerPreferences]: Path of dumped script: .
[2020-06-17 18:55:54,183 INFO  L131   ssoRankerPreferences]: Filename of dumped script: LassoRankerScript
[2020-06-17 18:55:54,183 INFO  L132   ssoRankerPreferences]: MapElimAlgo: Frank
[2020-06-17 18:55:54,183 INFO  L282          LassoAnalysis]: Starting lasso preprocessing...
[2020-06-17 18:55:54,184 INFO  L141          MapEliminator]: Using MapEliminator with SimplificationTechnique=SIMPLIFY_DDA XnfConversionTechnique=BOTTOM_UP_WITH_LOCAL_SIMPLIFICATION AddInequalities=false OnlyTrivialImplicationsArrayWrite=false OnlyTrivialImplicationsForModifiedArguments=true OnlyArgumentsInFormula=true
[2020-06-17 18:55:54,222 INFO  L300          LassoAnalysis]: Preprocessing complete.
[2020-06-17 18:55:54,226 INFO  L497          LassoAnalysis]: Using template 'affine'.
No working directory specified, using /home/lixie/LassoRankerExp/LassoRankerExp/z3
Starting monitored process 4 with z3 -smt2 -in SMTLIB2_COMPLIANT=true (exit command is (exit), workingDir is null)
Waiting until toolchain timeout for monitored process 4 with z3 -smt2 -in SMTLIB2_COMPLIANT=true
[2020-06-17 18:55:54,229 INFO  L122   nArgumentSynthesizer]: Termination Analysis Settings:
Termination analysis: LINEAR_WITH_GUESSES
Number of strict supporting invariants: 1
Number of non-strict supporting invariants: 0
Consider only non-deceasing supporting invariants: true
Simplify termination arguments: true
Simplify supporting invariants: trueOverapproximate stem: false
[2020-06-17 18:55:54,230 INFO  L339   nArgumentSynthesizer]: Template has degree 0.
[2020-06-17 18:55:54,231 INFO  L352   nArgumentSynthesizer]: There is no stem transition; disabling supporting invariant generation.
[2020-06-17 18:55:54,231 INFO  L205   nArgumentSynthesizer]: 1 stem disjuncts
[2020-06-17 18:55:54,231 INFO  L206   nArgumentSynthesizer]: 1 loop disjuncts
[2020-06-17 18:55:54,231 INFO  L207   nArgumentSynthesizer]: 2 template conjuncts.
[2020-06-17 18:55:54,234 INFO  L402   nArgumentSynthesizer]: We have 2 Motzkin's Theorem applications.
[2020-06-17 18:55:54,234 INFO  L403   nArgumentSynthesizer]: A total of 0 supporting invariants were added.
[2020-06-17 18:55:54,236 INFO  L421   nArgumentSynthesizer]: Found a termination argument, trying to simplify.
[2020-06-17 18:55:54,241 INFO  L443   ModelExtractionUtils]: Simplification made 3 calls to the SMT solver.
[2020-06-17 18:55:54,242 INFO  L444   ModelExtractionUtils]: 2 out of 5 variables were initially zero. Simplification set additionally 0 variables to zero.
No working directory specified, using /home/lixie/LassoRankerExp/LassoRankerExp/z3
Starting monitored process 5 with z3 -smt2 -in SMTLIB2_COMPLIANT=true (exit command is (exit), workingDir is null)
Waiting until toolchain timeout for monitored process 5 with z3 -smt2 -in SMTLIB2_COMPLIANT=true
[2020-06-17 18:55:54,244 INFO  L437   nArgumentSynthesizer]: Simplifying supporting invariants...
[2020-06-17 18:55:54,244 INFO  L440   nArgumentSynthesizer]: Removed 0 redundant supporting invariants from a total of 0.
[2020-06-17 18:55:54,245 INFO  L518          LassoAnalysis]: Proved termination.
[2020-06-17 18:55:54,245 INFO  L520          LassoAnalysis]: Termination argument consisting of:
Ranking function f(main_x, main_y) = 1*main_x - 1*main_y
Supporting invariants []
[2020-06-17 18:55:54,272 INFO  L132        PluginConnector]: ------------------------ END LassoRanker----------------------------
[2020-06-17 18:55:54,273 INFO  L168              Benchmark]: Toolchain (without parser) took 404.08 ms. Allocated memory is still 514.9 MB. Free memory was 472.9 MB in the beginning and 420.8 MB in the end (delta: 52.1 MB). Peak memory consumption was 52.1 MB. Max. memory is 11.5 GB.
[2020-06-17 18:55:54,274 INFO  L168              Benchmark]: Boogie PL CUP Parser took 0.10 ms. Allocated memory is still 514.9 MB. Free memory is still 474.4 MB. There was no memory consumed. Max. memory is 11.5 GB.
[2020-06-17 18:55:54,275 INFO  L168              Benchmark]: Boogie Preprocessor took 23.86 ms. Allocated memory is still 514.9 MB. Free memory was 471.5 MB in the beginning and 470.2 MB in the end (delta: 1.3 MB). Peak memory consumption was 1.3 MB. Max. memory is 11.5 GB.
[2020-06-17 18:55:54,275 INFO  L168              Benchmark]: RCFGBuilder took 97.60 ms. Allocated memory is still 514.9 MB. Free memory was 470.2 MB in the beginning and 460.7 MB in the end (delta: 9.4 MB). Peak memory consumption was 9.4 MB. Max. memory is 11.5 GB.
[2020-06-17 18:55:54,276 INFO  L168              Benchmark]: LassoRanker took 273.73 ms. Allocated memory is still 514.9 MB. Free memory was 460.7 MB in the beginning and 420.8 MB in the end (delta: 39.9 MB). Peak memory consumption was 39.9 MB. Max. memory is 11.5 GB.
[2020-06-17 18:55:54,277 INFO  L336   ainManager$Toolchain]: #######################  End [Toolchain 1] #######################
 --- Results ---
 * Results from de.uni_freiburg.informatik.ultimate.core:
  - StatisticsResult: Toolchain Benchmarks
    Benchmark results are:
 * Boogie PL CUP Parser took 0.10 ms. Allocated memory is still 514.9 MB. Free memory is still 474.4 MB. There was no memory consumed. Max. memory is 11.5 GB.
 * Boogie Preprocessor took 23.86 ms. Allocated memory is still 514.9 MB. Free memory was 471.5 MB in the beginning and 470.2 MB in the end (delta: 1.3 MB). Peak memory consumption was 1.3 MB. Max. memory is 11.5 GB.
 * RCFGBuilder took 97.60 ms. Allocated memory is still 514.9 MB. Free memory was 470.2 MB in the beginning and 460.7 MB in the end (delta: 9.4 MB). Peak memory consumption was 9.4 MB. Max. memory is 11.5 GB.
 * LassoRanker took 273.73 ms. Allocated memory is still 514.9 MB. Free memory was 460.7 MB in the beginning and 420.8 MB in the end (delta: 39.9 MB). Peak memory consumption was 39.9 MB. Max. memory is 11.5 GB.
 * Results from de.uni_freiburg.informatik.ultimate.plugins.analysis.lassoranker:
  - TerminationArgumentResult [Line: 1]: Found affine ranking function
    Found a termination argument consisting of the affine ranking function: [x + -1 * y] for which no supporting invariant is required.
RESULT: Ultimate proved your program to be correct!
Received shutdown request...
Ultimate:
GTK+ Version Check
