Time for ./C_Boogie//2Nested-2.bpl: 1940 ms
Time for ./C_Boogie//2Nested_false-termination_true-valid-memsafety.bpl: 1882 ms
Time for ./C_Boogie//4NestedWith3Variables-2.bpl: 2119 ms
Time for ./C_Boogie//a.09_assume.bpl: 1985 ms
Time for ./C_Boogie//a.09_assume_false-no-overflow.bpl: 1982 ms
Time for ./C_Boogie//AliasDarteFeautrierGonnord-SAS2010-exmini.bpl: 1968 ms
Time for ./C_Boogie//AliasDarteFeautrierGonnord-SAS2010-terminate.bpl: 2112 ms
Time for ./C_Boogie//b.03_assume.bpl: 1943 ms
Time for ./C_Boogie//b.03_assume_false-no-overflow.bpl: 1958 ms
Time for ./C_Boogie//b.03-no-inv_assume.bpl: 2049 ms
Time for ./C_Boogie//b.04.bpl: 2014 ms
Time for ./C_Boogie//Bangalore-1.bpl: 1635 ms
Time for ./C_Boogie//Bangalore-2.bpl: 1930 ms
Time for ./C_Boogie//Bangalore_v2.bpl: 1676 ms
Time for ./C_Boogie//Bangalore_v3.bpl: 1673 ms
Time for ./C_Boogie//Bangalore_v4.bpl: 1967 ms
Time for ./C_Boogie//Benghazi_nondet-1.bpl: 2026 ms
Time for ./C_Boogie//Cairo.bpl: 1941 ms
Time for ./C_Boogie//Cairo_step2-2.bpl: 2338 ms
Time for ./C_Boogie//ChenFlurMukhopadhyay-SAS2012-Ex2.01.bpl: 1963 ms
Time for ./C_Boogie//ChenFlurMukhopadhyay-SAS2012-Ex2.02.bpl: 1926 ms
Time for ./C_Boogie//ChenFlurMukhopadhyay-SAS2012-Ex2.07.bpl: 2048 ms
Time for ./C_Boogie//ChenFlurMukhopadhyay-SAS2012-Ex2.08.bpl: 1973 ms
Time for ./C_Boogie//ChenFlurMukhopadhyay-SAS2012-Ex2.10.bpl: 1977 ms
Time for ./C_Boogie//ChenFlurMukhopadhyay-SAS2012-Ex2.11.bpl: 211084 ms
Time for ./C_Boogie//ChenFlurMukhopadhyay-SAS2012-Ex2.12.bpl: 1718 ms
Time for ./C_Boogie//ChenFlurMukhopadhyay-SAS2012-Ex2.13.bpl: 1997 ms
Time for ./C_Boogie//ChenFlurMukhopadhyay-SAS2012-Ex2.14.bpl: 1625 ms
Time for ./C_Boogie//ChenFlurMukhopadhyay-SAS2012-Ex2.15.bpl: 1637 ms
Time for ./C_Boogie//ChenFlurMukhopadhyay-SAS2012-Ex2.16.bpl: 1942 ms
Time for ./C_Boogie//ChenFlurMukhopadhyay-SAS2012-Ex3.01.bpl: 2034 ms
Time for ./C_Boogie//ChenFlurMukhopadhyay-SAS2012-Ex3.02.bpl: 1647 ms
Time for ./C_Boogie//ChenFlurMukhopadhyay-SAS2012-Ex3.03.bpl: 2060 ms
Time for ./C_Boogie//ChenFlurMukhopadhyay-SAS2012-Ex3.04.bpl: 1977 ms
Time for ./C_Boogie//ChenFlurMukhopadhyay-SAS2012-Ex3.05.bpl: 1983 ms
Time for ./C_Boogie//ChenFlurMukhopadhyay-SAS2012-Ex4.01.bpl: 2053 ms
Time for ./C_Boogie//ColonSipma-TACAS2001-Fig1.bpl: 2064 ms
Time for ./C_Boogie//ComplInterv_false-no-overflow_false-termination.bpl: 1747 ms
Time for ./C_Boogie//ConvLower.bpl: 1777 ms
Time for ./C_Boogie//CookSeeZuleger-TACAS2013-Fig1.bpl: 1229 ms
Time for ./C_Boogie//CookSeeZuleger-TACAS2013-Fig8a.bpl: 2045 ms
Time for ./C_Boogie//CookSeeZuleger-TACAS2013-Fig8a-modified.bpl: 2145 ms
Time for ./C_Boogie//CookSeeZuleger-TACAS2013-Fig8b.bpl: 2422 ms
Time for ./C_Boogie//Copenhagen.bpl: 2004 ms
Time for ./C_Boogie//Copenhagen_disj-1.bpl: 2185 ms
Time for ./C_Boogie//Cousot_false-no-overflow_false-termination.bpl: 2164 ms
Time for ./C_Boogie//DoubleNeg_false-no-overflow_false-termination.bpl: 1595 ms
Time for ./C_Boogie//Even_false-no-overflow_false-termination.bpl: 2005 ms
Time for ./C_Boogie//Ex01_false-no-overflow_false-termination.bpl: 1911 ms
Time for ./C_Boogie//Ex02.bpl: 1754 ms
Time for ./C_Boogie//Ex04_false-no-overflow_false-termination.bpl: 1870 ms
Time for ./C_Boogie//Ex07.bpl: 1907 ms
Time for ./C_Boogie//GulavaniGulwani-CAV2008-Fig1a.bpl: 2379 ms
Time for ./C_Boogie//GulavaniGulwani-CAV2008-Fig1c.bpl: 1999 ms
Time for ./C_Boogie//Hanoi_2vars.bpl: 1960 ms
Time for ./C_Boogie//Hanoi_3vars.bpl: 1968 ms
Time for ./C_Boogie//Hanoi_plus.bpl: 2033 ms
Time for ./C_Boogie//LeikeHeizmann-TACAS2014-Ex1.bpl: 2096 ms
Time for ./C_Boogie//LeikeHeizmann-TACAS2014-Ex9.bpl: 2267 ms
Time for ./C_Boogie//LeikeHeizmann-TACAS2014-Fig1.bpl: 1992 ms
Time for ./C_Boogie//LeikeHeizmann-WST2014-Ex5.bpl: 1996 ms
Time for ./C_Boogie//LeikeHeizmann-WST2014-Ex6.bpl: 2267 ms
Time for ./C_Boogie//Marbie1_false-no-overflow_false-termination.bpl: 1873 ms
Time for ./C_Boogie//Marbie2_false-no-overflow_false-termination.bpl: 1818 ms
Time for ./C_Boogie//Masse-VMCAI2014-Ex6.bpl: 2233 ms
Time for ./C_Boogie//Middle_false-no-overflow_false-termination.bpl: 2075 ms
Time for ./C_Boogie//NonTermination1.bpl: 1926 ms
Time for ./C_Boogie//NonTerminationSimple2.bpl: 1829 ms
Time for ./C_Boogie//NonTerminationSimple3.bpl: 1627 ms
Time for ./C_Boogie//Overflow_false-no-overflow_true-termination.bpl: 1905 ms
Time for ./C_Boogie//Parallel.bpl: 2553 ms
Time for ./C_Boogie//PastaA10.bpl: 2229 ms
Time for ./C_Boogie//PastaA4.bpl: 1933 ms
Time for ./C_Boogie//PastaA5_false-no-overflow_true-termination.bpl: 1907 ms
Time for ./C_Boogie//PastaA6_false-no-overflow_true-termination.bpl: 1943 ms
Time for ./C_Boogie//PastaA7.bpl: 1972 ms
Time for ./C_Boogie//PastaA8_false-no-overflow_true-termination.bpl: 1976 ms
Time for ./C_Boogie//PastaB11_false-no-overflow_true-termination.bpl: 2383 ms
Time for ./C_Boogie//PastaB1.bpl: 1923 ms
Time for ./C_Boogie//PastaB2.bpl: 1968 ms
Time for ./C_Boogie//PastaB4.bpl: 1964 ms
Time for ./C_Boogie//PastaB6.bpl: 1962 ms
Time for ./C_Boogie//PastaB7.bpl: 1984 ms
Time for ./C_Boogie//PastaC3.bpl: 2313 ms
Time for ./C_Boogie//PastaC7.bpl: 2036 ms
Time for ./C_Boogie//PastaC7_false-no-overflow.bpl: 2073 ms
Time for ./C_Boogie//PodelskiRybalchenko-TACAS2011-Fig1.bpl: 1903 ms
Time for ./C_Boogie//Sunset.bpl: 5388 ms
Time for ./C_Boogie//TrueDiv_false-no-overflow_false-termination.bpl: 2017 ms
Time for ./C_Boogie//TwoFloatInterv.bpl: 2173 ms
Time for ./C_Boogie//Urban-WST2013-Fig1.bpl: 1744 ms
Time for ./C_Boogie//Waldkirch.bpl: 1912 ms
Time for ./C_Boogie//WhileDecr.bpl: 1923 ms
Time for ./C_Boogie//WhileIncr_false-no-overflow_false-termination.bpl: 1867 ms
Time for ./C_Boogie//WhileIncrPart_false-no-overflow_false-termination.bpl: 2093 ms
Time for ./C_Boogie//WhilePart.bpl: 1761 ms
Time for ./C_Boogie//WhileSingle.bpl: 1749 ms
Time for ./C_Boogie//WhileTrueInc_false-no-overflow_false-termination.bpl: 1901 ms
