This is Ultimate 0.1.24-16d85fa
[2020-06-17 18:56:08,080 INFO  L170        SettingsManager]: Resetting all preferences to default values...
[2020-06-17 18:56:08,081 INFO  L174        SettingsManager]: Resetting UltimateCore preferences to default values
[2020-06-17 18:56:08,093 INFO  L177        SettingsManager]: Ultimate Commandline Interface provides no preferences, ignoring...
[2020-06-17 18:56:08,094 INFO  L174        SettingsManager]: Resetting Boogie Preprocessor preferences to default values
[2020-06-17 18:56:08,094 INFO  L174        SettingsManager]: Resetting Boogie Procedure Inliner preferences to default values
[2020-06-17 18:56:08,095 INFO  L174        SettingsManager]: Resetting Abstract Interpretation preferences to default values
[2020-06-17 18:56:08,097 INFO  L174        SettingsManager]: Resetting LassoRanker preferences to default values
[2020-06-17 18:56:08,098 INFO  L174        SettingsManager]: Resetting Reaching Definitions preferences to default values
[2020-06-17 18:56:08,099 INFO  L174        SettingsManager]: Resetting SyntaxChecker preferences to default values
[2020-06-17 18:56:08,099 INFO  L177        SettingsManager]: Büchi Program Product provides no preferences, ignoring...
[2020-06-17 18:56:08,099 INFO  L174        SettingsManager]: Resetting LTL2Aut preferences to default values
[2020-06-17 18:56:08,100 INFO  L174        SettingsManager]: Resetting PEA to Boogie preferences to default values
[2020-06-17 18:56:08,101 INFO  L174        SettingsManager]: Resetting BlockEncodingV2 preferences to default values
[2020-06-17 18:56:08,102 INFO  L174        SettingsManager]: Resetting ChcToBoogie preferences to default values
[2020-06-17 18:56:08,102 INFO  L174        SettingsManager]: Resetting AutomataScriptInterpreter preferences to default values
[2020-06-17 18:56:08,103 INFO  L174        SettingsManager]: Resetting BuchiAutomizer preferences to default values
[2020-06-17 18:56:08,105 INFO  L174        SettingsManager]: Resetting CACSL2BoogieTranslator preferences to default values
[2020-06-17 18:56:08,106 INFO  L174        SettingsManager]: Resetting CodeCheck preferences to default values
[2020-06-17 18:56:08,108 INFO  L174        SettingsManager]: Resetting InvariantSynthesis preferences to default values
[2020-06-17 18:56:08,109 INFO  L174        SettingsManager]: Resetting RCFGBuilder preferences to default values
[2020-06-17 18:56:08,110 INFO  L174        SettingsManager]: Resetting TraceAbstraction preferences to default values
[2020-06-17 18:56:08,112 INFO  L177        SettingsManager]: TraceAbstractionConcurrent provides no preferences, ignoring...
[2020-06-17 18:56:08,112 INFO  L177        SettingsManager]: TraceAbstractionWithAFAs provides no preferences, ignoring...
[2020-06-17 18:56:08,112 INFO  L174        SettingsManager]: Resetting TreeAutomizer preferences to default values
[2020-06-17 18:56:08,113 INFO  L174        SettingsManager]: Resetting IcfgTransformer preferences to default values
[2020-06-17 18:56:08,114 INFO  L174        SettingsManager]: Resetting Boogie Printer preferences to default values
[2020-06-17 18:56:08,114 INFO  L174        SettingsManager]: Resetting ReqPrinter preferences to default values
[2020-06-17 18:56:08,115 INFO  L174        SettingsManager]: Resetting Witness Printer preferences to default values
[2020-06-17 18:56:08,116 INFO  L177        SettingsManager]: Boogie PL CUP Parser provides no preferences, ignoring...
[2020-06-17 18:56:08,116 INFO  L174        SettingsManager]: Resetting CDTParser preferences to default values
[2020-06-17 18:56:08,116 INFO  L177        SettingsManager]: AutomataScriptParser provides no preferences, ignoring...
[2020-06-17 18:56:08,116 INFO  L177        SettingsManager]: ReqParser provides no preferences, ignoring...
[2020-06-17 18:56:08,116 INFO  L174        SettingsManager]: Resetting SmtParser preferences to default values
[2020-06-17 18:56:08,117 INFO  L174        SettingsManager]: Resetting Witness Parser preferences to default values
[2020-06-17 18:56:08,117 INFO  L181        SettingsManager]: Finished resetting all preferences to default values...
[2020-06-17 18:56:08,136 INFO  L81    nceAwareModelManager]: Repository-Root is: /tmp
[2020-06-17 18:56:08,144 INFO  L258   ainManager$Toolchain]: [Toolchain 1]: Applicable parser(s) successfully (re)initialized
[2020-06-17 18:56:08,146 INFO  L214   ainManager$Toolchain]: [Toolchain 1]: Toolchain selected.
[2020-06-17 18:56:08,147 INFO  L271        PluginConnector]: Initializing Boogie PL CUP Parser...
[2020-06-17 18:56:08,147 INFO  L276        PluginConnector]: Boogie PL CUP Parser initialized
[2020-06-17 18:56:08,148 INFO  L418   ainManager$Toolchain]: [Toolchain 1]: Parsing single file: /home/lixie/LassoRankerExp/LassoRankerExp/./C_Boogie/Sunset.bpl
[2020-06-17 18:56:08,148 INFO  L111           BoogieParser]: Parsing: '/home/lixie/LassoRankerExp/LassoRankerExp/./C_Boogie/Sunset.bpl'
[2020-06-17 18:56:08,172 INFO  L296   ainManager$Toolchain]: ####################### [Toolchain 1] #######################
[2020-06-17 18:56:08,180 INFO  L131        ToolchainWalker]: Walking toolchain with 3 elements.
[2020-06-17 18:56:08,180 INFO  L113        PluginConnector]: ------------------------Boogie Preprocessor----------------------------
[2020-06-17 18:56:08,181 INFO  L271        PluginConnector]: Initializing Boogie Preprocessor...
[2020-06-17 18:56:08,181 INFO  L276        PluginConnector]: Boogie Preprocessor initialized
[2020-06-17 18:56:08,200 INFO  L185        PluginConnector]: Executing the observer EnsureBoogieModelObserver from plugin Boogie Preprocessor for "Sunset.bpl de.uni_freiburg.informatik.ultimate.boogie.parser AST 17.06 06:56:08" (1/1) ...
[2020-06-17 18:56:08,201 INFO  L185        PluginConnector]: Executing the observer TypeChecker from plugin Boogie Preprocessor for "Sunset.bpl de.uni_freiburg.informatik.ultimate.boogie.parser AST 17.06 06:56:08" (1/1) ...
[2020-06-17 18:56:08,205 INFO  L185        PluginConnector]: Executing the observer ConstExpander from plugin Boogie Preprocessor for "Sunset.bpl de.uni_freiburg.informatik.ultimate.boogie.parser AST 17.06 06:56:08" (1/1) ...
[2020-06-17 18:56:08,206 INFO  L185        PluginConnector]: Executing the observer StructExpander from plugin Boogie Preprocessor for "Sunset.bpl de.uni_freiburg.informatik.ultimate.boogie.parser AST 17.06 06:56:08" (1/1) ...
[2020-06-17 18:56:08,207 INFO  L185        PluginConnector]: Executing the observer UnstructureCode from plugin Boogie Preprocessor for "Sunset.bpl de.uni_freiburg.informatik.ultimate.boogie.parser AST 17.06 06:56:08" (1/1) ...
[2020-06-17 18:56:08,211 INFO  L185        PluginConnector]: Executing the observer FunctionInliner from plugin Boogie Preprocessor for "Sunset.bpl de.uni_freiburg.informatik.ultimate.boogie.parser AST 17.06 06:56:08" (1/1) ...
[2020-06-17 18:56:08,211 INFO  L185        PluginConnector]: Executing the observer BoogieSymbolTableConstructor from plugin Boogie Preprocessor for "Sunset.bpl de.uni_freiburg.informatik.ultimate.boogie.parser AST 17.06 06:56:08" (1/1) ...
[2020-06-17 18:56:08,212 INFO  L132        PluginConnector]: ------------------------ END Boogie Preprocessor----------------------------
[2020-06-17 18:56:08,213 INFO  L113        PluginConnector]: ------------------------RCFGBuilder----------------------------
[2020-06-17 18:56:08,213 INFO  L271        PluginConnector]: Initializing RCFGBuilder...
[2020-06-17 18:56:08,213 INFO  L276        PluginConnector]: RCFGBuilder initialized
[2020-06-17 18:56:08,214 INFO  L185        PluginConnector]: Executing the observer RCFGBuilderObserver from plugin RCFGBuilder for "Sunset.bpl de.uni_freiburg.informatik.ultimate.boogie.parser AST 17.06 06:56:08" (1/1) ...
No working directory specified, using /home/lixie/LassoRankerExp/LassoRankerExp/z3
Starting monitored process 1 with z3 SMTLIB2_COMPLIANT=true -memory:1024 -smt2 -in -t:12000 (exit command is (exit), workingDir is null)
Waiting until toolchain timeout for monitored process 1 with z3 SMTLIB2_COMPLIANT=true -memory:1024 -smt2 -in -t:12000
[2020-06-17 18:56:08,251 INFO  L124     BoogieDeclarations]: Specification and implementation of procedure main given in one single declaration
[2020-06-17 18:56:08,251 INFO  L130     BoogieDeclarations]: Found specification of procedure main
[2020-06-17 18:56:08,251 INFO  L138     BoogieDeclarations]: Found implementation of procedure main
[2020-06-17 18:56:08,334 INFO  L278             CfgBuilder]: Using library mode
[2020-06-17 18:56:08,334 INFO  L286             CfgBuilder]: Removed 0 assue(true) statements.
[2020-06-17 18:56:08,335 INFO  L202        PluginConnector]: Adding new model Sunset.bpl de.uni_freiburg.informatik.ultimate.plugins.generator.rcfgbuilder CFG 17.06 06:56:08 BoogieIcfgContainer
[2020-06-17 18:56:08,335 INFO  L132        PluginConnector]: ------------------------ END RCFGBuilder----------------------------
[2020-06-17 18:56:08,335 INFO  L113        PluginConnector]: ------------------------LassoRanker----------------------------
[2020-06-17 18:56:08,335 INFO  L271        PluginConnector]: Initializing LassoRanker...
[2020-06-17 18:56:08,335 INFO  L276        PluginConnector]: LassoRanker initialized
[2020-06-17 18:56:08,336 INFO  L185        PluginConnector]: Executing the observer LassoRankerObserver from plugin LassoRanker for "Sunset.bpl de.uni_freiburg.informatik.ultimate.plugins.generator.rcfgbuilder CFG 17.06 06:56:08" (1/1) ...
[2020-06-17 18:56:08,353 INFO  L72            BuchiIsEmpty]: Start buchiIsEmpty. Operand 2 states.
[2020-06-17 18:56:08,366 INFO  L131   ngComponentsAnalysis]: Automaton has 1 accepting balls. 1
[2020-06-17 18:56:08,366 INFO  L87            BuchiIsEmpty]: Finished buchiIsEmpty Result is false
[2020-06-17 18:56:08,367 INFO  L119           BuchiIsEmpty]: Starting construction of run
[2020-06-17 18:56:08,371 INFO  L104     BuchiDifferenceFKV]: Start buchiDifferenceFKV. First operand 2 states. Second operand 1 states.
[2020-06-17 18:56:08,379 INFO  L108     BuchiDifferenceFKV]: Finished buchiDifferenceFKV. First operand 2 states. Second operand 1 states. Result 3 states and 4 transitions. Complement of second has 2 states 2 powerset states0 rank states. The highest rank that occured is -1
[2020-06-17 18:56:08,379 INFO  L72            BuchiIsEmpty]: Start buchiIsEmpty. Operand 3 states and 4 transitions.
[2020-06-17 18:56:08,379 INFO  L131   ngComponentsAnalysis]: Automaton has 0 accepting balls. 0
[2020-06-17 18:56:08,379 INFO  L87            BuchiIsEmpty]: Finished buchiIsEmpty Result is true
[2020-06-17 18:56:08,456 INFO  L216          LassoAnalysis]: Preferences:
[2020-06-17 18:56:08,457 INFO  L124   ssoRankerPreferences]: Compute integeral hull: false
[2020-06-17 18:56:08,457 INFO  L125   ssoRankerPreferences]: Enable LassoPartitioneer: true
[2020-06-17 18:56:08,457 INFO  L126   ssoRankerPreferences]: Term annotations enabled: false
[2020-06-17 18:56:08,457 INFO  L127   ssoRankerPreferences]: Use exernal solver: true
[2020-06-17 18:56:08,457 INFO  L128   ssoRankerPreferences]: SMT solver command: z3 -smt2 -in SMTLIB2_COMPLIANT=true
[2020-06-17 18:56:08,457 INFO  L129   ssoRankerPreferences]: Dump SMT script to file: false
[2020-06-17 18:56:08,457 INFO  L130   ssoRankerPreferences]: Path of dumped script: .
[2020-06-17 18:56:08,457 INFO  L131   ssoRankerPreferences]: Filename of dumped script: LassoRankerScript
[2020-06-17 18:56:08,458 INFO  L132   ssoRankerPreferences]: MapElimAlgo: Frank
[2020-06-17 18:56:08,458 INFO  L282          LassoAnalysis]: Starting lasso preprocessing...
[2020-06-17 18:56:08,471 INFO  L141          MapEliminator]: Using MapEliminator with SimplificationTechnique=SIMPLIFY_DDA XnfConversionTechnique=BOTTOM_UP_WITH_LOCAL_SIMPLIFICATION AddInequalities=false OnlyTrivialImplicationsArrayWrite=false OnlyTrivialImplicationsForModifiedArguments=true OnlyArgumentsInFormula=true
[2020-06-17 18:56:08,605 INFO  L300          LassoAnalysis]: Preprocessing complete.
[2020-06-17 18:56:08,606 INFO  L412          LassoAnalysis]: Checking for nontermination...
No working directory specified, using /home/lixie/LassoRankerExp/LassoRankerExp/z3
Starting monitored process 2 with z3 -smt2 -in SMTLIB2_COMPLIANT=true (exit command is (exit), workingDir is null)
Waiting until toolchain timeout for monitored process 2 with z3 -smt2 -in SMTLIB2_COMPLIANT=true
[2020-06-17 18:56:08,609 INFO  L151   nArgumentSynthesizer]: Nontermination analysis: LINEAR_WITH_GUESSES Allow bounded executions: true Number of generalized eigenvectors: 0 Nilpotent components: true
[2020-06-17 18:56:08,609 INFO  L163   nArgumentSynthesizer]: Using integer mode.
No working directory specified, using /home/lixie/LassoRankerExp/LassoRankerExp/z3
Starting monitored process 3 with z3 -smt2 -in SMTLIB2_COMPLIANT=true (exit command is (exit), workingDir is null)
Waiting until toolchain timeout for monitored process 3 with z3 -smt2 -in SMTLIB2_COMPLIANT=true
[2020-06-17 18:56:08,638 INFO  L151   nArgumentSynthesizer]: Nontermination analysis: LINEAR_WITH_GUESSES Allow bounded executions: true Number of generalized eigenvectors: 3 Nilpotent components: true
[2020-06-17 18:56:08,638 INFO  L163   nArgumentSynthesizer]: Using integer mode.
[2020-06-17 18:56:08,672 INFO  L452          LassoAnalysis]: Proving nontermination failed: No geometric nontermination argument exists.
[2020-06-17 18:56:08,674 INFO  L216          LassoAnalysis]: Preferences:
[2020-06-17 18:56:08,674 INFO  L124   ssoRankerPreferences]: Compute integeral hull: false
[2020-06-17 18:56:08,674 INFO  L125   ssoRankerPreferences]: Enable LassoPartitioneer: true
[2020-06-17 18:56:08,674 INFO  L126   ssoRankerPreferences]: Term annotations enabled: false
[2020-06-17 18:56:08,674 INFO  L127   ssoRankerPreferences]: Use exernal solver: true
[2020-06-17 18:56:08,674 INFO  L128   ssoRankerPreferences]: SMT solver command: z3 -smt2 -in SMTLIB2_COMPLIANT=true
[2020-06-17 18:56:08,674 INFO  L129   ssoRankerPreferences]: Dump SMT script to file: false
[2020-06-17 18:56:08,674 INFO  L130   ssoRankerPreferences]: Path of dumped script: .
[2020-06-17 18:56:08,674 INFO  L131   ssoRankerPreferences]: Filename of dumped script: LassoRankerScript
[2020-06-17 18:56:08,675 INFO  L132   ssoRankerPreferences]: MapElimAlgo: Frank
[2020-06-17 18:56:08,675 INFO  L282          LassoAnalysis]: Starting lasso preprocessing...
[2020-06-17 18:56:08,677 INFO  L141          MapEliminator]: Using MapEliminator with SimplificationTechnique=SIMPLIFY_DDA XnfConversionTechnique=BOTTOM_UP_WITH_LOCAL_SIMPLIFICATION AddInequalities=false OnlyTrivialImplicationsArrayWrite=false OnlyTrivialImplicationsForModifiedArguments=true OnlyArgumentsInFormula=true
[2020-06-17 18:56:08,816 INFO  L300          LassoAnalysis]: Preprocessing complete.
[2020-06-17 18:56:08,820 INFO  L497          LassoAnalysis]: Using template 'affine'.
No working directory specified, using /home/lixie/LassoRankerExp/LassoRankerExp/z3
Starting monitored process 4 with z3 -smt2 -in SMTLIB2_COMPLIANT=true (exit command is (exit), workingDir is null)
Waiting until toolchain timeout for monitored process 4 with z3 -smt2 -in SMTLIB2_COMPLIANT=true
[2020-06-17 18:56:08,829 INFO  L122   nArgumentSynthesizer]: Termination Analysis Settings:
Termination analysis: LINEAR_WITH_GUESSES
Number of strict supporting invariants: 1
Number of non-strict supporting invariants: 0
Consider only non-deceasing supporting invariants: true
Simplify termination arguments: true
Simplify supporting invariants: trueOverapproximate stem: false
[2020-06-17 18:56:08,830 INFO  L339   nArgumentSynthesizer]: Template has degree 0.
[2020-06-17 18:56:08,831 INFO  L352   nArgumentSynthesizer]: There is no stem transition; disabling supporting invariant generation.
[2020-06-17 18:56:08,831 INFO  L205   nArgumentSynthesizer]: 1 stem disjuncts
[2020-06-17 18:56:08,831 INFO  L206   nArgumentSynthesizer]: 4 loop disjuncts
[2020-06-17 18:56:08,831 INFO  L207   nArgumentSynthesizer]: 2 template conjuncts.
[2020-06-17 18:56:08,834 INFO  L402   nArgumentSynthesizer]: We have 8 Motzkin's Theorem applications.
[2020-06-17 18:56:08,834 INFO  L403   nArgumentSynthesizer]: A total of 0 supporting invariants were added.
[2020-06-17 18:56:08,837 INFO  L530          LassoAnalysis]: Proving termination failed for this template and these settings.
[2020-06-17 18:56:08,850 INFO  L497          LassoAnalysis]: Using template '2-nested'.
No working directory specified, using /home/lixie/LassoRankerExp/LassoRankerExp/z3
Starting monitored process 5 with z3 -smt2 -in SMTLIB2_COMPLIANT=true (exit command is (exit), workingDir is null)
Waiting until toolchain timeout for monitored process 5 with z3 -smt2 -in SMTLIB2_COMPLIANT=true
[2020-06-17 18:56:08,852 INFO  L122   nArgumentSynthesizer]: Termination Analysis Settings:
Termination analysis: LINEAR_WITH_GUESSES
Number of strict supporting invariants: 1
Number of non-strict supporting invariants: 0
Consider only non-deceasing supporting invariants: true
Simplify termination arguments: true
Simplify supporting invariants: trueOverapproximate stem: false
[2020-06-17 18:56:08,853 INFO  L339   nArgumentSynthesizer]: Template has degree 0.
[2020-06-17 18:56:08,853 INFO  L352   nArgumentSynthesizer]: There is no stem transition; disabling supporting invariant generation.
[2020-06-17 18:56:08,853 INFO  L205   nArgumentSynthesizer]: 1 stem disjuncts
[2020-06-17 18:56:08,853 INFO  L206   nArgumentSynthesizer]: 4 loop disjuncts
[2020-06-17 18:56:08,853 INFO  L207   nArgumentSynthesizer]: 3 template conjuncts.
[2020-06-17 18:56:08,856 INFO  L402   nArgumentSynthesizer]: We have 12 Motzkin's Theorem applications.
[2020-06-17 18:56:08,856 INFO  L403   nArgumentSynthesizer]: A total of 0 supporting invariants were added.
[2020-06-17 18:56:08,859 INFO  L530          LassoAnalysis]: Proving termination failed for this template and these settings.
[2020-06-17 18:56:08,872 INFO  L497          LassoAnalysis]: Using template '3-nested'.
No working directory specified, using /home/lixie/LassoRankerExp/LassoRankerExp/z3
Starting monitored process 6 with z3 -smt2 -in SMTLIB2_COMPLIANT=true (exit command is (exit), workingDir is null)
Waiting until toolchain timeout for monitored process 6 with z3 -smt2 -in SMTLIB2_COMPLIANT=true
[2020-06-17 18:56:08,874 INFO  L122   nArgumentSynthesizer]: Termination Analysis Settings:
Termination analysis: LINEAR_WITH_GUESSES
Number of strict supporting invariants: 1
Number of non-strict supporting invariants: 0
Consider only non-deceasing supporting invariants: true
Simplify termination arguments: true
Simplify supporting invariants: trueOverapproximate stem: false
[2020-06-17 18:56:08,875 INFO  L339   nArgumentSynthesizer]: Template has degree 0.
[2020-06-17 18:56:08,875 INFO  L352   nArgumentSynthesizer]: There is no stem transition; disabling supporting invariant generation.
[2020-06-17 18:56:08,875 INFO  L205   nArgumentSynthesizer]: 1 stem disjuncts
[2020-06-17 18:56:08,875 INFO  L206   nArgumentSynthesizer]: 4 loop disjuncts
[2020-06-17 18:56:08,875 INFO  L207   nArgumentSynthesizer]: 4 template conjuncts.
[2020-06-17 18:56:08,879 INFO  L402   nArgumentSynthesizer]: We have 16 Motzkin's Theorem applications.
[2020-06-17 18:56:08,879 INFO  L403   nArgumentSynthesizer]: A total of 0 supporting invariants were added.
[2020-06-17 18:56:08,883 INFO  L530          LassoAnalysis]: Proving termination failed for this template and these settings.
[2020-06-17 18:56:08,896 INFO  L497          LassoAnalysis]: Using template '4-nested'.
No working directory specified, using /home/lixie/LassoRankerExp/LassoRankerExp/z3
Starting monitored process 7 with z3 -smt2 -in SMTLIB2_COMPLIANT=true (exit command is (exit), workingDir is null)
Waiting until toolchain timeout for monitored process 7 with z3 -smt2 -in SMTLIB2_COMPLIANT=true
[2020-06-17 18:56:08,897 INFO  L122   nArgumentSynthesizer]: Termination Analysis Settings:
Termination analysis: LINEAR_WITH_GUESSES
Number of strict supporting invariants: 1
Number of non-strict supporting invariants: 0
Consider only non-deceasing supporting invariants: true
Simplify termination arguments: true
Simplify supporting invariants: trueOverapproximate stem: false
[2020-06-17 18:56:08,899 INFO  L339   nArgumentSynthesizer]: Template has degree 0.
[2020-06-17 18:56:08,899 INFO  L352   nArgumentSynthesizer]: There is no stem transition; disabling supporting invariant generation.
[2020-06-17 18:56:08,899 INFO  L205   nArgumentSynthesizer]: 1 stem disjuncts
[2020-06-17 18:56:08,899 INFO  L206   nArgumentSynthesizer]: 4 loop disjuncts
[2020-06-17 18:56:08,899 INFO  L207   nArgumentSynthesizer]: 5 template conjuncts.
[2020-06-17 18:56:08,903 INFO  L402   nArgumentSynthesizer]: We have 20 Motzkin's Theorem applications.
[2020-06-17 18:56:08,903 INFO  L403   nArgumentSynthesizer]: A total of 0 supporting invariants were added.
[2020-06-17 18:56:08,908 INFO  L530          LassoAnalysis]: Proving termination failed for this template and these settings.
[2020-06-17 18:56:08,921 INFO  L497          LassoAnalysis]: Using template '2-phase'.
No working directory specified, using /home/lixie/LassoRankerExp/LassoRankerExp/z3
Starting monitored process 8 with z3 -smt2 -in SMTLIB2_COMPLIANT=true (exit command is (exit), workingDir is null)
Waiting until toolchain timeout for monitored process 8 with z3 -smt2 -in SMTLIB2_COMPLIANT=true
[2020-06-17 18:56:08,922 INFO  L122   nArgumentSynthesizer]: Termination Analysis Settings:
Termination analysis: LINEAR_WITH_GUESSES
Number of strict supporting invariants: 1
Number of non-strict supporting invariants: 0
Consider only non-deceasing supporting invariants: true
Simplify termination arguments: true
Simplify supporting invariants: trueOverapproximate stem: false
[2020-06-17 18:56:08,923 WARN  L334   nArgumentSynthesizer]: Using a linear SMT query and a templates of degree > 0, hence this method is incomplete.
[2020-06-17 18:56:08,923 INFO  L339   nArgumentSynthesizer]: Template has degree 1.
[2020-06-17 18:56:08,923 INFO  L352   nArgumentSynthesizer]: There is no stem transition; disabling supporting invariant generation.
[2020-06-17 18:56:08,924 INFO  L205   nArgumentSynthesizer]: 1 stem disjuncts
[2020-06-17 18:56:08,924 INFO  L206   nArgumentSynthesizer]: 4 loop disjuncts
[2020-06-17 18:56:08,924 INFO  L207   nArgumentSynthesizer]: 3 template conjuncts.
[2020-06-17 18:56:08,927 INFO  L402   nArgumentSynthesizer]: We have 12 Motzkin's Theorem applications.
[2020-06-17 18:56:08,927 INFO  L403   nArgumentSynthesizer]: A total of 0 supporting invariants were added.
[2020-06-17 18:56:08,935 INFO  L530          LassoAnalysis]: Proving termination failed for this template and these settings.
[2020-06-17 18:56:08,948 INFO  L497          LassoAnalysis]: Using template 'lex(affine, affine)'.
No working directory specified, using /home/lixie/LassoRankerExp/LassoRankerExp/z3
Starting monitored process 9 with z3 -smt2 -in SMTLIB2_COMPLIANT=true (exit command is (exit), workingDir is null)
Waiting until toolchain timeout for monitored process 9 with z3 -smt2 -in SMTLIB2_COMPLIANT=true
[2020-06-17 18:56:08,949 INFO  L122   nArgumentSynthesizer]: Termination Analysis Settings:
Termination analysis: LINEAR_WITH_GUESSES
Number of strict supporting invariants: 1
Number of non-strict supporting invariants: 0
Consider only non-deceasing supporting invariants: true
Simplify termination arguments: true
Simplify supporting invariants: trueOverapproximate stem: false
[2020-06-17 18:56:08,951 WARN  L334   nArgumentSynthesizer]: Using a linear SMT query and a templates of degree > 0, hence this method is incomplete.
[2020-06-17 18:56:08,951 INFO  L339   nArgumentSynthesizer]: Template has degree 5.
[2020-06-17 18:56:08,951 INFO  L352   nArgumentSynthesizer]: There is no stem transition; disabling supporting invariant generation.
[2020-06-17 18:56:08,951 INFO  L205   nArgumentSynthesizer]: 1 stem disjuncts
[2020-06-17 18:56:08,951 INFO  L206   nArgumentSynthesizer]: 4 loop disjuncts
[2020-06-17 18:56:08,951 INFO  L207   nArgumentSynthesizer]: 4 template conjuncts.
[2020-06-17 18:56:08,955 INFO  L402   nArgumentSynthesizer]: We have 16 Motzkin's Theorem applications.
[2020-06-17 18:56:08,955 INFO  L403   nArgumentSynthesizer]: A total of 0 supporting invariants were added.
[2020-06-17 18:56:08,966 INFO  L530          LassoAnalysis]: Proving termination failed for this template and these settings.
[2020-06-17 18:56:08,978 INFO  L497          LassoAnalysis]: Using template '2-piece'.
No working directory specified, using /home/lixie/LassoRankerExp/LassoRankerExp/z3
Starting monitored process 10 with z3 -smt2 -in SMTLIB2_COMPLIANT=true (exit command is (exit), workingDir is null)
Waiting until toolchain timeout for monitored process 10 with z3 -smt2 -in SMTLIB2_COMPLIANT=true
[2020-06-17 18:56:08,980 INFO  L122   nArgumentSynthesizer]: Termination Analysis Settings:
Termination analysis: LINEAR_WITH_GUESSES
Number of strict supporting invariants: 1
Number of non-strict supporting invariants: 0
Consider only non-deceasing supporting invariants: true
Simplify termination arguments: true
Simplify supporting invariants: trueOverapproximate stem: false
[2020-06-17 18:56:08,981 WARN  L334   nArgumentSynthesizer]: Using a linear SMT query and a templates of degree > 0, hence this method is incomplete.
[2020-06-17 18:56:08,981 INFO  L339   nArgumentSynthesizer]: Template has degree 7.
[2020-06-17 18:56:08,981 INFO  L352   nArgumentSynthesizer]: There is no stem transition; disabling supporting invariant generation.
[2020-06-17 18:56:08,981 INFO  L205   nArgumentSynthesizer]: 1 stem disjuncts
[2020-06-17 18:56:08,981 INFO  L206   nArgumentSynthesizer]: 4 loop disjuncts
[2020-06-17 18:56:08,981 INFO  L207   nArgumentSynthesizer]: 7 template conjuncts.
[2020-06-17 18:56:08,990 INFO  L402   nArgumentSynthesizer]: We have 28 Motzkin's Theorem applications.
[2020-06-17 18:56:08,990 INFO  L403   nArgumentSynthesizer]: A total of 0 supporting invariants were added.
[2020-06-17 18:56:12,122 INFO  L530          LassoAnalysis]: Proving termination failed for this template and these settings.
[2020-06-17 18:56:12,134 INFO  L497          LassoAnalysis]: Using template '2-parallel'.
No working directory specified, using /home/lixie/LassoRankerExp/LassoRankerExp/z3
Starting monitored process 11 with z3 -smt2 -in SMTLIB2_COMPLIANT=true (exit command is (exit), workingDir is null)
Waiting until toolchain timeout for monitored process 11 with z3 -smt2 -in SMTLIB2_COMPLIANT=true
[2020-06-17 18:56:12,136 INFO  L122   nArgumentSynthesizer]: Termination Analysis Settings:
Termination analysis: LINEAR_WITH_GUESSES
Number of strict supporting invariants: 1
Number of non-strict supporting invariants: 0
Consider only non-deceasing supporting invariants: true
Simplify termination arguments: true
Simplify supporting invariants: trueOverapproximate stem: false
[2020-06-17 18:56:12,137 WARN  L334   nArgumentSynthesizer]: Using a linear SMT query and a templates of degree > 0, hence this method is incomplete.
[2020-06-17 18:56:12,137 INFO  L339   nArgumentSynthesizer]: Template has degree 4.
[2020-06-17 18:56:12,137 INFO  L352   nArgumentSynthesizer]: There is no stem transition; disabling supporting invariant generation.
[2020-06-17 18:56:12,138 INFO  L205   nArgumentSynthesizer]: 1 stem disjuncts
[2020-06-17 18:56:12,138 INFO  L206   nArgumentSynthesizer]: 4 loop disjuncts
[2020-06-17 18:56:12,138 INFO  L207   nArgumentSynthesizer]: 6 template conjuncts.
[2020-06-17 18:56:12,145 INFO  L402   nArgumentSynthesizer]: We have 24 Motzkin's Theorem applications.
[2020-06-17 18:56:12,145 INFO  L403   nArgumentSynthesizer]: A total of 0 supporting invariants were added.
[2020-06-17 18:56:12,160 INFO  L530          LassoAnalysis]: Proving termination failed for this template and these settings.
[2020-06-17 18:56:12,174 INFO  L489     LassoRankerStarter]: LassoRanker could not prove termination or nontermination of the given linear lasso program.
Templates: AffineTemplate NestedTemplate NestedTemplate NestedTemplate MultiphaseTemplate ComposedLexicographicTemplate PiecewiseTemplate ParallelTemplate
[2020-06-17 18:56:12,175 INFO  L132        PluginConnector]: ------------------------ END LassoRanker----------------------------
[2020-06-17 18:56:12,176 INFO  L168              Benchmark]: Toolchain (without parser) took 4003.58 ms. Allocated memory was 514.9 MB in the beginning and 531.6 MB in the end (delta: 16.8 MB). Free memory was 472.9 MB in the beginning and 452.5 MB in the end (delta: 20.4 MB). Peak memory consumption was 119.9 MB. Max. memory is 11.5 GB.
[2020-06-17 18:56:12,177 INFO  L168              Benchmark]: Boogie PL CUP Parser took 0.10 ms. Allocated memory is still 514.9 MB. Free memory is still 474.4 MB. There was no memory consumed. Max. memory is 11.5 GB.
[2020-06-17 18:56:12,178 INFO  L168              Benchmark]: Boogie Preprocessor took 32.19 ms. Allocated memory is still 514.9 MB. Free memory was 471.5 MB in the beginning and 470.2 MB in the end (delta: 1.3 MB). Peak memory consumption was 1.3 MB. Max. memory is 11.5 GB.
[2020-06-17 18:56:12,178 INFO  L168              Benchmark]: RCFGBuilder took 121.82 ms. Allocated memory is still 514.9 MB. Free memory was 470.2 MB in the beginning and 458.0 MB in the end (delta: 12.2 MB). Peak memory consumption was 12.2 MB. Max. memory is 11.5 GB.
[2020-06-17 18:56:12,179 INFO  L168              Benchmark]: LassoRanker took 3840.05 ms. Allocated memory was 514.9 MB in the beginning and 531.6 MB in the end (delta: 16.8 MB). Free memory was 458.0 MB in the beginning and 452.5 MB in the end (delta: 5.5 MB). Peak memory consumption was 105.0 MB. Max. memory is 11.5 GB.
[2020-06-17 18:56:12,181 INFO  L336   ainManager$Toolchain]: #######################  End [Toolchain 1] #######################
 --- Results ---
 * Results from de.uni_freiburg.informatik.ultimate.core:
  - StatisticsResult: Toolchain Benchmarks
    Benchmark results are:
 * Boogie PL CUP Parser took 0.10 ms. Allocated memory is still 514.9 MB. Free memory is still 474.4 MB. There was no memory consumed. Max. memory is 11.5 GB.
 * Boogie Preprocessor took 32.19 ms. Allocated memory is still 514.9 MB. Free memory was 471.5 MB in the beginning and 470.2 MB in the end (delta: 1.3 MB). Peak memory consumption was 1.3 MB. Max. memory is 11.5 GB.
 * RCFGBuilder took 121.82 ms. Allocated memory is still 514.9 MB. Free memory was 470.2 MB in the beginning and 458.0 MB in the end (delta: 12.2 MB). Peak memory consumption was 12.2 MB. Max. memory is 11.5 GB.
 * LassoRanker took 3840.05 ms. Allocated memory was 514.9 MB in the beginning and 531.6 MB in the end (delta: 16.8 MB). Free memory was 458.0 MB in the beginning and 452.5 MB in the end (delta: 5.5 MB). Peak memory consumption was 105.0 MB. Max. memory is 11.5 GB.
 * Results from de.uni_freiburg.informatik.ultimate.plugins.analysis.lassoranker:
  - NoResult [Line: 1]: LassoRanker could not prove termination
    LassoRanker could not prove termination or nontermination of the given linear lasso program.
Templates: AffineTemplate NestedTemplate NestedTemplate NestedTemplate MultiphaseTemplate ComposedLexicographicTemplate PiecewiseTemplate ParallelTemplate
RESULT: Ultimate could not prove your program: Toolchain returned no result.
Received shutdown request...
Ultimate:
GTK+ Version Check
