This is Ultimate 0.1.24-16d85fa
[2020-06-17 18:56:23,261 INFO  L170        SettingsManager]: Resetting all preferences to default values...
[2020-06-17 18:56:23,263 INFO  L174        SettingsManager]: Resetting UltimateCore preferences to default values
[2020-06-17 18:56:23,273 INFO  L177        SettingsManager]: Ultimate Commandline Interface provides no preferences, ignoring...
[2020-06-17 18:56:23,273 INFO  L174        SettingsManager]: Resetting Boogie Preprocessor preferences to default values
[2020-06-17 18:56:23,274 INFO  L174        SettingsManager]: Resetting Boogie Procedure Inliner preferences to default values
[2020-06-17 18:56:23,275 INFO  L174        SettingsManager]: Resetting Abstract Interpretation preferences to default values
[2020-06-17 18:56:23,276 INFO  L174        SettingsManager]: Resetting LassoRanker preferences to default values
[2020-06-17 18:56:23,277 INFO  L174        SettingsManager]: Resetting Reaching Definitions preferences to default values
[2020-06-17 18:56:23,278 INFO  L174        SettingsManager]: Resetting SyntaxChecker preferences to default values
[2020-06-17 18:56:23,279 INFO  L177        SettingsManager]: Büchi Program Product provides no preferences, ignoring...
[2020-06-17 18:56:23,279 INFO  L174        SettingsManager]: Resetting LTL2Aut preferences to default values
[2020-06-17 18:56:23,280 INFO  L174        SettingsManager]: Resetting PEA to Boogie preferences to default values
[2020-06-17 18:56:23,280 INFO  L174        SettingsManager]: Resetting BlockEncodingV2 preferences to default values
[2020-06-17 18:56:23,281 INFO  L174        SettingsManager]: Resetting ChcToBoogie preferences to default values
[2020-06-17 18:56:23,282 INFO  L174        SettingsManager]: Resetting AutomataScriptInterpreter preferences to default values
[2020-06-17 18:56:23,282 INFO  L174        SettingsManager]: Resetting BuchiAutomizer preferences to default values
[2020-06-17 18:56:23,284 INFO  L174        SettingsManager]: Resetting CACSL2BoogieTranslator preferences to default values
[2020-06-17 18:56:23,286 INFO  L174        SettingsManager]: Resetting CodeCheck preferences to default values
[2020-06-17 18:56:23,287 INFO  L174        SettingsManager]: Resetting InvariantSynthesis preferences to default values
[2020-06-17 18:56:23,288 INFO  L174        SettingsManager]: Resetting RCFGBuilder preferences to default values
[2020-06-17 18:56:23,289 INFO  L174        SettingsManager]: Resetting TraceAbstraction preferences to default values
[2020-06-17 18:56:23,291 INFO  L177        SettingsManager]: TraceAbstractionConcurrent provides no preferences, ignoring...
[2020-06-17 18:56:23,292 INFO  L177        SettingsManager]: TraceAbstractionWithAFAs provides no preferences, ignoring...
[2020-06-17 18:56:23,292 INFO  L174        SettingsManager]: Resetting TreeAutomizer preferences to default values
[2020-06-17 18:56:23,293 INFO  L174        SettingsManager]: Resetting IcfgTransformer preferences to default values
[2020-06-17 18:56:23,293 INFO  L174        SettingsManager]: Resetting Boogie Printer preferences to default values
[2020-06-17 18:56:23,294 INFO  L174        SettingsManager]: Resetting ReqPrinter preferences to default values
[2020-06-17 18:56:23,295 INFO  L174        SettingsManager]: Resetting Witness Printer preferences to default values
[2020-06-17 18:56:23,295 INFO  L177        SettingsManager]: Boogie PL CUP Parser provides no preferences, ignoring...
[2020-06-17 18:56:23,296 INFO  L174        SettingsManager]: Resetting CDTParser preferences to default values
[2020-06-17 18:56:23,296 INFO  L177        SettingsManager]: AutomataScriptParser provides no preferences, ignoring...
[2020-06-17 18:56:23,296 INFO  L177        SettingsManager]: ReqParser provides no preferences, ignoring...
[2020-06-17 18:56:23,297 INFO  L174        SettingsManager]: Resetting SmtParser preferences to default values
[2020-06-17 18:56:23,297 INFO  L174        SettingsManager]: Resetting Witness Parser preferences to default values
[2020-06-17 18:56:23,298 INFO  L181        SettingsManager]: Finished resetting all preferences to default values...
[2020-06-17 18:56:23,316 INFO  L81    nceAwareModelManager]: Repository-Root is: /tmp
[2020-06-17 18:56:23,327 INFO  L258   ainManager$Toolchain]: [Toolchain 1]: Applicable parser(s) successfully (re)initialized
[2020-06-17 18:56:23,330 INFO  L214   ainManager$Toolchain]: [Toolchain 1]: Toolchain selected.
[2020-06-17 18:56:23,331 INFO  L271        PluginConnector]: Initializing Boogie PL CUP Parser...
[2020-06-17 18:56:23,331 INFO  L276        PluginConnector]: Boogie PL CUP Parser initialized
[2020-06-17 18:56:23,332 INFO  L418   ainManager$Toolchain]: [Toolchain 1]: Parsing single file: /home/lixie/LassoRankerExp/LassoRankerExp/./C_Boogie/WhileIncr_false-no-overflow_false-termination.bpl
[2020-06-17 18:56:23,332 INFO  L111           BoogieParser]: Parsing: '/home/lixie/LassoRankerExp/LassoRankerExp/./C_Boogie/WhileIncr_false-no-overflow_false-termination.bpl'
[2020-06-17 18:56:23,356 INFO  L296   ainManager$Toolchain]: ####################### [Toolchain 1] #######################
[2020-06-17 18:56:23,362 INFO  L131        ToolchainWalker]: Walking toolchain with 3 elements.
[2020-06-17 18:56:23,363 INFO  L113        PluginConnector]: ------------------------Boogie Preprocessor----------------------------
[2020-06-17 18:56:23,363 INFO  L271        PluginConnector]: Initializing Boogie Preprocessor...
[2020-06-17 18:56:23,363 INFO  L276        PluginConnector]: Boogie Preprocessor initialized
[2020-06-17 18:56:23,376 INFO  L185        PluginConnector]: Executing the observer EnsureBoogieModelObserver from plugin Boogie Preprocessor for "WhileIncr_false-no-overflow_false-termination.bpl de.uni_freiburg.informatik.ultimate.boogie.parser AST 17.06 06:56:23" (1/1) ...
[2020-06-17 18:56:23,377 INFO  L185        PluginConnector]: Executing the observer TypeChecker from plugin Boogie Preprocessor for "WhileIncr_false-no-overflow_false-termination.bpl de.uni_freiburg.informatik.ultimate.boogie.parser AST 17.06 06:56:23" (1/1) ...
[2020-06-17 18:56:23,381 INFO  L185        PluginConnector]: Executing the observer ConstExpander from plugin Boogie Preprocessor for "WhileIncr_false-no-overflow_false-termination.bpl de.uni_freiburg.informatik.ultimate.boogie.parser AST 17.06 06:56:23" (1/1) ...
[2020-06-17 18:56:23,381 INFO  L185        PluginConnector]: Executing the observer StructExpander from plugin Boogie Preprocessor for "WhileIncr_false-no-overflow_false-termination.bpl de.uni_freiburg.informatik.ultimate.boogie.parser AST 17.06 06:56:23" (1/1) ...
[2020-06-17 18:56:23,383 INFO  L185        PluginConnector]: Executing the observer UnstructureCode from plugin Boogie Preprocessor for "WhileIncr_false-no-overflow_false-termination.bpl de.uni_freiburg.informatik.ultimate.boogie.parser AST 17.06 06:56:23" (1/1) ...
[2020-06-17 18:56:23,385 INFO  L185        PluginConnector]: Executing the observer FunctionInliner from plugin Boogie Preprocessor for "WhileIncr_false-no-overflow_false-termination.bpl de.uni_freiburg.informatik.ultimate.boogie.parser AST 17.06 06:56:23" (1/1) ...
[2020-06-17 18:56:23,385 INFO  L185        PluginConnector]: Executing the observer BoogieSymbolTableConstructor from plugin Boogie Preprocessor for "WhileIncr_false-no-overflow_false-termination.bpl de.uni_freiburg.informatik.ultimate.boogie.parser AST 17.06 06:56:23" (1/1) ...
[2020-06-17 18:56:23,386 INFO  L132        PluginConnector]: ------------------------ END Boogie Preprocessor----------------------------
[2020-06-17 18:56:23,386 INFO  L113        PluginConnector]: ------------------------RCFGBuilder----------------------------
[2020-06-17 18:56:23,386 INFO  L271        PluginConnector]: Initializing RCFGBuilder...
[2020-06-17 18:56:23,386 INFO  L276        PluginConnector]: RCFGBuilder initialized
[2020-06-17 18:56:23,387 INFO  L185        PluginConnector]: Executing the observer RCFGBuilderObserver from plugin RCFGBuilder for "WhileIncr_false-no-overflow_false-termination.bpl de.uni_freiburg.informatik.ultimate.boogie.parser AST 17.06 06:56:23" (1/1) ...
No working directory specified, using /home/lixie/LassoRankerExp/LassoRankerExp/z3
Starting monitored process 1 with z3 SMTLIB2_COMPLIANT=true -memory:1024 -smt2 -in -t:12000 (exit command is (exit), workingDir is null)
Waiting until toolchain timeout for monitored process 1 with z3 SMTLIB2_COMPLIANT=true -memory:1024 -smt2 -in -t:12000
[2020-06-17 18:56:23,419 INFO  L124     BoogieDeclarations]: Specification and implementation of procedure main given in one single declaration
[2020-06-17 18:56:23,419 INFO  L130     BoogieDeclarations]: Found specification of procedure main
[2020-06-17 18:56:23,420 INFO  L138     BoogieDeclarations]: Found implementation of procedure main
[2020-06-17 18:56:23,477 INFO  L278             CfgBuilder]: Using library mode
[2020-06-17 18:56:23,477 INFO  L286             CfgBuilder]: Removed 0 assue(true) statements.
[2020-06-17 18:56:23,478 INFO  L202        PluginConnector]: Adding new model WhileIncr_false-no-overflow_false-termination.bpl de.uni_freiburg.informatik.ultimate.plugins.generator.rcfgbuilder CFG 17.06 06:56:23 BoogieIcfgContainer
[2020-06-17 18:56:23,478 INFO  L132        PluginConnector]: ------------------------ END RCFGBuilder----------------------------
[2020-06-17 18:56:23,479 INFO  L113        PluginConnector]: ------------------------LassoRanker----------------------------
[2020-06-17 18:56:23,479 INFO  L271        PluginConnector]: Initializing LassoRanker...
[2020-06-17 18:56:23,479 INFO  L276        PluginConnector]: LassoRanker initialized
[2020-06-17 18:56:23,479 INFO  L185        PluginConnector]: Executing the observer LassoRankerObserver from plugin LassoRanker for "WhileIncr_false-no-overflow_false-termination.bpl de.uni_freiburg.informatik.ultimate.plugins.generator.rcfgbuilder CFG 17.06 06:56:23" (1/1) ...
[2020-06-17 18:56:23,497 INFO  L72            BuchiIsEmpty]: Start buchiIsEmpty. Operand 2 states.
[2020-06-17 18:56:23,510 INFO  L131   ngComponentsAnalysis]: Automaton has 1 accepting balls. 1
[2020-06-17 18:56:23,510 INFO  L87            BuchiIsEmpty]: Finished buchiIsEmpty Result is false
[2020-06-17 18:56:23,510 INFO  L119           BuchiIsEmpty]: Starting construction of run
[2020-06-17 18:56:23,515 INFO  L104     BuchiDifferenceFKV]: Start buchiDifferenceFKV. First operand 2 states. Second operand 1 states.
[2020-06-17 18:56:23,522 INFO  L108     BuchiDifferenceFKV]: Finished buchiDifferenceFKV. First operand 2 states. Second operand 1 states. Result 3 states and 4 transitions. Complement of second has 2 states 2 powerset states0 rank states. The highest rank that occured is -1
[2020-06-17 18:56:23,522 INFO  L72            BuchiIsEmpty]: Start buchiIsEmpty. Operand 3 states and 4 transitions.
[2020-06-17 18:56:23,523 INFO  L131   ngComponentsAnalysis]: Automaton has 0 accepting balls. 0
[2020-06-17 18:56:23,523 INFO  L87            BuchiIsEmpty]: Finished buchiIsEmpty Result is true
[2020-06-17 18:56:23,545 INFO  L216          LassoAnalysis]: Preferences:
[2020-06-17 18:56:23,545 INFO  L124   ssoRankerPreferences]: Compute integeral hull: false
[2020-06-17 18:56:23,546 INFO  L125   ssoRankerPreferences]: Enable LassoPartitioneer: true
[2020-06-17 18:56:23,546 INFO  L126   ssoRankerPreferences]: Term annotations enabled: false
[2020-06-17 18:56:23,546 INFO  L127   ssoRankerPreferences]: Use exernal solver: true
[2020-06-17 18:56:23,546 INFO  L128   ssoRankerPreferences]: SMT solver command: z3 -smt2 -in SMTLIB2_COMPLIANT=true
[2020-06-17 18:56:23,546 INFO  L129   ssoRankerPreferences]: Dump SMT script to file: false
[2020-06-17 18:56:23,546 INFO  L130   ssoRankerPreferences]: Path of dumped script: .
[2020-06-17 18:56:23,546 INFO  L131   ssoRankerPreferences]: Filename of dumped script: LassoRankerScript
[2020-06-17 18:56:23,546 INFO  L132   ssoRankerPreferences]: MapElimAlgo: Frank
[2020-06-17 18:56:23,546 INFO  L282          LassoAnalysis]: Starting lasso preprocessing...
[2020-06-17 18:56:23,558 INFO  L141          MapEliminator]: Using MapEliminator with SimplificationTechnique=SIMPLIFY_DDA XnfConversionTechnique=BOTTOM_UP_WITH_LOCAL_SIMPLIFICATION AddInequalities=false OnlyTrivialImplicationsArrayWrite=false OnlyTrivialImplicationsForModifiedArguments=true OnlyArgumentsInFormula=true
[2020-06-17 18:56:23,592 INFO  L300          LassoAnalysis]: Preprocessing complete.
[2020-06-17 18:56:23,593 INFO  L412          LassoAnalysis]: Checking for nontermination...
No working directory specified, using /home/lixie/LassoRankerExp/LassoRankerExp/z3
Starting monitored process 2 with z3 -smt2 -in SMTLIB2_COMPLIANT=true (exit command is (exit), workingDir is null)
Waiting until toolchain timeout for monitored process 2 with z3 -smt2 -in SMTLIB2_COMPLIANT=true
[2020-06-17 18:56:23,596 INFO  L151   nArgumentSynthesizer]: Nontermination analysis: LINEAR_WITH_GUESSES Allow bounded executions: true Number of generalized eigenvectors: 0 Nilpotent components: true
[2020-06-17 18:56:23,596 INFO  L163   nArgumentSynthesizer]: Using integer mode.
No working directory specified, using /home/lixie/LassoRankerExp/LassoRankerExp/z3
Starting monitored process 3 with z3 -smt2 -in SMTLIB2_COMPLIANT=true (exit command is (exit), workingDir is null)
Waiting until toolchain timeout for monitored process 3 with z3 -smt2 -in SMTLIB2_COMPLIANT=true
[2020-06-17 18:56:23,614 INFO  L151   nArgumentSynthesizer]: Nontermination analysis: LINEAR_WITH_GUESSES Allow bounded executions: true Number of generalized eigenvectors: 3 Nilpotent components: true
[2020-06-17 18:56:23,614 INFO  L163   nArgumentSynthesizer]: Using integer mode.
[2020-06-17 18:56:23,632 INFO  L452          LassoAnalysis]: Proving nontermination failed: No geometric nontermination argument exists.
[2020-06-17 18:56:23,633 INFO  L216          LassoAnalysis]: Preferences:
[2020-06-17 18:56:23,634 INFO  L124   ssoRankerPreferences]: Compute integeral hull: false
[2020-06-17 18:56:23,634 INFO  L125   ssoRankerPreferences]: Enable LassoPartitioneer: true
[2020-06-17 18:56:23,634 INFO  L126   ssoRankerPreferences]: Term annotations enabled: false
[2020-06-17 18:56:23,634 INFO  L127   ssoRankerPreferences]: Use exernal solver: true
[2020-06-17 18:56:23,634 INFO  L128   ssoRankerPreferences]: SMT solver command: z3 -smt2 -in SMTLIB2_COMPLIANT=true
[2020-06-17 18:56:23,634 INFO  L129   ssoRankerPreferences]: Dump SMT script to file: false
[2020-06-17 18:56:23,634 INFO  L130   ssoRankerPreferences]: Path of dumped script: .
[2020-06-17 18:56:23,634 INFO  L131   ssoRankerPreferences]: Filename of dumped script: LassoRankerScript
[2020-06-17 18:56:23,634 INFO  L132   ssoRankerPreferences]: MapElimAlgo: Frank
[2020-06-17 18:56:23,634 INFO  L282          LassoAnalysis]: Starting lasso preprocessing...
[2020-06-17 18:56:23,635 INFO  L141          MapEliminator]: Using MapEliminator with SimplificationTechnique=SIMPLIFY_DDA XnfConversionTechnique=BOTTOM_UP_WITH_LOCAL_SIMPLIFICATION AddInequalities=false OnlyTrivialImplicationsArrayWrite=false OnlyTrivialImplicationsForModifiedArguments=true OnlyArgumentsInFormula=true
[2020-06-17 18:56:23,654 INFO  L300          LassoAnalysis]: Preprocessing complete.
[2020-06-17 18:56:23,657 INFO  L497          LassoAnalysis]: Using template 'affine'.
No working directory specified, using /home/lixie/LassoRankerExp/LassoRankerExp/z3
Starting monitored process 4 with z3 -smt2 -in SMTLIB2_COMPLIANT=true (exit command is (exit), workingDir is null)
Waiting until toolchain timeout for monitored process 4 with z3 -smt2 -in SMTLIB2_COMPLIANT=true
[2020-06-17 18:56:23,659 INFO  L122   nArgumentSynthesizer]: Termination Analysis Settings:
Termination analysis: LINEAR_WITH_GUESSES
Number of strict supporting invariants: 1
Number of non-strict supporting invariants: 0
Consider only non-deceasing supporting invariants: true
Simplify termination arguments: true
Simplify supporting invariants: trueOverapproximate stem: false
[2020-06-17 18:56:23,661 INFO  L339   nArgumentSynthesizer]: Template has degree 0.
[2020-06-17 18:56:23,661 INFO  L352   nArgumentSynthesizer]: There is no stem transition; disabling supporting invariant generation.
[2020-06-17 18:56:23,662 INFO  L205   nArgumentSynthesizer]: 1 stem disjuncts
[2020-06-17 18:56:23,662 INFO  L206   nArgumentSynthesizer]: 1 loop disjuncts
[2020-06-17 18:56:23,662 INFO  L207   nArgumentSynthesizer]: 2 template conjuncts.
[2020-06-17 18:56:23,664 INFO  L402   nArgumentSynthesizer]: We have 2 Motzkin's Theorem applications.
[2020-06-17 18:56:23,664 INFO  L403   nArgumentSynthesizer]: A total of 0 supporting invariants were added.
[2020-06-17 18:56:23,666 INFO  L530          LassoAnalysis]: Proving termination failed for this template and these settings.
[2020-06-17 18:56:23,678 INFO  L497          LassoAnalysis]: Using template '2-nested'.
No working directory specified, using /home/lixie/LassoRankerExp/LassoRankerExp/z3
Starting monitored process 5 with z3 -smt2 -in SMTLIB2_COMPLIANT=true (exit command is (exit), workingDir is null)
Waiting until toolchain timeout for monitored process 5 with z3 -smt2 -in SMTLIB2_COMPLIANT=true
[2020-06-17 18:56:23,680 INFO  L122   nArgumentSynthesizer]: Termination Analysis Settings:
Termination analysis: LINEAR_WITH_GUESSES
Number of strict supporting invariants: 1
Number of non-strict supporting invariants: 0
Consider only non-deceasing supporting invariants: true
Simplify termination arguments: true
Simplify supporting invariants: trueOverapproximate stem: false
[2020-06-17 18:56:23,682 INFO  L339   nArgumentSynthesizer]: Template has degree 0.
[2020-06-17 18:56:23,682 INFO  L352   nArgumentSynthesizer]: There is no stem transition; disabling supporting invariant generation.
[2020-06-17 18:56:23,682 INFO  L205   nArgumentSynthesizer]: 1 stem disjuncts
[2020-06-17 18:56:23,682 INFO  L206   nArgumentSynthesizer]: 1 loop disjuncts
[2020-06-17 18:56:23,682 INFO  L207   nArgumentSynthesizer]: 3 template conjuncts.
[2020-06-17 18:56:23,684 INFO  L402   nArgumentSynthesizer]: We have 3 Motzkin's Theorem applications.
[2020-06-17 18:56:23,684 INFO  L403   nArgumentSynthesizer]: A total of 0 supporting invariants were added.
[2020-06-17 18:56:23,686 INFO  L530          LassoAnalysis]: Proving termination failed for this template and these settings.
[2020-06-17 18:56:23,698 INFO  L497          LassoAnalysis]: Using template '3-nested'.
No working directory specified, using /home/lixie/LassoRankerExp/LassoRankerExp/z3
Starting monitored process 6 with z3 -smt2 -in SMTLIB2_COMPLIANT=true (exit command is (exit), workingDir is null)
Waiting until toolchain timeout for monitored process 6 with z3 -smt2 -in SMTLIB2_COMPLIANT=true
[2020-06-17 18:56:23,699 INFO  L122   nArgumentSynthesizer]: Termination Analysis Settings:
Termination analysis: LINEAR_WITH_GUESSES
Number of strict supporting invariants: 1
Number of non-strict supporting invariants: 0
Consider only non-deceasing supporting invariants: true
Simplify termination arguments: true
Simplify supporting invariants: trueOverapproximate stem: false
[2020-06-17 18:56:23,700 INFO  L339   nArgumentSynthesizer]: Template has degree 0.
[2020-06-17 18:56:23,701 INFO  L352   nArgumentSynthesizer]: There is no stem transition; disabling supporting invariant generation.
[2020-06-17 18:56:23,701 INFO  L205   nArgumentSynthesizer]: 1 stem disjuncts
[2020-06-17 18:56:23,701 INFO  L206   nArgumentSynthesizer]: 1 loop disjuncts
[2020-06-17 18:56:23,701 INFO  L207   nArgumentSynthesizer]: 4 template conjuncts.
[2020-06-17 18:56:23,703 INFO  L402   nArgumentSynthesizer]: We have 4 Motzkin's Theorem applications.
[2020-06-17 18:56:23,703 INFO  L403   nArgumentSynthesizer]: A total of 0 supporting invariants were added.
[2020-06-17 18:56:23,705 INFO  L530          LassoAnalysis]: Proving termination failed for this template and these settings.
[2020-06-17 18:56:23,717 INFO  L497          LassoAnalysis]: Using template '4-nested'.
No working directory specified, using /home/lixie/LassoRankerExp/LassoRankerExp/z3
Starting monitored process 7 with z3 -smt2 -in SMTLIB2_COMPLIANT=true (exit command is (exit), workingDir is null)
Waiting until toolchain timeout for monitored process 7 with z3 -smt2 -in SMTLIB2_COMPLIANT=true
[2020-06-17 18:56:23,719 INFO  L122   nArgumentSynthesizer]: Termination Analysis Settings:
Termination analysis: LINEAR_WITH_GUESSES
Number of strict supporting invariants: 1
Number of non-strict supporting invariants: 0
Consider only non-deceasing supporting invariants: true
Simplify termination arguments: true
Simplify supporting invariants: trueOverapproximate stem: false
[2020-06-17 18:56:23,720 INFO  L339   nArgumentSynthesizer]: Template has degree 0.
[2020-06-17 18:56:23,720 INFO  L352   nArgumentSynthesizer]: There is no stem transition; disabling supporting invariant generation.
[2020-06-17 18:56:23,720 INFO  L205   nArgumentSynthesizer]: 1 stem disjuncts
[2020-06-17 18:56:23,720 INFO  L206   nArgumentSynthesizer]: 1 loop disjuncts
[2020-06-17 18:56:23,720 INFO  L207   nArgumentSynthesizer]: 5 template conjuncts.
[2020-06-17 18:56:23,722 INFO  L402   nArgumentSynthesizer]: We have 5 Motzkin's Theorem applications.
[2020-06-17 18:56:23,723 INFO  L403   nArgumentSynthesizer]: A total of 0 supporting invariants were added.
[2020-06-17 18:56:23,726 INFO  L530          LassoAnalysis]: Proving termination failed for this template and these settings.
[2020-06-17 18:56:23,738 INFO  L497          LassoAnalysis]: Using template '2-phase'.
No working directory specified, using /home/lixie/LassoRankerExp/LassoRankerExp/z3
Starting monitored process 8 with z3 -smt2 -in SMTLIB2_COMPLIANT=true (exit command is (exit), workingDir is null)
Waiting until toolchain timeout for monitored process 8 with z3 -smt2 -in SMTLIB2_COMPLIANT=true
[2020-06-17 18:56:23,740 INFO  L122   nArgumentSynthesizer]: Termination Analysis Settings:
Termination analysis: LINEAR_WITH_GUESSES
Number of strict supporting invariants: 1
Number of non-strict supporting invariants: 0
Consider only non-deceasing supporting invariants: true
Simplify termination arguments: true
Simplify supporting invariants: trueOverapproximate stem: false
[2020-06-17 18:56:23,741 WARN  L334   nArgumentSynthesizer]: Using a linear SMT query and a templates of degree > 0, hence this method is incomplete.
[2020-06-17 18:56:23,742 INFO  L339   nArgumentSynthesizer]: Template has degree 1.
[2020-06-17 18:56:23,742 INFO  L352   nArgumentSynthesizer]: There is no stem transition; disabling supporting invariant generation.
[2020-06-17 18:56:23,742 INFO  L205   nArgumentSynthesizer]: 1 stem disjuncts
[2020-06-17 18:56:23,742 INFO  L206   nArgumentSynthesizer]: 1 loop disjuncts
[2020-06-17 18:56:23,742 INFO  L207   nArgumentSynthesizer]: 3 template conjuncts.
[2020-06-17 18:56:23,744 INFO  L402   nArgumentSynthesizer]: We have 3 Motzkin's Theorem applications.
[2020-06-17 18:56:23,744 INFO  L403   nArgumentSynthesizer]: A total of 0 supporting invariants were added.
[2020-06-17 18:56:23,748 INFO  L530          LassoAnalysis]: Proving termination failed for this template and these settings.
[2020-06-17 18:56:23,760 INFO  L497          LassoAnalysis]: Using template 'lex(affine, affine)'.
No working directory specified, using /home/lixie/LassoRankerExp/LassoRankerExp/z3
Starting monitored process 9 with z3 -smt2 -in SMTLIB2_COMPLIANT=true (exit command is (exit), workingDir is null)
Waiting until toolchain timeout for monitored process 9 with z3 -smt2 -in SMTLIB2_COMPLIANT=true
[2020-06-17 18:56:23,762 INFO  L122   nArgumentSynthesizer]: Termination Analysis Settings:
Termination analysis: LINEAR_WITH_GUESSES
Number of strict supporting invariants: 1
Number of non-strict supporting invariants: 0
Consider only non-deceasing supporting invariants: true
Simplify termination arguments: true
Simplify supporting invariants: trueOverapproximate stem: false
[2020-06-17 18:56:23,763 WARN  L334   nArgumentSynthesizer]: Using a linear SMT query and a templates of degree > 0, hence this method is incomplete.
[2020-06-17 18:56:23,763 INFO  L339   nArgumentSynthesizer]: Template has degree 5.
[2020-06-17 18:56:23,764 INFO  L352   nArgumentSynthesizer]: There is no stem transition; disabling supporting invariant generation.
[2020-06-17 18:56:23,764 INFO  L205   nArgumentSynthesizer]: 1 stem disjuncts
[2020-06-17 18:56:23,764 INFO  L206   nArgumentSynthesizer]: 1 loop disjuncts
[2020-06-17 18:56:23,764 INFO  L207   nArgumentSynthesizer]: 4 template conjuncts.
[2020-06-17 18:56:23,766 INFO  L402   nArgumentSynthesizer]: We have 4 Motzkin's Theorem applications.
[2020-06-17 18:56:23,766 INFO  L403   nArgumentSynthesizer]: A total of 0 supporting invariants were added.
[2020-06-17 18:56:23,769 INFO  L530          LassoAnalysis]: Proving termination failed for this template and these settings.
[2020-06-17 18:56:23,781 INFO  L497          LassoAnalysis]: Using template '2-piece'.
No working directory specified, using /home/lixie/LassoRankerExp/LassoRankerExp/z3
Starting monitored process 10 with z3 -smt2 -in SMTLIB2_COMPLIANT=true (exit command is (exit), workingDir is null)
Waiting until toolchain timeout for monitored process 10 with z3 -smt2 -in SMTLIB2_COMPLIANT=true
[2020-06-17 18:56:23,783 INFO  L122   nArgumentSynthesizer]: Termination Analysis Settings:
Termination analysis: LINEAR_WITH_GUESSES
Number of strict supporting invariants: 1
Number of non-strict supporting invariants: 0
Consider only non-deceasing supporting invariants: true
Simplify termination arguments: true
Simplify supporting invariants: trueOverapproximate stem: false
[2020-06-17 18:56:23,784 WARN  L334   nArgumentSynthesizer]: Using a linear SMT query and a templates of degree > 0, hence this method is incomplete.
[2020-06-17 18:56:23,784 INFO  L339   nArgumentSynthesizer]: Template has degree 7.
[2020-06-17 18:56:23,784 INFO  L352   nArgumentSynthesizer]: There is no stem transition; disabling supporting invariant generation.
[2020-06-17 18:56:23,785 INFO  L205   nArgumentSynthesizer]: 1 stem disjuncts
[2020-06-17 18:56:23,785 INFO  L206   nArgumentSynthesizer]: 1 loop disjuncts
[2020-06-17 18:56:23,785 INFO  L207   nArgumentSynthesizer]: 7 template conjuncts.
[2020-06-17 18:56:23,789 INFO  L402   nArgumentSynthesizer]: We have 7 Motzkin's Theorem applications.
[2020-06-17 18:56:23,789 INFO  L403   nArgumentSynthesizer]: A total of 0 supporting invariants were added.
[2020-06-17 18:56:23,808 INFO  L530          LassoAnalysis]: Proving termination failed for this template and these settings.
[2020-06-17 18:56:23,825 INFO  L497          LassoAnalysis]: Using template '2-parallel'.
No working directory specified, using /home/lixie/LassoRankerExp/LassoRankerExp/z3
Starting monitored process 11 with z3 -smt2 -in SMTLIB2_COMPLIANT=true (exit command is (exit), workingDir is null)
Waiting until toolchain timeout for monitored process 11 with z3 -smt2 -in SMTLIB2_COMPLIANT=true
[2020-06-17 18:56:23,827 INFO  L122   nArgumentSynthesizer]: Termination Analysis Settings:
Termination analysis: LINEAR_WITH_GUESSES
Number of strict supporting invariants: 1
Number of non-strict supporting invariants: 0
Consider only non-deceasing supporting invariants: true
Simplify termination arguments: true
Simplify supporting invariants: trueOverapproximate stem: false
[2020-06-17 18:56:23,828 WARN  L334   nArgumentSynthesizer]: Using a linear SMT query and a templates of degree > 0, hence this method is incomplete.
[2020-06-17 18:56:23,828 INFO  L339   nArgumentSynthesizer]: Template has degree 4.
[2020-06-17 18:56:23,828 INFO  L352   nArgumentSynthesizer]: There is no stem transition; disabling supporting invariant generation.
[2020-06-17 18:56:23,829 INFO  L205   nArgumentSynthesizer]: 1 stem disjuncts
[2020-06-17 18:56:23,829 INFO  L206   nArgumentSynthesizer]: 1 loop disjuncts
[2020-06-17 18:56:23,829 INFO  L207   nArgumentSynthesizer]: 6 template conjuncts.
[2020-06-17 18:56:23,831 INFO  L402   nArgumentSynthesizer]: We have 6 Motzkin's Theorem applications.
[2020-06-17 18:56:23,831 INFO  L403   nArgumentSynthesizer]: A total of 0 supporting invariants were added.
[2020-06-17 18:56:23,836 INFO  L530          LassoAnalysis]: Proving termination failed for this template and these settings.
[2020-06-17 18:56:23,849 INFO  L489     LassoRankerStarter]: LassoRanker could not prove termination or nontermination of the given linear lasso program.
Templates: AffineTemplate NestedTemplate NestedTemplate NestedTemplate MultiphaseTemplate ComposedLexicographicTemplate PiecewiseTemplate ParallelTemplate
[2020-06-17 18:56:23,850 INFO  L132        PluginConnector]: ------------------------ END LassoRanker----------------------------
[2020-06-17 18:56:23,851 INFO  L168              Benchmark]: Toolchain (without parser) took 494.11 ms. Allocated memory is still 514.9 MB. Free memory was 472.9 MB in the beginning and 401.9 MB in the end (delta: 71.0 MB). Peak memory consumption was 71.0 MB. Max. memory is 11.5 GB.
[2020-06-17 18:56:23,852 INFO  L168              Benchmark]: Boogie PL CUP Parser took 0.15 ms. Allocated memory is still 514.9 MB. Free memory is still 474.4 MB. There was no memory consumed. Max. memory is 11.5 GB.
[2020-06-17 18:56:23,852 INFO  L168              Benchmark]: Boogie Preprocessor took 23.31 ms. Allocated memory is still 514.9 MB. Free memory was 471.5 MB in the beginning and 470.1 MB in the end (delta: 1.4 MB). Peak memory consumption was 1.4 MB. Max. memory is 11.5 GB.
[2020-06-17 18:56:23,852 INFO  L168              Benchmark]: RCFGBuilder took 92.23 ms. Allocated memory is still 514.9 MB. Free memory was 470.1 MB in the beginning and 460.7 MB in the end (delta: 9.4 MB). Peak memory consumption was 9.4 MB. Max. memory is 11.5 GB.
[2020-06-17 18:56:23,853 INFO  L168              Benchmark]: LassoRanker took 371.18 ms. Allocated memory is still 514.9 MB. Free memory was 460.7 MB in the beginning and 401.9 MB in the end (delta: 58.8 MB). Peak memory consumption was 58.8 MB. Max. memory is 11.5 GB.
[2020-06-17 18:56:23,854 INFO  L336   ainManager$Toolchain]: #######################  End [Toolchain 1] #######################
 --- Results ---
 * Results from de.uni_freiburg.informatik.ultimate.core:
  - StatisticsResult: Toolchain Benchmarks
    Benchmark results are:
 * Boogie PL CUP Parser took 0.15 ms. Allocated memory is still 514.9 MB. Free memory is still 474.4 MB. There was no memory consumed. Max. memory is 11.5 GB.
 * Boogie Preprocessor took 23.31 ms. Allocated memory is still 514.9 MB. Free memory was 471.5 MB in the beginning and 470.1 MB in the end (delta: 1.4 MB). Peak memory consumption was 1.4 MB. Max. memory is 11.5 GB.
 * RCFGBuilder took 92.23 ms. Allocated memory is still 514.9 MB. Free memory was 470.1 MB in the beginning and 460.7 MB in the end (delta: 9.4 MB). Peak memory consumption was 9.4 MB. Max. memory is 11.5 GB.
 * LassoRanker took 371.18 ms. Allocated memory is still 514.9 MB. Free memory was 460.7 MB in the beginning and 401.9 MB in the end (delta: 58.8 MB). Peak memory consumption was 58.8 MB. Max. memory is 11.5 GB.
 * Results from de.uni_freiburg.informatik.ultimate.plugins.analysis.lassoranker:
  - NoResult [Line: 1]: LassoRanker could not prove termination
    LassoRanker could not prove termination or nontermination of the given linear lasso program.
Templates: AffineTemplate NestedTemplate NestedTemplate NestedTemplate MultiphaseTemplate ComposedLexicographicTemplate PiecewiseTemplate ParallelTemplate
RESULT: Ultimate could not prove your program: Toolchain returned no result.
Received shutdown request...
Ultimate:
GTK+ Version Check
