This is Ultimate 0.1.24-16d85fa
[2020-06-17 18:56:25,148 INFO  L170        SettingsManager]: Resetting all preferences to default values...
[2020-06-17 18:56:25,149 INFO  L174        SettingsManager]: Resetting UltimateCore preferences to default values
[2020-06-17 18:56:25,159 INFO  L177        SettingsManager]: Ultimate Commandline Interface provides no preferences, ignoring...
[2020-06-17 18:56:25,159 INFO  L174        SettingsManager]: Resetting Boogie Preprocessor preferences to default values
[2020-06-17 18:56:25,160 INFO  L174        SettingsManager]: Resetting Boogie Procedure Inliner preferences to default values
[2020-06-17 18:56:25,160 INFO  L174        SettingsManager]: Resetting Abstract Interpretation preferences to default values
[2020-06-17 18:56:25,161 INFO  L174        SettingsManager]: Resetting LassoRanker preferences to default values
[2020-06-17 18:56:25,163 INFO  L174        SettingsManager]: Resetting Reaching Definitions preferences to default values
[2020-06-17 18:56:25,163 INFO  L174        SettingsManager]: Resetting SyntaxChecker preferences to default values
[2020-06-17 18:56:25,163 INFO  L177        SettingsManager]: Büchi Program Product provides no preferences, ignoring...
[2020-06-17 18:56:25,164 INFO  L174        SettingsManager]: Resetting LTL2Aut preferences to default values
[2020-06-17 18:56:25,164 INFO  L174        SettingsManager]: Resetting PEA to Boogie preferences to default values
[2020-06-17 18:56:25,165 INFO  L174        SettingsManager]: Resetting BlockEncodingV2 preferences to default values
[2020-06-17 18:56:25,165 INFO  L174        SettingsManager]: Resetting ChcToBoogie preferences to default values
[2020-06-17 18:56:25,166 INFO  L174        SettingsManager]: Resetting AutomataScriptInterpreter preferences to default values
[2020-06-17 18:56:25,166 INFO  L174        SettingsManager]: Resetting BuchiAutomizer preferences to default values
[2020-06-17 18:56:25,167 INFO  L174        SettingsManager]: Resetting CACSL2BoogieTranslator preferences to default values
[2020-06-17 18:56:25,168 INFO  L174        SettingsManager]: Resetting CodeCheck preferences to default values
[2020-06-17 18:56:25,169 INFO  L174        SettingsManager]: Resetting InvariantSynthesis preferences to default values
[2020-06-17 18:56:25,170 INFO  L174        SettingsManager]: Resetting RCFGBuilder preferences to default values
[2020-06-17 18:56:25,171 INFO  L174        SettingsManager]: Resetting TraceAbstraction preferences to default values
[2020-06-17 18:56:25,172 INFO  L177        SettingsManager]: TraceAbstractionConcurrent provides no preferences, ignoring...
[2020-06-17 18:56:25,172 INFO  L177        SettingsManager]: TraceAbstractionWithAFAs provides no preferences, ignoring...
[2020-06-17 18:56:25,173 INFO  L174        SettingsManager]: Resetting TreeAutomizer preferences to default values
[2020-06-17 18:56:25,173 INFO  L174        SettingsManager]: Resetting IcfgTransformer preferences to default values
[2020-06-17 18:56:25,174 INFO  L174        SettingsManager]: Resetting Boogie Printer preferences to default values
[2020-06-17 18:56:25,174 INFO  L174        SettingsManager]: Resetting ReqPrinter preferences to default values
[2020-06-17 18:56:25,175 INFO  L174        SettingsManager]: Resetting Witness Printer preferences to default values
[2020-06-17 18:56:25,175 INFO  L177        SettingsManager]: Boogie PL CUP Parser provides no preferences, ignoring...
[2020-06-17 18:56:25,175 INFO  L174        SettingsManager]: Resetting CDTParser preferences to default values
[2020-06-17 18:56:25,176 INFO  L177        SettingsManager]: AutomataScriptParser provides no preferences, ignoring...
[2020-06-17 18:56:25,176 INFO  L177        SettingsManager]: ReqParser provides no preferences, ignoring...
[2020-06-17 18:56:25,176 INFO  L174        SettingsManager]: Resetting SmtParser preferences to default values
[2020-06-17 18:56:25,176 INFO  L174        SettingsManager]: Resetting Witness Parser preferences to default values
[2020-06-17 18:56:25,177 INFO  L181        SettingsManager]: Finished resetting all preferences to default values...
[2020-06-17 18:56:25,192 INFO  L81    nceAwareModelManager]: Repository-Root is: /tmp
[2020-06-17 18:56:25,202 INFO  L258   ainManager$Toolchain]: [Toolchain 1]: Applicable parser(s) successfully (re)initialized
[2020-06-17 18:56:25,205 INFO  L214   ainManager$Toolchain]: [Toolchain 1]: Toolchain selected.
[2020-06-17 18:56:25,206 INFO  L271        PluginConnector]: Initializing Boogie PL CUP Parser...
[2020-06-17 18:56:25,206 INFO  L276        PluginConnector]: Boogie PL CUP Parser initialized
[2020-06-17 18:56:25,207 INFO  L418   ainManager$Toolchain]: [Toolchain 1]: Parsing single file: /home/lixie/LassoRankerExp/LassoRankerExp/./C_Boogie/WhileIncrPart_false-no-overflow_false-termination.bpl
[2020-06-17 18:56:25,207 INFO  L111           BoogieParser]: Parsing: '/home/lixie/LassoRankerExp/LassoRankerExp/./C_Boogie/WhileIncrPart_false-no-overflow_false-termination.bpl'
[2020-06-17 18:56:25,228 INFO  L296   ainManager$Toolchain]: ####################### [Toolchain 1] #######################
[2020-06-17 18:56:25,236 INFO  L131        ToolchainWalker]: Walking toolchain with 3 elements.
[2020-06-17 18:56:25,237 INFO  L113        PluginConnector]: ------------------------Boogie Preprocessor----------------------------
[2020-06-17 18:56:25,237 INFO  L271        PluginConnector]: Initializing Boogie Preprocessor...
[2020-06-17 18:56:25,237 INFO  L276        PluginConnector]: Boogie Preprocessor initialized
[2020-06-17 18:56:25,257 INFO  L185        PluginConnector]: Executing the observer EnsureBoogieModelObserver from plugin Boogie Preprocessor for "WhileIncrPart_false-no-overflow_false-termination.bpl de.uni_freiburg.informatik.ultimate.boogie.parser AST 17.06 06:56:25" (1/1) ...
[2020-06-17 18:56:25,258 INFO  L185        PluginConnector]: Executing the observer TypeChecker from plugin Boogie Preprocessor for "WhileIncrPart_false-no-overflow_false-termination.bpl de.uni_freiburg.informatik.ultimate.boogie.parser AST 17.06 06:56:25" (1/1) ...
[2020-06-17 18:56:25,262 INFO  L185        PluginConnector]: Executing the observer ConstExpander from plugin Boogie Preprocessor for "WhileIncrPart_false-no-overflow_false-termination.bpl de.uni_freiburg.informatik.ultimate.boogie.parser AST 17.06 06:56:25" (1/1) ...
[2020-06-17 18:56:25,263 INFO  L185        PluginConnector]: Executing the observer StructExpander from plugin Boogie Preprocessor for "WhileIncrPart_false-no-overflow_false-termination.bpl de.uni_freiburg.informatik.ultimate.boogie.parser AST 17.06 06:56:25" (1/1) ...
[2020-06-17 18:56:25,264 INFO  L185        PluginConnector]: Executing the observer UnstructureCode from plugin Boogie Preprocessor for "WhileIncrPart_false-no-overflow_false-termination.bpl de.uni_freiburg.informatik.ultimate.boogie.parser AST 17.06 06:56:25" (1/1) ...
[2020-06-17 18:56:25,267 INFO  L185        PluginConnector]: Executing the observer FunctionInliner from plugin Boogie Preprocessor for "WhileIncrPart_false-no-overflow_false-termination.bpl de.uni_freiburg.informatik.ultimate.boogie.parser AST 17.06 06:56:25" (1/1) ...
[2020-06-17 18:56:25,268 INFO  L185        PluginConnector]: Executing the observer BoogieSymbolTableConstructor from plugin Boogie Preprocessor for "WhileIncrPart_false-no-overflow_false-termination.bpl de.uni_freiburg.informatik.ultimate.boogie.parser AST 17.06 06:56:25" (1/1) ...
[2020-06-17 18:56:25,269 INFO  L132        PluginConnector]: ------------------------ END Boogie Preprocessor----------------------------
[2020-06-17 18:56:25,270 INFO  L113        PluginConnector]: ------------------------RCFGBuilder----------------------------
[2020-06-17 18:56:25,270 INFO  L271        PluginConnector]: Initializing RCFGBuilder...
[2020-06-17 18:56:25,270 INFO  L276        PluginConnector]: RCFGBuilder initialized
[2020-06-17 18:56:25,271 INFO  L185        PluginConnector]: Executing the observer RCFGBuilderObserver from plugin RCFGBuilder for "WhileIncrPart_false-no-overflow_false-termination.bpl de.uni_freiburg.informatik.ultimate.boogie.parser AST 17.06 06:56:25" (1/1) ...
No working directory specified, using /home/lixie/LassoRankerExp/LassoRankerExp/z3
Starting monitored process 1 with z3 SMTLIB2_COMPLIANT=true -memory:1024 -smt2 -in -t:12000 (exit command is (exit), workingDir is null)
Waiting until toolchain timeout for monitored process 1 with z3 SMTLIB2_COMPLIANT=true -memory:1024 -smt2 -in -t:12000
[2020-06-17 18:56:25,306 INFO  L124     BoogieDeclarations]: Specification and implementation of procedure main given in one single declaration
[2020-06-17 18:56:25,306 INFO  L130     BoogieDeclarations]: Found specification of procedure main
[2020-06-17 18:56:25,306 INFO  L138     BoogieDeclarations]: Found implementation of procedure main
[2020-06-17 18:56:25,377 INFO  L278             CfgBuilder]: Using library mode
[2020-06-17 18:56:25,377 INFO  L286             CfgBuilder]: Removed 0 assue(true) statements.
[2020-06-17 18:56:25,378 INFO  L202        PluginConnector]: Adding new model WhileIncrPart_false-no-overflow_false-termination.bpl de.uni_freiburg.informatik.ultimate.plugins.generator.rcfgbuilder CFG 17.06 06:56:25 BoogieIcfgContainer
[2020-06-17 18:56:25,378 INFO  L132        PluginConnector]: ------------------------ END RCFGBuilder----------------------------
[2020-06-17 18:56:25,378 INFO  L113        PluginConnector]: ------------------------LassoRanker----------------------------
[2020-06-17 18:56:25,378 INFO  L271        PluginConnector]: Initializing LassoRanker...
[2020-06-17 18:56:25,378 INFO  L276        PluginConnector]: LassoRanker initialized
[2020-06-17 18:56:25,379 INFO  L185        PluginConnector]: Executing the observer LassoRankerObserver from plugin LassoRanker for "WhileIncrPart_false-no-overflow_false-termination.bpl de.uni_freiburg.informatik.ultimate.plugins.generator.rcfgbuilder CFG 17.06 06:56:25" (1/1) ...
[2020-06-17 18:56:25,395 INFO  L72            BuchiIsEmpty]: Start buchiIsEmpty. Operand 2 states.
[2020-06-17 18:56:25,409 INFO  L131   ngComponentsAnalysis]: Automaton has 1 accepting balls. 1
[2020-06-17 18:56:25,409 INFO  L87            BuchiIsEmpty]: Finished buchiIsEmpty Result is false
[2020-06-17 18:56:25,409 INFO  L119           BuchiIsEmpty]: Starting construction of run
[2020-06-17 18:56:25,413 INFO  L104     BuchiDifferenceFKV]: Start buchiDifferenceFKV. First operand 2 states. Second operand 1 states.
[2020-06-17 18:56:25,421 INFO  L108     BuchiDifferenceFKV]: Finished buchiDifferenceFKV. First operand 2 states. Second operand 1 states. Result 3 states and 4 transitions. Complement of second has 2 states 2 powerset states0 rank states. The highest rank that occured is -1
[2020-06-17 18:56:25,421 INFO  L72            BuchiIsEmpty]: Start buchiIsEmpty. Operand 3 states and 4 transitions.
[2020-06-17 18:56:25,421 INFO  L131   ngComponentsAnalysis]: Automaton has 0 accepting balls. 0
[2020-06-17 18:56:25,421 INFO  L87            BuchiIsEmpty]: Finished buchiIsEmpty Result is true
[2020-06-17 18:56:25,466 INFO  L216          LassoAnalysis]: Preferences:
[2020-06-17 18:56:25,467 INFO  L124   ssoRankerPreferences]: Compute integeral hull: false
[2020-06-17 18:56:25,467 INFO  L125   ssoRankerPreferences]: Enable LassoPartitioneer: true
[2020-06-17 18:56:25,468 INFO  L126   ssoRankerPreferences]: Term annotations enabled: false
[2020-06-17 18:56:25,468 INFO  L127   ssoRankerPreferences]: Use exernal solver: true
[2020-06-17 18:56:25,468 INFO  L128   ssoRankerPreferences]: SMT solver command: z3 -smt2 -in SMTLIB2_COMPLIANT=true
[2020-06-17 18:56:25,468 INFO  L129   ssoRankerPreferences]: Dump SMT script to file: false
[2020-06-17 18:56:25,468 INFO  L130   ssoRankerPreferences]: Path of dumped script: .
[2020-06-17 18:56:25,468 INFO  L131   ssoRankerPreferences]: Filename of dumped script: LassoRankerScript
[2020-06-17 18:56:25,468 INFO  L132   ssoRankerPreferences]: MapElimAlgo: Frank
[2020-06-17 18:56:25,468 INFO  L282          LassoAnalysis]: Starting lasso preprocessing...
[2020-06-17 18:56:25,482 INFO  L141          MapEliminator]: Using MapEliminator with SimplificationTechnique=SIMPLIFY_DDA XnfConversionTechnique=BOTTOM_UP_WITH_LOCAL_SIMPLIFICATION AddInequalities=false OnlyTrivialImplicationsArrayWrite=false OnlyTrivialImplicationsForModifiedArguments=true OnlyArgumentsInFormula=true
[2020-06-17 18:56:25,577 INFO  L300          LassoAnalysis]: Preprocessing complete.
[2020-06-17 18:56:25,577 INFO  L412          LassoAnalysis]: Checking for nontermination...
No working directory specified, using /home/lixie/LassoRankerExp/LassoRankerExp/z3
Starting monitored process 2 with z3 -smt2 -in SMTLIB2_COMPLIANT=true (exit command is (exit), workingDir is null)
Waiting until toolchain timeout for monitored process 2 with z3 -smt2 -in SMTLIB2_COMPLIANT=true
[2020-06-17 18:56:25,585 INFO  L151   nArgumentSynthesizer]: Nontermination analysis: LINEAR_WITH_GUESSES Allow bounded executions: true Number of generalized eigenvectors: 0 Nilpotent components: true
[2020-06-17 18:56:25,585 INFO  L163   nArgumentSynthesizer]: Using integer mode.
No working directory specified, using /home/lixie/LassoRankerExp/LassoRankerExp/z3
Starting monitored process 3 with z3 -smt2 -in SMTLIB2_COMPLIANT=true (exit command is (exit), workingDir is null)
Waiting until toolchain timeout for monitored process 3 with z3 -smt2 -in SMTLIB2_COMPLIANT=true
[2020-06-17 18:56:25,605 INFO  L151   nArgumentSynthesizer]: Nontermination analysis: LINEAR_WITH_GUESSES Allow bounded executions: true Number of generalized eigenvectors: 3 Nilpotent components: true
[2020-06-17 18:56:25,605 INFO  L163   nArgumentSynthesizer]: Using integer mode.
[2020-06-17 18:56:25,626 INFO  L452          LassoAnalysis]: Proving nontermination failed: No geometric nontermination argument exists.
[2020-06-17 18:56:25,627 INFO  L216          LassoAnalysis]: Preferences:
[2020-06-17 18:56:25,627 INFO  L124   ssoRankerPreferences]: Compute integeral hull: false
[2020-06-17 18:56:25,627 INFO  L125   ssoRankerPreferences]: Enable LassoPartitioneer: true
[2020-06-17 18:56:25,627 INFO  L126   ssoRankerPreferences]: Term annotations enabled: false
[2020-06-17 18:56:25,627 INFO  L127   ssoRankerPreferences]: Use exernal solver: true
[2020-06-17 18:56:25,627 INFO  L128   ssoRankerPreferences]: SMT solver command: z3 -smt2 -in SMTLIB2_COMPLIANT=true
[2020-06-17 18:56:25,627 INFO  L129   ssoRankerPreferences]: Dump SMT script to file: false
[2020-06-17 18:56:25,628 INFO  L130   ssoRankerPreferences]: Path of dumped script: .
[2020-06-17 18:56:25,628 INFO  L131   ssoRankerPreferences]: Filename of dumped script: LassoRankerScript
[2020-06-17 18:56:25,628 INFO  L132   ssoRankerPreferences]: MapElimAlgo: Frank
[2020-06-17 18:56:25,628 INFO  L282          LassoAnalysis]: Starting lasso preprocessing...
[2020-06-17 18:56:25,629 INFO  L141          MapEliminator]: Using MapEliminator with SimplificationTechnique=SIMPLIFY_DDA XnfConversionTechnique=BOTTOM_UP_WITH_LOCAL_SIMPLIFICATION AddInequalities=false OnlyTrivialImplicationsArrayWrite=false OnlyTrivialImplicationsForModifiedArguments=true OnlyArgumentsInFormula=true
[2020-06-17 18:56:25,709 INFO  L300          LassoAnalysis]: Preprocessing complete.
[2020-06-17 18:56:25,712 INFO  L497          LassoAnalysis]: Using template 'affine'.
No working directory specified, using /home/lixie/LassoRankerExp/LassoRankerExp/z3
Starting monitored process 4 with z3 -smt2 -in SMTLIB2_COMPLIANT=true (exit command is (exit), workingDir is null)
Waiting until toolchain timeout for monitored process 4 with z3 -smt2 -in SMTLIB2_COMPLIANT=true
[2020-06-17 18:56:25,715 INFO  L122   nArgumentSynthesizer]: Termination Analysis Settings:
Termination analysis: LINEAR_WITH_GUESSES
Number of strict supporting invariants: 1
Number of non-strict supporting invariants: 0
Consider only non-deceasing supporting invariants: true
Simplify termination arguments: true
Simplify supporting invariants: trueOverapproximate stem: false
[2020-06-17 18:56:25,716 INFO  L339   nArgumentSynthesizer]: Template has degree 0.
[2020-06-17 18:56:25,717 INFO  L352   nArgumentSynthesizer]: There is no stem transition; disabling supporting invariant generation.
[2020-06-17 18:56:25,717 INFO  L205   nArgumentSynthesizer]: 1 stem disjuncts
[2020-06-17 18:56:25,717 INFO  L206   nArgumentSynthesizer]: 2 loop disjuncts
[2020-06-17 18:56:25,717 INFO  L207   nArgumentSynthesizer]: 2 template conjuncts.
[2020-06-17 18:56:25,720 INFO  L402   nArgumentSynthesizer]: We have 4 Motzkin's Theorem applications.
[2020-06-17 18:56:25,720 INFO  L403   nArgumentSynthesizer]: A total of 0 supporting invariants were added.
[2020-06-17 18:56:25,722 INFO  L530          LassoAnalysis]: Proving termination failed for this template and these settings.
[2020-06-17 18:56:25,735 INFO  L497          LassoAnalysis]: Using template '2-nested'.
No working directory specified, using /home/lixie/LassoRankerExp/LassoRankerExp/z3
Starting monitored process 5 with z3 -smt2 -in SMTLIB2_COMPLIANT=true (exit command is (exit), workingDir is null)
Waiting until toolchain timeout for monitored process 5 with z3 -smt2 -in SMTLIB2_COMPLIANT=true
[2020-06-17 18:56:25,737 INFO  L122   nArgumentSynthesizer]: Termination Analysis Settings:
Termination analysis: LINEAR_WITH_GUESSES
Number of strict supporting invariants: 1
Number of non-strict supporting invariants: 0
Consider only non-deceasing supporting invariants: true
Simplify termination arguments: true
Simplify supporting invariants: trueOverapproximate stem: false
[2020-06-17 18:56:25,738 INFO  L339   nArgumentSynthesizer]: Template has degree 0.
[2020-06-17 18:56:25,738 INFO  L352   nArgumentSynthesizer]: There is no stem transition; disabling supporting invariant generation.
[2020-06-17 18:56:25,738 INFO  L205   nArgumentSynthesizer]: 1 stem disjuncts
[2020-06-17 18:56:25,738 INFO  L206   nArgumentSynthesizer]: 2 loop disjuncts
[2020-06-17 18:56:25,738 INFO  L207   nArgumentSynthesizer]: 3 template conjuncts.
[2020-06-17 18:56:25,740 INFO  L402   nArgumentSynthesizer]: We have 6 Motzkin's Theorem applications.
[2020-06-17 18:56:25,741 INFO  L403   nArgumentSynthesizer]: A total of 0 supporting invariants were added.
[2020-06-17 18:56:25,743 INFO  L530          LassoAnalysis]: Proving termination failed for this template and these settings.
[2020-06-17 18:56:25,755 INFO  L497          LassoAnalysis]: Using template '3-nested'.
No working directory specified, using /home/lixie/LassoRankerExp/LassoRankerExp/z3
Starting monitored process 6 with z3 -smt2 -in SMTLIB2_COMPLIANT=true (exit command is (exit), workingDir is null)
Waiting until toolchain timeout for monitored process 6 with z3 -smt2 -in SMTLIB2_COMPLIANT=true
[2020-06-17 18:56:25,757 INFO  L122   nArgumentSynthesizer]: Termination Analysis Settings:
Termination analysis: LINEAR_WITH_GUESSES
Number of strict supporting invariants: 1
Number of non-strict supporting invariants: 0
Consider only non-deceasing supporting invariants: true
Simplify termination arguments: true
Simplify supporting invariants: trueOverapproximate stem: false
[2020-06-17 18:56:25,759 INFO  L339   nArgumentSynthesizer]: Template has degree 0.
[2020-06-17 18:56:25,759 INFO  L352   nArgumentSynthesizer]: There is no stem transition; disabling supporting invariant generation.
[2020-06-17 18:56:25,759 INFO  L205   nArgumentSynthesizer]: 1 stem disjuncts
[2020-06-17 18:56:25,759 INFO  L206   nArgumentSynthesizer]: 2 loop disjuncts
[2020-06-17 18:56:25,759 INFO  L207   nArgumentSynthesizer]: 4 template conjuncts.
[2020-06-17 18:56:25,762 INFO  L402   nArgumentSynthesizer]: We have 8 Motzkin's Theorem applications.
[2020-06-17 18:56:25,762 INFO  L403   nArgumentSynthesizer]: A total of 0 supporting invariants were added.
[2020-06-17 18:56:25,765 INFO  L530          LassoAnalysis]: Proving termination failed for this template and these settings.
[2020-06-17 18:56:25,778 INFO  L497          LassoAnalysis]: Using template '4-nested'.
No working directory specified, using /home/lixie/LassoRankerExp/LassoRankerExp/z3
Starting monitored process 7 with z3 -smt2 -in SMTLIB2_COMPLIANT=true (exit command is (exit), workingDir is null)
Waiting until toolchain timeout for monitored process 7 with z3 -smt2 -in SMTLIB2_COMPLIANT=true
[2020-06-17 18:56:25,780 INFO  L122   nArgumentSynthesizer]: Termination Analysis Settings:
Termination analysis: LINEAR_WITH_GUESSES
Number of strict supporting invariants: 1
Number of non-strict supporting invariants: 0
Consider only non-deceasing supporting invariants: true
Simplify termination arguments: true
Simplify supporting invariants: trueOverapproximate stem: false
[2020-06-17 18:56:25,781 INFO  L339   nArgumentSynthesizer]: Template has degree 0.
[2020-06-17 18:56:25,781 INFO  L352   nArgumentSynthesizer]: There is no stem transition; disabling supporting invariant generation.
[2020-06-17 18:56:25,781 INFO  L205   nArgumentSynthesizer]: 1 stem disjuncts
[2020-06-17 18:56:25,781 INFO  L206   nArgumentSynthesizer]: 2 loop disjuncts
[2020-06-17 18:56:25,782 INFO  L207   nArgumentSynthesizer]: 5 template conjuncts.
[2020-06-17 18:56:25,784 INFO  L402   nArgumentSynthesizer]: We have 10 Motzkin's Theorem applications.
[2020-06-17 18:56:25,784 INFO  L403   nArgumentSynthesizer]: A total of 0 supporting invariants were added.
[2020-06-17 18:56:25,788 INFO  L530          LassoAnalysis]: Proving termination failed for this template and these settings.
[2020-06-17 18:56:25,800 INFO  L497          LassoAnalysis]: Using template '2-phase'.
No working directory specified, using /home/lixie/LassoRankerExp/LassoRankerExp/z3
Starting monitored process 8 with z3 -smt2 -in SMTLIB2_COMPLIANT=true (exit command is (exit), workingDir is null)
Waiting until toolchain timeout for monitored process 8 with z3 -smt2 -in SMTLIB2_COMPLIANT=true
[2020-06-17 18:56:25,802 INFO  L122   nArgumentSynthesizer]: Termination Analysis Settings:
Termination analysis: LINEAR_WITH_GUESSES
Number of strict supporting invariants: 1
Number of non-strict supporting invariants: 0
Consider only non-deceasing supporting invariants: true
Simplify termination arguments: true
Simplify supporting invariants: trueOverapproximate stem: false
[2020-06-17 18:56:25,803 WARN  L334   nArgumentSynthesizer]: Using a linear SMT query and a templates of degree > 0, hence this method is incomplete.
[2020-06-17 18:56:25,803 INFO  L339   nArgumentSynthesizer]: Template has degree 1.
[2020-06-17 18:56:25,803 INFO  L352   nArgumentSynthesizer]: There is no stem transition; disabling supporting invariant generation.
[2020-06-17 18:56:25,803 INFO  L205   nArgumentSynthesizer]: 1 stem disjuncts
[2020-06-17 18:56:25,803 INFO  L206   nArgumentSynthesizer]: 2 loop disjuncts
[2020-06-17 18:56:25,803 INFO  L207   nArgumentSynthesizer]: 3 template conjuncts.
[2020-06-17 18:56:25,806 INFO  L402   nArgumentSynthesizer]: We have 6 Motzkin's Theorem applications.
[2020-06-17 18:56:25,806 INFO  L403   nArgumentSynthesizer]: A total of 0 supporting invariants were added.
[2020-06-17 18:56:25,812 INFO  L530          LassoAnalysis]: Proving termination failed for this template and these settings.
[2020-06-17 18:56:25,828 INFO  L497          LassoAnalysis]: Using template 'lex(affine, affine)'.
No working directory specified, using /home/lixie/LassoRankerExp/LassoRankerExp/z3
Starting monitored process 9 with z3 -smt2 -in SMTLIB2_COMPLIANT=true (exit command is (exit), workingDir is null)
Waiting until toolchain timeout for monitored process 9 with z3 -smt2 -in SMTLIB2_COMPLIANT=true
[2020-06-17 18:56:25,830 INFO  L122   nArgumentSynthesizer]: Termination Analysis Settings:
Termination analysis: LINEAR_WITH_GUESSES
Number of strict supporting invariants: 1
Number of non-strict supporting invariants: 0
Consider only non-deceasing supporting invariants: true
Simplify termination arguments: true
Simplify supporting invariants: trueOverapproximate stem: false
[2020-06-17 18:56:25,831 WARN  L334   nArgumentSynthesizer]: Using a linear SMT query and a templates of degree > 0, hence this method is incomplete.
[2020-06-17 18:56:25,832 INFO  L339   nArgumentSynthesizer]: Template has degree 5.
[2020-06-17 18:56:25,832 INFO  L352   nArgumentSynthesizer]: There is no stem transition; disabling supporting invariant generation.
[2020-06-17 18:56:25,832 INFO  L205   nArgumentSynthesizer]: 1 stem disjuncts
[2020-06-17 18:56:25,832 INFO  L206   nArgumentSynthesizer]: 2 loop disjuncts
[2020-06-17 18:56:25,832 INFO  L207   nArgumentSynthesizer]: 4 template conjuncts.
[2020-06-17 18:56:25,835 INFO  L402   nArgumentSynthesizer]: We have 8 Motzkin's Theorem applications.
[2020-06-17 18:56:25,835 INFO  L403   nArgumentSynthesizer]: A total of 0 supporting invariants were added.
[2020-06-17 18:56:25,840 INFO  L530          LassoAnalysis]: Proving termination failed for this template and these settings.
[2020-06-17 18:56:25,853 INFO  L497          LassoAnalysis]: Using template '2-piece'.
No working directory specified, using /home/lixie/LassoRankerExp/LassoRankerExp/z3
Starting monitored process 10 with z3 -smt2 -in SMTLIB2_COMPLIANT=true (exit command is (exit), workingDir is null)
Waiting until toolchain timeout for monitored process 10 with z3 -smt2 -in SMTLIB2_COMPLIANT=true
[2020-06-17 18:56:25,855 INFO  L122   nArgumentSynthesizer]: Termination Analysis Settings:
Termination analysis: LINEAR_WITH_GUESSES
Number of strict supporting invariants: 1
Number of non-strict supporting invariants: 0
Consider only non-deceasing supporting invariants: true
Simplify termination arguments: true
Simplify supporting invariants: trueOverapproximate stem: false
[2020-06-17 18:56:25,856 WARN  L334   nArgumentSynthesizer]: Using a linear SMT query and a templates of degree > 0, hence this method is incomplete.
[2020-06-17 18:56:25,856 INFO  L339   nArgumentSynthesizer]: Template has degree 7.
[2020-06-17 18:56:25,856 INFO  L352   nArgumentSynthesizer]: There is no stem transition; disabling supporting invariant generation.
[2020-06-17 18:56:25,856 INFO  L205   nArgumentSynthesizer]: 1 stem disjuncts
[2020-06-17 18:56:25,856 INFO  L206   nArgumentSynthesizer]: 2 loop disjuncts
[2020-06-17 18:56:25,856 INFO  L207   nArgumentSynthesizer]: 7 template conjuncts.
[2020-06-17 18:56:25,862 INFO  L402   nArgumentSynthesizer]: We have 14 Motzkin's Theorem applications.
[2020-06-17 18:56:25,862 INFO  L403   nArgumentSynthesizer]: A total of 0 supporting invariants were added.
[2020-06-17 18:56:25,885 INFO  L530          LassoAnalysis]: Proving termination failed for this template and these settings.
[2020-06-17 18:56:25,898 INFO  L497          LassoAnalysis]: Using template '2-parallel'.
No working directory specified, using /home/lixie/LassoRankerExp/LassoRankerExp/z3
Starting monitored process 11 with z3 -smt2 -in SMTLIB2_COMPLIANT=true (exit command is (exit), workingDir is null)
Waiting until toolchain timeout for monitored process 11 with z3 -smt2 -in SMTLIB2_COMPLIANT=true
[2020-06-17 18:56:25,900 INFO  L122   nArgumentSynthesizer]: Termination Analysis Settings:
Termination analysis: LINEAR_WITH_GUESSES
Number of strict supporting invariants: 1
Number of non-strict supporting invariants: 0
Consider only non-deceasing supporting invariants: true
Simplify termination arguments: true
Simplify supporting invariants: trueOverapproximate stem: false
[2020-06-17 18:56:25,901 WARN  L334   nArgumentSynthesizer]: Using a linear SMT query and a templates of degree > 0, hence this method is incomplete.
[2020-06-17 18:56:25,901 INFO  L339   nArgumentSynthesizer]: Template has degree 4.
[2020-06-17 18:56:25,901 INFO  L352   nArgumentSynthesizer]: There is no stem transition; disabling supporting invariant generation.
[2020-06-17 18:56:25,901 INFO  L205   nArgumentSynthesizer]: 1 stem disjuncts
[2020-06-17 18:56:25,901 INFO  L206   nArgumentSynthesizer]: 2 loop disjuncts
[2020-06-17 18:56:25,901 INFO  L207   nArgumentSynthesizer]: 6 template conjuncts.
[2020-06-17 18:56:25,905 INFO  L402   nArgumentSynthesizer]: We have 12 Motzkin's Theorem applications.
[2020-06-17 18:56:25,905 INFO  L403   nArgumentSynthesizer]: A total of 0 supporting invariants were added.
[2020-06-17 18:56:25,911 INFO  L530          LassoAnalysis]: Proving termination failed for this template and these settings.
[2020-06-17 18:56:25,924 INFO  L489     LassoRankerStarter]: LassoRanker could not prove termination or nontermination of the given linear lasso program.
Templates: AffineTemplate NestedTemplate NestedTemplate NestedTemplate MultiphaseTemplate ComposedLexicographicTemplate PiecewiseTemplate ParallelTemplate
[2020-06-17 18:56:25,925 INFO  L132        PluginConnector]: ------------------------ END LassoRanker----------------------------
[2020-06-17 18:56:25,925 INFO  L168              Benchmark]: Toolchain (without parser) took 696.67 ms. Allocated memory is still 514.9 MB. Free memory was 472.9 MB in the beginning and 370.7 MB in the end (delta: 102.2 MB). Peak memory consumption was 102.2 MB. Max. memory is 11.5 GB.
[2020-06-17 18:56:25,926 INFO  L168              Benchmark]: Boogie PL CUP Parser took 0.13 ms. Allocated memory is still 514.9 MB. Free memory is still 474.4 MB. There was no memory consumed. Max. memory is 11.5 GB.
[2020-06-17 18:56:25,927 INFO  L168              Benchmark]: Boogie Preprocessor took 32.34 ms. Allocated memory is still 514.9 MB. Free memory was 471.5 MB in the beginning and 470.1 MB in the end (delta: 1.3 MB). Peak memory consumption was 1.3 MB. Max. memory is 11.5 GB.
[2020-06-17 18:56:25,927 INFO  L168              Benchmark]: RCFGBuilder took 108.20 ms. Allocated memory is still 514.9 MB. Free memory was 470.1 MB in the beginning and 459.3 MB in the end (delta: 10.9 MB). Peak memory consumption was 10.9 MB. Max. memory is 11.5 GB.
[2020-06-17 18:56:25,928 INFO  L168              Benchmark]: LassoRanker took 546.48 ms. Allocated memory is still 514.9 MB. Free memory was 459.3 MB in the beginning and 370.7 MB in the end (delta: 88.6 MB). Peak memory consumption was 88.6 MB. Max. memory is 11.5 GB.
[2020-06-17 18:56:25,930 INFO  L336   ainManager$Toolchain]: #######################  End [Toolchain 1] #######################
 --- Results ---
 * Results from de.uni_freiburg.informatik.ultimate.core:
  - StatisticsResult: Toolchain Benchmarks
    Benchmark results are:
 * Boogie PL CUP Parser took 0.13 ms. Allocated memory is still 514.9 MB. Free memory is still 474.4 MB. There was no memory consumed. Max. memory is 11.5 GB.
 * Boogie Preprocessor took 32.34 ms. Allocated memory is still 514.9 MB. Free memory was 471.5 MB in the beginning and 470.1 MB in the end (delta: 1.3 MB). Peak memory consumption was 1.3 MB. Max. memory is 11.5 GB.
 * RCFGBuilder took 108.20 ms. Allocated memory is still 514.9 MB. Free memory was 470.1 MB in the beginning and 459.3 MB in the end (delta: 10.9 MB). Peak memory consumption was 10.9 MB. Max. memory is 11.5 GB.
 * LassoRanker took 546.48 ms. Allocated memory is still 514.9 MB. Free memory was 459.3 MB in the beginning and 370.7 MB in the end (delta: 88.6 MB). Peak memory consumption was 88.6 MB. Max. memory is 11.5 GB.
 * Results from de.uni_freiburg.informatik.ultimate.plugins.analysis.lassoranker:
  - NoResult [Line: 1]: LassoRanker could not prove termination
    LassoRanker could not prove termination or nontermination of the given linear lasso program.
Templates: AffineTemplate NestedTemplate NestedTemplate NestedTemplate MultiphaseTemplate ComposedLexicographicTemplate PiecewiseTemplate ParallelTemplate
RESULT: Ultimate could not prove your program: Toolchain returned no result.
Received shutdown request...
Ultimate:
GTK+ Version Check
