This is Ultimate 0.1.24-16d85fa
[2020-06-17 18:45:52,501 INFO  L170        SettingsManager]: Resetting all preferences to default values...
[2020-06-17 18:45:52,502 INFO  L174        SettingsManager]: Resetting UltimateCore preferences to default values
[2020-06-17 18:45:52,512 INFO  L177        SettingsManager]: Ultimate Commandline Interface provides no preferences, ignoring...
[2020-06-17 18:45:52,512 INFO  L174        SettingsManager]: Resetting Boogie Preprocessor preferences to default values
[2020-06-17 18:45:52,513 INFO  L174        SettingsManager]: Resetting Boogie Procedure Inliner preferences to default values
[2020-06-17 18:45:52,513 INFO  L174        SettingsManager]: Resetting Abstract Interpretation preferences to default values
[2020-06-17 18:45:52,515 INFO  L174        SettingsManager]: Resetting LassoRanker preferences to default values
[2020-06-17 18:45:52,516 INFO  L174        SettingsManager]: Resetting Reaching Definitions preferences to default values
[2020-06-17 18:45:52,516 INFO  L174        SettingsManager]: Resetting SyntaxChecker preferences to default values
[2020-06-17 18:45:52,517 INFO  L177        SettingsManager]: Büchi Program Product provides no preferences, ignoring...
[2020-06-17 18:45:52,517 INFO  L174        SettingsManager]: Resetting LTL2Aut preferences to default values
[2020-06-17 18:45:52,517 INFO  L174        SettingsManager]: Resetting PEA to Boogie preferences to default values
[2020-06-17 18:45:52,518 INFO  L174        SettingsManager]: Resetting BlockEncodingV2 preferences to default values
[2020-06-17 18:45:52,518 INFO  L174        SettingsManager]: Resetting ChcToBoogie preferences to default values
[2020-06-17 18:45:52,519 INFO  L174        SettingsManager]: Resetting AutomataScriptInterpreter preferences to default values
[2020-06-17 18:45:52,519 INFO  L174        SettingsManager]: Resetting BuchiAutomizer preferences to default values
[2020-06-17 18:45:52,520 INFO  L174        SettingsManager]: Resetting CACSL2BoogieTranslator preferences to default values
[2020-06-17 18:45:52,521 INFO  L174        SettingsManager]: Resetting CodeCheck preferences to default values
[2020-06-17 18:45:52,522 INFO  L174        SettingsManager]: Resetting InvariantSynthesis preferences to default values
[2020-06-17 18:45:52,523 INFO  L174        SettingsManager]: Resetting RCFGBuilder preferences to default values
[2020-06-17 18:45:52,524 INFO  L174        SettingsManager]: Resetting TraceAbstraction preferences to default values
[2020-06-17 18:45:52,525 INFO  L177        SettingsManager]: TraceAbstractionConcurrent provides no preferences, ignoring...
[2020-06-17 18:45:52,525 INFO  L177        SettingsManager]: TraceAbstractionWithAFAs provides no preferences, ignoring...
[2020-06-17 18:45:52,525 INFO  L174        SettingsManager]: Resetting TreeAutomizer preferences to default values
[2020-06-17 18:45:52,526 INFO  L174        SettingsManager]: Resetting IcfgTransformer preferences to default values
[2020-06-17 18:45:52,527 INFO  L174        SettingsManager]: Resetting Boogie Printer preferences to default values
[2020-06-17 18:45:52,527 INFO  L174        SettingsManager]: Resetting ReqPrinter preferences to default values
[2020-06-17 18:45:52,527 INFO  L174        SettingsManager]: Resetting Witness Printer preferences to default values
[2020-06-17 18:45:52,528 INFO  L177        SettingsManager]: Boogie PL CUP Parser provides no preferences, ignoring...
[2020-06-17 18:45:52,528 INFO  L174        SettingsManager]: Resetting CDTParser preferences to default values
[2020-06-17 18:45:52,528 INFO  L177        SettingsManager]: AutomataScriptParser provides no preferences, ignoring...
[2020-06-17 18:45:52,529 INFO  L177        SettingsManager]: ReqParser provides no preferences, ignoring...
[2020-06-17 18:45:52,529 INFO  L174        SettingsManager]: Resetting SmtParser preferences to default values
[2020-06-17 18:45:52,529 INFO  L174        SettingsManager]: Resetting Witness Parser preferences to default values
[2020-06-17 18:45:52,530 INFO  L181        SettingsManager]: Finished resetting all preferences to default values...
[2020-06-17 18:45:52,545 INFO  L81    nceAwareModelManager]: Repository-Root is: /tmp
[2020-06-17 18:45:52,554 INFO  L258   ainManager$Toolchain]: [Toolchain 1]: Applicable parser(s) successfully (re)initialized
[2020-06-17 18:45:52,556 INFO  L214   ainManager$Toolchain]: [Toolchain 1]: Toolchain selected.
[2020-06-17 18:45:52,557 INFO  L271        PluginConnector]: Initializing Boogie PL CUP Parser...
[2020-06-17 18:45:52,557 INFO  L276        PluginConnector]: Boogie PL CUP Parser initialized
[2020-06-17 18:45:52,558 INFO  L418   ainManager$Toolchain]: [Toolchain 1]: Parsing single file: /home/lixie/LassoRankerExp/LassoRankerExp/./C_Boogie/CookSeeZuleger-TACAS2013-Fig1.bpl
[2020-06-17 18:45:52,558 INFO  L111           BoogieParser]: Parsing: '/home/lixie/LassoRankerExp/LassoRankerExp/./C_Boogie/CookSeeZuleger-TACAS2013-Fig1.bpl'
[2020-06-17 18:45:52,577 INFO  L296   ainManager$Toolchain]: ####################### [Toolchain 1] #######################
[2020-06-17 18:45:52,585 INFO  L131        ToolchainWalker]: Walking toolchain with 3 elements.
[2020-06-17 18:45:52,586 INFO  L113        PluginConnector]: ------------------------Boogie Preprocessor----------------------------
[2020-06-17 18:45:52,586 INFO  L271        PluginConnector]: Initializing Boogie Preprocessor...
[2020-06-17 18:45:52,586 INFO  L276        PluginConnector]: Boogie Preprocessor initialized
[2020-06-17 18:45:52,605 INFO  L185        PluginConnector]: Executing the observer EnsureBoogieModelObserver from plugin Boogie Preprocessor for "CookSeeZuleger-TACAS2013-Fig1.bpl de.uni_freiburg.informatik.ultimate.boogie.parser AST 17.06 06:45:52" (1/1) ...
[2020-06-17 18:45:52,606 INFO  L185        PluginConnector]: Executing the observer TypeChecker from plugin Boogie Preprocessor for "CookSeeZuleger-TACAS2013-Fig1.bpl de.uni_freiburg.informatik.ultimate.boogie.parser AST 17.06 06:45:52" (1/1) ...
[2020-06-17 18:45:52,611 ERROR L1131           TypeChecker]: BPL: /home/lixie/LassoRankerExp/LassoRankerExp/./C_Boogie/CookSeeZuleger-TACAS2013-Fig1.bpl:7/7-7/28: Undeclared function __VERIFIER_nondet_int in FunctionApplication[__VERIFIER_nondet_int,[]]
[2020-06-17 18:45:52,612 ERROR L1131           TypeChecker]: BPL: /home/lixie/LassoRankerExp/LassoRankerExp/./C_Boogie/CookSeeZuleger-TACAS2013-Fig1.bpl:10/9-10/30: Undeclared function __VERIFIER_nondet_int in FunctionApplication[__VERIFIER_nondet_int,[]]
[2020-06-17 18:45:52,613 INFO  L185        PluginConnector]: Executing the observer ConstExpander from plugin Boogie Preprocessor for "CookSeeZuleger-TACAS2013-Fig1.bpl de.uni_freiburg.informatik.ultimate.boogie.parser AST 17.06 06:45:52" (1/1) ...
[2020-06-17 18:45:52,613 INFO  L185        PluginConnector]: Executing the observer StructExpander from plugin Boogie Preprocessor for "CookSeeZuleger-TACAS2013-Fig1.bpl de.uni_freiburg.informatik.ultimate.boogie.parser AST 17.06 06:45:52" (1/1) ...
[2020-06-17 18:45:52,615 INFO  L185        PluginConnector]: Executing the observer UnstructureCode from plugin Boogie Preprocessor for "CookSeeZuleger-TACAS2013-Fig1.bpl de.uni_freiburg.informatik.ultimate.boogie.parser AST 17.06 06:45:52" (1/1) ...
[2020-06-17 18:45:52,618 INFO  L185        PluginConnector]: Executing the observer FunctionInliner from plugin Boogie Preprocessor for "CookSeeZuleger-TACAS2013-Fig1.bpl de.uni_freiburg.informatik.ultimate.boogie.parser AST 17.06 06:45:52" (1/1) ...
[2020-06-17 18:45:52,619 INFO  L185        PluginConnector]: Executing the observer BoogieSymbolTableConstructor from plugin Boogie Preprocessor for "CookSeeZuleger-TACAS2013-Fig1.bpl de.uni_freiburg.informatik.ultimate.boogie.parser AST 17.06 06:45:52" (1/1) ...
[2020-06-17 18:45:52,620 INFO  L132        PluginConnector]: ------------------------ END Boogie Preprocessor----------------------------
[2020-06-17 18:45:52,620 INFO  L184        ToolchainWalker]: Toolchain execution was canceled (user or tool) before executing de.uni_freiburg.informatik.ultimate.plugins.generator.rcfgbuilder
[2020-06-17 18:45:52,621 INFO  L168              Benchmark]: Toolchain (without parser) took 43.25 ms. Allocated memory is still 514.9 MB. Free memory was 472.9 MB in the beginning and 470.2 MB in the end (delta: 2.8 MB). Peak memory consumption was 2.8 MB. Max. memory is 11.5 GB.
[2020-06-17 18:45:52,625 INFO  L168              Benchmark]: Boogie PL CUP Parser took 0.10 ms. Allocated memory is still 514.9 MB. Free memory is still 474.4 MB. There was no memory consumed. Max. memory is 11.5 GB.
[2020-06-17 18:45:52,625 INFO  L168              Benchmark]: Boogie Preprocessor took 34.20 ms. Allocated memory is still 514.9 MB. Free memory was 471.5 MB in the beginning and 470.2 MB in the end (delta: 1.3 MB). Peak memory consumption was 1.3 MB. Max. memory is 11.5 GB.
[2020-06-17 18:45:52,627 INFO  L336   ainManager$Toolchain]: #######################  End [Toolchain 1] #######################
 --- Results ---
 * Results from de.uni_freiburg.informatik.ultimate.core:
  - StatisticsResult: Toolchain Benchmarks
    Benchmark results are:
 * Boogie PL CUP Parser took 0.10 ms. Allocated memory is still 514.9 MB. Free memory is still 474.4 MB. There was no memory consumed. Max. memory is 11.5 GB.
 * Boogie Preprocessor took 34.20 ms. Allocated memory is still 514.9 MB. Free memory was 471.5 MB in the beginning and 470.2 MB in the end (delta: 1.3 MB). Peak memory consumption was 1.3 MB. Max. memory is 11.5 GB.
 * Results from de.uni_freiburg.informatik.ultimate.boogie.preprocessor:
  - TypeErrorResult [Line: 7]: Type Error
    Undeclared function __VERIFIER_nondet_int in FunctionApplication[__VERIFIER_nondet_int,[]]
  - TypeErrorResult [Line: 10]: Type Error
    Undeclared function __VERIFIER_nondet_int in FunctionApplication[__VERIFIER_nondet_int,[]]
RESULT: Ultimate could not prove your program: Toolchain returned no result.
Received shutdown request...
Ultimate:
GTK+ Version Check
