This is Ultimate 0.1.24-16d85fa
[2020-06-17 18:46:32,618 INFO  L170        SettingsManager]: Resetting all preferences to default values...
[2020-06-17 18:46:32,619 INFO  L174        SettingsManager]: Resetting UltimateCore preferences to default values
[2020-06-17 18:46:32,629 INFO  L177        SettingsManager]: Ultimate Commandline Interface provides no preferences, ignoring...
[2020-06-17 18:46:32,630 INFO  L174        SettingsManager]: Resetting Boogie Preprocessor preferences to default values
[2020-06-17 18:46:32,630 INFO  L174        SettingsManager]: Resetting Boogie Procedure Inliner preferences to default values
[2020-06-17 18:46:32,632 INFO  L174        SettingsManager]: Resetting Abstract Interpretation preferences to default values
[2020-06-17 18:46:32,633 INFO  L174        SettingsManager]: Resetting LassoRanker preferences to default values
[2020-06-17 18:46:32,634 INFO  L174        SettingsManager]: Resetting Reaching Definitions preferences to default values
[2020-06-17 18:46:32,635 INFO  L174        SettingsManager]: Resetting SyntaxChecker preferences to default values
[2020-06-17 18:46:32,636 INFO  L177        SettingsManager]: Büchi Program Product provides no preferences, ignoring...
[2020-06-17 18:46:32,636 INFO  L174        SettingsManager]: Resetting LTL2Aut preferences to default values
[2020-06-17 18:46:32,637 INFO  L174        SettingsManager]: Resetting PEA to Boogie preferences to default values
[2020-06-17 18:46:32,638 INFO  L174        SettingsManager]: Resetting BlockEncodingV2 preferences to default values
[2020-06-17 18:46:32,639 INFO  L174        SettingsManager]: Resetting ChcToBoogie preferences to default values
[2020-06-17 18:46:32,639 INFO  L174        SettingsManager]: Resetting AutomataScriptInterpreter preferences to default values
[2020-06-17 18:46:32,640 INFO  L174        SettingsManager]: Resetting BuchiAutomizer preferences to default values
[2020-06-17 18:46:32,642 INFO  L174        SettingsManager]: Resetting CACSL2BoogieTranslator preferences to default values
[2020-06-17 18:46:32,643 INFO  L174        SettingsManager]: Resetting CodeCheck preferences to default values
[2020-06-17 18:46:32,645 INFO  L174        SettingsManager]: Resetting InvariantSynthesis preferences to default values
[2020-06-17 18:46:32,646 INFO  L174        SettingsManager]: Resetting RCFGBuilder preferences to default values
[2020-06-17 18:46:32,647 INFO  L174        SettingsManager]: Resetting TraceAbstraction preferences to default values
[2020-06-17 18:46:32,649 INFO  L177        SettingsManager]: TraceAbstractionConcurrent provides no preferences, ignoring...
[2020-06-17 18:46:32,649 INFO  L177        SettingsManager]: TraceAbstractionWithAFAs provides no preferences, ignoring...
[2020-06-17 18:46:32,649 INFO  L174        SettingsManager]: Resetting TreeAutomizer preferences to default values
[2020-06-17 18:46:32,650 INFO  L174        SettingsManager]: Resetting IcfgTransformer preferences to default values
[2020-06-17 18:46:32,651 INFO  L174        SettingsManager]: Resetting Boogie Printer preferences to default values
[2020-06-17 18:46:32,652 INFO  L174        SettingsManager]: Resetting ReqPrinter preferences to default values
[2020-06-17 18:46:32,652 INFO  L174        SettingsManager]: Resetting Witness Printer preferences to default values
[2020-06-17 18:46:32,653 INFO  L177        SettingsManager]: Boogie PL CUP Parser provides no preferences, ignoring...
[2020-06-17 18:46:32,653 INFO  L174        SettingsManager]: Resetting CDTParser preferences to default values
[2020-06-17 18:46:32,654 INFO  L177        SettingsManager]: AutomataScriptParser provides no preferences, ignoring...
[2020-06-17 18:46:32,654 INFO  L177        SettingsManager]: ReqParser provides no preferences, ignoring...
[2020-06-17 18:46:32,654 INFO  L174        SettingsManager]: Resetting SmtParser preferences to default values
[2020-06-17 18:46:32,655 INFO  L174        SettingsManager]: Resetting Witness Parser preferences to default values
[2020-06-17 18:46:32,655 INFO  L181        SettingsManager]: Finished resetting all preferences to default values...
[2020-06-17 18:46:32,673 INFO  L81    nceAwareModelManager]: Repository-Root is: /tmp
[2020-06-17 18:46:32,683 INFO  L258   ainManager$Toolchain]: [Toolchain 1]: Applicable parser(s) successfully (re)initialized
[2020-06-17 18:46:32,685 INFO  L214   ainManager$Toolchain]: [Toolchain 1]: Toolchain selected.
[2020-06-17 18:46:32,686 INFO  L271        PluginConnector]: Initializing Boogie PL CUP Parser...
[2020-06-17 18:46:32,686 INFO  L276        PluginConnector]: Boogie PL CUP Parser initialized
[2020-06-17 18:46:32,687 INFO  L418   ainManager$Toolchain]: [Toolchain 1]: Parsing single file: /home/lixie/LassoRankerExp/LassoRankerExp/./C_Boogie/PastaA4.bpl
[2020-06-17 18:46:32,687 INFO  L111           BoogieParser]: Parsing: '/home/lixie/LassoRankerExp/LassoRankerExp/./C_Boogie/PastaA4.bpl'
[2020-06-17 18:46:32,708 INFO  L296   ainManager$Toolchain]: ####################### [Toolchain 1] #######################
[2020-06-17 18:46:32,716 INFO  L131        ToolchainWalker]: Walking toolchain with 3 elements.
[2020-06-17 18:46:32,716 INFO  L113        PluginConnector]: ------------------------Boogie Preprocessor----------------------------
[2020-06-17 18:46:32,716 INFO  L271        PluginConnector]: Initializing Boogie Preprocessor...
[2020-06-17 18:46:32,717 INFO  L276        PluginConnector]: Boogie Preprocessor initialized
[2020-06-17 18:46:32,737 INFO  L185        PluginConnector]: Executing the observer EnsureBoogieModelObserver from plugin Boogie Preprocessor for "PastaA4.bpl de.uni_freiburg.informatik.ultimate.boogie.parser AST 17.06 06:46:32" (1/1) ...
[2020-06-17 18:46:32,738 INFO  L185        PluginConnector]: Executing the observer TypeChecker from plugin Boogie Preprocessor for "PastaA4.bpl de.uni_freiburg.informatik.ultimate.boogie.parser AST 17.06 06:46:32" (1/1) ...
[2020-06-17 18:46:32,743 INFO  L185        PluginConnector]: Executing the observer ConstExpander from plugin Boogie Preprocessor for "PastaA4.bpl de.uni_freiburg.informatik.ultimate.boogie.parser AST 17.06 06:46:32" (1/1) ...
[2020-06-17 18:46:32,743 INFO  L185        PluginConnector]: Executing the observer StructExpander from plugin Boogie Preprocessor for "PastaA4.bpl de.uni_freiburg.informatik.ultimate.boogie.parser AST 17.06 06:46:32" (1/1) ...
[2020-06-17 18:46:32,745 INFO  L185        PluginConnector]: Executing the observer UnstructureCode from plugin Boogie Preprocessor for "PastaA4.bpl de.uni_freiburg.informatik.ultimate.boogie.parser AST 17.06 06:46:32" (1/1) ...
[2020-06-17 18:46:32,747 INFO  L185        PluginConnector]: Executing the observer FunctionInliner from plugin Boogie Preprocessor for "PastaA4.bpl de.uni_freiburg.informatik.ultimate.boogie.parser AST 17.06 06:46:32" (1/1) ...
[2020-06-17 18:46:32,747 INFO  L185        PluginConnector]: Executing the observer BoogieSymbolTableConstructor from plugin Boogie Preprocessor for "PastaA4.bpl de.uni_freiburg.informatik.ultimate.boogie.parser AST 17.06 06:46:32" (1/1) ...
[2020-06-17 18:46:32,748 INFO  L132        PluginConnector]: ------------------------ END Boogie Preprocessor----------------------------
[2020-06-17 18:46:32,749 INFO  L113        PluginConnector]: ------------------------RCFGBuilder----------------------------
[2020-06-17 18:46:32,749 INFO  L271        PluginConnector]: Initializing RCFGBuilder...
[2020-06-17 18:46:32,749 INFO  L276        PluginConnector]: RCFGBuilder initialized
[2020-06-17 18:46:32,750 INFO  L185        PluginConnector]: Executing the observer RCFGBuilderObserver from plugin RCFGBuilder for "PastaA4.bpl de.uni_freiburg.informatik.ultimate.boogie.parser AST 17.06 06:46:32" (1/1) ...
No working directory specified, using /home/lixie/LassoRankerExp/LassoRankerExp/z3
[2020-06-17 18:46:32,765 FATAL L163          SolverBuilder]: Unable to construct solver
[2020-06-17 18:46:32,765 FATAL L292        ToolchainWalker]: The Plugin de.uni_freiburg.informatik.ultimate.plugins.generator.rcfgbuilder has thrown an exception:
java.lang.RuntimeException: java.io.IOException: Cannot run program "/home/lixie/LassoRankerExp/LassoRankerExp/z3": error=13, Permission denied
	at de.uni_freiburg.informatik.ultimate.modelcheckerutils.smt.SolverBuilder.buildScript(SolverBuilder.java:164)
	at de.uni_freiburg.informatik.ultimate.modelcheckerutils.smt.SolverBuilder.buildAndInitializeSolver(SolverBuilder.java:242)
	at de.uni_freiburg.informatik.ultimate.plugins.generator.rcfgbuilder.cfg.CfgBuilder.constructAndInitializeSolver(CfgBuilder.java:325)
	at de.uni_freiburg.informatik.ultimate.plugins.generator.rcfgbuilder.cfg.CfgBuilder.<init>(CfgBuilder.java:190)
	at de.uni_freiburg.informatik.ultimate.plugins.generator.rcfgbuilder.RCFGBuilderObserver.process(RCFGBuilderObserver.java:89)
	at de.uni_freiburg.informatik.ultimate.core.coreplugin.modelwalker.DFSTreeWalker.runObserver(DFSTreeWalker.java:65)
	at de.uni_freiburg.informatik.ultimate.core.coreplugin.modelwalker.BaseWalker.runObserver(BaseWalker.java:93)
	at de.uni_freiburg.informatik.ultimate.core.coreplugin.modelwalker.BaseWalker.run(BaseWalker.java:86)
	at de.uni_freiburg.informatik.ultimate.core.coreplugin.PluginConnector.runObserver(PluginConnector.java:167)
	at de.uni_freiburg.informatik.ultimate.core.coreplugin.PluginConnector.runTool(PluginConnector.java:151)
	at de.uni_freiburg.informatik.ultimate.core.coreplugin.PluginConnector.run(PluginConnector.java:128)
	at de.uni_freiburg.informatik.ultimate.core.coreplugin.ToolchainWalker.executePluginConnector(ToolchainWalker.java:232)
	at de.uni_freiburg.informatik.ultimate.core.coreplugin.ToolchainWalker.processPlugin(ToolchainWalker.java:226)
	at de.uni_freiburg.informatik.ultimate.core.coreplugin.ToolchainWalker.walkUnprotected(ToolchainWalker.java:142)
	at de.uni_freiburg.informatik.ultimate.core.coreplugin.ToolchainWalker.walk(ToolchainWalker.java:104)
	at de.uni_freiburg.informatik.ultimate.core.coreplugin.ToolchainManager$Toolchain.processToolchain(ToolchainManager.java:316)
	at de.uni_freiburg.informatik.ultimate.core.coreplugin.toolchain.DefaultToolchainJob.run(DefaultToolchainJob.java:145)
	at org.eclipse.core.internal.jobs.Worker.run(Worker.java:55)
Caused by: java.io.IOException: Cannot run program "/home/lixie/LassoRankerExp/LassoRankerExp/z3": error=13, Permission denied
	at java.lang.ProcessBuilder.start(ProcessBuilder.java:1048)
	at java.lang.Runtime.exec(Runtime.java:620)
	at java.lang.Runtime.exec(Runtime.java:485)
	at de.uni_freiburg.informatik.ultimate.core.lib.util.MonitoredProcess.exec(MonitoredProcess.java:176)
	at de.uni_freiburg.informatik.ultimate.core.lib.util.MonitoredProcess.exec(MonitoredProcess.java:210)
	at de.uni_freiburg.informatik.ultimate.smtsolver.external.Executor.createProcess(Executor.java:90)
	at de.uni_freiburg.informatik.ultimate.smtsolver.external.Executor.<init>(Executor.java:86)
	at de.uni_freiburg.informatik.ultimate.smtsolver.external.Scriptor.<init>(Scriptor.java:74)
	at de.uni_freiburg.informatik.ultimate.modelcheckerutils.smt.SolverBuilder.createExternalSolver(SolverBuilder.java:118)
	at de.uni_freiburg.informatik.ultimate.modelcheckerutils.smt.SolverBuilder.buildScript(SolverBuilder.java:151)
	... 17 more
Caused by: java.io.IOException: error=13, Permission denied
	at java.lang.UNIXProcess.forkAndExec(Native Method)
	at java.lang.UNIXProcess.<init>(UNIXProcess.java:247)
	at java.lang.ProcessImpl.start(ProcessImpl.java:134)
	at java.lang.ProcessBuilder.start(ProcessBuilder.java:1029)
	... 26 more
[2020-06-17 18:46:32,768 INFO  L168              Benchmark]: Toolchain (without parser) took 59.62 ms. Allocated memory is still 514.9 MB. Free memory was 472.9 MB in the beginning and 468.8 MB in the end (delta: 4.1 MB). Peak memory consumption was 4.1 MB. Max. memory is 11.5 GB.
[2020-06-17 18:46:32,771 INFO  L168              Benchmark]: Boogie PL CUP Parser took 0.10 ms. Allocated memory is still 514.9 MB. Free memory is still 474.4 MB. There was no memory consumed. Max. memory is 11.5 GB.
[2020-06-17 18:46:32,771 INFO  L168              Benchmark]: Boogie Preprocessor took 32.19 ms. Allocated memory is still 514.9 MB. Free memory was 471.5 MB in the beginning and 470.2 MB in the end (delta: 1.3 MB). Peak memory consumption was 1.3 MB. Max. memory is 11.5 GB.
[2020-06-17 18:46:32,772 INFO  L168              Benchmark]: RCFGBuilder took 18.52 ms. Allocated memory is still 514.9 MB. Free memory was 470.2 MB in the beginning and 468.8 MB in the end (delta: 1.3 MB). Peak memory consumption was 1.3 MB. Max. memory is 11.5 GB.
[2020-06-17 18:46:32,775 INFO  L336   ainManager$Toolchain]: #######################  End [Toolchain 1] #######################
 --- Results ---
 * Results from de.uni_freiburg.informatik.ultimate.core:
  - StatisticsResult: Toolchain Benchmarks
    Benchmark results are:
 * Boogie PL CUP Parser took 0.10 ms. Allocated memory is still 514.9 MB. Free memory is still 474.4 MB. There was no memory consumed. Max. memory is 11.5 GB.
 * Boogie Preprocessor took 32.19 ms. Allocated memory is still 514.9 MB. Free memory was 471.5 MB in the beginning and 470.2 MB in the end (delta: 1.3 MB). Peak memory consumption was 1.3 MB. Max. memory is 11.5 GB.
 * RCFGBuilder took 18.52 ms. Allocated memory is still 514.9 MB. Free memory was 470.2 MB in the beginning and 468.8 MB in the end (delta: 1.3 MB). Peak memory consumption was 1.3 MB. Max. memory is 11.5 GB.
 * Results from de.uni_freiburg.informatik.ultimate.plugins.generator.rcfgbuilder:
  - ExceptionOrErrorResult: RuntimeException: java.io.IOException: Cannot run program "/home/lixie/LassoRankerExp/LassoRankerExp/z3": error=13, Permission denied
    de.uni_freiburg.informatik.ultimate.plugins.generator.rcfgbuilder: RuntimeException: java.io.IOException: Cannot run program "/home/lixie/LassoRankerExp/LassoRankerExp/z3": error=13, Permission denied: de.uni_freiburg.informatik.ultimate.modelcheckerutils.smt.SolverBuilder.buildScript(SolverBuilder.java:164)
RESULT: Ultimate could not prove your program: Toolchain returned no result.
Received shutdown request...
Ultimate:
GTK+ Version Check
