Time for ./C_Boogie//2Nested-2.bpl: 2941 ms
Time for ./C_Boogie//2Nested_false-termination_true-valid-memsafety.bpl: 1217 ms
Time for ./C_Boogie//4NestedWith3Variables-2.bpl: 1215 ms
Time for ./C_Boogie//a.09_assume.bpl: 1194 ms
Time for ./C_Boogie//a.09_assume_false-no-overflow.bpl: 1258 ms
Time for ./C_Boogie//AliasDarteFeautrierGonnord-SAS2010-exmini.bpl: 1203 ms
Time for ./C_Boogie//AliasDarteFeautrierGonnord-SAS2010-terminate.bpl: 1194 ms
Time for ./C_Boogie//b.03_assume.bpl: 1213 ms
Time for ./C_Boogie//b.03_assume_false-no-overflow.bpl: 1213 ms
Time for ./C_Boogie//b.03-no-inv_assume.bpl: 1258 ms
Time for ./C_Boogie//b.04.bpl: 1187 ms
Time for ./C_Boogie//Bangalore-1.bpl: 1194 ms
Time for ./C_Boogie//Bangalore-2.bpl: 1233 ms
Time for ./C_Boogie//Bangalore_v2.bpl: 1225 ms
Time for ./C_Boogie//Bangalore_v3.bpl: 1228 ms
Time for ./C_Boogie//Bangalore_v4.bpl: 1217 ms
Time for ./C_Boogie//Benghazi_nondet-1.bpl: 1249 ms
Time for ./C_Boogie//Cairo.bpl: 1299 ms
Time for ./C_Boogie//Cairo_step2-2.bpl: 1227 ms
Time for ./C_Boogie//ChenFlurMukhopadhyay-SAS2012-Ex2.01.bpl: 1228 ms
Time for ./C_Boogie//ChenFlurMukhopadhyay-SAS2012-Ex2.02.bpl: 1203 ms
Time for ./C_Boogie//ChenFlurMukhopadhyay-SAS2012-Ex2.07.bpl: 1183 ms
Time for ./C_Boogie//ChenFlurMukhopadhyay-SAS2012-Ex2.08.bpl: 1228 ms
Time for ./C_Boogie//ChenFlurMukhopadhyay-SAS2012-Ex2.10.bpl: 1179 ms
Time for ./C_Boogie//ChenFlurMukhopadhyay-SAS2012-Ex2.11.bpl: 1196 ms
Time for ./C_Boogie//ChenFlurMukhopadhyay-SAS2012-Ex2.12.bpl: 1186 ms
Time for ./C_Boogie//ChenFlurMukhopadhyay-SAS2012-Ex2.13.bpl: 1238 ms
Time for ./C_Boogie//ChenFlurMukhopadhyay-SAS2012-Ex2.14.bpl: 1210 ms
Time for ./C_Boogie//ChenFlurMukhopadhyay-SAS2012-Ex2.15.bpl: 1201 ms
Time for ./C_Boogie//ChenFlurMukhopadhyay-SAS2012-Ex2.16.bpl: 1188 ms
Time for ./C_Boogie//ChenFlurMukhopadhyay-SAS2012-Ex3.01.bpl: 1180 ms
Time for ./C_Boogie//ChenFlurMukhopadhyay-SAS2012-Ex3.02.bpl: 1225 ms
Time for ./C_Boogie//ChenFlurMukhopadhyay-SAS2012-Ex3.03.bpl: 1227 ms
Time for ./C_Boogie//ChenFlurMukhopadhyay-SAS2012-Ex3.04.bpl: 1212 ms
Time for ./C_Boogie//ChenFlurMukhopadhyay-SAS2012-Ex3.05.bpl: 1244 ms
Time for ./C_Boogie//ChenFlurMukhopadhyay-SAS2012-Ex4.01.bpl: 1179 ms
Time for ./C_Boogie//ColonSipma-TACAS2001-Fig1.bpl: 1247 ms
Time for ./C_Boogie//ComplInterv_false-no-overflow_false-termination.bpl: 1209 ms
Time for ./C_Boogie//ConvLower.bpl: 1233 ms
Time for ./C_Boogie//CookSeeZuleger-TACAS2013-Fig1.bpl: 1242 ms
Time for ./C_Boogie//CookSeeZuleger-TACAS2013-Fig8a.bpl: 1235 ms
Time for ./C_Boogie//CookSeeZuleger-TACAS2013-Fig8a-modified.bpl: 1217 ms
Time for ./C_Boogie//CookSeeZuleger-TACAS2013-Fig8b.bpl: 1194 ms
Time for ./C_Boogie//Copenhagen.bpl: 1192 ms
Time for ./C_Boogie//Copenhagen_disj-1.bpl: 1211 ms
Time for ./C_Boogie//Cousot_false-no-overflow_false-termination.bpl: 1216 ms
Time for ./C_Boogie//DoubleNeg_false-no-overflow_false-termination.bpl: 1264 ms
Time for ./C_Boogie//Even_false-no-overflow_false-termination.bpl: 1203 ms
Time for ./C_Boogie//Ex01_false-no-overflow_false-termination.bpl: 1193 ms
Time for ./C_Boogie//Ex02.bpl: 1204 ms
Time for ./C_Boogie//Ex04_false-no-overflow_false-termination.bpl: 1197 ms
Time for ./C_Boogie//Ex07.bpl: 1238 ms
Time for ./C_Boogie//GulavaniGulwani-CAV2008-Fig1a.bpl: 1200 ms
Time for ./C_Boogie//GulavaniGulwani-CAV2008-Fig1c.bpl: 1200 ms
Time for ./C_Boogie//Hanoi_2vars.bpl: 1212 ms
Time for ./C_Boogie//Hanoi_3vars.bpl: 1203 ms
Time for ./C_Boogie//Hanoi_plus.bpl: 1214 ms
Time for ./C_Boogie//LeikeHeizmann-TACAS2014-Ex1.bpl: 1179 ms
Time for ./C_Boogie//LeikeHeizmann-TACAS2014-Ex9.bpl: 1212 ms
Time for ./C_Boogie//LeikeHeizmann-TACAS2014-Fig1.bpl: 1190 ms
Time for ./C_Boogie//LeikeHeizmann-WST2014-Ex5.bpl: 1205 ms
Time for ./C_Boogie//LeikeHeizmann-WST2014-Ex6.bpl: 1252 ms
Time for ./C_Boogie//Marbie1_false-no-overflow_false-termination.bpl: 1244 ms
Time for ./C_Boogie//Marbie2_false-no-overflow_false-termination.bpl: 1189 ms
Time for ./C_Boogie//Masse-VMCAI2014-Ex6.bpl: 1203 ms
Time for ./C_Boogie//Middle_false-no-overflow_false-termination.bpl: 1185 ms
Time for ./C_Boogie//NonTermination1.bpl: 1252 ms
Time for ./C_Boogie//NonTerminationSimple2.bpl: 1225 ms
Time for ./C_Boogie//NonTerminationSimple3.bpl: 1174 ms
Time for ./C_Boogie//Overflow_false-no-overflow_true-termination.bpl: 1201 ms
Time for ./C_Boogie//Parallel.bpl: 1208 ms
Time for ./C_Boogie//PastaA10.bpl: 1208 ms
Time for ./C_Boogie//PastaA4.bpl: 1210 ms
Time for ./C_Boogie//PastaA5_false-no-overflow_true-termination.bpl: 1209 ms
Time for ./C_Boogie//PastaA6_false-no-overflow_true-termination.bpl: 1217 ms
Time for ./C_Boogie//PastaA7.bpl: 1162 ms
Time for ./C_Boogie//PastaA8_false-no-overflow_true-termination.bpl: 1246 ms
Time for ./C_Boogie//PastaB11_false-no-overflow_true-termination.bpl: 1219 ms
Time for ./C_Boogie//PastaB1.bpl: 1239 ms
Time for ./C_Boogie//PastaB2.bpl: 1199 ms
Time for ./C_Boogie//PastaB4.bpl: 1210 ms
Time for ./C_Boogie//PastaB6.bpl: 1203 ms
Time for ./C_Boogie//PastaB7.bpl: 1251 ms
Time for ./C_Boogie//PastaC3.bpl: 1220 ms
Time for ./C_Boogie//PastaC7.bpl: 1233 ms
Time for ./C_Boogie//PastaC7_false-no-overflow.bpl: 1207 ms
Time for ./C_Boogie//PodelskiRybalchenko-TACAS2011-Fig1.bpl: 1204 ms
Time for ./C_Boogie//Sunset.bpl: 1224 ms
Time for ./C_Boogie//TrueDiv_false-no-overflow_false-termination.bpl: 1209 ms
Time for ./C_Boogie//TwoFloatInterv.bpl: 1200 ms
Time for ./C_Boogie//Urban-WST2013-Fig1.bpl: 1212 ms
Time for ./C_Boogie//Waldkirch.bpl: 1224 ms
Time for ./C_Boogie//WhileDecr.bpl: 1195 ms
Time for ./C_Boogie//WhileIncr_false-no-overflow_false-termination.bpl: 1184 ms
Time for ./C_Boogie//WhileIncrPart_false-no-overflow_false-termination.bpl: 1209 ms
Time for ./C_Boogie//WhilePart.bpl: 1192 ms
Time for ./C_Boogie//WhileSingle.bpl: 1187 ms
Time for ./C_Boogie//WhileTrueInc_false-no-overflow_false-termination.bpl: 1195 ms
