This is Ultimate 0.1.24-16d85fa
[2020-06-17 21:09:19,424 INFO  L170        SettingsManager]: Resetting all preferences to default values...
[2020-06-17 21:09:19,425 INFO  L174        SettingsManager]: Resetting UltimateCore preferences to default values
[2020-06-17 21:09:19,435 INFO  L177        SettingsManager]: Ultimate Commandline Interface provides no preferences, ignoring...
[2020-06-17 21:09:19,435 INFO  L174        SettingsManager]: Resetting Boogie Preprocessor preferences to default values
[2020-06-17 21:09:19,435 INFO  L174        SettingsManager]: Resetting Boogie Procedure Inliner preferences to default values
[2020-06-17 21:09:19,436 INFO  L174        SettingsManager]: Resetting Abstract Interpretation preferences to default values
[2020-06-17 21:09:19,437 INFO  L174        SettingsManager]: Resetting LassoRanker preferences to default values
[2020-06-17 21:09:19,438 INFO  L174        SettingsManager]: Resetting Reaching Definitions preferences to default values
[2020-06-17 21:09:19,439 INFO  L174        SettingsManager]: Resetting SyntaxChecker preferences to default values
[2020-06-17 21:09:19,440 INFO  L177        SettingsManager]: Büchi Program Product provides no preferences, ignoring...
[2020-06-17 21:09:19,440 INFO  L174        SettingsManager]: Resetting LTL2Aut preferences to default values
[2020-06-17 21:09:19,441 INFO  L174        SettingsManager]: Resetting PEA to Boogie preferences to default values
[2020-06-17 21:09:19,441 INFO  L174        SettingsManager]: Resetting BlockEncodingV2 preferences to default values
[2020-06-17 21:09:19,442 INFO  L174        SettingsManager]: Resetting ChcToBoogie preferences to default values
[2020-06-17 21:09:19,443 INFO  L174        SettingsManager]: Resetting AutomataScriptInterpreter preferences to default values
[2020-06-17 21:09:19,444 INFO  L174        SettingsManager]: Resetting BuchiAutomizer preferences to default values
[2020-06-17 21:09:19,445 INFO  L174        SettingsManager]: Resetting CACSL2BoogieTranslator preferences to default values
[2020-06-17 21:09:19,447 INFO  L174        SettingsManager]: Resetting CodeCheck preferences to default values
[2020-06-17 21:09:19,448 INFO  L174        SettingsManager]: Resetting InvariantSynthesis preferences to default values
[2020-06-17 21:09:19,449 INFO  L174        SettingsManager]: Resetting RCFGBuilder preferences to default values
[2020-06-17 21:09:19,450 INFO  L174        SettingsManager]: Resetting TraceAbstraction preferences to default values
[2020-06-17 21:09:19,452 INFO  L177        SettingsManager]: TraceAbstractionConcurrent provides no preferences, ignoring...
[2020-06-17 21:09:19,452 INFO  L177        SettingsManager]: TraceAbstractionWithAFAs provides no preferences, ignoring...
[2020-06-17 21:09:19,453 INFO  L174        SettingsManager]: Resetting TreeAutomizer preferences to default values
[2020-06-17 21:09:19,453 INFO  L174        SettingsManager]: Resetting IcfgTransformer preferences to default values
[2020-06-17 21:09:19,454 INFO  L174        SettingsManager]: Resetting Boogie Printer preferences to default values
[2020-06-17 21:09:19,454 INFO  L174        SettingsManager]: Resetting ReqPrinter preferences to default values
[2020-06-17 21:09:19,455 INFO  L174        SettingsManager]: Resetting Witness Printer preferences to default values
[2020-06-17 21:09:19,456 INFO  L177        SettingsManager]: Boogie PL CUP Parser provides no preferences, ignoring...
[2020-06-17 21:09:19,456 INFO  L174        SettingsManager]: Resetting CDTParser preferences to default values
[2020-06-17 21:09:19,456 INFO  L177        SettingsManager]: AutomataScriptParser provides no preferences, ignoring...
[2020-06-17 21:09:19,457 INFO  L177        SettingsManager]: ReqParser provides no preferences, ignoring...
[2020-06-17 21:09:19,457 INFO  L174        SettingsManager]: Resetting SmtParser preferences to default values
[2020-06-17 21:09:19,457 INFO  L174        SettingsManager]: Resetting Witness Parser preferences to default values
[2020-06-17 21:09:19,458 INFO  L181        SettingsManager]: Finished resetting all preferences to default values...
[2020-06-17 21:09:19,476 INFO  L81    nceAwareModelManager]: Repository-Root is: /tmp
[2020-06-17 21:09:19,484 INFO  L258   ainManager$Toolchain]: [Toolchain 1]: Applicable parser(s) successfully (re)initialized
[2020-06-17 21:09:19,486 INFO  L214   ainManager$Toolchain]: [Toolchain 1]: Toolchain selected.
[2020-06-17 21:09:19,486 INFO  L271        PluginConnector]: Initializing Boogie PL CUP Parser...
[2020-06-17 21:09:19,487 INFO  L276        PluginConnector]: Boogie PL CUP Parser initialized
[2020-06-17 21:09:19,487 INFO  L418   ainManager$Toolchain]: [Toolchain 1]: Parsing single file: /home/lixie/LassoRankerExp/LassoRankerExp/./Program_non/100.bpl
[2020-06-17 21:09:19,487 INFO  L111           BoogieParser]: Parsing: '/home/lixie/LassoRankerExp/LassoRankerExp/./Program_non/100.bpl'
[2020-06-17 21:09:19,506 INFO  L296   ainManager$Toolchain]: ####################### [Toolchain 1] #######################
[2020-06-17 21:09:19,512 INFO  L131        ToolchainWalker]: Walking toolchain with 3 elements.
[2020-06-17 21:09:19,513 INFO  L113        PluginConnector]: ------------------------Boogie Preprocessor----------------------------
[2020-06-17 21:09:19,513 INFO  L271        PluginConnector]: Initializing Boogie Preprocessor...
[2020-06-17 21:09:19,513 INFO  L276        PluginConnector]: Boogie Preprocessor initialized
[2020-06-17 21:09:19,526 INFO  L185        PluginConnector]: Executing the observer EnsureBoogieModelObserver from plugin Boogie Preprocessor for "100.bpl de.uni_freiburg.informatik.ultimate.boogie.parser AST 17.06 09:09:19" (1/1) ...
[2020-06-17 21:09:19,527 INFO  L185        PluginConnector]: Executing the observer TypeChecker from plugin Boogie Preprocessor for "100.bpl de.uni_freiburg.informatik.ultimate.boogie.parser AST 17.06 09:09:19" (1/1) ...
[2020-06-17 21:09:19,531 INFO  L185        PluginConnector]: Executing the observer ConstExpander from plugin Boogie Preprocessor for "100.bpl de.uni_freiburg.informatik.ultimate.boogie.parser AST 17.06 09:09:19" (1/1) ...
[2020-06-17 21:09:19,531 INFO  L185        PluginConnector]: Executing the observer StructExpander from plugin Boogie Preprocessor for "100.bpl de.uni_freiburg.informatik.ultimate.boogie.parser AST 17.06 09:09:19" (1/1) ...
[2020-06-17 21:09:19,533 INFO  L185        PluginConnector]: Executing the observer UnstructureCode from plugin Boogie Preprocessor for "100.bpl de.uni_freiburg.informatik.ultimate.boogie.parser AST 17.06 09:09:19" (1/1) ...
[2020-06-17 21:09:19,535 INFO  L185        PluginConnector]: Executing the observer FunctionInliner from plugin Boogie Preprocessor for "100.bpl de.uni_freiburg.informatik.ultimate.boogie.parser AST 17.06 09:09:19" (1/1) ...
[2020-06-17 21:09:19,535 INFO  L185        PluginConnector]: Executing the observer BoogieSymbolTableConstructor from plugin Boogie Preprocessor for "100.bpl de.uni_freiburg.informatik.ultimate.boogie.parser AST 17.06 09:09:19" (1/1) ...
[2020-06-17 21:09:19,536 INFO  L132        PluginConnector]: ------------------------ END Boogie Preprocessor----------------------------
[2020-06-17 21:09:19,536 INFO  L113        PluginConnector]: ------------------------RCFGBuilder----------------------------
[2020-06-17 21:09:19,537 INFO  L271        PluginConnector]: Initializing RCFGBuilder...
[2020-06-17 21:09:19,537 INFO  L276        PluginConnector]: RCFGBuilder initialized
[2020-06-17 21:09:19,537 INFO  L185        PluginConnector]: Executing the observer RCFGBuilderObserver from plugin RCFGBuilder for "100.bpl de.uni_freiburg.informatik.ultimate.boogie.parser AST 17.06 09:09:19" (1/1) ...
No working directory specified, using /home/lixie/LassoRankerExp/LassoRankerExp/z3
Starting monitored process 1 with z3 SMTLIB2_COMPLIANT=true -memory:1024 -smt2 -in -t:12000 (exit command is (exit), workingDir is null)
Waiting until toolchain timeout for monitored process 1 with z3 SMTLIB2_COMPLIANT=true -memory:1024 -smt2 -in -t:12000
[2020-06-17 21:09:19,571 INFO  L124     BoogieDeclarations]: Specification and implementation of procedure main given in one single declaration
[2020-06-17 21:09:19,571 INFO  L130     BoogieDeclarations]: Found specification of procedure main
[2020-06-17 21:09:19,571 INFO  L138     BoogieDeclarations]: Found implementation of procedure main
[2020-06-17 21:09:19,645 INFO  L278             CfgBuilder]: Using library mode
[2020-06-17 21:09:19,646 INFO  L286             CfgBuilder]: Removed 0 assue(true) statements.
[2020-06-17 21:09:19,646 INFO  L202        PluginConnector]: Adding new model 100.bpl de.uni_freiburg.informatik.ultimate.plugins.generator.rcfgbuilder CFG 17.06 09:09:19 BoogieIcfgContainer
[2020-06-17 21:09:19,646 INFO  L132        PluginConnector]: ------------------------ END RCFGBuilder----------------------------
[2020-06-17 21:09:19,647 INFO  L113        PluginConnector]: ------------------------LassoRanker----------------------------
[2020-06-17 21:09:19,647 INFO  L271        PluginConnector]: Initializing LassoRanker...
[2020-06-17 21:09:19,647 INFO  L276        PluginConnector]: LassoRanker initialized
[2020-06-17 21:09:19,647 INFO  L185        PluginConnector]: Executing the observer LassoRankerObserver from plugin LassoRanker for "100.bpl de.uni_freiburg.informatik.ultimate.plugins.generator.rcfgbuilder CFG 17.06 09:09:19" (1/1) ...
[2020-06-17 21:09:19,665 INFO  L72            BuchiIsEmpty]: Start buchiIsEmpty. Operand 2 states.
[2020-06-17 21:09:19,678 INFO  L131   ngComponentsAnalysis]: Automaton has 1 accepting balls. 1
[2020-06-17 21:09:19,678 INFO  L87            BuchiIsEmpty]: Finished buchiIsEmpty Result is false
[2020-06-17 21:09:19,678 INFO  L119           BuchiIsEmpty]: Starting construction of run
[2020-06-17 21:09:19,683 INFO  L104     BuchiDifferenceFKV]: Start buchiDifferenceFKV. First operand 2 states. Second operand 1 states.
[2020-06-17 21:09:19,690 INFO  L108     BuchiDifferenceFKV]: Finished buchiDifferenceFKV. First operand 2 states. Second operand 1 states. Result 3 states and 4 transitions. Complement of second has 2 states 2 powerset states0 rank states. The highest rank that occured is -1
[2020-06-17 21:09:19,690 INFO  L72            BuchiIsEmpty]: Start buchiIsEmpty. Operand 3 states and 4 transitions.
[2020-06-17 21:09:19,691 INFO  L131   ngComponentsAnalysis]: Automaton has 0 accepting balls. 0
[2020-06-17 21:09:19,691 INFO  L87            BuchiIsEmpty]: Finished buchiIsEmpty Result is true
[2020-06-17 21:09:19,731 INFO  L216          LassoAnalysis]: Preferences:
[2020-06-17 21:09:19,732 INFO  L124   ssoRankerPreferences]: Compute integeral hull: false
[2020-06-17 21:09:19,732 INFO  L125   ssoRankerPreferences]: Enable LassoPartitioneer: true
[2020-06-17 21:09:19,732 INFO  L126   ssoRankerPreferences]: Term annotations enabled: false
[2020-06-17 21:09:19,732 INFO  L127   ssoRankerPreferences]: Use exernal solver: true
[2020-06-17 21:09:19,732 INFO  L128   ssoRankerPreferences]: SMT solver command: z3 -smt2 -in SMTLIB2_COMPLIANT=true
[2020-06-17 21:09:19,732 INFO  L129   ssoRankerPreferences]: Dump SMT script to file: false
[2020-06-17 21:09:19,732 INFO  L130   ssoRankerPreferences]: Path of dumped script: .
[2020-06-17 21:09:19,732 INFO  L131   ssoRankerPreferences]: Filename of dumped script: LassoRankerScript
[2020-06-17 21:09:19,732 INFO  L132   ssoRankerPreferences]: MapElimAlgo: Frank
[2020-06-17 21:09:19,733 INFO  L282          LassoAnalysis]: Starting lasso preprocessing...
[2020-06-17 21:09:19,745 INFO  L141          MapEliminator]: Using MapEliminator with SimplificationTechnique=SIMPLIFY_DDA XnfConversionTechnique=BOTTOM_UP_WITH_LOCAL_SIMPLIFICATION AddInequalities=false OnlyTrivialImplicationsArrayWrite=false OnlyTrivialImplicationsForModifiedArguments=true OnlyArgumentsInFormula=true
[2020-06-17 21:09:19,819 INFO  L300          LassoAnalysis]: Preprocessing complete.
[2020-06-17 21:09:19,820 INFO  L412          LassoAnalysis]: Checking for nontermination...
No working directory specified, using /home/lixie/LassoRankerExp/LassoRankerExp/z3
Starting monitored process 2 with z3 -smt2 -in SMTLIB2_COMPLIANT=true (exit command is (exit), workingDir is null)
Waiting until toolchain timeout for monitored process 2 with z3 -smt2 -in SMTLIB2_COMPLIANT=true
[2020-06-17 21:09:19,823 INFO  L151   nArgumentSynthesizer]: Nontermination analysis: LINEAR_WITH_GUESSES Allow bounded executions: true Number of generalized eigenvectors: 0 Nilpotent components: true
No working directory specified, using /home/lixie/LassoRankerExp/LassoRankerExp/z3
Starting monitored process 3 with z3 -smt2 -in SMTLIB2_COMPLIANT=true (exit command is (exit), workingDir is null)
Waiting until toolchain timeout for monitored process 3 with z3 -smt2 -in SMTLIB2_COMPLIANT=true
[2020-06-17 21:09:19,842 INFO  L151   nArgumentSynthesizer]: Nontermination analysis: LINEAR_WITH_GUESSES Allow bounded executions: true Number of generalized eigenvectors: 3 Nilpotent components: true
[2020-06-17 21:09:19,861 INFO  L452          LassoAnalysis]: Proving nontermination failed: No geometric nontermination argument exists.
[2020-06-17 21:09:19,874 INFO  L216          LassoAnalysis]: Preferences:
[2020-06-17 21:09:19,874 INFO  L124   ssoRankerPreferences]: Compute integeral hull: false
[2020-06-17 21:09:19,874 INFO  L125   ssoRankerPreferences]: Enable LassoPartitioneer: true
[2020-06-17 21:09:19,874 INFO  L126   ssoRankerPreferences]: Term annotations enabled: false
[2020-06-17 21:09:19,874 INFO  L127   ssoRankerPreferences]: Use exernal solver: true
[2020-06-17 21:09:19,875 INFO  L128   ssoRankerPreferences]: SMT solver command: z3 -smt2 -in SMTLIB2_COMPLIANT=true
[2020-06-17 21:09:19,875 INFO  L129   ssoRankerPreferences]: Dump SMT script to file: false
[2020-06-17 21:09:19,875 INFO  L130   ssoRankerPreferences]: Path of dumped script: .
[2020-06-17 21:09:19,875 INFO  L131   ssoRankerPreferences]: Filename of dumped script: LassoRankerScript
[2020-06-17 21:09:19,875 INFO  L132   ssoRankerPreferences]: MapElimAlgo: Frank
[2020-06-17 21:09:19,875 INFO  L282          LassoAnalysis]: Starting lasso preprocessing...
[2020-06-17 21:09:19,876 INFO  L141          MapEliminator]: Using MapEliminator with SimplificationTechnique=SIMPLIFY_DDA XnfConversionTechnique=BOTTOM_UP_WITH_LOCAL_SIMPLIFICATION AddInequalities=false OnlyTrivialImplicationsArrayWrite=false OnlyTrivialImplicationsForModifiedArguments=true OnlyArgumentsInFormula=true
[2020-06-17 21:09:19,914 INFO  L300          LassoAnalysis]: Preprocessing complete.
[2020-06-17 21:09:19,918 INFO  L497          LassoAnalysis]: Using template 'affine'.
No working directory specified, using /home/lixie/LassoRankerExp/LassoRankerExp/z3
Starting monitored process 4 with z3 -smt2 -in SMTLIB2_COMPLIANT=true (exit command is (exit), workingDir is null)
Waiting until toolchain timeout for monitored process 4 with z3 -smt2 -in SMTLIB2_COMPLIANT=true
[2020-06-17 21:09:19,920 INFO  L122   nArgumentSynthesizer]: Termination Analysis Settings:
Termination analysis: LINEAR_WITH_GUESSES
Number of strict supporting invariants: 1
Number of non-strict supporting invariants: 0
Consider only non-deceasing supporting invariants: true
Simplify termination arguments: true
Simplify supporting invariants: trueOverapproximate stem: false
[2020-06-17 21:09:19,922 INFO  L339   nArgumentSynthesizer]: Template has degree 0.
[2020-06-17 21:09:19,922 INFO  L352   nArgumentSynthesizer]: There is no stem transition; disabling supporting invariant generation.
[2020-06-17 21:09:19,923 INFO  L205   nArgumentSynthesizer]: 1 stem disjuncts
[2020-06-17 21:09:19,923 INFO  L206   nArgumentSynthesizer]: 1 loop disjuncts
[2020-06-17 21:09:19,923 INFO  L207   nArgumentSynthesizer]: 2 template conjuncts.
[2020-06-17 21:09:19,925 INFO  L402   nArgumentSynthesizer]: We have 2 Motzkin's Theorem applications.
[2020-06-17 21:09:19,926 INFO  L403   nArgumentSynthesizer]: A total of 0 supporting invariants were added.
[2020-06-17 21:09:19,928 INFO  L530          LassoAnalysis]: Proving termination failed for this template and these settings.
[2020-06-17 21:09:19,946 INFO  L497          LassoAnalysis]: Using template '2-nested'.
No working directory specified, using /home/lixie/LassoRankerExp/LassoRankerExp/z3
Starting monitored process 5 with z3 -smt2 -in SMTLIB2_COMPLIANT=true (exit command is (exit), workingDir is null)
Waiting until toolchain timeout for monitored process 5 with z3 -smt2 -in SMTLIB2_COMPLIANT=true
[2020-06-17 21:09:19,948 INFO  L122   nArgumentSynthesizer]: Termination Analysis Settings:
Termination analysis: LINEAR_WITH_GUESSES
Number of strict supporting invariants: 1
Number of non-strict supporting invariants: 0
Consider only non-deceasing supporting invariants: true
Simplify termination arguments: true
Simplify supporting invariants: trueOverapproximate stem: false
[2020-06-17 21:09:19,950 INFO  L339   nArgumentSynthesizer]: Template has degree 0.
[2020-06-17 21:09:19,950 INFO  L352   nArgumentSynthesizer]: There is no stem transition; disabling supporting invariant generation.
[2020-06-17 21:09:19,950 INFO  L205   nArgumentSynthesizer]: 1 stem disjuncts
[2020-06-17 21:09:19,950 INFO  L206   nArgumentSynthesizer]: 1 loop disjuncts
[2020-06-17 21:09:19,950 INFO  L207   nArgumentSynthesizer]: 3 template conjuncts.
[2020-06-17 21:09:19,953 INFO  L402   nArgumentSynthesizer]: We have 3 Motzkin's Theorem applications.
[2020-06-17 21:09:19,953 INFO  L403   nArgumentSynthesizer]: A total of 0 supporting invariants were added.
[2020-06-17 21:09:19,957 INFO  L530          LassoAnalysis]: Proving termination failed for this template and these settings.
[2020-06-17 21:09:19,979 INFO  L497          LassoAnalysis]: Using template '3-nested'.
No working directory specified, using /home/lixie/LassoRankerExp/LassoRankerExp/z3
Starting monitored process 6 with z3 -smt2 -in SMTLIB2_COMPLIANT=true (exit command is (exit), workingDir is null)
Waiting until toolchain timeout for monitored process 6 with z3 -smt2 -in SMTLIB2_COMPLIANT=true
[2020-06-17 21:09:19,981 INFO  L122   nArgumentSynthesizer]: Termination Analysis Settings:
Termination analysis: LINEAR_WITH_GUESSES
Number of strict supporting invariants: 1
Number of non-strict supporting invariants: 0
Consider only non-deceasing supporting invariants: true
Simplify termination arguments: true
Simplify supporting invariants: trueOverapproximate stem: false
[2020-06-17 21:09:19,982 INFO  L339   nArgumentSynthesizer]: Template has degree 0.
[2020-06-17 21:09:19,982 INFO  L352   nArgumentSynthesizer]: There is no stem transition; disabling supporting invariant generation.
[2020-06-17 21:09:19,983 INFO  L205   nArgumentSynthesizer]: 1 stem disjuncts
[2020-06-17 21:09:19,983 INFO  L206   nArgumentSynthesizer]: 1 loop disjuncts
[2020-06-17 21:09:19,983 INFO  L207   nArgumentSynthesizer]: 4 template conjuncts.
[2020-06-17 21:09:19,987 INFO  L402   nArgumentSynthesizer]: We have 4 Motzkin's Theorem applications.
[2020-06-17 21:09:19,987 INFO  L403   nArgumentSynthesizer]: A total of 0 supporting invariants were added.
[2020-06-17 21:09:19,991 INFO  L530          LassoAnalysis]: Proving termination failed for this template and these settings.
[2020-06-17 21:09:20,003 INFO  L497          LassoAnalysis]: Using template '4-nested'.
No working directory specified, using /home/lixie/LassoRankerExp/LassoRankerExp/z3
Starting monitored process 7 with z3 -smt2 -in SMTLIB2_COMPLIANT=true (exit command is (exit), workingDir is null)
Waiting until toolchain timeout for monitored process 7 with z3 -smt2 -in SMTLIB2_COMPLIANT=true
[2020-06-17 21:09:20,005 INFO  L122   nArgumentSynthesizer]: Termination Analysis Settings:
Termination analysis: LINEAR_WITH_GUESSES
Number of strict supporting invariants: 1
Number of non-strict supporting invariants: 0
Consider only non-deceasing supporting invariants: true
Simplify termination arguments: true
Simplify supporting invariants: trueOverapproximate stem: false
[2020-06-17 21:09:20,008 INFO  L339   nArgumentSynthesizer]: Template has degree 0.
[2020-06-17 21:09:20,008 INFO  L352   nArgumentSynthesizer]: There is no stem transition; disabling supporting invariant generation.
[2020-06-17 21:09:20,008 INFO  L205   nArgumentSynthesizer]: 1 stem disjuncts
[2020-06-17 21:09:20,008 INFO  L206   nArgumentSynthesizer]: 1 loop disjuncts
[2020-06-17 21:09:20,009 INFO  L207   nArgumentSynthesizer]: 5 template conjuncts.
[2020-06-17 21:09:20,013 INFO  L402   nArgumentSynthesizer]: We have 5 Motzkin's Theorem applications.
[2020-06-17 21:09:20,013 INFO  L403   nArgumentSynthesizer]: A total of 0 supporting invariants were added.
[2020-06-17 21:09:20,018 INFO  L530          LassoAnalysis]: Proving termination failed for this template and these settings.
[2020-06-17 21:09:20,030 INFO  L497          LassoAnalysis]: Using template '2-phase'.
No working directory specified, using /home/lixie/LassoRankerExp/LassoRankerExp/z3
Starting monitored process 8 with z3 -smt2 -in SMTLIB2_COMPLIANT=true (exit command is (exit), workingDir is null)
Waiting until toolchain timeout for monitored process 8 with z3 -smt2 -in SMTLIB2_COMPLIANT=true
[2020-06-17 21:09:20,031 INFO  L122   nArgumentSynthesizer]: Termination Analysis Settings:
Termination analysis: LINEAR_WITH_GUESSES
Number of strict supporting invariants: 1
Number of non-strict supporting invariants: 0
Consider only non-deceasing supporting invariants: true
Simplify termination arguments: true
Simplify supporting invariants: trueOverapproximate stem: false
[2020-06-17 21:09:20,033 WARN  L334   nArgumentSynthesizer]: Using a linear SMT query and a templates of degree > 0, hence this method is incomplete.
[2020-06-17 21:09:20,033 INFO  L339   nArgumentSynthesizer]: Template has degree 1.
[2020-06-17 21:09:20,033 INFO  L352   nArgumentSynthesizer]: There is no stem transition; disabling supporting invariant generation.
[2020-06-17 21:09:20,033 INFO  L205   nArgumentSynthesizer]: 1 stem disjuncts
[2020-06-17 21:09:20,033 INFO  L206   nArgumentSynthesizer]: 1 loop disjuncts
[2020-06-17 21:09:20,033 INFO  L207   nArgumentSynthesizer]: 3 template conjuncts.
[2020-06-17 21:09:20,042 INFO  L402   nArgumentSynthesizer]: We have 3 Motzkin's Theorem applications.
[2020-06-17 21:09:20,043 INFO  L403   nArgumentSynthesizer]: A total of 0 supporting invariants were added.
[2020-06-17 21:09:20,304 INFO  L530          LassoAnalysis]: Proving termination failed for this template and these settings.
[2020-06-17 21:09:20,316 INFO  L497          LassoAnalysis]: Using template 'lex(affine, affine)'.
No working directory specified, using /home/lixie/LassoRankerExp/LassoRankerExp/z3
Starting monitored process 9 with z3 -smt2 -in SMTLIB2_COMPLIANT=true (exit command is (exit), workingDir is null)
Waiting until toolchain timeout for monitored process 9 with z3 -smt2 -in SMTLIB2_COMPLIANT=true
[2020-06-17 21:09:20,318 INFO  L122   nArgumentSynthesizer]: Termination Analysis Settings:
Termination analysis: LINEAR_WITH_GUESSES
Number of strict supporting invariants: 1
Number of non-strict supporting invariants: 0
Consider only non-deceasing supporting invariants: true
Simplify termination arguments: true
Simplify supporting invariants: trueOverapproximate stem: false
[2020-06-17 21:09:20,320 WARN  L334   nArgumentSynthesizer]: Using a linear SMT query and a templates of degree > 0, hence this method is incomplete.
[2020-06-17 21:09:20,320 INFO  L339   nArgumentSynthesizer]: Template has degree 5.
[2020-06-17 21:09:20,320 INFO  L352   nArgumentSynthesizer]: There is no stem transition; disabling supporting invariant generation.
[2020-06-17 21:09:20,320 INFO  L205   nArgumentSynthesizer]: 1 stem disjuncts
[2020-06-17 21:09:20,320 INFO  L206   nArgumentSynthesizer]: 1 loop disjuncts
[2020-06-17 21:09:20,320 INFO  L207   nArgumentSynthesizer]: 4 template conjuncts.
[2020-06-17 21:09:20,326 INFO  L402   nArgumentSynthesizer]: We have 4 Motzkin's Theorem applications.
[2020-06-17 21:09:20,326 INFO  L403   nArgumentSynthesizer]: A total of 0 supporting invariants were added.
[2020-06-17 21:09:20,626 INFO  L530          LassoAnalysis]: Proving termination failed for this template and these settings.
[2020-06-17 21:09:20,638 INFO  L497          LassoAnalysis]: Using template '2-piece'.
No working directory specified, using /home/lixie/LassoRankerExp/LassoRankerExp/z3
Starting monitored process 10 with z3 -smt2 -in SMTLIB2_COMPLIANT=true (exit command is (exit), workingDir is null)
Waiting until toolchain timeout for monitored process 10 with z3 -smt2 -in SMTLIB2_COMPLIANT=true
[2020-06-17 21:09:20,640 INFO  L122   nArgumentSynthesizer]: Termination Analysis Settings:
Termination analysis: LINEAR_WITH_GUESSES
Number of strict supporting invariants: 1
Number of non-strict supporting invariants: 0
Consider only non-deceasing supporting invariants: true
Simplify termination arguments: true
Simplify supporting invariants: trueOverapproximate stem: false
[2020-06-17 21:09:20,642 WARN  L334   nArgumentSynthesizer]: Using a linear SMT query and a templates of degree > 0, hence this method is incomplete.
[2020-06-17 21:09:20,642 INFO  L339   nArgumentSynthesizer]: Template has degree 7.
[2020-06-17 21:09:20,642 INFO  L352   nArgumentSynthesizer]: There is no stem transition; disabling supporting invariant generation.
[2020-06-17 21:09:20,643 INFO  L205   nArgumentSynthesizer]: 1 stem disjuncts
[2020-06-17 21:09:20,643 INFO  L206   nArgumentSynthesizer]: 1 loop disjuncts
[2020-06-17 21:09:20,643 INFO  L207   nArgumentSynthesizer]: 7 template conjuncts.
[2020-06-17 21:09:20,681 INFO  L402   nArgumentSynthesizer]: We have 7 Motzkin's Theorem applications.
[2020-06-17 21:09:20,681 INFO  L403   nArgumentSynthesizer]: A total of 0 supporting invariants were added.
[2020-06-17 21:09:26,015 INFO  L530          LassoAnalysis]: Proving termination failed for this template and these settings.
[2020-06-17 21:09:26,028 INFO  L497          LassoAnalysis]: Using template '2-parallel'.
No working directory specified, using /home/lixie/LassoRankerExp/LassoRankerExp/z3
Starting monitored process 11 with z3 -smt2 -in SMTLIB2_COMPLIANT=true (exit command is (exit), workingDir is null)
Waiting until toolchain timeout for monitored process 11 with z3 -smt2 -in SMTLIB2_COMPLIANT=true
[2020-06-17 21:09:26,030 INFO  L122   nArgumentSynthesizer]: Termination Analysis Settings:
Termination analysis: LINEAR_WITH_GUESSES
Number of strict supporting invariants: 1
Number of non-strict supporting invariants: 0
Consider only non-deceasing supporting invariants: true
Simplify termination arguments: true
Simplify supporting invariants: trueOverapproximate stem: false
[2020-06-17 21:09:26,032 WARN  L334   nArgumentSynthesizer]: Using a linear SMT query and a templates of degree > 0, hence this method is incomplete.
[2020-06-17 21:09:26,032 INFO  L339   nArgumentSynthesizer]: Template has degree 4.
[2020-06-17 21:09:26,032 INFO  L352   nArgumentSynthesizer]: There is no stem transition; disabling supporting invariant generation.
[2020-06-17 21:09:26,032 INFO  L205   nArgumentSynthesizer]: 1 stem disjuncts
[2020-06-17 21:09:26,032 INFO  L206   nArgumentSynthesizer]: 1 loop disjuncts
[2020-06-17 21:09:26,032 INFO  L207   nArgumentSynthesizer]: 6 template conjuncts.
[2020-06-17 21:09:26,037 INFO  L402   nArgumentSynthesizer]: We have 6 Motzkin's Theorem applications.
[2020-06-17 21:09:26,037 INFO  L403   nArgumentSynthesizer]: A total of 0 supporting invariants were added.
[2020-06-17 21:09:26,504 INFO  L530          LassoAnalysis]: Proving termination failed for this template and these settings.
[2020-06-17 21:09:26,518 INFO  L489     LassoRankerStarter]: LassoRanker could not prove termination or nontermination of the given linear lasso program.
Templates: AffineTemplate NestedTemplate NestedTemplate NestedTemplate MultiphaseTemplate ComposedLexicographicTemplate PiecewiseTemplate ParallelTemplate
[2020-06-17 21:09:26,518 INFO  L132        PluginConnector]: ------------------------ END LassoRanker----------------------------
[2020-06-17 21:09:26,519 INFO  L168              Benchmark]: Toolchain (without parser) took 7013.03 ms. Allocated memory was 514.9 MB in the beginning and 528.5 MB in the end (delta: 13.6 MB). Free memory was 472.9 MB in the beginning and 495.1 MB in the end (delta: -22.2 MB). Peak memory consumption was 121.6 MB. Max. memory is 11.5 GB.
[2020-06-17 21:09:26,520 INFO  L168              Benchmark]: Boogie PL CUP Parser took 0.08 ms. Allocated memory is still 514.9 MB. Free memory is still 474.4 MB. There was no memory consumed. Max. memory is 11.5 GB.
[2020-06-17 21:09:26,521 INFO  L168              Benchmark]: Boogie Preprocessor took 23.50 ms. Allocated memory is still 514.9 MB. Free memory was 471.5 MB in the beginning and 470.2 MB in the end (delta: 1.3 MB). Peak memory consumption was 1.3 MB. Max. memory is 11.5 GB.
[2020-06-17 21:09:26,521 INFO  L168              Benchmark]: RCFGBuilder took 110.08 ms. Allocated memory is still 514.9 MB. Free memory was 470.2 MB in the beginning and 460.6 MB in the end (delta: 9.6 MB). Peak memory consumption was 9.6 MB. Max. memory is 11.5 GB.
[2020-06-17 21:09:26,521 INFO  L168              Benchmark]: LassoRanker took 6871.66 ms. Allocated memory was 514.9 MB in the beginning and 528.5 MB in the end (delta: 13.6 MB). Free memory was 460.6 MB in the beginning and 495.1 MB in the end (delta: -34.5 MB). Peak memory consumption was 109.3 MB. Max. memory is 11.5 GB.
[2020-06-17 21:09:26,523 INFO  L336   ainManager$Toolchain]: #######################  End [Toolchain 1] #######################
 --- Results ---
 * Results from de.uni_freiburg.informatik.ultimate.core:
  - StatisticsResult: Toolchain Benchmarks
    Benchmark results are:
 * Boogie PL CUP Parser took 0.08 ms. Allocated memory is still 514.9 MB. Free memory is still 474.4 MB. There was no memory consumed. Max. memory is 11.5 GB.
 * Boogie Preprocessor took 23.50 ms. Allocated memory is still 514.9 MB. Free memory was 471.5 MB in the beginning and 470.2 MB in the end (delta: 1.3 MB). Peak memory consumption was 1.3 MB. Max. memory is 11.5 GB.
 * RCFGBuilder took 110.08 ms. Allocated memory is still 514.9 MB. Free memory was 470.2 MB in the beginning and 460.6 MB in the end (delta: 9.6 MB). Peak memory consumption was 9.6 MB. Max. memory is 11.5 GB.
 * LassoRanker took 6871.66 ms. Allocated memory was 514.9 MB in the beginning and 528.5 MB in the end (delta: 13.6 MB). Free memory was 460.6 MB in the beginning and 495.1 MB in the end (delta: -34.5 MB). Peak memory consumption was 109.3 MB. Max. memory is 11.5 GB.
 * Results from de.uni_freiburg.informatik.ultimate.plugins.analysis.lassoranker:
  - NoResult [Line: 11]: LassoRanker could not prove termination
    LassoRanker could not prove termination or nontermination of the given linear lasso program.
Templates: AffineTemplate NestedTemplate NestedTemplate NestedTemplate MultiphaseTemplate ComposedLexicographicTemplate PiecewiseTemplate ParallelTemplate
RESULT: Ultimate could not prove your program: Toolchain returned no result.
Received shutdown request...
Ultimate:
GTK+ Version Check
