This is Ultimate 0.1.24-16d85fa
[2020-06-17 21:09:35,877 INFO  L170        SettingsManager]: Resetting all preferences to default values...
[2020-06-17 21:09:35,878 INFO  L174        SettingsManager]: Resetting UltimateCore preferences to default values
[2020-06-17 21:09:35,888 INFO  L177        SettingsManager]: Ultimate Commandline Interface provides no preferences, ignoring...
[2020-06-17 21:09:35,888 INFO  L174        SettingsManager]: Resetting Boogie Preprocessor preferences to default values
[2020-06-17 21:09:35,888 INFO  L174        SettingsManager]: Resetting Boogie Procedure Inliner preferences to default values
[2020-06-17 21:09:35,889 INFO  L174        SettingsManager]: Resetting Abstract Interpretation preferences to default values
[2020-06-17 21:09:35,890 INFO  L174        SettingsManager]: Resetting LassoRanker preferences to default values
[2020-06-17 21:09:35,891 INFO  L174        SettingsManager]: Resetting Reaching Definitions preferences to default values
[2020-06-17 21:09:35,892 INFO  L174        SettingsManager]: Resetting SyntaxChecker preferences to default values
[2020-06-17 21:09:35,892 INFO  L177        SettingsManager]: Büchi Program Product provides no preferences, ignoring...
[2020-06-17 21:09:35,893 INFO  L174        SettingsManager]: Resetting LTL2Aut preferences to default values
[2020-06-17 21:09:35,893 INFO  L174        SettingsManager]: Resetting PEA to Boogie preferences to default values
[2020-06-17 21:09:35,894 INFO  L174        SettingsManager]: Resetting BlockEncodingV2 preferences to default values
[2020-06-17 21:09:35,894 INFO  L174        SettingsManager]: Resetting ChcToBoogie preferences to default values
[2020-06-17 21:09:35,894 INFO  L174        SettingsManager]: Resetting AutomataScriptInterpreter preferences to default values
[2020-06-17 21:09:35,895 INFO  L174        SettingsManager]: Resetting BuchiAutomizer preferences to default values
[2020-06-17 21:09:35,896 INFO  L174        SettingsManager]: Resetting CACSL2BoogieTranslator preferences to default values
[2020-06-17 21:09:35,897 INFO  L174        SettingsManager]: Resetting CodeCheck preferences to default values
[2020-06-17 21:09:35,898 INFO  L174        SettingsManager]: Resetting InvariantSynthesis preferences to default values
[2020-06-17 21:09:35,899 INFO  L174        SettingsManager]: Resetting RCFGBuilder preferences to default values
[2020-06-17 21:09:35,899 INFO  L174        SettingsManager]: Resetting TraceAbstraction preferences to default values
[2020-06-17 21:09:35,901 INFO  L177        SettingsManager]: TraceAbstractionConcurrent provides no preferences, ignoring...
[2020-06-17 21:09:35,901 INFO  L177        SettingsManager]: TraceAbstractionWithAFAs provides no preferences, ignoring...
[2020-06-17 21:09:35,901 INFO  L174        SettingsManager]: Resetting TreeAutomizer preferences to default values
[2020-06-17 21:09:35,902 INFO  L174        SettingsManager]: Resetting IcfgTransformer preferences to default values
[2020-06-17 21:09:35,902 INFO  L174        SettingsManager]: Resetting Boogie Printer preferences to default values
[2020-06-17 21:09:35,903 INFO  L174        SettingsManager]: Resetting ReqPrinter preferences to default values
[2020-06-17 21:09:35,903 INFO  L174        SettingsManager]: Resetting Witness Printer preferences to default values
[2020-06-17 21:09:35,904 INFO  L177        SettingsManager]: Boogie PL CUP Parser provides no preferences, ignoring...
[2020-06-17 21:09:35,904 INFO  L174        SettingsManager]: Resetting CDTParser preferences to default values
[2020-06-17 21:09:35,904 INFO  L177        SettingsManager]: AutomataScriptParser provides no preferences, ignoring...
[2020-06-17 21:09:35,904 INFO  L177        SettingsManager]: ReqParser provides no preferences, ignoring...
[2020-06-17 21:09:35,905 INFO  L174        SettingsManager]: Resetting SmtParser preferences to default values
[2020-06-17 21:09:35,905 INFO  L174        SettingsManager]: Resetting Witness Parser preferences to default values
[2020-06-17 21:09:35,905 INFO  L181        SettingsManager]: Finished resetting all preferences to default values...
[2020-06-17 21:09:35,921 INFO  L81    nceAwareModelManager]: Repository-Root is: /tmp
[2020-06-17 21:09:35,931 INFO  L258   ainManager$Toolchain]: [Toolchain 1]: Applicable parser(s) successfully (re)initialized
[2020-06-17 21:09:35,934 INFO  L214   ainManager$Toolchain]: [Toolchain 1]: Toolchain selected.
[2020-06-17 21:09:35,935 INFO  L271        PluginConnector]: Initializing Boogie PL CUP Parser...
[2020-06-17 21:09:35,936 INFO  L276        PluginConnector]: Boogie PL CUP Parser initialized
[2020-06-17 21:09:35,936 INFO  L418   ainManager$Toolchain]: [Toolchain 1]: Parsing single file: /home/lixie/LassoRankerExp/LassoRankerExp/./Program_non/104.bpl
[2020-06-17 21:09:35,936 INFO  L111           BoogieParser]: Parsing: '/home/lixie/LassoRankerExp/LassoRankerExp/./Program_non/104.bpl'
[2020-06-17 21:09:35,959 INFO  L296   ainManager$Toolchain]: ####################### [Toolchain 1] #######################
[2020-06-17 21:09:35,966 INFO  L131        ToolchainWalker]: Walking toolchain with 3 elements.
[2020-06-17 21:09:35,966 INFO  L113        PluginConnector]: ------------------------Boogie Preprocessor----------------------------
[2020-06-17 21:09:35,966 INFO  L271        PluginConnector]: Initializing Boogie Preprocessor...
[2020-06-17 21:09:35,966 INFO  L276        PluginConnector]: Boogie Preprocessor initialized
[2020-06-17 21:09:35,980 INFO  L185        PluginConnector]: Executing the observer EnsureBoogieModelObserver from plugin Boogie Preprocessor for "104.bpl de.uni_freiburg.informatik.ultimate.boogie.parser AST 17.06 09:09:35" (1/1) ...
[2020-06-17 21:09:35,981 INFO  L185        PluginConnector]: Executing the observer TypeChecker from plugin Boogie Preprocessor for "104.bpl de.uni_freiburg.informatik.ultimate.boogie.parser AST 17.06 09:09:35" (1/1) ...
[2020-06-17 21:09:35,985 INFO  L185        PluginConnector]: Executing the observer ConstExpander from plugin Boogie Preprocessor for "104.bpl de.uni_freiburg.informatik.ultimate.boogie.parser AST 17.06 09:09:35" (1/1) ...
[2020-06-17 21:09:35,985 INFO  L185        PluginConnector]: Executing the observer StructExpander from plugin Boogie Preprocessor for "104.bpl de.uni_freiburg.informatik.ultimate.boogie.parser AST 17.06 09:09:35" (1/1) ...
[2020-06-17 21:09:35,987 INFO  L185        PluginConnector]: Executing the observer UnstructureCode from plugin Boogie Preprocessor for "104.bpl de.uni_freiburg.informatik.ultimate.boogie.parser AST 17.06 09:09:35" (1/1) ...
[2020-06-17 21:09:35,989 INFO  L185        PluginConnector]: Executing the observer FunctionInliner from plugin Boogie Preprocessor for "104.bpl de.uni_freiburg.informatik.ultimate.boogie.parser AST 17.06 09:09:35" (1/1) ...
[2020-06-17 21:09:35,990 INFO  L185        PluginConnector]: Executing the observer BoogieSymbolTableConstructor from plugin Boogie Preprocessor for "104.bpl de.uni_freiburg.informatik.ultimate.boogie.parser AST 17.06 09:09:35" (1/1) ...
[2020-06-17 21:09:35,991 INFO  L132        PluginConnector]: ------------------------ END Boogie Preprocessor----------------------------
[2020-06-17 21:09:35,991 INFO  L113        PluginConnector]: ------------------------RCFGBuilder----------------------------
[2020-06-17 21:09:35,991 INFO  L271        PluginConnector]: Initializing RCFGBuilder...
[2020-06-17 21:09:35,991 INFO  L276        PluginConnector]: RCFGBuilder initialized
[2020-06-17 21:09:35,992 INFO  L185        PluginConnector]: Executing the observer RCFGBuilderObserver from plugin RCFGBuilder for "104.bpl de.uni_freiburg.informatik.ultimate.boogie.parser AST 17.06 09:09:35" (1/1) ...
No working directory specified, using /home/lixie/LassoRankerExp/LassoRankerExp/z3
Starting monitored process 1 with z3 SMTLIB2_COMPLIANT=true -memory:1024 -smt2 -in -t:12000 (exit command is (exit), workingDir is null)
Waiting until toolchain timeout for monitored process 1 with z3 SMTLIB2_COMPLIANT=true -memory:1024 -smt2 -in -t:12000
[2020-06-17 21:09:36,028 INFO  L124     BoogieDeclarations]: Specification and implementation of procedure main given in one single declaration
[2020-06-17 21:09:36,028 INFO  L130     BoogieDeclarations]: Found specification of procedure main
[2020-06-17 21:09:36,028 INFO  L138     BoogieDeclarations]: Found implementation of procedure main
[2020-06-17 21:09:36,096 INFO  L278             CfgBuilder]: Using library mode
[2020-06-17 21:09:36,096 INFO  L286             CfgBuilder]: Removed 0 assue(true) statements.
[2020-06-17 21:09:36,097 INFO  L202        PluginConnector]: Adding new model 104.bpl de.uni_freiburg.informatik.ultimate.plugins.generator.rcfgbuilder CFG 17.06 09:09:36 BoogieIcfgContainer
[2020-06-17 21:09:36,097 INFO  L132        PluginConnector]: ------------------------ END RCFGBuilder----------------------------
[2020-06-17 21:09:36,097 INFO  L113        PluginConnector]: ------------------------LassoRanker----------------------------
[2020-06-17 21:09:36,098 INFO  L271        PluginConnector]: Initializing LassoRanker...
[2020-06-17 21:09:36,098 INFO  L276        PluginConnector]: LassoRanker initialized
[2020-06-17 21:09:36,098 INFO  L185        PluginConnector]: Executing the observer LassoRankerObserver from plugin LassoRanker for "104.bpl de.uni_freiburg.informatik.ultimate.plugins.generator.rcfgbuilder CFG 17.06 09:09:36" (1/1) ...
[2020-06-17 21:09:36,116 INFO  L72            BuchiIsEmpty]: Start buchiIsEmpty. Operand 2 states.
[2020-06-17 21:09:36,129 INFO  L131   ngComponentsAnalysis]: Automaton has 1 accepting balls. 1
[2020-06-17 21:09:36,129 INFO  L87            BuchiIsEmpty]: Finished buchiIsEmpty Result is false
[2020-06-17 21:09:36,130 INFO  L119           BuchiIsEmpty]: Starting construction of run
[2020-06-17 21:09:36,134 INFO  L104     BuchiDifferenceFKV]: Start buchiDifferenceFKV. First operand 2 states. Second operand 1 states.
[2020-06-17 21:09:36,141 INFO  L108     BuchiDifferenceFKV]: Finished buchiDifferenceFKV. First operand 2 states. Second operand 1 states. Result 3 states and 4 transitions. Complement of second has 2 states 2 powerset states0 rank states. The highest rank that occured is -1
[2020-06-17 21:09:36,141 INFO  L72            BuchiIsEmpty]: Start buchiIsEmpty. Operand 3 states and 4 transitions.
[2020-06-17 21:09:36,142 INFO  L131   ngComponentsAnalysis]: Automaton has 0 accepting balls. 0
[2020-06-17 21:09:36,142 INFO  L87            BuchiIsEmpty]: Finished buchiIsEmpty Result is true
[2020-06-17 21:09:36,194 INFO  L216          LassoAnalysis]: Preferences:
[2020-06-17 21:09:36,195 INFO  L124   ssoRankerPreferences]: Compute integeral hull: false
[2020-06-17 21:09:36,195 INFO  L125   ssoRankerPreferences]: Enable LassoPartitioneer: true
[2020-06-17 21:09:36,195 INFO  L126   ssoRankerPreferences]: Term annotations enabled: false
[2020-06-17 21:09:36,195 INFO  L127   ssoRankerPreferences]: Use exernal solver: true
[2020-06-17 21:09:36,195 INFO  L128   ssoRankerPreferences]: SMT solver command: z3 -smt2 -in SMTLIB2_COMPLIANT=true
[2020-06-17 21:09:36,196 INFO  L129   ssoRankerPreferences]: Dump SMT script to file: false
[2020-06-17 21:09:36,196 INFO  L130   ssoRankerPreferences]: Path of dumped script: .
[2020-06-17 21:09:36,196 INFO  L131   ssoRankerPreferences]: Filename of dumped script: LassoRankerScript
[2020-06-17 21:09:36,196 INFO  L132   ssoRankerPreferences]: MapElimAlgo: Frank
[2020-06-17 21:09:36,196 INFO  L282          LassoAnalysis]: Starting lasso preprocessing...
[2020-06-17 21:09:36,210 INFO  L141          MapEliminator]: Using MapEliminator with SimplificationTechnique=SIMPLIFY_DDA XnfConversionTechnique=BOTTOM_UP_WITH_LOCAL_SIMPLIFICATION AddInequalities=false OnlyTrivialImplicationsArrayWrite=false OnlyTrivialImplicationsForModifiedArguments=true OnlyArgumentsInFormula=true
[2020-06-17 21:09:36,275 INFO  L300          LassoAnalysis]: Preprocessing complete.
[2020-06-17 21:09:36,275 INFO  L412          LassoAnalysis]: Checking for nontermination...
No working directory specified, using /home/lixie/LassoRankerExp/LassoRankerExp/z3
Starting monitored process 2 with z3 -smt2 -in SMTLIB2_COMPLIANT=true (exit command is (exit), workingDir is null)
Waiting until toolchain timeout for monitored process 2 with z3 -smt2 -in SMTLIB2_COMPLIANT=true
[2020-06-17 21:09:36,280 INFO  L151   nArgumentSynthesizer]: Nontermination analysis: LINEAR_WITH_GUESSES Allow bounded executions: true Number of generalized eigenvectors: 0 Nilpotent components: true
No working directory specified, using /home/lixie/LassoRankerExp/LassoRankerExp/z3
Starting monitored process 3 with z3 -smt2 -in SMTLIB2_COMPLIANT=true (exit command is (exit), workingDir is null)
Waiting until toolchain timeout for monitored process 3 with z3 -smt2 -in SMTLIB2_COMPLIANT=true
[2020-06-17 21:09:36,303 INFO  L151   nArgumentSynthesizer]: Nontermination analysis: LINEAR_WITH_GUESSES Allow bounded executions: true Number of generalized eigenvectors: 3 Nilpotent components: true
[2020-06-17 21:09:36,320 INFO  L452          LassoAnalysis]: Proving nontermination failed: No geometric nontermination argument exists.
[2020-06-17 21:09:36,332 INFO  L216          LassoAnalysis]: Preferences:
[2020-06-17 21:09:36,332 INFO  L124   ssoRankerPreferences]: Compute integeral hull: false
[2020-06-17 21:09:36,332 INFO  L125   ssoRankerPreferences]: Enable LassoPartitioneer: true
[2020-06-17 21:09:36,332 INFO  L126   ssoRankerPreferences]: Term annotations enabled: false
[2020-06-17 21:09:36,333 INFO  L127   ssoRankerPreferences]: Use exernal solver: true
[2020-06-17 21:09:36,333 INFO  L128   ssoRankerPreferences]: SMT solver command: z3 -smt2 -in SMTLIB2_COMPLIANT=true
[2020-06-17 21:09:36,333 INFO  L129   ssoRankerPreferences]: Dump SMT script to file: false
[2020-06-17 21:09:36,333 INFO  L130   ssoRankerPreferences]: Path of dumped script: .
[2020-06-17 21:09:36,333 INFO  L131   ssoRankerPreferences]: Filename of dumped script: LassoRankerScript
[2020-06-17 21:09:36,333 INFO  L132   ssoRankerPreferences]: MapElimAlgo: Frank
[2020-06-17 21:09:36,333 INFO  L282          LassoAnalysis]: Starting lasso preprocessing...
[2020-06-17 21:09:36,334 INFO  L141          MapEliminator]: Using MapEliminator with SimplificationTechnique=SIMPLIFY_DDA XnfConversionTechnique=BOTTOM_UP_WITH_LOCAL_SIMPLIFICATION AddInequalities=false OnlyTrivialImplicationsArrayWrite=false OnlyTrivialImplicationsForModifiedArguments=true OnlyArgumentsInFormula=true
[2020-06-17 21:09:36,384 INFO  L300          LassoAnalysis]: Preprocessing complete.
[2020-06-17 21:09:36,387 INFO  L497          LassoAnalysis]: Using template 'affine'.
No working directory specified, using /home/lixie/LassoRankerExp/LassoRankerExp/z3
Starting monitored process 4 with z3 -smt2 -in SMTLIB2_COMPLIANT=true (exit command is (exit), workingDir is null)
Waiting until toolchain timeout for monitored process 4 with z3 -smt2 -in SMTLIB2_COMPLIANT=true
[2020-06-17 21:09:36,390 INFO  L122   nArgumentSynthesizer]: Termination Analysis Settings:
Termination analysis: LINEAR_WITH_GUESSES
Number of strict supporting invariants: 1
Number of non-strict supporting invariants: 0
Consider only non-deceasing supporting invariants: true
Simplify termination arguments: true
Simplify supporting invariants: trueOverapproximate stem: false
[2020-06-17 21:09:36,391 INFO  L339   nArgumentSynthesizer]: Template has degree 0.
[2020-06-17 21:09:36,391 INFO  L352   nArgumentSynthesizer]: There is no stem transition; disabling supporting invariant generation.
[2020-06-17 21:09:36,392 INFO  L205   nArgumentSynthesizer]: 1 stem disjuncts
[2020-06-17 21:09:36,392 INFO  L206   nArgumentSynthesizer]: 1 loop disjuncts
[2020-06-17 21:09:36,392 INFO  L207   nArgumentSynthesizer]: 2 template conjuncts.
[2020-06-17 21:09:36,394 INFO  L402   nArgumentSynthesizer]: We have 2 Motzkin's Theorem applications.
[2020-06-17 21:09:36,395 INFO  L403   nArgumentSynthesizer]: A total of 0 supporting invariants were added.
[2020-06-17 21:09:36,397 INFO  L530          LassoAnalysis]: Proving termination failed for this template and these settings.
[2020-06-17 21:09:36,409 INFO  L497          LassoAnalysis]: Using template '2-nested'.
No working directory specified, using /home/lixie/LassoRankerExp/LassoRankerExp/z3
Starting monitored process 5 with z3 -smt2 -in SMTLIB2_COMPLIANT=true (exit command is (exit), workingDir is null)
Waiting until toolchain timeout for monitored process 5 with z3 -smt2 -in SMTLIB2_COMPLIANT=true
[2020-06-17 21:09:36,411 INFO  L122   nArgumentSynthesizer]: Termination Analysis Settings:
Termination analysis: LINEAR_WITH_GUESSES
Number of strict supporting invariants: 1
Number of non-strict supporting invariants: 0
Consider only non-deceasing supporting invariants: true
Simplify termination arguments: true
Simplify supporting invariants: trueOverapproximate stem: false
[2020-06-17 21:09:36,412 INFO  L339   nArgumentSynthesizer]: Template has degree 0.
[2020-06-17 21:09:36,412 INFO  L352   nArgumentSynthesizer]: There is no stem transition; disabling supporting invariant generation.
[2020-06-17 21:09:36,412 INFO  L205   nArgumentSynthesizer]: 1 stem disjuncts
[2020-06-17 21:09:36,412 INFO  L206   nArgumentSynthesizer]: 1 loop disjuncts
[2020-06-17 21:09:36,413 INFO  L207   nArgumentSynthesizer]: 3 template conjuncts.
[2020-06-17 21:09:36,414 INFO  L402   nArgumentSynthesizer]: We have 3 Motzkin's Theorem applications.
[2020-06-17 21:09:36,415 INFO  L403   nArgumentSynthesizer]: A total of 0 supporting invariants were added.
[2020-06-17 21:09:36,417 INFO  L530          LassoAnalysis]: Proving termination failed for this template and these settings.
[2020-06-17 21:09:36,437 INFO  L497          LassoAnalysis]: Using template '3-nested'.
No working directory specified, using /home/lixie/LassoRankerExp/LassoRankerExp/z3
Starting monitored process 6 with z3 -smt2 -in SMTLIB2_COMPLIANT=true (exit command is (exit), workingDir is null)
Waiting until toolchain timeout for monitored process 6 with z3 -smt2 -in SMTLIB2_COMPLIANT=true
[2020-06-17 21:09:36,438 INFO  L122   nArgumentSynthesizer]: Termination Analysis Settings:
Termination analysis: LINEAR_WITH_GUESSES
Number of strict supporting invariants: 1
Number of non-strict supporting invariants: 0
Consider only non-deceasing supporting invariants: true
Simplify termination arguments: true
Simplify supporting invariants: trueOverapproximate stem: false
[2020-06-17 21:09:36,440 INFO  L339   nArgumentSynthesizer]: Template has degree 0.
[2020-06-17 21:09:36,440 INFO  L352   nArgumentSynthesizer]: There is no stem transition; disabling supporting invariant generation.
[2020-06-17 21:09:36,440 INFO  L205   nArgumentSynthesizer]: 1 stem disjuncts
[2020-06-17 21:09:36,440 INFO  L206   nArgumentSynthesizer]: 1 loop disjuncts
[2020-06-17 21:09:36,440 INFO  L207   nArgumentSynthesizer]: 4 template conjuncts.
[2020-06-17 21:09:36,443 INFO  L402   nArgumentSynthesizer]: We have 4 Motzkin's Theorem applications.
[2020-06-17 21:09:36,443 INFO  L403   nArgumentSynthesizer]: A total of 0 supporting invariants were added.
[2020-06-17 21:09:36,445 INFO  L530          LassoAnalysis]: Proving termination failed for this template and these settings.
[2020-06-17 21:09:36,457 INFO  L497          LassoAnalysis]: Using template '4-nested'.
No working directory specified, using /home/lixie/LassoRankerExp/LassoRankerExp/z3
Starting monitored process 7 with z3 -smt2 -in SMTLIB2_COMPLIANT=true (exit command is (exit), workingDir is null)
Waiting until toolchain timeout for monitored process 7 with z3 -smt2 -in SMTLIB2_COMPLIANT=true
[2020-06-17 21:09:36,459 INFO  L122   nArgumentSynthesizer]: Termination Analysis Settings:
Termination analysis: LINEAR_WITH_GUESSES
Number of strict supporting invariants: 1
Number of non-strict supporting invariants: 0
Consider only non-deceasing supporting invariants: true
Simplify termination arguments: true
Simplify supporting invariants: trueOverapproximate stem: false
[2020-06-17 21:09:36,461 INFO  L339   nArgumentSynthesizer]: Template has degree 0.
[2020-06-17 21:09:36,461 INFO  L352   nArgumentSynthesizer]: There is no stem transition; disabling supporting invariant generation.
[2020-06-17 21:09:36,461 INFO  L205   nArgumentSynthesizer]: 1 stem disjuncts
[2020-06-17 21:09:36,461 INFO  L206   nArgumentSynthesizer]: 1 loop disjuncts
[2020-06-17 21:09:36,461 INFO  L207   nArgumentSynthesizer]: 5 template conjuncts.
[2020-06-17 21:09:36,464 INFO  L402   nArgumentSynthesizer]: We have 5 Motzkin's Theorem applications.
[2020-06-17 21:09:36,465 INFO  L403   nArgumentSynthesizer]: A total of 0 supporting invariants were added.
[2020-06-17 21:09:36,467 INFO  L530          LassoAnalysis]: Proving termination failed for this template and these settings.
[2020-06-17 21:09:36,479 INFO  L497          LassoAnalysis]: Using template '2-phase'.
No working directory specified, using /home/lixie/LassoRankerExp/LassoRankerExp/z3
Starting monitored process 8 with z3 -smt2 -in SMTLIB2_COMPLIANT=true (exit command is (exit), workingDir is null)
Waiting until toolchain timeout for monitored process 8 with z3 -smt2 -in SMTLIB2_COMPLIANT=true
[2020-06-17 21:09:36,481 INFO  L122   nArgumentSynthesizer]: Termination Analysis Settings:
Termination analysis: LINEAR_WITH_GUESSES
Number of strict supporting invariants: 1
Number of non-strict supporting invariants: 0
Consider only non-deceasing supporting invariants: true
Simplify termination arguments: true
Simplify supporting invariants: trueOverapproximate stem: false
[2020-06-17 21:09:36,482 WARN  L334   nArgumentSynthesizer]: Using a linear SMT query and a templates of degree > 0, hence this method is incomplete.
[2020-06-17 21:09:36,482 INFO  L339   nArgumentSynthesizer]: Template has degree 1.
[2020-06-17 21:09:36,483 INFO  L352   nArgumentSynthesizer]: There is no stem transition; disabling supporting invariant generation.
[2020-06-17 21:09:36,483 INFO  L205   nArgumentSynthesizer]: 1 stem disjuncts
[2020-06-17 21:09:36,483 INFO  L206   nArgumentSynthesizer]: 1 loop disjuncts
[2020-06-17 21:09:36,483 INFO  L207   nArgumentSynthesizer]: 3 template conjuncts.
[2020-06-17 21:09:36,491 INFO  L402   nArgumentSynthesizer]: We have 3 Motzkin's Theorem applications.
[2020-06-17 21:09:36,491 INFO  L403   nArgumentSynthesizer]: A total of 0 supporting invariants were added.
[2020-06-17 21:09:36,506 INFO  L530          LassoAnalysis]: Proving termination failed for this template and these settings.
[2020-06-17 21:09:36,523 INFO  L497          LassoAnalysis]: Using template 'lex(affine, affine)'.
No working directory specified, using /home/lixie/LassoRankerExp/LassoRankerExp/z3
Starting monitored process 9 with z3 -smt2 -in SMTLIB2_COMPLIANT=true (exit command is (exit), workingDir is null)
Waiting until toolchain timeout for monitored process 9 with z3 -smt2 -in SMTLIB2_COMPLIANT=true
[2020-06-17 21:09:36,525 INFO  L122   nArgumentSynthesizer]: Termination Analysis Settings:
Termination analysis: LINEAR_WITH_GUESSES
Number of strict supporting invariants: 1
Number of non-strict supporting invariants: 0
Consider only non-deceasing supporting invariants: true
Simplify termination arguments: true
Simplify supporting invariants: trueOverapproximate stem: false
[2020-06-17 21:09:36,527 WARN  L334   nArgumentSynthesizer]: Using a linear SMT query and a templates of degree > 0, hence this method is incomplete.
[2020-06-17 21:09:36,527 INFO  L339   nArgumentSynthesizer]: Template has degree 5.
[2020-06-17 21:09:36,527 INFO  L352   nArgumentSynthesizer]: There is no stem transition; disabling supporting invariant generation.
[2020-06-17 21:09:36,527 INFO  L205   nArgumentSynthesizer]: 1 stem disjuncts
[2020-06-17 21:09:36,527 INFO  L206   nArgumentSynthesizer]: 1 loop disjuncts
[2020-06-17 21:09:36,528 INFO  L207   nArgumentSynthesizer]: 4 template conjuncts.
[2020-06-17 21:09:36,534 INFO  L402   nArgumentSynthesizer]: We have 4 Motzkin's Theorem applications.
[2020-06-17 21:09:36,534 INFO  L403   nArgumentSynthesizer]: A total of 0 supporting invariants were added.
[2020-06-17 21:09:36,548 INFO  L530          LassoAnalysis]: Proving termination failed for this template and these settings.
[2020-06-17 21:09:36,571 INFO  L497          LassoAnalysis]: Using template '2-piece'.
No working directory specified, using /home/lixie/LassoRankerExp/LassoRankerExp/z3
Starting monitored process 10 with z3 -smt2 -in SMTLIB2_COMPLIANT=true (exit command is (exit), workingDir is null)
Waiting until toolchain timeout for monitored process 10 with z3 -smt2 -in SMTLIB2_COMPLIANT=true
[2020-06-17 21:09:36,573 INFO  L122   nArgumentSynthesizer]: Termination Analysis Settings:
Termination analysis: LINEAR_WITH_GUESSES
Number of strict supporting invariants: 1
Number of non-strict supporting invariants: 0
Consider only non-deceasing supporting invariants: true
Simplify termination arguments: true
Simplify supporting invariants: trueOverapproximate stem: false
[2020-06-17 21:09:36,574 WARN  L334   nArgumentSynthesizer]: Using a linear SMT query and a templates of degree > 0, hence this method is incomplete.
[2020-06-17 21:09:36,574 INFO  L339   nArgumentSynthesizer]: Template has degree 7.
[2020-06-17 21:09:36,574 INFO  L352   nArgumentSynthesizer]: There is no stem transition; disabling supporting invariant generation.
[2020-06-17 21:09:36,575 INFO  L205   nArgumentSynthesizer]: 1 stem disjuncts
[2020-06-17 21:09:36,575 INFO  L206   nArgumentSynthesizer]: 1 loop disjuncts
[2020-06-17 21:09:36,575 INFO  L207   nArgumentSynthesizer]: 7 template conjuncts.
[2020-06-17 21:09:36,598 INFO  L402   nArgumentSynthesizer]: We have 7 Motzkin's Theorem applications.
[2020-06-17 21:09:36,598 INFO  L403   nArgumentSynthesizer]: A total of 0 supporting invariants were added.
[2020-06-17 21:09:36,896 INFO  L530          LassoAnalysis]: Proving termination failed for this template and these settings.
[2020-06-17 21:09:36,908 INFO  L497          LassoAnalysis]: Using template '2-parallel'.
No working directory specified, using /home/lixie/LassoRankerExp/LassoRankerExp/z3
Starting monitored process 11 with z3 -smt2 -in SMTLIB2_COMPLIANT=true (exit command is (exit), workingDir is null)
Waiting until toolchain timeout for monitored process 11 with z3 -smt2 -in SMTLIB2_COMPLIANT=true
[2020-06-17 21:09:36,910 INFO  L122   nArgumentSynthesizer]: Termination Analysis Settings:
Termination analysis: LINEAR_WITH_GUESSES
Number of strict supporting invariants: 1
Number of non-strict supporting invariants: 0
Consider only non-deceasing supporting invariants: true
Simplify termination arguments: true
Simplify supporting invariants: trueOverapproximate stem: false
[2020-06-17 21:09:36,911 WARN  L334   nArgumentSynthesizer]: Using a linear SMT query and a templates of degree > 0, hence this method is incomplete.
[2020-06-17 21:09:36,911 INFO  L339   nArgumentSynthesizer]: Template has degree 4.
[2020-06-17 21:09:36,912 INFO  L352   nArgumentSynthesizer]: There is no stem transition; disabling supporting invariant generation.
[2020-06-17 21:09:36,912 INFO  L205   nArgumentSynthesizer]: 1 stem disjuncts
[2020-06-17 21:09:36,912 INFO  L206   nArgumentSynthesizer]: 1 loop disjuncts
[2020-06-17 21:09:36,912 INFO  L207   nArgumentSynthesizer]: 6 template conjuncts.
[2020-06-17 21:09:36,927 INFO  L402   nArgumentSynthesizer]: We have 6 Motzkin's Theorem applications.
[2020-06-17 21:09:36,927 INFO  L403   nArgumentSynthesizer]: A total of 0 supporting invariants were added.
[2020-06-17 21:09:36,946 INFO  L530          LassoAnalysis]: Proving termination failed for this template and these settings.
[2020-06-17 21:09:36,959 INFO  L489     LassoRankerStarter]: LassoRanker could not prove termination or nontermination of the given linear lasso program.
Templates: AffineTemplate NestedTemplate NestedTemplate NestedTemplate MultiphaseTemplate ComposedLexicographicTemplate PiecewiseTemplate ParallelTemplate
[2020-06-17 21:09:36,960 INFO  L132        PluginConnector]: ------------------------ END LassoRanker----------------------------
[2020-06-17 21:09:36,960 INFO  L168              Benchmark]: Toolchain (without parser) took 1001.39 ms. Allocated memory was 514.9 MB in the beginning and 533.7 MB in the end (delta: 18.9 MB). Free memory was 472.9 MB in the beginning and 496.8 MB in the end (delta: -23.9 MB). Peak memory consumption was 121.3 MB. Max. memory is 11.5 GB.
[2020-06-17 21:09:36,962 INFO  L168              Benchmark]: Boogie PL CUP Parser took 0.13 ms. Allocated memory is still 514.9 MB. Free memory is still 474.4 MB. There was no memory consumed. Max. memory is 11.5 GB.
[2020-06-17 21:09:36,962 INFO  L168              Benchmark]: Boogie Preprocessor took 24.98 ms. Allocated memory is still 514.9 MB. Free memory was 471.5 MB in the beginning and 470.2 MB in the end (delta: 1.3 MB). Peak memory consumption was 1.3 MB. Max. memory is 11.5 GB.
[2020-06-17 21:09:36,963 INFO  L168              Benchmark]: RCFGBuilder took 105.93 ms. Allocated memory is still 514.9 MB. Free memory was 470.2 MB in the beginning and 460.6 MB in the end (delta: 9.6 MB). Peak memory consumption was 9.6 MB. Max. memory is 11.5 GB.
[2020-06-17 21:09:36,963 INFO  L168              Benchmark]: LassoRanker took 862.54 ms. Allocated memory was 514.9 MB in the beginning and 533.7 MB in the end (delta: 18.9 MB). Free memory was 460.6 MB in the beginning and 496.8 MB in the end (delta: -36.2 MB). Peak memory consumption was 109.1 MB. Max. memory is 11.5 GB.
[2020-06-17 21:09:36,966 INFO  L336   ainManager$Toolchain]: #######################  End [Toolchain 1] #######################
 --- Results ---
 * Results from de.uni_freiburg.informatik.ultimate.core:
  - StatisticsResult: Toolchain Benchmarks
    Benchmark results are:
 * Boogie PL CUP Parser took 0.13 ms. Allocated memory is still 514.9 MB. Free memory is still 474.4 MB. There was no memory consumed. Max. memory is 11.5 GB.
 * Boogie Preprocessor took 24.98 ms. Allocated memory is still 514.9 MB. Free memory was 471.5 MB in the beginning and 470.2 MB in the end (delta: 1.3 MB). Peak memory consumption was 1.3 MB. Max. memory is 11.5 GB.
 * RCFGBuilder took 105.93 ms. Allocated memory is still 514.9 MB. Free memory was 470.2 MB in the beginning and 460.6 MB in the end (delta: 9.6 MB). Peak memory consumption was 9.6 MB. Max. memory is 11.5 GB.
 * LassoRanker took 862.54 ms. Allocated memory was 514.9 MB in the beginning and 533.7 MB in the end (delta: 18.9 MB). Free memory was 460.6 MB in the beginning and 496.8 MB in the end (delta: -36.2 MB). Peak memory consumption was 109.1 MB. Max. memory is 11.5 GB.
 * Results from de.uni_freiburg.informatik.ultimate.plugins.analysis.lassoranker:
  - NoResult [Line: 8]: LassoRanker could not prove termination
    LassoRanker could not prove termination or nontermination of the given linear lasso program.
Templates: AffineTemplate NestedTemplate NestedTemplate NestedTemplate MultiphaseTemplate ComposedLexicographicTemplate PiecewiseTemplate ParallelTemplate
RESULT: Ultimate could not prove your program: Toolchain returned no result.
Received shutdown request...
Ultimate:
GTK+ Version Check
