This is Ultimate 0.1.24-16d85fa
[2020-06-17 21:11:40,595 INFO  L170        SettingsManager]: Resetting all preferences to default values...
[2020-06-17 21:11:40,596 INFO  L174        SettingsManager]: Resetting UltimateCore preferences to default values
[2020-06-17 21:11:40,605 INFO  L177        SettingsManager]: Ultimate Commandline Interface provides no preferences, ignoring...
[2020-06-17 21:11:40,605 INFO  L174        SettingsManager]: Resetting Boogie Preprocessor preferences to default values
[2020-06-17 21:11:40,606 INFO  L174        SettingsManager]: Resetting Boogie Procedure Inliner preferences to default values
[2020-06-17 21:11:40,607 INFO  L174        SettingsManager]: Resetting Abstract Interpretation preferences to default values
[2020-06-17 21:11:40,608 INFO  L174        SettingsManager]: Resetting LassoRanker preferences to default values
[2020-06-17 21:11:40,609 INFO  L174        SettingsManager]: Resetting Reaching Definitions preferences to default values
[2020-06-17 21:11:40,609 INFO  L174        SettingsManager]: Resetting SyntaxChecker preferences to default values
[2020-06-17 21:11:40,610 INFO  L177        SettingsManager]: Büchi Program Product provides no preferences, ignoring...
[2020-06-17 21:11:40,610 INFO  L174        SettingsManager]: Resetting LTL2Aut preferences to default values
[2020-06-17 21:11:40,610 INFO  L174        SettingsManager]: Resetting PEA to Boogie preferences to default values
[2020-06-17 21:11:40,611 INFO  L174        SettingsManager]: Resetting BlockEncodingV2 preferences to default values
[2020-06-17 21:11:40,612 INFO  L174        SettingsManager]: Resetting ChcToBoogie preferences to default values
[2020-06-17 21:11:40,612 INFO  L174        SettingsManager]: Resetting AutomataScriptInterpreter preferences to default values
[2020-06-17 21:11:40,612 INFO  L174        SettingsManager]: Resetting BuchiAutomizer preferences to default values
[2020-06-17 21:11:40,613 INFO  L174        SettingsManager]: Resetting CACSL2BoogieTranslator preferences to default values
[2020-06-17 21:11:40,615 INFO  L174        SettingsManager]: Resetting CodeCheck preferences to default values
[2020-06-17 21:11:40,615 INFO  L174        SettingsManager]: Resetting InvariantSynthesis preferences to default values
[2020-06-17 21:11:40,616 INFO  L174        SettingsManager]: Resetting RCFGBuilder preferences to default values
[2020-06-17 21:11:40,617 INFO  L174        SettingsManager]: Resetting TraceAbstraction preferences to default values
[2020-06-17 21:11:40,618 INFO  L177        SettingsManager]: TraceAbstractionConcurrent provides no preferences, ignoring...
[2020-06-17 21:11:40,618 INFO  L177        SettingsManager]: TraceAbstractionWithAFAs provides no preferences, ignoring...
[2020-06-17 21:11:40,618 INFO  L174        SettingsManager]: Resetting TreeAutomizer preferences to default values
[2020-06-17 21:11:40,619 INFO  L174        SettingsManager]: Resetting IcfgTransformer preferences to default values
[2020-06-17 21:11:40,619 INFO  L174        SettingsManager]: Resetting Boogie Printer preferences to default values
[2020-06-17 21:11:40,620 INFO  L174        SettingsManager]: Resetting ReqPrinter preferences to default values
[2020-06-17 21:11:40,620 INFO  L174        SettingsManager]: Resetting Witness Printer preferences to default values
[2020-06-17 21:11:40,621 INFO  L177        SettingsManager]: Boogie PL CUP Parser provides no preferences, ignoring...
[2020-06-17 21:11:40,621 INFO  L174        SettingsManager]: Resetting CDTParser preferences to default values
[2020-06-17 21:11:40,621 INFO  L177        SettingsManager]: AutomataScriptParser provides no preferences, ignoring...
[2020-06-17 21:11:40,621 INFO  L177        SettingsManager]: ReqParser provides no preferences, ignoring...
[2020-06-17 21:11:40,621 INFO  L174        SettingsManager]: Resetting SmtParser preferences to default values
[2020-06-17 21:11:40,622 INFO  L174        SettingsManager]: Resetting Witness Parser preferences to default values
[2020-06-17 21:11:40,622 INFO  L181        SettingsManager]: Finished resetting all preferences to default values...
[2020-06-17 21:11:40,636 INFO  L81    nceAwareModelManager]: Repository-Root is: /tmp
[2020-06-17 21:11:40,644 INFO  L258   ainManager$Toolchain]: [Toolchain 1]: Applicable parser(s) successfully (re)initialized
[2020-06-17 21:11:40,646 INFO  L214   ainManager$Toolchain]: [Toolchain 1]: Toolchain selected.
[2020-06-17 21:11:40,647 INFO  L271        PluginConnector]: Initializing Boogie PL CUP Parser...
[2020-06-17 21:11:40,647 INFO  L276        PluginConnector]: Boogie PL CUP Parser initialized
[2020-06-17 21:11:40,648 INFO  L418   ainManager$Toolchain]: [Toolchain 1]: Parsing single file: /home/lixie/LassoRankerExp/LassoRankerExp/./Program_non/107.bpl
[2020-06-17 21:11:40,648 INFO  L111           BoogieParser]: Parsing: '/home/lixie/LassoRankerExp/LassoRankerExp/./Program_non/107.bpl'
[2020-06-17 21:11:40,666 INFO  L296   ainManager$Toolchain]: ####################### [Toolchain 1] #######################
[2020-06-17 21:11:40,674 INFO  L131        ToolchainWalker]: Walking toolchain with 3 elements.
[2020-06-17 21:11:40,675 INFO  L113        PluginConnector]: ------------------------Boogie Preprocessor----------------------------
[2020-06-17 21:11:40,675 INFO  L271        PluginConnector]: Initializing Boogie Preprocessor...
[2020-06-17 21:11:40,675 INFO  L276        PluginConnector]: Boogie Preprocessor initialized
[2020-06-17 21:11:40,688 INFO  L185        PluginConnector]: Executing the observer EnsureBoogieModelObserver from plugin Boogie Preprocessor for "107.bpl de.uni_freiburg.informatik.ultimate.boogie.parser AST 17.06 09:11:40" (1/1) ...
[2020-06-17 21:11:40,689 INFO  L185        PluginConnector]: Executing the observer TypeChecker from plugin Boogie Preprocessor for "107.bpl de.uni_freiburg.informatik.ultimate.boogie.parser AST 17.06 09:11:40" (1/1) ...
[2020-06-17 21:11:40,693 INFO  L185        PluginConnector]: Executing the observer ConstExpander from plugin Boogie Preprocessor for "107.bpl de.uni_freiburg.informatik.ultimate.boogie.parser AST 17.06 09:11:40" (1/1) ...
[2020-06-17 21:11:40,693 INFO  L185        PluginConnector]: Executing the observer StructExpander from plugin Boogie Preprocessor for "107.bpl de.uni_freiburg.informatik.ultimate.boogie.parser AST 17.06 09:11:40" (1/1) ...
[2020-06-17 21:11:40,694 INFO  L185        PluginConnector]: Executing the observer UnstructureCode from plugin Boogie Preprocessor for "107.bpl de.uni_freiburg.informatik.ultimate.boogie.parser AST 17.06 09:11:40" (1/1) ...
[2020-06-17 21:11:40,697 INFO  L185        PluginConnector]: Executing the observer FunctionInliner from plugin Boogie Preprocessor for "107.bpl de.uni_freiburg.informatik.ultimate.boogie.parser AST 17.06 09:11:40" (1/1) ...
[2020-06-17 21:11:40,697 INFO  L185        PluginConnector]: Executing the observer BoogieSymbolTableConstructor from plugin Boogie Preprocessor for "107.bpl de.uni_freiburg.informatik.ultimate.boogie.parser AST 17.06 09:11:40" (1/1) ...
[2020-06-17 21:11:40,698 INFO  L132        PluginConnector]: ------------------------ END Boogie Preprocessor----------------------------
[2020-06-17 21:11:40,698 INFO  L113        PluginConnector]: ------------------------RCFGBuilder----------------------------
[2020-06-17 21:11:40,698 INFO  L271        PluginConnector]: Initializing RCFGBuilder...
[2020-06-17 21:11:40,698 INFO  L276        PluginConnector]: RCFGBuilder initialized
[2020-06-17 21:11:40,699 INFO  L185        PluginConnector]: Executing the observer RCFGBuilderObserver from plugin RCFGBuilder for "107.bpl de.uni_freiburg.informatik.ultimate.boogie.parser AST 17.06 09:11:40" (1/1) ...
No working directory specified, using /home/lixie/LassoRankerExp/LassoRankerExp/z3
Starting monitored process 1 with z3 SMTLIB2_COMPLIANT=true -memory:1024 -smt2 -in -t:12000 (exit command is (exit), workingDir is null)
Waiting until toolchain timeout for monitored process 1 with z3 SMTLIB2_COMPLIANT=true -memory:1024 -smt2 -in -t:12000
[2020-06-17 21:11:40,734 INFO  L124     BoogieDeclarations]: Specification and implementation of procedure main given in one single declaration
[2020-06-17 21:11:40,734 INFO  L130     BoogieDeclarations]: Found specification of procedure main
[2020-06-17 21:11:40,734 INFO  L138     BoogieDeclarations]: Found implementation of procedure main
[2020-06-17 21:11:40,800 INFO  L278             CfgBuilder]: Using library mode
[2020-06-17 21:11:40,800 INFO  L286             CfgBuilder]: Removed 0 assue(true) statements.
[2020-06-17 21:11:40,801 INFO  L202        PluginConnector]: Adding new model 107.bpl de.uni_freiburg.informatik.ultimate.plugins.generator.rcfgbuilder CFG 17.06 09:11:40 BoogieIcfgContainer
[2020-06-17 21:11:40,801 INFO  L132        PluginConnector]: ------------------------ END RCFGBuilder----------------------------
[2020-06-17 21:11:40,801 INFO  L113        PluginConnector]: ------------------------LassoRanker----------------------------
[2020-06-17 21:11:40,801 INFO  L271        PluginConnector]: Initializing LassoRanker...
[2020-06-17 21:11:40,802 INFO  L276        PluginConnector]: LassoRanker initialized
[2020-06-17 21:11:40,802 INFO  L185        PluginConnector]: Executing the observer LassoRankerObserver from plugin LassoRanker for "107.bpl de.uni_freiburg.informatik.ultimate.plugins.generator.rcfgbuilder CFG 17.06 09:11:40" (1/1) ...
[2020-06-17 21:11:40,819 INFO  L72            BuchiIsEmpty]: Start buchiIsEmpty. Operand 2 states.
[2020-06-17 21:11:40,833 INFO  L131   ngComponentsAnalysis]: Automaton has 1 accepting balls. 1
[2020-06-17 21:11:40,833 INFO  L87            BuchiIsEmpty]: Finished buchiIsEmpty Result is false
[2020-06-17 21:11:40,833 INFO  L119           BuchiIsEmpty]: Starting construction of run
[2020-06-17 21:11:40,837 INFO  L104     BuchiDifferenceFKV]: Start buchiDifferenceFKV. First operand 2 states. Second operand 1 states.
[2020-06-17 21:11:40,845 INFO  L108     BuchiDifferenceFKV]: Finished buchiDifferenceFKV. First operand 2 states. Second operand 1 states. Result 3 states and 4 transitions. Complement of second has 2 states 2 powerset states0 rank states. The highest rank that occured is -1
[2020-06-17 21:11:40,845 INFO  L72            BuchiIsEmpty]: Start buchiIsEmpty. Operand 3 states and 4 transitions.
[2020-06-17 21:11:40,845 INFO  L131   ngComponentsAnalysis]: Automaton has 0 accepting balls. 0
[2020-06-17 21:11:40,845 INFO  L87            BuchiIsEmpty]: Finished buchiIsEmpty Result is true
[2020-06-17 21:11:40,883 INFO  L216          LassoAnalysis]: Preferences:
[2020-06-17 21:11:40,884 INFO  L124   ssoRankerPreferences]: Compute integeral hull: false
[2020-06-17 21:11:40,884 INFO  L125   ssoRankerPreferences]: Enable LassoPartitioneer: true
[2020-06-17 21:11:40,884 INFO  L126   ssoRankerPreferences]: Term annotations enabled: false
[2020-06-17 21:11:40,884 INFO  L127   ssoRankerPreferences]: Use exernal solver: true
[2020-06-17 21:11:40,884 INFO  L128   ssoRankerPreferences]: SMT solver command: z3 -smt2 -in SMTLIB2_COMPLIANT=true
[2020-06-17 21:11:40,885 INFO  L129   ssoRankerPreferences]: Dump SMT script to file: false
[2020-06-17 21:11:40,885 INFO  L130   ssoRankerPreferences]: Path of dumped script: .
[2020-06-17 21:11:40,885 INFO  L131   ssoRankerPreferences]: Filename of dumped script: LassoRankerScript
[2020-06-17 21:11:40,885 INFO  L132   ssoRankerPreferences]: MapElimAlgo: Frank
[2020-06-17 21:11:40,885 INFO  L282          LassoAnalysis]: Starting lasso preprocessing...
[2020-06-17 21:11:40,898 INFO  L141          MapEliminator]: Using MapEliminator with SimplificationTechnique=SIMPLIFY_DDA XnfConversionTechnique=BOTTOM_UP_WITH_LOCAL_SIMPLIFICATION AddInequalities=false OnlyTrivialImplicationsArrayWrite=false OnlyTrivialImplicationsForModifiedArguments=true OnlyArgumentsInFormula=true
[2020-06-17 21:11:40,971 INFO  L300          LassoAnalysis]: Preprocessing complete.
[2020-06-17 21:11:40,972 INFO  L412          LassoAnalysis]: Checking for nontermination...
No working directory specified, using /home/lixie/LassoRankerExp/LassoRankerExp/z3
Starting monitored process 2 with z3 -smt2 -in SMTLIB2_COMPLIANT=true (exit command is (exit), workingDir is null)
Waiting until toolchain timeout for monitored process 2 with z3 -smt2 -in SMTLIB2_COMPLIANT=true
[2020-06-17 21:11:40,975 INFO  L151   nArgumentSynthesizer]: Nontermination analysis: LINEAR_WITH_GUESSES Allow bounded executions: true Number of generalized eigenvectors: 0 Nilpotent components: true
No working directory specified, using /home/lixie/LassoRankerExp/LassoRankerExp/z3
Starting monitored process 3 with z3 -smt2 -in SMTLIB2_COMPLIANT=true (exit command is (exit), workingDir is null)
Waiting until toolchain timeout for monitored process 3 with z3 -smt2 -in SMTLIB2_COMPLIANT=true
[2020-06-17 21:11:40,994 INFO  L151   nArgumentSynthesizer]: Nontermination analysis: LINEAR_WITH_GUESSES Allow bounded executions: true Number of generalized eigenvectors: 3 Nilpotent components: true
[2020-06-17 21:11:41,011 INFO  L452          LassoAnalysis]: Proving nontermination failed: No geometric nontermination argument exists.
[2020-06-17 21:11:41,024 INFO  L216          LassoAnalysis]: Preferences:
[2020-06-17 21:11:41,024 INFO  L124   ssoRankerPreferences]: Compute integeral hull: false
[2020-06-17 21:11:41,024 INFO  L125   ssoRankerPreferences]: Enable LassoPartitioneer: true
[2020-06-17 21:11:41,025 INFO  L126   ssoRankerPreferences]: Term annotations enabled: false
[2020-06-17 21:11:41,025 INFO  L127   ssoRankerPreferences]: Use exernal solver: true
[2020-06-17 21:11:41,025 INFO  L128   ssoRankerPreferences]: SMT solver command: z3 -smt2 -in SMTLIB2_COMPLIANT=true
[2020-06-17 21:11:41,025 INFO  L129   ssoRankerPreferences]: Dump SMT script to file: false
[2020-06-17 21:11:41,025 INFO  L130   ssoRankerPreferences]: Path of dumped script: .
[2020-06-17 21:11:41,025 INFO  L131   ssoRankerPreferences]: Filename of dumped script: LassoRankerScript
[2020-06-17 21:11:41,025 INFO  L132   ssoRankerPreferences]: MapElimAlgo: Frank
[2020-06-17 21:11:41,025 INFO  L282          LassoAnalysis]: Starting lasso preprocessing...
[2020-06-17 21:11:41,026 INFO  L141          MapEliminator]: Using MapEliminator with SimplificationTechnique=SIMPLIFY_DDA XnfConversionTechnique=BOTTOM_UP_WITH_LOCAL_SIMPLIFICATION AddInequalities=false OnlyTrivialImplicationsArrayWrite=false OnlyTrivialImplicationsForModifiedArguments=true OnlyArgumentsInFormula=true
[2020-06-17 21:11:41,072 INFO  L300          LassoAnalysis]: Preprocessing complete.
[2020-06-17 21:11:41,075 INFO  L497          LassoAnalysis]: Using template 'affine'.
No working directory specified, using /home/lixie/LassoRankerExp/LassoRankerExp/z3
Starting monitored process 4 with z3 -smt2 -in SMTLIB2_COMPLIANT=true (exit command is (exit), workingDir is null)
Waiting until toolchain timeout for monitored process 4 with z3 -smt2 -in SMTLIB2_COMPLIANT=true
[2020-06-17 21:11:41,078 INFO  L122   nArgumentSynthesizer]: Termination Analysis Settings:
Termination analysis: LINEAR_WITH_GUESSES
Number of strict supporting invariants: 1
Number of non-strict supporting invariants: 0
Consider only non-deceasing supporting invariants: true
Simplify termination arguments: true
Simplify supporting invariants: trueOverapproximate stem: false
[2020-06-17 21:11:41,079 INFO  L339   nArgumentSynthesizer]: Template has degree 0.
[2020-06-17 21:11:41,080 INFO  L352   nArgumentSynthesizer]: There is no stem transition; disabling supporting invariant generation.
[2020-06-17 21:11:41,080 INFO  L205   nArgumentSynthesizer]: 1 stem disjuncts
[2020-06-17 21:11:41,080 INFO  L206   nArgumentSynthesizer]: 1 loop disjuncts
[2020-06-17 21:11:41,080 INFO  L207   nArgumentSynthesizer]: 2 template conjuncts.
[2020-06-17 21:11:41,083 INFO  L402   nArgumentSynthesizer]: We have 2 Motzkin's Theorem applications.
[2020-06-17 21:11:41,083 INFO  L403   nArgumentSynthesizer]: A total of 0 supporting invariants were added.
[2020-06-17 21:11:41,086 INFO  L530          LassoAnalysis]: Proving termination failed for this template and these settings.
[2020-06-17 21:11:41,108 INFO  L497          LassoAnalysis]: Using template '2-nested'.
No working directory specified, using /home/lixie/LassoRankerExp/LassoRankerExp/z3
Starting monitored process 5 with z3 -smt2 -in SMTLIB2_COMPLIANT=true (exit command is (exit), workingDir is null)
Waiting until toolchain timeout for monitored process 5 with z3 -smt2 -in SMTLIB2_COMPLIANT=true
[2020-06-17 21:11:41,110 INFO  L122   nArgumentSynthesizer]: Termination Analysis Settings:
Termination analysis: LINEAR_WITH_GUESSES
Number of strict supporting invariants: 1
Number of non-strict supporting invariants: 0
Consider only non-deceasing supporting invariants: true
Simplify termination arguments: true
Simplify supporting invariants: trueOverapproximate stem: false
[2020-06-17 21:11:41,111 INFO  L339   nArgumentSynthesizer]: Template has degree 0.
[2020-06-17 21:11:41,112 INFO  L352   nArgumentSynthesizer]: There is no stem transition; disabling supporting invariant generation.
[2020-06-17 21:11:41,112 INFO  L205   nArgumentSynthesizer]: 1 stem disjuncts
[2020-06-17 21:11:41,112 INFO  L206   nArgumentSynthesizer]: 1 loop disjuncts
[2020-06-17 21:11:41,112 INFO  L207   nArgumentSynthesizer]: 3 template conjuncts.
[2020-06-17 21:11:41,115 INFO  L402   nArgumentSynthesizer]: We have 3 Motzkin's Theorem applications.
[2020-06-17 21:11:41,115 INFO  L403   nArgumentSynthesizer]: A total of 0 supporting invariants were added.
[2020-06-17 21:11:41,118 INFO  L530          LassoAnalysis]: Proving termination failed for this template and these settings.
[2020-06-17 21:11:41,130 INFO  L497          LassoAnalysis]: Using template '3-nested'.
No working directory specified, using /home/lixie/LassoRankerExp/LassoRankerExp/z3
Starting monitored process 6 with z3 -smt2 -in SMTLIB2_COMPLIANT=true (exit command is (exit), workingDir is null)
Waiting until toolchain timeout for monitored process 6 with z3 -smt2 -in SMTLIB2_COMPLIANT=true
[2020-06-17 21:11:41,133 INFO  L122   nArgumentSynthesizer]: Termination Analysis Settings:
Termination analysis: LINEAR_WITH_GUESSES
Number of strict supporting invariants: 1
Number of non-strict supporting invariants: 0
Consider only non-deceasing supporting invariants: true
Simplify termination arguments: true
Simplify supporting invariants: trueOverapproximate stem: false
[2020-06-17 21:11:41,134 INFO  L339   nArgumentSynthesizer]: Template has degree 0.
[2020-06-17 21:11:41,134 INFO  L352   nArgumentSynthesizer]: There is no stem transition; disabling supporting invariant generation.
[2020-06-17 21:11:41,135 INFO  L205   nArgumentSynthesizer]: 1 stem disjuncts
[2020-06-17 21:11:41,135 INFO  L206   nArgumentSynthesizer]: 1 loop disjuncts
[2020-06-17 21:11:41,135 INFO  L207   nArgumentSynthesizer]: 4 template conjuncts.
[2020-06-17 21:11:41,138 INFO  L402   nArgumentSynthesizer]: We have 4 Motzkin's Theorem applications.
[2020-06-17 21:11:41,138 INFO  L403   nArgumentSynthesizer]: A total of 0 supporting invariants were added.
[2020-06-17 21:11:41,142 INFO  L530          LassoAnalysis]: Proving termination failed for this template and these settings.
[2020-06-17 21:11:41,154 INFO  L497          LassoAnalysis]: Using template '4-nested'.
No working directory specified, using /home/lixie/LassoRankerExp/LassoRankerExp/z3
Starting monitored process 7 with z3 -smt2 -in SMTLIB2_COMPLIANT=true (exit command is (exit), workingDir is null)
Waiting until toolchain timeout for monitored process 7 with z3 -smt2 -in SMTLIB2_COMPLIANT=true
[2020-06-17 21:11:41,156 INFO  L122   nArgumentSynthesizer]: Termination Analysis Settings:
Termination analysis: LINEAR_WITH_GUESSES
Number of strict supporting invariants: 1
Number of non-strict supporting invariants: 0
Consider only non-deceasing supporting invariants: true
Simplify termination arguments: true
Simplify supporting invariants: trueOverapproximate stem: false
[2020-06-17 21:11:41,158 INFO  L339   nArgumentSynthesizer]: Template has degree 0.
[2020-06-17 21:11:41,158 INFO  L352   nArgumentSynthesizer]: There is no stem transition; disabling supporting invariant generation.
[2020-06-17 21:11:41,158 INFO  L205   nArgumentSynthesizer]: 1 stem disjuncts
[2020-06-17 21:11:41,158 INFO  L206   nArgumentSynthesizer]: 1 loop disjuncts
[2020-06-17 21:11:41,158 INFO  L207   nArgumentSynthesizer]: 5 template conjuncts.
[2020-06-17 21:11:41,161 INFO  L402   nArgumentSynthesizer]: We have 5 Motzkin's Theorem applications.
[2020-06-17 21:11:41,161 INFO  L403   nArgumentSynthesizer]: A total of 0 supporting invariants were added.
[2020-06-17 21:11:41,169 INFO  L530          LassoAnalysis]: Proving termination failed for this template and these settings.
[2020-06-17 21:11:41,182 INFO  L497          LassoAnalysis]: Using template '2-phase'.
No working directory specified, using /home/lixie/LassoRankerExp/LassoRankerExp/z3
Starting monitored process 8 with z3 -smt2 -in SMTLIB2_COMPLIANT=true (exit command is (exit), workingDir is null)
Waiting until toolchain timeout for monitored process 8 with z3 -smt2 -in SMTLIB2_COMPLIANT=true
[2020-06-17 21:11:41,184 INFO  L122   nArgumentSynthesizer]: Termination Analysis Settings:
Termination analysis: LINEAR_WITH_GUESSES
Number of strict supporting invariants: 1
Number of non-strict supporting invariants: 0
Consider only non-deceasing supporting invariants: true
Simplify termination arguments: true
Simplify supporting invariants: trueOverapproximate stem: false
[2020-06-17 21:11:41,185 WARN  L334   nArgumentSynthesizer]: Using a linear SMT query and a templates of degree > 0, hence this method is incomplete.
[2020-06-17 21:11:41,185 INFO  L339   nArgumentSynthesizer]: Template has degree 1.
[2020-06-17 21:11:41,185 INFO  L352   nArgumentSynthesizer]: There is no stem transition; disabling supporting invariant generation.
[2020-06-17 21:11:41,185 INFO  L205   nArgumentSynthesizer]: 1 stem disjuncts
[2020-06-17 21:11:41,185 INFO  L206   nArgumentSynthesizer]: 1 loop disjuncts
[2020-06-17 21:11:41,186 INFO  L207   nArgumentSynthesizer]: 3 template conjuncts.
[2020-06-17 21:11:41,192 INFO  L402   nArgumentSynthesizer]: We have 3 Motzkin's Theorem applications.
[2020-06-17 21:11:41,192 INFO  L403   nArgumentSynthesizer]: A total of 0 supporting invariants were added.
[2020-06-17 21:11:41,455 INFO  L530          LassoAnalysis]: Proving termination failed for this template and these settings.
[2020-06-17 21:11:41,467 INFO  L497          LassoAnalysis]: Using template 'lex(affine, affine)'.
No working directory specified, using /home/lixie/LassoRankerExp/LassoRankerExp/z3
Starting monitored process 9 with z3 -smt2 -in SMTLIB2_COMPLIANT=true (exit command is (exit), workingDir is null)
Waiting until toolchain timeout for monitored process 9 with z3 -smt2 -in SMTLIB2_COMPLIANT=true
[2020-06-17 21:11:41,469 INFO  L122   nArgumentSynthesizer]: Termination Analysis Settings:
Termination analysis: LINEAR_WITH_GUESSES
Number of strict supporting invariants: 1
Number of non-strict supporting invariants: 0
Consider only non-deceasing supporting invariants: true
Simplify termination arguments: true
Simplify supporting invariants: trueOverapproximate stem: false
[2020-06-17 21:11:41,470 WARN  L334   nArgumentSynthesizer]: Using a linear SMT query and a templates of degree > 0, hence this method is incomplete.
[2020-06-17 21:11:41,470 INFO  L339   nArgumentSynthesizer]: Template has degree 5.
[2020-06-17 21:11:41,471 INFO  L352   nArgumentSynthesizer]: There is no stem transition; disabling supporting invariant generation.
[2020-06-17 21:11:41,471 INFO  L205   nArgumentSynthesizer]: 1 stem disjuncts
[2020-06-17 21:11:41,471 INFO  L206   nArgumentSynthesizer]: 1 loop disjuncts
[2020-06-17 21:11:41,471 INFO  L207   nArgumentSynthesizer]: 4 template conjuncts.
[2020-06-17 21:11:41,475 INFO  L402   nArgumentSynthesizer]: We have 4 Motzkin's Theorem applications.
[2020-06-17 21:11:41,475 INFO  L403   nArgumentSynthesizer]: A total of 0 supporting invariants were added.
[2020-06-17 21:11:41,779 INFO  L530          LassoAnalysis]: Proving termination failed for this template and these settings.
[2020-06-17 21:11:41,791 INFO  L497          LassoAnalysis]: Using template '2-piece'.
No working directory specified, using /home/lixie/LassoRankerExp/LassoRankerExp/z3
Starting monitored process 10 with z3 -smt2 -in SMTLIB2_COMPLIANT=true (exit command is (exit), workingDir is null)
Waiting until toolchain timeout for monitored process 10 with z3 -smt2 -in SMTLIB2_COMPLIANT=true
[2020-06-17 21:11:41,793 INFO  L122   nArgumentSynthesizer]: Termination Analysis Settings:
Termination analysis: LINEAR_WITH_GUESSES
Number of strict supporting invariants: 1
Number of non-strict supporting invariants: 0
Consider only non-deceasing supporting invariants: true
Simplify termination arguments: true
Simplify supporting invariants: trueOverapproximate stem: false
[2020-06-17 21:11:41,794 WARN  L334   nArgumentSynthesizer]: Using a linear SMT query and a templates of degree > 0, hence this method is incomplete.
[2020-06-17 21:11:41,794 INFO  L339   nArgumentSynthesizer]: Template has degree 7.
[2020-06-17 21:11:41,794 INFO  L352   nArgumentSynthesizer]: There is no stem transition; disabling supporting invariant generation.
[2020-06-17 21:11:41,795 INFO  L205   nArgumentSynthesizer]: 1 stem disjuncts
[2020-06-17 21:11:41,795 INFO  L206   nArgumentSynthesizer]: 1 loop disjuncts
[2020-06-17 21:11:41,795 INFO  L207   nArgumentSynthesizer]: 7 template conjuncts.
[2020-06-17 21:11:41,821 INFO  L402   nArgumentSynthesizer]: We have 7 Motzkin's Theorem applications.
[2020-06-17 21:11:41,821 INFO  L403   nArgumentSynthesizer]: A total of 0 supporting invariants were added.
[2020-06-17 21:11:47,251 INFO  L530          LassoAnalysis]: Proving termination failed for this template and these settings.
[2020-06-17 21:11:47,264 INFO  L497          LassoAnalysis]: Using template '2-parallel'.
No working directory specified, using /home/lixie/LassoRankerExp/LassoRankerExp/z3
Starting monitored process 11 with z3 -smt2 -in SMTLIB2_COMPLIANT=true (exit command is (exit), workingDir is null)
Waiting until toolchain timeout for monitored process 11 with z3 -smt2 -in SMTLIB2_COMPLIANT=true
[2020-06-17 21:11:47,266 INFO  L122   nArgumentSynthesizer]: Termination Analysis Settings:
Termination analysis: LINEAR_WITH_GUESSES
Number of strict supporting invariants: 1
Number of non-strict supporting invariants: 0
Consider only non-deceasing supporting invariants: true
Simplify termination arguments: true
Simplify supporting invariants: trueOverapproximate stem: false
[2020-06-17 21:11:47,267 WARN  L334   nArgumentSynthesizer]: Using a linear SMT query and a templates of degree > 0, hence this method is incomplete.
[2020-06-17 21:11:47,268 INFO  L339   nArgumentSynthesizer]: Template has degree 4.
[2020-06-17 21:11:47,268 INFO  L352   nArgumentSynthesizer]: There is no stem transition; disabling supporting invariant generation.
[2020-06-17 21:11:47,268 INFO  L205   nArgumentSynthesizer]: 1 stem disjuncts
[2020-06-17 21:11:47,268 INFO  L206   nArgumentSynthesizer]: 1 loop disjuncts
[2020-06-17 21:11:47,268 INFO  L207   nArgumentSynthesizer]: 6 template conjuncts.
[2020-06-17 21:11:47,280 INFO  L402   nArgumentSynthesizer]: We have 6 Motzkin's Theorem applications.
[2020-06-17 21:11:47,280 INFO  L403   nArgumentSynthesizer]: A total of 0 supporting invariants were added.
[2020-06-17 21:11:47,793 INFO  L530          LassoAnalysis]: Proving termination failed for this template and these settings.
[2020-06-17 21:11:47,807 INFO  L489     LassoRankerStarter]: LassoRanker could not prove termination or nontermination of the given linear lasso program.
Templates: AffineTemplate NestedTemplate NestedTemplate NestedTemplate MultiphaseTemplate ComposedLexicographicTemplate PiecewiseTemplate ParallelTemplate
[2020-06-17 21:11:47,807 INFO  L132        PluginConnector]: ------------------------ END LassoRanker----------------------------
[2020-06-17 21:11:47,808 INFO  L168              Benchmark]: Toolchain (without parser) took 7140.96 ms. Allocated memory was 514.9 MB in the beginning and 529.0 MB in the end (delta: 14.2 MB). Free memory was 472.9 MB in the beginning and 492.7 MB in the end (delta: -19.8 MB). Peak memory consumption was 121.5 MB. Max. memory is 11.5 GB.
[2020-06-17 21:11:47,809 INFO  L168              Benchmark]: Boogie PL CUP Parser took 0.10 ms. Allocated memory is still 514.9 MB. Free memory is still 474.4 MB. There was no memory consumed. Max. memory is 11.5 GB.
[2020-06-17 21:11:47,809 INFO  L168              Benchmark]: Boogie Preprocessor took 23.44 ms. Allocated memory is still 514.9 MB. Free memory was 471.5 MB in the beginning and 470.2 MB in the end (delta: 1.3 MB). Peak memory consumption was 1.3 MB. Max. memory is 11.5 GB.
[2020-06-17 21:11:47,810 INFO  L168              Benchmark]: RCFGBuilder took 102.87 ms. Allocated memory is still 514.9 MB. Free memory was 470.2 MB in the beginning and 460.7 MB in the end (delta: 9.4 MB). Peak memory consumption was 9.4 MB. Max. memory is 11.5 GB.
[2020-06-17 21:11:47,810 INFO  L168              Benchmark]: LassoRanker took 7005.95 ms. Allocated memory was 514.9 MB in the beginning and 529.0 MB in the end (delta: 14.2 MB). Free memory was 459.4 MB in the beginning and 492.7 MB in the end (delta: -33.3 MB). Peak memory consumption was 108.0 MB. Max. memory is 11.5 GB.
[2020-06-17 21:11:47,812 INFO  L336   ainManager$Toolchain]: #######################  End [Toolchain 1] #######################
 --- Results ---
 * Results from de.uni_freiburg.informatik.ultimate.core:
  - StatisticsResult: Toolchain Benchmarks
    Benchmark results are:
 * Boogie PL CUP Parser took 0.10 ms. Allocated memory is still 514.9 MB. Free memory is still 474.4 MB. There was no memory consumed. Max. memory is 11.5 GB.
 * Boogie Preprocessor took 23.44 ms. Allocated memory is still 514.9 MB. Free memory was 471.5 MB in the beginning and 470.2 MB in the end (delta: 1.3 MB). Peak memory consumption was 1.3 MB. Max. memory is 11.5 GB.
 * RCFGBuilder took 102.87 ms. Allocated memory is still 514.9 MB. Free memory was 470.2 MB in the beginning and 460.7 MB in the end (delta: 9.4 MB). Peak memory consumption was 9.4 MB. Max. memory is 11.5 GB.
 * LassoRanker took 7005.95 ms. Allocated memory was 514.9 MB in the beginning and 529.0 MB in the end (delta: 14.2 MB). Free memory was 459.4 MB in the beginning and 492.7 MB in the end (delta: -33.3 MB). Peak memory consumption was 108.0 MB. Max. memory is 11.5 GB.
 * Results from de.uni_freiburg.informatik.ultimate.plugins.analysis.lassoranker:
  - NoResult [Line: 7]: LassoRanker could not prove termination
    LassoRanker could not prove termination or nontermination of the given linear lasso program.
Templates: AffineTemplate NestedTemplate NestedTemplate NestedTemplate MultiphaseTemplate ComposedLexicographicTemplate PiecewiseTemplate ParallelTemplate
RESULT: Ultimate could not prove your program: Toolchain returned no result.
Received shutdown request...
Ultimate:
GTK+ Version Check
