This is Ultimate 0.1.24-16d85fa
[2020-06-17 21:11:49,098 INFO  L170        SettingsManager]: Resetting all preferences to default values...
[2020-06-17 21:11:49,099 INFO  L174        SettingsManager]: Resetting UltimateCore preferences to default values
[2020-06-17 21:11:49,109 INFO  L177        SettingsManager]: Ultimate Commandline Interface provides no preferences, ignoring...
[2020-06-17 21:11:49,109 INFO  L174        SettingsManager]: Resetting Boogie Preprocessor preferences to default values
[2020-06-17 21:11:49,110 INFO  L174        SettingsManager]: Resetting Boogie Procedure Inliner preferences to default values
[2020-06-17 21:11:49,111 INFO  L174        SettingsManager]: Resetting Abstract Interpretation preferences to default values
[2020-06-17 21:11:49,112 INFO  L174        SettingsManager]: Resetting LassoRanker preferences to default values
[2020-06-17 21:11:49,113 INFO  L174        SettingsManager]: Resetting Reaching Definitions preferences to default values
[2020-06-17 21:11:49,113 INFO  L174        SettingsManager]: Resetting SyntaxChecker preferences to default values
[2020-06-17 21:11:49,114 INFO  L177        SettingsManager]: Büchi Program Product provides no preferences, ignoring...
[2020-06-17 21:11:49,114 INFO  L174        SettingsManager]: Resetting LTL2Aut preferences to default values
[2020-06-17 21:11:49,115 INFO  L174        SettingsManager]: Resetting PEA to Boogie preferences to default values
[2020-06-17 21:11:49,115 INFO  L174        SettingsManager]: Resetting BlockEncodingV2 preferences to default values
[2020-06-17 21:11:49,116 INFO  L174        SettingsManager]: Resetting ChcToBoogie preferences to default values
[2020-06-17 21:11:49,116 INFO  L174        SettingsManager]: Resetting AutomataScriptInterpreter preferences to default values
[2020-06-17 21:11:49,117 INFO  L174        SettingsManager]: Resetting BuchiAutomizer preferences to default values
[2020-06-17 21:11:49,118 INFO  L174        SettingsManager]: Resetting CACSL2BoogieTranslator preferences to default values
[2020-06-17 21:11:49,119 INFO  L174        SettingsManager]: Resetting CodeCheck preferences to default values
[2020-06-17 21:11:49,120 INFO  L174        SettingsManager]: Resetting InvariantSynthesis preferences to default values
[2020-06-17 21:11:49,120 INFO  L174        SettingsManager]: Resetting RCFGBuilder preferences to default values
[2020-06-17 21:11:49,121 INFO  L174        SettingsManager]: Resetting TraceAbstraction preferences to default values
[2020-06-17 21:11:49,123 INFO  L177        SettingsManager]: TraceAbstractionConcurrent provides no preferences, ignoring...
[2020-06-17 21:11:49,123 INFO  L177        SettingsManager]: TraceAbstractionWithAFAs provides no preferences, ignoring...
[2020-06-17 21:11:49,123 INFO  L174        SettingsManager]: Resetting TreeAutomizer preferences to default values
[2020-06-17 21:11:49,124 INFO  L174        SettingsManager]: Resetting IcfgTransformer preferences to default values
[2020-06-17 21:11:49,124 INFO  L174        SettingsManager]: Resetting Boogie Printer preferences to default values
[2020-06-17 21:11:49,125 INFO  L174        SettingsManager]: Resetting ReqPrinter preferences to default values
[2020-06-17 21:11:49,125 INFO  L174        SettingsManager]: Resetting Witness Printer preferences to default values
[2020-06-17 21:11:49,126 INFO  L177        SettingsManager]: Boogie PL CUP Parser provides no preferences, ignoring...
[2020-06-17 21:11:49,126 INFO  L174        SettingsManager]: Resetting CDTParser preferences to default values
[2020-06-17 21:11:49,126 INFO  L177        SettingsManager]: AutomataScriptParser provides no preferences, ignoring...
[2020-06-17 21:11:49,127 INFO  L177        SettingsManager]: ReqParser provides no preferences, ignoring...
[2020-06-17 21:11:49,127 INFO  L174        SettingsManager]: Resetting SmtParser preferences to default values
[2020-06-17 21:11:49,127 INFO  L174        SettingsManager]: Resetting Witness Parser preferences to default values
[2020-06-17 21:11:49,128 INFO  L181        SettingsManager]: Finished resetting all preferences to default values...
[2020-06-17 21:11:49,143 INFO  L81    nceAwareModelManager]: Repository-Root is: /tmp
[2020-06-17 21:11:49,150 INFO  L258   ainManager$Toolchain]: [Toolchain 1]: Applicable parser(s) successfully (re)initialized
[2020-06-17 21:11:49,153 INFO  L214   ainManager$Toolchain]: [Toolchain 1]: Toolchain selected.
[2020-06-17 21:11:49,153 INFO  L271        PluginConnector]: Initializing Boogie PL CUP Parser...
[2020-06-17 21:11:49,154 INFO  L276        PluginConnector]: Boogie PL CUP Parser initialized
[2020-06-17 21:11:49,154 INFO  L418   ainManager$Toolchain]: [Toolchain 1]: Parsing single file: /home/lixie/LassoRankerExp/LassoRankerExp/./Program_non/108.bpl
[2020-06-17 21:11:49,154 INFO  L111           BoogieParser]: Parsing: '/home/lixie/LassoRankerExp/LassoRankerExp/./Program_non/108.bpl'
[2020-06-17 21:11:49,173 INFO  L296   ainManager$Toolchain]: ####################### [Toolchain 1] #######################
[2020-06-17 21:11:49,180 INFO  L131        ToolchainWalker]: Walking toolchain with 3 elements.
[2020-06-17 21:11:49,180 INFO  L113        PluginConnector]: ------------------------Boogie Preprocessor----------------------------
[2020-06-17 21:11:49,180 INFO  L271        PluginConnector]: Initializing Boogie Preprocessor...
[2020-06-17 21:11:49,180 INFO  L276        PluginConnector]: Boogie Preprocessor initialized
[2020-06-17 21:11:49,195 INFO  L185        PluginConnector]: Executing the observer EnsureBoogieModelObserver from plugin Boogie Preprocessor for "108.bpl de.uni_freiburg.informatik.ultimate.boogie.parser AST 17.06 09:11:49" (1/1) ...
[2020-06-17 21:11:49,195 INFO  L185        PluginConnector]: Executing the observer TypeChecker from plugin Boogie Preprocessor for "108.bpl de.uni_freiburg.informatik.ultimate.boogie.parser AST 17.06 09:11:49" (1/1) ...
[2020-06-17 21:11:49,199 INFO  L185        PluginConnector]: Executing the observer ConstExpander from plugin Boogie Preprocessor for "108.bpl de.uni_freiburg.informatik.ultimate.boogie.parser AST 17.06 09:11:49" (1/1) ...
[2020-06-17 21:11:49,200 INFO  L185        PluginConnector]: Executing the observer StructExpander from plugin Boogie Preprocessor for "108.bpl de.uni_freiburg.informatik.ultimate.boogie.parser AST 17.06 09:11:49" (1/1) ...
[2020-06-17 21:11:49,201 INFO  L185        PluginConnector]: Executing the observer UnstructureCode from plugin Boogie Preprocessor for "108.bpl de.uni_freiburg.informatik.ultimate.boogie.parser AST 17.06 09:11:49" (1/1) ...
[2020-06-17 21:11:49,203 INFO  L185        PluginConnector]: Executing the observer FunctionInliner from plugin Boogie Preprocessor for "108.bpl de.uni_freiburg.informatik.ultimate.boogie.parser AST 17.06 09:11:49" (1/1) ...
[2020-06-17 21:11:49,204 INFO  L185        PluginConnector]: Executing the observer BoogieSymbolTableConstructor from plugin Boogie Preprocessor for "108.bpl de.uni_freiburg.informatik.ultimate.boogie.parser AST 17.06 09:11:49" (1/1) ...
[2020-06-17 21:11:49,205 INFO  L132        PluginConnector]: ------------------------ END Boogie Preprocessor----------------------------
[2020-06-17 21:11:49,205 INFO  L113        PluginConnector]: ------------------------RCFGBuilder----------------------------
[2020-06-17 21:11:49,205 INFO  L271        PluginConnector]: Initializing RCFGBuilder...
[2020-06-17 21:11:49,205 INFO  L276        PluginConnector]: RCFGBuilder initialized
[2020-06-17 21:11:49,206 INFO  L185        PluginConnector]: Executing the observer RCFGBuilderObserver from plugin RCFGBuilder for "108.bpl de.uni_freiburg.informatik.ultimate.boogie.parser AST 17.06 09:11:49" (1/1) ...
No working directory specified, using /home/lixie/LassoRankerExp/LassoRankerExp/z3
Starting monitored process 1 with z3 SMTLIB2_COMPLIANT=true -memory:1024 -smt2 -in -t:12000 (exit command is (exit), workingDir is null)
Waiting until toolchain timeout for monitored process 1 with z3 SMTLIB2_COMPLIANT=true -memory:1024 -smt2 -in -t:12000
[2020-06-17 21:11:49,241 INFO  L124     BoogieDeclarations]: Specification and implementation of procedure main given in one single declaration
[2020-06-17 21:11:49,241 INFO  L130     BoogieDeclarations]: Found specification of procedure main
[2020-06-17 21:11:49,242 INFO  L138     BoogieDeclarations]: Found implementation of procedure main
[2020-06-17 21:11:49,311 INFO  L278             CfgBuilder]: Using library mode
[2020-06-17 21:11:49,312 INFO  L286             CfgBuilder]: Removed 0 assue(true) statements.
[2020-06-17 21:11:49,312 INFO  L202        PluginConnector]: Adding new model 108.bpl de.uni_freiburg.informatik.ultimate.plugins.generator.rcfgbuilder CFG 17.06 09:11:49 BoogieIcfgContainer
[2020-06-17 21:11:49,312 INFO  L132        PluginConnector]: ------------------------ END RCFGBuilder----------------------------
[2020-06-17 21:11:49,313 INFO  L113        PluginConnector]: ------------------------LassoRanker----------------------------
[2020-06-17 21:11:49,313 INFO  L271        PluginConnector]: Initializing LassoRanker...
[2020-06-17 21:11:49,313 INFO  L276        PluginConnector]: LassoRanker initialized
[2020-06-17 21:11:49,313 INFO  L185        PluginConnector]: Executing the observer LassoRankerObserver from plugin LassoRanker for "108.bpl de.uni_freiburg.informatik.ultimate.plugins.generator.rcfgbuilder CFG 17.06 09:11:49" (1/1) ...
[2020-06-17 21:11:49,331 INFO  L72            BuchiIsEmpty]: Start buchiIsEmpty. Operand 2 states.
[2020-06-17 21:11:49,344 INFO  L131   ngComponentsAnalysis]: Automaton has 1 accepting balls. 1
[2020-06-17 21:11:49,344 INFO  L87            BuchiIsEmpty]: Finished buchiIsEmpty Result is false
[2020-06-17 21:11:49,345 INFO  L119           BuchiIsEmpty]: Starting construction of run
[2020-06-17 21:11:49,349 INFO  L104     BuchiDifferenceFKV]: Start buchiDifferenceFKV. First operand 2 states. Second operand 1 states.
[2020-06-17 21:11:49,356 INFO  L108     BuchiDifferenceFKV]: Finished buchiDifferenceFKV. First operand 2 states. Second operand 1 states. Result 3 states and 4 transitions. Complement of second has 2 states 2 powerset states0 rank states. The highest rank that occured is -1
[2020-06-17 21:11:49,356 INFO  L72            BuchiIsEmpty]: Start buchiIsEmpty. Operand 3 states and 4 transitions.
[2020-06-17 21:11:49,357 INFO  L131   ngComponentsAnalysis]: Automaton has 0 accepting balls. 0
[2020-06-17 21:11:49,357 INFO  L87            BuchiIsEmpty]: Finished buchiIsEmpty Result is true
[2020-06-17 21:11:49,399 INFO  L216          LassoAnalysis]: Preferences:
[2020-06-17 21:11:49,400 INFO  L124   ssoRankerPreferences]: Compute integeral hull: false
[2020-06-17 21:11:49,400 INFO  L125   ssoRankerPreferences]: Enable LassoPartitioneer: true
[2020-06-17 21:11:49,401 INFO  L126   ssoRankerPreferences]: Term annotations enabled: false
[2020-06-17 21:11:49,401 INFO  L127   ssoRankerPreferences]: Use exernal solver: true
[2020-06-17 21:11:49,401 INFO  L128   ssoRankerPreferences]: SMT solver command: z3 -smt2 -in SMTLIB2_COMPLIANT=true
[2020-06-17 21:11:49,401 INFO  L129   ssoRankerPreferences]: Dump SMT script to file: false
[2020-06-17 21:11:49,401 INFO  L130   ssoRankerPreferences]: Path of dumped script: .
[2020-06-17 21:11:49,401 INFO  L131   ssoRankerPreferences]: Filename of dumped script: LassoRankerScript
[2020-06-17 21:11:49,401 INFO  L132   ssoRankerPreferences]: MapElimAlgo: Frank
[2020-06-17 21:11:49,401 INFO  L282          LassoAnalysis]: Starting lasso preprocessing...
[2020-06-17 21:11:49,415 INFO  L141          MapEliminator]: Using MapEliminator with SimplificationTechnique=SIMPLIFY_DDA XnfConversionTechnique=BOTTOM_UP_WITH_LOCAL_SIMPLIFICATION AddInequalities=false OnlyTrivialImplicationsArrayWrite=false OnlyTrivialImplicationsForModifiedArguments=true OnlyArgumentsInFormula=true
[2020-06-17 21:11:49,477 INFO  L300          LassoAnalysis]: Preprocessing complete.
[2020-06-17 21:11:49,478 INFO  L412          LassoAnalysis]: Checking for nontermination...
No working directory specified, using /home/lixie/LassoRankerExp/LassoRankerExp/z3
Starting monitored process 2 with z3 -smt2 -in SMTLIB2_COMPLIANT=true (exit command is (exit), workingDir is null)
Waiting until toolchain timeout for monitored process 2 with z3 -smt2 -in SMTLIB2_COMPLIANT=true
[2020-06-17 21:11:49,481 INFO  L151   nArgumentSynthesizer]: Nontermination analysis: LINEAR_WITH_GUESSES Allow bounded executions: true Number of generalized eigenvectors: 0 Nilpotent components: true
No working directory specified, using /home/lixie/LassoRankerExp/LassoRankerExp/z3
Starting monitored process 3 with z3 -smt2 -in SMTLIB2_COMPLIANT=true (exit command is (exit), workingDir is null)
Waiting until toolchain timeout for monitored process 3 with z3 -smt2 -in SMTLIB2_COMPLIANT=true
[2020-06-17 21:11:49,499 INFO  L151   nArgumentSynthesizer]: Nontermination analysis: LINEAR_WITH_GUESSES Allow bounded executions: true Number of generalized eigenvectors: 3 Nilpotent components: true
[2020-06-17 21:11:49,514 INFO  L452          LassoAnalysis]: Proving nontermination failed: No geometric nontermination argument exists.
[2020-06-17 21:11:49,527 INFO  L216          LassoAnalysis]: Preferences:
[2020-06-17 21:11:49,527 INFO  L124   ssoRankerPreferences]: Compute integeral hull: false
[2020-06-17 21:11:49,527 INFO  L125   ssoRankerPreferences]: Enable LassoPartitioneer: true
[2020-06-17 21:11:49,527 INFO  L126   ssoRankerPreferences]: Term annotations enabled: false
[2020-06-17 21:11:49,527 INFO  L127   ssoRankerPreferences]: Use exernal solver: true
[2020-06-17 21:11:49,527 INFO  L128   ssoRankerPreferences]: SMT solver command: z3 -smt2 -in SMTLIB2_COMPLIANT=true
[2020-06-17 21:11:49,527 INFO  L129   ssoRankerPreferences]: Dump SMT script to file: false
[2020-06-17 21:11:49,528 INFO  L130   ssoRankerPreferences]: Path of dumped script: .
[2020-06-17 21:11:49,528 INFO  L131   ssoRankerPreferences]: Filename of dumped script: LassoRankerScript
[2020-06-17 21:11:49,528 INFO  L132   ssoRankerPreferences]: MapElimAlgo: Frank
[2020-06-17 21:11:49,528 INFO  L282          LassoAnalysis]: Starting lasso preprocessing...
[2020-06-17 21:11:49,529 INFO  L141          MapEliminator]: Using MapEliminator with SimplificationTechnique=SIMPLIFY_DDA XnfConversionTechnique=BOTTOM_UP_WITH_LOCAL_SIMPLIFICATION AddInequalities=false OnlyTrivialImplicationsArrayWrite=false OnlyTrivialImplicationsForModifiedArguments=true OnlyArgumentsInFormula=true
[2020-06-17 21:11:49,559 INFO  L300          LassoAnalysis]: Preprocessing complete.
[2020-06-17 21:11:49,563 INFO  L497          LassoAnalysis]: Using template 'affine'.
No working directory specified, using /home/lixie/LassoRankerExp/LassoRankerExp/z3
Starting monitored process 4 with z3 -smt2 -in SMTLIB2_COMPLIANT=true (exit command is (exit), workingDir is null)
Waiting until toolchain timeout for monitored process 4 with z3 -smt2 -in SMTLIB2_COMPLIANT=true
[2020-06-17 21:11:49,565 INFO  L122   nArgumentSynthesizer]: Termination Analysis Settings:
Termination analysis: LINEAR_WITH_GUESSES
Number of strict supporting invariants: 1
Number of non-strict supporting invariants: 0
Consider only non-deceasing supporting invariants: true
Simplify termination arguments: true
Simplify supporting invariants: trueOverapproximate stem: false
[2020-06-17 21:11:49,567 INFO  L339   nArgumentSynthesizer]: Template has degree 0.
[2020-06-17 21:11:49,567 INFO  L352   nArgumentSynthesizer]: There is no stem transition; disabling supporting invariant generation.
[2020-06-17 21:11:49,567 INFO  L205   nArgumentSynthesizer]: 1 stem disjuncts
[2020-06-17 21:11:49,567 INFO  L206   nArgumentSynthesizer]: 1 loop disjuncts
[2020-06-17 21:11:49,567 INFO  L207   nArgumentSynthesizer]: 2 template conjuncts.
[2020-06-17 21:11:49,570 INFO  L402   nArgumentSynthesizer]: We have 2 Motzkin's Theorem applications.
[2020-06-17 21:11:49,570 INFO  L403   nArgumentSynthesizer]: A total of 0 supporting invariants were added.
[2020-06-17 21:11:49,572 INFO  L530          LassoAnalysis]: Proving termination failed for this template and these settings.
[2020-06-17 21:11:49,585 INFO  L497          LassoAnalysis]: Using template '2-nested'.
No working directory specified, using /home/lixie/LassoRankerExp/LassoRankerExp/z3
Starting monitored process 5 with z3 -smt2 -in SMTLIB2_COMPLIANT=true (exit command is (exit), workingDir is null)
Waiting until toolchain timeout for monitored process 5 with z3 -smt2 -in SMTLIB2_COMPLIANT=true
[2020-06-17 21:11:49,587 INFO  L122   nArgumentSynthesizer]: Termination Analysis Settings:
Termination analysis: LINEAR_WITH_GUESSES
Number of strict supporting invariants: 1
Number of non-strict supporting invariants: 0
Consider only non-deceasing supporting invariants: true
Simplify termination arguments: true
Simplify supporting invariants: trueOverapproximate stem: false
[2020-06-17 21:11:49,588 INFO  L339   nArgumentSynthesizer]: Template has degree 0.
[2020-06-17 21:11:49,588 INFO  L352   nArgumentSynthesizer]: There is no stem transition; disabling supporting invariant generation.
[2020-06-17 21:11:49,588 INFO  L205   nArgumentSynthesizer]: 1 stem disjuncts
[2020-06-17 21:11:49,589 INFO  L206   nArgumentSynthesizer]: 1 loop disjuncts
[2020-06-17 21:11:49,589 INFO  L207   nArgumentSynthesizer]: 3 template conjuncts.
[2020-06-17 21:11:49,591 INFO  L402   nArgumentSynthesizer]: We have 3 Motzkin's Theorem applications.
[2020-06-17 21:11:49,591 INFO  L403   nArgumentSynthesizer]: A total of 0 supporting invariants were added.
[2020-06-17 21:11:49,595 INFO  L530          LassoAnalysis]: Proving termination failed for this template and these settings.
[2020-06-17 21:11:49,607 INFO  L497          LassoAnalysis]: Using template '3-nested'.
No working directory specified, using /home/lixie/LassoRankerExp/LassoRankerExp/z3
Starting monitored process 6 with z3 -smt2 -in SMTLIB2_COMPLIANT=true (exit command is (exit), workingDir is null)
Waiting until toolchain timeout for monitored process 6 with z3 -smt2 -in SMTLIB2_COMPLIANT=true
[2020-06-17 21:11:49,609 INFO  L122   nArgumentSynthesizer]: Termination Analysis Settings:
Termination analysis: LINEAR_WITH_GUESSES
Number of strict supporting invariants: 1
Number of non-strict supporting invariants: 0
Consider only non-deceasing supporting invariants: true
Simplify termination arguments: true
Simplify supporting invariants: trueOverapproximate stem: false
[2020-06-17 21:11:49,611 INFO  L339   nArgumentSynthesizer]: Template has degree 0.
[2020-06-17 21:11:49,611 INFO  L352   nArgumentSynthesizer]: There is no stem transition; disabling supporting invariant generation.
[2020-06-17 21:11:49,611 INFO  L205   nArgumentSynthesizer]: 1 stem disjuncts
[2020-06-17 21:11:49,611 INFO  L206   nArgumentSynthesizer]: 1 loop disjuncts
[2020-06-17 21:11:49,611 INFO  L207   nArgumentSynthesizer]: 4 template conjuncts.
[2020-06-17 21:11:49,613 INFO  L402   nArgumentSynthesizer]: We have 4 Motzkin's Theorem applications.
[2020-06-17 21:11:49,613 INFO  L403   nArgumentSynthesizer]: A total of 0 supporting invariants were added.
[2020-06-17 21:11:49,617 INFO  L530          LassoAnalysis]: Proving termination failed for this template and these settings.
[2020-06-17 21:11:49,629 INFO  L497          LassoAnalysis]: Using template '4-nested'.
No working directory specified, using /home/lixie/LassoRankerExp/LassoRankerExp/z3
Starting monitored process 7 with z3 -smt2 -in SMTLIB2_COMPLIANT=true (exit command is (exit), workingDir is null)
Waiting until toolchain timeout for monitored process 7 with z3 -smt2 -in SMTLIB2_COMPLIANT=true
[2020-06-17 21:11:49,631 INFO  L122   nArgumentSynthesizer]: Termination Analysis Settings:
Termination analysis: LINEAR_WITH_GUESSES
Number of strict supporting invariants: 1
Number of non-strict supporting invariants: 0
Consider only non-deceasing supporting invariants: true
Simplify termination arguments: true
Simplify supporting invariants: trueOverapproximate stem: false
[2020-06-17 21:11:49,633 INFO  L339   nArgumentSynthesizer]: Template has degree 0.
[2020-06-17 21:11:49,633 INFO  L352   nArgumentSynthesizer]: There is no stem transition; disabling supporting invariant generation.
[2020-06-17 21:11:49,633 INFO  L205   nArgumentSynthesizer]: 1 stem disjuncts
[2020-06-17 21:11:49,633 INFO  L206   nArgumentSynthesizer]: 1 loop disjuncts
[2020-06-17 21:11:49,633 INFO  L207   nArgumentSynthesizer]: 5 template conjuncts.
[2020-06-17 21:11:49,636 INFO  L402   nArgumentSynthesizer]: We have 5 Motzkin's Theorem applications.
[2020-06-17 21:11:49,636 INFO  L403   nArgumentSynthesizer]: A total of 0 supporting invariants were added.
[2020-06-17 21:11:49,642 INFO  L530          LassoAnalysis]: Proving termination failed for this template and these settings.
[2020-06-17 21:11:49,655 INFO  L497          LassoAnalysis]: Using template '2-phase'.
No working directory specified, using /home/lixie/LassoRankerExp/LassoRankerExp/z3
Starting monitored process 8 with z3 -smt2 -in SMTLIB2_COMPLIANT=true (exit command is (exit), workingDir is null)
Waiting until toolchain timeout for monitored process 8 with z3 -smt2 -in SMTLIB2_COMPLIANT=true
[2020-06-17 21:11:49,657 INFO  L122   nArgumentSynthesizer]: Termination Analysis Settings:
Termination analysis: LINEAR_WITH_GUESSES
Number of strict supporting invariants: 1
Number of non-strict supporting invariants: 0
Consider only non-deceasing supporting invariants: true
Simplify termination arguments: true
Simplify supporting invariants: trueOverapproximate stem: false
[2020-06-17 21:11:49,658 WARN  L334   nArgumentSynthesizer]: Using a linear SMT query and a templates of degree > 0, hence this method is incomplete.
[2020-06-17 21:11:49,659 INFO  L339   nArgumentSynthesizer]: Template has degree 1.
[2020-06-17 21:11:49,659 INFO  L352   nArgumentSynthesizer]: There is no stem transition; disabling supporting invariant generation.
[2020-06-17 21:11:49,659 INFO  L205   nArgumentSynthesizer]: 1 stem disjuncts
[2020-06-17 21:11:49,659 INFO  L206   nArgumentSynthesizer]: 1 loop disjuncts
[2020-06-17 21:11:49,659 INFO  L207   nArgumentSynthesizer]: 3 template conjuncts.
[2020-06-17 21:11:49,666 INFO  L402   nArgumentSynthesizer]: We have 3 Motzkin's Theorem applications.
[2020-06-17 21:11:49,667 INFO  L403   nArgumentSynthesizer]: A total of 0 supporting invariants were added.
[2020-06-17 21:11:49,758 INFO  L530          LassoAnalysis]: Proving termination failed for this template and these settings.
[2020-06-17 21:11:49,770 INFO  L497          LassoAnalysis]: Using template 'lex(affine, affine)'.
No working directory specified, using /home/lixie/LassoRankerExp/LassoRankerExp/z3
Starting monitored process 9 with z3 -smt2 -in SMTLIB2_COMPLIANT=true (exit command is (exit), workingDir is null)
Waiting until toolchain timeout for monitored process 9 with z3 -smt2 -in SMTLIB2_COMPLIANT=true
[2020-06-17 21:11:49,772 INFO  L122   nArgumentSynthesizer]: Termination Analysis Settings:
Termination analysis: LINEAR_WITH_GUESSES
Number of strict supporting invariants: 1
Number of non-strict supporting invariants: 0
Consider only non-deceasing supporting invariants: true
Simplify termination arguments: true
Simplify supporting invariants: trueOverapproximate stem: false
[2020-06-17 21:11:49,775 WARN  L334   nArgumentSynthesizer]: Using a linear SMT query and a templates of degree > 0, hence this method is incomplete.
[2020-06-17 21:11:49,775 INFO  L339   nArgumentSynthesizer]: Template has degree 5.
[2020-06-17 21:11:49,775 INFO  L352   nArgumentSynthesizer]: There is no stem transition; disabling supporting invariant generation.
[2020-06-17 21:11:49,775 INFO  L205   nArgumentSynthesizer]: 1 stem disjuncts
[2020-06-17 21:11:49,775 INFO  L206   nArgumentSynthesizer]: 1 loop disjuncts
[2020-06-17 21:11:49,776 INFO  L207   nArgumentSynthesizer]: 4 template conjuncts.
[2020-06-17 21:11:49,780 INFO  L402   nArgumentSynthesizer]: We have 4 Motzkin's Theorem applications.
[2020-06-17 21:11:49,780 INFO  L403   nArgumentSynthesizer]: A total of 0 supporting invariants were added.
[2020-06-17 21:11:49,847 INFO  L530          LassoAnalysis]: Proving termination failed for this template and these settings.
[2020-06-17 21:11:49,859 INFO  L497          LassoAnalysis]: Using template '2-piece'.
No working directory specified, using /home/lixie/LassoRankerExp/LassoRankerExp/z3
Starting monitored process 10 with z3 -smt2 -in SMTLIB2_COMPLIANT=true (exit command is (exit), workingDir is null)
Waiting until toolchain timeout for monitored process 10 with z3 -smt2 -in SMTLIB2_COMPLIANT=true
[2020-06-17 21:11:49,861 INFO  L122   nArgumentSynthesizer]: Termination Analysis Settings:
Termination analysis: LINEAR_WITH_GUESSES
Number of strict supporting invariants: 1
Number of non-strict supporting invariants: 0
Consider only non-deceasing supporting invariants: true
Simplify termination arguments: true
Simplify supporting invariants: trueOverapproximate stem: false
[2020-06-17 21:11:49,862 WARN  L334   nArgumentSynthesizer]: Using a linear SMT query and a templates of degree > 0, hence this method is incomplete.
[2020-06-17 21:11:49,862 INFO  L339   nArgumentSynthesizer]: Template has degree 7.
[2020-06-17 21:11:49,862 INFO  L352   nArgumentSynthesizer]: There is no stem transition; disabling supporting invariant generation.
[2020-06-17 21:11:49,862 INFO  L205   nArgumentSynthesizer]: 1 stem disjuncts
[2020-06-17 21:11:49,863 INFO  L206   nArgumentSynthesizer]: 1 loop disjuncts
[2020-06-17 21:11:49,863 INFO  L207   nArgumentSynthesizer]: 7 template conjuncts.
[2020-06-17 21:11:49,877 INFO  L402   nArgumentSynthesizer]: We have 7 Motzkin's Theorem applications.
[2020-06-17 21:11:49,877 INFO  L403   nArgumentSynthesizer]: A total of 0 supporting invariants were added.
[2020-06-17 21:11:52,896 INFO  L530          LassoAnalysis]: Proving termination failed for this template and these settings.
[2020-06-17 21:11:52,909 INFO  L497          LassoAnalysis]: Using template '2-parallel'.
No working directory specified, using /home/lixie/LassoRankerExp/LassoRankerExp/z3
Starting monitored process 11 with z3 -smt2 -in SMTLIB2_COMPLIANT=true (exit command is (exit), workingDir is null)
Waiting until toolchain timeout for monitored process 11 with z3 -smt2 -in SMTLIB2_COMPLIANT=true
[2020-06-17 21:11:52,911 INFO  L122   nArgumentSynthesizer]: Termination Analysis Settings:
Termination analysis: LINEAR_WITH_GUESSES
Number of strict supporting invariants: 1
Number of non-strict supporting invariants: 0
Consider only non-deceasing supporting invariants: true
Simplify termination arguments: true
Simplify supporting invariants: trueOverapproximate stem: false
[2020-06-17 21:11:52,912 WARN  L334   nArgumentSynthesizer]: Using a linear SMT query and a templates of degree > 0, hence this method is incomplete.
[2020-06-17 21:11:52,912 INFO  L339   nArgumentSynthesizer]: Template has degree 4.
[2020-06-17 21:11:52,912 INFO  L352   nArgumentSynthesizer]: There is no stem transition; disabling supporting invariant generation.
[2020-06-17 21:11:52,913 INFO  L205   nArgumentSynthesizer]: 1 stem disjuncts
[2020-06-17 21:11:52,913 INFO  L206   nArgumentSynthesizer]: 1 loop disjuncts
[2020-06-17 21:11:52,913 INFO  L207   nArgumentSynthesizer]: 6 template conjuncts.
[2020-06-17 21:11:52,917 INFO  L402   nArgumentSynthesizer]: We have 6 Motzkin's Theorem applications.
[2020-06-17 21:11:52,917 INFO  L403   nArgumentSynthesizer]: A total of 0 supporting invariants were added.
[2020-06-17 21:11:53,015 INFO  L530          LassoAnalysis]: Proving termination failed for this template and these settings.
[2020-06-17 21:11:53,029 INFO  L489     LassoRankerStarter]: LassoRanker could not prove termination or nontermination of the given linear lasso program.
Templates: AffineTemplate NestedTemplate NestedTemplate NestedTemplate MultiphaseTemplate ComposedLexicographicTemplate PiecewiseTemplate ParallelTemplate
[2020-06-17 21:11:53,029 INFO  L132        PluginConnector]: ------------------------ END LassoRanker----------------------------
[2020-06-17 21:11:53,030 INFO  L168              Benchmark]: Toolchain (without parser) took 3856.87 ms. Allocated memory is still 514.9 MB. Free memory was 472.9 MB in the beginning and 371.9 MB in the end (delta: 101.0 MB). Peak memory consumption was 101.0 MB. Max. memory is 11.5 GB.
[2020-06-17 21:11:53,031 INFO  L168              Benchmark]: Boogie PL CUP Parser took 0.11 ms. Allocated memory is still 514.9 MB. Free memory is still 474.4 MB. There was no memory consumed. Max. memory is 11.5 GB.
[2020-06-17 21:11:53,031 INFO  L168              Benchmark]: Boogie Preprocessor took 24.69 ms. Allocated memory is still 514.9 MB. Free memory was 471.5 MB in the beginning and 470.2 MB in the end (delta: 1.3 MB). Peak memory consumption was 1.3 MB. Max. memory is 11.5 GB.
[2020-06-17 21:11:53,032 INFO  L168              Benchmark]: RCFGBuilder took 107.45 ms. Allocated memory is still 514.9 MB. Free memory was 470.2 MB in the beginning and 460.7 MB in the end (delta: 9.4 MB). Peak memory consumption was 9.4 MB. Max. memory is 11.5 GB.
[2020-06-17 21:11:53,032 INFO  L168              Benchmark]: LassoRanker took 3716.45 ms. Allocated memory is still 514.9 MB. Free memory was 460.7 MB in the beginning and 371.9 MB in the end (delta: 88.8 MB). Peak memory consumption was 88.8 MB. Max. memory is 11.5 GB.
[2020-06-17 21:11:53,034 INFO  L336   ainManager$Toolchain]: #######################  End [Toolchain 1] #######################
 --- Results ---
 * Results from de.uni_freiburg.informatik.ultimate.core:
  - StatisticsResult: Toolchain Benchmarks
    Benchmark results are:
 * Boogie PL CUP Parser took 0.11 ms. Allocated memory is still 514.9 MB. Free memory is still 474.4 MB. There was no memory consumed. Max. memory is 11.5 GB.
 * Boogie Preprocessor took 24.69 ms. Allocated memory is still 514.9 MB. Free memory was 471.5 MB in the beginning and 470.2 MB in the end (delta: 1.3 MB). Peak memory consumption was 1.3 MB. Max. memory is 11.5 GB.
 * RCFGBuilder took 107.45 ms. Allocated memory is still 514.9 MB. Free memory was 470.2 MB in the beginning and 460.7 MB in the end (delta: 9.4 MB). Peak memory consumption was 9.4 MB. Max. memory is 11.5 GB.
 * LassoRanker took 3716.45 ms. Allocated memory is still 514.9 MB. Free memory was 460.7 MB in the beginning and 371.9 MB in the end (delta: 88.8 MB). Peak memory consumption was 88.8 MB. Max. memory is 11.5 GB.
 * Results from de.uni_freiburg.informatik.ultimate.plugins.analysis.lassoranker:
  - NoResult [Line: 9]: LassoRanker could not prove termination
    LassoRanker could not prove termination or nontermination of the given linear lasso program.
Templates: AffineTemplate NestedTemplate NestedTemplate NestedTemplate MultiphaseTemplate ComposedLexicographicTemplate PiecewiseTemplate ParallelTemplate
RESULT: Ultimate could not prove your program: Toolchain returned no result.
Received shutdown request...
Ultimate:
GTK+ Version Check
