This is Ultimate 0.1.24-16d85fa
[2020-06-17 21:11:58,204 INFO  L170        SettingsManager]: Resetting all preferences to default values...
[2020-06-17 21:11:58,205 INFO  L174        SettingsManager]: Resetting UltimateCore preferences to default values
[2020-06-17 21:11:58,214 INFO  L177        SettingsManager]: Ultimate Commandline Interface provides no preferences, ignoring...
[2020-06-17 21:11:58,215 INFO  L174        SettingsManager]: Resetting Boogie Preprocessor preferences to default values
[2020-06-17 21:11:58,215 INFO  L174        SettingsManager]: Resetting Boogie Procedure Inliner preferences to default values
[2020-06-17 21:11:58,216 INFO  L174        SettingsManager]: Resetting Abstract Interpretation preferences to default values
[2020-06-17 21:11:58,217 INFO  L174        SettingsManager]: Resetting LassoRanker preferences to default values
[2020-06-17 21:11:58,218 INFO  L174        SettingsManager]: Resetting Reaching Definitions preferences to default values
[2020-06-17 21:11:58,219 INFO  L174        SettingsManager]: Resetting SyntaxChecker preferences to default values
[2020-06-17 21:11:58,219 INFO  L177        SettingsManager]: Büchi Program Product provides no preferences, ignoring...
[2020-06-17 21:11:58,219 INFO  L174        SettingsManager]: Resetting LTL2Aut preferences to default values
[2020-06-17 21:11:58,220 INFO  L174        SettingsManager]: Resetting PEA to Boogie preferences to default values
[2020-06-17 21:11:58,220 INFO  L174        SettingsManager]: Resetting BlockEncodingV2 preferences to default values
[2020-06-17 21:11:58,221 INFO  L174        SettingsManager]: Resetting ChcToBoogie preferences to default values
[2020-06-17 21:11:58,221 INFO  L174        SettingsManager]: Resetting AutomataScriptInterpreter preferences to default values
[2020-06-17 21:11:58,222 INFO  L174        SettingsManager]: Resetting BuchiAutomizer preferences to default values
[2020-06-17 21:11:58,223 INFO  L174        SettingsManager]: Resetting CACSL2BoogieTranslator preferences to default values
[2020-06-17 21:11:58,224 INFO  L174        SettingsManager]: Resetting CodeCheck preferences to default values
[2020-06-17 21:11:58,225 INFO  L174        SettingsManager]: Resetting InvariantSynthesis preferences to default values
[2020-06-17 21:11:58,226 INFO  L174        SettingsManager]: Resetting RCFGBuilder preferences to default values
[2020-06-17 21:11:58,226 INFO  L174        SettingsManager]: Resetting TraceAbstraction preferences to default values
[2020-06-17 21:11:58,228 INFO  L177        SettingsManager]: TraceAbstractionConcurrent provides no preferences, ignoring...
[2020-06-17 21:11:58,228 INFO  L177        SettingsManager]: TraceAbstractionWithAFAs provides no preferences, ignoring...
[2020-06-17 21:11:58,228 INFO  L174        SettingsManager]: Resetting TreeAutomizer preferences to default values
[2020-06-17 21:11:58,229 INFO  L174        SettingsManager]: Resetting IcfgTransformer preferences to default values
[2020-06-17 21:11:58,229 INFO  L174        SettingsManager]: Resetting Boogie Printer preferences to default values
[2020-06-17 21:11:58,230 INFO  L174        SettingsManager]: Resetting ReqPrinter preferences to default values
[2020-06-17 21:11:58,230 INFO  L174        SettingsManager]: Resetting Witness Printer preferences to default values
[2020-06-17 21:11:58,231 INFO  L177        SettingsManager]: Boogie PL CUP Parser provides no preferences, ignoring...
[2020-06-17 21:11:58,231 INFO  L174        SettingsManager]: Resetting CDTParser preferences to default values
[2020-06-17 21:11:58,231 INFO  L177        SettingsManager]: AutomataScriptParser provides no preferences, ignoring...
[2020-06-17 21:11:58,231 INFO  L177        SettingsManager]: ReqParser provides no preferences, ignoring...
[2020-06-17 21:11:58,232 INFO  L174        SettingsManager]: Resetting SmtParser preferences to default values
[2020-06-17 21:11:58,232 INFO  L174        SettingsManager]: Resetting Witness Parser preferences to default values
[2020-06-17 21:11:58,232 INFO  L181        SettingsManager]: Finished resetting all preferences to default values...
[2020-06-17 21:11:58,247 INFO  L81    nceAwareModelManager]: Repository-Root is: /tmp
[2020-06-17 21:11:58,255 INFO  L258   ainManager$Toolchain]: [Toolchain 1]: Applicable parser(s) successfully (re)initialized
[2020-06-17 21:11:58,257 INFO  L214   ainManager$Toolchain]: [Toolchain 1]: Toolchain selected.
[2020-06-17 21:11:58,258 INFO  L271        PluginConnector]: Initializing Boogie PL CUP Parser...
[2020-06-17 21:11:58,258 INFO  L276        PluginConnector]: Boogie PL CUP Parser initialized
[2020-06-17 21:11:58,258 INFO  L418   ainManager$Toolchain]: [Toolchain 1]: Parsing single file: /home/lixie/LassoRankerExp/LassoRankerExp/./Program_non/112.bpl
[2020-06-17 21:11:58,259 INFO  L111           BoogieParser]: Parsing: '/home/lixie/LassoRankerExp/LassoRankerExp/./Program_non/112.bpl'
[2020-06-17 21:11:58,277 INFO  L296   ainManager$Toolchain]: ####################### [Toolchain 1] #######################
[2020-06-17 21:11:58,283 INFO  L131        ToolchainWalker]: Walking toolchain with 3 elements.
[2020-06-17 21:11:58,284 INFO  L113        PluginConnector]: ------------------------Boogie Preprocessor----------------------------
[2020-06-17 21:11:58,284 INFO  L271        PluginConnector]: Initializing Boogie Preprocessor...
[2020-06-17 21:11:58,284 INFO  L276        PluginConnector]: Boogie Preprocessor initialized
[2020-06-17 21:11:58,297 INFO  L185        PluginConnector]: Executing the observer EnsureBoogieModelObserver from plugin Boogie Preprocessor for "112.bpl de.uni_freiburg.informatik.ultimate.boogie.parser AST 17.06 09:11:58" (1/1) ...
[2020-06-17 21:11:58,298 INFO  L185        PluginConnector]: Executing the observer TypeChecker from plugin Boogie Preprocessor for "112.bpl de.uni_freiburg.informatik.ultimate.boogie.parser AST 17.06 09:11:58" (1/1) ...
[2020-06-17 21:11:58,302 INFO  L185        PluginConnector]: Executing the observer ConstExpander from plugin Boogie Preprocessor for "112.bpl de.uni_freiburg.informatik.ultimate.boogie.parser AST 17.06 09:11:58" (1/1) ...
[2020-06-17 21:11:58,302 INFO  L185        PluginConnector]: Executing the observer StructExpander from plugin Boogie Preprocessor for "112.bpl de.uni_freiburg.informatik.ultimate.boogie.parser AST 17.06 09:11:58" (1/1) ...
[2020-06-17 21:11:58,303 INFO  L185        PluginConnector]: Executing the observer UnstructureCode from plugin Boogie Preprocessor for "112.bpl de.uni_freiburg.informatik.ultimate.boogie.parser AST 17.06 09:11:58" (1/1) ...
[2020-06-17 21:11:58,305 INFO  L185        PluginConnector]: Executing the observer FunctionInliner from plugin Boogie Preprocessor for "112.bpl de.uni_freiburg.informatik.ultimate.boogie.parser AST 17.06 09:11:58" (1/1) ...
[2020-06-17 21:11:58,306 INFO  L185        PluginConnector]: Executing the observer BoogieSymbolTableConstructor from plugin Boogie Preprocessor for "112.bpl de.uni_freiburg.informatik.ultimate.boogie.parser AST 17.06 09:11:58" (1/1) ...
[2020-06-17 21:11:58,306 INFO  L132        PluginConnector]: ------------------------ END Boogie Preprocessor----------------------------
[2020-06-17 21:11:58,307 INFO  L113        PluginConnector]: ------------------------RCFGBuilder----------------------------
[2020-06-17 21:11:58,307 INFO  L271        PluginConnector]: Initializing RCFGBuilder...
[2020-06-17 21:11:58,307 INFO  L276        PluginConnector]: RCFGBuilder initialized
[2020-06-17 21:11:58,307 INFO  L185        PluginConnector]: Executing the observer RCFGBuilderObserver from plugin RCFGBuilder for "112.bpl de.uni_freiburg.informatik.ultimate.boogie.parser AST 17.06 09:11:58" (1/1) ...
No working directory specified, using /home/lixie/LassoRankerExp/LassoRankerExp/z3
Starting monitored process 1 with z3 SMTLIB2_COMPLIANT=true -memory:1024 -smt2 -in -t:12000 (exit command is (exit), workingDir is null)
Waiting until toolchain timeout for monitored process 1 with z3 SMTLIB2_COMPLIANT=true -memory:1024 -smt2 -in -t:12000
[2020-06-17 21:11:58,344 INFO  L124     BoogieDeclarations]: Specification and implementation of procedure main given in one single declaration
[2020-06-17 21:11:58,344 INFO  L130     BoogieDeclarations]: Found specification of procedure main
[2020-06-17 21:11:58,344 INFO  L138     BoogieDeclarations]: Found implementation of procedure main
[2020-06-17 21:11:58,419 INFO  L278             CfgBuilder]: Using library mode
[2020-06-17 21:11:58,420 INFO  L286             CfgBuilder]: Removed 0 assue(true) statements.
[2020-06-17 21:11:58,420 INFO  L202        PluginConnector]: Adding new model 112.bpl de.uni_freiburg.informatik.ultimate.plugins.generator.rcfgbuilder CFG 17.06 09:11:58 BoogieIcfgContainer
[2020-06-17 21:11:58,420 INFO  L132        PluginConnector]: ------------------------ END RCFGBuilder----------------------------
[2020-06-17 21:11:58,421 INFO  L113        PluginConnector]: ------------------------LassoRanker----------------------------
[2020-06-17 21:11:58,421 INFO  L271        PluginConnector]: Initializing LassoRanker...
[2020-06-17 21:11:58,421 INFO  L276        PluginConnector]: LassoRanker initialized
[2020-06-17 21:11:58,421 INFO  L185        PluginConnector]: Executing the observer LassoRankerObserver from plugin LassoRanker for "112.bpl de.uni_freiburg.informatik.ultimate.plugins.generator.rcfgbuilder CFG 17.06 09:11:58" (1/1) ...
[2020-06-17 21:11:58,439 INFO  L72            BuchiIsEmpty]: Start buchiIsEmpty. Operand 2 states.
[2020-06-17 21:11:58,452 INFO  L131   ngComponentsAnalysis]: Automaton has 1 accepting balls. 1
[2020-06-17 21:11:58,452 INFO  L87            BuchiIsEmpty]: Finished buchiIsEmpty Result is false
[2020-06-17 21:11:58,452 INFO  L119           BuchiIsEmpty]: Starting construction of run
[2020-06-17 21:11:58,457 INFO  L104     BuchiDifferenceFKV]: Start buchiDifferenceFKV. First operand 2 states. Second operand 1 states.
[2020-06-17 21:11:58,464 INFO  L108     BuchiDifferenceFKV]: Finished buchiDifferenceFKV. First operand 2 states. Second operand 1 states. Result 3 states and 4 transitions. Complement of second has 2 states 2 powerset states0 rank states. The highest rank that occured is -1
[2020-06-17 21:11:58,464 INFO  L72            BuchiIsEmpty]: Start buchiIsEmpty. Operand 3 states and 4 transitions.
[2020-06-17 21:11:58,465 INFO  L131   ngComponentsAnalysis]: Automaton has 0 accepting balls. 0
[2020-06-17 21:11:58,465 INFO  L87            BuchiIsEmpty]: Finished buchiIsEmpty Result is true
[2020-06-17 21:11:58,486 INFO  L216          LassoAnalysis]: Preferences:
[2020-06-17 21:11:58,487 INFO  L124   ssoRankerPreferences]: Compute integeral hull: false
[2020-06-17 21:11:58,487 INFO  L125   ssoRankerPreferences]: Enable LassoPartitioneer: true
[2020-06-17 21:11:58,487 INFO  L126   ssoRankerPreferences]: Term annotations enabled: false
[2020-06-17 21:11:58,487 INFO  L127   ssoRankerPreferences]: Use exernal solver: true
[2020-06-17 21:11:58,487 INFO  L128   ssoRankerPreferences]: SMT solver command: z3 -smt2 -in SMTLIB2_COMPLIANT=true
[2020-06-17 21:11:58,487 INFO  L129   ssoRankerPreferences]: Dump SMT script to file: false
[2020-06-17 21:11:58,488 INFO  L130   ssoRankerPreferences]: Path of dumped script: .
[2020-06-17 21:11:58,488 INFO  L131   ssoRankerPreferences]: Filename of dumped script: LassoRankerScript
[2020-06-17 21:11:58,488 INFO  L132   ssoRankerPreferences]: MapElimAlgo: Frank
[2020-06-17 21:11:58,488 INFO  L282          LassoAnalysis]: Starting lasso preprocessing...
[2020-06-17 21:11:58,500 INFO  L141          MapEliminator]: Using MapEliminator with SimplificationTechnique=SIMPLIFY_DDA XnfConversionTechnique=BOTTOM_UP_WITH_LOCAL_SIMPLIFICATION AddInequalities=false OnlyTrivialImplicationsArrayWrite=false OnlyTrivialImplicationsForModifiedArguments=true OnlyArgumentsInFormula=true
[2020-06-17 21:11:58,535 INFO  L300          LassoAnalysis]: Preprocessing complete.
[2020-06-17 21:11:58,536 INFO  L412          LassoAnalysis]: Checking for nontermination...
No working directory specified, using /home/lixie/LassoRankerExp/LassoRankerExp/z3
Starting monitored process 2 with z3 -smt2 -in SMTLIB2_COMPLIANT=true (exit command is (exit), workingDir is null)
Waiting until toolchain timeout for monitored process 2 with z3 -smt2 -in SMTLIB2_COMPLIANT=true
[2020-06-17 21:11:58,539 INFO  L151   nArgumentSynthesizer]: Nontermination analysis: LINEAR_WITH_GUESSES Allow bounded executions: true Number of generalized eigenvectors: 0 Nilpotent components: true
[2020-06-17 21:11:58,539 INFO  L163   nArgumentSynthesizer]: Using integer mode.
No working directory specified, using /home/lixie/LassoRankerExp/LassoRankerExp/z3
Starting monitored process 3 with z3 -smt2 -in SMTLIB2_COMPLIANT=true (exit command is (exit), workingDir is null)
Waiting until toolchain timeout for monitored process 3 with z3 -smt2 -in SMTLIB2_COMPLIANT=true
[2020-06-17 21:11:58,560 INFO  L151   nArgumentSynthesizer]: Nontermination analysis: LINEAR_WITH_GUESSES Allow bounded executions: true Number of generalized eigenvectors: 3 Nilpotent components: true
[2020-06-17 21:11:58,560 INFO  L163   nArgumentSynthesizer]: Using integer mode.
[2020-06-17 21:11:58,578 INFO  L452          LassoAnalysis]: Proving nontermination failed: No geometric nontermination argument exists.
[2020-06-17 21:11:58,579 INFO  L216          LassoAnalysis]: Preferences:
[2020-06-17 21:11:58,579 INFO  L124   ssoRankerPreferences]: Compute integeral hull: false
[2020-06-17 21:11:58,579 INFO  L125   ssoRankerPreferences]: Enable LassoPartitioneer: true
[2020-06-17 21:11:58,579 INFO  L126   ssoRankerPreferences]: Term annotations enabled: false
[2020-06-17 21:11:58,579 INFO  L127   ssoRankerPreferences]: Use exernal solver: true
[2020-06-17 21:11:58,579 INFO  L128   ssoRankerPreferences]: SMT solver command: z3 -smt2 -in SMTLIB2_COMPLIANT=true
[2020-06-17 21:11:58,579 INFO  L129   ssoRankerPreferences]: Dump SMT script to file: false
[2020-06-17 21:11:58,580 INFO  L130   ssoRankerPreferences]: Path of dumped script: .
[2020-06-17 21:11:58,580 INFO  L131   ssoRankerPreferences]: Filename of dumped script: LassoRankerScript
[2020-06-17 21:11:58,580 INFO  L132   ssoRankerPreferences]: MapElimAlgo: Frank
[2020-06-17 21:11:58,580 INFO  L282          LassoAnalysis]: Starting lasso preprocessing...
[2020-06-17 21:11:58,581 INFO  L141          MapEliminator]: Using MapEliminator with SimplificationTechnique=SIMPLIFY_DDA XnfConversionTechnique=BOTTOM_UP_WITH_LOCAL_SIMPLIFICATION AddInequalities=false OnlyTrivialImplicationsArrayWrite=false OnlyTrivialImplicationsForModifiedArguments=true OnlyArgumentsInFormula=true
[2020-06-17 21:11:58,601 INFO  L300          LassoAnalysis]: Preprocessing complete.
[2020-06-17 21:11:58,604 INFO  L497          LassoAnalysis]: Using template 'affine'.
No working directory specified, using /home/lixie/LassoRankerExp/LassoRankerExp/z3
Starting monitored process 4 with z3 -smt2 -in SMTLIB2_COMPLIANT=true (exit command is (exit), workingDir is null)
Waiting until toolchain timeout for monitored process 4 with z3 -smt2 -in SMTLIB2_COMPLIANT=true
[2020-06-17 21:11:58,607 INFO  L122   nArgumentSynthesizer]: Termination Analysis Settings:
Termination analysis: LINEAR_WITH_GUESSES
Number of strict supporting invariants: 1
Number of non-strict supporting invariants: 0
Consider only non-deceasing supporting invariants: true
Simplify termination arguments: true
Simplify supporting invariants: trueOverapproximate stem: false
[2020-06-17 21:11:58,609 INFO  L339   nArgumentSynthesizer]: Template has degree 0.
[2020-06-17 21:11:58,609 INFO  L352   nArgumentSynthesizer]: There is no stem transition; disabling supporting invariant generation.
[2020-06-17 21:11:58,610 INFO  L205   nArgumentSynthesizer]: 1 stem disjuncts
[2020-06-17 21:11:58,610 INFO  L206   nArgumentSynthesizer]: 1 loop disjuncts
[2020-06-17 21:11:58,610 INFO  L207   nArgumentSynthesizer]: 2 template conjuncts.
[2020-06-17 21:11:58,613 INFO  L402   nArgumentSynthesizer]: We have 2 Motzkin's Theorem applications.
[2020-06-17 21:11:58,613 INFO  L403   nArgumentSynthesizer]: A total of 0 supporting invariants were added.
[2020-06-17 21:11:58,615 INFO  L530          LassoAnalysis]: Proving termination failed for this template and these settings.
[2020-06-17 21:11:58,628 INFO  L497          LassoAnalysis]: Using template '2-nested'.
No working directory specified, using /home/lixie/LassoRankerExp/LassoRankerExp/z3
Starting monitored process 5 with z3 -smt2 -in SMTLIB2_COMPLIANT=true (exit command is (exit), workingDir is null)
Waiting until toolchain timeout for monitored process 5 with z3 -smt2 -in SMTLIB2_COMPLIANT=true
[2020-06-17 21:11:58,630 INFO  L122   nArgumentSynthesizer]: Termination Analysis Settings:
Termination analysis: LINEAR_WITH_GUESSES
Number of strict supporting invariants: 1
Number of non-strict supporting invariants: 0
Consider only non-deceasing supporting invariants: true
Simplify termination arguments: true
Simplify supporting invariants: trueOverapproximate stem: false
[2020-06-17 21:11:58,632 INFO  L339   nArgumentSynthesizer]: Template has degree 0.
[2020-06-17 21:11:58,632 INFO  L352   nArgumentSynthesizer]: There is no stem transition; disabling supporting invariant generation.
[2020-06-17 21:11:58,632 INFO  L205   nArgumentSynthesizer]: 1 stem disjuncts
[2020-06-17 21:11:58,632 INFO  L206   nArgumentSynthesizer]: 1 loop disjuncts
[2020-06-17 21:11:58,632 INFO  L207   nArgumentSynthesizer]: 3 template conjuncts.
[2020-06-17 21:11:58,634 INFO  L402   nArgumentSynthesizer]: We have 3 Motzkin's Theorem applications.
[2020-06-17 21:11:58,634 INFO  L403   nArgumentSynthesizer]: A total of 0 supporting invariants were added.
[2020-06-17 21:11:58,637 INFO  L530          LassoAnalysis]: Proving termination failed for this template and these settings.
[2020-06-17 21:11:58,648 INFO  L497          LassoAnalysis]: Using template '3-nested'.
No working directory specified, using /home/lixie/LassoRankerExp/LassoRankerExp/z3
Starting monitored process 6 with z3 -smt2 -in SMTLIB2_COMPLIANT=true (exit command is (exit), workingDir is null)
Waiting until toolchain timeout for monitored process 6 with z3 -smt2 -in SMTLIB2_COMPLIANT=true
[2020-06-17 21:11:58,650 INFO  L122   nArgumentSynthesizer]: Termination Analysis Settings:
Termination analysis: LINEAR_WITH_GUESSES
Number of strict supporting invariants: 1
Number of non-strict supporting invariants: 0
Consider only non-deceasing supporting invariants: true
Simplify termination arguments: true
Simplify supporting invariants: trueOverapproximate stem: false
[2020-06-17 21:11:58,652 INFO  L339   nArgumentSynthesizer]: Template has degree 0.
[2020-06-17 21:11:58,652 INFO  L352   nArgumentSynthesizer]: There is no stem transition; disabling supporting invariant generation.
[2020-06-17 21:11:58,652 INFO  L205   nArgumentSynthesizer]: 1 stem disjuncts
[2020-06-17 21:11:58,652 INFO  L206   nArgumentSynthesizer]: 1 loop disjuncts
[2020-06-17 21:11:58,653 INFO  L207   nArgumentSynthesizer]: 4 template conjuncts.
[2020-06-17 21:11:58,655 INFO  L402   nArgumentSynthesizer]: We have 4 Motzkin's Theorem applications.
[2020-06-17 21:11:58,655 INFO  L403   nArgumentSynthesizer]: A total of 0 supporting invariants were added.
[2020-06-17 21:11:58,658 INFO  L530          LassoAnalysis]: Proving termination failed for this template and these settings.
[2020-06-17 21:11:58,670 INFO  L497          LassoAnalysis]: Using template '4-nested'.
No working directory specified, using /home/lixie/LassoRankerExp/LassoRankerExp/z3
Starting monitored process 7 with z3 -smt2 -in SMTLIB2_COMPLIANT=true (exit command is (exit), workingDir is null)
Waiting until toolchain timeout for monitored process 7 with z3 -smt2 -in SMTLIB2_COMPLIANT=true
[2020-06-17 21:11:58,672 INFO  L122   nArgumentSynthesizer]: Termination Analysis Settings:
Termination analysis: LINEAR_WITH_GUESSES
Number of strict supporting invariants: 1
Number of non-strict supporting invariants: 0
Consider only non-deceasing supporting invariants: true
Simplify termination arguments: true
Simplify supporting invariants: trueOverapproximate stem: false
[2020-06-17 21:11:58,673 INFO  L339   nArgumentSynthesizer]: Template has degree 0.
[2020-06-17 21:11:58,673 INFO  L352   nArgumentSynthesizer]: There is no stem transition; disabling supporting invariant generation.
[2020-06-17 21:11:58,673 INFO  L205   nArgumentSynthesizer]: 1 stem disjuncts
[2020-06-17 21:11:58,674 INFO  L206   nArgumentSynthesizer]: 1 loop disjuncts
[2020-06-17 21:11:58,674 INFO  L207   nArgumentSynthesizer]: 5 template conjuncts.
[2020-06-17 21:11:58,677 INFO  L402   nArgumentSynthesizer]: We have 5 Motzkin's Theorem applications.
[2020-06-17 21:11:58,677 INFO  L403   nArgumentSynthesizer]: A total of 0 supporting invariants were added.
[2020-06-17 21:11:58,680 INFO  L530          LassoAnalysis]: Proving termination failed for this template and these settings.
[2020-06-17 21:11:58,692 INFO  L497          LassoAnalysis]: Using template '2-phase'.
No working directory specified, using /home/lixie/LassoRankerExp/LassoRankerExp/z3
Starting monitored process 8 with z3 -smt2 -in SMTLIB2_COMPLIANT=true (exit command is (exit), workingDir is null)
Waiting until toolchain timeout for monitored process 8 with z3 -smt2 -in SMTLIB2_COMPLIANT=true
[2020-06-17 21:11:58,694 INFO  L122   nArgumentSynthesizer]: Termination Analysis Settings:
Termination analysis: LINEAR_WITH_GUESSES
Number of strict supporting invariants: 1
Number of non-strict supporting invariants: 0
Consider only non-deceasing supporting invariants: true
Simplify termination arguments: true
Simplify supporting invariants: trueOverapproximate stem: false
[2020-06-17 21:11:58,695 WARN  L334   nArgumentSynthesizer]: Using a linear SMT query and a templates of degree > 0, hence this method is incomplete.
[2020-06-17 21:11:58,696 INFO  L339   nArgumentSynthesizer]: Template has degree 1.
[2020-06-17 21:11:58,696 INFO  L352   nArgumentSynthesizer]: There is no stem transition; disabling supporting invariant generation.
[2020-06-17 21:11:58,696 INFO  L205   nArgumentSynthesizer]: 1 stem disjuncts
[2020-06-17 21:11:58,696 INFO  L206   nArgumentSynthesizer]: 1 loop disjuncts
[2020-06-17 21:11:58,696 INFO  L207   nArgumentSynthesizer]: 3 template conjuncts.
[2020-06-17 21:11:58,698 INFO  L402   nArgumentSynthesizer]: We have 3 Motzkin's Theorem applications.
[2020-06-17 21:11:58,698 INFO  L403   nArgumentSynthesizer]: A total of 0 supporting invariants were added.
[2020-06-17 21:11:58,701 INFO  L530          LassoAnalysis]: Proving termination failed for this template and these settings.
[2020-06-17 21:11:58,715 INFO  L497          LassoAnalysis]: Using template 'lex(affine, affine)'.
No working directory specified, using /home/lixie/LassoRankerExp/LassoRankerExp/z3
Starting monitored process 9 with z3 -smt2 -in SMTLIB2_COMPLIANT=true (exit command is (exit), workingDir is null)
Waiting until toolchain timeout for monitored process 9 with z3 -smt2 -in SMTLIB2_COMPLIANT=true
[2020-06-17 21:11:58,716 INFO  L122   nArgumentSynthesizer]: Termination Analysis Settings:
Termination analysis: LINEAR_WITH_GUESSES
Number of strict supporting invariants: 1
Number of non-strict supporting invariants: 0
Consider only non-deceasing supporting invariants: true
Simplify termination arguments: true
Simplify supporting invariants: trueOverapproximate stem: false
[2020-06-17 21:11:58,718 WARN  L334   nArgumentSynthesizer]: Using a linear SMT query and a templates of degree > 0, hence this method is incomplete.
[2020-06-17 21:11:58,718 INFO  L339   nArgumentSynthesizer]: Template has degree 5.
[2020-06-17 21:11:58,718 INFO  L352   nArgumentSynthesizer]: There is no stem transition; disabling supporting invariant generation.
[2020-06-17 21:11:58,718 INFO  L205   nArgumentSynthesizer]: 1 stem disjuncts
[2020-06-17 21:11:58,719 INFO  L206   nArgumentSynthesizer]: 1 loop disjuncts
[2020-06-17 21:11:58,719 INFO  L207   nArgumentSynthesizer]: 4 template conjuncts.
[2020-06-17 21:11:58,721 INFO  L402   nArgumentSynthesizer]: We have 4 Motzkin's Theorem applications.
[2020-06-17 21:11:58,721 INFO  L403   nArgumentSynthesizer]: A total of 0 supporting invariants were added.
[2020-06-17 21:11:58,724 INFO  L530          LassoAnalysis]: Proving termination failed for this template and these settings.
[2020-06-17 21:11:58,736 INFO  L497          LassoAnalysis]: Using template '2-piece'.
No working directory specified, using /home/lixie/LassoRankerExp/LassoRankerExp/z3
Starting monitored process 10 with z3 -smt2 -in SMTLIB2_COMPLIANT=true (exit command is (exit), workingDir is null)
Waiting until toolchain timeout for monitored process 10 with z3 -smt2 -in SMTLIB2_COMPLIANT=true
[2020-06-17 21:11:58,738 INFO  L122   nArgumentSynthesizer]: Termination Analysis Settings:
Termination analysis: LINEAR_WITH_GUESSES
Number of strict supporting invariants: 1
Number of non-strict supporting invariants: 0
Consider only non-deceasing supporting invariants: true
Simplify termination arguments: true
Simplify supporting invariants: trueOverapproximate stem: false
[2020-06-17 21:11:58,739 WARN  L334   nArgumentSynthesizer]: Using a linear SMT query and a templates of degree > 0, hence this method is incomplete.
[2020-06-17 21:11:58,739 INFO  L339   nArgumentSynthesizer]: Template has degree 7.
[2020-06-17 21:11:58,739 INFO  L352   nArgumentSynthesizer]: There is no stem transition; disabling supporting invariant generation.
[2020-06-17 21:11:58,739 INFO  L205   nArgumentSynthesizer]: 1 stem disjuncts
[2020-06-17 21:11:58,739 INFO  L206   nArgumentSynthesizer]: 1 loop disjuncts
[2020-06-17 21:11:58,740 INFO  L207   nArgumentSynthesizer]: 7 template conjuncts.
[2020-06-17 21:11:58,745 INFO  L402   nArgumentSynthesizer]: We have 7 Motzkin's Theorem applications.
[2020-06-17 21:11:58,745 INFO  L403   nArgumentSynthesizer]: A total of 0 supporting invariants were added.
[2020-06-17 21:11:58,768 INFO  L530          LassoAnalysis]: Proving termination failed for this template and these settings.
[2020-06-17 21:11:58,785 INFO  L497          LassoAnalysis]: Using template '2-parallel'.
No working directory specified, using /home/lixie/LassoRankerExp/LassoRankerExp/z3
Starting monitored process 11 with z3 -smt2 -in SMTLIB2_COMPLIANT=true (exit command is (exit), workingDir is null)
Waiting until toolchain timeout for monitored process 11 with z3 -smt2 -in SMTLIB2_COMPLIANT=true
[2020-06-17 21:11:58,786 INFO  L122   nArgumentSynthesizer]: Termination Analysis Settings:
Termination analysis: LINEAR_WITH_GUESSES
Number of strict supporting invariants: 1
Number of non-strict supporting invariants: 0
Consider only non-deceasing supporting invariants: true
Simplify termination arguments: true
Simplify supporting invariants: trueOverapproximate stem: false
[2020-06-17 21:11:58,787 WARN  L334   nArgumentSynthesizer]: Using a linear SMT query and a templates of degree > 0, hence this method is incomplete.
[2020-06-17 21:11:58,788 INFO  L339   nArgumentSynthesizer]: Template has degree 4.
[2020-06-17 21:11:58,788 INFO  L352   nArgumentSynthesizer]: There is no stem transition; disabling supporting invariant generation.
[2020-06-17 21:11:58,788 INFO  L205   nArgumentSynthesizer]: 1 stem disjuncts
[2020-06-17 21:11:58,788 INFO  L206   nArgumentSynthesizer]: 1 loop disjuncts
[2020-06-17 21:11:58,788 INFO  L207   nArgumentSynthesizer]: 6 template conjuncts.
[2020-06-17 21:11:58,790 INFO  L402   nArgumentSynthesizer]: We have 6 Motzkin's Theorem applications.
[2020-06-17 21:11:58,790 INFO  L403   nArgumentSynthesizer]: A total of 0 supporting invariants were added.
[2020-06-17 21:11:58,795 INFO  L530          LassoAnalysis]: Proving termination failed for this template and these settings.
[2020-06-17 21:11:58,808 INFO  L489     LassoRankerStarter]: LassoRanker could not prove termination or nontermination of the given linear lasso program.
Templates: AffineTemplate NestedTemplate NestedTemplate NestedTemplate MultiphaseTemplate ComposedLexicographicTemplate PiecewiseTemplate ParallelTemplate
[2020-06-17 21:11:58,808 INFO  L132        PluginConnector]: ------------------------ END LassoRanker----------------------------
[2020-06-17 21:11:58,809 INFO  L168              Benchmark]: Toolchain (without parser) took 532.00 ms. Allocated memory is still 514.9 MB. Free memory was 472.9 MB in the beginning and 401.9 MB in the end (delta: 71.0 MB). Peak memory consumption was 71.0 MB. Max. memory is 11.5 GB.
[2020-06-17 21:11:58,810 INFO  L168              Benchmark]: Boogie PL CUP Parser took 0.09 ms. Allocated memory is still 514.9 MB. Free memory is still 474.4 MB. There was no memory consumed. Max. memory is 11.5 GB.
[2020-06-17 21:11:58,810 INFO  L168              Benchmark]: Boogie Preprocessor took 22.80 ms. Allocated memory is still 514.9 MB. Free memory was 471.5 MB in the beginning and 470.2 MB in the end (delta: 1.3 MB). Peak memory consumption was 1.3 MB. Max. memory is 11.5 GB.
[2020-06-17 21:11:58,811 INFO  L168              Benchmark]: RCFGBuilder took 113.89 ms. Allocated memory is still 514.9 MB. Free memory was 470.2 MB in the beginning and 460.7 MB in the end (delta: 9.4 MB). Peak memory consumption was 9.4 MB. Max. memory is 11.5 GB.
[2020-06-17 21:11:58,811 INFO  L168              Benchmark]: LassoRanker took 387.73 ms. Allocated memory is still 514.9 MB. Free memory was 460.7 MB in the beginning and 401.9 MB in the end (delta: 58.8 MB). Peak memory consumption was 58.8 MB. Max. memory is 11.5 GB.
[2020-06-17 21:11:58,813 INFO  L336   ainManager$Toolchain]: #######################  End [Toolchain 1] #######################
 --- Results ---
 * Results from de.uni_freiburg.informatik.ultimate.core:
  - StatisticsResult: Toolchain Benchmarks
    Benchmark results are:
 * Boogie PL CUP Parser took 0.09 ms. Allocated memory is still 514.9 MB. Free memory is still 474.4 MB. There was no memory consumed. Max. memory is 11.5 GB.
 * Boogie Preprocessor took 22.80 ms. Allocated memory is still 514.9 MB. Free memory was 471.5 MB in the beginning and 470.2 MB in the end (delta: 1.3 MB). Peak memory consumption was 1.3 MB. Max. memory is 11.5 GB.
 * RCFGBuilder took 113.89 ms. Allocated memory is still 514.9 MB. Free memory was 470.2 MB in the beginning and 460.7 MB in the end (delta: 9.4 MB). Peak memory consumption was 9.4 MB. Max. memory is 11.5 GB.
 * LassoRanker took 387.73 ms. Allocated memory is still 514.9 MB. Free memory was 460.7 MB in the beginning and 401.9 MB in the end (delta: 58.8 MB). Peak memory consumption was 58.8 MB. Max. memory is 11.5 GB.
 * Results from de.uni_freiburg.informatik.ultimate.plugins.analysis.lassoranker:
  - NoResult [Line: 18]: LassoRanker could not prove termination
    LassoRanker could not prove termination or nontermination of the given linear lasso program.
Templates: AffineTemplate NestedTemplate NestedTemplate NestedTemplate MultiphaseTemplate ComposedLexicographicTemplate PiecewiseTemplate ParallelTemplate
RESULT: Ultimate could not prove your program: Toolchain returned no result.
Received shutdown request...
Ultimate:
GTK+ Version Check
