This is Ultimate 0.1.24-16d85fa
[2020-06-17 21:12:13,054 INFO  L170        SettingsManager]: Resetting all preferences to default values...
[2020-06-17 21:12:13,055 INFO  L174        SettingsManager]: Resetting UltimateCore preferences to default values
[2020-06-17 21:12:13,065 INFO  L177        SettingsManager]: Ultimate Commandline Interface provides no preferences, ignoring...
[2020-06-17 21:12:13,065 INFO  L174        SettingsManager]: Resetting Boogie Preprocessor preferences to default values
[2020-06-17 21:12:13,066 INFO  L174        SettingsManager]: Resetting Boogie Procedure Inliner preferences to default values
[2020-06-17 21:12:13,067 INFO  L174        SettingsManager]: Resetting Abstract Interpretation preferences to default values
[2020-06-17 21:12:13,068 INFO  L174        SettingsManager]: Resetting LassoRanker preferences to default values
[2020-06-17 21:12:13,069 INFO  L174        SettingsManager]: Resetting Reaching Definitions preferences to default values
[2020-06-17 21:12:13,070 INFO  L174        SettingsManager]: Resetting SyntaxChecker preferences to default values
[2020-06-17 21:12:13,070 INFO  L177        SettingsManager]: Büchi Program Product provides no preferences, ignoring...
[2020-06-17 21:12:13,070 INFO  L174        SettingsManager]: Resetting LTL2Aut preferences to default values
[2020-06-17 21:12:13,071 INFO  L174        SettingsManager]: Resetting PEA to Boogie preferences to default values
[2020-06-17 21:12:13,071 INFO  L174        SettingsManager]: Resetting BlockEncodingV2 preferences to default values
[2020-06-17 21:12:13,072 INFO  L174        SettingsManager]: Resetting ChcToBoogie preferences to default values
[2020-06-17 21:12:13,072 INFO  L174        SettingsManager]: Resetting AutomataScriptInterpreter preferences to default values
[2020-06-17 21:12:13,073 INFO  L174        SettingsManager]: Resetting BuchiAutomizer preferences to default values
[2020-06-17 21:12:13,074 INFO  L174        SettingsManager]: Resetting CACSL2BoogieTranslator preferences to default values
[2020-06-17 21:12:13,075 INFO  L174        SettingsManager]: Resetting CodeCheck preferences to default values
[2020-06-17 21:12:13,076 INFO  L174        SettingsManager]: Resetting InvariantSynthesis preferences to default values
[2020-06-17 21:12:13,077 INFO  L174        SettingsManager]: Resetting RCFGBuilder preferences to default values
[2020-06-17 21:12:13,078 INFO  L174        SettingsManager]: Resetting TraceAbstraction preferences to default values
[2020-06-17 21:12:13,079 INFO  L177        SettingsManager]: TraceAbstractionConcurrent provides no preferences, ignoring...
[2020-06-17 21:12:13,079 INFO  L177        SettingsManager]: TraceAbstractionWithAFAs provides no preferences, ignoring...
[2020-06-17 21:12:13,079 INFO  L174        SettingsManager]: Resetting TreeAutomizer preferences to default values
[2020-06-17 21:12:13,080 INFO  L174        SettingsManager]: Resetting IcfgTransformer preferences to default values
[2020-06-17 21:12:13,080 INFO  L174        SettingsManager]: Resetting Boogie Printer preferences to default values
[2020-06-17 21:12:13,081 INFO  L174        SettingsManager]: Resetting ReqPrinter preferences to default values
[2020-06-17 21:12:13,081 INFO  L174        SettingsManager]: Resetting Witness Printer preferences to default values
[2020-06-17 21:12:13,082 INFO  L177        SettingsManager]: Boogie PL CUP Parser provides no preferences, ignoring...
[2020-06-17 21:12:13,082 INFO  L174        SettingsManager]: Resetting CDTParser preferences to default values
[2020-06-17 21:12:13,082 INFO  L177        SettingsManager]: AutomataScriptParser provides no preferences, ignoring...
[2020-06-17 21:12:13,083 INFO  L177        SettingsManager]: ReqParser provides no preferences, ignoring...
[2020-06-17 21:12:13,083 INFO  L174        SettingsManager]: Resetting SmtParser preferences to default values
[2020-06-17 21:12:13,083 INFO  L174        SettingsManager]: Resetting Witness Parser preferences to default values
[2020-06-17 21:12:13,084 INFO  L181        SettingsManager]: Finished resetting all preferences to default values...
[2020-06-17 21:12:13,099 INFO  L81    nceAwareModelManager]: Repository-Root is: /tmp
[2020-06-17 21:12:13,107 INFO  L258   ainManager$Toolchain]: [Toolchain 1]: Applicable parser(s) successfully (re)initialized
[2020-06-17 21:12:13,109 INFO  L214   ainManager$Toolchain]: [Toolchain 1]: Toolchain selected.
[2020-06-17 21:12:13,110 INFO  L271        PluginConnector]: Initializing Boogie PL CUP Parser...
[2020-06-17 21:12:13,110 INFO  L276        PluginConnector]: Boogie PL CUP Parser initialized
[2020-06-17 21:12:13,110 INFO  L418   ainManager$Toolchain]: [Toolchain 1]: Parsing single file: /home/lixie/LassoRankerExp/LassoRankerExp/./Program_non/121.bpl
[2020-06-17 21:12:13,111 INFO  L111           BoogieParser]: Parsing: '/home/lixie/LassoRankerExp/LassoRankerExp/./Program_non/121.bpl'
[2020-06-17 21:12:13,129 INFO  L296   ainManager$Toolchain]: ####################### [Toolchain 1] #######################
[2020-06-17 21:12:13,139 INFO  L131        ToolchainWalker]: Walking toolchain with 3 elements.
[2020-06-17 21:12:13,140 INFO  L113        PluginConnector]: ------------------------Boogie Preprocessor----------------------------
[2020-06-17 21:12:13,140 INFO  L271        PluginConnector]: Initializing Boogie Preprocessor...
[2020-06-17 21:12:13,140 INFO  L276        PluginConnector]: Boogie Preprocessor initialized
[2020-06-17 21:12:13,159 INFO  L185        PluginConnector]: Executing the observer EnsureBoogieModelObserver from plugin Boogie Preprocessor for "121.bpl de.uni_freiburg.informatik.ultimate.boogie.parser AST 17.06 09:12:13" (1/1) ...
[2020-06-17 21:12:13,161 INFO  L185        PluginConnector]: Executing the observer TypeChecker from plugin Boogie Preprocessor for "121.bpl de.uni_freiburg.informatik.ultimate.boogie.parser AST 17.06 09:12:13" (1/1) ...
[2020-06-17 21:12:13,164 INFO  L185        PluginConnector]: Executing the observer ConstExpander from plugin Boogie Preprocessor for "121.bpl de.uni_freiburg.informatik.ultimate.boogie.parser AST 17.06 09:12:13" (1/1) ...
[2020-06-17 21:12:13,165 INFO  L185        PluginConnector]: Executing the observer StructExpander from plugin Boogie Preprocessor for "121.bpl de.uni_freiburg.informatik.ultimate.boogie.parser AST 17.06 09:12:13" (1/1) ...
[2020-06-17 21:12:13,166 INFO  L185        PluginConnector]: Executing the observer UnstructureCode from plugin Boogie Preprocessor for "121.bpl de.uni_freiburg.informatik.ultimate.boogie.parser AST 17.06 09:12:13" (1/1) ...
[2020-06-17 21:12:13,168 INFO  L185        PluginConnector]: Executing the observer FunctionInliner from plugin Boogie Preprocessor for "121.bpl de.uni_freiburg.informatik.ultimate.boogie.parser AST 17.06 09:12:13" (1/1) ...
[2020-06-17 21:12:13,169 INFO  L185        PluginConnector]: Executing the observer BoogieSymbolTableConstructor from plugin Boogie Preprocessor for "121.bpl de.uni_freiburg.informatik.ultimate.boogie.parser AST 17.06 09:12:13" (1/1) ...
[2020-06-17 21:12:13,169 INFO  L132        PluginConnector]: ------------------------ END Boogie Preprocessor----------------------------
[2020-06-17 21:12:13,170 INFO  L113        PluginConnector]: ------------------------RCFGBuilder----------------------------
[2020-06-17 21:12:13,170 INFO  L271        PluginConnector]: Initializing RCFGBuilder...
[2020-06-17 21:12:13,170 INFO  L276        PluginConnector]: RCFGBuilder initialized
[2020-06-17 21:12:13,171 INFO  L185        PluginConnector]: Executing the observer RCFGBuilderObserver from plugin RCFGBuilder for "121.bpl de.uni_freiburg.informatik.ultimate.boogie.parser AST 17.06 09:12:13" (1/1) ...
No working directory specified, using /home/lixie/LassoRankerExp/LassoRankerExp/z3
Starting monitored process 1 with z3 SMTLIB2_COMPLIANT=true -memory:1024 -smt2 -in -t:12000 (exit command is (exit), workingDir is null)
Waiting until toolchain timeout for monitored process 1 with z3 SMTLIB2_COMPLIANT=true -memory:1024 -smt2 -in -t:12000
[2020-06-17 21:12:13,206 INFO  L124     BoogieDeclarations]: Specification and implementation of procedure Selestat given in one single declaration
[2020-06-17 21:12:13,206 INFO  L130     BoogieDeclarations]: Found specification of procedure Selestat
[2020-06-17 21:12:13,206 INFO  L138     BoogieDeclarations]: Found implementation of procedure Selestat
[2020-06-17 21:12:13,266 INFO  L278             CfgBuilder]: Using library mode
[2020-06-17 21:12:13,267 INFO  L286             CfgBuilder]: Removed 0 assue(true) statements.
[2020-06-17 21:12:13,267 INFO  L202        PluginConnector]: Adding new model 121.bpl de.uni_freiburg.informatik.ultimate.plugins.generator.rcfgbuilder CFG 17.06 09:12:13 BoogieIcfgContainer
[2020-06-17 21:12:13,268 INFO  L132        PluginConnector]: ------------------------ END RCFGBuilder----------------------------
[2020-06-17 21:12:13,268 INFO  L113        PluginConnector]: ------------------------LassoRanker----------------------------
[2020-06-17 21:12:13,268 INFO  L271        PluginConnector]: Initializing LassoRanker...
[2020-06-17 21:12:13,268 INFO  L276        PluginConnector]: LassoRanker initialized
[2020-06-17 21:12:13,269 INFO  L185        PluginConnector]: Executing the observer LassoRankerObserver from plugin LassoRanker for "121.bpl de.uni_freiburg.informatik.ultimate.plugins.generator.rcfgbuilder CFG 17.06 09:12:13" (1/1) ...
[2020-06-17 21:12:13,286 INFO  L72            BuchiIsEmpty]: Start buchiIsEmpty. Operand 2 states.
[2020-06-17 21:12:13,299 INFO  L131   ngComponentsAnalysis]: Automaton has 1 accepting balls. 1
[2020-06-17 21:12:13,299 INFO  L87            BuchiIsEmpty]: Finished buchiIsEmpty Result is false
[2020-06-17 21:12:13,299 INFO  L119           BuchiIsEmpty]: Starting construction of run
[2020-06-17 21:12:13,304 INFO  L104     BuchiDifferenceFKV]: Start buchiDifferenceFKV. First operand 2 states. Second operand 1 states.
[2020-06-17 21:12:13,311 INFO  L108     BuchiDifferenceFKV]: Finished buchiDifferenceFKV. First operand 2 states. Second operand 1 states. Result 3 states and 4 transitions. Complement of second has 2 states 2 powerset states0 rank states. The highest rank that occured is -1
[2020-06-17 21:12:13,311 INFO  L72            BuchiIsEmpty]: Start buchiIsEmpty. Operand 3 states and 4 transitions.
[2020-06-17 21:12:13,311 INFO  L131   ngComponentsAnalysis]: Automaton has 0 accepting balls. 0
[2020-06-17 21:12:13,312 INFO  L87            BuchiIsEmpty]: Finished buchiIsEmpty Result is true
[2020-06-17 21:12:13,336 INFO  L216          LassoAnalysis]: Preferences:
[2020-06-17 21:12:13,336 INFO  L124   ssoRankerPreferences]: Compute integeral hull: false
[2020-06-17 21:12:13,337 INFO  L125   ssoRankerPreferences]: Enable LassoPartitioneer: true
[2020-06-17 21:12:13,337 INFO  L126   ssoRankerPreferences]: Term annotations enabled: false
[2020-06-17 21:12:13,337 INFO  L127   ssoRankerPreferences]: Use exernal solver: true
[2020-06-17 21:12:13,337 INFO  L128   ssoRankerPreferences]: SMT solver command: z3 -smt2 -in SMTLIB2_COMPLIANT=true
[2020-06-17 21:12:13,337 INFO  L129   ssoRankerPreferences]: Dump SMT script to file: false
[2020-06-17 21:12:13,337 INFO  L130   ssoRankerPreferences]: Path of dumped script: .
[2020-06-17 21:12:13,337 INFO  L131   ssoRankerPreferences]: Filename of dumped script: LassoRankerScript
[2020-06-17 21:12:13,337 INFO  L132   ssoRankerPreferences]: MapElimAlgo: Frank
[2020-06-17 21:12:13,337 INFO  L282          LassoAnalysis]: Starting lasso preprocessing...
[2020-06-17 21:12:13,351 INFO  L141          MapEliminator]: Using MapEliminator with SimplificationTechnique=SIMPLIFY_DDA XnfConversionTechnique=BOTTOM_UP_WITH_LOCAL_SIMPLIFICATION AddInequalities=false OnlyTrivialImplicationsArrayWrite=false OnlyTrivialImplicationsForModifiedArguments=true OnlyArgumentsInFormula=true
[2020-06-17 21:12:13,389 INFO  L300          LassoAnalysis]: Preprocessing complete.
[2020-06-17 21:12:13,389 INFO  L412          LassoAnalysis]: Checking for nontermination...
No working directory specified, using /home/lixie/LassoRankerExp/LassoRankerExp/z3
Starting monitored process 2 with z3 -smt2 -in SMTLIB2_COMPLIANT=true (exit command is (exit), workingDir is null)
Waiting until toolchain timeout for monitored process 2 with z3 -smt2 -in SMTLIB2_COMPLIANT=true
[2020-06-17 21:12:13,393 INFO  L151   nArgumentSynthesizer]: Nontermination analysis: LINEAR_WITH_GUESSES Allow bounded executions: true Number of generalized eigenvectors: 0 Nilpotent components: true
[2020-06-17 21:12:13,393 INFO  L163   nArgumentSynthesizer]: Using integer mode.
No working directory specified, using /home/lixie/LassoRankerExp/LassoRankerExp/z3
Starting monitored process 3 with z3 -smt2 -in SMTLIB2_COMPLIANT=true (exit command is (exit), workingDir is null)
Waiting until toolchain timeout for monitored process 3 with z3 -smt2 -in SMTLIB2_COMPLIANT=true
[2020-06-17 21:12:13,413 INFO  L151   nArgumentSynthesizer]: Nontermination analysis: LINEAR_WITH_GUESSES Allow bounded executions: true Number of generalized eigenvectors: 3 Nilpotent components: true
[2020-06-17 21:12:13,413 INFO  L163   nArgumentSynthesizer]: Using integer mode.
[2020-06-17 21:12:13,442 INFO  L452          LassoAnalysis]: Proving nontermination failed: No geometric nontermination argument exists.
[2020-06-17 21:12:13,444 INFO  L216          LassoAnalysis]: Preferences:
[2020-06-17 21:12:13,444 INFO  L124   ssoRankerPreferences]: Compute integeral hull: false
[2020-06-17 21:12:13,444 INFO  L125   ssoRankerPreferences]: Enable LassoPartitioneer: true
[2020-06-17 21:12:13,445 INFO  L126   ssoRankerPreferences]: Term annotations enabled: false
[2020-06-17 21:12:13,445 INFO  L127   ssoRankerPreferences]: Use exernal solver: true
[2020-06-17 21:12:13,445 INFO  L128   ssoRankerPreferences]: SMT solver command: z3 -smt2 -in SMTLIB2_COMPLIANT=true
[2020-06-17 21:12:13,445 INFO  L129   ssoRankerPreferences]: Dump SMT script to file: false
[2020-06-17 21:12:13,445 INFO  L130   ssoRankerPreferences]: Path of dumped script: .
[2020-06-17 21:12:13,445 INFO  L131   ssoRankerPreferences]: Filename of dumped script: LassoRankerScript
[2020-06-17 21:12:13,445 INFO  L132   ssoRankerPreferences]: MapElimAlgo: Frank
[2020-06-17 21:12:13,445 INFO  L282          LassoAnalysis]: Starting lasso preprocessing...
[2020-06-17 21:12:13,446 INFO  L141          MapEliminator]: Using MapEliminator with SimplificationTechnique=SIMPLIFY_DDA XnfConversionTechnique=BOTTOM_UP_WITH_LOCAL_SIMPLIFICATION AddInequalities=false OnlyTrivialImplicationsArrayWrite=false OnlyTrivialImplicationsForModifiedArguments=true OnlyArgumentsInFormula=true
[2020-06-17 21:12:13,463 INFO  L300          LassoAnalysis]: Preprocessing complete.
[2020-06-17 21:12:13,466 INFO  L497          LassoAnalysis]: Using template 'affine'.
No working directory specified, using /home/lixie/LassoRankerExp/LassoRankerExp/z3
Starting monitored process 4 with z3 -smt2 -in SMTLIB2_COMPLIANT=true (exit command is (exit), workingDir is null)
Waiting until toolchain timeout for monitored process 4 with z3 -smt2 -in SMTLIB2_COMPLIANT=true
[2020-06-17 21:12:13,469 INFO  L122   nArgumentSynthesizer]: Termination Analysis Settings:
Termination analysis: LINEAR_WITH_GUESSES
Number of strict supporting invariants: 1
Number of non-strict supporting invariants: 0
Consider only non-deceasing supporting invariants: true
Simplify termination arguments: true
Simplify supporting invariants: trueOverapproximate stem: false
[2020-06-17 21:12:13,470 INFO  L339   nArgumentSynthesizer]: Template has degree 0.
[2020-06-17 21:12:13,470 INFO  L352   nArgumentSynthesizer]: There is no stem transition; disabling supporting invariant generation.
[2020-06-17 21:12:13,471 INFO  L205   nArgumentSynthesizer]: 1 stem disjuncts
[2020-06-17 21:12:13,471 INFO  L206   nArgumentSynthesizer]: 1 loop disjuncts
[2020-06-17 21:12:13,471 INFO  L207   nArgumentSynthesizer]: 2 template conjuncts.
[2020-06-17 21:12:13,473 INFO  L402   nArgumentSynthesizer]: We have 2 Motzkin's Theorem applications.
[2020-06-17 21:12:13,473 INFO  L403   nArgumentSynthesizer]: A total of 0 supporting invariants were added.
[2020-06-17 21:12:13,475 INFO  L530          LassoAnalysis]: Proving termination failed for this template and these settings.
[2020-06-17 21:12:13,487 INFO  L497          LassoAnalysis]: Using template '2-nested'.
No working directory specified, using /home/lixie/LassoRankerExp/LassoRankerExp/z3
Starting monitored process 5 with z3 -smt2 -in SMTLIB2_COMPLIANT=true (exit command is (exit), workingDir is null)
Waiting until toolchain timeout for monitored process 5 with z3 -smt2 -in SMTLIB2_COMPLIANT=true
[2020-06-17 21:12:13,488 INFO  L122   nArgumentSynthesizer]: Termination Analysis Settings:
Termination analysis: LINEAR_WITH_GUESSES
Number of strict supporting invariants: 1
Number of non-strict supporting invariants: 0
Consider only non-deceasing supporting invariants: true
Simplify termination arguments: true
Simplify supporting invariants: trueOverapproximate stem: false
[2020-06-17 21:12:13,489 INFO  L339   nArgumentSynthesizer]: Template has degree 0.
[2020-06-17 21:12:13,489 INFO  L352   nArgumentSynthesizer]: There is no stem transition; disabling supporting invariant generation.
[2020-06-17 21:12:13,490 INFO  L205   nArgumentSynthesizer]: 1 stem disjuncts
[2020-06-17 21:12:13,490 INFO  L206   nArgumentSynthesizer]: 1 loop disjuncts
[2020-06-17 21:12:13,490 INFO  L207   nArgumentSynthesizer]: 3 template conjuncts.
[2020-06-17 21:12:13,491 INFO  L402   nArgumentSynthesizer]: We have 3 Motzkin's Theorem applications.
[2020-06-17 21:12:13,491 INFO  L403   nArgumentSynthesizer]: A total of 0 supporting invariants were added.
[2020-06-17 21:12:13,493 INFO  L530          LassoAnalysis]: Proving termination failed for this template and these settings.
[2020-06-17 21:12:13,505 INFO  L497          LassoAnalysis]: Using template '3-nested'.
No working directory specified, using /home/lixie/LassoRankerExp/LassoRankerExp/z3
Starting monitored process 6 with z3 -smt2 -in SMTLIB2_COMPLIANT=true (exit command is (exit), workingDir is null)
Waiting until toolchain timeout for monitored process 6 with z3 -smt2 -in SMTLIB2_COMPLIANT=true
[2020-06-17 21:12:13,506 INFO  L122   nArgumentSynthesizer]: Termination Analysis Settings:
Termination analysis: LINEAR_WITH_GUESSES
Number of strict supporting invariants: 1
Number of non-strict supporting invariants: 0
Consider only non-deceasing supporting invariants: true
Simplify termination arguments: true
Simplify supporting invariants: trueOverapproximate stem: false
[2020-06-17 21:12:13,507 INFO  L339   nArgumentSynthesizer]: Template has degree 0.
[2020-06-17 21:12:13,507 INFO  L352   nArgumentSynthesizer]: There is no stem transition; disabling supporting invariant generation.
[2020-06-17 21:12:13,508 INFO  L205   nArgumentSynthesizer]: 1 stem disjuncts
[2020-06-17 21:12:13,508 INFO  L206   nArgumentSynthesizer]: 1 loop disjuncts
[2020-06-17 21:12:13,508 INFO  L207   nArgumentSynthesizer]: 4 template conjuncts.
[2020-06-17 21:12:13,510 INFO  L402   nArgumentSynthesizer]: We have 4 Motzkin's Theorem applications.
[2020-06-17 21:12:13,510 INFO  L403   nArgumentSynthesizer]: A total of 0 supporting invariants were added.
[2020-06-17 21:12:13,512 INFO  L530          LassoAnalysis]: Proving termination failed for this template and these settings.
[2020-06-17 21:12:13,523 INFO  L497          LassoAnalysis]: Using template '4-nested'.
No working directory specified, using /home/lixie/LassoRankerExp/LassoRankerExp/z3
Starting monitored process 7 with z3 -smt2 -in SMTLIB2_COMPLIANT=true (exit command is (exit), workingDir is null)
Waiting until toolchain timeout for monitored process 7 with z3 -smt2 -in SMTLIB2_COMPLIANT=true
[2020-06-17 21:12:13,525 INFO  L122   nArgumentSynthesizer]: Termination Analysis Settings:
Termination analysis: LINEAR_WITH_GUESSES
Number of strict supporting invariants: 1
Number of non-strict supporting invariants: 0
Consider only non-deceasing supporting invariants: true
Simplify termination arguments: true
Simplify supporting invariants: trueOverapproximate stem: false
[2020-06-17 21:12:13,526 INFO  L339   nArgumentSynthesizer]: Template has degree 0.
[2020-06-17 21:12:13,526 INFO  L352   nArgumentSynthesizer]: There is no stem transition; disabling supporting invariant generation.
[2020-06-17 21:12:13,526 INFO  L205   nArgumentSynthesizer]: 1 stem disjuncts
[2020-06-17 21:12:13,527 INFO  L206   nArgumentSynthesizer]: 1 loop disjuncts
[2020-06-17 21:12:13,527 INFO  L207   nArgumentSynthesizer]: 5 template conjuncts.
[2020-06-17 21:12:13,528 INFO  L402   nArgumentSynthesizer]: We have 5 Motzkin's Theorem applications.
[2020-06-17 21:12:13,529 INFO  L403   nArgumentSynthesizer]: A total of 0 supporting invariants were added.
[2020-06-17 21:12:13,531 INFO  L530          LassoAnalysis]: Proving termination failed for this template and these settings.
[2020-06-17 21:12:13,543 INFO  L497          LassoAnalysis]: Using template '2-phase'.
No working directory specified, using /home/lixie/LassoRankerExp/LassoRankerExp/z3
Starting monitored process 8 with z3 -smt2 -in SMTLIB2_COMPLIANT=true (exit command is (exit), workingDir is null)
Waiting until toolchain timeout for monitored process 8 with z3 -smt2 -in SMTLIB2_COMPLIANT=true
[2020-06-17 21:12:13,545 INFO  L122   nArgumentSynthesizer]: Termination Analysis Settings:
Termination analysis: LINEAR_WITH_GUESSES
Number of strict supporting invariants: 1
Number of non-strict supporting invariants: 0
Consider only non-deceasing supporting invariants: true
Simplify termination arguments: true
Simplify supporting invariants: trueOverapproximate stem: false
[2020-06-17 21:12:13,546 WARN  L334   nArgumentSynthesizer]: Using a linear SMT query and a templates of degree > 0, hence this method is incomplete.
[2020-06-17 21:12:13,546 INFO  L339   nArgumentSynthesizer]: Template has degree 1.
[2020-06-17 21:12:13,546 INFO  L352   nArgumentSynthesizer]: There is no stem transition; disabling supporting invariant generation.
[2020-06-17 21:12:13,546 INFO  L205   nArgumentSynthesizer]: 1 stem disjuncts
[2020-06-17 21:12:13,546 INFO  L206   nArgumentSynthesizer]: 1 loop disjuncts
[2020-06-17 21:12:13,547 INFO  L207   nArgumentSynthesizer]: 3 template conjuncts.
[2020-06-17 21:12:13,548 INFO  L402   nArgumentSynthesizer]: We have 3 Motzkin's Theorem applications.
[2020-06-17 21:12:13,548 INFO  L403   nArgumentSynthesizer]: A total of 0 supporting invariants were added.
[2020-06-17 21:12:13,551 INFO  L530          LassoAnalysis]: Proving termination failed for this template and these settings.
[2020-06-17 21:12:13,562 INFO  L497          LassoAnalysis]: Using template 'lex(affine, affine)'.
No working directory specified, using /home/lixie/LassoRankerExp/LassoRankerExp/z3
Starting monitored process 9 with z3 -smt2 -in SMTLIB2_COMPLIANT=true (exit command is (exit), workingDir is null)
Waiting until toolchain timeout for monitored process 9 with z3 -smt2 -in SMTLIB2_COMPLIANT=true
[2020-06-17 21:12:13,564 INFO  L122   nArgumentSynthesizer]: Termination Analysis Settings:
Termination analysis: LINEAR_WITH_GUESSES
Number of strict supporting invariants: 1
Number of non-strict supporting invariants: 0
Consider only non-deceasing supporting invariants: true
Simplify termination arguments: true
Simplify supporting invariants: trueOverapproximate stem: false
[2020-06-17 21:12:13,566 WARN  L334   nArgumentSynthesizer]: Using a linear SMT query and a templates of degree > 0, hence this method is incomplete.
[2020-06-17 21:12:13,566 INFO  L339   nArgumentSynthesizer]: Template has degree 5.
[2020-06-17 21:12:13,566 INFO  L352   nArgumentSynthesizer]: There is no stem transition; disabling supporting invariant generation.
[2020-06-17 21:12:13,567 INFO  L205   nArgumentSynthesizer]: 1 stem disjuncts
[2020-06-17 21:12:13,567 INFO  L206   nArgumentSynthesizer]: 1 loop disjuncts
[2020-06-17 21:12:13,567 INFO  L207   nArgumentSynthesizer]: 4 template conjuncts.
[2020-06-17 21:12:13,569 INFO  L402   nArgumentSynthesizer]: We have 4 Motzkin's Theorem applications.
[2020-06-17 21:12:13,569 INFO  L403   nArgumentSynthesizer]: A total of 0 supporting invariants were added.
[2020-06-17 21:12:13,572 INFO  L530          LassoAnalysis]: Proving termination failed for this template and these settings.
[2020-06-17 21:12:13,584 INFO  L497          LassoAnalysis]: Using template '2-piece'.
No working directory specified, using /home/lixie/LassoRankerExp/LassoRankerExp/z3
Starting monitored process 10 with z3 -smt2 -in SMTLIB2_COMPLIANT=true (exit command is (exit), workingDir is null)
Waiting until toolchain timeout for monitored process 10 with z3 -smt2 -in SMTLIB2_COMPLIANT=true
[2020-06-17 21:12:13,586 INFO  L122   nArgumentSynthesizer]: Termination Analysis Settings:
Termination analysis: LINEAR_WITH_GUESSES
Number of strict supporting invariants: 1
Number of non-strict supporting invariants: 0
Consider only non-deceasing supporting invariants: true
Simplify termination arguments: true
Simplify supporting invariants: trueOverapproximate stem: false
[2020-06-17 21:12:13,587 WARN  L334   nArgumentSynthesizer]: Using a linear SMT query and a templates of degree > 0, hence this method is incomplete.
[2020-06-17 21:12:13,587 INFO  L339   nArgumentSynthesizer]: Template has degree 7.
[2020-06-17 21:12:13,587 INFO  L352   nArgumentSynthesizer]: There is no stem transition; disabling supporting invariant generation.
[2020-06-17 21:12:13,587 INFO  L205   nArgumentSynthesizer]: 1 stem disjuncts
[2020-06-17 21:12:13,588 INFO  L206   nArgumentSynthesizer]: 1 loop disjuncts
[2020-06-17 21:12:13,588 INFO  L207   nArgumentSynthesizer]: 7 template conjuncts.
[2020-06-17 21:12:13,592 INFO  L402   nArgumentSynthesizer]: We have 7 Motzkin's Theorem applications.
[2020-06-17 21:12:13,592 INFO  L403   nArgumentSynthesizer]: A total of 0 supporting invariants were added.
[2020-06-17 21:12:13,604 INFO  L530          LassoAnalysis]: Proving termination failed for this template and these settings.
[2020-06-17 21:12:13,615 INFO  L497          LassoAnalysis]: Using template '2-parallel'.
No working directory specified, using /home/lixie/LassoRankerExp/LassoRankerExp/z3
Starting monitored process 11 with z3 -smt2 -in SMTLIB2_COMPLIANT=true (exit command is (exit), workingDir is null)
Waiting until toolchain timeout for monitored process 11 with z3 -smt2 -in SMTLIB2_COMPLIANT=true
[2020-06-17 21:12:13,617 INFO  L122   nArgumentSynthesizer]: Termination Analysis Settings:
Termination analysis: LINEAR_WITH_GUESSES
Number of strict supporting invariants: 1
Number of non-strict supporting invariants: 0
Consider only non-deceasing supporting invariants: true
Simplify termination arguments: true
Simplify supporting invariants: trueOverapproximate stem: false
[2020-06-17 21:12:13,618 WARN  L334   nArgumentSynthesizer]: Using a linear SMT query and a templates of degree > 0, hence this method is incomplete.
[2020-06-17 21:12:13,618 INFO  L339   nArgumentSynthesizer]: Template has degree 4.
[2020-06-17 21:12:13,618 INFO  L352   nArgumentSynthesizer]: There is no stem transition; disabling supporting invariant generation.
[2020-06-17 21:12:13,619 INFO  L205   nArgumentSynthesizer]: 1 stem disjuncts
[2020-06-17 21:12:13,619 INFO  L206   nArgumentSynthesizer]: 1 loop disjuncts
[2020-06-17 21:12:13,619 INFO  L207   nArgumentSynthesizer]: 6 template conjuncts.
[2020-06-17 21:12:13,621 INFO  L402   nArgumentSynthesizer]: We have 6 Motzkin's Theorem applications.
[2020-06-17 21:12:13,621 INFO  L403   nArgumentSynthesizer]: A total of 0 supporting invariants were added.
[2020-06-17 21:12:13,626 INFO  L530          LassoAnalysis]: Proving termination failed for this template and these settings.
[2020-06-17 21:12:13,639 INFO  L489     LassoRankerStarter]: LassoRanker could not prove termination or nontermination of the given linear lasso program.
Templates: AffineTemplate NestedTemplate NestedTemplate NestedTemplate MultiphaseTemplate ComposedLexicographicTemplate PiecewiseTemplate ParallelTemplate
[2020-06-17 21:12:13,639 INFO  L132        PluginConnector]: ------------------------ END LassoRanker----------------------------
[2020-06-17 21:12:13,640 INFO  L168              Benchmark]: Toolchain (without parser) took 510.84 ms. Allocated memory is still 514.9 MB. Free memory was 472.9 MB in the beginning and 401.8 MB in the end (delta: 71.1 MB). Peak memory consumption was 71.1 MB. Max. memory is 11.5 GB.
[2020-06-17 21:12:13,641 INFO  L168              Benchmark]: Boogie PL CUP Parser took 0.09 ms. Allocated memory is still 514.9 MB. Free memory is still 474.4 MB. There was no memory consumed. Max. memory is 11.5 GB.
[2020-06-17 21:12:13,641 INFO  L168              Benchmark]: Boogie Preprocessor took 29.71 ms. Allocated memory is still 514.9 MB. Free memory was 471.5 MB in the beginning and 470.1 MB in the end (delta: 1.3 MB). Peak memory consumption was 1.3 MB. Max. memory is 11.5 GB.
[2020-06-17 21:12:13,642 INFO  L168              Benchmark]: RCFGBuilder took 97.90 ms. Allocated memory is still 514.9 MB. Free memory was 470.1 MB in the beginning and 460.6 MB in the end (delta: 9.5 MB). Peak memory consumption was 9.5 MB. Max. memory is 11.5 GB.
[2020-06-17 21:12:13,642 INFO  L168              Benchmark]: LassoRanker took 371.35 ms. Allocated memory is still 514.9 MB. Free memory was 460.6 MB in the beginning and 401.8 MB in the end (delta: 58.8 MB). Peak memory consumption was 58.8 MB. Max. memory is 11.5 GB.
[2020-06-17 21:12:13,643 INFO  L336   ainManager$Toolchain]: #######################  End [Toolchain 1] #######################
 --- Results ---
 * Results from de.uni_freiburg.informatik.ultimate.core:
  - StatisticsResult: Toolchain Benchmarks
    Benchmark results are:
 * Boogie PL CUP Parser took 0.09 ms. Allocated memory is still 514.9 MB. Free memory is still 474.4 MB. There was no memory consumed. Max. memory is 11.5 GB.
 * Boogie Preprocessor took 29.71 ms. Allocated memory is still 514.9 MB. Free memory was 471.5 MB in the beginning and 470.1 MB in the end (delta: 1.3 MB). Peak memory consumption was 1.3 MB. Max. memory is 11.5 GB.
 * RCFGBuilder took 97.90 ms. Allocated memory is still 514.9 MB. Free memory was 470.1 MB in the beginning and 460.6 MB in the end (delta: 9.5 MB). Peak memory consumption was 9.5 MB. Max. memory is 11.5 GB.
 * LassoRanker took 371.35 ms. Allocated memory is still 514.9 MB. Free memory was 460.6 MB in the beginning and 401.8 MB in the end (delta: 58.8 MB). Peak memory consumption was 58.8 MB. Max. memory is 11.5 GB.
 * Results from de.uni_freiburg.informatik.ultimate.plugins.analysis.lassoranker:
  - NoResult [Line: 8]: LassoRanker could not prove termination
    LassoRanker could not prove termination or nontermination of the given linear lasso program.
Templates: AffineTemplate NestedTemplate NestedTemplate NestedTemplate MultiphaseTemplate ComposedLexicographicTemplate PiecewiseTemplate ParallelTemplate
RESULT: Ultimate could not prove your program: Toolchain returned no result.
Received shutdown request...
Ultimate:
GTK+ Version Check
