This is Ultimate 0.1.24-16d85fa
[2020-06-17 21:12:29,115 INFO  L170        SettingsManager]: Resetting all preferences to default values...
[2020-06-17 21:12:29,117 INFO  L174        SettingsManager]: Resetting UltimateCore preferences to default values
[2020-06-17 21:12:29,127 INFO  L177        SettingsManager]: Ultimate Commandline Interface provides no preferences, ignoring...
[2020-06-17 21:12:29,127 INFO  L174        SettingsManager]: Resetting Boogie Preprocessor preferences to default values
[2020-06-17 21:12:29,127 INFO  L174        SettingsManager]: Resetting Boogie Procedure Inliner preferences to default values
[2020-06-17 21:12:29,128 INFO  L174        SettingsManager]: Resetting Abstract Interpretation preferences to default values
[2020-06-17 21:12:29,129 INFO  L174        SettingsManager]: Resetting LassoRanker preferences to default values
[2020-06-17 21:12:29,131 INFO  L174        SettingsManager]: Resetting Reaching Definitions preferences to default values
[2020-06-17 21:12:29,131 INFO  L174        SettingsManager]: Resetting SyntaxChecker preferences to default values
[2020-06-17 21:12:29,132 INFO  L177        SettingsManager]: Büchi Program Product provides no preferences, ignoring...
[2020-06-17 21:12:29,132 INFO  L174        SettingsManager]: Resetting LTL2Aut preferences to default values
[2020-06-17 21:12:29,132 INFO  L174        SettingsManager]: Resetting PEA to Boogie preferences to default values
[2020-06-17 21:12:29,133 INFO  L174        SettingsManager]: Resetting BlockEncodingV2 preferences to default values
[2020-06-17 21:12:29,134 INFO  L174        SettingsManager]: Resetting ChcToBoogie preferences to default values
[2020-06-17 21:12:29,134 INFO  L174        SettingsManager]: Resetting AutomataScriptInterpreter preferences to default values
[2020-06-17 21:12:29,134 INFO  L174        SettingsManager]: Resetting BuchiAutomizer preferences to default values
[2020-06-17 21:12:29,135 INFO  L174        SettingsManager]: Resetting CACSL2BoogieTranslator preferences to default values
[2020-06-17 21:12:29,137 INFO  L174        SettingsManager]: Resetting CodeCheck preferences to default values
[2020-06-17 21:12:29,138 INFO  L174        SettingsManager]: Resetting InvariantSynthesis preferences to default values
[2020-06-17 21:12:29,138 INFO  L174        SettingsManager]: Resetting RCFGBuilder preferences to default values
[2020-06-17 21:12:29,139 INFO  L174        SettingsManager]: Resetting TraceAbstraction preferences to default values
[2020-06-17 21:12:29,140 INFO  L177        SettingsManager]: TraceAbstractionConcurrent provides no preferences, ignoring...
[2020-06-17 21:12:29,141 INFO  L177        SettingsManager]: TraceAbstractionWithAFAs provides no preferences, ignoring...
[2020-06-17 21:12:29,141 INFO  L174        SettingsManager]: Resetting TreeAutomizer preferences to default values
[2020-06-17 21:12:29,141 INFO  L174        SettingsManager]: Resetting IcfgTransformer preferences to default values
[2020-06-17 21:12:29,142 INFO  L174        SettingsManager]: Resetting Boogie Printer preferences to default values
[2020-06-17 21:12:29,142 INFO  L174        SettingsManager]: Resetting ReqPrinter preferences to default values
[2020-06-17 21:12:29,143 INFO  L174        SettingsManager]: Resetting Witness Printer preferences to default values
[2020-06-17 21:12:29,143 INFO  L177        SettingsManager]: Boogie PL CUP Parser provides no preferences, ignoring...
[2020-06-17 21:12:29,143 INFO  L174        SettingsManager]: Resetting CDTParser preferences to default values
[2020-06-17 21:12:29,144 INFO  L177        SettingsManager]: AutomataScriptParser provides no preferences, ignoring...
[2020-06-17 21:12:29,144 INFO  L177        SettingsManager]: ReqParser provides no preferences, ignoring...
[2020-06-17 21:12:29,144 INFO  L174        SettingsManager]: Resetting SmtParser preferences to default values
[2020-06-17 21:12:29,144 INFO  L174        SettingsManager]: Resetting Witness Parser preferences to default values
[2020-06-17 21:12:29,145 INFO  L181        SettingsManager]: Finished resetting all preferences to default values...
[2020-06-17 21:12:29,161 INFO  L81    nceAwareModelManager]: Repository-Root is: /tmp
[2020-06-17 21:12:29,170 INFO  L258   ainManager$Toolchain]: [Toolchain 1]: Applicable parser(s) successfully (re)initialized
[2020-06-17 21:12:29,172 INFO  L214   ainManager$Toolchain]: [Toolchain 1]: Toolchain selected.
[2020-06-17 21:12:29,173 INFO  L271        PluginConnector]: Initializing Boogie PL CUP Parser...
[2020-06-17 21:12:29,173 INFO  L276        PluginConnector]: Boogie PL CUP Parser initialized
[2020-06-17 21:12:29,174 INFO  L418   ainManager$Toolchain]: [Toolchain 1]: Parsing single file: /home/lixie/LassoRankerExp/LassoRankerExp/./Program_non/132.bpl
[2020-06-17 21:12:29,174 INFO  L111           BoogieParser]: Parsing: '/home/lixie/LassoRankerExp/LassoRankerExp/./Program_non/132.bpl'
[2020-06-17 21:12:29,195 INFO  L296   ainManager$Toolchain]: ####################### [Toolchain 1] #######################
[2020-06-17 21:12:29,203 INFO  L131        ToolchainWalker]: Walking toolchain with 3 elements.
[2020-06-17 21:12:29,203 INFO  L113        PluginConnector]: ------------------------Boogie Preprocessor----------------------------
[2020-06-17 21:12:29,204 INFO  L271        PluginConnector]: Initializing Boogie Preprocessor...
[2020-06-17 21:12:29,204 INFO  L276        PluginConnector]: Boogie Preprocessor initialized
[2020-06-17 21:12:29,223 INFO  L185        PluginConnector]: Executing the observer EnsureBoogieModelObserver from plugin Boogie Preprocessor for "132.bpl de.uni_freiburg.informatik.ultimate.boogie.parser AST 17.06 09:12:29" (1/1) ...
[2020-06-17 21:12:29,225 INFO  L185        PluginConnector]: Executing the observer TypeChecker from plugin Boogie Preprocessor for "132.bpl de.uni_freiburg.informatik.ultimate.boogie.parser AST 17.06 09:12:29" (1/1) ...
[2020-06-17 21:12:29,229 INFO  L185        PluginConnector]: Executing the observer ConstExpander from plugin Boogie Preprocessor for "132.bpl de.uni_freiburg.informatik.ultimate.boogie.parser AST 17.06 09:12:29" (1/1) ...
[2020-06-17 21:12:29,229 INFO  L185        PluginConnector]: Executing the observer StructExpander from plugin Boogie Preprocessor for "132.bpl de.uni_freiburg.informatik.ultimate.boogie.parser AST 17.06 09:12:29" (1/1) ...
[2020-06-17 21:12:29,231 INFO  L185        PluginConnector]: Executing the observer UnstructureCode from plugin Boogie Preprocessor for "132.bpl de.uni_freiburg.informatik.ultimate.boogie.parser AST 17.06 09:12:29" (1/1) ...
[2020-06-17 21:12:29,234 INFO  L185        PluginConnector]: Executing the observer FunctionInliner from plugin Boogie Preprocessor for "132.bpl de.uni_freiburg.informatik.ultimate.boogie.parser AST 17.06 09:12:29" (1/1) ...
[2020-06-17 21:12:29,235 INFO  L185        PluginConnector]: Executing the observer BoogieSymbolTableConstructor from plugin Boogie Preprocessor for "132.bpl de.uni_freiburg.informatik.ultimate.boogie.parser AST 17.06 09:12:29" (1/1) ...
[2020-06-17 21:12:29,236 INFO  L132        PluginConnector]: ------------------------ END Boogie Preprocessor----------------------------
[2020-06-17 21:12:29,236 INFO  L113        PluginConnector]: ------------------------RCFGBuilder----------------------------
[2020-06-17 21:12:29,236 INFO  L271        PluginConnector]: Initializing RCFGBuilder...
[2020-06-17 21:12:29,237 INFO  L276        PluginConnector]: RCFGBuilder initialized
[2020-06-17 21:12:29,238 INFO  L185        PluginConnector]: Executing the observer RCFGBuilderObserver from plugin RCFGBuilder for "132.bpl de.uni_freiburg.informatik.ultimate.boogie.parser AST 17.06 09:12:29" (1/1) ...
No working directory specified, using /home/lixie/LassoRankerExp/LassoRankerExp/z3
Starting monitored process 1 with z3 SMTLIB2_COMPLIANT=true -memory:1024 -smt2 -in -t:12000 (exit command is (exit), workingDir is null)
Waiting until toolchain timeout for monitored process 1 with z3 SMTLIB2_COMPLIANT=true -memory:1024 -smt2 -in -t:12000
[2020-06-17 21:12:29,275 INFO  L124     BoogieDeclarations]: Specification and implementation of procedure main given in one single declaration
[2020-06-17 21:12:29,275 INFO  L130     BoogieDeclarations]: Found specification of procedure main
[2020-06-17 21:12:29,275 INFO  L138     BoogieDeclarations]: Found implementation of procedure main
[2020-06-17 21:12:29,343 INFO  L278             CfgBuilder]: Using library mode
[2020-06-17 21:12:29,343 INFO  L286             CfgBuilder]: Removed 0 assue(true) statements.
[2020-06-17 21:12:29,345 INFO  L202        PluginConnector]: Adding new model 132.bpl de.uni_freiburg.informatik.ultimate.plugins.generator.rcfgbuilder CFG 17.06 09:12:29 BoogieIcfgContainer
[2020-06-17 21:12:29,345 INFO  L132        PluginConnector]: ------------------------ END RCFGBuilder----------------------------
[2020-06-17 21:12:29,345 INFO  L113        PluginConnector]: ------------------------LassoRanker----------------------------
[2020-06-17 21:12:29,345 INFO  L271        PluginConnector]: Initializing LassoRanker...
[2020-06-17 21:12:29,345 INFO  L276        PluginConnector]: LassoRanker initialized
[2020-06-17 21:12:29,346 INFO  L185        PluginConnector]: Executing the observer LassoRankerObserver from plugin LassoRanker for "132.bpl de.uni_freiburg.informatik.ultimate.plugins.generator.rcfgbuilder CFG 17.06 09:12:29" (1/1) ...
[2020-06-17 21:12:29,366 INFO  L72            BuchiIsEmpty]: Start buchiIsEmpty. Operand 2 states.
[2020-06-17 21:12:29,380 INFO  L131   ngComponentsAnalysis]: Automaton has 1 accepting balls. 1
[2020-06-17 21:12:29,381 INFO  L87            BuchiIsEmpty]: Finished buchiIsEmpty Result is false
[2020-06-17 21:12:29,381 INFO  L119           BuchiIsEmpty]: Starting construction of run
[2020-06-17 21:12:29,385 INFO  L104     BuchiDifferenceFKV]: Start buchiDifferenceFKV. First operand 2 states. Second operand 1 states.
[2020-06-17 21:12:29,393 INFO  L108     BuchiDifferenceFKV]: Finished buchiDifferenceFKV. First operand 2 states. Second operand 1 states. Result 3 states and 4 transitions. Complement of second has 2 states 2 powerset states0 rank states. The highest rank that occured is -1
[2020-06-17 21:12:29,393 INFO  L72            BuchiIsEmpty]: Start buchiIsEmpty. Operand 3 states and 4 transitions.
[2020-06-17 21:12:29,394 INFO  L131   ngComponentsAnalysis]: Automaton has 0 accepting balls. 0
[2020-06-17 21:12:29,394 INFO  L87            BuchiIsEmpty]: Finished buchiIsEmpty Result is true
[2020-06-17 21:12:29,428 INFO  L216          LassoAnalysis]: Preferences:
[2020-06-17 21:12:29,429 INFO  L124   ssoRankerPreferences]: Compute integeral hull: false
[2020-06-17 21:12:29,429 INFO  L125   ssoRankerPreferences]: Enable LassoPartitioneer: true
[2020-06-17 21:12:29,429 INFO  L126   ssoRankerPreferences]: Term annotations enabled: false
[2020-06-17 21:12:29,429 INFO  L127   ssoRankerPreferences]: Use exernal solver: true
[2020-06-17 21:12:29,430 INFO  L128   ssoRankerPreferences]: SMT solver command: z3 -smt2 -in SMTLIB2_COMPLIANT=true
[2020-06-17 21:12:29,430 INFO  L129   ssoRankerPreferences]: Dump SMT script to file: false
[2020-06-17 21:12:29,430 INFO  L130   ssoRankerPreferences]: Path of dumped script: .
[2020-06-17 21:12:29,430 INFO  L131   ssoRankerPreferences]: Filename of dumped script: LassoRankerScript
[2020-06-17 21:12:29,430 INFO  L132   ssoRankerPreferences]: MapElimAlgo: Frank
[2020-06-17 21:12:29,430 INFO  L282          LassoAnalysis]: Starting lasso preprocessing...
[2020-06-17 21:12:29,444 INFO  L141          MapEliminator]: Using MapEliminator with SimplificationTechnique=SIMPLIFY_DDA XnfConversionTechnique=BOTTOM_UP_WITH_LOCAL_SIMPLIFICATION AddInequalities=false OnlyTrivialImplicationsArrayWrite=false OnlyTrivialImplicationsForModifiedArguments=true OnlyArgumentsInFormula=true
[2020-06-17 21:12:29,451 INFO  L141          MapEliminator]: Using MapEliminator with SimplificationTechnique=SIMPLIFY_DDA XnfConversionTechnique=BOTTOM_UP_WITH_LOCAL_SIMPLIFICATION AddInequalities=false OnlyTrivialImplicationsArrayWrite=false OnlyTrivialImplicationsForModifiedArguments=true OnlyArgumentsInFormula=true
[2020-06-17 21:12:29,456 INFO  L141          MapEliminator]: Using MapEliminator with SimplificationTechnique=SIMPLIFY_DDA XnfConversionTechnique=BOTTOM_UP_WITH_LOCAL_SIMPLIFICATION AddInequalities=false OnlyTrivialImplicationsArrayWrite=false OnlyTrivialImplicationsForModifiedArguments=true OnlyArgumentsInFormula=true
[2020-06-17 21:12:29,510 INFO  L300          LassoAnalysis]: Preprocessing complete.
[2020-06-17 21:12:29,511 INFO  L412          LassoAnalysis]: Checking for nontermination...
No working directory specified, using /home/lixie/LassoRankerExp/LassoRankerExp/z3
Starting monitored process 2 with z3 -smt2 -in SMTLIB2_COMPLIANT=true (exit command is (exit), workingDir is null)
Waiting until toolchain timeout for monitored process 2 with z3 -smt2 -in SMTLIB2_COMPLIANT=true
[2020-06-17 21:12:29,514 INFO  L151   nArgumentSynthesizer]: Nontermination analysis: LINEAR_WITH_GUESSES Allow bounded executions: true Number of generalized eigenvectors: 0 Nilpotent components: true
[2020-06-17 21:12:29,514 INFO  L163   nArgumentSynthesizer]: Using integer mode.
No working directory specified, using /home/lixie/LassoRankerExp/LassoRankerExp/z3
Starting monitored process 3 with z3 -smt2 -in SMTLIB2_COMPLIANT=true (exit command is (exit), workingDir is null)
Waiting until toolchain timeout for monitored process 3 with z3 -smt2 -in SMTLIB2_COMPLIANT=true
[2020-06-17 21:12:29,532 INFO  L151   nArgumentSynthesizer]: Nontermination analysis: LINEAR_WITH_GUESSES Allow bounded executions: true Number of generalized eigenvectors: 3 Nilpotent components: true
[2020-06-17 21:12:29,532 INFO  L163   nArgumentSynthesizer]: Using integer mode.
[2020-06-17 21:12:29,549 INFO  L452          LassoAnalysis]: Proving nontermination failed: No geometric nontermination argument exists.
[2020-06-17 21:12:29,550 INFO  L216          LassoAnalysis]: Preferences:
[2020-06-17 21:12:29,550 INFO  L124   ssoRankerPreferences]: Compute integeral hull: false
[2020-06-17 21:12:29,551 INFO  L125   ssoRankerPreferences]: Enable LassoPartitioneer: true
[2020-06-17 21:12:29,551 INFO  L126   ssoRankerPreferences]: Term annotations enabled: false
[2020-06-17 21:12:29,551 INFO  L127   ssoRankerPreferences]: Use exernal solver: true
[2020-06-17 21:12:29,551 INFO  L128   ssoRankerPreferences]: SMT solver command: z3 -smt2 -in SMTLIB2_COMPLIANT=true
[2020-06-17 21:12:29,551 INFO  L129   ssoRankerPreferences]: Dump SMT script to file: false
[2020-06-17 21:12:29,551 INFO  L130   ssoRankerPreferences]: Path of dumped script: .
[2020-06-17 21:12:29,551 INFO  L131   ssoRankerPreferences]: Filename of dumped script: LassoRankerScript
[2020-06-17 21:12:29,551 INFO  L132   ssoRankerPreferences]: MapElimAlgo: Frank
[2020-06-17 21:12:29,551 INFO  L282          LassoAnalysis]: Starting lasso preprocessing...
[2020-06-17 21:12:29,552 INFO  L141          MapEliminator]: Using MapEliminator with SimplificationTechnique=SIMPLIFY_DDA XnfConversionTechnique=BOTTOM_UP_WITH_LOCAL_SIMPLIFICATION AddInequalities=false OnlyTrivialImplicationsArrayWrite=false OnlyTrivialImplicationsForModifiedArguments=true OnlyArgumentsInFormula=true
[2020-06-17 21:12:29,555 INFO  L141          MapEliminator]: Using MapEliminator with SimplificationTechnique=SIMPLIFY_DDA XnfConversionTechnique=BOTTOM_UP_WITH_LOCAL_SIMPLIFICATION AddInequalities=false OnlyTrivialImplicationsArrayWrite=false OnlyTrivialImplicationsForModifiedArguments=true OnlyArgumentsInFormula=true
[2020-06-17 21:12:29,559 INFO  L141          MapEliminator]: Using MapEliminator with SimplificationTechnique=SIMPLIFY_DDA XnfConversionTechnique=BOTTOM_UP_WITH_LOCAL_SIMPLIFICATION AddInequalities=false OnlyTrivialImplicationsArrayWrite=false OnlyTrivialImplicationsForModifiedArguments=true OnlyArgumentsInFormula=true
[2020-06-17 21:12:29,591 INFO  L300          LassoAnalysis]: Preprocessing complete.
[2020-06-17 21:12:29,594 INFO  L497          LassoAnalysis]: Using template 'affine'.
No working directory specified, using /home/lixie/LassoRankerExp/LassoRankerExp/z3
Starting monitored process 4 with z3 -smt2 -in SMTLIB2_COMPLIANT=true (exit command is (exit), workingDir is null)
Waiting until toolchain timeout for monitored process 4 with z3 -smt2 -in SMTLIB2_COMPLIANT=true
[2020-06-17 21:12:29,597 INFO  L122   nArgumentSynthesizer]: Termination Analysis Settings:
Termination analysis: LINEAR_WITH_GUESSES
Number of strict supporting invariants: 1
Number of non-strict supporting invariants: 0
Consider only non-deceasing supporting invariants: true
Simplify termination arguments: true
Simplify supporting invariants: trueOverapproximate stem: false
[2020-06-17 21:12:29,598 INFO  L339   nArgumentSynthesizer]: Template has degree 0.
[2020-06-17 21:12:29,598 INFO  L352   nArgumentSynthesizer]: There is no stem transition; disabling supporting invariant generation.
[2020-06-17 21:12:29,599 INFO  L205   nArgumentSynthesizer]: 1 stem disjuncts
[2020-06-17 21:12:29,599 INFO  L206   nArgumentSynthesizer]: 1 loop disjuncts
[2020-06-17 21:12:29,599 INFO  L207   nArgumentSynthesizer]: 2 template conjuncts.
[2020-06-17 21:12:29,600 INFO  L402   nArgumentSynthesizer]: We have 2 Motzkin's Theorem applications.
[2020-06-17 21:12:29,601 INFO  L403   nArgumentSynthesizer]: A total of 0 supporting invariants were added.
[2020-06-17 21:12:29,602 INFO  L530          LassoAnalysis]: Proving termination failed for this template and these settings.
No working directory specified, using /home/lixie/LassoRankerExp/LassoRankerExp/z3
Starting monitored process 5 with z3 -smt2 -in SMTLIB2_COMPLIANT=true (exit command is (exit), workingDir is null)
Waiting until toolchain timeout for monitored process 5 with z3 -smt2 -in SMTLIB2_COMPLIANT=true
[2020-06-17 21:12:29,616 INFO  L122   nArgumentSynthesizer]: Termination Analysis Settings:
Termination analysis: LINEAR_WITH_GUESSES
Number of strict supporting invariants: 1
Number of non-strict supporting invariants: 0
Consider only non-deceasing supporting invariants: true
Simplify termination arguments: true
Simplify supporting invariants: trueOverapproximate stem: false
[2020-06-17 21:12:29,617 INFO  L339   nArgumentSynthesizer]: Template has degree 0.
[2020-06-17 21:12:29,617 INFO  L352   nArgumentSynthesizer]: There is no stem transition; disabling supporting invariant generation.
[2020-06-17 21:12:29,617 INFO  L205   nArgumentSynthesizer]: 1 stem disjuncts
[2020-06-17 21:12:29,617 INFO  L206   nArgumentSynthesizer]: 1 loop disjuncts
[2020-06-17 21:12:29,617 INFO  L207   nArgumentSynthesizer]: 2 template conjuncts.
[2020-06-17 21:12:29,618 INFO  L402   nArgumentSynthesizer]: We have 2 Motzkin's Theorem applications.
[2020-06-17 21:12:29,618 INFO  L403   nArgumentSynthesizer]: A total of 0 supporting invariants were added.
[2020-06-17 21:12:29,620 INFO  L421   nArgumentSynthesizer]: Found a termination argument, trying to simplify.
[2020-06-17 21:12:29,625 INFO  L443   ModelExtractionUtils]: Simplification made 3 calls to the SMT solver.
[2020-06-17 21:12:29,625 INFO  L444   ModelExtractionUtils]: 0 out of 3 variables were initially zero. Simplification set additionally 0 variables to zero.
No working directory specified, using /home/lixie/LassoRankerExp/LassoRankerExp/z3
Starting monitored process 6 with z3 -smt2 -in SMTLIB2_COMPLIANT=true (exit command is (exit), workingDir is null)
Waiting until toolchain timeout for monitored process 6 with z3 -smt2 -in SMTLIB2_COMPLIANT=true
[2020-06-17 21:12:29,630 INFO  L437   nArgumentSynthesizer]: Simplifying supporting invariants...
[2020-06-17 21:12:29,630 INFO  L440   nArgumentSynthesizer]: Removed 0 redundant supporting invariants from a total of 0.
[2020-06-17 21:12:29,630 INFO  L518          LassoAnalysis]: Proved termination.
[2020-06-17 21:12:29,631 INFO  L520          LassoAnalysis]: Termination argument consisting of:
Ranking function f(main_x) = 2*main_x + 1
Supporting invariants []
[2020-06-17 21:12:29,648 INFO  L132        PluginConnector]: ------------------------ END LassoRanker----------------------------
[2020-06-17 21:12:29,649 INFO  L168              Benchmark]: Toolchain (without parser) took 453.82 ms. Allocated memory is still 514.9 MB. Free memory was 472.9 MB in the beginning and 415.3 MB in the end (delta: 57.6 MB). Peak memory consumption was 57.6 MB. Max. memory is 11.5 GB.
[2020-06-17 21:12:29,650 INFO  L168              Benchmark]: Boogie PL CUP Parser took 0.11 ms. Allocated memory is still 514.9 MB. Free memory is still 474.4 MB. There was no memory consumed. Max. memory is 11.5 GB.
[2020-06-17 21:12:29,651 INFO  L168              Benchmark]: Boogie Preprocessor took 32.48 ms. Allocated memory is still 514.9 MB. Free memory was 471.5 MB in the beginning and 470.2 MB in the end (delta: 1.3 MB). Peak memory consumption was 1.3 MB. Max. memory is 11.5 GB.
[2020-06-17 21:12:29,651 INFO  L168              Benchmark]: RCFGBuilder took 108.39 ms. Allocated memory is still 514.9 MB. Free memory was 470.2 MB in the beginning and 460.7 MB in the end (delta: 9.5 MB). Peak memory consumption was 9.5 MB. Max. memory is 11.5 GB.
[2020-06-17 21:12:29,652 INFO  L168              Benchmark]: LassoRanker took 303.55 ms. Allocated memory is still 514.9 MB. Free memory was 460.7 MB in the beginning and 415.3 MB in the end (delta: 45.4 MB). Peak memory consumption was 45.4 MB. Max. memory is 11.5 GB.
[2020-06-17 21:12:29,654 INFO  L336   ainManager$Toolchain]: #######################  End [Toolchain 1] #######################
 --- Results ---
 * Results from de.uni_freiburg.informatik.ultimate.core:
  - StatisticsResult: Toolchain Benchmarks
    Benchmark results are:
 * Boogie PL CUP Parser took 0.11 ms. Allocated memory is still 514.9 MB. Free memory is still 474.4 MB. There was no memory consumed. Max. memory is 11.5 GB.
 * Boogie Preprocessor took 32.48 ms. Allocated memory is still 514.9 MB. Free memory was 471.5 MB in the beginning and 470.2 MB in the end (delta: 1.3 MB). Peak memory consumption was 1.3 MB. Max. memory is 11.5 GB.
 * RCFGBuilder took 108.39 ms. Allocated memory is still 514.9 MB. Free memory was 470.2 MB in the beginning and 460.7 MB in the end (delta: 9.5 MB). Peak memory consumption was 9.5 MB. Max. memory is 11.5 GB.
 * LassoRanker took 303.55 ms. Allocated memory is still 514.9 MB. Free memory was 460.7 MB in the beginning and 415.3 MB in the end (delta: 45.4 MB). Peak memory consumption was 45.4 MB. Max. memory is 11.5 GB.
 * Results from de.uni_freiburg.informatik.ultimate.plugins.analysis.lassoranker:
  - TerminationArgumentResult [Line: 12]: Found affine ranking function
    Found a termination argument consisting of the affine ranking function: [2 * x + 1] for which no supporting invariant is required.
RESULT: Ultimate proved your program to be correct!
Received shutdown request...
Ultimate:
GTK+ Version Check
