This is Ultimate 0.1.24-16d85fa
[2020-06-17 21:12:33,350 INFO  L170        SettingsManager]: Resetting all preferences to default values...
[2020-06-17 21:12:33,351 INFO  L174        SettingsManager]: Resetting UltimateCore preferences to default values
[2020-06-17 21:12:33,362 INFO  L177        SettingsManager]: Ultimate Commandline Interface provides no preferences, ignoring...
[2020-06-17 21:12:33,362 INFO  L174        SettingsManager]: Resetting Boogie Preprocessor preferences to default values
[2020-06-17 21:12:33,362 INFO  L174        SettingsManager]: Resetting Boogie Procedure Inliner preferences to default values
[2020-06-17 21:12:33,363 INFO  L174        SettingsManager]: Resetting Abstract Interpretation preferences to default values
[2020-06-17 21:12:33,364 INFO  L174        SettingsManager]: Resetting LassoRanker preferences to default values
[2020-06-17 21:12:33,365 INFO  L174        SettingsManager]: Resetting Reaching Definitions preferences to default values
[2020-06-17 21:12:33,366 INFO  L174        SettingsManager]: Resetting SyntaxChecker preferences to default values
[2020-06-17 21:12:33,367 INFO  L177        SettingsManager]: Büchi Program Product provides no preferences, ignoring...
[2020-06-17 21:12:33,367 INFO  L174        SettingsManager]: Resetting LTL2Aut preferences to default values
[2020-06-17 21:12:33,368 INFO  L174        SettingsManager]: Resetting PEA to Boogie preferences to default values
[2020-06-17 21:12:33,368 INFO  L174        SettingsManager]: Resetting BlockEncodingV2 preferences to default values
[2020-06-17 21:12:33,369 INFO  L174        SettingsManager]: Resetting ChcToBoogie preferences to default values
[2020-06-17 21:12:33,370 INFO  L174        SettingsManager]: Resetting AutomataScriptInterpreter preferences to default values
[2020-06-17 21:12:33,370 INFO  L174        SettingsManager]: Resetting BuchiAutomizer preferences to default values
[2020-06-17 21:12:33,372 INFO  L174        SettingsManager]: Resetting CACSL2BoogieTranslator preferences to default values
[2020-06-17 21:12:33,374 INFO  L174        SettingsManager]: Resetting CodeCheck preferences to default values
[2020-06-17 21:12:33,375 INFO  L174        SettingsManager]: Resetting InvariantSynthesis preferences to default values
[2020-06-17 21:12:33,376 INFO  L174        SettingsManager]: Resetting RCFGBuilder preferences to default values
[2020-06-17 21:12:33,377 INFO  L174        SettingsManager]: Resetting TraceAbstraction preferences to default values
[2020-06-17 21:12:33,379 INFO  L177        SettingsManager]: TraceAbstractionConcurrent provides no preferences, ignoring...
[2020-06-17 21:12:33,379 INFO  L177        SettingsManager]: TraceAbstractionWithAFAs provides no preferences, ignoring...
[2020-06-17 21:12:33,380 INFO  L174        SettingsManager]: Resetting TreeAutomizer preferences to default values
[2020-06-17 21:12:33,380 INFO  L174        SettingsManager]: Resetting IcfgTransformer preferences to default values
[2020-06-17 21:12:33,381 INFO  L174        SettingsManager]: Resetting Boogie Printer preferences to default values
[2020-06-17 21:12:33,382 INFO  L174        SettingsManager]: Resetting ReqPrinter preferences to default values
[2020-06-17 21:12:33,383 INFO  L174        SettingsManager]: Resetting Witness Printer preferences to default values
[2020-06-17 21:12:33,383 INFO  L177        SettingsManager]: Boogie PL CUP Parser provides no preferences, ignoring...
[2020-06-17 21:12:33,384 INFO  L174        SettingsManager]: Resetting CDTParser preferences to default values
[2020-06-17 21:12:33,384 INFO  L177        SettingsManager]: AutomataScriptParser provides no preferences, ignoring...
[2020-06-17 21:12:33,384 INFO  L177        SettingsManager]: ReqParser provides no preferences, ignoring...
[2020-06-17 21:12:33,385 INFO  L174        SettingsManager]: Resetting SmtParser preferences to default values
[2020-06-17 21:12:33,385 INFO  L174        SettingsManager]: Resetting Witness Parser preferences to default values
[2020-06-17 21:12:33,386 INFO  L181        SettingsManager]: Finished resetting all preferences to default values...
[2020-06-17 21:12:33,405 INFO  L81    nceAwareModelManager]: Repository-Root is: /tmp
[2020-06-17 21:12:33,412 INFO  L258   ainManager$Toolchain]: [Toolchain 1]: Applicable parser(s) successfully (re)initialized
[2020-06-17 21:12:33,414 INFO  L214   ainManager$Toolchain]: [Toolchain 1]: Toolchain selected.
[2020-06-17 21:12:33,415 INFO  L271        PluginConnector]: Initializing Boogie PL CUP Parser...
[2020-06-17 21:12:33,415 INFO  L276        PluginConnector]: Boogie PL CUP Parser initialized
[2020-06-17 21:12:33,416 INFO  L418   ainManager$Toolchain]: [Toolchain 1]: Parsing single file: /home/lixie/LassoRankerExp/LassoRankerExp/./Program_non/136.bpl
[2020-06-17 21:12:33,416 INFO  L111           BoogieParser]: Parsing: '/home/lixie/LassoRankerExp/LassoRankerExp/./Program_non/136.bpl'
[2020-06-17 21:12:33,434 INFO  L296   ainManager$Toolchain]: ####################### [Toolchain 1] #######################
[2020-06-17 21:12:33,441 INFO  L131        ToolchainWalker]: Walking toolchain with 3 elements.
[2020-06-17 21:12:33,441 INFO  L113        PluginConnector]: ------------------------Boogie Preprocessor----------------------------
[2020-06-17 21:12:33,441 INFO  L271        PluginConnector]: Initializing Boogie Preprocessor...
[2020-06-17 21:12:33,441 INFO  L276        PluginConnector]: Boogie Preprocessor initialized
[2020-06-17 21:12:33,455 INFO  L185        PluginConnector]: Executing the observer EnsureBoogieModelObserver from plugin Boogie Preprocessor for "136.bpl de.uni_freiburg.informatik.ultimate.boogie.parser AST 17.06 09:12:33" (1/1) ...
[2020-06-17 21:12:33,456 INFO  L185        PluginConnector]: Executing the observer TypeChecker from plugin Boogie Preprocessor for "136.bpl de.uni_freiburg.informatik.ultimate.boogie.parser AST 17.06 09:12:33" (1/1) ...
[2020-06-17 21:12:33,460 INFO  L185        PluginConnector]: Executing the observer ConstExpander from plugin Boogie Preprocessor for "136.bpl de.uni_freiburg.informatik.ultimate.boogie.parser AST 17.06 09:12:33" (1/1) ...
[2020-06-17 21:12:33,460 INFO  L185        PluginConnector]: Executing the observer StructExpander from plugin Boogie Preprocessor for "136.bpl de.uni_freiburg.informatik.ultimate.boogie.parser AST 17.06 09:12:33" (1/1) ...
[2020-06-17 21:12:33,461 INFO  L185        PluginConnector]: Executing the observer UnstructureCode from plugin Boogie Preprocessor for "136.bpl de.uni_freiburg.informatik.ultimate.boogie.parser AST 17.06 09:12:33" (1/1) ...
[2020-06-17 21:12:33,463 INFO  L185        PluginConnector]: Executing the observer FunctionInliner from plugin Boogie Preprocessor for "136.bpl de.uni_freiburg.informatik.ultimate.boogie.parser AST 17.06 09:12:33" (1/1) ...
[2020-06-17 21:12:33,464 INFO  L185        PluginConnector]: Executing the observer BoogieSymbolTableConstructor from plugin Boogie Preprocessor for "136.bpl de.uni_freiburg.informatik.ultimate.boogie.parser AST 17.06 09:12:33" (1/1) ...
[2020-06-17 21:12:33,465 INFO  L132        PluginConnector]: ------------------------ END Boogie Preprocessor----------------------------
[2020-06-17 21:12:33,465 INFO  L113        PluginConnector]: ------------------------RCFGBuilder----------------------------
[2020-06-17 21:12:33,465 INFO  L271        PluginConnector]: Initializing RCFGBuilder...
[2020-06-17 21:12:33,465 INFO  L276        PluginConnector]: RCFGBuilder initialized
[2020-06-17 21:12:33,466 INFO  L185        PluginConnector]: Executing the observer RCFGBuilderObserver from plugin RCFGBuilder for "136.bpl de.uni_freiburg.informatik.ultimate.boogie.parser AST 17.06 09:12:33" (1/1) ...
No working directory specified, using /home/lixie/LassoRankerExp/LassoRankerExp/z3
Starting monitored process 1 with z3 SMTLIB2_COMPLIANT=true -memory:1024 -smt2 -in -t:12000 (exit command is (exit), workingDir is null)
Waiting until toolchain timeout for monitored process 1 with z3 SMTLIB2_COMPLIANT=true -memory:1024 -smt2 -in -t:12000
[2020-06-17 21:12:33,501 INFO  L124     BoogieDeclarations]: Specification and implementation of procedure main given in one single declaration
[2020-06-17 21:12:33,501 INFO  L130     BoogieDeclarations]: Found specification of procedure main
[2020-06-17 21:12:33,501 INFO  L138     BoogieDeclarations]: Found implementation of procedure main
[2020-06-17 21:12:33,574 INFO  L278             CfgBuilder]: Using library mode
[2020-06-17 21:12:33,574 INFO  L286             CfgBuilder]: Removed 0 assue(true) statements.
[2020-06-17 21:12:33,575 INFO  L202        PluginConnector]: Adding new model 136.bpl de.uni_freiburg.informatik.ultimate.plugins.generator.rcfgbuilder CFG 17.06 09:12:33 BoogieIcfgContainer
[2020-06-17 21:12:33,575 INFO  L132        PluginConnector]: ------------------------ END RCFGBuilder----------------------------
[2020-06-17 21:12:33,575 INFO  L113        PluginConnector]: ------------------------LassoRanker----------------------------
[2020-06-17 21:12:33,575 INFO  L271        PluginConnector]: Initializing LassoRanker...
[2020-06-17 21:12:33,575 INFO  L276        PluginConnector]: LassoRanker initialized
[2020-06-17 21:12:33,576 INFO  L185        PluginConnector]: Executing the observer LassoRankerObserver from plugin LassoRanker for "136.bpl de.uni_freiburg.informatik.ultimate.plugins.generator.rcfgbuilder CFG 17.06 09:12:33" (1/1) ...
[2020-06-17 21:12:33,594 INFO  L72            BuchiIsEmpty]: Start buchiIsEmpty. Operand 2 states.
[2020-06-17 21:12:33,607 INFO  L131   ngComponentsAnalysis]: Automaton has 1 accepting balls. 1
[2020-06-17 21:12:33,607 INFO  L87            BuchiIsEmpty]: Finished buchiIsEmpty Result is false
[2020-06-17 21:12:33,607 INFO  L119           BuchiIsEmpty]: Starting construction of run
[2020-06-17 21:12:33,612 INFO  L104     BuchiDifferenceFKV]: Start buchiDifferenceFKV. First operand 2 states. Second operand 1 states.
[2020-06-17 21:12:33,619 INFO  L108     BuchiDifferenceFKV]: Finished buchiDifferenceFKV. First operand 2 states. Second operand 1 states. Result 3 states and 4 transitions. Complement of second has 2 states 2 powerset states0 rank states. The highest rank that occured is -1
[2020-06-17 21:12:33,619 INFO  L72            BuchiIsEmpty]: Start buchiIsEmpty. Operand 3 states and 4 transitions.
[2020-06-17 21:12:33,620 INFO  L131   ngComponentsAnalysis]: Automaton has 0 accepting balls. 0
[2020-06-17 21:12:33,620 INFO  L87            BuchiIsEmpty]: Finished buchiIsEmpty Result is true
[2020-06-17 21:12:33,650 INFO  L216          LassoAnalysis]: Preferences:
[2020-06-17 21:12:33,651 INFO  L124   ssoRankerPreferences]: Compute integeral hull: false
[2020-06-17 21:12:33,651 INFO  L125   ssoRankerPreferences]: Enable LassoPartitioneer: true
[2020-06-17 21:12:33,651 INFO  L126   ssoRankerPreferences]: Term annotations enabled: false
[2020-06-17 21:12:33,652 INFO  L127   ssoRankerPreferences]: Use exernal solver: true
[2020-06-17 21:12:33,652 INFO  L128   ssoRankerPreferences]: SMT solver command: z3 -smt2 -in SMTLIB2_COMPLIANT=true
[2020-06-17 21:12:33,652 INFO  L129   ssoRankerPreferences]: Dump SMT script to file: false
[2020-06-17 21:12:33,652 INFO  L130   ssoRankerPreferences]: Path of dumped script: .
[2020-06-17 21:12:33,652 INFO  L131   ssoRankerPreferences]: Filename of dumped script: LassoRankerScript
[2020-06-17 21:12:33,652 INFO  L132   ssoRankerPreferences]: MapElimAlgo: Frank
[2020-06-17 21:12:33,652 INFO  L282          LassoAnalysis]: Starting lasso preprocessing...
[2020-06-17 21:12:33,667 INFO  L141          MapEliminator]: Using MapEliminator with SimplificationTechnique=SIMPLIFY_DDA XnfConversionTechnique=BOTTOM_UP_WITH_LOCAL_SIMPLIFICATION AddInequalities=false OnlyTrivialImplicationsArrayWrite=false OnlyTrivialImplicationsForModifiedArguments=true OnlyArgumentsInFormula=true
[2020-06-17 21:12:33,715 INFO  L300          LassoAnalysis]: Preprocessing complete.
[2020-06-17 21:12:33,716 INFO  L412          LassoAnalysis]: Checking for nontermination...
No working directory specified, using /home/lixie/LassoRankerExp/LassoRankerExp/z3
Starting monitored process 2 with z3 -smt2 -in SMTLIB2_COMPLIANT=true (exit command is (exit), workingDir is null)
Waiting until toolchain timeout for monitored process 2 with z3 -smt2 -in SMTLIB2_COMPLIANT=true
[2020-06-17 21:12:33,719 INFO  L151   nArgumentSynthesizer]: Nontermination analysis: LINEAR_WITH_GUESSES Allow bounded executions: true Number of generalized eigenvectors: 0 Nilpotent components: true
No working directory specified, using /home/lixie/LassoRankerExp/LassoRankerExp/z3
Starting monitored process 3 with z3 -smt2 -in SMTLIB2_COMPLIANT=true (exit command is (exit), workingDir is null)
Waiting until toolchain timeout for monitored process 3 with z3 -smt2 -in SMTLIB2_COMPLIANT=true
[2020-06-17 21:12:33,737 INFO  L151   nArgumentSynthesizer]: Nontermination analysis: LINEAR_WITH_GUESSES Allow bounded executions: true Number of generalized eigenvectors: 3 Nilpotent components: true
[2020-06-17 21:12:33,748 INFO  L452          LassoAnalysis]: Proving nontermination failed: No geometric nontermination argument exists.
[2020-06-17 21:12:33,760 INFO  L216          LassoAnalysis]: Preferences:
[2020-06-17 21:12:33,760 INFO  L124   ssoRankerPreferences]: Compute integeral hull: false
[2020-06-17 21:12:33,760 INFO  L125   ssoRankerPreferences]: Enable LassoPartitioneer: true
[2020-06-17 21:12:33,760 INFO  L126   ssoRankerPreferences]: Term annotations enabled: false
[2020-06-17 21:12:33,760 INFO  L127   ssoRankerPreferences]: Use exernal solver: true
[2020-06-17 21:12:33,760 INFO  L128   ssoRankerPreferences]: SMT solver command: z3 -smt2 -in SMTLIB2_COMPLIANT=true
[2020-06-17 21:12:33,760 INFO  L129   ssoRankerPreferences]: Dump SMT script to file: false
[2020-06-17 21:12:33,760 INFO  L130   ssoRankerPreferences]: Path of dumped script: .
[2020-06-17 21:12:33,760 INFO  L131   ssoRankerPreferences]: Filename of dumped script: LassoRankerScript
[2020-06-17 21:12:33,760 INFO  L132   ssoRankerPreferences]: MapElimAlgo: Frank
[2020-06-17 21:12:33,761 INFO  L282          LassoAnalysis]: Starting lasso preprocessing...
[2020-06-17 21:12:33,762 INFO  L141          MapEliminator]: Using MapEliminator with SimplificationTechnique=SIMPLIFY_DDA XnfConversionTechnique=BOTTOM_UP_WITH_LOCAL_SIMPLIFICATION AddInequalities=false OnlyTrivialImplicationsArrayWrite=false OnlyTrivialImplicationsForModifiedArguments=true OnlyArgumentsInFormula=true
[2020-06-17 21:12:33,803 INFO  L300          LassoAnalysis]: Preprocessing complete.
[2020-06-17 21:12:33,808 INFO  L497          LassoAnalysis]: Using template 'affine'.
No working directory specified, using /home/lixie/LassoRankerExp/LassoRankerExp/z3
Starting monitored process 4 with z3 -smt2 -in SMTLIB2_COMPLIANT=true (exit command is (exit), workingDir is null)
Waiting until toolchain timeout for monitored process 4 with z3 -smt2 -in SMTLIB2_COMPLIANT=true
[2020-06-17 21:12:33,811 INFO  L122   nArgumentSynthesizer]: Termination Analysis Settings:
Termination analysis: LINEAR_WITH_GUESSES
Number of strict supporting invariants: 1
Number of non-strict supporting invariants: 0
Consider only non-deceasing supporting invariants: true
Simplify termination arguments: true
Simplify supporting invariants: trueOverapproximate stem: false
[2020-06-17 21:12:33,812 INFO  L339   nArgumentSynthesizer]: Template has degree 0.
[2020-06-17 21:12:33,812 INFO  L352   nArgumentSynthesizer]: There is no stem transition; disabling supporting invariant generation.
[2020-06-17 21:12:33,813 INFO  L205   nArgumentSynthesizer]: 1 stem disjuncts
[2020-06-17 21:12:33,813 INFO  L206   nArgumentSynthesizer]: 1 loop disjuncts
[2020-06-17 21:12:33,813 INFO  L207   nArgumentSynthesizer]: 2 template conjuncts.
[2020-06-17 21:12:33,815 INFO  L402   nArgumentSynthesizer]: We have 2 Motzkin's Theorem applications.
[2020-06-17 21:12:33,815 INFO  L403   nArgumentSynthesizer]: A total of 0 supporting invariants were added.
[2020-06-17 21:12:33,818 INFO  L530          LassoAnalysis]: Proving termination failed for this template and these settings.
[2020-06-17 21:12:33,833 INFO  L497          LassoAnalysis]: Using template '2-nested'.
No working directory specified, using /home/lixie/LassoRankerExp/LassoRankerExp/z3
Starting monitored process 5 with z3 -smt2 -in SMTLIB2_COMPLIANT=true (exit command is (exit), workingDir is null)
Waiting until toolchain timeout for monitored process 5 with z3 -smt2 -in SMTLIB2_COMPLIANT=true
[2020-06-17 21:12:33,835 INFO  L122   nArgumentSynthesizer]: Termination Analysis Settings:
Termination analysis: LINEAR_WITH_GUESSES
Number of strict supporting invariants: 1
Number of non-strict supporting invariants: 0
Consider only non-deceasing supporting invariants: true
Simplify termination arguments: true
Simplify supporting invariants: trueOverapproximate stem: false
[2020-06-17 21:12:33,836 INFO  L339   nArgumentSynthesizer]: Template has degree 0.
[2020-06-17 21:12:33,836 INFO  L352   nArgumentSynthesizer]: There is no stem transition; disabling supporting invariant generation.
[2020-06-17 21:12:33,837 INFO  L205   nArgumentSynthesizer]: 1 stem disjuncts
[2020-06-17 21:12:33,837 INFO  L206   nArgumentSynthesizer]: 1 loop disjuncts
[2020-06-17 21:12:33,837 INFO  L207   nArgumentSynthesizer]: 3 template conjuncts.
[2020-06-17 21:12:33,839 INFO  L402   nArgumentSynthesizer]: We have 3 Motzkin's Theorem applications.
[2020-06-17 21:12:33,839 INFO  L403   nArgumentSynthesizer]: A total of 0 supporting invariants were added.
[2020-06-17 21:12:33,841 INFO  L530          LassoAnalysis]: Proving termination failed for this template and these settings.
[2020-06-17 21:12:33,853 INFO  L497          LassoAnalysis]: Using template '3-nested'.
No working directory specified, using /home/lixie/LassoRankerExp/LassoRankerExp/z3
Starting monitored process 6 with z3 -smt2 -in SMTLIB2_COMPLIANT=true (exit command is (exit), workingDir is null)
Waiting until toolchain timeout for monitored process 6 with z3 -smt2 -in SMTLIB2_COMPLIANT=true
[2020-06-17 21:12:33,854 INFO  L122   nArgumentSynthesizer]: Termination Analysis Settings:
Termination analysis: LINEAR_WITH_GUESSES
Number of strict supporting invariants: 1
Number of non-strict supporting invariants: 0
Consider only non-deceasing supporting invariants: true
Simplify termination arguments: true
Simplify supporting invariants: trueOverapproximate stem: false
[2020-06-17 21:12:33,856 INFO  L339   nArgumentSynthesizer]: Template has degree 0.
[2020-06-17 21:12:33,856 INFO  L352   nArgumentSynthesizer]: There is no stem transition; disabling supporting invariant generation.
[2020-06-17 21:12:33,856 INFO  L205   nArgumentSynthesizer]: 1 stem disjuncts
[2020-06-17 21:12:33,856 INFO  L206   nArgumentSynthesizer]: 1 loop disjuncts
[2020-06-17 21:12:33,856 INFO  L207   nArgumentSynthesizer]: 4 template conjuncts.
[2020-06-17 21:12:33,859 INFO  L402   nArgumentSynthesizer]: We have 4 Motzkin's Theorem applications.
[2020-06-17 21:12:33,859 INFO  L403   nArgumentSynthesizer]: A total of 0 supporting invariants were added.
[2020-06-17 21:12:33,862 INFO  L530          LassoAnalysis]: Proving termination failed for this template and these settings.
[2020-06-17 21:12:33,881 INFO  L497          LassoAnalysis]: Using template '4-nested'.
No working directory specified, using /home/lixie/LassoRankerExp/LassoRankerExp/z3
Starting monitored process 7 with z3 -smt2 -in SMTLIB2_COMPLIANT=true (exit command is (exit), workingDir is null)
Waiting until toolchain timeout for monitored process 7 with z3 -smt2 -in SMTLIB2_COMPLIANT=true
[2020-06-17 21:12:33,882 INFO  L122   nArgumentSynthesizer]: Termination Analysis Settings:
Termination analysis: LINEAR_WITH_GUESSES
Number of strict supporting invariants: 1
Number of non-strict supporting invariants: 0
Consider only non-deceasing supporting invariants: true
Simplify termination arguments: true
Simplify supporting invariants: trueOverapproximate stem: false
[2020-06-17 21:12:33,884 INFO  L339   nArgumentSynthesizer]: Template has degree 0.
[2020-06-17 21:12:33,884 INFO  L352   nArgumentSynthesizer]: There is no stem transition; disabling supporting invariant generation.
[2020-06-17 21:12:33,884 INFO  L205   nArgumentSynthesizer]: 1 stem disjuncts
[2020-06-17 21:12:33,884 INFO  L206   nArgumentSynthesizer]: 1 loop disjuncts
[2020-06-17 21:12:33,884 INFO  L207   nArgumentSynthesizer]: 5 template conjuncts.
[2020-06-17 21:12:33,888 INFO  L402   nArgumentSynthesizer]: We have 5 Motzkin's Theorem applications.
[2020-06-17 21:12:33,888 INFO  L403   nArgumentSynthesizer]: A total of 0 supporting invariants were added.
[2020-06-17 21:12:33,891 INFO  L530          LassoAnalysis]: Proving termination failed for this template and these settings.
[2020-06-17 21:12:33,903 INFO  L497          LassoAnalysis]: Using template '2-phase'.
No working directory specified, using /home/lixie/LassoRankerExp/LassoRankerExp/z3
Starting monitored process 8 with z3 -smt2 -in SMTLIB2_COMPLIANT=true (exit command is (exit), workingDir is null)
Waiting until toolchain timeout for monitored process 8 with z3 -smt2 -in SMTLIB2_COMPLIANT=true
[2020-06-17 21:12:33,905 INFO  L122   nArgumentSynthesizer]: Termination Analysis Settings:
Termination analysis: LINEAR_WITH_GUESSES
Number of strict supporting invariants: 1
Number of non-strict supporting invariants: 0
Consider only non-deceasing supporting invariants: true
Simplify termination arguments: true
Simplify supporting invariants: trueOverapproximate stem: false
[2020-06-17 21:12:33,906 WARN  L334   nArgumentSynthesizer]: Using a linear SMT query and a templates of degree > 0, hence this method is incomplete.
[2020-06-17 21:12:33,906 INFO  L339   nArgumentSynthesizer]: Template has degree 1.
[2020-06-17 21:12:33,906 INFO  L352   nArgumentSynthesizer]: There is no stem transition; disabling supporting invariant generation.
[2020-06-17 21:12:33,906 INFO  L205   nArgumentSynthesizer]: 1 stem disjuncts
[2020-06-17 21:12:33,906 INFO  L206   nArgumentSynthesizer]: 1 loop disjuncts
[2020-06-17 21:12:33,906 INFO  L207   nArgumentSynthesizer]: 3 template conjuncts.
[2020-06-17 21:12:33,909 INFO  L402   nArgumentSynthesizer]: We have 3 Motzkin's Theorem applications.
[2020-06-17 21:12:33,909 INFO  L403   nArgumentSynthesizer]: A total of 0 supporting invariants were added.
[2020-06-17 21:12:33,914 INFO  L530          LassoAnalysis]: Proving termination failed for this template and these settings.
[2020-06-17 21:12:33,927 INFO  L497          LassoAnalysis]: Using template 'lex(affine, affine)'.
No working directory specified, using /home/lixie/LassoRankerExp/LassoRankerExp/z3
Starting monitored process 9 with z3 -smt2 -in SMTLIB2_COMPLIANT=true (exit command is (exit), workingDir is null)
Waiting until toolchain timeout for monitored process 9 with z3 -smt2 -in SMTLIB2_COMPLIANT=true
[2020-06-17 21:12:33,928 INFO  L122   nArgumentSynthesizer]: Termination Analysis Settings:
Termination analysis: LINEAR_WITH_GUESSES
Number of strict supporting invariants: 1
Number of non-strict supporting invariants: 0
Consider only non-deceasing supporting invariants: true
Simplify termination arguments: true
Simplify supporting invariants: trueOverapproximate stem: false
[2020-06-17 21:12:33,930 WARN  L334   nArgumentSynthesizer]: Using a linear SMT query and a templates of degree > 0, hence this method is incomplete.
[2020-06-17 21:12:33,930 INFO  L339   nArgumentSynthesizer]: Template has degree 5.
[2020-06-17 21:12:33,930 INFO  L352   nArgumentSynthesizer]: There is no stem transition; disabling supporting invariant generation.
[2020-06-17 21:12:33,930 INFO  L205   nArgumentSynthesizer]: 1 stem disjuncts
[2020-06-17 21:12:33,931 INFO  L206   nArgumentSynthesizer]: 1 loop disjuncts
[2020-06-17 21:12:33,931 INFO  L207   nArgumentSynthesizer]: 4 template conjuncts.
[2020-06-17 21:12:33,934 INFO  L402   nArgumentSynthesizer]: We have 4 Motzkin's Theorem applications.
[2020-06-17 21:12:33,934 INFO  L403   nArgumentSynthesizer]: A total of 0 supporting invariants were added.
[2020-06-17 21:12:33,940 INFO  L530          LassoAnalysis]: Proving termination failed for this template and these settings.
[2020-06-17 21:12:33,953 INFO  L497          LassoAnalysis]: Using template '2-piece'.
No working directory specified, using /home/lixie/LassoRankerExp/LassoRankerExp/z3
Starting monitored process 10 with z3 -smt2 -in SMTLIB2_COMPLIANT=true (exit command is (exit), workingDir is null)
Waiting until toolchain timeout for monitored process 10 with z3 -smt2 -in SMTLIB2_COMPLIANT=true
[2020-06-17 21:12:33,954 INFO  L122   nArgumentSynthesizer]: Termination Analysis Settings:
Termination analysis: LINEAR_WITH_GUESSES
Number of strict supporting invariants: 1
Number of non-strict supporting invariants: 0
Consider only non-deceasing supporting invariants: true
Simplify termination arguments: true
Simplify supporting invariants: trueOverapproximate stem: false
[2020-06-17 21:12:33,956 WARN  L334   nArgumentSynthesizer]: Using a linear SMT query and a templates of degree > 0, hence this method is incomplete.
[2020-06-17 21:12:33,956 INFO  L339   nArgumentSynthesizer]: Template has degree 7.
[2020-06-17 21:12:33,956 INFO  L352   nArgumentSynthesizer]: There is no stem transition; disabling supporting invariant generation.
[2020-06-17 21:12:33,957 INFO  L205   nArgumentSynthesizer]: 1 stem disjuncts
[2020-06-17 21:12:33,957 INFO  L206   nArgumentSynthesizer]: 1 loop disjuncts
[2020-06-17 21:12:33,957 INFO  L207   nArgumentSynthesizer]: 7 template conjuncts.
[2020-06-17 21:12:33,962 INFO  L402   nArgumentSynthesizer]: We have 7 Motzkin's Theorem applications.
[2020-06-17 21:12:33,963 INFO  L403   nArgumentSynthesizer]: A total of 0 supporting invariants were added.
[2020-06-17 21:12:34,139 INFO  L530          LassoAnalysis]: Proving termination failed for this template and these settings.
[2020-06-17 21:12:34,151 INFO  L497          LassoAnalysis]: Using template '2-parallel'.
No working directory specified, using /home/lixie/LassoRankerExp/LassoRankerExp/z3
Starting monitored process 11 with z3 -smt2 -in SMTLIB2_COMPLIANT=true (exit command is (exit), workingDir is null)
Waiting until toolchain timeout for monitored process 11 with z3 -smt2 -in SMTLIB2_COMPLIANT=true
[2020-06-17 21:12:34,152 INFO  L122   nArgumentSynthesizer]: Termination Analysis Settings:
Termination analysis: LINEAR_WITH_GUESSES
Number of strict supporting invariants: 1
Number of non-strict supporting invariants: 0
Consider only non-deceasing supporting invariants: true
Simplify termination arguments: true
Simplify supporting invariants: trueOverapproximate stem: false
[2020-06-17 21:12:34,154 WARN  L334   nArgumentSynthesizer]: Using a linear SMT query and a templates of degree > 0, hence this method is incomplete.
[2020-06-17 21:12:34,154 INFO  L339   nArgumentSynthesizer]: Template has degree 4.
[2020-06-17 21:12:34,154 INFO  L352   nArgumentSynthesizer]: There is no stem transition; disabling supporting invariant generation.
[2020-06-17 21:12:34,154 INFO  L205   nArgumentSynthesizer]: 1 stem disjuncts
[2020-06-17 21:12:34,154 INFO  L206   nArgumentSynthesizer]: 1 loop disjuncts
[2020-06-17 21:12:34,154 INFO  L207   nArgumentSynthesizer]: 6 template conjuncts.
[2020-06-17 21:12:34,158 INFO  L402   nArgumentSynthesizer]: We have 6 Motzkin's Theorem applications.
[2020-06-17 21:12:34,159 INFO  L403   nArgumentSynthesizer]: A total of 0 supporting invariants were added.
[2020-06-17 21:12:34,175 INFO  L530          LassoAnalysis]: Proving termination failed for this template and these settings.
[2020-06-17 21:12:34,188 INFO  L489     LassoRankerStarter]: LassoRanker could not prove termination or nontermination of the given linear lasso program.
Templates: AffineTemplate NestedTemplate NestedTemplate NestedTemplate MultiphaseTemplate ComposedLexicographicTemplate PiecewiseTemplate ParallelTemplate
[2020-06-17 21:12:34,188 INFO  L132        PluginConnector]: ------------------------ END LassoRanker----------------------------
[2020-06-17 21:12:34,189 INFO  L168              Benchmark]: Toolchain (without parser) took 754.20 ms. Allocated memory is still 514.9 MB. Free memory was 472.9 MB in the beginning and 387.1 MB in the end (delta: 85.8 MB). Peak memory consumption was 85.8 MB. Max. memory is 11.5 GB.
[2020-06-17 21:12:34,190 INFO  L168              Benchmark]: Boogie PL CUP Parser took 0.09 ms. Allocated memory is still 514.9 MB. Free memory is still 474.4 MB. There was no memory consumed. Max. memory is 11.5 GB.
[2020-06-17 21:12:34,190 INFO  L168              Benchmark]: Boogie Preprocessor took 23.55 ms. Allocated memory is still 514.9 MB. Free memory was 471.5 MB in the beginning and 470.2 MB in the end (delta: 1.3 MB). Peak memory consumption was 1.3 MB. Max. memory is 11.5 GB.
[2020-06-17 21:12:34,191 INFO  L168              Benchmark]: RCFGBuilder took 109.68 ms. Allocated memory is still 514.9 MB. Free memory was 470.2 MB in the beginning and 460.7 MB in the end (delta: 9.4 MB). Peak memory consumption was 9.4 MB. Max. memory is 11.5 GB.
[2020-06-17 21:12:34,191 INFO  L168              Benchmark]: LassoRanker took 613.19 ms. Allocated memory is still 514.9 MB. Free memory was 460.7 MB in the beginning and 387.1 MB in the end (delta: 73.7 MB). Peak memory consumption was 73.7 MB. Max. memory is 11.5 GB.
[2020-06-17 21:12:34,194 INFO  L336   ainManager$Toolchain]: #######################  End [Toolchain 1] #######################
 --- Results ---
 * Results from de.uni_freiburg.informatik.ultimate.core:
  - StatisticsResult: Toolchain Benchmarks
    Benchmark results are:
 * Boogie PL CUP Parser took 0.09 ms. Allocated memory is still 514.9 MB. Free memory is still 474.4 MB. There was no memory consumed. Max. memory is 11.5 GB.
 * Boogie Preprocessor took 23.55 ms. Allocated memory is still 514.9 MB. Free memory was 471.5 MB in the beginning and 470.2 MB in the end (delta: 1.3 MB). Peak memory consumption was 1.3 MB. Max. memory is 11.5 GB.
 * RCFGBuilder took 109.68 ms. Allocated memory is still 514.9 MB. Free memory was 470.2 MB in the beginning and 460.7 MB in the end (delta: 9.4 MB). Peak memory consumption was 9.4 MB. Max. memory is 11.5 GB.
 * LassoRanker took 613.19 ms. Allocated memory is still 514.9 MB. Free memory was 460.7 MB in the beginning and 387.1 MB in the end (delta: 73.7 MB). Peak memory consumption was 73.7 MB. Max. memory is 11.5 GB.
 * Results from de.uni_freiburg.informatik.ultimate.plugins.analysis.lassoranker:
  - NoResult [Line: 11]: LassoRanker could not prove termination
    LassoRanker could not prove termination or nontermination of the given linear lasso program.
Templates: AffineTemplate NestedTemplate NestedTemplate NestedTemplate MultiphaseTemplate ComposedLexicographicTemplate PiecewiseTemplate ParallelTemplate
RESULT: Ultimate could not prove your program: Toolchain returned no result.
Received shutdown request...
Ultimate:
GTK+ Version Check
