This is Ultimate 0.1.24-16d85fa
[2020-06-17 21:12:38,797 INFO  L170        SettingsManager]: Resetting all preferences to default values...
[2020-06-17 21:12:38,798 INFO  L174        SettingsManager]: Resetting UltimateCore preferences to default values
[2020-06-17 21:12:38,808 INFO  L177        SettingsManager]: Ultimate Commandline Interface provides no preferences, ignoring...
[2020-06-17 21:12:38,808 INFO  L174        SettingsManager]: Resetting Boogie Preprocessor preferences to default values
[2020-06-17 21:12:38,808 INFO  L174        SettingsManager]: Resetting Boogie Procedure Inliner preferences to default values
[2020-06-17 21:12:38,809 INFO  L174        SettingsManager]: Resetting Abstract Interpretation preferences to default values
[2020-06-17 21:12:38,810 INFO  L174        SettingsManager]: Resetting LassoRanker preferences to default values
[2020-06-17 21:12:38,812 INFO  L174        SettingsManager]: Resetting Reaching Definitions preferences to default values
[2020-06-17 21:12:38,812 INFO  L174        SettingsManager]: Resetting SyntaxChecker preferences to default values
[2020-06-17 21:12:38,813 INFO  L177        SettingsManager]: Büchi Program Product provides no preferences, ignoring...
[2020-06-17 21:12:38,813 INFO  L174        SettingsManager]: Resetting LTL2Aut preferences to default values
[2020-06-17 21:12:38,813 INFO  L174        SettingsManager]: Resetting PEA to Boogie preferences to default values
[2020-06-17 21:12:38,814 INFO  L174        SettingsManager]: Resetting BlockEncodingV2 preferences to default values
[2020-06-17 21:12:38,814 INFO  L174        SettingsManager]: Resetting ChcToBoogie preferences to default values
[2020-06-17 21:12:38,815 INFO  L174        SettingsManager]: Resetting AutomataScriptInterpreter preferences to default values
[2020-06-17 21:12:38,815 INFO  L174        SettingsManager]: Resetting BuchiAutomizer preferences to default values
[2020-06-17 21:12:38,816 INFO  L174        SettingsManager]: Resetting CACSL2BoogieTranslator preferences to default values
[2020-06-17 21:12:38,818 INFO  L174        SettingsManager]: Resetting CodeCheck preferences to default values
[2020-06-17 21:12:38,819 INFO  L174        SettingsManager]: Resetting InvariantSynthesis preferences to default values
[2020-06-17 21:12:38,819 INFO  L174        SettingsManager]: Resetting RCFGBuilder preferences to default values
[2020-06-17 21:12:38,820 INFO  L174        SettingsManager]: Resetting TraceAbstraction preferences to default values
[2020-06-17 21:12:38,822 INFO  L177        SettingsManager]: TraceAbstractionConcurrent provides no preferences, ignoring...
[2020-06-17 21:12:38,822 INFO  L177        SettingsManager]: TraceAbstractionWithAFAs provides no preferences, ignoring...
[2020-06-17 21:12:38,822 INFO  L174        SettingsManager]: Resetting TreeAutomizer preferences to default values
[2020-06-17 21:12:38,822 INFO  L174        SettingsManager]: Resetting IcfgTransformer preferences to default values
[2020-06-17 21:12:38,823 INFO  L174        SettingsManager]: Resetting Boogie Printer preferences to default values
[2020-06-17 21:12:38,823 INFO  L174        SettingsManager]: Resetting ReqPrinter preferences to default values
[2020-06-17 21:12:38,824 INFO  L174        SettingsManager]: Resetting Witness Printer preferences to default values
[2020-06-17 21:12:38,824 INFO  L177        SettingsManager]: Boogie PL CUP Parser provides no preferences, ignoring...
[2020-06-17 21:12:38,825 INFO  L174        SettingsManager]: Resetting CDTParser preferences to default values
[2020-06-17 21:12:38,825 INFO  L177        SettingsManager]: AutomataScriptParser provides no preferences, ignoring...
[2020-06-17 21:12:38,825 INFO  L177        SettingsManager]: ReqParser provides no preferences, ignoring...
[2020-06-17 21:12:38,825 INFO  L174        SettingsManager]: Resetting SmtParser preferences to default values
[2020-06-17 21:12:38,826 INFO  L174        SettingsManager]: Resetting Witness Parser preferences to default values
[2020-06-17 21:12:38,826 INFO  L181        SettingsManager]: Finished resetting all preferences to default values...
[2020-06-17 21:12:38,842 INFO  L81    nceAwareModelManager]: Repository-Root is: /tmp
[2020-06-17 21:12:38,850 INFO  L258   ainManager$Toolchain]: [Toolchain 1]: Applicable parser(s) successfully (re)initialized
[2020-06-17 21:12:38,852 INFO  L214   ainManager$Toolchain]: [Toolchain 1]: Toolchain selected.
[2020-06-17 21:12:38,853 INFO  L271        PluginConnector]: Initializing Boogie PL CUP Parser...
[2020-06-17 21:12:38,853 INFO  L276        PluginConnector]: Boogie PL CUP Parser initialized
[2020-06-17 21:12:38,854 INFO  L418   ainManager$Toolchain]: [Toolchain 1]: Parsing single file: /home/lixie/LassoRankerExp/LassoRankerExp/./Program_non/144.bpl
[2020-06-17 21:12:38,854 INFO  L111           BoogieParser]: Parsing: '/home/lixie/LassoRankerExp/LassoRankerExp/./Program_non/144.bpl'
[2020-06-17 21:12:38,873 INFO  L296   ainManager$Toolchain]: ####################### [Toolchain 1] #######################
[2020-06-17 21:12:38,879 INFO  L131        ToolchainWalker]: Walking toolchain with 3 elements.
[2020-06-17 21:12:38,880 INFO  L113        PluginConnector]: ------------------------Boogie Preprocessor----------------------------
[2020-06-17 21:12:38,880 INFO  L271        PluginConnector]: Initializing Boogie Preprocessor...
[2020-06-17 21:12:38,880 INFO  L276        PluginConnector]: Boogie Preprocessor initialized
[2020-06-17 21:12:38,894 INFO  L185        PluginConnector]: Executing the observer EnsureBoogieModelObserver from plugin Boogie Preprocessor for "144.bpl de.uni_freiburg.informatik.ultimate.boogie.parser AST 17.06 09:12:38" (1/1) ...
[2020-06-17 21:12:38,895 INFO  L185        PluginConnector]: Executing the observer TypeChecker from plugin Boogie Preprocessor for "144.bpl de.uni_freiburg.informatik.ultimate.boogie.parser AST 17.06 09:12:38" (1/1) ...
[2020-06-17 21:12:38,899 INFO  L185        PluginConnector]: Executing the observer ConstExpander from plugin Boogie Preprocessor for "144.bpl de.uni_freiburg.informatik.ultimate.boogie.parser AST 17.06 09:12:38" (1/1) ...
[2020-06-17 21:12:38,899 INFO  L185        PluginConnector]: Executing the observer StructExpander from plugin Boogie Preprocessor for "144.bpl de.uni_freiburg.informatik.ultimate.boogie.parser AST 17.06 09:12:38" (1/1) ...
[2020-06-17 21:12:38,901 INFO  L185        PluginConnector]: Executing the observer UnstructureCode from plugin Boogie Preprocessor for "144.bpl de.uni_freiburg.informatik.ultimate.boogie.parser AST 17.06 09:12:38" (1/1) ...
[2020-06-17 21:12:38,903 INFO  L185        PluginConnector]: Executing the observer FunctionInliner from plugin Boogie Preprocessor for "144.bpl de.uni_freiburg.informatik.ultimate.boogie.parser AST 17.06 09:12:38" (1/1) ...
[2020-06-17 21:12:38,904 INFO  L185        PluginConnector]: Executing the observer BoogieSymbolTableConstructor from plugin Boogie Preprocessor for "144.bpl de.uni_freiburg.informatik.ultimate.boogie.parser AST 17.06 09:12:38" (1/1) ...
[2020-06-17 21:12:38,905 INFO  L132        PluginConnector]: ------------------------ END Boogie Preprocessor----------------------------
[2020-06-17 21:12:38,905 INFO  L113        PluginConnector]: ------------------------RCFGBuilder----------------------------
[2020-06-17 21:12:38,905 INFO  L271        PluginConnector]: Initializing RCFGBuilder...
[2020-06-17 21:12:38,905 INFO  L276        PluginConnector]: RCFGBuilder initialized
[2020-06-17 21:12:38,906 INFO  L185        PluginConnector]: Executing the observer RCFGBuilderObserver from plugin RCFGBuilder for "144.bpl de.uni_freiburg.informatik.ultimate.boogie.parser AST 17.06 09:12:38" (1/1) ...
No working directory specified, using /home/lixie/LassoRankerExp/LassoRankerExp/z3
Starting monitored process 1 with z3 SMTLIB2_COMPLIANT=true -memory:1024 -smt2 -in -t:12000 (exit command is (exit), workingDir is null)
Waiting until toolchain timeout for monitored process 1 with z3 SMTLIB2_COMPLIANT=true -memory:1024 -smt2 -in -t:12000
[2020-06-17 21:12:38,944 INFO  L124     BoogieDeclarations]: Specification and implementation of procedure main given in one single declaration
[2020-06-17 21:12:38,944 INFO  L130     BoogieDeclarations]: Found specification of procedure main
[2020-06-17 21:12:38,944 INFO  L138     BoogieDeclarations]: Found implementation of procedure main
[2020-06-17 21:12:39,021 INFO  L278             CfgBuilder]: Using library mode
[2020-06-17 21:12:39,021 INFO  L286             CfgBuilder]: Removed 0 assue(true) statements.
[2020-06-17 21:12:39,022 INFO  L202        PluginConnector]: Adding new model 144.bpl de.uni_freiburg.informatik.ultimate.plugins.generator.rcfgbuilder CFG 17.06 09:12:39 BoogieIcfgContainer
[2020-06-17 21:12:39,022 INFO  L132        PluginConnector]: ------------------------ END RCFGBuilder----------------------------
[2020-06-17 21:12:39,022 INFO  L113        PluginConnector]: ------------------------LassoRanker----------------------------
[2020-06-17 21:12:39,022 INFO  L271        PluginConnector]: Initializing LassoRanker...
[2020-06-17 21:12:39,023 INFO  L276        PluginConnector]: LassoRanker initialized
[2020-06-17 21:12:39,023 INFO  L185        PluginConnector]: Executing the observer LassoRankerObserver from plugin LassoRanker for "144.bpl de.uni_freiburg.informatik.ultimate.plugins.generator.rcfgbuilder CFG 17.06 09:12:39" (1/1) ...
[2020-06-17 21:12:39,041 INFO  L72            BuchiIsEmpty]: Start buchiIsEmpty. Operand 2 states.
[2020-06-17 21:12:39,054 INFO  L131   ngComponentsAnalysis]: Automaton has 1 accepting balls. 1
[2020-06-17 21:12:39,054 INFO  L87            BuchiIsEmpty]: Finished buchiIsEmpty Result is false
[2020-06-17 21:12:39,054 INFO  L119           BuchiIsEmpty]: Starting construction of run
[2020-06-17 21:12:39,059 INFO  L104     BuchiDifferenceFKV]: Start buchiDifferenceFKV. First operand 2 states. Second operand 1 states.
[2020-06-17 21:12:39,066 INFO  L108     BuchiDifferenceFKV]: Finished buchiDifferenceFKV. First operand 2 states. Second operand 1 states. Result 3 states and 4 transitions. Complement of second has 2 states 2 powerset states0 rank states. The highest rank that occured is -1
[2020-06-17 21:12:39,066 INFO  L72            BuchiIsEmpty]: Start buchiIsEmpty. Operand 3 states and 4 transitions.
[2020-06-17 21:12:39,067 INFO  L131   ngComponentsAnalysis]: Automaton has 0 accepting balls. 0
[2020-06-17 21:12:39,067 INFO  L87            BuchiIsEmpty]: Finished buchiIsEmpty Result is true
[2020-06-17 21:12:39,108 INFO  L216          LassoAnalysis]: Preferences:
[2020-06-17 21:12:39,109 INFO  L124   ssoRankerPreferences]: Compute integeral hull: false
[2020-06-17 21:12:39,109 INFO  L125   ssoRankerPreferences]: Enable LassoPartitioneer: true
[2020-06-17 21:12:39,109 INFO  L126   ssoRankerPreferences]: Term annotations enabled: false
[2020-06-17 21:12:39,110 INFO  L127   ssoRankerPreferences]: Use exernal solver: true
[2020-06-17 21:12:39,110 INFO  L128   ssoRankerPreferences]: SMT solver command: z3 -smt2 -in SMTLIB2_COMPLIANT=true
[2020-06-17 21:12:39,110 INFO  L129   ssoRankerPreferences]: Dump SMT script to file: false
[2020-06-17 21:12:39,110 INFO  L130   ssoRankerPreferences]: Path of dumped script: .
[2020-06-17 21:12:39,110 INFO  L131   ssoRankerPreferences]: Filename of dumped script: LassoRankerScript
[2020-06-17 21:12:39,110 INFO  L132   ssoRankerPreferences]: MapElimAlgo: Frank
[2020-06-17 21:12:39,110 INFO  L282          LassoAnalysis]: Starting lasso preprocessing...
[2020-06-17 21:12:39,123 INFO  L141          MapEliminator]: Using MapEliminator with SimplificationTechnique=SIMPLIFY_DDA XnfConversionTechnique=BOTTOM_UP_WITH_LOCAL_SIMPLIFICATION AddInequalities=false OnlyTrivialImplicationsArrayWrite=false OnlyTrivialImplicationsForModifiedArguments=true OnlyArgumentsInFormula=true
[2020-06-17 21:12:39,134 INFO  L141          MapEliminator]: Using MapEliminator with SimplificationTechnique=SIMPLIFY_DDA XnfConversionTechnique=BOTTOM_UP_WITH_LOCAL_SIMPLIFICATION AddInequalities=false OnlyTrivialImplicationsArrayWrite=false OnlyTrivialImplicationsForModifiedArguments=true OnlyArgumentsInFormula=true
[2020-06-17 21:12:39,184 INFO  L300          LassoAnalysis]: Preprocessing complete.
[2020-06-17 21:12:39,184 INFO  L412          LassoAnalysis]: Checking for nontermination...
No working directory specified, using /home/lixie/LassoRankerExp/LassoRankerExp/z3
Starting monitored process 2 with z3 -smt2 -in SMTLIB2_COMPLIANT=true (exit command is (exit), workingDir is null)
Waiting until toolchain timeout for monitored process 2 with z3 -smt2 -in SMTLIB2_COMPLIANT=true
[2020-06-17 21:12:39,193 INFO  L151   nArgumentSynthesizer]: Nontermination analysis: LINEAR_WITH_GUESSES Allow bounded executions: true Number of generalized eigenvectors: 0 Nilpotent components: true
No working directory specified, using /home/lixie/LassoRankerExp/LassoRankerExp/z3
Starting monitored process 3 with z3 -smt2 -in SMTLIB2_COMPLIANT=true (exit command is (exit), workingDir is null)
Waiting until toolchain timeout for monitored process 3 with z3 -smt2 -in SMTLIB2_COMPLIANT=true
[2020-06-17 21:12:39,213 INFO  L151   nArgumentSynthesizer]: Nontermination analysis: LINEAR_WITH_GUESSES Allow bounded executions: true Number of generalized eigenvectors: 3 Nilpotent components: true
[2020-06-17 21:12:39,221 INFO  L452          LassoAnalysis]: Proving nontermination failed: No geometric nontermination argument exists.
[2020-06-17 21:12:39,233 INFO  L216          LassoAnalysis]: Preferences:
[2020-06-17 21:12:39,234 INFO  L124   ssoRankerPreferences]: Compute integeral hull: false
[2020-06-17 21:12:39,234 INFO  L125   ssoRankerPreferences]: Enable LassoPartitioneer: true
[2020-06-17 21:12:39,234 INFO  L126   ssoRankerPreferences]: Term annotations enabled: false
[2020-06-17 21:12:39,234 INFO  L127   ssoRankerPreferences]: Use exernal solver: true
[2020-06-17 21:12:39,234 INFO  L128   ssoRankerPreferences]: SMT solver command: z3 -smt2 -in SMTLIB2_COMPLIANT=true
[2020-06-17 21:12:39,234 INFO  L129   ssoRankerPreferences]: Dump SMT script to file: false
[2020-06-17 21:12:39,234 INFO  L130   ssoRankerPreferences]: Path of dumped script: .
[2020-06-17 21:12:39,234 INFO  L131   ssoRankerPreferences]: Filename of dumped script: LassoRankerScript
[2020-06-17 21:12:39,234 INFO  L132   ssoRankerPreferences]: MapElimAlgo: Frank
[2020-06-17 21:12:39,234 INFO  L282          LassoAnalysis]: Starting lasso preprocessing...
[2020-06-17 21:12:39,236 INFO  L141          MapEliminator]: Using MapEliminator with SimplificationTechnique=SIMPLIFY_DDA XnfConversionTechnique=BOTTOM_UP_WITH_LOCAL_SIMPLIFICATION AddInequalities=false OnlyTrivialImplicationsArrayWrite=false OnlyTrivialImplicationsForModifiedArguments=true OnlyArgumentsInFormula=true
[2020-06-17 21:12:39,241 INFO  L141          MapEliminator]: Using MapEliminator with SimplificationTechnique=SIMPLIFY_DDA XnfConversionTechnique=BOTTOM_UP_WITH_LOCAL_SIMPLIFICATION AddInequalities=false OnlyTrivialImplicationsArrayWrite=false OnlyTrivialImplicationsForModifiedArguments=true OnlyArgumentsInFormula=true
[2020-06-17 21:12:39,270 INFO  L300          LassoAnalysis]: Preprocessing complete.
[2020-06-17 21:12:39,274 INFO  L497          LassoAnalysis]: Using template 'affine'.
No working directory specified, using /home/lixie/LassoRankerExp/LassoRankerExp/z3
Starting monitored process 4 with z3 -smt2 -in SMTLIB2_COMPLIANT=true (exit command is (exit), workingDir is null)
Waiting until toolchain timeout for monitored process 4 with z3 -smt2 -in SMTLIB2_COMPLIANT=true
[2020-06-17 21:12:39,276 INFO  L122   nArgumentSynthesizer]: Termination Analysis Settings:
Termination analysis: LINEAR_WITH_GUESSES
Number of strict supporting invariants: 1
Number of non-strict supporting invariants: 0
Consider only non-deceasing supporting invariants: true
Simplify termination arguments: true
Simplify supporting invariants: trueOverapproximate stem: false
[2020-06-17 21:12:39,277 INFO  L339   nArgumentSynthesizer]: Template has degree 0.
[2020-06-17 21:12:39,277 INFO  L352   nArgumentSynthesizer]: There is no stem transition; disabling supporting invariant generation.
[2020-06-17 21:12:39,278 INFO  L205   nArgumentSynthesizer]: 1 stem disjuncts
[2020-06-17 21:12:39,278 INFO  L206   nArgumentSynthesizer]: 1 loop disjuncts
[2020-06-17 21:12:39,278 INFO  L207   nArgumentSynthesizer]: 2 template conjuncts.
[2020-06-17 21:12:39,280 INFO  L402   nArgumentSynthesizer]: We have 2 Motzkin's Theorem applications.
[2020-06-17 21:12:39,280 INFO  L403   nArgumentSynthesizer]: A total of 0 supporting invariants were added.
[2020-06-17 21:12:39,282 INFO  L530          LassoAnalysis]: Proving termination failed for this template and these settings.
No working directory specified, using /home/lixie/LassoRankerExp/LassoRankerExp/z3
Starting monitored process 5 with z3 -smt2 -in SMTLIB2_COMPLIANT=true (exit command is (exit), workingDir is null)
Waiting until toolchain timeout for monitored process 5 with z3 -smt2 -in SMTLIB2_COMPLIANT=true
[2020-06-17 21:12:39,296 INFO  L122   nArgumentSynthesizer]: Termination Analysis Settings:
Termination analysis: LINEAR_WITH_GUESSES
Number of strict supporting invariants: 1
Number of non-strict supporting invariants: 0
Consider only non-deceasing supporting invariants: true
Simplify termination arguments: true
Simplify supporting invariants: trueOverapproximate stem: false
[2020-06-17 21:12:39,297 INFO  L339   nArgumentSynthesizer]: Template has degree 0.
[2020-06-17 21:12:39,297 INFO  L352   nArgumentSynthesizer]: There is no stem transition; disabling supporting invariant generation.
[2020-06-17 21:12:39,297 INFO  L205   nArgumentSynthesizer]: 1 stem disjuncts
[2020-06-17 21:12:39,297 INFO  L206   nArgumentSynthesizer]: 1 loop disjuncts
[2020-06-17 21:12:39,297 INFO  L207   nArgumentSynthesizer]: 2 template conjuncts.
[2020-06-17 21:12:39,299 INFO  L402   nArgumentSynthesizer]: We have 2 Motzkin's Theorem applications.
[2020-06-17 21:12:39,299 INFO  L403   nArgumentSynthesizer]: A total of 0 supporting invariants were added.
[2020-06-17 21:12:39,300 INFO  L530          LassoAnalysis]: Proving termination failed for this template and these settings.
[2020-06-17 21:12:39,312 INFO  L497          LassoAnalysis]: Using template '2-nested'.
No working directory specified, using /home/lixie/LassoRankerExp/LassoRankerExp/z3
Starting monitored process 6 with z3 -smt2 -in SMTLIB2_COMPLIANT=true (exit command is (exit), workingDir is null)
Waiting until toolchain timeout for monitored process 6 with z3 -smt2 -in SMTLIB2_COMPLIANT=true
[2020-06-17 21:12:39,314 INFO  L122   nArgumentSynthesizer]: Termination Analysis Settings:
Termination analysis: LINEAR_WITH_GUESSES
Number of strict supporting invariants: 1
Number of non-strict supporting invariants: 0
Consider only non-deceasing supporting invariants: true
Simplify termination arguments: true
Simplify supporting invariants: trueOverapproximate stem: false
[2020-06-17 21:12:39,316 INFO  L339   nArgumentSynthesizer]: Template has degree 0.
[2020-06-17 21:12:39,316 INFO  L352   nArgumentSynthesizer]: There is no stem transition; disabling supporting invariant generation.
[2020-06-17 21:12:39,316 INFO  L205   nArgumentSynthesizer]: 1 stem disjuncts
[2020-06-17 21:12:39,316 INFO  L206   nArgumentSynthesizer]: 1 loop disjuncts
[2020-06-17 21:12:39,316 INFO  L207   nArgumentSynthesizer]: 3 template conjuncts.
[2020-06-17 21:12:39,318 INFO  L402   nArgumentSynthesizer]: We have 3 Motzkin's Theorem applications.
[2020-06-17 21:12:39,318 INFO  L403   nArgumentSynthesizer]: A total of 0 supporting invariants were added.
[2020-06-17 21:12:39,320 INFO  L421   nArgumentSynthesizer]: Found a termination argument, trying to simplify.
[2020-06-17 21:12:39,325 INFO  L443   ModelExtractionUtils]: Simplification made 3 calls to the SMT solver.
[2020-06-17 21:12:39,325 INFO  L444   ModelExtractionUtils]: 2 out of 7 variables were initially zero. Simplification set additionally 0 variables to zero.
No working directory specified, using /home/lixie/LassoRankerExp/LassoRankerExp/z3
Starting monitored process 7 with z3 -smt2 -in SMTLIB2_COMPLIANT=true (exit command is (exit), workingDir is null)
Waiting until toolchain timeout for monitored process 7 with z3 -smt2 -in SMTLIB2_COMPLIANT=true
[2020-06-17 21:12:39,328 INFO  L437   nArgumentSynthesizer]: Simplifying supporting invariants...
[2020-06-17 21:12:39,328 INFO  L440   nArgumentSynthesizer]: Removed 0 redundant supporting invariants from a total of 0.
[2020-06-17 21:12:39,328 INFO  L518          LassoAnalysis]: Proved termination.
[2020-06-17 21:12:39,328 INFO  L520          LassoAnalysis]: Termination argument consisting of:
Ranking function 2-nested ranking function:
  f0 = -2*main_w + 1
  f1 = 2*main_z + 1
Supporting invariants []
[2020-06-17 21:12:39,344 FATAL L292        ToolchainWalker]: The Plugin de.uni_freiburg.informatik.ultimate.plugins.analysis.lassoranker has thrown an exception:
java.lang.UnsupportedOperationException: don't know symbol which is neither leftAssoc, rightAssoc, chainable, or pairwise.
	at de.uni_freiburg.informatik.ultimate.modelcheckerutils.boogie.Term2Expression.translate(Term2Expression.java:256)
	at de.uni_freiburg.informatik.ultimate.modelcheckerutils.boogie.Term2Expression.translate(Term2Expression.java:129)
	at de.uni_freiburg.informatik.ultimate.modelcheckerutils.boogie.Term2Expression.translate(Term2Expression.java:165)
	at de.uni_freiburg.informatik.ultimate.modelcheckerutils.boogie.Term2Expression.translate(Term2Expression.java:129)
	at de.uni_freiburg.informatik.ultimate.modelcheckerutils.boogie.Term2Expression.translate(Term2Expression.java:165)
	at de.uni_freiburg.informatik.ultimate.modelcheckerutils.boogie.Term2Expression.translate(Term2Expression.java:129)
	at de.uni_freiburg.informatik.ultimate.modelcheckerutils.boogie.Term2Expression.translate(Term2Expression.java:165)
	at de.uni_freiburg.informatik.ultimate.modelcheckerutils.boogie.Term2Expression.translate(Term2Expression.java:129)
	at de.uni_freiburg.informatik.ultimate.plugins.generator.rcfgbuilder.RCFGBacktranslator.translateExpression(RCFGBacktranslator.java:394)
	at de.uni_freiburg.informatik.ultimate.plugins.generator.rcfgbuilder.RCFGBacktranslator.translateExpression(RCFGBacktranslator.java:1)
	at de.uni_freiburg.informatik.ultimate.core.coreplugin.services.ModelTranslationContainer.translateExpression(ModelTranslationContainer.java:105)
	at de.uni_freiburg.informatik.ultimate.core.coreplugin.services.ModelTranslationContainer.translateExpressionToString(ModelTranslationContainer.java:89)
	at de.uni_freiburg.informatik.ultimate.core.lib.results.TerminationArgumentResult.getLongDescription(TerminationArgumentResult.java:95)
	at de.uni_freiburg.informatik.ultimate.core.coreplugin.services.ResultService.reportResult(ResultService.java:85)
	at de.uni_freiburg.informatik.ultimate.plugins.analysis.lassoranker.LassoRankerStarter.reportResult(LassoRankerStarter.java:552)
	at de.uni_freiburg.informatik.ultimate.plugins.analysis.lassoranker.LassoRankerStarter.reportTerminationResult(LassoRankerStarter.java:437)
	at de.uni_freiburg.informatik.ultimate.plugins.analysis.lassoranker.LassoRankerStarter.<init>(LassoRankerStarter.java:254)
	at de.uni_freiburg.informatik.ultimate.plugins.analysis.lassoranker.LassoRankerObserver.process(LassoRankerObserver.java:72)
	at de.uni_freiburg.informatik.ultimate.core.coreplugin.modelwalker.CFGWalker.runObserver(CFGWalker.java:57)
	at de.uni_freiburg.informatik.ultimate.core.coreplugin.modelwalker.BaseWalker.runObserver(BaseWalker.java:93)
	at de.uni_freiburg.informatik.ultimate.core.coreplugin.modelwalker.BaseWalker.run(BaseWalker.java:86)
	at de.uni_freiburg.informatik.ultimate.core.coreplugin.PluginConnector.runObserver(PluginConnector.java:167)
	at de.uni_freiburg.informatik.ultimate.core.coreplugin.PluginConnector.runTool(PluginConnector.java:156)
	at de.uni_freiburg.informatik.ultimate.core.coreplugin.PluginConnector.run(PluginConnector.java:128)
	at de.uni_freiburg.informatik.ultimate.core.coreplugin.ToolchainWalker.executePluginConnector(ToolchainWalker.java:232)
	at de.uni_freiburg.informatik.ultimate.core.coreplugin.ToolchainWalker.processPlugin(ToolchainWalker.java:226)
	at de.uni_freiburg.informatik.ultimate.core.coreplugin.ToolchainWalker.walkUnprotected(ToolchainWalker.java:142)
	at de.uni_freiburg.informatik.ultimate.core.coreplugin.ToolchainWalker.walk(ToolchainWalker.java:104)
	at de.uni_freiburg.informatik.ultimate.core.coreplugin.ToolchainManager$Toolchain.processToolchain(ToolchainManager.java:316)
	at de.uni_freiburg.informatik.ultimate.core.coreplugin.toolchain.DefaultToolchainJob.run(DefaultToolchainJob.java:145)
	at org.eclipse.core.internal.jobs.Worker.run(Worker.java:55)
[2020-06-17 21:12:39,346 INFO  L168              Benchmark]: Toolchain (without parser) took 472.29 ms. Allocated memory is still 514.9 MB. Free memory was 472.9 MB in the beginning and 405.7 MB in the end (delta: 67.2 MB). Peak memory consumption was 67.2 MB. Max. memory is 11.5 GB.
[2020-06-17 21:12:39,347 INFO  L168              Benchmark]: Boogie PL CUP Parser took 0.13 ms. Allocated memory is still 514.9 MB. Free memory is still 474.4 MB. There was no memory consumed. Max. memory is 11.5 GB.
[2020-06-17 21:12:39,347 INFO  L168              Benchmark]: Boogie Preprocessor took 25.00 ms. Allocated memory is still 514.9 MB. Free memory was 471.5 MB in the beginning and 470.2 MB in the end (delta: 1.3 MB). Peak memory consumption was 1.3 MB. Max. memory is 11.5 GB.
[2020-06-17 21:12:39,348 INFO  L168              Benchmark]: RCFGBuilder took 116.98 ms. Allocated memory is still 514.9 MB. Free memory was 470.2 MB in the beginning and 460.6 MB in the end (delta: 9.6 MB). Peak memory consumption was 9.6 MB. Max. memory is 11.5 GB.
[2020-06-17 21:12:39,348 INFO  L168              Benchmark]: LassoRanker took 322.74 ms. Allocated memory is still 514.9 MB. Free memory was 460.6 MB in the beginning and 405.7 MB in the end (delta: 54.8 MB). Peak memory consumption was 54.8 MB. Max. memory is 11.5 GB.
[2020-06-17 21:12:39,350 INFO  L336   ainManager$Toolchain]: #######################  End [Toolchain 1] #######################
 --- Results ---
 * Results from de.uni_freiburg.informatik.ultimate.core:
  - StatisticsResult: Toolchain Benchmarks
    Benchmark results are:
 * Boogie PL CUP Parser took 0.13 ms. Allocated memory is still 514.9 MB. Free memory is still 474.4 MB. There was no memory consumed. Max. memory is 11.5 GB.
 * Boogie Preprocessor took 25.00 ms. Allocated memory is still 514.9 MB. Free memory was 471.5 MB in the beginning and 470.2 MB in the end (delta: 1.3 MB). Peak memory consumption was 1.3 MB. Max. memory is 11.5 GB.
 * RCFGBuilder took 116.98 ms. Allocated memory is still 514.9 MB. Free memory was 470.2 MB in the beginning and 460.6 MB in the end (delta: 9.6 MB). Peak memory consumption was 9.6 MB. Max. memory is 11.5 GB.
 * LassoRanker took 322.74 ms. Allocated memory is still 514.9 MB. Free memory was 460.6 MB in the beginning and 405.7 MB in the end (delta: 54.8 MB). Peak memory consumption was 54.8 MB. Max. memory is 11.5 GB.
 * Results from de.uni_freiburg.informatik.ultimate.plugins.analysis.lassoranker:
  - ExceptionOrErrorResult: UnsupportedOperationException: don't know symbol which is neither leftAssoc, rightAssoc, chainable, or pairwise.
    de.uni_freiburg.informatik.ultimate.plugins.analysis.lassoranker: UnsupportedOperationException: don't know symbol which is neither leftAssoc, rightAssoc, chainable, or pairwise.: de.uni_freiburg.informatik.ultimate.modelcheckerutils.boogie.Term2Expression.translate(Term2Expression.java:256)
RESULT: Ultimate could not prove your program: Toolchain returned no result.
Received shutdown request...
Ultimate:
GTK+ Version Check
