This is Ultimate 0.1.24-16d85fa
[2020-06-17 21:12:44,953 INFO  L170        SettingsManager]: Resetting all preferences to default values...
[2020-06-17 21:12:44,955 INFO  L174        SettingsManager]: Resetting UltimateCore preferences to default values
[2020-06-17 21:12:44,968 INFO  L177        SettingsManager]: Ultimate Commandline Interface provides no preferences, ignoring...
[2020-06-17 21:12:44,968 INFO  L174        SettingsManager]: Resetting Boogie Preprocessor preferences to default values
[2020-06-17 21:12:44,969 INFO  L174        SettingsManager]: Resetting Boogie Procedure Inliner preferences to default values
[2020-06-17 21:12:44,970 INFO  L174        SettingsManager]: Resetting Abstract Interpretation preferences to default values
[2020-06-17 21:12:44,972 INFO  L174        SettingsManager]: Resetting LassoRanker preferences to default values
[2020-06-17 21:12:44,974 INFO  L174        SettingsManager]: Resetting Reaching Definitions preferences to default values
[2020-06-17 21:12:44,974 INFO  L174        SettingsManager]: Resetting SyntaxChecker preferences to default values
[2020-06-17 21:12:44,975 INFO  L177        SettingsManager]: Büchi Program Product provides no preferences, ignoring...
[2020-06-17 21:12:44,975 INFO  L174        SettingsManager]: Resetting LTL2Aut preferences to default values
[2020-06-17 21:12:44,976 INFO  L174        SettingsManager]: Resetting PEA to Boogie preferences to default values
[2020-06-17 21:12:44,977 INFO  L174        SettingsManager]: Resetting BlockEncodingV2 preferences to default values
[2020-06-17 21:12:44,978 INFO  L174        SettingsManager]: Resetting ChcToBoogie preferences to default values
[2020-06-17 21:12:44,978 INFO  L174        SettingsManager]: Resetting AutomataScriptInterpreter preferences to default values
[2020-06-17 21:12:44,979 INFO  L174        SettingsManager]: Resetting BuchiAutomizer preferences to default values
[2020-06-17 21:12:44,980 INFO  L174        SettingsManager]: Resetting CACSL2BoogieTranslator preferences to default values
[2020-06-17 21:12:44,982 INFO  L174        SettingsManager]: Resetting CodeCheck preferences to default values
[2020-06-17 21:12:44,983 INFO  L174        SettingsManager]: Resetting InvariantSynthesis preferences to default values
[2020-06-17 21:12:44,984 INFO  L174        SettingsManager]: Resetting RCFGBuilder preferences to default values
[2020-06-17 21:12:44,985 INFO  L174        SettingsManager]: Resetting TraceAbstraction preferences to default values
[2020-06-17 21:12:44,987 INFO  L177        SettingsManager]: TraceAbstractionConcurrent provides no preferences, ignoring...
[2020-06-17 21:12:44,987 INFO  L177        SettingsManager]: TraceAbstractionWithAFAs provides no preferences, ignoring...
[2020-06-17 21:12:44,988 INFO  L174        SettingsManager]: Resetting TreeAutomizer preferences to default values
[2020-06-17 21:12:44,988 INFO  L174        SettingsManager]: Resetting IcfgTransformer preferences to default values
[2020-06-17 21:12:44,989 INFO  L174        SettingsManager]: Resetting Boogie Printer preferences to default values
[2020-06-17 21:12:44,990 INFO  L174        SettingsManager]: Resetting ReqPrinter preferences to default values
[2020-06-17 21:12:44,990 INFO  L174        SettingsManager]: Resetting Witness Printer preferences to default values
[2020-06-17 21:12:44,991 INFO  L177        SettingsManager]: Boogie PL CUP Parser provides no preferences, ignoring...
[2020-06-17 21:12:44,991 INFO  L174        SettingsManager]: Resetting CDTParser preferences to default values
[2020-06-17 21:12:44,992 INFO  L177        SettingsManager]: AutomataScriptParser provides no preferences, ignoring...
[2020-06-17 21:12:44,992 INFO  L177        SettingsManager]: ReqParser provides no preferences, ignoring...
[2020-06-17 21:12:44,992 INFO  L174        SettingsManager]: Resetting SmtParser preferences to default values
[2020-06-17 21:12:44,993 INFO  L174        SettingsManager]: Resetting Witness Parser preferences to default values
[2020-06-17 21:12:44,994 INFO  L181        SettingsManager]: Finished resetting all preferences to default values...
[2020-06-17 21:12:45,013 INFO  L81    nceAwareModelManager]: Repository-Root is: /tmp
[2020-06-17 21:12:45,021 INFO  L258   ainManager$Toolchain]: [Toolchain 1]: Applicable parser(s) successfully (re)initialized
[2020-06-17 21:12:45,024 INFO  L214   ainManager$Toolchain]: [Toolchain 1]: Toolchain selected.
[2020-06-17 21:12:45,025 INFO  L271        PluginConnector]: Initializing Boogie PL CUP Parser...
[2020-06-17 21:12:45,025 INFO  L276        PluginConnector]: Boogie PL CUP Parser initialized
[2020-06-17 21:12:45,026 INFO  L418   ainManager$Toolchain]: [Toolchain 1]: Parsing single file: /home/lixie/LassoRankerExp/LassoRankerExp/./Program_non/147.bpl
[2020-06-17 21:12:45,026 INFO  L111           BoogieParser]: Parsing: '/home/lixie/LassoRankerExp/LassoRankerExp/./Program_non/147.bpl'
[2020-06-17 21:12:45,050 INFO  L296   ainManager$Toolchain]: ####################### [Toolchain 1] #######################
[2020-06-17 21:12:45,056 INFO  L131        ToolchainWalker]: Walking toolchain with 3 elements.
[2020-06-17 21:12:45,057 INFO  L113        PluginConnector]: ------------------------Boogie Preprocessor----------------------------
[2020-06-17 21:12:45,057 INFO  L271        PluginConnector]: Initializing Boogie Preprocessor...
[2020-06-17 21:12:45,057 INFO  L276        PluginConnector]: Boogie Preprocessor initialized
[2020-06-17 21:12:45,072 INFO  L185        PluginConnector]: Executing the observer EnsureBoogieModelObserver from plugin Boogie Preprocessor for "147.bpl de.uni_freiburg.informatik.ultimate.boogie.parser AST 17.06 09:12:45" (1/1) ...
[2020-06-17 21:12:45,073 INFO  L185        PluginConnector]: Executing the observer TypeChecker from plugin Boogie Preprocessor for "147.bpl de.uni_freiburg.informatik.ultimate.boogie.parser AST 17.06 09:12:45" (1/1) ...
[2020-06-17 21:12:45,078 INFO  L185        PluginConnector]: Executing the observer ConstExpander from plugin Boogie Preprocessor for "147.bpl de.uni_freiburg.informatik.ultimate.boogie.parser AST 17.06 09:12:45" (1/1) ...
[2020-06-17 21:12:45,078 INFO  L185        PluginConnector]: Executing the observer StructExpander from plugin Boogie Preprocessor for "147.bpl de.uni_freiburg.informatik.ultimate.boogie.parser AST 17.06 09:12:45" (1/1) ...
[2020-06-17 21:12:45,081 INFO  L185        PluginConnector]: Executing the observer UnstructureCode from plugin Boogie Preprocessor for "147.bpl de.uni_freiburg.informatik.ultimate.boogie.parser AST 17.06 09:12:45" (1/1) ...
[2020-06-17 21:12:45,083 INFO  L185        PluginConnector]: Executing the observer FunctionInliner from plugin Boogie Preprocessor for "147.bpl de.uni_freiburg.informatik.ultimate.boogie.parser AST 17.06 09:12:45" (1/1) ...
[2020-06-17 21:12:45,084 INFO  L185        PluginConnector]: Executing the observer BoogieSymbolTableConstructor from plugin Boogie Preprocessor for "147.bpl de.uni_freiburg.informatik.ultimate.boogie.parser AST 17.06 09:12:45" (1/1) ...
[2020-06-17 21:12:45,085 INFO  L132        PluginConnector]: ------------------------ END Boogie Preprocessor----------------------------
[2020-06-17 21:12:45,086 INFO  L113        PluginConnector]: ------------------------RCFGBuilder----------------------------
[2020-06-17 21:12:45,086 INFO  L271        PluginConnector]: Initializing RCFGBuilder...
[2020-06-17 21:12:45,086 INFO  L276        PluginConnector]: RCFGBuilder initialized
[2020-06-17 21:12:45,087 INFO  L185        PluginConnector]: Executing the observer RCFGBuilderObserver from plugin RCFGBuilder for "147.bpl de.uni_freiburg.informatik.ultimate.boogie.parser AST 17.06 09:12:45" (1/1) ...
No working directory specified, using /home/lixie/LassoRankerExp/LassoRankerExp/z3
Starting monitored process 1 with z3 SMTLIB2_COMPLIANT=true -memory:1024 -smt2 -in -t:12000 (exit command is (exit), workingDir is null)
Waiting until toolchain timeout for monitored process 1 with z3 SMTLIB2_COMPLIANT=true -memory:1024 -smt2 -in -t:12000
[2020-06-17 21:12:45,123 INFO  L124     BoogieDeclarations]: Specification and implementation of procedure main given in one single declaration
[2020-06-17 21:12:45,123 INFO  L130     BoogieDeclarations]: Found specification of procedure main
[2020-06-17 21:12:45,123 INFO  L138     BoogieDeclarations]: Found implementation of procedure main
[2020-06-17 21:12:45,247 INFO  L278             CfgBuilder]: Using library mode
[2020-06-17 21:12:45,247 INFO  L286             CfgBuilder]: Removed 0 assue(true) statements.
[2020-06-17 21:12:45,248 INFO  L202        PluginConnector]: Adding new model 147.bpl de.uni_freiburg.informatik.ultimate.plugins.generator.rcfgbuilder CFG 17.06 09:12:45 BoogieIcfgContainer
[2020-06-17 21:12:45,248 INFO  L132        PluginConnector]: ------------------------ END RCFGBuilder----------------------------
[2020-06-17 21:12:45,248 INFO  L113        PluginConnector]: ------------------------LassoRanker----------------------------
[2020-06-17 21:12:45,248 INFO  L271        PluginConnector]: Initializing LassoRanker...
[2020-06-17 21:12:45,248 INFO  L276        PluginConnector]: LassoRanker initialized
[2020-06-17 21:12:45,249 INFO  L185        PluginConnector]: Executing the observer LassoRankerObserver from plugin LassoRanker for "147.bpl de.uni_freiburg.informatik.ultimate.plugins.generator.rcfgbuilder CFG 17.06 09:12:45" (1/1) ...
[2020-06-17 21:12:45,273 INFO  L72            BuchiIsEmpty]: Start buchiIsEmpty. Operand 2 states.
[2020-06-17 21:12:45,286 INFO  L131   ngComponentsAnalysis]: Automaton has 1 accepting balls. 1
[2020-06-17 21:12:45,287 INFO  L87            BuchiIsEmpty]: Finished buchiIsEmpty Result is false
[2020-06-17 21:12:45,287 INFO  L119           BuchiIsEmpty]: Starting construction of run
[2020-06-17 21:12:45,292 INFO  L104     BuchiDifferenceFKV]: Start buchiDifferenceFKV. First operand 2 states. Second operand 1 states.
[2020-06-17 21:12:45,300 INFO  L108     BuchiDifferenceFKV]: Finished buchiDifferenceFKV. First operand 2 states. Second operand 1 states. Result 3 states and 4 transitions. Complement of second has 2 states 2 powerset states0 rank states. The highest rank that occured is -1
[2020-06-17 21:12:45,300 INFO  L72            BuchiIsEmpty]: Start buchiIsEmpty. Operand 3 states and 4 transitions.
[2020-06-17 21:12:45,300 INFO  L131   ngComponentsAnalysis]: Automaton has 0 accepting balls. 0
[2020-06-17 21:12:45,300 INFO  L87            BuchiIsEmpty]: Finished buchiIsEmpty Result is true
[2020-06-17 21:12:45,678 WARN  L181               SmtUtils]: Spent 362.00 ms on a formula simplification that was a NOOP. DAG size: 384
[2020-06-17 21:12:45,958 WARN  L181               SmtUtils]: Spent 278.00 ms on a formula simplification that was a NOOP. DAG size: 384
[2020-06-17 21:12:45,963 INFO  L216          LassoAnalysis]: Preferences:
[2020-06-17 21:12:45,964 INFO  L124   ssoRankerPreferences]: Compute integeral hull: false
[2020-06-17 21:12:45,964 INFO  L125   ssoRankerPreferences]: Enable LassoPartitioneer: true
[2020-06-17 21:12:45,964 INFO  L126   ssoRankerPreferences]: Term annotations enabled: false
[2020-06-17 21:12:45,964 INFO  L127   ssoRankerPreferences]: Use exernal solver: true
[2020-06-17 21:12:45,964 INFO  L128   ssoRankerPreferences]: SMT solver command: z3 -smt2 -in SMTLIB2_COMPLIANT=true
[2020-06-17 21:12:45,964 INFO  L129   ssoRankerPreferences]: Dump SMT script to file: false
[2020-06-17 21:12:45,964 INFO  L130   ssoRankerPreferences]: Path of dumped script: .
[2020-06-17 21:12:45,964 INFO  L131   ssoRankerPreferences]: Filename of dumped script: LassoRankerScript
[2020-06-17 21:12:45,964 INFO  L132   ssoRankerPreferences]: MapElimAlgo: Frank
[2020-06-17 21:12:45,965 INFO  L282          LassoAnalysis]: Starting lasso preprocessing...
[2020-06-17 21:12:45,983 INFO  L141          MapEliminator]: Using MapEliminator with SimplificationTechnique=SIMPLIFY_DDA XnfConversionTechnique=BOTTOM_UP_WITH_LOCAL_SIMPLIFICATION AddInequalities=false OnlyTrivialImplicationsArrayWrite=false OnlyTrivialImplicationsForModifiedArguments=true OnlyArgumentsInFormula=true
[2020-06-17 21:12:46,220 WARN  L181               SmtUtils]: Spent 226.00 ms on a formula simplification that was a NOOP. DAG size: 308
[2020-06-17 21:12:46,817 WARN  L181               SmtUtils]: Spent 586.00 ms on a formula simplification that was a NOOP. DAG size: 384
[2020-06-17 21:12:47,421 WARN  L181               SmtUtils]: Spent 598.00 ms on a formula simplification that was a NOOP. DAG size: 384
[2020-06-17 21:12:47,433 INFO  L300          LassoAnalysis]: Preprocessing complete.
[2020-06-17 21:12:47,434 INFO  L412          LassoAnalysis]: Checking for nontermination...
No working directory specified, using /home/lixie/LassoRankerExp/LassoRankerExp/z3
Starting monitored process 2 with z3 -smt2 -in SMTLIB2_COMPLIANT=true (exit command is (exit), workingDir is null)
Waiting until toolchain timeout for monitored process 2 with z3 -smt2 -in SMTLIB2_COMPLIANT=true
[2020-06-17 21:12:47,437 INFO  L151   nArgumentSynthesizer]: Nontermination analysis: LINEAR_WITH_GUESSES Allow bounded executions: true Number of generalized eigenvectors: 0 Nilpotent components: true
[2020-06-17 21:12:47,437 INFO  L163   nArgumentSynthesizer]: Using integer mode.
No working directory specified, using /home/lixie/LassoRankerExp/LassoRankerExp/z3
Starting monitored process 3 with z3 -smt2 -in SMTLIB2_COMPLIANT=true (exit command is (exit), workingDir is null)
Waiting until toolchain timeout for monitored process 3 with z3 -smt2 -in SMTLIB2_COMPLIANT=true
[2020-06-17 21:12:47,531 INFO  L151   nArgumentSynthesizer]: Nontermination analysis: LINEAR_WITH_GUESSES Allow bounded executions: true Number of generalized eigenvectors: 3 Nilpotent components: true
[2020-06-17 21:12:47,531 INFO  L163   nArgumentSynthesizer]: Using integer mode.
[2020-06-17 21:12:47,785 INFO  L452          LassoAnalysis]: Proving nontermination failed: No geometric nontermination argument exists.
[2020-06-17 21:12:47,788 INFO  L216          LassoAnalysis]: Preferences:
[2020-06-17 21:12:47,788 INFO  L124   ssoRankerPreferences]: Compute integeral hull: false
[2020-06-17 21:12:47,788 INFO  L125   ssoRankerPreferences]: Enable LassoPartitioneer: true
[2020-06-17 21:12:47,788 INFO  L126   ssoRankerPreferences]: Term annotations enabled: false
[2020-06-17 21:12:47,788 INFO  L127   ssoRankerPreferences]: Use exernal solver: true
[2020-06-17 21:12:47,788 INFO  L128   ssoRankerPreferences]: SMT solver command: z3 -smt2 -in SMTLIB2_COMPLIANT=true
[2020-06-17 21:12:47,788 INFO  L129   ssoRankerPreferences]: Dump SMT script to file: false
[2020-06-17 21:12:47,788 INFO  L130   ssoRankerPreferences]: Path of dumped script: .
[2020-06-17 21:12:47,788 INFO  L131   ssoRankerPreferences]: Filename of dumped script: LassoRankerScript
[2020-06-17 21:12:47,789 INFO  L132   ssoRankerPreferences]: MapElimAlgo: Frank
[2020-06-17 21:12:47,789 INFO  L282          LassoAnalysis]: Starting lasso preprocessing...
[2020-06-17 21:12:47,793 INFO  L141          MapEliminator]: Using MapEliminator with SimplificationTechnique=SIMPLIFY_DDA XnfConversionTechnique=BOTTOM_UP_WITH_LOCAL_SIMPLIFICATION AddInequalities=false OnlyTrivialImplicationsArrayWrite=false OnlyTrivialImplicationsForModifiedArguments=true OnlyArgumentsInFormula=true
[2020-06-17 21:12:48,038 WARN  L181               SmtUtils]: Spent 235.00 ms on a formula simplification that was a NOOP. DAG size: 308
[2020-06-17 21:12:48,630 WARN  L181               SmtUtils]: Spent 584.00 ms on a formula simplification that was a NOOP. DAG size: 384
[2020-06-17 21:12:49,211 WARN  L181               SmtUtils]: Spent 578.00 ms on a formula simplification that was a NOOP. DAG size: 384
[2020-06-17 21:12:49,214 INFO  L300          LassoAnalysis]: Preprocessing complete.
[2020-06-17 21:12:49,217 INFO  L497          LassoAnalysis]: Using template 'affine'.
No working directory specified, using /home/lixie/LassoRankerExp/LassoRankerExp/z3
Starting monitored process 4 with z3 -smt2 -in SMTLIB2_COMPLIANT=true (exit command is (exit), workingDir is null)
Waiting until toolchain timeout for monitored process 4 with z3 -smt2 -in SMTLIB2_COMPLIANT=true
[2020-06-17 21:12:49,220 INFO  L122   nArgumentSynthesizer]: Termination Analysis Settings:
Termination analysis: LINEAR_WITH_GUESSES
Number of strict supporting invariants: 1
Number of non-strict supporting invariants: 0
Consider only non-deceasing supporting invariants: true
Simplify termination arguments: true
Simplify supporting invariants: trueOverapproximate stem: false
[2020-06-17 21:12:49,223 INFO  L339   nArgumentSynthesizer]: Template has degree 0.
[2020-06-17 21:12:49,223 INFO  L352   nArgumentSynthesizer]: There is no stem transition; disabling supporting invariant generation.
[2020-06-17 21:12:49,224 INFO  L205   nArgumentSynthesizer]: 1 stem disjuncts
[2020-06-17 21:12:49,224 INFO  L206   nArgumentSynthesizer]: 1 loop disjuncts
[2020-06-17 21:12:49,224 INFO  L207   nArgumentSynthesizer]: 2 template conjuncts.
[2020-06-17 21:12:49,247 INFO  L402   nArgumentSynthesizer]: We have 2 Motzkin's Theorem applications.
[2020-06-17 21:12:49,248 INFO  L403   nArgumentSynthesizer]: A total of 0 supporting invariants were added.
[2020-06-17 21:12:49,294 INFO  L530          LassoAnalysis]: Proving termination failed for this template and these settings.
[2020-06-17 21:12:49,307 INFO  L497          LassoAnalysis]: Using template '2-nested'.
No working directory specified, using /home/lixie/LassoRankerExp/LassoRankerExp/z3
Starting monitored process 5 with z3 -smt2 -in SMTLIB2_COMPLIANT=true (exit command is (exit), workingDir is null)
Waiting until toolchain timeout for monitored process 5 with z3 -smt2 -in SMTLIB2_COMPLIANT=true
[2020-06-17 21:12:49,308 INFO  L122   nArgumentSynthesizer]: Termination Analysis Settings:
Termination analysis: LINEAR_WITH_GUESSES
Number of strict supporting invariants: 1
Number of non-strict supporting invariants: 0
Consider only non-deceasing supporting invariants: true
Simplify termination arguments: true
Simplify supporting invariants: trueOverapproximate stem: false
[2020-06-17 21:12:49,312 INFO  L339   nArgumentSynthesizer]: Template has degree 0.
[2020-06-17 21:12:49,312 INFO  L352   nArgumentSynthesizer]: There is no stem transition; disabling supporting invariant generation.
[2020-06-17 21:12:49,313 INFO  L205   nArgumentSynthesizer]: 1 stem disjuncts
[2020-06-17 21:12:49,313 INFO  L206   nArgumentSynthesizer]: 1 loop disjuncts
[2020-06-17 21:12:49,314 INFO  L207   nArgumentSynthesizer]: 3 template conjuncts.
[2020-06-17 21:12:49,331 INFO  L402   nArgumentSynthesizer]: We have 3 Motzkin's Theorem applications.
[2020-06-17 21:12:49,331 INFO  L403   nArgumentSynthesizer]: A total of 0 supporting invariants were added.
[2020-06-17 21:12:49,370 INFO  L421   nArgumentSynthesizer]: Found a termination argument, trying to simplify.
[2020-06-17 21:12:49,430 INFO  L443   ModelExtractionUtils]: Simplification made 7 calls to the SMT solver.
[2020-06-17 21:12:49,431 INFO  L444   ModelExtractionUtils]: 76 out of 155 variables were initially zero. Simplification set additionally 0 variables to zero.
No working directory specified, using /home/lixie/LassoRankerExp/LassoRankerExp/z3
Starting monitored process 6 with z3 -smt2 -in SMTLIB2_COMPLIANT=true (exit command is (exit), workingDir is null)
Waiting until toolchain timeout for monitored process 6 with z3 -smt2 -in SMTLIB2_COMPLIANT=true
[2020-06-17 21:12:49,435 INFO  L437   nArgumentSynthesizer]: Simplifying supporting invariants...
[2020-06-17 21:12:49,435 INFO  L440   nArgumentSynthesizer]: Removed 0 redundant supporting invariants from a total of 0.
[2020-06-17 21:12:49,435 INFO  L518          LassoAnalysis]: Proved termination.
[2020-06-17 21:12:49,435 INFO  L520          LassoAnalysis]: Termination argument consisting of:
Ranking function 2-nested ranking function:
  f0 = -2*main_x70 - 2*main_x71 - 2*main_x72 - 2*main_x73 - 2*main_x74 - 2*main_x22 - 2*main_x23 - 2*main_x24 - 2*main_x25 - 2*main_x26 - 2*main_x27 - 2*main_x28 - 2*main_x29 - 2*main_x20 - 2*main_x21 - 2*main_x11 - 2*main_x12 - 2*main_x13 - 2*main_x14 - 2*main_x15 - 2*main_x16 - 2*main_x17 - 2*main_x18 - 2*main_x10 - 2*main_x19 - 2*main_x6 - 2*main_x44 - 2*main_x45 - 2*main_x46 - 2*main_x47 - 2*main_x48 - 2*main_x49 - 2*main_x40 - 2*main_x41 - 2*main_x42 - 2*main_x43 - 2*main_x8 - 2*main_x9 - 2*main_x7 - 2*main_x0 - 2*main_x33 - 2*main_x1 - 2*main_x34 - 2*main_x35 - 2*main_x36 - 2*main_x37 - 2*main_x4 - 2*main_x5 - 2*main_x38 - 2*main_x2 - 2*main_x39 - 2*main_x3 - 2*main_x30 - 2*main_x31 - 2*main_x32 - 2*main_x66 - 2*main_x67 - 2*main_x68 - 2*main_x69 - 2*main_x60 - 2*main_x61 - 2*main_x62 - 2*main_x63 - 2*main_x64 - 2*main_x65 - 2*main_x55 - 2*main_x56 - 2*main_x57 - 2*main_x58 - 2*main_x59 - 2*main_x50 - 2*main_x51 - 2*main_x52 - 2*main_x53 - 2*main_x54 + 75
  f1 = 2*main_y + 75
Supporting invariants []
[2020-06-17 21:12:49,461 INFO  L132        PluginConnector]: ------------------------ END LassoRanker----------------------------
[2020-06-17 21:12:49,461 INFO  L168              Benchmark]: Toolchain (without parser) took 4411.49 ms. Allocated memory was 514.9 MB in the beginning and 730.9 MB in the end (delta: 216.0 MB). Free memory was 472.9 MB in the beginning and 492.8 MB in the end (delta: -19.9 MB). Peak memory consumption was 285.2 MB. Max. memory is 11.5 GB.
[2020-06-17 21:12:49,462 INFO  L168              Benchmark]: Boogie PL CUP Parser took 0.15 ms. Allocated memory is still 514.9 MB. Free memory is still 474.4 MB. There was no memory consumed. Max. memory is 11.5 GB.
[2020-06-17 21:12:49,462 INFO  L168              Benchmark]: Boogie Preprocessor took 28.56 ms. Allocated memory is still 514.9 MB. Free memory was 471.5 MB in the beginning and 468.8 MB in the end (delta: 2.7 MB). Peak memory consumption was 2.7 MB. Max. memory is 11.5 GB.
[2020-06-17 21:12:49,463 INFO  L168              Benchmark]: RCFGBuilder took 162.08 ms. Allocated memory is still 514.9 MB. Free memory was 468.8 MB in the beginning and 452.5 MB in the end (delta: 16.4 MB). Peak memory consumption was 16.4 MB. Max. memory is 11.5 GB.
[2020-06-17 21:12:49,463 INFO  L168              Benchmark]: LassoRanker took 4212.70 ms. Allocated memory was 514.9 MB in the beginning and 730.9 MB in the end (delta: 216.0 MB). Free memory was 452.5 MB in the beginning and 492.8 MB in the end (delta: -40.3 MB). Peak memory consumption was 264.8 MB. Max. memory is 11.5 GB.
[2020-06-17 21:12:49,465 INFO  L336   ainManager$Toolchain]: #######################  End [Toolchain 1] #######################
 --- Results ---
 * Results from de.uni_freiburg.informatik.ultimate.core:
  - StatisticsResult: Toolchain Benchmarks
    Benchmark results are:
 * Boogie PL CUP Parser took 0.15 ms. Allocated memory is still 514.9 MB. Free memory is still 474.4 MB. There was no memory consumed. Max. memory is 11.5 GB.
 * Boogie Preprocessor took 28.56 ms. Allocated memory is still 514.9 MB. Free memory was 471.5 MB in the beginning and 468.8 MB in the end (delta: 2.7 MB). Peak memory consumption was 2.7 MB. Max. memory is 11.5 GB.
 * RCFGBuilder took 162.08 ms. Allocated memory is still 514.9 MB. Free memory was 468.8 MB in the beginning and 452.5 MB in the end (delta: 16.4 MB). Peak memory consumption was 16.4 MB. Max. memory is 11.5 GB.
 * LassoRanker took 4212.70 ms. Allocated memory was 514.9 MB in the beginning and 730.9 MB in the end (delta: 216.0 MB). Free memory was 452.5 MB in the beginning and 492.8 MB in the end (delta: -40.3 MB). Peak memory consumption was 264.8 MB. Max. memory is 11.5 GB.
 * Results from de.uni_freiburg.informatik.ultimate.plugins.analysis.lassoranker:
  - TerminationArgumentResult [Line: 5]: Found 2-nested ranking function
    Found a termination argument consisting of the 2-nested ranking function: [(if -2 * x70 + -2 * x71 + -2 * x72 + -2 * x73 + -2 * x74 + -2 * x22 + -2 * x23 + -2 * x24 + -2 * x25 + -2 * x26 + -2 * x27 + -2 * x28 + -2 * x29 + -2 * x20 + -2 * x21 + -2 * x11 + -2 * x12 + -2 * x13 + -2 * x14 + -2 * x15 + -2 * x16 + -2 * x17 + -2 * x18 + -2 * x10 + -2 * x19 + -2 * x6 + -2 * x44 + -2 * x45 + -2 * x46 + -2 * x47 + -2 * x48 + -2 * x49 + -2 * x40 + -2 * x41 + -2 * x42 + -2 * x43 + -2 * x8 + -2 * x9 + -2 * x7 + -2 * x0 + -2 * x33 + -2 * x1 + -2 * x34 + -2 * x35 + -2 * x36 + -2 * x37 + -2 * x4 + -2 * x5 + -2 * x38 + -2 * x2 + -2 * x39 + -2 * x3 + -2 * x30 + -2 * x31 + -2 * x32 + -2 * x66 + -2 * x67 + -2 * x68 + -2 * x69 + -2 * x60 + -2 * x61 + -2 * x62 + -2 * x63 + -2 * x64 + -2 * x65 + -2 * x55 + -2 * x56 + -2 * x57 + -2 * x58 + -2 * x59 + -2 * x50 + -2 * x51 + -2 * x52 + -2 * x53 + -2 * x54 + 75 > 0 then 1 else 0), (if -2 * x70 + -2 * x71 + -2 * x72 + -2 * x73 + -2 * x74 + -2 * x22 + -2 * x23 + -2 * x24 + -2 * x25 + -2 * x26 + -2 * x27 + -2 * x28 + -2 * x29 + -2 * x20 + -2 * x21 + -2 * x11 + -2 * x12 + -2 * x13 + -2 * x14 + -2 * x15 + -2 * x16 + -2 * x17 + -2 * x18 + -2 * x10 + -2 * x19 + -2 * x6 + -2 * x44 + -2 * x45 + -2 * x46 + -2 * x47 + -2 * x48 + -2 * x49 + -2 * x40 + -2 * x41 + -2 * x42 + -2 * x43 + -2 * x8 + -2 * x9 + -2 * x7 + -2 * x0 + -2 * x33 + -2 * x1 + -2 * x34 + -2 * x35 + -2 * x36 + -2 * x37 + -2 * x4 + -2 * x5 + -2 * x38 + -2 * x2 + -2 * x39 + -2 * x3 + -2 * x30 + -2 * x31 + -2 * x32 + -2 * x66 + -2 * x67 + -2 * x68 + -2 * x69 + -2 * x60 + -2 * x61 + -2 * x62 + -2 * x63 + -2 * x64 + -2 * x65 + -2 * x55 + -2 * x56 + -2 * x57 + -2 * x58 + -2 * x59 + -2 * x50 + -2 * x51 + -2 * x52 + -2 * x53 + -2 * x54 + 75 > 0 then -2 * x70 + -2 * x71 + -2 * x72 + -2 * x73 + -2 * x74 + -2 * x22 + -2 * x23 + -2 * x24 + -2 * x25 + -2 * x26 + -2 * x27 + -2 * x28 + -2 * x29 + -2 * x20 + -2 * x21 + -2 * x11 + -2 * x12 + -2 * x13 + -2 * x14 + -2 * x15 + -2 * x16 + -2 * x17 + -2 * x18 + -2 * x10 + -2 * x19 + -2 * x6 + -2 * x44 + -2 * x45 + -2 * x46 + -2 * x47 + -2 * x48 + -2 * x49 + -2 * x40 + -2 * x41 + -2 * x42 + -2 * x43 + -2 * x8 + -2 * x9 + -2 * x7 + -2 * x0 + -2 * x33 + -2 * x1 + -2 * x34 + -2 * x35 + -2 * x36 + -2 * x37 + -2 * x4 + -2 * x5 + -2 * x38 + -2 * x2 + -2 * x39 + -2 * x3 + -2 * x30 + -2 * x31 + -2 * x32 + -2 * x66 + -2 * x67 + -2 * x68 + -2 * x69 + -2 * x60 + -2 * x61 + -2 * x62 + -2 * x63 + -2 * x64 + -2 * x65 + -2 * x55 + -2 * x56 + -2 * x57 + -2 * x58 + -2 * x59 + -2 * x50 + -2 * x51 + -2 * x52 + -2 * x53 + -2 * x54 + 75 else 2 * y + 75)] for which no supporting invariant is required.
RESULT: Ultimate proved your program to be correct!
Received shutdown request...
Ultimate:
GTK+ Version Check
