This is Ultimate 0.1.24-16d85fa
[2020-06-17 21:18:09,847 INFO  L170        SettingsManager]: Resetting all preferences to default values...
[2020-06-17 21:18:09,849 INFO  L174        SettingsManager]: Resetting UltimateCore preferences to default values
[2020-06-17 21:18:09,863 INFO  L177        SettingsManager]: Ultimate Commandline Interface provides no preferences, ignoring...
[2020-06-17 21:18:09,863 INFO  L174        SettingsManager]: Resetting Boogie Preprocessor preferences to default values
[2020-06-17 21:18:09,864 INFO  L174        SettingsManager]: Resetting Boogie Procedure Inliner preferences to default values
[2020-06-17 21:18:09,865 INFO  L174        SettingsManager]: Resetting Abstract Interpretation preferences to default values
[2020-06-17 21:18:09,867 INFO  L174        SettingsManager]: Resetting LassoRanker preferences to default values
[2020-06-17 21:18:09,868 INFO  L174        SettingsManager]: Resetting Reaching Definitions preferences to default values
[2020-06-17 21:18:09,869 INFO  L174        SettingsManager]: Resetting SyntaxChecker preferences to default values
[2020-06-17 21:18:09,870 INFO  L177        SettingsManager]: Büchi Program Product provides no preferences, ignoring...
[2020-06-17 21:18:09,870 INFO  L174        SettingsManager]: Resetting LTL2Aut preferences to default values
[2020-06-17 21:18:09,871 INFO  L174        SettingsManager]: Resetting PEA to Boogie preferences to default values
[2020-06-17 21:18:09,871 INFO  L174        SettingsManager]: Resetting BlockEncodingV2 preferences to default values
[2020-06-17 21:18:09,872 INFO  L174        SettingsManager]: Resetting ChcToBoogie preferences to default values
[2020-06-17 21:18:09,873 INFO  L174        SettingsManager]: Resetting AutomataScriptInterpreter preferences to default values
[2020-06-17 21:18:09,874 INFO  L174        SettingsManager]: Resetting BuchiAutomizer preferences to default values
[2020-06-17 21:18:09,875 INFO  L174        SettingsManager]: Resetting CACSL2BoogieTranslator preferences to default values
[2020-06-17 21:18:09,877 INFO  L174        SettingsManager]: Resetting CodeCheck preferences to default values
[2020-06-17 21:18:09,878 INFO  L174        SettingsManager]: Resetting InvariantSynthesis preferences to default values
[2020-06-17 21:18:09,879 INFO  L174        SettingsManager]: Resetting RCFGBuilder preferences to default values
[2020-06-17 21:18:09,880 INFO  L174        SettingsManager]: Resetting TraceAbstraction preferences to default values
[2020-06-17 21:18:09,883 INFO  L177        SettingsManager]: TraceAbstractionConcurrent provides no preferences, ignoring...
[2020-06-17 21:18:09,883 INFO  L177        SettingsManager]: TraceAbstractionWithAFAs provides no preferences, ignoring...
[2020-06-17 21:18:09,883 INFO  L174        SettingsManager]: Resetting TreeAutomizer preferences to default values
[2020-06-17 21:18:09,884 INFO  L174        SettingsManager]: Resetting IcfgTransformer preferences to default values
[2020-06-17 21:18:09,885 INFO  L174        SettingsManager]: Resetting Boogie Printer preferences to default values
[2020-06-17 21:18:09,885 INFO  L174        SettingsManager]: Resetting ReqPrinter preferences to default values
[2020-06-17 21:18:09,886 INFO  L174        SettingsManager]: Resetting Witness Printer preferences to default values
[2020-06-17 21:18:09,887 INFO  L177        SettingsManager]: Boogie PL CUP Parser provides no preferences, ignoring...
[2020-06-17 21:18:09,887 INFO  L174        SettingsManager]: Resetting CDTParser preferences to default values
[2020-06-17 21:18:09,888 INFO  L177        SettingsManager]: AutomataScriptParser provides no preferences, ignoring...
[2020-06-17 21:18:09,888 INFO  L177        SettingsManager]: ReqParser provides no preferences, ignoring...
[2020-06-17 21:18:09,888 INFO  L174        SettingsManager]: Resetting SmtParser preferences to default values
[2020-06-17 21:18:09,889 INFO  L174        SettingsManager]: Resetting Witness Parser preferences to default values
[2020-06-17 21:18:09,889 INFO  L181        SettingsManager]: Finished resetting all preferences to default values...
[2020-06-17 21:18:09,910 INFO  L81    nceAwareModelManager]: Repository-Root is: /tmp
[2020-06-17 21:18:09,919 INFO  L258   ainManager$Toolchain]: [Toolchain 1]: Applicable parser(s) successfully (re)initialized
[2020-06-17 21:18:09,921 INFO  L214   ainManager$Toolchain]: [Toolchain 1]: Toolchain selected.
[2020-06-17 21:18:09,922 INFO  L271        PluginConnector]: Initializing Boogie PL CUP Parser...
[2020-06-17 21:18:09,922 INFO  L276        PluginConnector]: Boogie PL CUP Parser initialized
[2020-06-17 21:18:09,923 INFO  L418   ainManager$Toolchain]: [Toolchain 1]: Parsing single file: /home/lixie/LassoRankerExp/LassoRankerExp/./Program_non/15.bpl
[2020-06-17 21:18:09,923 INFO  L111           BoogieParser]: Parsing: '/home/lixie/LassoRankerExp/LassoRankerExp/./Program_non/15.bpl'
[2020-06-17 21:18:09,941 INFO  L296   ainManager$Toolchain]: ####################### [Toolchain 1] #######################
[2020-06-17 21:18:09,948 INFO  L131        ToolchainWalker]: Walking toolchain with 3 elements.
[2020-06-17 21:18:09,949 INFO  L113        PluginConnector]: ------------------------Boogie Preprocessor----------------------------
[2020-06-17 21:18:09,949 INFO  L271        PluginConnector]: Initializing Boogie Preprocessor...
[2020-06-17 21:18:09,949 INFO  L276        PluginConnector]: Boogie Preprocessor initialized
[2020-06-17 21:18:09,963 INFO  L185        PluginConnector]: Executing the observer EnsureBoogieModelObserver from plugin Boogie Preprocessor for "15.bpl de.uni_freiburg.informatik.ultimate.boogie.parser AST 17.06 09:18:09" (1/1) ...
[2020-06-17 21:18:09,964 INFO  L185        PluginConnector]: Executing the observer TypeChecker from plugin Boogie Preprocessor for "15.bpl de.uni_freiburg.informatik.ultimate.boogie.parser AST 17.06 09:18:09" (1/1) ...
[2020-06-17 21:18:09,968 INFO  L185        PluginConnector]: Executing the observer ConstExpander from plugin Boogie Preprocessor for "15.bpl de.uni_freiburg.informatik.ultimate.boogie.parser AST 17.06 09:18:09" (1/1) ...
[2020-06-17 21:18:09,968 INFO  L185        PluginConnector]: Executing the observer StructExpander from plugin Boogie Preprocessor for "15.bpl de.uni_freiburg.informatik.ultimate.boogie.parser AST 17.06 09:18:09" (1/1) ...
[2020-06-17 21:18:09,970 INFO  L185        PluginConnector]: Executing the observer UnstructureCode from plugin Boogie Preprocessor for "15.bpl de.uni_freiburg.informatik.ultimate.boogie.parser AST 17.06 09:18:09" (1/1) ...
[2020-06-17 21:18:09,972 INFO  L185        PluginConnector]: Executing the observer FunctionInliner from plugin Boogie Preprocessor for "15.bpl de.uni_freiburg.informatik.ultimate.boogie.parser AST 17.06 09:18:09" (1/1) ...
[2020-06-17 21:18:09,973 INFO  L185        PluginConnector]: Executing the observer BoogieSymbolTableConstructor from plugin Boogie Preprocessor for "15.bpl de.uni_freiburg.informatik.ultimate.boogie.parser AST 17.06 09:18:09" (1/1) ...
[2020-06-17 21:18:09,973 INFO  L132        PluginConnector]: ------------------------ END Boogie Preprocessor----------------------------
[2020-06-17 21:18:09,974 INFO  L113        PluginConnector]: ------------------------RCFGBuilder----------------------------
[2020-06-17 21:18:09,974 INFO  L271        PluginConnector]: Initializing RCFGBuilder...
[2020-06-17 21:18:09,974 INFO  L276        PluginConnector]: RCFGBuilder initialized
[2020-06-17 21:18:09,975 INFO  L185        PluginConnector]: Executing the observer RCFGBuilderObserver from plugin RCFGBuilder for "15.bpl de.uni_freiburg.informatik.ultimate.boogie.parser AST 17.06 09:18:09" (1/1) ...
No working directory specified, using /home/lixie/LassoRankerExp/LassoRankerExp/z3
Starting monitored process 1 with z3 SMTLIB2_COMPLIANT=true -memory:1024 -smt2 -in -t:12000 (exit command is (exit), workingDir is null)
Waiting until toolchain timeout for monitored process 1 with z3 SMTLIB2_COMPLIANT=true -memory:1024 -smt2 -in -t:12000
[2020-06-17 21:18:10,010 INFO  L124     BoogieDeclarations]: Specification and implementation of procedure Benghazi given in one single declaration
[2020-06-17 21:18:10,010 INFO  L130     BoogieDeclarations]: Found specification of procedure Benghazi
[2020-06-17 21:18:10,010 INFO  L138     BoogieDeclarations]: Found implementation of procedure Benghazi
[2020-06-17 21:18:10,071 INFO  L278             CfgBuilder]: Using library mode
[2020-06-17 21:18:10,071 INFO  L286             CfgBuilder]: Removed 0 assue(true) statements.
[2020-06-17 21:18:10,072 INFO  L202        PluginConnector]: Adding new model 15.bpl de.uni_freiburg.informatik.ultimate.plugins.generator.rcfgbuilder CFG 17.06 09:18:10 BoogieIcfgContainer
[2020-06-17 21:18:10,072 INFO  L132        PluginConnector]: ------------------------ END RCFGBuilder----------------------------
[2020-06-17 21:18:10,073 INFO  L113        PluginConnector]: ------------------------LassoRanker----------------------------
[2020-06-17 21:18:10,073 INFO  L271        PluginConnector]: Initializing LassoRanker...
[2020-06-17 21:18:10,073 INFO  L276        PluginConnector]: LassoRanker initialized
[2020-06-17 21:18:10,073 INFO  L185        PluginConnector]: Executing the observer LassoRankerObserver from plugin LassoRanker for "15.bpl de.uni_freiburg.informatik.ultimate.plugins.generator.rcfgbuilder CFG 17.06 09:18:10" (1/1) ...
[2020-06-17 21:18:10,090 INFO  L72            BuchiIsEmpty]: Start buchiIsEmpty. Operand 2 states.
[2020-06-17 21:18:10,103 INFO  L131   ngComponentsAnalysis]: Automaton has 1 accepting balls. 1
[2020-06-17 21:18:10,103 INFO  L87            BuchiIsEmpty]: Finished buchiIsEmpty Result is false
[2020-06-17 21:18:10,103 INFO  L119           BuchiIsEmpty]: Starting construction of run
[2020-06-17 21:18:10,108 INFO  L104     BuchiDifferenceFKV]: Start buchiDifferenceFKV. First operand 2 states. Second operand 1 states.
[2020-06-17 21:18:10,115 INFO  L108     BuchiDifferenceFKV]: Finished buchiDifferenceFKV. First operand 2 states. Second operand 1 states. Result 3 states and 4 transitions. Complement of second has 2 states 2 powerset states0 rank states. The highest rank that occured is -1
[2020-06-17 21:18:10,115 INFO  L72            BuchiIsEmpty]: Start buchiIsEmpty. Operand 3 states and 4 transitions.
[2020-06-17 21:18:10,115 INFO  L131   ngComponentsAnalysis]: Automaton has 0 accepting balls. 0
[2020-06-17 21:18:10,116 INFO  L87            BuchiIsEmpty]: Finished buchiIsEmpty Result is true
[2020-06-17 21:18:10,143 INFO  L216          LassoAnalysis]: Preferences:
[2020-06-17 21:18:10,144 INFO  L124   ssoRankerPreferences]: Compute integeral hull: false
[2020-06-17 21:18:10,144 INFO  L125   ssoRankerPreferences]: Enable LassoPartitioneer: true
[2020-06-17 21:18:10,144 INFO  L126   ssoRankerPreferences]: Term annotations enabled: false
[2020-06-17 21:18:10,144 INFO  L127   ssoRankerPreferences]: Use exernal solver: true
[2020-06-17 21:18:10,144 INFO  L128   ssoRankerPreferences]: SMT solver command: z3 -smt2 -in SMTLIB2_COMPLIANT=true
[2020-06-17 21:18:10,144 INFO  L129   ssoRankerPreferences]: Dump SMT script to file: false
[2020-06-17 21:18:10,144 INFO  L130   ssoRankerPreferences]: Path of dumped script: .
[2020-06-17 21:18:10,144 INFO  L131   ssoRankerPreferences]: Filename of dumped script: LassoRankerScript
[2020-06-17 21:18:10,144 INFO  L132   ssoRankerPreferences]: MapElimAlgo: Frank
[2020-06-17 21:18:10,145 INFO  L282          LassoAnalysis]: Starting lasso preprocessing...
[2020-06-17 21:18:10,158 INFO  L141          MapEliminator]: Using MapEliminator with SimplificationTechnique=SIMPLIFY_DDA XnfConversionTechnique=BOTTOM_UP_WITH_LOCAL_SIMPLIFICATION AddInequalities=false OnlyTrivialImplicationsArrayWrite=false OnlyTrivialImplicationsForModifiedArguments=true OnlyArgumentsInFormula=true
[2020-06-17 21:18:10,201 INFO  L300          LassoAnalysis]: Preprocessing complete.
[2020-06-17 21:18:10,202 INFO  L412          LassoAnalysis]: Checking for nontermination...
No working directory specified, using /home/lixie/LassoRankerExp/LassoRankerExp/z3
Starting monitored process 2 with z3 -smt2 -in SMTLIB2_COMPLIANT=true (exit command is (exit), workingDir is null)
Waiting until toolchain timeout for monitored process 2 with z3 -smt2 -in SMTLIB2_COMPLIANT=true
[2020-06-17 21:18:10,207 INFO  L151   nArgumentSynthesizer]: Nontermination analysis: LINEAR_WITH_GUESSES Allow bounded executions: true Number of generalized eigenvectors: 0 Nilpotent components: true
[2020-06-17 21:18:10,208 INFO  L163   nArgumentSynthesizer]: Using integer mode.
No working directory specified, using /home/lixie/LassoRankerExp/LassoRankerExp/z3
Starting monitored process 3 with z3 -smt2 -in SMTLIB2_COMPLIANT=true (exit command is (exit), workingDir is null)
Waiting until toolchain timeout for monitored process 3 with z3 -smt2 -in SMTLIB2_COMPLIANT=true
[2020-06-17 21:18:10,228 INFO  L151   nArgumentSynthesizer]: Nontermination analysis: LINEAR_WITH_GUESSES Allow bounded executions: true Number of generalized eigenvectors: 3 Nilpotent components: true
[2020-06-17 21:18:10,228 INFO  L163   nArgumentSynthesizer]: Using integer mode.
[2020-06-17 21:18:10,252 INFO  L452          LassoAnalysis]: Proving nontermination failed: No geometric nontermination argument exists.
[2020-06-17 21:18:10,254 INFO  L216          LassoAnalysis]: Preferences:
[2020-06-17 21:18:10,254 INFO  L124   ssoRankerPreferences]: Compute integeral hull: false
[2020-06-17 21:18:10,254 INFO  L125   ssoRankerPreferences]: Enable LassoPartitioneer: true
[2020-06-17 21:18:10,254 INFO  L126   ssoRankerPreferences]: Term annotations enabled: false
[2020-06-17 21:18:10,254 INFO  L127   ssoRankerPreferences]: Use exernal solver: true
[2020-06-17 21:18:10,254 INFO  L128   ssoRankerPreferences]: SMT solver command: z3 -smt2 -in SMTLIB2_COMPLIANT=true
[2020-06-17 21:18:10,254 INFO  L129   ssoRankerPreferences]: Dump SMT script to file: false
[2020-06-17 21:18:10,254 INFO  L130   ssoRankerPreferences]: Path of dumped script: .
[2020-06-17 21:18:10,254 INFO  L131   ssoRankerPreferences]: Filename of dumped script: LassoRankerScript
[2020-06-17 21:18:10,255 INFO  L132   ssoRankerPreferences]: MapElimAlgo: Frank
[2020-06-17 21:18:10,255 INFO  L282          LassoAnalysis]: Starting lasso preprocessing...
[2020-06-17 21:18:10,256 INFO  L141          MapEliminator]: Using MapEliminator with SimplificationTechnique=SIMPLIFY_DDA XnfConversionTechnique=BOTTOM_UP_WITH_LOCAL_SIMPLIFICATION AddInequalities=false OnlyTrivialImplicationsArrayWrite=false OnlyTrivialImplicationsForModifiedArguments=true OnlyArgumentsInFormula=true
[2020-06-17 21:18:10,310 INFO  L300          LassoAnalysis]: Preprocessing complete.
[2020-06-17 21:18:10,314 INFO  L497          LassoAnalysis]: Using template 'affine'.
No working directory specified, using /home/lixie/LassoRankerExp/LassoRankerExp/z3
Starting monitored process 4 with z3 -smt2 -in SMTLIB2_COMPLIANT=true (exit command is (exit), workingDir is null)
Waiting until toolchain timeout for monitored process 4 with z3 -smt2 -in SMTLIB2_COMPLIANT=true
[2020-06-17 21:18:10,316 INFO  L122   nArgumentSynthesizer]: Termination Analysis Settings:
Termination analysis: LINEAR_WITH_GUESSES
Number of strict supporting invariants: 1
Number of non-strict supporting invariants: 0
Consider only non-deceasing supporting invariants: true
Simplify termination arguments: true
Simplify supporting invariants: trueOverapproximate stem: false
[2020-06-17 21:18:10,318 INFO  L339   nArgumentSynthesizer]: Template has degree 0.
[2020-06-17 21:18:10,318 INFO  L352   nArgumentSynthesizer]: There is no stem transition; disabling supporting invariant generation.
[2020-06-17 21:18:10,319 INFO  L205   nArgumentSynthesizer]: 1 stem disjuncts
[2020-06-17 21:18:10,319 INFO  L206   nArgumentSynthesizer]: 1 loop disjuncts
[2020-06-17 21:18:10,319 INFO  L207   nArgumentSynthesizer]: 2 template conjuncts.
[2020-06-17 21:18:10,323 INFO  L402   nArgumentSynthesizer]: We have 2 Motzkin's Theorem applications.
[2020-06-17 21:18:10,323 INFO  L403   nArgumentSynthesizer]: A total of 0 supporting invariants were added.
[2020-06-17 21:18:10,326 INFO  L530          LassoAnalysis]: Proving termination failed for this template and these settings.
[2020-06-17 21:18:10,347 INFO  L497          LassoAnalysis]: Using template '2-nested'.
No working directory specified, using /home/lixie/LassoRankerExp/LassoRankerExp/z3
Starting monitored process 5 with z3 -smt2 -in SMTLIB2_COMPLIANT=true (exit command is (exit), workingDir is null)
Waiting until toolchain timeout for monitored process 5 with z3 -smt2 -in SMTLIB2_COMPLIANT=true
[2020-06-17 21:18:10,349 INFO  L122   nArgumentSynthesizer]: Termination Analysis Settings:
Termination analysis: LINEAR_WITH_GUESSES
Number of strict supporting invariants: 1
Number of non-strict supporting invariants: 0
Consider only non-deceasing supporting invariants: true
Simplify termination arguments: true
Simplify supporting invariants: trueOverapproximate stem: false
[2020-06-17 21:18:10,350 INFO  L339   nArgumentSynthesizer]: Template has degree 0.
[2020-06-17 21:18:10,350 INFO  L352   nArgumentSynthesizer]: There is no stem transition; disabling supporting invariant generation.
[2020-06-17 21:18:10,351 INFO  L205   nArgumentSynthesizer]: 1 stem disjuncts
[2020-06-17 21:18:10,351 INFO  L206   nArgumentSynthesizer]: 1 loop disjuncts
[2020-06-17 21:18:10,351 INFO  L207   nArgumentSynthesizer]: 3 template conjuncts.
[2020-06-17 21:18:10,353 INFO  L402   nArgumentSynthesizer]: We have 3 Motzkin's Theorem applications.
[2020-06-17 21:18:10,353 INFO  L403   nArgumentSynthesizer]: A total of 0 supporting invariants were added.
[2020-06-17 21:18:10,357 INFO  L530          LassoAnalysis]: Proving termination failed for this template and these settings.
[2020-06-17 21:18:10,369 INFO  L497          LassoAnalysis]: Using template '3-nested'.
No working directory specified, using /home/lixie/LassoRankerExp/LassoRankerExp/z3
Starting monitored process 6 with z3 -smt2 -in SMTLIB2_COMPLIANT=true (exit command is (exit), workingDir is null)
Waiting until toolchain timeout for monitored process 6 with z3 -smt2 -in SMTLIB2_COMPLIANT=true
[2020-06-17 21:18:10,371 INFO  L122   nArgumentSynthesizer]: Termination Analysis Settings:
Termination analysis: LINEAR_WITH_GUESSES
Number of strict supporting invariants: 1
Number of non-strict supporting invariants: 0
Consider only non-deceasing supporting invariants: true
Simplify termination arguments: true
Simplify supporting invariants: trueOverapproximate stem: false
[2020-06-17 21:18:10,373 INFO  L339   nArgumentSynthesizer]: Template has degree 0.
[2020-06-17 21:18:10,373 INFO  L352   nArgumentSynthesizer]: There is no stem transition; disabling supporting invariant generation.
[2020-06-17 21:18:10,373 INFO  L205   nArgumentSynthesizer]: 1 stem disjuncts
[2020-06-17 21:18:10,373 INFO  L206   nArgumentSynthesizer]: 1 loop disjuncts
[2020-06-17 21:18:10,374 INFO  L207   nArgumentSynthesizer]: 4 template conjuncts.
[2020-06-17 21:18:10,377 INFO  L402   nArgumentSynthesizer]: We have 4 Motzkin's Theorem applications.
[2020-06-17 21:18:10,378 INFO  L403   nArgumentSynthesizer]: A total of 0 supporting invariants were added.
[2020-06-17 21:18:10,382 INFO  L421   nArgumentSynthesizer]: Found a termination argument, trying to simplify.
[2020-06-17 21:18:10,390 INFO  L443   ModelExtractionUtils]: Simplification made 4 calls to the SMT solver.
[2020-06-17 21:18:10,390 INFO  L444   ModelExtractionUtils]: 6 out of 13 variables were initially zero. Simplification set additionally 0 variables to zero.
No working directory specified, using /home/lixie/LassoRankerExp/LassoRankerExp/z3
Starting monitored process 7 with z3 -smt2 -in SMTLIB2_COMPLIANT=true (exit command is (exit), workingDir is null)
Waiting until toolchain timeout for monitored process 7 with z3 -smt2 -in SMTLIB2_COMPLIANT=true
[2020-06-17 21:18:10,397 INFO  L437   nArgumentSynthesizer]: Simplifying supporting invariants...
[2020-06-17 21:18:10,397 INFO  L440   nArgumentSynthesizer]: Removed 0 redundant supporting invariants from a total of 0.
[2020-06-17 21:18:10,397 INFO  L518          LassoAnalysis]: Proved termination.
[2020-06-17 21:18:10,398 INFO  L520          LassoAnalysis]: Termination argument consisting of:
Ranking function 3-nested ranking function:
  f0 = -1*Benghazi_d2
  f1 = 1*Benghazi_x - 1*Benghazi_d1 + 1
  f2 = 1*Benghazi_x + 1
Supporting invariants []
[2020-06-17 21:18:10,415 INFO  L132        PluginConnector]: ------------------------ END LassoRanker----------------------------
[2020-06-17 21:18:10,416 INFO  L168              Benchmark]: Toolchain (without parser) took 474.44 ms. Allocated memory is still 514.9 MB. Free memory was 472.9 MB in the beginning and 411.2 MB in the end (delta: 61.7 MB). Peak memory consumption was 61.7 MB. Max. memory is 11.5 GB.
[2020-06-17 21:18:10,417 INFO  L168              Benchmark]: Boogie PL CUP Parser took 0.10 ms. Allocated memory is still 514.9 MB. Free memory is still 474.4 MB. There was no memory consumed. Max. memory is 11.5 GB.
[2020-06-17 21:18:10,418 INFO  L168              Benchmark]: Boogie Preprocessor took 25.01 ms. Allocated memory is still 514.9 MB. Free memory was 471.5 MB in the beginning and 470.2 MB in the end (delta: 1.3 MB). Peak memory consumption was 1.3 MB. Max. memory is 11.5 GB.
[2020-06-17 21:18:10,418 INFO  L168              Benchmark]: RCFGBuilder took 98.28 ms. Allocated memory is still 514.9 MB. Free memory was 470.2 MB in the beginning and 460.6 MB in the end (delta: 9.5 MB). Peak memory consumption was 9.5 MB. Max. memory is 11.5 GB.
[2020-06-17 21:18:10,419 INFO  L168              Benchmark]: LassoRanker took 343.11 ms. Allocated memory is still 514.9 MB. Free memory was 460.6 MB in the beginning and 411.2 MB in the end (delta: 49.4 MB). Peak memory consumption was 49.4 MB. Max. memory is 11.5 GB.
[2020-06-17 21:18:10,420 INFO  L336   ainManager$Toolchain]: #######################  End [Toolchain 1] #######################
 --- Results ---
 * Results from de.uni_freiburg.informatik.ultimate.core:
  - StatisticsResult: Toolchain Benchmarks
    Benchmark results are:
 * Boogie PL CUP Parser took 0.10 ms. Allocated memory is still 514.9 MB. Free memory is still 474.4 MB. There was no memory consumed. Max. memory is 11.5 GB.
 * Boogie Preprocessor took 25.01 ms. Allocated memory is still 514.9 MB. Free memory was 471.5 MB in the beginning and 470.2 MB in the end (delta: 1.3 MB). Peak memory consumption was 1.3 MB. Max. memory is 11.5 GB.
 * RCFGBuilder took 98.28 ms. Allocated memory is still 514.9 MB. Free memory was 470.2 MB in the beginning and 460.6 MB in the end (delta: 9.5 MB). Peak memory consumption was 9.5 MB. Max. memory is 11.5 GB.
 * LassoRanker took 343.11 ms. Allocated memory is still 514.9 MB. Free memory was 460.6 MB in the beginning and 411.2 MB in the end (delta: 49.4 MB). Peak memory consumption was 49.4 MB. Max. memory is 11.5 GB.
 * Results from de.uni_freiburg.informatik.ultimate.plugins.analysis.lassoranker:
  - TerminationArgumentResult [Line: 14]: Found 3-nested ranking function
    Found a termination argument consisting of the 3-nested ranking function: [(if -1 * d2 > 0 then 2 else (if x + -1 * d1 + 1 > 0 then 1 else 0)), (if -1 * d2 > 0 then -1 * d2 else (if x + -1 * d1 + 1 > 0 then x + -1 * d1 + 1 else x + 1))] for which no supporting invariant is required.
RESULT: Ultimate proved your program to be correct!
Received shutdown request...
Ultimate:
GTK+ Version Check
