This is Ultimate 0.1.24-16d85fa
[2020-06-17 21:13:05,678 INFO  L170        SettingsManager]: Resetting all preferences to default values...
[2020-06-17 21:13:05,679 INFO  L174        SettingsManager]: Resetting UltimateCore preferences to default values
[2020-06-17 21:13:05,689 INFO  L177        SettingsManager]: Ultimate Commandline Interface provides no preferences, ignoring...
[2020-06-17 21:13:05,689 INFO  L174        SettingsManager]: Resetting Boogie Preprocessor preferences to default values
[2020-06-17 21:13:05,690 INFO  L174        SettingsManager]: Resetting Boogie Procedure Inliner preferences to default values
[2020-06-17 21:13:05,690 INFO  L174        SettingsManager]: Resetting Abstract Interpretation preferences to default values
[2020-06-17 21:13:05,692 INFO  L174        SettingsManager]: Resetting LassoRanker preferences to default values
[2020-06-17 21:13:05,693 INFO  L174        SettingsManager]: Resetting Reaching Definitions preferences to default values
[2020-06-17 21:13:05,693 INFO  L174        SettingsManager]: Resetting SyntaxChecker preferences to default values
[2020-06-17 21:13:05,694 INFO  L177        SettingsManager]: Büchi Program Product provides no preferences, ignoring...
[2020-06-17 21:13:05,694 INFO  L174        SettingsManager]: Resetting LTL2Aut preferences to default values
[2020-06-17 21:13:05,694 INFO  L174        SettingsManager]: Resetting PEA to Boogie preferences to default values
[2020-06-17 21:13:05,695 INFO  L174        SettingsManager]: Resetting BlockEncodingV2 preferences to default values
[2020-06-17 21:13:05,695 INFO  L174        SettingsManager]: Resetting ChcToBoogie preferences to default values
[2020-06-17 21:13:05,696 INFO  L174        SettingsManager]: Resetting AutomataScriptInterpreter preferences to default values
[2020-06-17 21:13:05,696 INFO  L174        SettingsManager]: Resetting BuchiAutomizer preferences to default values
[2020-06-17 21:13:05,697 INFO  L174        SettingsManager]: Resetting CACSL2BoogieTranslator preferences to default values
[2020-06-17 21:13:05,699 INFO  L174        SettingsManager]: Resetting CodeCheck preferences to default values
[2020-06-17 21:13:05,699 INFO  L174        SettingsManager]: Resetting InvariantSynthesis preferences to default values
[2020-06-17 21:13:05,700 INFO  L174        SettingsManager]: Resetting RCFGBuilder preferences to default values
[2020-06-17 21:13:05,701 INFO  L174        SettingsManager]: Resetting TraceAbstraction preferences to default values
[2020-06-17 21:13:05,702 INFO  L177        SettingsManager]: TraceAbstractionConcurrent provides no preferences, ignoring...
[2020-06-17 21:13:05,702 INFO  L177        SettingsManager]: TraceAbstractionWithAFAs provides no preferences, ignoring...
[2020-06-17 21:13:05,703 INFO  L174        SettingsManager]: Resetting TreeAutomizer preferences to default values
[2020-06-17 21:13:05,703 INFO  L174        SettingsManager]: Resetting IcfgTransformer preferences to default values
[2020-06-17 21:13:05,704 INFO  L174        SettingsManager]: Resetting Boogie Printer preferences to default values
[2020-06-17 21:13:05,704 INFO  L174        SettingsManager]: Resetting ReqPrinter preferences to default values
[2020-06-17 21:13:05,704 INFO  L174        SettingsManager]: Resetting Witness Printer preferences to default values
[2020-06-17 21:13:05,705 INFO  L177        SettingsManager]: Boogie PL CUP Parser provides no preferences, ignoring...
[2020-06-17 21:13:05,705 INFO  L174        SettingsManager]: Resetting CDTParser preferences to default values
[2020-06-17 21:13:05,705 INFO  L177        SettingsManager]: AutomataScriptParser provides no preferences, ignoring...
[2020-06-17 21:13:05,706 INFO  L177        SettingsManager]: ReqParser provides no preferences, ignoring...
[2020-06-17 21:13:05,706 INFO  L174        SettingsManager]: Resetting SmtParser preferences to default values
[2020-06-17 21:13:05,706 INFO  L174        SettingsManager]: Resetting Witness Parser preferences to default values
[2020-06-17 21:13:05,706 INFO  L181        SettingsManager]: Finished resetting all preferences to default values...
[2020-06-17 21:13:05,721 INFO  L81    nceAwareModelManager]: Repository-Root is: /tmp
[2020-06-17 21:13:05,728 INFO  L258   ainManager$Toolchain]: [Toolchain 1]: Applicable parser(s) successfully (re)initialized
[2020-06-17 21:13:05,730 INFO  L214   ainManager$Toolchain]: [Toolchain 1]: Toolchain selected.
[2020-06-17 21:13:05,731 INFO  L271        PluginConnector]: Initializing Boogie PL CUP Parser...
[2020-06-17 21:13:05,732 INFO  L276        PluginConnector]: Boogie PL CUP Parser initialized
[2020-06-17 21:13:05,732 INFO  L418   ainManager$Toolchain]: [Toolchain 1]: Parsing single file: /home/lixie/LassoRankerExp/LassoRankerExp/./Program_non/156.bpl
[2020-06-17 21:13:05,732 INFO  L111           BoogieParser]: Parsing: '/home/lixie/LassoRankerExp/LassoRankerExp/./Program_non/156.bpl'
[2020-06-17 21:13:05,750 INFO  L296   ainManager$Toolchain]: ####################### [Toolchain 1] #######################
[2020-06-17 21:13:05,757 INFO  L131        ToolchainWalker]: Walking toolchain with 3 elements.
[2020-06-17 21:13:05,758 INFO  L113        PluginConnector]: ------------------------Boogie Preprocessor----------------------------
[2020-06-17 21:13:05,758 INFO  L271        PluginConnector]: Initializing Boogie Preprocessor...
[2020-06-17 21:13:05,758 INFO  L276        PluginConnector]: Boogie Preprocessor initialized
[2020-06-17 21:13:05,771 INFO  L185        PluginConnector]: Executing the observer EnsureBoogieModelObserver from plugin Boogie Preprocessor for "156.bpl de.uni_freiburg.informatik.ultimate.boogie.parser AST 17.06 09:13:05" (1/1) ...
[2020-06-17 21:13:05,772 INFO  L185        PluginConnector]: Executing the observer TypeChecker from plugin Boogie Preprocessor for "156.bpl de.uni_freiburg.informatik.ultimate.boogie.parser AST 17.06 09:13:05" (1/1) ...
[2020-06-17 21:13:05,778 ERROR L1131           TypeChecker]: BPL: /home/lixie/LassoRankerExp/LassoRankerExp/./Program_non/156.bpl:4/11-4/13: Type check failed for x0 >= 0
[2020-06-17 21:13:05,779 INFO  L185        PluginConnector]: Executing the observer ConstExpander from plugin Boogie Preprocessor for "156.bpl de.uni_freiburg.informatik.ultimate.boogie.parser AST 17.06 09:13:05" (1/1) ...
[2020-06-17 21:13:05,779 INFO  L185        PluginConnector]: Executing the observer StructExpander from plugin Boogie Preprocessor for "156.bpl de.uni_freiburg.informatik.ultimate.boogie.parser AST 17.06 09:13:05" (1/1) ...
[2020-06-17 21:13:05,780 INFO  L185        PluginConnector]: Executing the observer UnstructureCode from plugin Boogie Preprocessor for "156.bpl de.uni_freiburg.informatik.ultimate.boogie.parser AST 17.06 09:13:05" (1/1) ...
[2020-06-17 21:13:05,783 INFO  L185        PluginConnector]: Executing the observer FunctionInliner from plugin Boogie Preprocessor for "156.bpl de.uni_freiburg.informatik.ultimate.boogie.parser AST 17.06 09:13:05" (1/1) ...
[2020-06-17 21:13:05,783 INFO  L185        PluginConnector]: Executing the observer BoogieSymbolTableConstructor from plugin Boogie Preprocessor for "156.bpl de.uni_freiburg.informatik.ultimate.boogie.parser AST 17.06 09:13:05" (1/1) ...
[2020-06-17 21:13:05,784 INFO  L132        PluginConnector]: ------------------------ END Boogie Preprocessor----------------------------
[2020-06-17 21:13:05,784 INFO  L184        ToolchainWalker]: Toolchain execution was canceled (user or tool) before executing de.uni_freiburg.informatik.ultimate.plugins.generator.rcfgbuilder
[2020-06-17 21:13:05,785 INFO  L168              Benchmark]: Toolchain (without parser) took 34.13 ms. Allocated memory is still 514.9 MB. Free memory was 472.9 MB in the beginning and 470.2 MB in the end (delta: 2.7 MB). Peak memory consumption was 2.7 MB. Max. memory is 11.5 GB.
[2020-06-17 21:13:05,788 INFO  L168              Benchmark]: Boogie PL CUP Parser took 0.09 ms. Allocated memory is still 514.9 MB. Free memory is still 474.4 MB. There was no memory consumed. Max. memory is 11.5 GB.
[2020-06-17 21:13:05,788 INFO  L168              Benchmark]: Boogie Preprocessor took 26.62 ms. Allocated memory is still 514.9 MB. Free memory was 471.5 MB in the beginning and 470.2 MB in the end (delta: 1.3 MB). Peak memory consumption was 1.3 MB. Max. memory is 11.5 GB.
[2020-06-17 21:13:05,790 INFO  L336   ainManager$Toolchain]: #######################  End [Toolchain 1] #######################
 --- Results ---
 * Results from de.uni_freiburg.informatik.ultimate.core:
  - StatisticsResult: Toolchain Benchmarks
    Benchmark results are:
 * Boogie PL CUP Parser took 0.09 ms. Allocated memory is still 514.9 MB. Free memory is still 474.4 MB. There was no memory consumed. Max. memory is 11.5 GB.
 * Boogie Preprocessor took 26.62 ms. Allocated memory is still 514.9 MB. Free memory was 471.5 MB in the beginning and 470.2 MB in the end (delta: 1.3 MB). Peak memory consumption was 1.3 MB. Max. memory is 11.5 GB.
 * Results from de.uni_freiburg.informatik.ultimate.boogie.preprocessor:
  - TypeErrorResult [Line: 4]: Type Error
    Type check failed for x0 >= 0
RESULT: Ultimate could not prove your program: Toolchain returned no result.
Received shutdown request...
Ultimate:
GTK+ Version Check
