This is Ultimate 0.1.24-16d85fa
[2020-06-17 21:23:20,605 INFO  L170        SettingsManager]: Resetting all preferences to default values...
[2020-06-17 21:23:20,606 INFO  L174        SettingsManager]: Resetting UltimateCore preferences to default values
[2020-06-17 21:23:20,617 INFO  L177        SettingsManager]: Ultimate Commandline Interface provides no preferences, ignoring...
[2020-06-17 21:23:20,617 INFO  L174        SettingsManager]: Resetting Boogie Preprocessor preferences to default values
[2020-06-17 21:23:20,618 INFO  L174        SettingsManager]: Resetting Boogie Procedure Inliner preferences to default values
[2020-06-17 21:23:20,618 INFO  L174        SettingsManager]: Resetting Abstract Interpretation preferences to default values
[2020-06-17 21:23:20,619 INFO  L174        SettingsManager]: Resetting LassoRanker preferences to default values
[2020-06-17 21:23:20,621 INFO  L174        SettingsManager]: Resetting Reaching Definitions preferences to default values
[2020-06-17 21:23:20,622 INFO  L174        SettingsManager]: Resetting SyntaxChecker preferences to default values
[2020-06-17 21:23:20,622 INFO  L177        SettingsManager]: Büchi Program Product provides no preferences, ignoring...
[2020-06-17 21:23:20,622 INFO  L174        SettingsManager]: Resetting LTL2Aut preferences to default values
[2020-06-17 21:23:20,623 INFO  L174        SettingsManager]: Resetting PEA to Boogie preferences to default values
[2020-06-17 21:23:20,624 INFO  L174        SettingsManager]: Resetting BlockEncodingV2 preferences to default values
[2020-06-17 21:23:20,625 INFO  L174        SettingsManager]: Resetting ChcToBoogie preferences to default values
[2020-06-17 21:23:20,625 INFO  L174        SettingsManager]: Resetting AutomataScriptInterpreter preferences to default values
[2020-06-17 21:23:20,626 INFO  L174        SettingsManager]: Resetting BuchiAutomizer preferences to default values
[2020-06-17 21:23:20,628 INFO  L174        SettingsManager]: Resetting CACSL2BoogieTranslator preferences to default values
[2020-06-17 21:23:20,630 INFO  L174        SettingsManager]: Resetting CodeCheck preferences to default values
[2020-06-17 21:23:20,631 INFO  L174        SettingsManager]: Resetting InvariantSynthesis preferences to default values
[2020-06-17 21:23:20,632 INFO  L174        SettingsManager]: Resetting RCFGBuilder preferences to default values
[2020-06-17 21:23:20,633 INFO  L174        SettingsManager]: Resetting TraceAbstraction preferences to default values
[2020-06-17 21:23:20,635 INFO  L177        SettingsManager]: TraceAbstractionConcurrent provides no preferences, ignoring...
[2020-06-17 21:23:20,635 INFO  L177        SettingsManager]: TraceAbstractionWithAFAs provides no preferences, ignoring...
[2020-06-17 21:23:20,635 INFO  L174        SettingsManager]: Resetting TreeAutomizer preferences to default values
[2020-06-17 21:23:20,636 INFO  L174        SettingsManager]: Resetting IcfgTransformer preferences to default values
[2020-06-17 21:23:20,637 INFO  L174        SettingsManager]: Resetting Boogie Printer preferences to default values
[2020-06-17 21:23:20,637 INFO  L174        SettingsManager]: Resetting ReqPrinter preferences to default values
[2020-06-17 21:23:20,638 INFO  L174        SettingsManager]: Resetting Witness Printer preferences to default values
[2020-06-17 21:23:20,639 INFO  L177        SettingsManager]: Boogie PL CUP Parser provides no preferences, ignoring...
[2020-06-17 21:23:20,639 INFO  L174        SettingsManager]: Resetting CDTParser preferences to default values
[2020-06-17 21:23:20,639 INFO  L177        SettingsManager]: AutomataScriptParser provides no preferences, ignoring...
[2020-06-17 21:23:20,640 INFO  L177        SettingsManager]: ReqParser provides no preferences, ignoring...
[2020-06-17 21:23:20,640 INFO  L174        SettingsManager]: Resetting SmtParser preferences to default values
[2020-06-17 21:23:20,640 INFO  L174        SettingsManager]: Resetting Witness Parser preferences to default values
[2020-06-17 21:23:20,641 INFO  L181        SettingsManager]: Finished resetting all preferences to default values...
[2020-06-17 21:23:20,660 INFO  L81    nceAwareModelManager]: Repository-Root is: /tmp
[2020-06-17 21:23:20,669 INFO  L258   ainManager$Toolchain]: [Toolchain 1]: Applicable parser(s) successfully (re)initialized
[2020-06-17 21:23:20,672 INFO  L214   ainManager$Toolchain]: [Toolchain 1]: Toolchain selected.
[2020-06-17 21:23:20,673 INFO  L271        PluginConnector]: Initializing Boogie PL CUP Parser...
[2020-06-17 21:23:20,673 INFO  L276        PluginConnector]: Boogie PL CUP Parser initialized
[2020-06-17 21:23:20,673 INFO  L418   ainManager$Toolchain]: [Toolchain 1]: Parsing single file: /home/lixie/LassoRankerExp/LassoRankerExp/./Program_non/166.bpl
[2020-06-17 21:23:20,674 INFO  L111           BoogieParser]: Parsing: '/home/lixie/LassoRankerExp/LassoRankerExp/./Program_non/166.bpl'
[2020-06-17 21:23:20,695 INFO  L296   ainManager$Toolchain]: ####################### [Toolchain 1] #######################
[2020-06-17 21:23:20,704 INFO  L131        ToolchainWalker]: Walking toolchain with 3 elements.
[2020-06-17 21:23:20,704 INFO  L113        PluginConnector]: ------------------------Boogie Preprocessor----------------------------
[2020-06-17 21:23:20,704 INFO  L271        PluginConnector]: Initializing Boogie Preprocessor...
[2020-06-17 21:23:20,705 INFO  L276        PluginConnector]: Boogie Preprocessor initialized
[2020-06-17 21:23:20,721 INFO  L185        PluginConnector]: Executing the observer EnsureBoogieModelObserver from plugin Boogie Preprocessor for "166.bpl de.uni_freiburg.informatik.ultimate.boogie.parser AST 17.06 09:23:20" (1/1) ...
[2020-06-17 21:23:20,722 INFO  L185        PluginConnector]: Executing the observer TypeChecker from plugin Boogie Preprocessor for "166.bpl de.uni_freiburg.informatik.ultimate.boogie.parser AST 17.06 09:23:20" (1/1) ...
[2020-06-17 21:23:20,726 INFO  L185        PluginConnector]: Executing the observer ConstExpander from plugin Boogie Preprocessor for "166.bpl de.uni_freiburg.informatik.ultimate.boogie.parser AST 17.06 09:23:20" (1/1) ...
[2020-06-17 21:23:20,727 INFO  L185        PluginConnector]: Executing the observer StructExpander from plugin Boogie Preprocessor for "166.bpl de.uni_freiburg.informatik.ultimate.boogie.parser AST 17.06 09:23:20" (1/1) ...
[2020-06-17 21:23:20,728 INFO  L185        PluginConnector]: Executing the observer UnstructureCode from plugin Boogie Preprocessor for "166.bpl de.uni_freiburg.informatik.ultimate.boogie.parser AST 17.06 09:23:20" (1/1) ...
[2020-06-17 21:23:20,732 INFO  L185        PluginConnector]: Executing the observer FunctionInliner from plugin Boogie Preprocessor for "166.bpl de.uni_freiburg.informatik.ultimate.boogie.parser AST 17.06 09:23:20" (1/1) ...
[2020-06-17 21:23:20,733 INFO  L185        PluginConnector]: Executing the observer BoogieSymbolTableConstructor from plugin Boogie Preprocessor for "166.bpl de.uni_freiburg.informatik.ultimate.boogie.parser AST 17.06 09:23:20" (1/1) ...
[2020-06-17 21:23:20,734 INFO  L132        PluginConnector]: ------------------------ END Boogie Preprocessor----------------------------
[2020-06-17 21:23:20,735 INFO  L113        PluginConnector]: ------------------------RCFGBuilder----------------------------
[2020-06-17 21:23:20,735 INFO  L271        PluginConnector]: Initializing RCFGBuilder...
[2020-06-17 21:23:20,735 INFO  L276        PluginConnector]: RCFGBuilder initialized
[2020-06-17 21:23:20,736 INFO  L185        PluginConnector]: Executing the observer RCFGBuilderObserver from plugin RCFGBuilder for "166.bpl de.uni_freiburg.informatik.ultimate.boogie.parser AST 17.06 09:23:20" (1/1) ...
No working directory specified, using /home/lixie/LassoRankerExp/LassoRankerExp/z3
Starting monitored process 1 with z3 SMTLIB2_COMPLIANT=true -memory:1024 -smt2 -in -t:12000 (exit command is (exit), workingDir is null)
Waiting until toolchain timeout for monitored process 1 with z3 SMTLIB2_COMPLIANT=true -memory:1024 -smt2 -in -t:12000
[2020-06-17 21:23:20,771 INFO  L124     BoogieDeclarations]: Specification and implementation of procedure main given in one single declaration
[2020-06-17 21:23:20,771 INFO  L130     BoogieDeclarations]: Found specification of procedure main
[2020-06-17 21:23:20,771 INFO  L138     BoogieDeclarations]: Found implementation of procedure main
[2020-06-17 21:23:20,851 INFO  L278             CfgBuilder]: Using library mode
[2020-06-17 21:23:20,851 INFO  L286             CfgBuilder]: Removed 0 assue(true) statements.
[2020-06-17 21:23:20,851 INFO  L202        PluginConnector]: Adding new model 166.bpl de.uni_freiburg.informatik.ultimate.plugins.generator.rcfgbuilder CFG 17.06 09:23:20 BoogieIcfgContainer
[2020-06-17 21:23:20,852 INFO  L132        PluginConnector]: ------------------------ END RCFGBuilder----------------------------
[2020-06-17 21:23:20,852 INFO  L113        PluginConnector]: ------------------------LassoRanker----------------------------
[2020-06-17 21:23:20,852 INFO  L271        PluginConnector]: Initializing LassoRanker...
[2020-06-17 21:23:20,852 INFO  L276        PluginConnector]: LassoRanker initialized
[2020-06-17 21:23:20,852 INFO  L185        PluginConnector]: Executing the observer LassoRankerObserver from plugin LassoRanker for "166.bpl de.uni_freiburg.informatik.ultimate.plugins.generator.rcfgbuilder CFG 17.06 09:23:20" (1/1) ...
[2020-06-17 21:23:20,870 INFO  L72            BuchiIsEmpty]: Start buchiIsEmpty. Operand 2 states.
[2020-06-17 21:23:20,883 INFO  L131   ngComponentsAnalysis]: Automaton has 1 accepting balls. 1
[2020-06-17 21:23:20,883 INFO  L87            BuchiIsEmpty]: Finished buchiIsEmpty Result is false
[2020-06-17 21:23:20,883 INFO  L119           BuchiIsEmpty]: Starting construction of run
[2020-06-17 21:23:20,888 INFO  L104     BuchiDifferenceFKV]: Start buchiDifferenceFKV. First operand 2 states. Second operand 1 states.
[2020-06-17 21:23:20,895 INFO  L108     BuchiDifferenceFKV]: Finished buchiDifferenceFKV. First operand 2 states. Second operand 1 states. Result 3 states and 4 transitions. Complement of second has 2 states 2 powerset states0 rank states. The highest rank that occured is -1
[2020-06-17 21:23:20,895 INFO  L72            BuchiIsEmpty]: Start buchiIsEmpty. Operand 3 states and 4 transitions.
[2020-06-17 21:23:20,895 INFO  L131   ngComponentsAnalysis]: Automaton has 0 accepting balls. 0
[2020-06-17 21:23:20,895 INFO  L87            BuchiIsEmpty]: Finished buchiIsEmpty Result is true
[2020-06-17 21:23:20,990 INFO  L216          LassoAnalysis]: Preferences:
[2020-06-17 21:23:20,991 INFO  L124   ssoRankerPreferences]: Compute integeral hull: false
[2020-06-17 21:23:20,991 INFO  L125   ssoRankerPreferences]: Enable LassoPartitioneer: true
[2020-06-17 21:23:20,992 INFO  L126   ssoRankerPreferences]: Term annotations enabled: false
[2020-06-17 21:23:20,992 INFO  L127   ssoRankerPreferences]: Use exernal solver: true
[2020-06-17 21:23:20,992 INFO  L128   ssoRankerPreferences]: SMT solver command: z3 -smt2 -in SMTLIB2_COMPLIANT=true
[2020-06-17 21:23:20,992 INFO  L129   ssoRankerPreferences]: Dump SMT script to file: false
[2020-06-17 21:23:20,992 INFO  L130   ssoRankerPreferences]: Path of dumped script: .
[2020-06-17 21:23:20,992 INFO  L131   ssoRankerPreferences]: Filename of dumped script: LassoRankerScript
[2020-06-17 21:23:20,992 INFO  L132   ssoRankerPreferences]: MapElimAlgo: Frank
[2020-06-17 21:23:20,992 INFO  L282          LassoAnalysis]: Starting lasso preprocessing...
[2020-06-17 21:23:21,008 INFO  L141          MapEliminator]: Using MapEliminator with SimplificationTechnique=SIMPLIFY_DDA XnfConversionTechnique=BOTTOM_UP_WITH_LOCAL_SIMPLIFICATION AddInequalities=false OnlyTrivialImplicationsArrayWrite=false OnlyTrivialImplicationsForModifiedArguments=true OnlyArgumentsInFormula=true
[2020-06-17 21:23:21,190 INFO  L300          LassoAnalysis]: Preprocessing complete.
[2020-06-17 21:23:21,191 INFO  L412          LassoAnalysis]: Checking for nontermination...
No working directory specified, using /home/lixie/LassoRankerExp/LassoRankerExp/z3
Starting monitored process 2 with z3 -smt2 -in SMTLIB2_COMPLIANT=true (exit command is (exit), workingDir is null)
Waiting until toolchain timeout for monitored process 2 with z3 -smt2 -in SMTLIB2_COMPLIANT=true
[2020-06-17 21:23:21,195 INFO  L151   nArgumentSynthesizer]: Nontermination analysis: LINEAR_WITH_GUESSES Allow bounded executions: true Number of generalized eigenvectors: 0 Nilpotent components: true
No working directory specified, using /home/lixie/LassoRankerExp/LassoRankerExp/z3
Starting monitored process 3 with z3 -smt2 -in SMTLIB2_COMPLIANT=true (exit command is (exit), workingDir is null)
Waiting until toolchain timeout for monitored process 3 with z3 -smt2 -in SMTLIB2_COMPLIANT=true
[2020-06-17 21:23:21,224 INFO  L151   nArgumentSynthesizer]: Nontermination analysis: LINEAR_WITH_GUESSES Allow bounded executions: true Number of generalized eigenvectors: 3 Nilpotent components: true
[2020-06-17 21:23:21,237 INFO  L452          LassoAnalysis]: Proving nontermination failed: No geometric nontermination argument exists.
[2020-06-17 21:23:21,250 INFO  L216          LassoAnalysis]: Preferences:
[2020-06-17 21:23:21,250 INFO  L124   ssoRankerPreferences]: Compute integeral hull: false
[2020-06-17 21:23:21,250 INFO  L125   ssoRankerPreferences]: Enable LassoPartitioneer: true
[2020-06-17 21:23:21,251 INFO  L126   ssoRankerPreferences]: Term annotations enabled: false
[2020-06-17 21:23:21,251 INFO  L127   ssoRankerPreferences]: Use exernal solver: true
[2020-06-17 21:23:21,251 INFO  L128   ssoRankerPreferences]: SMT solver command: z3 -smt2 -in SMTLIB2_COMPLIANT=true
[2020-06-17 21:23:21,251 INFO  L129   ssoRankerPreferences]: Dump SMT script to file: false
[2020-06-17 21:23:21,251 INFO  L130   ssoRankerPreferences]: Path of dumped script: .
[2020-06-17 21:23:21,251 INFO  L131   ssoRankerPreferences]: Filename of dumped script: LassoRankerScript
[2020-06-17 21:23:21,251 INFO  L132   ssoRankerPreferences]: MapElimAlgo: Frank
[2020-06-17 21:23:21,251 INFO  L282          LassoAnalysis]: Starting lasso preprocessing...
[2020-06-17 21:23:21,254 INFO  L141          MapEliminator]: Using MapEliminator with SimplificationTechnique=SIMPLIFY_DDA XnfConversionTechnique=BOTTOM_UP_WITH_LOCAL_SIMPLIFICATION AddInequalities=false OnlyTrivialImplicationsArrayWrite=false OnlyTrivialImplicationsForModifiedArguments=true OnlyArgumentsInFormula=true
[2020-06-17 21:23:21,392 INFO  L300          LassoAnalysis]: Preprocessing complete.
[2020-06-17 21:23:21,396 INFO  L497          LassoAnalysis]: Using template 'affine'.
No working directory specified, using /home/lixie/LassoRankerExp/LassoRankerExp/z3
Starting monitored process 4 with z3 -smt2 -in SMTLIB2_COMPLIANT=true (exit command is (exit), workingDir is null)
Waiting until toolchain timeout for monitored process 4 with z3 -smt2 -in SMTLIB2_COMPLIANT=true
[2020-06-17 21:23:21,398 INFO  L122   nArgumentSynthesizer]: Termination Analysis Settings:
Termination analysis: LINEAR_WITH_GUESSES
Number of strict supporting invariants: 1
Number of non-strict supporting invariants: 0
Consider only non-deceasing supporting invariants: true
Simplify termination arguments: true
Simplify supporting invariants: trueOverapproximate stem: false
[2020-06-17 21:23:21,400 INFO  L339   nArgumentSynthesizer]: Template has degree 0.
[2020-06-17 21:23:21,400 INFO  L352   nArgumentSynthesizer]: There is no stem transition; disabling supporting invariant generation.
[2020-06-17 21:23:21,401 INFO  L205   nArgumentSynthesizer]: 1 stem disjuncts
[2020-06-17 21:23:21,401 INFO  L206   nArgumentSynthesizer]: 2 loop disjuncts
[2020-06-17 21:23:21,401 INFO  L207   nArgumentSynthesizer]: 2 template conjuncts.
[2020-06-17 21:23:21,404 INFO  L402   nArgumentSynthesizer]: We have 4 Motzkin's Theorem applications.
[2020-06-17 21:23:21,404 INFO  L403   nArgumentSynthesizer]: A total of 0 supporting invariants were added.
[2020-06-17 21:23:21,409 INFO  L421   nArgumentSynthesizer]: Found a termination argument, trying to simplify.
[2020-06-17 21:23:21,415 INFO  L443   ModelExtractionUtils]: Simplification made 4 calls to the SMT solver.
[2020-06-17 21:23:21,415 INFO  L444   ModelExtractionUtils]: 1 out of 5 variables were initially zero. Simplification set additionally 1 variables to zero.
No working directory specified, using /home/lixie/LassoRankerExp/LassoRankerExp/z3
Starting monitored process 5 with z3 -smt2 -in SMTLIB2_COMPLIANT=true (exit command is (exit), workingDir is null)
Waiting until toolchain timeout for monitored process 5 with z3 -smt2 -in SMTLIB2_COMPLIANT=true
[2020-06-17 21:23:21,432 INFO  L437   nArgumentSynthesizer]: Simplifying supporting invariants...
[2020-06-17 21:23:21,432 INFO  L440   nArgumentSynthesizer]: Removed 0 redundant supporting invariants from a total of 0.
[2020-06-17 21:23:21,432 INFO  L518          LassoAnalysis]: Proved termination.
[2020-06-17 21:23:21,433 INFO  L520          LassoAnalysis]: Termination argument consisting of:
Ranking function f(main_x1, main_x0) = 1*main_x1 + 11*main_x0
Supporting invariants []
[2020-06-17 21:23:21,458 FATAL L292        ToolchainWalker]: The Plugin de.uni_freiburg.informatik.ultimate.plugins.analysis.lassoranker has thrown an exception:
java.lang.IllegalArgumentException: Unknown sort Int
	at de.uni_freiburg.informatik.ultimate.modelcheckerutils.boogie.TypeSortTranslator.getType(TypeSortTranslator.java:145)
	at de.uni_freiburg.informatik.ultimate.modelcheckerutils.boogie.Term2Expression.translate(Term2Expression.java:361)
	at de.uni_freiburg.informatik.ultimate.modelcheckerutils.boogie.Term2Expression.translate(Term2Expression.java:131)
	at de.uni_freiburg.informatik.ultimate.modelcheckerutils.boogie.Term2Expression.translate(Term2Expression.java:165)
	at de.uni_freiburg.informatik.ultimate.modelcheckerutils.boogie.Term2Expression.translate(Term2Expression.java:129)
	at de.uni_freiburg.informatik.ultimate.modelcheckerutils.boogie.Term2Expression.translate(Term2Expression.java:165)
	at de.uni_freiburg.informatik.ultimate.modelcheckerutils.boogie.Term2Expression.translate(Term2Expression.java:129)
	at de.uni_freiburg.informatik.ultimate.plugins.generator.rcfgbuilder.RCFGBacktranslator.translateExpression(RCFGBacktranslator.java:394)
	at de.uni_freiburg.informatik.ultimate.plugins.generator.rcfgbuilder.RCFGBacktranslator.translateExpression(RCFGBacktranslator.java:1)
	at de.uni_freiburg.informatik.ultimate.core.coreplugin.services.ModelTranslationContainer.translateExpression(ModelTranslationContainer.java:105)
	at de.uni_freiburg.informatik.ultimate.core.coreplugin.services.ModelTranslationContainer.translateExpressionToString(ModelTranslationContainer.java:89)
	at de.uni_freiburg.informatik.ultimate.core.lib.results.TerminationArgumentResult.getLongDescription(TerminationArgumentResult.java:95)
	at de.uni_freiburg.informatik.ultimate.core.coreplugin.services.ResultService.reportResult(ResultService.java:85)
	at de.uni_freiburg.informatik.ultimate.plugins.analysis.lassoranker.LassoRankerStarter.reportResult(LassoRankerStarter.java:552)
	at de.uni_freiburg.informatik.ultimate.plugins.analysis.lassoranker.LassoRankerStarter.reportTerminationResult(LassoRankerStarter.java:437)
	at de.uni_freiburg.informatik.ultimate.plugins.analysis.lassoranker.LassoRankerStarter.<init>(LassoRankerStarter.java:254)
	at de.uni_freiburg.informatik.ultimate.plugins.analysis.lassoranker.LassoRankerObserver.process(LassoRankerObserver.java:72)
	at de.uni_freiburg.informatik.ultimate.core.coreplugin.modelwalker.CFGWalker.runObserver(CFGWalker.java:57)
	at de.uni_freiburg.informatik.ultimate.core.coreplugin.modelwalker.BaseWalker.runObserver(BaseWalker.java:93)
	at de.uni_freiburg.informatik.ultimate.core.coreplugin.modelwalker.BaseWalker.run(BaseWalker.java:86)
	at de.uni_freiburg.informatik.ultimate.core.coreplugin.PluginConnector.runObserver(PluginConnector.java:167)
	at de.uni_freiburg.informatik.ultimate.core.coreplugin.PluginConnector.runTool(PluginConnector.java:156)
	at de.uni_freiburg.informatik.ultimate.core.coreplugin.PluginConnector.run(PluginConnector.java:128)
	at de.uni_freiburg.informatik.ultimate.core.coreplugin.ToolchainWalker.executePluginConnector(ToolchainWalker.java:232)
	at de.uni_freiburg.informatik.ultimate.core.coreplugin.ToolchainWalker.processPlugin(ToolchainWalker.java:226)
	at de.uni_freiburg.informatik.ultimate.core.coreplugin.ToolchainWalker.walkUnprotected(ToolchainWalker.java:142)
	at de.uni_freiburg.informatik.ultimate.core.coreplugin.ToolchainWalker.walk(ToolchainWalker.java:104)
	at de.uni_freiburg.informatik.ultimate.core.coreplugin.ToolchainManager$Toolchain.processToolchain(ToolchainManager.java:316)
	at de.uni_freiburg.informatik.ultimate.core.coreplugin.toolchain.DefaultToolchainJob.run(DefaultToolchainJob.java:145)
	at org.eclipse.core.internal.jobs.Worker.run(Worker.java:55)
[2020-06-17 21:23:21,460 INFO  L168              Benchmark]: Toolchain (without parser) took 764.49 ms. Allocated memory was 514.9 MB in the beginning and 534.8 MB in the end (delta: 19.9 MB). Free memory was 472.9 MB in the beginning and 475.5 MB in the end (delta: -2.6 MB). Peak memory consumption was 119.7 MB. Max. memory is 11.5 GB.
[2020-06-17 21:23:21,462 INFO  L168              Benchmark]: Boogie PL CUP Parser took 0.09 ms. Allocated memory is still 514.9 MB. Free memory is still 474.4 MB. There was no memory consumed. Max. memory is 11.5 GB.
[2020-06-17 21:23:21,462 INFO  L168              Benchmark]: Boogie Preprocessor took 30.09 ms. Allocated memory is still 514.9 MB. Free memory was 471.5 MB in the beginning and 470.1 MB in the end (delta: 1.3 MB). Peak memory consumption was 1.3 MB. Max. memory is 11.5 GB.
[2020-06-17 21:23:21,462 INFO  L168              Benchmark]: RCFGBuilder took 116.88 ms. Allocated memory is still 514.9 MB. Free memory was 470.1 MB in the beginning and 457.9 MB in the end (delta: 12.2 MB). Peak memory consumption was 12.2 MB. Max. memory is 11.5 GB.
[2020-06-17 21:23:21,463 INFO  L168              Benchmark]: LassoRanker took 607.70 ms. Allocated memory was 514.9 MB in the beginning and 534.8 MB in the end (delta: 19.9 MB). Free memory was 457.9 MB in the beginning and 475.5 MB in the end (delta: -17.6 MB). Peak memory consumption was 104.7 MB. Max. memory is 11.5 GB.
[2020-06-17 21:23:21,465 INFO  L336   ainManager$Toolchain]: #######################  End [Toolchain 1] #######################
 --- Results ---
 * Results from de.uni_freiburg.informatik.ultimate.core:
  - StatisticsResult: Toolchain Benchmarks
    Benchmark results are:
 * Boogie PL CUP Parser took 0.09 ms. Allocated memory is still 514.9 MB. Free memory is still 474.4 MB. There was no memory consumed. Max. memory is 11.5 GB.
 * Boogie Preprocessor took 30.09 ms. Allocated memory is still 514.9 MB. Free memory was 471.5 MB in the beginning and 470.1 MB in the end (delta: 1.3 MB). Peak memory consumption was 1.3 MB. Max. memory is 11.5 GB.
 * RCFGBuilder took 116.88 ms. Allocated memory is still 514.9 MB. Free memory was 470.1 MB in the beginning and 457.9 MB in the end (delta: 12.2 MB). Peak memory consumption was 12.2 MB. Max. memory is 11.5 GB.
 * LassoRanker took 607.70 ms. Allocated memory was 514.9 MB in the beginning and 534.8 MB in the end (delta: 19.9 MB). Free memory was 457.9 MB in the beginning and 475.5 MB in the end (delta: -17.6 MB). Peak memory consumption was 104.7 MB. Max. memory is 11.5 GB.
 * Results from de.uni_freiburg.informatik.ultimate.plugins.analysis.lassoranker:
  - ExceptionOrErrorResult: IllegalArgumentException: Unknown sort Int
    de.uni_freiburg.informatik.ultimate.plugins.analysis.lassoranker: IllegalArgumentException: Unknown sort Int: de.uni_freiburg.informatik.ultimate.modelcheckerutils.boogie.TypeSortTranslator.getType(TypeSortTranslator.java:145)
RESULT: Ultimate could not prove your program: Toolchain returned no result.
Received shutdown request...
Ultimate:
GTK+ Version Check
