This is Ultimate 0.1.24-16d85fa
[2020-06-17 21:23:26,816 INFO  L170        SettingsManager]: Resetting all preferences to default values...
[2020-06-17 21:23:26,817 INFO  L174        SettingsManager]: Resetting UltimateCore preferences to default values
[2020-06-17 21:23:26,827 INFO  L177        SettingsManager]: Ultimate Commandline Interface provides no preferences, ignoring...
[2020-06-17 21:23:26,827 INFO  L174        SettingsManager]: Resetting Boogie Preprocessor preferences to default values
[2020-06-17 21:23:26,827 INFO  L174        SettingsManager]: Resetting Boogie Procedure Inliner preferences to default values
[2020-06-17 21:23:26,828 INFO  L174        SettingsManager]: Resetting Abstract Interpretation preferences to default values
[2020-06-17 21:23:26,830 INFO  L174        SettingsManager]: Resetting LassoRanker preferences to default values
[2020-06-17 21:23:26,831 INFO  L174        SettingsManager]: Resetting Reaching Definitions preferences to default values
[2020-06-17 21:23:26,831 INFO  L174        SettingsManager]: Resetting SyntaxChecker preferences to default values
[2020-06-17 21:23:26,832 INFO  L177        SettingsManager]: Büchi Program Product provides no preferences, ignoring...
[2020-06-17 21:23:26,832 INFO  L174        SettingsManager]: Resetting LTL2Aut preferences to default values
[2020-06-17 21:23:26,832 INFO  L174        SettingsManager]: Resetting PEA to Boogie preferences to default values
[2020-06-17 21:23:26,833 INFO  L174        SettingsManager]: Resetting BlockEncodingV2 preferences to default values
[2020-06-17 21:23:26,833 INFO  L174        SettingsManager]: Resetting ChcToBoogie preferences to default values
[2020-06-17 21:23:26,834 INFO  L174        SettingsManager]: Resetting AutomataScriptInterpreter preferences to default values
[2020-06-17 21:23:26,834 INFO  L174        SettingsManager]: Resetting BuchiAutomizer preferences to default values
[2020-06-17 21:23:26,835 INFO  L174        SettingsManager]: Resetting CACSL2BoogieTranslator preferences to default values
[2020-06-17 21:23:26,837 INFO  L174        SettingsManager]: Resetting CodeCheck preferences to default values
[2020-06-17 21:23:26,837 INFO  L174        SettingsManager]: Resetting InvariantSynthesis preferences to default values
[2020-06-17 21:23:26,838 INFO  L174        SettingsManager]: Resetting RCFGBuilder preferences to default values
[2020-06-17 21:23:26,839 INFO  L174        SettingsManager]: Resetting TraceAbstraction preferences to default values
[2020-06-17 21:23:26,840 INFO  L177        SettingsManager]: TraceAbstractionConcurrent provides no preferences, ignoring...
[2020-06-17 21:23:26,840 INFO  L177        SettingsManager]: TraceAbstractionWithAFAs provides no preferences, ignoring...
[2020-06-17 21:23:26,841 INFO  L174        SettingsManager]: Resetting TreeAutomizer preferences to default values
[2020-06-17 21:23:26,841 INFO  L174        SettingsManager]: Resetting IcfgTransformer preferences to default values
[2020-06-17 21:23:26,842 INFO  L174        SettingsManager]: Resetting Boogie Printer preferences to default values
[2020-06-17 21:23:26,842 INFO  L174        SettingsManager]: Resetting ReqPrinter preferences to default values
[2020-06-17 21:23:26,843 INFO  L174        SettingsManager]: Resetting Witness Printer preferences to default values
[2020-06-17 21:23:26,843 INFO  L177        SettingsManager]: Boogie PL CUP Parser provides no preferences, ignoring...
[2020-06-17 21:23:26,843 INFO  L174        SettingsManager]: Resetting CDTParser preferences to default values
[2020-06-17 21:23:26,844 INFO  L177        SettingsManager]: AutomataScriptParser provides no preferences, ignoring...
[2020-06-17 21:23:26,844 INFO  L177        SettingsManager]: ReqParser provides no preferences, ignoring...
[2020-06-17 21:23:26,844 INFO  L174        SettingsManager]: Resetting SmtParser preferences to default values
[2020-06-17 21:23:26,845 INFO  L174        SettingsManager]: Resetting Witness Parser preferences to default values
[2020-06-17 21:23:26,845 INFO  L181        SettingsManager]: Finished resetting all preferences to default values...
[2020-06-17 21:23:26,860 INFO  L81    nceAwareModelManager]: Repository-Root is: /tmp
[2020-06-17 21:23:26,871 INFO  L258   ainManager$Toolchain]: [Toolchain 1]: Applicable parser(s) successfully (re)initialized
[2020-06-17 21:23:26,874 INFO  L214   ainManager$Toolchain]: [Toolchain 1]: Toolchain selected.
[2020-06-17 21:23:26,875 INFO  L271        PluginConnector]: Initializing Boogie PL CUP Parser...
[2020-06-17 21:23:26,875 INFO  L276        PluginConnector]: Boogie PL CUP Parser initialized
[2020-06-17 21:23:26,876 INFO  L418   ainManager$Toolchain]: [Toolchain 1]: Parsing single file: /home/lixie/LassoRankerExp/LassoRankerExp/./Program_non/169.bpl
[2020-06-17 21:23:26,876 INFO  L111           BoogieParser]: Parsing: '/home/lixie/LassoRankerExp/LassoRankerExp/./Program_non/169.bpl'
[2020-06-17 21:23:26,902 INFO  L296   ainManager$Toolchain]: ####################### [Toolchain 1] #######################
[2020-06-17 21:23:26,911 INFO  L131        ToolchainWalker]: Walking toolchain with 3 elements.
[2020-06-17 21:23:26,912 INFO  L113        PluginConnector]: ------------------------Boogie Preprocessor----------------------------
[2020-06-17 21:23:26,912 INFO  L271        PluginConnector]: Initializing Boogie Preprocessor...
[2020-06-17 21:23:26,912 INFO  L276        PluginConnector]: Boogie Preprocessor initialized
[2020-06-17 21:23:26,926 INFO  L185        PluginConnector]: Executing the observer EnsureBoogieModelObserver from plugin Boogie Preprocessor for "169.bpl de.uni_freiburg.informatik.ultimate.boogie.parser AST 17.06 09:23:26" (1/1) ...
[2020-06-17 21:23:26,927 INFO  L185        PluginConnector]: Executing the observer TypeChecker from plugin Boogie Preprocessor for "169.bpl de.uni_freiburg.informatik.ultimate.boogie.parser AST 17.06 09:23:26" (1/1) ...
[2020-06-17 21:23:26,931 INFO  L185        PluginConnector]: Executing the observer ConstExpander from plugin Boogie Preprocessor for "169.bpl de.uni_freiburg.informatik.ultimate.boogie.parser AST 17.06 09:23:26" (1/1) ...
[2020-06-17 21:23:26,931 INFO  L185        PluginConnector]: Executing the observer StructExpander from plugin Boogie Preprocessor for "169.bpl de.uni_freiburg.informatik.ultimate.boogie.parser AST 17.06 09:23:26" (1/1) ...
[2020-06-17 21:23:26,933 INFO  L185        PluginConnector]: Executing the observer UnstructureCode from plugin Boogie Preprocessor for "169.bpl de.uni_freiburg.informatik.ultimate.boogie.parser AST 17.06 09:23:26" (1/1) ...
[2020-06-17 21:23:26,935 INFO  L185        PluginConnector]: Executing the observer FunctionInliner from plugin Boogie Preprocessor for "169.bpl de.uni_freiburg.informatik.ultimate.boogie.parser AST 17.06 09:23:26" (1/1) ...
[2020-06-17 21:23:26,936 INFO  L185        PluginConnector]: Executing the observer BoogieSymbolTableConstructor from plugin Boogie Preprocessor for "169.bpl de.uni_freiburg.informatik.ultimate.boogie.parser AST 17.06 09:23:26" (1/1) ...
[2020-06-17 21:23:26,936 INFO  L132        PluginConnector]: ------------------------ END Boogie Preprocessor----------------------------
[2020-06-17 21:23:26,937 INFO  L113        PluginConnector]: ------------------------RCFGBuilder----------------------------
[2020-06-17 21:23:26,937 INFO  L271        PluginConnector]: Initializing RCFGBuilder...
[2020-06-17 21:23:26,937 INFO  L276        PluginConnector]: RCFGBuilder initialized
[2020-06-17 21:23:26,938 INFO  L185        PluginConnector]: Executing the observer RCFGBuilderObserver from plugin RCFGBuilder for "169.bpl de.uni_freiburg.informatik.ultimate.boogie.parser AST 17.06 09:23:26" (1/1) ...
No working directory specified, using /home/lixie/LassoRankerExp/LassoRankerExp/z3
Starting monitored process 1 with z3 SMTLIB2_COMPLIANT=true -memory:1024 -smt2 -in -t:12000 (exit command is (exit), workingDir is null)
Waiting until toolchain timeout for monitored process 1 with z3 SMTLIB2_COMPLIANT=true -memory:1024 -smt2 -in -t:12000
[2020-06-17 21:23:26,973 INFO  L124     BoogieDeclarations]: Specification and implementation of procedure main given in one single declaration
[2020-06-17 21:23:26,974 INFO  L130     BoogieDeclarations]: Found specification of procedure main
[2020-06-17 21:23:26,974 INFO  L138     BoogieDeclarations]: Found implementation of procedure main
[2020-06-17 21:23:27,047 INFO  L278             CfgBuilder]: Using library mode
[2020-06-17 21:23:27,047 INFO  L286             CfgBuilder]: Removed 0 assue(true) statements.
[2020-06-17 21:23:27,048 INFO  L202        PluginConnector]: Adding new model 169.bpl de.uni_freiburg.informatik.ultimate.plugins.generator.rcfgbuilder CFG 17.06 09:23:27 BoogieIcfgContainer
[2020-06-17 21:23:27,048 INFO  L132        PluginConnector]: ------------------------ END RCFGBuilder----------------------------
[2020-06-17 21:23:27,048 INFO  L113        PluginConnector]: ------------------------LassoRanker----------------------------
[2020-06-17 21:23:27,048 INFO  L271        PluginConnector]: Initializing LassoRanker...
[2020-06-17 21:23:27,049 INFO  L276        PluginConnector]: LassoRanker initialized
[2020-06-17 21:23:27,049 INFO  L185        PluginConnector]: Executing the observer LassoRankerObserver from plugin LassoRanker for "169.bpl de.uni_freiburg.informatik.ultimate.plugins.generator.rcfgbuilder CFG 17.06 09:23:27" (1/1) ...
[2020-06-17 21:23:27,066 INFO  L72            BuchiIsEmpty]: Start buchiIsEmpty. Operand 2 states.
[2020-06-17 21:23:27,079 INFO  L131   ngComponentsAnalysis]: Automaton has 1 accepting balls. 1
[2020-06-17 21:23:27,080 INFO  L87            BuchiIsEmpty]: Finished buchiIsEmpty Result is false
[2020-06-17 21:23:27,080 INFO  L119           BuchiIsEmpty]: Starting construction of run
[2020-06-17 21:23:27,084 INFO  L104     BuchiDifferenceFKV]: Start buchiDifferenceFKV. First operand 2 states. Second operand 1 states.
[2020-06-17 21:23:27,092 INFO  L108     BuchiDifferenceFKV]: Finished buchiDifferenceFKV. First operand 2 states. Second operand 1 states. Result 3 states and 4 transitions. Complement of second has 2 states 2 powerset states0 rank states. The highest rank that occured is -1
[2020-06-17 21:23:27,092 INFO  L72            BuchiIsEmpty]: Start buchiIsEmpty. Operand 3 states and 4 transitions.
[2020-06-17 21:23:27,092 INFO  L131   ngComponentsAnalysis]: Automaton has 0 accepting balls. 0
[2020-06-17 21:23:27,092 INFO  L87            BuchiIsEmpty]: Finished buchiIsEmpty Result is true
[2020-06-17 21:23:27,134 INFO  L216          LassoAnalysis]: Preferences:
[2020-06-17 21:23:27,135 INFO  L124   ssoRankerPreferences]: Compute integeral hull: false
[2020-06-17 21:23:27,135 INFO  L125   ssoRankerPreferences]: Enable LassoPartitioneer: true
[2020-06-17 21:23:27,135 INFO  L126   ssoRankerPreferences]: Term annotations enabled: false
[2020-06-17 21:23:27,135 INFO  L127   ssoRankerPreferences]: Use exernal solver: true
[2020-06-17 21:23:27,136 INFO  L128   ssoRankerPreferences]: SMT solver command: z3 -smt2 -in SMTLIB2_COMPLIANT=true
[2020-06-17 21:23:27,136 INFO  L129   ssoRankerPreferences]: Dump SMT script to file: false
[2020-06-17 21:23:27,136 INFO  L130   ssoRankerPreferences]: Path of dumped script: .
[2020-06-17 21:23:27,136 INFO  L131   ssoRankerPreferences]: Filename of dumped script: LassoRankerScript
[2020-06-17 21:23:27,136 INFO  L132   ssoRankerPreferences]: MapElimAlgo: Frank
[2020-06-17 21:23:27,136 INFO  L282          LassoAnalysis]: Starting lasso preprocessing...
[2020-06-17 21:23:27,150 INFO  L141          MapEliminator]: Using MapEliminator with SimplificationTechnique=SIMPLIFY_DDA XnfConversionTechnique=BOTTOM_UP_WITH_LOCAL_SIMPLIFICATION AddInequalities=false OnlyTrivialImplicationsArrayWrite=false OnlyTrivialImplicationsForModifiedArguments=true OnlyArgumentsInFormula=true
[2020-06-17 21:23:27,253 INFO  L300          LassoAnalysis]: Preprocessing complete.
[2020-06-17 21:23:27,254 INFO  L412          LassoAnalysis]: Checking for nontermination...
No working directory specified, using /home/lixie/LassoRankerExp/LassoRankerExp/z3
Starting monitored process 2 with z3 -smt2 -in SMTLIB2_COMPLIANT=true (exit command is (exit), workingDir is null)
Waiting until toolchain timeout for monitored process 2 with z3 -smt2 -in SMTLIB2_COMPLIANT=true
[2020-06-17 21:23:27,260 INFO  L151   nArgumentSynthesizer]: Nontermination analysis: LINEAR_WITH_GUESSES Allow bounded executions: true Number of generalized eigenvectors: 0 Nilpotent components: true
[2020-06-17 21:23:27,261 INFO  L163   nArgumentSynthesizer]: Using integer mode.
No working directory specified, using /home/lixie/LassoRankerExp/LassoRankerExp/z3
Starting monitored process 3 with z3 -smt2 -in SMTLIB2_COMPLIANT=true (exit command is (exit), workingDir is null)
Waiting until toolchain timeout for monitored process 3 with z3 -smt2 -in SMTLIB2_COMPLIANT=true
[2020-06-17 21:23:27,282 INFO  L151   nArgumentSynthesizer]: Nontermination analysis: LINEAR_WITH_GUESSES Allow bounded executions: true Number of generalized eigenvectors: 3 Nilpotent components: true
[2020-06-17 21:23:27,283 INFO  L163   nArgumentSynthesizer]: Using integer mode.
[2020-06-17 21:23:27,300 INFO  L452          LassoAnalysis]: Proving nontermination failed: No geometric nontermination argument exists.
[2020-06-17 21:23:27,302 INFO  L216          LassoAnalysis]: Preferences:
[2020-06-17 21:23:27,302 INFO  L124   ssoRankerPreferences]: Compute integeral hull: false
[2020-06-17 21:23:27,302 INFO  L125   ssoRankerPreferences]: Enable LassoPartitioneer: true
[2020-06-17 21:23:27,302 INFO  L126   ssoRankerPreferences]: Term annotations enabled: false
[2020-06-17 21:23:27,302 INFO  L127   ssoRankerPreferences]: Use exernal solver: true
[2020-06-17 21:23:27,302 INFO  L128   ssoRankerPreferences]: SMT solver command: z3 -smt2 -in SMTLIB2_COMPLIANT=true
[2020-06-17 21:23:27,302 INFO  L129   ssoRankerPreferences]: Dump SMT script to file: false
[2020-06-17 21:23:27,302 INFO  L130   ssoRankerPreferences]: Path of dumped script: .
[2020-06-17 21:23:27,302 INFO  L131   ssoRankerPreferences]: Filename of dumped script: LassoRankerScript
[2020-06-17 21:23:27,302 INFO  L132   ssoRankerPreferences]: MapElimAlgo: Frank
[2020-06-17 21:23:27,302 INFO  L282          LassoAnalysis]: Starting lasso preprocessing...
[2020-06-17 21:23:27,304 INFO  L141          MapEliminator]: Using MapEliminator with SimplificationTechnique=SIMPLIFY_DDA XnfConversionTechnique=BOTTOM_UP_WITH_LOCAL_SIMPLIFICATION AddInequalities=false OnlyTrivialImplicationsArrayWrite=false OnlyTrivialImplicationsForModifiedArguments=true OnlyArgumentsInFormula=true
[2020-06-17 21:23:27,368 INFO  L300          LassoAnalysis]: Preprocessing complete.
[2020-06-17 21:23:27,372 INFO  L497          LassoAnalysis]: Using template 'affine'.
No working directory specified, using /home/lixie/LassoRankerExp/LassoRankerExp/z3
Starting monitored process 4 with z3 -smt2 -in SMTLIB2_COMPLIANT=true (exit command is (exit), workingDir is null)
Waiting until toolchain timeout for monitored process 4 with z3 -smt2 -in SMTLIB2_COMPLIANT=true
[2020-06-17 21:23:27,375 INFO  L122   nArgumentSynthesizer]: Termination Analysis Settings:
Termination analysis: LINEAR_WITH_GUESSES
Number of strict supporting invariants: 1
Number of non-strict supporting invariants: 0
Consider only non-deceasing supporting invariants: true
Simplify termination arguments: true
Simplify supporting invariants: trueOverapproximate stem: false
[2020-06-17 21:23:27,376 INFO  L339   nArgumentSynthesizer]: Template has degree 0.
[2020-06-17 21:23:27,377 INFO  L352   nArgumentSynthesizer]: There is no stem transition; disabling supporting invariant generation.
[2020-06-17 21:23:27,377 INFO  L205   nArgumentSynthesizer]: 1 stem disjuncts
[2020-06-17 21:23:27,377 INFO  L206   nArgumentSynthesizer]: 2 loop disjuncts
[2020-06-17 21:23:27,377 INFO  L207   nArgumentSynthesizer]: 2 template conjuncts.
[2020-06-17 21:23:27,380 INFO  L402   nArgumentSynthesizer]: We have 4 Motzkin's Theorem applications.
[2020-06-17 21:23:27,380 INFO  L403   nArgumentSynthesizer]: A total of 0 supporting invariants were added.
[2020-06-17 21:23:27,383 INFO  L530          LassoAnalysis]: Proving termination failed for this template and these settings.
[2020-06-17 21:23:27,406 INFO  L497          LassoAnalysis]: Using template '2-nested'.
No working directory specified, using /home/lixie/LassoRankerExp/LassoRankerExp/z3
Starting monitored process 5 with z3 -smt2 -in SMTLIB2_COMPLIANT=true (exit command is (exit), workingDir is null)
Waiting until toolchain timeout for monitored process 5 with z3 -smt2 -in SMTLIB2_COMPLIANT=true
[2020-06-17 21:23:27,408 INFO  L122   nArgumentSynthesizer]: Termination Analysis Settings:
Termination analysis: LINEAR_WITH_GUESSES
Number of strict supporting invariants: 1
Number of non-strict supporting invariants: 0
Consider only non-deceasing supporting invariants: true
Simplify termination arguments: true
Simplify supporting invariants: trueOverapproximate stem: false
[2020-06-17 21:23:27,409 INFO  L339   nArgumentSynthesizer]: Template has degree 0.
[2020-06-17 21:23:27,409 INFO  L352   nArgumentSynthesizer]: There is no stem transition; disabling supporting invariant generation.
[2020-06-17 21:23:27,410 INFO  L205   nArgumentSynthesizer]: 1 stem disjuncts
[2020-06-17 21:23:27,410 INFO  L206   nArgumentSynthesizer]: 2 loop disjuncts
[2020-06-17 21:23:27,410 INFO  L207   nArgumentSynthesizer]: 3 template conjuncts.
[2020-06-17 21:23:27,412 INFO  L402   nArgumentSynthesizer]: We have 6 Motzkin's Theorem applications.
[2020-06-17 21:23:27,412 INFO  L403   nArgumentSynthesizer]: A total of 0 supporting invariants were added.
[2020-06-17 21:23:27,414 INFO  L530          LassoAnalysis]: Proving termination failed for this template and these settings.
[2020-06-17 21:23:27,427 INFO  L497          LassoAnalysis]: Using template '3-nested'.
No working directory specified, using /home/lixie/LassoRankerExp/LassoRankerExp/z3
Starting monitored process 6 with z3 -smt2 -in SMTLIB2_COMPLIANT=true (exit command is (exit), workingDir is null)
Waiting until toolchain timeout for monitored process 6 with z3 -smt2 -in SMTLIB2_COMPLIANT=true
[2020-06-17 21:23:27,429 INFO  L122   nArgumentSynthesizer]: Termination Analysis Settings:
Termination analysis: LINEAR_WITH_GUESSES
Number of strict supporting invariants: 1
Number of non-strict supporting invariants: 0
Consider only non-deceasing supporting invariants: true
Simplify termination arguments: true
Simplify supporting invariants: trueOverapproximate stem: false
[2020-06-17 21:23:27,430 INFO  L339   nArgumentSynthesizer]: Template has degree 0.
[2020-06-17 21:23:27,431 INFO  L352   nArgumentSynthesizer]: There is no stem transition; disabling supporting invariant generation.
[2020-06-17 21:23:27,431 INFO  L205   nArgumentSynthesizer]: 1 stem disjuncts
[2020-06-17 21:23:27,431 INFO  L206   nArgumentSynthesizer]: 2 loop disjuncts
[2020-06-17 21:23:27,431 INFO  L207   nArgumentSynthesizer]: 4 template conjuncts.
[2020-06-17 21:23:27,433 INFO  L402   nArgumentSynthesizer]: We have 8 Motzkin's Theorem applications.
[2020-06-17 21:23:27,433 INFO  L403   nArgumentSynthesizer]: A total of 0 supporting invariants were added.
[2020-06-17 21:23:27,436 INFO  L530          LassoAnalysis]: Proving termination failed for this template and these settings.
[2020-06-17 21:23:27,449 INFO  L497          LassoAnalysis]: Using template '4-nested'.
No working directory specified, using /home/lixie/LassoRankerExp/LassoRankerExp/z3
Starting monitored process 7 with z3 -smt2 -in SMTLIB2_COMPLIANT=true (exit command is (exit), workingDir is null)
Waiting until toolchain timeout for monitored process 7 with z3 -smt2 -in SMTLIB2_COMPLIANT=true
[2020-06-17 21:23:27,451 INFO  L122   nArgumentSynthesizer]: Termination Analysis Settings:
Termination analysis: LINEAR_WITH_GUESSES
Number of strict supporting invariants: 1
Number of non-strict supporting invariants: 0
Consider only non-deceasing supporting invariants: true
Simplify termination arguments: true
Simplify supporting invariants: trueOverapproximate stem: false
[2020-06-17 21:23:27,452 INFO  L339   nArgumentSynthesizer]: Template has degree 0.
[2020-06-17 21:23:27,453 INFO  L352   nArgumentSynthesizer]: There is no stem transition; disabling supporting invariant generation.
[2020-06-17 21:23:27,453 INFO  L205   nArgumentSynthesizer]: 1 stem disjuncts
[2020-06-17 21:23:27,453 INFO  L206   nArgumentSynthesizer]: 2 loop disjuncts
[2020-06-17 21:23:27,453 INFO  L207   nArgumentSynthesizer]: 5 template conjuncts.
[2020-06-17 21:23:27,456 INFO  L402   nArgumentSynthesizer]: We have 10 Motzkin's Theorem applications.
[2020-06-17 21:23:27,456 INFO  L403   nArgumentSynthesizer]: A total of 0 supporting invariants were added.
[2020-06-17 21:23:27,459 INFO  L530          LassoAnalysis]: Proving termination failed for this template and these settings.
[2020-06-17 21:23:27,472 INFO  L497          LassoAnalysis]: Using template '2-phase'.
No working directory specified, using /home/lixie/LassoRankerExp/LassoRankerExp/z3
Starting monitored process 8 with z3 -smt2 -in SMTLIB2_COMPLIANT=true (exit command is (exit), workingDir is null)
Waiting until toolchain timeout for monitored process 8 with z3 -smt2 -in SMTLIB2_COMPLIANT=true
[2020-06-17 21:23:27,474 INFO  L122   nArgumentSynthesizer]: Termination Analysis Settings:
Termination analysis: LINEAR_WITH_GUESSES
Number of strict supporting invariants: 1
Number of non-strict supporting invariants: 0
Consider only non-deceasing supporting invariants: true
Simplify termination arguments: true
Simplify supporting invariants: trueOverapproximate stem: false
[2020-06-17 21:23:27,475 WARN  L334   nArgumentSynthesizer]: Using a linear SMT query and a templates of degree > 0, hence this method is incomplete.
[2020-06-17 21:23:27,475 INFO  L339   nArgumentSynthesizer]: Template has degree 1.
[2020-06-17 21:23:27,476 INFO  L352   nArgumentSynthesizer]: There is no stem transition; disabling supporting invariant generation.
[2020-06-17 21:23:27,476 INFO  L205   nArgumentSynthesizer]: 1 stem disjuncts
[2020-06-17 21:23:27,476 INFO  L206   nArgumentSynthesizer]: 2 loop disjuncts
[2020-06-17 21:23:27,476 INFO  L207   nArgumentSynthesizer]: 3 template conjuncts.
[2020-06-17 21:23:27,479 INFO  L402   nArgumentSynthesizer]: We have 6 Motzkin's Theorem applications.
[2020-06-17 21:23:27,480 INFO  L403   nArgumentSynthesizer]: A total of 0 supporting invariants were added.
[2020-06-17 21:23:27,484 INFO  L530          LassoAnalysis]: Proving termination failed for this template and these settings.
[2020-06-17 21:23:27,502 INFO  L497          LassoAnalysis]: Using template 'lex(affine, affine)'.
No working directory specified, using /home/lixie/LassoRankerExp/LassoRankerExp/z3
Starting monitored process 9 with z3 -smt2 -in SMTLIB2_COMPLIANT=true (exit command is (exit), workingDir is null)
Waiting until toolchain timeout for monitored process 9 with z3 -smt2 -in SMTLIB2_COMPLIANT=true
[2020-06-17 21:23:27,504 INFO  L122   nArgumentSynthesizer]: Termination Analysis Settings:
Termination analysis: LINEAR_WITH_GUESSES
Number of strict supporting invariants: 1
Number of non-strict supporting invariants: 0
Consider only non-deceasing supporting invariants: true
Simplify termination arguments: true
Simplify supporting invariants: trueOverapproximate stem: false
[2020-06-17 21:23:27,506 WARN  L334   nArgumentSynthesizer]: Using a linear SMT query and a templates of degree > 0, hence this method is incomplete.
[2020-06-17 21:23:27,506 INFO  L339   nArgumentSynthesizer]: Template has degree 5.
[2020-06-17 21:23:27,506 INFO  L352   nArgumentSynthesizer]: There is no stem transition; disabling supporting invariant generation.
[2020-06-17 21:23:27,506 INFO  L205   nArgumentSynthesizer]: 1 stem disjuncts
[2020-06-17 21:23:27,507 INFO  L206   nArgumentSynthesizer]: 2 loop disjuncts
[2020-06-17 21:23:27,507 INFO  L207   nArgumentSynthesizer]: 4 template conjuncts.
[2020-06-17 21:23:27,509 INFO  L402   nArgumentSynthesizer]: We have 8 Motzkin's Theorem applications.
[2020-06-17 21:23:27,509 INFO  L403   nArgumentSynthesizer]: A total of 0 supporting invariants were added.
[2020-06-17 21:23:27,514 INFO  L530          LassoAnalysis]: Proving termination failed for this template and these settings.
[2020-06-17 21:23:27,527 INFO  L497          LassoAnalysis]: Using template '2-piece'.
No working directory specified, using /home/lixie/LassoRankerExp/LassoRankerExp/z3
Starting monitored process 10 with z3 -smt2 -in SMTLIB2_COMPLIANT=true (exit command is (exit), workingDir is null)
Waiting until toolchain timeout for monitored process 10 with z3 -smt2 -in SMTLIB2_COMPLIANT=true
[2020-06-17 21:23:27,529 INFO  L122   nArgumentSynthesizer]: Termination Analysis Settings:
Termination analysis: LINEAR_WITH_GUESSES
Number of strict supporting invariants: 1
Number of non-strict supporting invariants: 0
Consider only non-deceasing supporting invariants: true
Simplify termination arguments: true
Simplify supporting invariants: trueOverapproximate stem: false
[2020-06-17 21:23:27,530 WARN  L334   nArgumentSynthesizer]: Using a linear SMT query and a templates of degree > 0, hence this method is incomplete.
[2020-06-17 21:23:27,530 INFO  L339   nArgumentSynthesizer]: Template has degree 7.
[2020-06-17 21:23:27,530 INFO  L352   nArgumentSynthesizer]: There is no stem transition; disabling supporting invariant generation.
[2020-06-17 21:23:27,531 INFO  L205   nArgumentSynthesizer]: 1 stem disjuncts
[2020-06-17 21:23:27,531 INFO  L206   nArgumentSynthesizer]: 2 loop disjuncts
[2020-06-17 21:23:27,531 INFO  L207   nArgumentSynthesizer]: 7 template conjuncts.
[2020-06-17 21:23:27,537 INFO  L402   nArgumentSynthesizer]: We have 14 Motzkin's Theorem applications.
[2020-06-17 21:23:27,537 INFO  L403   nArgumentSynthesizer]: A total of 0 supporting invariants were added.
[2020-06-17 21:23:27,567 INFO  L530          LassoAnalysis]: Proving termination failed for this template and these settings.
[2020-06-17 21:23:27,579 INFO  L497          LassoAnalysis]: Using template '2-parallel'.
No working directory specified, using /home/lixie/LassoRankerExp/LassoRankerExp/z3
Starting monitored process 11 with z3 -smt2 -in SMTLIB2_COMPLIANT=true (exit command is (exit), workingDir is null)
Waiting until toolchain timeout for monitored process 11 with z3 -smt2 -in SMTLIB2_COMPLIANT=true
[2020-06-17 21:23:27,580 INFO  L122   nArgumentSynthesizer]: Termination Analysis Settings:
Termination analysis: LINEAR_WITH_GUESSES
Number of strict supporting invariants: 1
Number of non-strict supporting invariants: 0
Consider only non-deceasing supporting invariants: true
Simplify termination arguments: true
Simplify supporting invariants: trueOverapproximate stem: false
[2020-06-17 21:23:27,581 WARN  L334   nArgumentSynthesizer]: Using a linear SMT query and a templates of degree > 0, hence this method is incomplete.
[2020-06-17 21:23:27,582 INFO  L339   nArgumentSynthesizer]: Template has degree 4.
[2020-06-17 21:23:27,582 INFO  L352   nArgumentSynthesizer]: There is no stem transition; disabling supporting invariant generation.
[2020-06-17 21:23:27,582 INFO  L205   nArgumentSynthesizer]: 1 stem disjuncts
[2020-06-17 21:23:27,582 INFO  L206   nArgumentSynthesizer]: 2 loop disjuncts
[2020-06-17 21:23:27,582 INFO  L207   nArgumentSynthesizer]: 6 template conjuncts.
[2020-06-17 21:23:27,587 INFO  L402   nArgumentSynthesizer]: We have 12 Motzkin's Theorem applications.
[2020-06-17 21:23:27,587 INFO  L403   nArgumentSynthesizer]: A total of 0 supporting invariants were added.
[2020-06-17 21:23:27,593 INFO  L530          LassoAnalysis]: Proving termination failed for this template and these settings.
[2020-06-17 21:23:27,610 INFO  L489     LassoRankerStarter]: LassoRanker could not prove termination or nontermination of the given linear lasso program.
Templates: AffineTemplate NestedTemplate NestedTemplate NestedTemplate MultiphaseTemplate ComposedLexicographicTemplate PiecewiseTemplate ParallelTemplate
[2020-06-17 21:23:27,611 INFO  L132        PluginConnector]: ------------------------ END LassoRanker----------------------------
[2020-06-17 21:23:27,612 INFO  L168              Benchmark]: Toolchain (without parser) took 709.17 ms. Allocated memory is still 514.9 MB. Free memory was 472.9 MB in the beginning and 369.3 MB in the end (delta: 103.6 MB). Peak memory consumption was 103.6 MB. Max. memory is 11.5 GB.
[2020-06-17 21:23:27,613 INFO  L168              Benchmark]: Boogie PL CUP Parser took 0.14 ms. Allocated memory is still 514.9 MB. Free memory is still 474.4 MB. There was no memory consumed. Max. memory is 11.5 GB.
[2020-06-17 21:23:27,614 INFO  L168              Benchmark]: Boogie Preprocessor took 24.97 ms. Allocated memory is still 514.9 MB. Free memory was 471.5 MB in the beginning and 470.2 MB in the end (delta: 1.3 MB). Peak memory consumption was 1.3 MB. Max. memory is 11.5 GB.
[2020-06-17 21:23:27,615 INFO  L168              Benchmark]: RCFGBuilder took 111.25 ms. Allocated memory is still 514.9 MB. Free memory was 470.2 MB in the beginning and 459.3 MB in the end (delta: 10.8 MB). Peak memory consumption was 10.8 MB. Max. memory is 11.5 GB.
[2020-06-17 21:23:27,615 INFO  L168              Benchmark]: LassoRanker took 562.80 ms. Allocated memory is still 514.9 MB. Free memory was 459.3 MB in the beginning and 369.3 MB in the end (delta: 90.0 MB). Peak memory consumption was 90.0 MB. Max. memory is 11.5 GB.
[2020-06-17 21:23:27,617 INFO  L336   ainManager$Toolchain]: #######################  End [Toolchain 1] #######################
 --- Results ---
 * Results from de.uni_freiburg.informatik.ultimate.core:
  - StatisticsResult: Toolchain Benchmarks
    Benchmark results are:
 * Boogie PL CUP Parser took 0.14 ms. Allocated memory is still 514.9 MB. Free memory is still 474.4 MB. There was no memory consumed. Max. memory is 11.5 GB.
 * Boogie Preprocessor took 24.97 ms. Allocated memory is still 514.9 MB. Free memory was 471.5 MB in the beginning and 470.2 MB in the end (delta: 1.3 MB). Peak memory consumption was 1.3 MB. Max. memory is 11.5 GB.
 * RCFGBuilder took 111.25 ms. Allocated memory is still 514.9 MB. Free memory was 470.2 MB in the beginning and 459.3 MB in the end (delta: 10.8 MB). Peak memory consumption was 10.8 MB. Max. memory is 11.5 GB.
 * LassoRanker took 562.80 ms. Allocated memory is still 514.9 MB. Free memory was 459.3 MB in the beginning and 369.3 MB in the end (delta: 90.0 MB). Peak memory consumption was 90.0 MB. Max. memory is 11.5 GB.
 * Results from de.uni_freiburg.informatik.ultimate.plugins.analysis.lassoranker:
  - NoResult [Line: 2]: LassoRanker could not prove termination
    LassoRanker could not prove termination or nontermination of the given linear lasso program.
Templates: AffineTemplate NestedTemplate NestedTemplate NestedTemplate MultiphaseTemplate ComposedLexicographicTemplate PiecewiseTemplate ParallelTemplate
RESULT: Ultimate could not prove your program: Toolchain returned no result.
Received shutdown request...
Ultimate:
GTK+ Version Check
