This is Ultimate 0.1.24-16d85fa
[2020-06-17 21:23:32,322 INFO  L170        SettingsManager]: Resetting all preferences to default values...
[2020-06-17 21:23:32,324 INFO  L174        SettingsManager]: Resetting UltimateCore preferences to default values
[2020-06-17 21:23:32,333 INFO  L177        SettingsManager]: Ultimate Commandline Interface provides no preferences, ignoring...
[2020-06-17 21:23:32,333 INFO  L174        SettingsManager]: Resetting Boogie Preprocessor preferences to default values
[2020-06-17 21:23:32,334 INFO  L174        SettingsManager]: Resetting Boogie Procedure Inliner preferences to default values
[2020-06-17 21:23:32,335 INFO  L174        SettingsManager]: Resetting Abstract Interpretation preferences to default values
[2020-06-17 21:23:32,336 INFO  L174        SettingsManager]: Resetting LassoRanker preferences to default values
[2020-06-17 21:23:32,337 INFO  L174        SettingsManager]: Resetting Reaching Definitions preferences to default values
[2020-06-17 21:23:32,337 INFO  L174        SettingsManager]: Resetting SyntaxChecker preferences to default values
[2020-06-17 21:23:32,338 INFO  L177        SettingsManager]: Büchi Program Product provides no preferences, ignoring...
[2020-06-17 21:23:32,338 INFO  L174        SettingsManager]: Resetting LTL2Aut preferences to default values
[2020-06-17 21:23:32,338 INFO  L174        SettingsManager]: Resetting PEA to Boogie preferences to default values
[2020-06-17 21:23:32,339 INFO  L174        SettingsManager]: Resetting BlockEncodingV2 preferences to default values
[2020-06-17 21:23:32,340 INFO  L174        SettingsManager]: Resetting ChcToBoogie preferences to default values
[2020-06-17 21:23:32,340 INFO  L174        SettingsManager]: Resetting AutomataScriptInterpreter preferences to default values
[2020-06-17 21:23:32,341 INFO  L174        SettingsManager]: Resetting BuchiAutomizer preferences to default values
[2020-06-17 21:23:32,342 INFO  L174        SettingsManager]: Resetting CACSL2BoogieTranslator preferences to default values
[2020-06-17 21:23:32,343 INFO  L174        SettingsManager]: Resetting CodeCheck preferences to default values
[2020-06-17 21:23:32,344 INFO  L174        SettingsManager]: Resetting InvariantSynthesis preferences to default values
[2020-06-17 21:23:32,344 INFO  L174        SettingsManager]: Resetting RCFGBuilder preferences to default values
[2020-06-17 21:23:32,345 INFO  L174        SettingsManager]: Resetting TraceAbstraction preferences to default values
[2020-06-17 21:23:32,347 INFO  L177        SettingsManager]: TraceAbstractionConcurrent provides no preferences, ignoring...
[2020-06-17 21:23:32,347 INFO  L177        SettingsManager]: TraceAbstractionWithAFAs provides no preferences, ignoring...
[2020-06-17 21:23:32,347 INFO  L174        SettingsManager]: Resetting TreeAutomizer preferences to default values
[2020-06-17 21:23:32,347 INFO  L174        SettingsManager]: Resetting IcfgTransformer preferences to default values
[2020-06-17 21:23:32,348 INFO  L174        SettingsManager]: Resetting Boogie Printer preferences to default values
[2020-06-17 21:23:32,348 INFO  L174        SettingsManager]: Resetting ReqPrinter preferences to default values
[2020-06-17 21:23:32,349 INFO  L174        SettingsManager]: Resetting Witness Printer preferences to default values
[2020-06-17 21:23:32,349 INFO  L177        SettingsManager]: Boogie PL CUP Parser provides no preferences, ignoring...
[2020-06-17 21:23:32,349 INFO  L174        SettingsManager]: Resetting CDTParser preferences to default values
[2020-06-17 21:23:32,350 INFO  L177        SettingsManager]: AutomataScriptParser provides no preferences, ignoring...
[2020-06-17 21:23:32,350 INFO  L177        SettingsManager]: ReqParser provides no preferences, ignoring...
[2020-06-17 21:23:32,350 INFO  L174        SettingsManager]: Resetting SmtParser preferences to default values
[2020-06-17 21:23:32,351 INFO  L174        SettingsManager]: Resetting Witness Parser preferences to default values
[2020-06-17 21:23:32,351 INFO  L181        SettingsManager]: Finished resetting all preferences to default values...
[2020-06-17 21:23:32,366 INFO  L81    nceAwareModelManager]: Repository-Root is: /tmp
[2020-06-17 21:23:32,374 INFO  L258   ainManager$Toolchain]: [Toolchain 1]: Applicable parser(s) successfully (re)initialized
[2020-06-17 21:23:32,376 INFO  L214   ainManager$Toolchain]: [Toolchain 1]: Toolchain selected.
[2020-06-17 21:23:32,377 INFO  L271        PluginConnector]: Initializing Boogie PL CUP Parser...
[2020-06-17 21:23:32,377 INFO  L276        PluginConnector]: Boogie PL CUP Parser initialized
[2020-06-17 21:23:32,378 INFO  L418   ainManager$Toolchain]: [Toolchain 1]: Parsing single file: /home/lixie/LassoRankerExp/LassoRankerExp/./Program_non/171.bpl
[2020-06-17 21:23:32,378 INFO  L111           BoogieParser]: Parsing: '/home/lixie/LassoRankerExp/LassoRankerExp/./Program_non/171.bpl'
[2020-06-17 21:23:32,397 INFO  L296   ainManager$Toolchain]: ####################### [Toolchain 1] #######################
[2020-06-17 21:23:32,404 INFO  L131        ToolchainWalker]: Walking toolchain with 3 elements.
[2020-06-17 21:23:32,404 INFO  L113        PluginConnector]: ------------------------Boogie Preprocessor----------------------------
[2020-06-17 21:23:32,404 INFO  L271        PluginConnector]: Initializing Boogie Preprocessor...
[2020-06-17 21:23:32,405 INFO  L276        PluginConnector]: Boogie Preprocessor initialized
[2020-06-17 21:23:32,418 INFO  L185        PluginConnector]: Executing the observer EnsureBoogieModelObserver from plugin Boogie Preprocessor for "171.bpl de.uni_freiburg.informatik.ultimate.boogie.parser AST 17.06 09:23:32" (1/1) ...
[2020-06-17 21:23:32,419 INFO  L185        PluginConnector]: Executing the observer TypeChecker from plugin Boogie Preprocessor for "171.bpl de.uni_freiburg.informatik.ultimate.boogie.parser AST 17.06 09:23:32" (1/1) ...
[2020-06-17 21:23:32,422 INFO  L185        PluginConnector]: Executing the observer ConstExpander from plugin Boogie Preprocessor for "171.bpl de.uni_freiburg.informatik.ultimate.boogie.parser AST 17.06 09:23:32" (1/1) ...
[2020-06-17 21:23:32,423 INFO  L185        PluginConnector]: Executing the observer StructExpander from plugin Boogie Preprocessor for "171.bpl de.uni_freiburg.informatik.ultimate.boogie.parser AST 17.06 09:23:32" (1/1) ...
[2020-06-17 21:23:32,424 INFO  L185        PluginConnector]: Executing the observer UnstructureCode from plugin Boogie Preprocessor for "171.bpl de.uni_freiburg.informatik.ultimate.boogie.parser AST 17.06 09:23:32" (1/1) ...
[2020-06-17 21:23:32,426 INFO  L185        PluginConnector]: Executing the observer FunctionInliner from plugin Boogie Preprocessor for "171.bpl de.uni_freiburg.informatik.ultimate.boogie.parser AST 17.06 09:23:32" (1/1) ...
[2020-06-17 21:23:32,427 INFO  L185        PluginConnector]: Executing the observer BoogieSymbolTableConstructor from plugin Boogie Preprocessor for "171.bpl de.uni_freiburg.informatik.ultimate.boogie.parser AST 17.06 09:23:32" (1/1) ...
[2020-06-17 21:23:32,427 INFO  L132        PluginConnector]: ------------------------ END Boogie Preprocessor----------------------------
[2020-06-17 21:23:32,428 INFO  L113        PluginConnector]: ------------------------RCFGBuilder----------------------------
[2020-06-17 21:23:32,428 INFO  L271        PluginConnector]: Initializing RCFGBuilder...
[2020-06-17 21:23:32,428 INFO  L276        PluginConnector]: RCFGBuilder initialized
[2020-06-17 21:23:32,429 INFO  L185        PluginConnector]: Executing the observer RCFGBuilderObserver from plugin RCFGBuilder for "171.bpl de.uni_freiburg.informatik.ultimate.boogie.parser AST 17.06 09:23:32" (1/1) ...
No working directory specified, using /home/lixie/LassoRankerExp/LassoRankerExp/z3
Starting monitored process 1 with z3 SMTLIB2_COMPLIANT=true -memory:1024 -smt2 -in -t:12000 (exit command is (exit), workingDir is null)
Waiting until toolchain timeout for monitored process 1 with z3 SMTLIB2_COMPLIANT=true -memory:1024 -smt2 -in -t:12000
[2020-06-17 21:23:32,464 INFO  L124     BoogieDeclarations]: Specification and implementation of procedure main given in one single declaration
[2020-06-17 21:23:32,464 INFO  L130     BoogieDeclarations]: Found specification of procedure main
[2020-06-17 21:23:32,464 INFO  L138     BoogieDeclarations]: Found implementation of procedure main
[2020-06-17 21:23:32,535 INFO  L278             CfgBuilder]: Using library mode
[2020-06-17 21:23:32,535 INFO  L286             CfgBuilder]: Removed 0 assue(true) statements.
[2020-06-17 21:23:32,536 INFO  L202        PluginConnector]: Adding new model 171.bpl de.uni_freiburg.informatik.ultimate.plugins.generator.rcfgbuilder CFG 17.06 09:23:32 BoogieIcfgContainer
[2020-06-17 21:23:32,536 INFO  L132        PluginConnector]: ------------------------ END RCFGBuilder----------------------------
[2020-06-17 21:23:32,537 INFO  L113        PluginConnector]: ------------------------LassoRanker----------------------------
[2020-06-17 21:23:32,537 INFO  L271        PluginConnector]: Initializing LassoRanker...
[2020-06-17 21:23:32,537 INFO  L276        PluginConnector]: LassoRanker initialized
[2020-06-17 21:23:32,537 INFO  L185        PluginConnector]: Executing the observer LassoRankerObserver from plugin LassoRanker for "171.bpl de.uni_freiburg.informatik.ultimate.plugins.generator.rcfgbuilder CFG 17.06 09:23:32" (1/1) ...
[2020-06-17 21:23:32,557 INFO  L72            BuchiIsEmpty]: Start buchiIsEmpty. Operand 2 states.
[2020-06-17 21:23:32,571 INFO  L131   ngComponentsAnalysis]: Automaton has 1 accepting balls. 1
[2020-06-17 21:23:32,572 INFO  L87            BuchiIsEmpty]: Finished buchiIsEmpty Result is false
[2020-06-17 21:23:32,572 INFO  L119           BuchiIsEmpty]: Starting construction of run
[2020-06-17 21:23:32,576 INFO  L104     BuchiDifferenceFKV]: Start buchiDifferenceFKV. First operand 2 states. Second operand 1 states.
[2020-06-17 21:23:32,584 INFO  L108     BuchiDifferenceFKV]: Finished buchiDifferenceFKV. First operand 2 states. Second operand 1 states. Result 3 states and 4 transitions. Complement of second has 2 states 2 powerset states0 rank states. The highest rank that occured is -1
[2020-06-17 21:23:32,584 INFO  L72            BuchiIsEmpty]: Start buchiIsEmpty. Operand 3 states and 4 transitions.
[2020-06-17 21:23:32,584 INFO  L131   ngComponentsAnalysis]: Automaton has 0 accepting balls. 0
[2020-06-17 21:23:32,584 INFO  L87            BuchiIsEmpty]: Finished buchiIsEmpty Result is true
[2020-06-17 21:23:32,640 INFO  L216          LassoAnalysis]: Preferences:
[2020-06-17 21:23:32,641 INFO  L124   ssoRankerPreferences]: Compute integeral hull: false
[2020-06-17 21:23:32,641 INFO  L125   ssoRankerPreferences]: Enable LassoPartitioneer: true
[2020-06-17 21:23:32,641 INFO  L126   ssoRankerPreferences]: Term annotations enabled: false
[2020-06-17 21:23:32,641 INFO  L127   ssoRankerPreferences]: Use exernal solver: true
[2020-06-17 21:23:32,641 INFO  L128   ssoRankerPreferences]: SMT solver command: z3 -smt2 -in SMTLIB2_COMPLIANT=true
[2020-06-17 21:23:32,641 INFO  L129   ssoRankerPreferences]: Dump SMT script to file: false
[2020-06-17 21:23:32,641 INFO  L130   ssoRankerPreferences]: Path of dumped script: .
[2020-06-17 21:23:32,641 INFO  L131   ssoRankerPreferences]: Filename of dumped script: LassoRankerScript
[2020-06-17 21:23:32,642 INFO  L132   ssoRankerPreferences]: MapElimAlgo: Frank
[2020-06-17 21:23:32,642 INFO  L282          LassoAnalysis]: Starting lasso preprocessing...
[2020-06-17 21:23:32,655 INFO  L141          MapEliminator]: Using MapEliminator with SimplificationTechnique=SIMPLIFY_DDA XnfConversionTechnique=BOTTOM_UP_WITH_LOCAL_SIMPLIFICATION AddInequalities=false OnlyTrivialImplicationsArrayWrite=false OnlyTrivialImplicationsForModifiedArguments=true OnlyArgumentsInFormula=true
[2020-06-17 21:23:32,723 ERROR L539     LassoRankerStarter]: Product with more than one non-constant factors found
[2020-06-17 21:23:32,724 INFO  L132        PluginConnector]: ------------------------ END LassoRanker----------------------------
[2020-06-17 21:23:32,724 INFO  L168              Benchmark]: Toolchain (without parser) took 326.88 ms. Allocated memory is still 514.9 MB. Free memory was 472.9 MB in the beginning and 444.4 MB in the end (delta: 28.5 MB). Peak memory consumption was 28.5 MB. Max. memory is 11.5 GB.
[2020-06-17 21:23:32,726 INFO  L168              Benchmark]: Boogie PL CUP Parser took 0.12 ms. Allocated memory is still 514.9 MB. Free memory is still 474.4 MB. There was no memory consumed. Max. memory is 11.5 GB.
[2020-06-17 21:23:32,726 INFO  L168              Benchmark]: Boogie Preprocessor took 23.40 ms. Allocated memory is still 514.9 MB. Free memory was 471.5 MB in the beginning and 470.1 MB in the end (delta: 1.3 MB). Peak memory consumption was 1.3 MB. Max. memory is 11.5 GB.
[2020-06-17 21:23:32,727 INFO  L168              Benchmark]: RCFGBuilder took 108.50 ms. Allocated memory is still 514.9 MB. Free memory was 470.1 MB in the beginning and 460.7 MB in the end (delta: 9.4 MB). Peak memory consumption was 9.4 MB. Max. memory is 11.5 GB.
[2020-06-17 21:23:32,727 INFO  L168              Benchmark]: LassoRanker took 187.05 ms. Allocated memory is still 514.9 MB. Free memory was 460.7 MB in the beginning and 444.4 MB in the end (delta: 16.3 MB). Peak memory consumption was 16.3 MB. Max. memory is 11.5 GB.
[2020-06-17 21:23:32,729 INFO  L336   ainManager$Toolchain]: #######################  End [Toolchain 1] #######################
 --- Results ---
 * Results from de.uni_freiburg.informatik.ultimate.core:
  - StatisticsResult: Toolchain Benchmarks
    Benchmark results are:
 * Boogie PL CUP Parser took 0.12 ms. Allocated memory is still 514.9 MB. Free memory is still 474.4 MB. There was no memory consumed. Max. memory is 11.5 GB.
 * Boogie Preprocessor took 23.40 ms. Allocated memory is still 514.9 MB. Free memory was 471.5 MB in the beginning and 470.1 MB in the end (delta: 1.3 MB). Peak memory consumption was 1.3 MB. Max. memory is 11.5 GB.
 * RCFGBuilder took 108.50 ms. Allocated memory is still 514.9 MB. Free memory was 470.1 MB in the beginning and 460.7 MB in the end (delta: 9.4 MB). Peak memory consumption was 9.4 MB. Max. memory is 11.5 GB.
 * LassoRanker took 187.05 ms. Allocated memory is still 514.9 MB. Free memory was 460.7 MB in the beginning and 444.4 MB in the end (delta: 16.3 MB). Peak memory consumption was 16.3 MB. Max. memory is 11.5 GB.
 * Results from de.uni_freiburg.informatik.ultimate.plugins.analysis.lassoranker:
  - UnsupportedSyntaxResult [Line: 2]: Unsupported Syntax
    Product with more than one non-constant factors found
RESULT: Ultimate could not prove your program: Toolchain returned no result.
Received shutdown request...
Ultimate:
GTK+ Version Check
