This is Ultimate 0.1.24-16d85fa
[2020-06-17 21:23:35,934 INFO  L170        SettingsManager]: Resetting all preferences to default values...
[2020-06-17 21:23:35,935 INFO  L174        SettingsManager]: Resetting UltimateCore preferences to default values
[2020-06-17 21:23:35,945 INFO  L177        SettingsManager]: Ultimate Commandline Interface provides no preferences, ignoring...
[2020-06-17 21:23:35,945 INFO  L174        SettingsManager]: Resetting Boogie Preprocessor preferences to default values
[2020-06-17 21:23:35,946 INFO  L174        SettingsManager]: Resetting Boogie Procedure Inliner preferences to default values
[2020-06-17 21:23:35,946 INFO  L174        SettingsManager]: Resetting Abstract Interpretation preferences to default values
[2020-06-17 21:23:35,948 INFO  L174        SettingsManager]: Resetting LassoRanker preferences to default values
[2020-06-17 21:23:35,949 INFO  L174        SettingsManager]: Resetting Reaching Definitions preferences to default values
[2020-06-17 21:23:35,949 INFO  L174        SettingsManager]: Resetting SyntaxChecker preferences to default values
[2020-06-17 21:23:35,950 INFO  L177        SettingsManager]: Büchi Program Product provides no preferences, ignoring...
[2020-06-17 21:23:35,950 INFO  L174        SettingsManager]: Resetting LTL2Aut preferences to default values
[2020-06-17 21:23:35,950 INFO  L174        SettingsManager]: Resetting PEA to Boogie preferences to default values
[2020-06-17 21:23:35,951 INFO  L174        SettingsManager]: Resetting BlockEncodingV2 preferences to default values
[2020-06-17 21:23:35,951 INFO  L174        SettingsManager]: Resetting ChcToBoogie preferences to default values
[2020-06-17 21:23:35,952 INFO  L174        SettingsManager]: Resetting AutomataScriptInterpreter preferences to default values
[2020-06-17 21:23:35,952 INFO  L174        SettingsManager]: Resetting BuchiAutomizer preferences to default values
[2020-06-17 21:23:35,953 INFO  L174        SettingsManager]: Resetting CACSL2BoogieTranslator preferences to default values
[2020-06-17 21:23:35,954 INFO  L174        SettingsManager]: Resetting CodeCheck preferences to default values
[2020-06-17 21:23:35,955 INFO  L174        SettingsManager]: Resetting InvariantSynthesis preferences to default values
[2020-06-17 21:23:35,956 INFO  L174        SettingsManager]: Resetting RCFGBuilder preferences to default values
[2020-06-17 21:23:35,957 INFO  L174        SettingsManager]: Resetting TraceAbstraction preferences to default values
[2020-06-17 21:23:35,958 INFO  L177        SettingsManager]: TraceAbstractionConcurrent provides no preferences, ignoring...
[2020-06-17 21:23:35,958 INFO  L177        SettingsManager]: TraceAbstractionWithAFAs provides no preferences, ignoring...
[2020-06-17 21:23:35,958 INFO  L174        SettingsManager]: Resetting TreeAutomizer preferences to default values
[2020-06-17 21:23:35,959 INFO  L174        SettingsManager]: Resetting IcfgTransformer preferences to default values
[2020-06-17 21:23:35,959 INFO  L174        SettingsManager]: Resetting Boogie Printer preferences to default values
[2020-06-17 21:23:35,960 INFO  L174        SettingsManager]: Resetting ReqPrinter preferences to default values
[2020-06-17 21:23:35,960 INFO  L174        SettingsManager]: Resetting Witness Printer preferences to default values
[2020-06-17 21:23:35,961 INFO  L177        SettingsManager]: Boogie PL CUP Parser provides no preferences, ignoring...
[2020-06-17 21:23:35,961 INFO  L174        SettingsManager]: Resetting CDTParser preferences to default values
[2020-06-17 21:23:35,961 INFO  L177        SettingsManager]: AutomataScriptParser provides no preferences, ignoring...
[2020-06-17 21:23:35,961 INFO  L177        SettingsManager]: ReqParser provides no preferences, ignoring...
[2020-06-17 21:23:35,961 INFO  L174        SettingsManager]: Resetting SmtParser preferences to default values
[2020-06-17 21:23:35,962 INFO  L174        SettingsManager]: Resetting Witness Parser preferences to default values
[2020-06-17 21:23:35,962 INFO  L181        SettingsManager]: Finished resetting all preferences to default values...
[2020-06-17 21:23:35,978 INFO  L81    nceAwareModelManager]: Repository-Root is: /tmp
[2020-06-17 21:23:35,988 INFO  L258   ainManager$Toolchain]: [Toolchain 1]: Applicable parser(s) successfully (re)initialized
[2020-06-17 21:23:35,991 INFO  L214   ainManager$Toolchain]: [Toolchain 1]: Toolchain selected.
[2020-06-17 21:23:35,992 INFO  L271        PluginConnector]: Initializing Boogie PL CUP Parser...
[2020-06-17 21:23:35,993 INFO  L276        PluginConnector]: Boogie PL CUP Parser initialized
[2020-06-17 21:23:35,994 INFO  L418   ainManager$Toolchain]: [Toolchain 1]: Parsing single file: /home/lixie/LassoRankerExp/LassoRankerExp/./Program_non/21.bpl
[2020-06-17 21:23:35,994 INFO  L111           BoogieParser]: Parsing: '/home/lixie/LassoRankerExp/LassoRankerExp/./Program_non/21.bpl'
[2020-06-17 21:23:36,021 INFO  L296   ainManager$Toolchain]: ####################### [Toolchain 1] #######################
[2020-06-17 21:23:36,032 INFO  L131        ToolchainWalker]: Walking toolchain with 3 elements.
[2020-06-17 21:23:36,032 INFO  L113        PluginConnector]: ------------------------Boogie Preprocessor----------------------------
[2020-06-17 21:23:36,032 INFO  L271        PluginConnector]: Initializing Boogie Preprocessor...
[2020-06-17 21:23:36,032 INFO  L276        PluginConnector]: Boogie Preprocessor initialized
[2020-06-17 21:23:36,051 INFO  L185        PluginConnector]: Executing the observer EnsureBoogieModelObserver from plugin Boogie Preprocessor for "21.bpl de.uni_freiburg.informatik.ultimate.boogie.parser AST 17.06 09:23:36" (1/1) ...
[2020-06-17 21:23:36,052 INFO  L185        PluginConnector]: Executing the observer TypeChecker from plugin Boogie Preprocessor for "21.bpl de.uni_freiburg.informatik.ultimate.boogie.parser AST 17.06 09:23:36" (1/1) ...
[2020-06-17 21:23:36,057 INFO  L185        PluginConnector]: Executing the observer ConstExpander from plugin Boogie Preprocessor for "21.bpl de.uni_freiburg.informatik.ultimate.boogie.parser AST 17.06 09:23:36" (1/1) ...
[2020-06-17 21:23:36,057 INFO  L185        PluginConnector]: Executing the observer StructExpander from plugin Boogie Preprocessor for "21.bpl de.uni_freiburg.informatik.ultimate.boogie.parser AST 17.06 09:23:36" (1/1) ...
[2020-06-17 21:23:36,059 INFO  L185        PluginConnector]: Executing the observer UnstructureCode from plugin Boogie Preprocessor for "21.bpl de.uni_freiburg.informatik.ultimate.boogie.parser AST 17.06 09:23:36" (1/1) ...
[2020-06-17 21:23:36,062 INFO  L185        PluginConnector]: Executing the observer FunctionInliner from plugin Boogie Preprocessor for "21.bpl de.uni_freiburg.informatik.ultimate.boogie.parser AST 17.06 09:23:36" (1/1) ...
[2020-06-17 21:23:36,062 INFO  L185        PluginConnector]: Executing the observer BoogieSymbolTableConstructor from plugin Boogie Preprocessor for "21.bpl de.uni_freiburg.informatik.ultimate.boogie.parser AST 17.06 09:23:36" (1/1) ...
[2020-06-17 21:23:36,063 INFO  L132        PluginConnector]: ------------------------ END Boogie Preprocessor----------------------------
[2020-06-17 21:23:36,064 INFO  L113        PluginConnector]: ------------------------RCFGBuilder----------------------------
[2020-06-17 21:23:36,064 INFO  L271        PluginConnector]: Initializing RCFGBuilder...
[2020-06-17 21:23:36,064 INFO  L276        PluginConnector]: RCFGBuilder initialized
[2020-06-17 21:23:36,065 INFO  L185        PluginConnector]: Executing the observer RCFGBuilderObserver from plugin RCFGBuilder for "21.bpl de.uni_freiburg.informatik.ultimate.boogie.parser AST 17.06 09:23:36" (1/1) ...
No working directory specified, using /home/lixie/LassoRankerExp/LassoRankerExp/z3
Starting monitored process 1 with z3 SMTLIB2_COMPLIANT=true -memory:1024 -smt2 -in -t:12000 (exit command is (exit), workingDir is null)
Waiting until toolchain timeout for monitored process 1 with z3 SMTLIB2_COMPLIANT=true -memory:1024 -smt2 -in -t:12000
[2020-06-17 21:23:36,103 INFO  L124     BoogieDeclarations]: Specification and implementation of procedure main given in one single declaration
[2020-06-17 21:23:36,104 INFO  L130     BoogieDeclarations]: Found specification of procedure main
[2020-06-17 21:23:36,104 INFO  L138     BoogieDeclarations]: Found implementation of procedure main
[2020-06-17 21:23:36,169 INFO  L278             CfgBuilder]: Using library mode
[2020-06-17 21:23:36,169 INFO  L286             CfgBuilder]: Removed 1 assue(true) statements.
[2020-06-17 21:23:36,170 INFO  L202        PluginConnector]: Adding new model 21.bpl de.uni_freiburg.informatik.ultimate.plugins.generator.rcfgbuilder CFG 17.06 09:23:36 BoogieIcfgContainer
[2020-06-17 21:23:36,170 INFO  L132        PluginConnector]: ------------------------ END RCFGBuilder----------------------------
[2020-06-17 21:23:36,170 INFO  L113        PluginConnector]: ------------------------LassoRanker----------------------------
[2020-06-17 21:23:36,170 INFO  L271        PluginConnector]: Initializing LassoRanker...
[2020-06-17 21:23:36,170 INFO  L276        PluginConnector]: LassoRanker initialized
[2020-06-17 21:23:36,171 INFO  L185        PluginConnector]: Executing the observer LassoRankerObserver from plugin LassoRanker for "21.bpl de.uni_freiburg.informatik.ultimate.plugins.generator.rcfgbuilder CFG 17.06 09:23:36" (1/1) ...
[2020-06-17 21:23:36,188 INFO  L72            BuchiIsEmpty]: Start buchiIsEmpty. Operand 2 states.
[2020-06-17 21:23:36,201 INFO  L131   ngComponentsAnalysis]: Automaton has 1 accepting balls. 1
[2020-06-17 21:23:36,201 INFO  L87            BuchiIsEmpty]: Finished buchiIsEmpty Result is false
[2020-06-17 21:23:36,202 INFO  L119           BuchiIsEmpty]: Starting construction of run
[2020-06-17 21:23:36,206 INFO  L104     BuchiDifferenceFKV]: Start buchiDifferenceFKV. First operand 2 states. Second operand 1 states.
[2020-06-17 21:23:36,213 INFO  L108     BuchiDifferenceFKV]: Finished buchiDifferenceFKV. First operand 2 states. Second operand 1 states. Result 3 states and 4 transitions. Complement of second has 2 states 2 powerset states0 rank states. The highest rank that occured is -1
[2020-06-17 21:23:36,213 INFO  L72            BuchiIsEmpty]: Start buchiIsEmpty. Operand 3 states and 4 transitions.
[2020-06-17 21:23:36,214 INFO  L131   ngComponentsAnalysis]: Automaton has 0 accepting balls. 0
[2020-06-17 21:23:36,214 INFO  L87            BuchiIsEmpty]: Finished buchiIsEmpty Result is true
[2020-06-17 21:23:36,246 INFO  L216          LassoAnalysis]: Preferences:
[2020-06-17 21:23:36,247 INFO  L124   ssoRankerPreferences]: Compute integeral hull: false
[2020-06-17 21:23:36,247 INFO  L125   ssoRankerPreferences]: Enable LassoPartitioneer: true
[2020-06-17 21:23:36,247 INFO  L126   ssoRankerPreferences]: Term annotations enabled: false
[2020-06-17 21:23:36,247 INFO  L127   ssoRankerPreferences]: Use exernal solver: true
[2020-06-17 21:23:36,247 INFO  L128   ssoRankerPreferences]: SMT solver command: z3 -smt2 -in SMTLIB2_COMPLIANT=true
[2020-06-17 21:23:36,247 INFO  L129   ssoRankerPreferences]: Dump SMT script to file: false
[2020-06-17 21:23:36,247 INFO  L130   ssoRankerPreferences]: Path of dumped script: .
[2020-06-17 21:23:36,248 INFO  L131   ssoRankerPreferences]: Filename of dumped script: LassoRankerScript
[2020-06-17 21:23:36,248 INFO  L132   ssoRankerPreferences]: MapElimAlgo: Frank
[2020-06-17 21:23:36,248 INFO  L282          LassoAnalysis]: Starting lasso preprocessing...
[2020-06-17 21:23:36,260 INFO  L141          MapEliminator]: Using MapEliminator with SimplificationTechnique=SIMPLIFY_DDA XnfConversionTechnique=BOTTOM_UP_WITH_LOCAL_SIMPLIFICATION AddInequalities=false OnlyTrivialImplicationsArrayWrite=false OnlyTrivialImplicationsForModifiedArguments=true OnlyArgumentsInFormula=true
[2020-06-17 21:23:36,300 INFO  L300          LassoAnalysis]: Preprocessing complete.
[2020-06-17 21:23:36,300 INFO  L412          LassoAnalysis]: Checking for nontermination...
No working directory specified, using /home/lixie/LassoRankerExp/LassoRankerExp/z3
Starting monitored process 2 with z3 -smt2 -in SMTLIB2_COMPLIANT=true (exit command is (exit), workingDir is null)
Waiting until toolchain timeout for monitored process 2 with z3 -smt2 -in SMTLIB2_COMPLIANT=true
[2020-06-17 21:23:36,304 INFO  L151   nArgumentSynthesizer]: Nontermination analysis: LINEAR_WITH_GUESSES Allow bounded executions: true Number of generalized eigenvectors: 0 Nilpotent components: true
[2020-06-17 21:23:36,304 INFO  L163   nArgumentSynthesizer]: Using integer mode.
No working directory specified, using /home/lixie/LassoRankerExp/LassoRankerExp/z3
Starting monitored process 3 with z3 -smt2 -in SMTLIB2_COMPLIANT=true (exit command is (exit), workingDir is null)
Waiting until toolchain timeout for monitored process 3 with z3 -smt2 -in SMTLIB2_COMPLIANT=true
[2020-06-17 21:23:36,322 INFO  L151   nArgumentSynthesizer]: Nontermination analysis: LINEAR_WITH_GUESSES Allow bounded executions: true Number of generalized eigenvectors: 3 Nilpotent components: true
[2020-06-17 21:23:36,322 INFO  L163   nArgumentSynthesizer]: Using integer mode.
[2020-06-17 21:23:36,344 INFO  L452          LassoAnalysis]: Proving nontermination failed: No geometric nontermination argument exists.
[2020-06-17 21:23:36,345 INFO  L216          LassoAnalysis]: Preferences:
[2020-06-17 21:23:36,345 INFO  L124   ssoRankerPreferences]: Compute integeral hull: false
[2020-06-17 21:23:36,346 INFO  L125   ssoRankerPreferences]: Enable LassoPartitioneer: true
[2020-06-17 21:23:36,346 INFO  L126   ssoRankerPreferences]: Term annotations enabled: false
[2020-06-17 21:23:36,346 INFO  L127   ssoRankerPreferences]: Use exernal solver: true
[2020-06-17 21:23:36,346 INFO  L128   ssoRankerPreferences]: SMT solver command: z3 -smt2 -in SMTLIB2_COMPLIANT=true
[2020-06-17 21:23:36,346 INFO  L129   ssoRankerPreferences]: Dump SMT script to file: false
[2020-06-17 21:23:36,346 INFO  L130   ssoRankerPreferences]: Path of dumped script: .
[2020-06-17 21:23:36,346 INFO  L131   ssoRankerPreferences]: Filename of dumped script: LassoRankerScript
[2020-06-17 21:23:36,346 INFO  L132   ssoRankerPreferences]: MapElimAlgo: Frank
[2020-06-17 21:23:36,346 INFO  L282          LassoAnalysis]: Starting lasso preprocessing...
[2020-06-17 21:23:36,347 INFO  L141          MapEliminator]: Using MapEliminator with SimplificationTechnique=SIMPLIFY_DDA XnfConversionTechnique=BOTTOM_UP_WITH_LOCAL_SIMPLIFICATION AddInequalities=false OnlyTrivialImplicationsArrayWrite=false OnlyTrivialImplicationsForModifiedArguments=true OnlyArgumentsInFormula=true
[2020-06-17 21:23:36,375 INFO  L300          LassoAnalysis]: Preprocessing complete.
[2020-06-17 21:23:36,379 INFO  L497          LassoAnalysis]: Using template 'affine'.
No working directory specified, using /home/lixie/LassoRankerExp/LassoRankerExp/z3
Starting monitored process 4 with z3 -smt2 -in SMTLIB2_COMPLIANT=true (exit command is (exit), workingDir is null)
Waiting until toolchain timeout for monitored process 4 with z3 -smt2 -in SMTLIB2_COMPLIANT=true
[2020-06-17 21:23:36,382 INFO  L122   nArgumentSynthesizer]: Termination Analysis Settings:
Termination analysis: LINEAR_WITH_GUESSES
Number of strict supporting invariants: 1
Number of non-strict supporting invariants: 0
Consider only non-deceasing supporting invariants: true
Simplify termination arguments: true
Simplify supporting invariants: trueOverapproximate stem: false
[2020-06-17 21:23:36,383 INFO  L339   nArgumentSynthesizer]: Template has degree 0.
[2020-06-17 21:23:36,383 INFO  L352   nArgumentSynthesizer]: There is no stem transition; disabling supporting invariant generation.
[2020-06-17 21:23:36,384 INFO  L205   nArgumentSynthesizer]: 1 stem disjuncts
[2020-06-17 21:23:36,384 INFO  L206   nArgumentSynthesizer]: 1 loop disjuncts
[2020-06-17 21:23:36,384 INFO  L207   nArgumentSynthesizer]: 2 template conjuncts.
[2020-06-17 21:23:36,388 INFO  L402   nArgumentSynthesizer]: We have 2 Motzkin's Theorem applications.
[2020-06-17 21:23:36,388 INFO  L403   nArgumentSynthesizer]: A total of 0 supporting invariants were added.
[2020-06-17 21:23:36,390 INFO  L530          LassoAnalysis]: Proving termination failed for this template and these settings.
[2020-06-17 21:23:36,403 INFO  L497          LassoAnalysis]: Using template '2-nested'.
No working directory specified, using /home/lixie/LassoRankerExp/LassoRankerExp/z3
Starting monitored process 5 with z3 -smt2 -in SMTLIB2_COMPLIANT=true (exit command is (exit), workingDir is null)
Waiting until toolchain timeout for monitored process 5 with z3 -smt2 -in SMTLIB2_COMPLIANT=true
[2020-06-17 21:23:36,405 INFO  L122   nArgumentSynthesizer]: Termination Analysis Settings:
Termination analysis: LINEAR_WITH_GUESSES
Number of strict supporting invariants: 1
Number of non-strict supporting invariants: 0
Consider only non-deceasing supporting invariants: true
Simplify termination arguments: true
Simplify supporting invariants: trueOverapproximate stem: false
[2020-06-17 21:23:36,406 INFO  L339   nArgumentSynthesizer]: Template has degree 0.
[2020-06-17 21:23:36,406 INFO  L352   nArgumentSynthesizer]: There is no stem transition; disabling supporting invariant generation.
[2020-06-17 21:23:36,406 INFO  L205   nArgumentSynthesizer]: 1 stem disjuncts
[2020-06-17 21:23:36,406 INFO  L206   nArgumentSynthesizer]: 1 loop disjuncts
[2020-06-17 21:23:36,406 INFO  L207   nArgumentSynthesizer]: 3 template conjuncts.
[2020-06-17 21:23:36,408 INFO  L402   nArgumentSynthesizer]: We have 3 Motzkin's Theorem applications.
[2020-06-17 21:23:36,408 INFO  L403   nArgumentSynthesizer]: A total of 0 supporting invariants were added.
[2020-06-17 21:23:36,410 INFO  L530          LassoAnalysis]: Proving termination failed for this template and these settings.
[2020-06-17 21:23:36,422 INFO  L497          LassoAnalysis]: Using template '3-nested'.
No working directory specified, using /home/lixie/LassoRankerExp/LassoRankerExp/z3
Starting monitored process 6 with z3 -smt2 -in SMTLIB2_COMPLIANT=true (exit command is (exit), workingDir is null)
Waiting until toolchain timeout for monitored process 6 with z3 -smt2 -in SMTLIB2_COMPLIANT=true
[2020-06-17 21:23:36,424 INFO  L122   nArgumentSynthesizer]: Termination Analysis Settings:
Termination analysis: LINEAR_WITH_GUESSES
Number of strict supporting invariants: 1
Number of non-strict supporting invariants: 0
Consider only non-deceasing supporting invariants: true
Simplify termination arguments: true
Simplify supporting invariants: trueOverapproximate stem: false
[2020-06-17 21:23:36,425 INFO  L339   nArgumentSynthesizer]: Template has degree 0.
[2020-06-17 21:23:36,425 INFO  L352   nArgumentSynthesizer]: There is no stem transition; disabling supporting invariant generation.
[2020-06-17 21:23:36,426 INFO  L205   nArgumentSynthesizer]: 1 stem disjuncts
[2020-06-17 21:23:36,426 INFO  L206   nArgumentSynthesizer]: 1 loop disjuncts
[2020-06-17 21:23:36,426 INFO  L207   nArgumentSynthesizer]: 4 template conjuncts.
[2020-06-17 21:23:36,428 INFO  L402   nArgumentSynthesizer]: We have 4 Motzkin's Theorem applications.
[2020-06-17 21:23:36,428 INFO  L403   nArgumentSynthesizer]: A total of 0 supporting invariants were added.
[2020-06-17 21:23:36,431 INFO  L530          LassoAnalysis]: Proving termination failed for this template and these settings.
[2020-06-17 21:23:36,445 INFO  L497          LassoAnalysis]: Using template '4-nested'.
No working directory specified, using /home/lixie/LassoRankerExp/LassoRankerExp/z3
Starting monitored process 7 with z3 -smt2 -in SMTLIB2_COMPLIANT=true (exit command is (exit), workingDir is null)
Waiting until toolchain timeout for monitored process 7 with z3 -smt2 -in SMTLIB2_COMPLIANT=true
[2020-06-17 21:23:36,447 INFO  L122   nArgumentSynthesizer]: Termination Analysis Settings:
Termination analysis: LINEAR_WITH_GUESSES
Number of strict supporting invariants: 1
Number of non-strict supporting invariants: 0
Consider only non-deceasing supporting invariants: true
Simplify termination arguments: true
Simplify supporting invariants: trueOverapproximate stem: false
[2020-06-17 21:23:36,448 INFO  L339   nArgumentSynthesizer]: Template has degree 0.
[2020-06-17 21:23:36,448 INFO  L352   nArgumentSynthesizer]: There is no stem transition; disabling supporting invariant generation.
[2020-06-17 21:23:36,448 INFO  L205   nArgumentSynthesizer]: 1 stem disjuncts
[2020-06-17 21:23:36,449 INFO  L206   nArgumentSynthesizer]: 1 loop disjuncts
[2020-06-17 21:23:36,449 INFO  L207   nArgumentSynthesizer]: 5 template conjuncts.
[2020-06-17 21:23:36,451 INFO  L402   nArgumentSynthesizer]: We have 5 Motzkin's Theorem applications.
[2020-06-17 21:23:36,451 INFO  L403   nArgumentSynthesizer]: A total of 0 supporting invariants were added.
[2020-06-17 21:23:36,453 INFO  L530          LassoAnalysis]: Proving termination failed for this template and these settings.
[2020-06-17 21:23:36,465 INFO  L497          LassoAnalysis]: Using template '2-phase'.
No working directory specified, using /home/lixie/LassoRankerExp/LassoRankerExp/z3
Starting monitored process 8 with z3 -smt2 -in SMTLIB2_COMPLIANT=true (exit command is (exit), workingDir is null)
Waiting until toolchain timeout for monitored process 8 with z3 -smt2 -in SMTLIB2_COMPLIANT=true
[2020-06-17 21:23:36,467 INFO  L122   nArgumentSynthesizer]: Termination Analysis Settings:
Termination analysis: LINEAR_WITH_GUESSES
Number of strict supporting invariants: 1
Number of non-strict supporting invariants: 0
Consider only non-deceasing supporting invariants: true
Simplify termination arguments: true
Simplify supporting invariants: trueOverapproximate stem: false
[2020-06-17 21:23:36,468 WARN  L334   nArgumentSynthesizer]: Using a linear SMT query and a templates of degree > 0, hence this method is incomplete.
[2020-06-17 21:23:36,468 INFO  L339   nArgumentSynthesizer]: Template has degree 1.
[2020-06-17 21:23:36,468 INFO  L352   nArgumentSynthesizer]: There is no stem transition; disabling supporting invariant generation.
[2020-06-17 21:23:36,469 INFO  L205   nArgumentSynthesizer]: 1 stem disjuncts
[2020-06-17 21:23:36,469 INFO  L206   nArgumentSynthesizer]: 1 loop disjuncts
[2020-06-17 21:23:36,469 INFO  L207   nArgumentSynthesizer]: 3 template conjuncts.
[2020-06-17 21:23:36,471 INFO  L402   nArgumentSynthesizer]: We have 3 Motzkin's Theorem applications.
[2020-06-17 21:23:36,471 INFO  L403   nArgumentSynthesizer]: A total of 0 supporting invariants were added.
[2020-06-17 21:23:36,475 INFO  L530          LassoAnalysis]: Proving termination failed for this template and these settings.
[2020-06-17 21:23:36,487 INFO  L497          LassoAnalysis]: Using template 'lex(affine, affine)'.
No working directory specified, using /home/lixie/LassoRankerExp/LassoRankerExp/z3
Starting monitored process 9 with z3 -smt2 -in SMTLIB2_COMPLIANT=true (exit command is (exit), workingDir is null)
Waiting until toolchain timeout for monitored process 9 with z3 -smt2 -in SMTLIB2_COMPLIANT=true
[2020-06-17 21:23:36,489 INFO  L122   nArgumentSynthesizer]: Termination Analysis Settings:
Termination analysis: LINEAR_WITH_GUESSES
Number of strict supporting invariants: 1
Number of non-strict supporting invariants: 0
Consider only non-deceasing supporting invariants: true
Simplify termination arguments: true
Simplify supporting invariants: trueOverapproximate stem: false
[2020-06-17 21:23:36,491 WARN  L334   nArgumentSynthesizer]: Using a linear SMT query and a templates of degree > 0, hence this method is incomplete.
[2020-06-17 21:23:36,491 INFO  L339   nArgumentSynthesizer]: Template has degree 5.
[2020-06-17 21:23:36,491 INFO  L352   nArgumentSynthesizer]: There is no stem transition; disabling supporting invariant generation.
[2020-06-17 21:23:36,491 INFO  L205   nArgumentSynthesizer]: 1 stem disjuncts
[2020-06-17 21:23:36,491 INFO  L206   nArgumentSynthesizer]: 1 loop disjuncts
[2020-06-17 21:23:36,491 INFO  L207   nArgumentSynthesizer]: 4 template conjuncts.
[2020-06-17 21:23:36,493 INFO  L402   nArgumentSynthesizer]: We have 4 Motzkin's Theorem applications.
[2020-06-17 21:23:36,494 INFO  L403   nArgumentSynthesizer]: A total of 0 supporting invariants were added.
[2020-06-17 21:23:36,498 INFO  L530          LassoAnalysis]: Proving termination failed for this template and these settings.
[2020-06-17 21:23:36,510 INFO  L497          LassoAnalysis]: Using template '2-piece'.
No working directory specified, using /home/lixie/LassoRankerExp/LassoRankerExp/z3
Starting monitored process 10 with z3 -smt2 -in SMTLIB2_COMPLIANT=true (exit command is (exit), workingDir is null)
Waiting until toolchain timeout for monitored process 10 with z3 -smt2 -in SMTLIB2_COMPLIANT=true
[2020-06-17 21:23:36,512 INFO  L122   nArgumentSynthesizer]: Termination Analysis Settings:
Termination analysis: LINEAR_WITH_GUESSES
Number of strict supporting invariants: 1
Number of non-strict supporting invariants: 0
Consider only non-deceasing supporting invariants: true
Simplify termination arguments: true
Simplify supporting invariants: trueOverapproximate stem: false
[2020-06-17 21:23:36,513 WARN  L334   nArgumentSynthesizer]: Using a linear SMT query and a templates of degree > 0, hence this method is incomplete.
[2020-06-17 21:23:36,514 INFO  L339   nArgumentSynthesizer]: Template has degree 7.
[2020-06-17 21:23:36,514 INFO  L352   nArgumentSynthesizer]: There is no stem transition; disabling supporting invariant generation.
[2020-06-17 21:23:36,514 INFO  L205   nArgumentSynthesizer]: 1 stem disjuncts
[2020-06-17 21:23:36,514 INFO  L206   nArgumentSynthesizer]: 1 loop disjuncts
[2020-06-17 21:23:36,514 INFO  L207   nArgumentSynthesizer]: 7 template conjuncts.
[2020-06-17 21:23:36,519 INFO  L402   nArgumentSynthesizer]: We have 7 Motzkin's Theorem applications.
[2020-06-17 21:23:36,519 INFO  L403   nArgumentSynthesizer]: A total of 0 supporting invariants were added.
[2020-06-17 21:23:36,599 INFO  L530          LassoAnalysis]: Proving termination failed for this template and these settings.
[2020-06-17 21:23:36,611 INFO  L497          LassoAnalysis]: Using template '2-parallel'.
No working directory specified, using /home/lixie/LassoRankerExp/LassoRankerExp/z3
Starting monitored process 11 with z3 -smt2 -in SMTLIB2_COMPLIANT=true (exit command is (exit), workingDir is null)
Waiting until toolchain timeout for monitored process 11 with z3 -smt2 -in SMTLIB2_COMPLIANT=true
[2020-06-17 21:23:36,613 INFO  L122   nArgumentSynthesizer]: Termination Analysis Settings:
Termination analysis: LINEAR_WITH_GUESSES
Number of strict supporting invariants: 1
Number of non-strict supporting invariants: 0
Consider only non-deceasing supporting invariants: true
Simplify termination arguments: true
Simplify supporting invariants: trueOverapproximate stem: false
[2020-06-17 21:23:36,614 WARN  L334   nArgumentSynthesizer]: Using a linear SMT query and a templates of degree > 0, hence this method is incomplete.
[2020-06-17 21:23:36,614 INFO  L339   nArgumentSynthesizer]: Template has degree 4.
[2020-06-17 21:23:36,614 INFO  L352   nArgumentSynthesizer]: There is no stem transition; disabling supporting invariant generation.
[2020-06-17 21:23:36,615 INFO  L205   nArgumentSynthesizer]: 1 stem disjuncts
[2020-06-17 21:23:36,615 INFO  L206   nArgumentSynthesizer]: 1 loop disjuncts
[2020-06-17 21:23:36,615 INFO  L207   nArgumentSynthesizer]: 6 template conjuncts.
[2020-06-17 21:23:36,618 INFO  L402   nArgumentSynthesizer]: We have 6 Motzkin's Theorem applications.
[2020-06-17 21:23:36,619 INFO  L403   nArgumentSynthesizer]: A total of 0 supporting invariants were added.
[2020-06-17 21:23:36,637 INFO  L530          LassoAnalysis]: Proving termination failed for this template and these settings.
[2020-06-17 21:23:36,650 INFO  L489     LassoRankerStarter]: LassoRanker could not prove termination or nontermination of the given linear lasso program.
Templates: AffineTemplate NestedTemplate NestedTemplate NestedTemplate MultiphaseTemplate ComposedLexicographicTemplate PiecewiseTemplate ParallelTemplate
[2020-06-17 21:23:36,650 INFO  L132        PluginConnector]: ------------------------ END LassoRanker----------------------------
[2020-06-17 21:23:36,651 INFO  L168              Benchmark]: Toolchain (without parser) took 629.43 ms. Allocated memory is still 514.9 MB. Free memory was 472.9 MB in the beginning and 394.9 MB in the end (delta: 78.0 MB). Peak memory consumption was 78.0 MB. Max. memory is 11.5 GB.
[2020-06-17 21:23:36,652 INFO  L168              Benchmark]: Boogie PL CUP Parser took 0.17 ms. Allocated memory is still 514.9 MB. Free memory is still 474.4 MB. There was no memory consumed. Max. memory is 11.5 GB.
[2020-06-17 21:23:36,652 INFO  L168              Benchmark]: Boogie Preprocessor took 31.66 ms. Allocated memory is still 514.9 MB. Free memory was 471.5 MB in the beginning and 470.1 MB in the end (delta: 1.3 MB). Peak memory consumption was 1.3 MB. Max. memory is 11.5 GB.
[2020-06-17 21:23:36,653 INFO  L168              Benchmark]: RCFGBuilder took 105.70 ms. Allocated memory is still 514.9 MB. Free memory was 470.1 MB in the beginning and 460.6 MB in the end (delta: 9.6 MB). Peak memory consumption was 9.6 MB. Max. memory is 11.5 GB.
[2020-06-17 21:23:36,654 INFO  L168              Benchmark]: LassoRanker took 480.37 ms. Allocated memory is still 514.9 MB. Free memory was 460.6 MB in the beginning and 394.9 MB in the end (delta: 65.7 MB). Peak memory consumption was 65.7 MB. Max. memory is 11.5 GB.
[2020-06-17 21:23:36,656 INFO  L336   ainManager$Toolchain]: #######################  End [Toolchain 1] #######################
 --- Results ---
 * Results from de.uni_freiburg.informatik.ultimate.core:
  - StatisticsResult: Toolchain Benchmarks
    Benchmark results are:
 * Boogie PL CUP Parser took 0.17 ms. Allocated memory is still 514.9 MB. Free memory is still 474.4 MB. There was no memory consumed. Max. memory is 11.5 GB.
 * Boogie Preprocessor took 31.66 ms. Allocated memory is still 514.9 MB. Free memory was 471.5 MB in the beginning and 470.1 MB in the end (delta: 1.3 MB). Peak memory consumption was 1.3 MB. Max. memory is 11.5 GB.
 * RCFGBuilder took 105.70 ms. Allocated memory is still 514.9 MB. Free memory was 470.1 MB in the beginning and 460.6 MB in the end (delta: 9.6 MB). Peak memory consumption was 9.6 MB. Max. memory is 11.5 GB.
 * LassoRanker took 480.37 ms. Allocated memory is still 514.9 MB. Free memory was 460.6 MB in the beginning and 394.9 MB in the end (delta: 65.7 MB). Peak memory consumption was 65.7 MB. Max. memory is 11.5 GB.
 * Results from de.uni_freiburg.informatik.ultimate.plugins.analysis.lassoranker:
  - NoResult [Line: 13]: LassoRanker could not prove termination
    LassoRanker could not prove termination or nontermination of the given linear lasso program.
Templates: AffineTemplate NestedTemplate NestedTemplate NestedTemplate MultiphaseTemplate ComposedLexicographicTemplate PiecewiseTemplate ParallelTemplate
RESULT: Ultimate could not prove your program: Toolchain returned no result.
Received shutdown request...
Ultimate:
GTK+ Version Check
