This is Ultimate 0.1.24-16d85fa
[2020-06-17 21:23:41,898 INFO  L170        SettingsManager]: Resetting all preferences to default values...
[2020-06-17 21:23:41,900 INFO  L174        SettingsManager]: Resetting UltimateCore preferences to default values
[2020-06-17 21:23:41,909 INFO  L177        SettingsManager]: Ultimate Commandline Interface provides no preferences, ignoring...
[2020-06-17 21:23:41,909 INFO  L174        SettingsManager]: Resetting Boogie Preprocessor preferences to default values
[2020-06-17 21:23:41,910 INFO  L174        SettingsManager]: Resetting Boogie Procedure Inliner preferences to default values
[2020-06-17 21:23:41,911 INFO  L174        SettingsManager]: Resetting Abstract Interpretation preferences to default values
[2020-06-17 21:23:41,912 INFO  L174        SettingsManager]: Resetting LassoRanker preferences to default values
[2020-06-17 21:23:41,913 INFO  L174        SettingsManager]: Resetting Reaching Definitions preferences to default values
[2020-06-17 21:23:41,914 INFO  L174        SettingsManager]: Resetting SyntaxChecker preferences to default values
[2020-06-17 21:23:41,914 INFO  L177        SettingsManager]: Büchi Program Product provides no preferences, ignoring...
[2020-06-17 21:23:41,914 INFO  L174        SettingsManager]: Resetting LTL2Aut preferences to default values
[2020-06-17 21:23:41,915 INFO  L174        SettingsManager]: Resetting PEA to Boogie preferences to default values
[2020-06-17 21:23:41,915 INFO  L174        SettingsManager]: Resetting BlockEncodingV2 preferences to default values
[2020-06-17 21:23:41,916 INFO  L174        SettingsManager]: Resetting ChcToBoogie preferences to default values
[2020-06-17 21:23:41,916 INFO  L174        SettingsManager]: Resetting AutomataScriptInterpreter preferences to default values
[2020-06-17 21:23:41,917 INFO  L174        SettingsManager]: Resetting BuchiAutomizer preferences to default values
[2020-06-17 21:23:41,918 INFO  L174        SettingsManager]: Resetting CACSL2BoogieTranslator preferences to default values
[2020-06-17 21:23:41,919 INFO  L174        SettingsManager]: Resetting CodeCheck preferences to default values
[2020-06-17 21:23:41,920 INFO  L174        SettingsManager]: Resetting InvariantSynthesis preferences to default values
[2020-06-17 21:23:41,921 INFO  L174        SettingsManager]: Resetting RCFGBuilder preferences to default values
[2020-06-17 21:23:41,922 INFO  L174        SettingsManager]: Resetting TraceAbstraction preferences to default values
[2020-06-17 21:23:41,923 INFO  L177        SettingsManager]: TraceAbstractionConcurrent provides no preferences, ignoring...
[2020-06-17 21:23:41,923 INFO  L177        SettingsManager]: TraceAbstractionWithAFAs provides no preferences, ignoring...
[2020-06-17 21:23:41,924 INFO  L174        SettingsManager]: Resetting TreeAutomizer preferences to default values
[2020-06-17 21:23:41,924 INFO  L174        SettingsManager]: Resetting IcfgTransformer preferences to default values
[2020-06-17 21:23:41,925 INFO  L174        SettingsManager]: Resetting Boogie Printer preferences to default values
[2020-06-17 21:23:41,925 INFO  L174        SettingsManager]: Resetting ReqPrinter preferences to default values
[2020-06-17 21:23:41,926 INFO  L174        SettingsManager]: Resetting Witness Printer preferences to default values
[2020-06-17 21:23:41,926 INFO  L177        SettingsManager]: Boogie PL CUP Parser provides no preferences, ignoring...
[2020-06-17 21:23:41,926 INFO  L174        SettingsManager]: Resetting CDTParser preferences to default values
[2020-06-17 21:23:41,927 INFO  L177        SettingsManager]: AutomataScriptParser provides no preferences, ignoring...
[2020-06-17 21:23:41,927 INFO  L177        SettingsManager]: ReqParser provides no preferences, ignoring...
[2020-06-17 21:23:41,927 INFO  L174        SettingsManager]: Resetting SmtParser preferences to default values
[2020-06-17 21:23:41,928 INFO  L174        SettingsManager]: Resetting Witness Parser preferences to default values
[2020-06-17 21:23:41,928 INFO  L181        SettingsManager]: Finished resetting all preferences to default values...
[2020-06-17 21:23:41,943 INFO  L81    nceAwareModelManager]: Repository-Root is: /tmp
[2020-06-17 21:23:41,954 INFO  L258   ainManager$Toolchain]: [Toolchain 1]: Applicable parser(s) successfully (re)initialized
[2020-06-17 21:23:41,957 INFO  L214   ainManager$Toolchain]: [Toolchain 1]: Toolchain selected.
[2020-06-17 21:23:41,959 INFO  L271        PluginConnector]: Initializing Boogie PL CUP Parser...
[2020-06-17 21:23:41,959 INFO  L276        PluginConnector]: Boogie PL CUP Parser initialized
[2020-06-17 21:23:41,960 INFO  L418   ainManager$Toolchain]: [Toolchain 1]: Parsing single file: /home/lixie/LassoRankerExp/LassoRankerExp/./Program_non/24.bpl
[2020-06-17 21:23:41,960 INFO  L111           BoogieParser]: Parsing: '/home/lixie/LassoRankerExp/LassoRankerExp/./Program_non/24.bpl'
[2020-06-17 21:23:41,980 INFO  L296   ainManager$Toolchain]: ####################### [Toolchain 1] #######################
[2020-06-17 21:23:41,987 INFO  L131        ToolchainWalker]: Walking toolchain with 3 elements.
[2020-06-17 21:23:41,987 INFO  L113        PluginConnector]: ------------------------Boogie Preprocessor----------------------------
[2020-06-17 21:23:41,987 INFO  L271        PluginConnector]: Initializing Boogie Preprocessor...
[2020-06-17 21:23:41,988 INFO  L276        PluginConnector]: Boogie Preprocessor initialized
[2020-06-17 21:23:42,001 INFO  L185        PluginConnector]: Executing the observer EnsureBoogieModelObserver from plugin Boogie Preprocessor for "24.bpl de.uni_freiburg.informatik.ultimate.boogie.parser AST 17.06 09:23:41" (1/1) ...
[2020-06-17 21:23:42,002 INFO  L185        PluginConnector]: Executing the observer TypeChecker from plugin Boogie Preprocessor for "24.bpl de.uni_freiburg.informatik.ultimate.boogie.parser AST 17.06 09:23:41" (1/1) ...
[2020-06-17 21:23:42,006 INFO  L185        PluginConnector]: Executing the observer ConstExpander from plugin Boogie Preprocessor for "24.bpl de.uni_freiburg.informatik.ultimate.boogie.parser AST 17.06 09:23:41" (1/1) ...
[2020-06-17 21:23:42,006 INFO  L185        PluginConnector]: Executing the observer StructExpander from plugin Boogie Preprocessor for "24.bpl de.uni_freiburg.informatik.ultimate.boogie.parser AST 17.06 09:23:41" (1/1) ...
[2020-06-17 21:23:42,007 INFO  L185        PluginConnector]: Executing the observer UnstructureCode from plugin Boogie Preprocessor for "24.bpl de.uni_freiburg.informatik.ultimate.boogie.parser AST 17.06 09:23:41" (1/1) ...
[2020-06-17 21:23:42,009 INFO  L185        PluginConnector]: Executing the observer FunctionInliner from plugin Boogie Preprocessor for "24.bpl de.uni_freiburg.informatik.ultimate.boogie.parser AST 17.06 09:23:41" (1/1) ...
[2020-06-17 21:23:42,010 INFO  L185        PluginConnector]: Executing the observer BoogieSymbolTableConstructor from plugin Boogie Preprocessor for "24.bpl de.uni_freiburg.informatik.ultimate.boogie.parser AST 17.06 09:23:41" (1/1) ...
[2020-06-17 21:23:42,010 INFO  L132        PluginConnector]: ------------------------ END Boogie Preprocessor----------------------------
[2020-06-17 21:23:42,011 INFO  L113        PluginConnector]: ------------------------RCFGBuilder----------------------------
[2020-06-17 21:23:42,011 INFO  L271        PluginConnector]: Initializing RCFGBuilder...
[2020-06-17 21:23:42,011 INFO  L276        PluginConnector]: RCFGBuilder initialized
[2020-06-17 21:23:42,012 INFO  L185        PluginConnector]: Executing the observer RCFGBuilderObserver from plugin RCFGBuilder for "24.bpl de.uni_freiburg.informatik.ultimate.boogie.parser AST 17.06 09:23:41" (1/1) ...
No working directory specified, using /home/lixie/LassoRankerExp/LassoRankerExp/z3
Starting monitored process 1 with z3 SMTLIB2_COMPLIANT=true -memory:1024 -smt2 -in -t:12000 (exit command is (exit), workingDir is null)
Waiting until toolchain timeout for monitored process 1 with z3 SMTLIB2_COMPLIANT=true -memory:1024 -smt2 -in -t:12000
[2020-06-17 21:23:42,044 INFO  L124     BoogieDeclarations]: Specification and implementation of procedure Collatz given in one single declaration
[2020-06-17 21:23:42,045 INFO  L130     BoogieDeclarations]: Found specification of procedure Collatz
[2020-06-17 21:23:42,045 INFO  L138     BoogieDeclarations]: Found implementation of procedure Collatz
[2020-06-17 21:23:42,119 INFO  L278             CfgBuilder]: Using library mode
[2020-06-17 21:23:42,119 INFO  L286             CfgBuilder]: Removed 0 assue(true) statements.
[2020-06-17 21:23:42,120 INFO  L202        PluginConnector]: Adding new model 24.bpl de.uni_freiburg.informatik.ultimate.plugins.generator.rcfgbuilder CFG 17.06 09:23:42 BoogieIcfgContainer
[2020-06-17 21:23:42,120 INFO  L132        PluginConnector]: ------------------------ END RCFGBuilder----------------------------
[2020-06-17 21:23:42,121 INFO  L113        PluginConnector]: ------------------------LassoRanker----------------------------
[2020-06-17 21:23:42,121 INFO  L271        PluginConnector]: Initializing LassoRanker...
[2020-06-17 21:23:42,121 INFO  L276        PluginConnector]: LassoRanker initialized
[2020-06-17 21:23:42,121 INFO  L185        PluginConnector]: Executing the observer LassoRankerObserver from plugin LassoRanker for "24.bpl de.uni_freiburg.informatik.ultimate.plugins.generator.rcfgbuilder CFG 17.06 09:23:42" (1/1) ...
[2020-06-17 21:23:42,138 INFO  L72            BuchiIsEmpty]: Start buchiIsEmpty. Operand 2 states.
[2020-06-17 21:23:42,151 INFO  L131   ngComponentsAnalysis]: Automaton has 1 accepting balls. 1
[2020-06-17 21:23:42,152 INFO  L87            BuchiIsEmpty]: Finished buchiIsEmpty Result is false
[2020-06-17 21:23:42,152 INFO  L119           BuchiIsEmpty]: Starting construction of run
[2020-06-17 21:23:42,156 INFO  L104     BuchiDifferenceFKV]: Start buchiDifferenceFKV. First operand 2 states. Second operand 1 states.
[2020-06-17 21:23:42,164 INFO  L108     BuchiDifferenceFKV]: Finished buchiDifferenceFKV. First operand 2 states. Second operand 1 states. Result 3 states and 4 transitions. Complement of second has 2 states 2 powerset states0 rank states. The highest rank that occured is -1
[2020-06-17 21:23:42,164 INFO  L72            BuchiIsEmpty]: Start buchiIsEmpty. Operand 3 states and 4 transitions.
[2020-06-17 21:23:42,164 INFO  L131   ngComponentsAnalysis]: Automaton has 0 accepting balls. 0
[2020-06-17 21:23:42,164 INFO  L87            BuchiIsEmpty]: Finished buchiIsEmpty Result is true
[2020-06-17 21:23:42,213 INFO  L216          LassoAnalysis]: Preferences:
[2020-06-17 21:23:42,213 INFO  L124   ssoRankerPreferences]: Compute integeral hull: false
[2020-06-17 21:23:42,214 INFO  L125   ssoRankerPreferences]: Enable LassoPartitioneer: true
[2020-06-17 21:23:42,214 INFO  L126   ssoRankerPreferences]: Term annotations enabled: false
[2020-06-17 21:23:42,214 INFO  L127   ssoRankerPreferences]: Use exernal solver: true
[2020-06-17 21:23:42,214 INFO  L128   ssoRankerPreferences]: SMT solver command: z3 -smt2 -in SMTLIB2_COMPLIANT=true
[2020-06-17 21:23:42,214 INFO  L129   ssoRankerPreferences]: Dump SMT script to file: false
[2020-06-17 21:23:42,214 INFO  L130   ssoRankerPreferences]: Path of dumped script: .
[2020-06-17 21:23:42,214 INFO  L131   ssoRankerPreferences]: Filename of dumped script: LassoRankerScript
[2020-06-17 21:23:42,214 INFO  L132   ssoRankerPreferences]: MapElimAlgo: Frank
[2020-06-17 21:23:42,214 INFO  L282          LassoAnalysis]: Starting lasso preprocessing...
[2020-06-17 21:23:42,227 INFO  L141          MapEliminator]: Using MapEliminator with SimplificationTechnique=SIMPLIFY_DDA XnfConversionTechnique=BOTTOM_UP_WITH_LOCAL_SIMPLIFICATION AddInequalities=false OnlyTrivialImplicationsArrayWrite=false OnlyTrivialImplicationsForModifiedArguments=true OnlyArgumentsInFormula=true
[2020-06-17 21:23:42,402 INFO  L300          LassoAnalysis]: Preprocessing complete.
[2020-06-17 21:23:42,403 INFO  L412          LassoAnalysis]: Checking for nontermination...
No working directory specified, using /home/lixie/LassoRankerExp/LassoRankerExp/z3
Starting monitored process 2 with z3 -smt2 -in SMTLIB2_COMPLIANT=true (exit command is (exit), workingDir is null)
Waiting until toolchain timeout for monitored process 2 with z3 -smt2 -in SMTLIB2_COMPLIANT=true
[2020-06-17 21:23:42,408 INFO  L151   nArgumentSynthesizer]: Nontermination analysis: LINEAR_WITH_GUESSES Allow bounded executions: true Number of generalized eigenvectors: 0 Nilpotent components: true
[2020-06-17 21:23:42,408 INFO  L163   nArgumentSynthesizer]: Using integer mode.
No working directory specified, using /home/lixie/LassoRankerExp/LassoRankerExp/z3
Starting monitored process 3 with z3 -smt2 -in SMTLIB2_COMPLIANT=true (exit command is (exit), workingDir is null)
Waiting until toolchain timeout for monitored process 3 with z3 -smt2 -in SMTLIB2_COMPLIANT=true
[2020-06-17 21:23:42,439 INFO  L151   nArgumentSynthesizer]: Nontermination analysis: LINEAR_WITH_GUESSES Allow bounded executions: true Number of generalized eigenvectors: 3 Nilpotent components: true
[2020-06-17 21:23:42,439 INFO  L163   nArgumentSynthesizer]: Using integer mode.
[2020-06-17 21:23:42,466 INFO  L452          LassoAnalysis]: Proving nontermination failed: No geometric nontermination argument exists.
[2020-06-17 21:23:42,467 INFO  L216          LassoAnalysis]: Preferences:
[2020-06-17 21:23:42,467 INFO  L124   ssoRankerPreferences]: Compute integeral hull: false
[2020-06-17 21:23:42,467 INFO  L125   ssoRankerPreferences]: Enable LassoPartitioneer: true
[2020-06-17 21:23:42,467 INFO  L126   ssoRankerPreferences]: Term annotations enabled: false
[2020-06-17 21:23:42,467 INFO  L127   ssoRankerPreferences]: Use exernal solver: true
[2020-06-17 21:23:42,467 INFO  L128   ssoRankerPreferences]: SMT solver command: z3 -smt2 -in SMTLIB2_COMPLIANT=true
[2020-06-17 21:23:42,467 INFO  L129   ssoRankerPreferences]: Dump SMT script to file: false
[2020-06-17 21:23:42,467 INFO  L130   ssoRankerPreferences]: Path of dumped script: .
[2020-06-17 21:23:42,467 INFO  L131   ssoRankerPreferences]: Filename of dumped script: LassoRankerScript
[2020-06-17 21:23:42,468 INFO  L132   ssoRankerPreferences]: MapElimAlgo: Frank
[2020-06-17 21:23:42,468 INFO  L282          LassoAnalysis]: Starting lasso preprocessing...
[2020-06-17 21:23:42,469 INFO  L141          MapEliminator]: Using MapEliminator with SimplificationTechnique=SIMPLIFY_DDA XnfConversionTechnique=BOTTOM_UP_WITH_LOCAL_SIMPLIFICATION AddInequalities=false OnlyTrivialImplicationsArrayWrite=false OnlyTrivialImplicationsForModifiedArguments=true OnlyArgumentsInFormula=true
[2020-06-17 21:23:42,590 INFO  L300          LassoAnalysis]: Preprocessing complete.
[2020-06-17 21:23:42,593 INFO  L497          LassoAnalysis]: Using template 'affine'.
No working directory specified, using /home/lixie/LassoRankerExp/LassoRankerExp/z3
Starting monitored process 4 with z3 -smt2 -in SMTLIB2_COMPLIANT=true (exit command is (exit), workingDir is null)
Waiting until toolchain timeout for monitored process 4 with z3 -smt2 -in SMTLIB2_COMPLIANT=true
[2020-06-17 21:23:42,596 INFO  L122   nArgumentSynthesizer]: Termination Analysis Settings:
Termination analysis: LINEAR_WITH_GUESSES
Number of strict supporting invariants: 1
Number of non-strict supporting invariants: 0
Consider only non-deceasing supporting invariants: true
Simplify termination arguments: true
Simplify supporting invariants: trueOverapproximate stem: false
[2020-06-17 21:23:42,598 INFO  L339   nArgumentSynthesizer]: Template has degree 0.
[2020-06-17 21:23:42,598 INFO  L352   nArgumentSynthesizer]: There is no stem transition; disabling supporting invariant generation.
[2020-06-17 21:23:42,598 INFO  L205   nArgumentSynthesizer]: 1 stem disjuncts
[2020-06-17 21:23:42,598 INFO  L206   nArgumentSynthesizer]: 2 loop disjuncts
[2020-06-17 21:23:42,598 INFO  L207   nArgumentSynthesizer]: 2 template conjuncts.
[2020-06-17 21:23:42,601 INFO  L402   nArgumentSynthesizer]: We have 4 Motzkin's Theorem applications.
[2020-06-17 21:23:42,602 INFO  L403   nArgumentSynthesizer]: A total of 0 supporting invariants were added.
[2020-06-17 21:23:42,605 INFO  L530          LassoAnalysis]: Proving termination failed for this template and these settings.
[2020-06-17 21:23:42,628 INFO  L497          LassoAnalysis]: Using template '2-nested'.
No working directory specified, using /home/lixie/LassoRankerExp/LassoRankerExp/z3
Starting monitored process 5 with z3 -smt2 -in SMTLIB2_COMPLIANT=true (exit command is (exit), workingDir is null)
Waiting until toolchain timeout for monitored process 5 with z3 -smt2 -in SMTLIB2_COMPLIANT=true
[2020-06-17 21:23:42,630 INFO  L122   nArgumentSynthesizer]: Termination Analysis Settings:
Termination analysis: LINEAR_WITH_GUESSES
Number of strict supporting invariants: 1
Number of non-strict supporting invariants: 0
Consider only non-deceasing supporting invariants: true
Simplify termination arguments: true
Simplify supporting invariants: trueOverapproximate stem: false
[2020-06-17 21:23:42,631 INFO  L339   nArgumentSynthesizer]: Template has degree 0.
[2020-06-17 21:23:42,631 INFO  L352   nArgumentSynthesizer]: There is no stem transition; disabling supporting invariant generation.
[2020-06-17 21:23:42,631 INFO  L205   nArgumentSynthesizer]: 1 stem disjuncts
[2020-06-17 21:23:42,631 INFO  L206   nArgumentSynthesizer]: 2 loop disjuncts
[2020-06-17 21:23:42,631 INFO  L207   nArgumentSynthesizer]: 3 template conjuncts.
[2020-06-17 21:23:42,634 INFO  L402   nArgumentSynthesizer]: We have 6 Motzkin's Theorem applications.
[2020-06-17 21:23:42,635 INFO  L403   nArgumentSynthesizer]: A total of 0 supporting invariants were added.
[2020-06-17 21:23:42,637 INFO  L530          LassoAnalysis]: Proving termination failed for this template and these settings.
[2020-06-17 21:23:42,649 INFO  L497          LassoAnalysis]: Using template '3-nested'.
No working directory specified, using /home/lixie/LassoRankerExp/LassoRankerExp/z3
Starting monitored process 6 with z3 -smt2 -in SMTLIB2_COMPLIANT=true (exit command is (exit), workingDir is null)
Waiting until toolchain timeout for monitored process 6 with z3 -smt2 -in SMTLIB2_COMPLIANT=true
[2020-06-17 21:23:42,651 INFO  L122   nArgumentSynthesizer]: Termination Analysis Settings:
Termination analysis: LINEAR_WITH_GUESSES
Number of strict supporting invariants: 1
Number of non-strict supporting invariants: 0
Consider only non-deceasing supporting invariants: true
Simplify termination arguments: true
Simplify supporting invariants: trueOverapproximate stem: false
[2020-06-17 21:23:42,652 INFO  L339   nArgumentSynthesizer]: Template has degree 0.
[2020-06-17 21:23:42,652 INFO  L352   nArgumentSynthesizer]: There is no stem transition; disabling supporting invariant generation.
[2020-06-17 21:23:42,652 INFO  L205   nArgumentSynthesizer]: 1 stem disjuncts
[2020-06-17 21:23:42,652 INFO  L206   nArgumentSynthesizer]: 2 loop disjuncts
[2020-06-17 21:23:42,652 INFO  L207   nArgumentSynthesizer]: 4 template conjuncts.
[2020-06-17 21:23:42,656 INFO  L402   nArgumentSynthesizer]: We have 8 Motzkin's Theorem applications.
[2020-06-17 21:23:42,656 INFO  L403   nArgumentSynthesizer]: A total of 0 supporting invariants were added.
[2020-06-17 21:23:42,660 INFO  L530          LassoAnalysis]: Proving termination failed for this template and these settings.
[2020-06-17 21:23:42,673 INFO  L497          LassoAnalysis]: Using template '4-nested'.
No working directory specified, using /home/lixie/LassoRankerExp/LassoRankerExp/z3
Starting monitored process 7 with z3 -smt2 -in SMTLIB2_COMPLIANT=true (exit command is (exit), workingDir is null)
Waiting until toolchain timeout for monitored process 7 with z3 -smt2 -in SMTLIB2_COMPLIANT=true
[2020-06-17 21:23:42,675 INFO  L122   nArgumentSynthesizer]: Termination Analysis Settings:
Termination analysis: LINEAR_WITH_GUESSES
Number of strict supporting invariants: 1
Number of non-strict supporting invariants: 0
Consider only non-deceasing supporting invariants: true
Simplify termination arguments: true
Simplify supporting invariants: trueOverapproximate stem: false
[2020-06-17 21:23:42,676 INFO  L339   nArgumentSynthesizer]: Template has degree 0.
[2020-06-17 21:23:42,676 INFO  L352   nArgumentSynthesizer]: There is no stem transition; disabling supporting invariant generation.
[2020-06-17 21:23:42,676 INFO  L205   nArgumentSynthesizer]: 1 stem disjuncts
[2020-06-17 21:23:42,676 INFO  L206   nArgumentSynthesizer]: 2 loop disjuncts
[2020-06-17 21:23:42,676 INFO  L207   nArgumentSynthesizer]: 5 template conjuncts.
[2020-06-17 21:23:42,680 INFO  L402   nArgumentSynthesizer]: We have 10 Motzkin's Theorem applications.
[2020-06-17 21:23:42,680 INFO  L403   nArgumentSynthesizer]: A total of 0 supporting invariants were added.
[2020-06-17 21:23:42,684 INFO  L530          LassoAnalysis]: Proving termination failed for this template and these settings.
[2020-06-17 21:23:42,696 INFO  L497          LassoAnalysis]: Using template '2-phase'.
No working directory specified, using /home/lixie/LassoRankerExp/LassoRankerExp/z3
Starting monitored process 8 with z3 -smt2 -in SMTLIB2_COMPLIANT=true (exit command is (exit), workingDir is null)
Waiting until toolchain timeout for monitored process 8 with z3 -smt2 -in SMTLIB2_COMPLIANT=true
[2020-06-17 21:23:42,704 INFO  L122   nArgumentSynthesizer]: Termination Analysis Settings:
Termination analysis: LINEAR_WITH_GUESSES
Number of strict supporting invariants: 1
Number of non-strict supporting invariants: 0
Consider only non-deceasing supporting invariants: true
Simplify termination arguments: true
Simplify supporting invariants: trueOverapproximate stem: false
[2020-06-17 21:23:42,706 WARN  L334   nArgumentSynthesizer]: Using a linear SMT query and a templates of degree > 0, hence this method is incomplete.
[2020-06-17 21:23:42,706 INFO  L339   nArgumentSynthesizer]: Template has degree 1.
[2020-06-17 21:23:42,706 INFO  L352   nArgumentSynthesizer]: There is no stem transition; disabling supporting invariant generation.
[2020-06-17 21:23:42,706 INFO  L205   nArgumentSynthesizer]: 1 stem disjuncts
[2020-06-17 21:23:42,707 INFO  L206   nArgumentSynthesizer]: 2 loop disjuncts
[2020-06-17 21:23:42,707 INFO  L207   nArgumentSynthesizer]: 3 template conjuncts.
[2020-06-17 21:23:42,711 INFO  L402   nArgumentSynthesizer]: We have 6 Motzkin's Theorem applications.
[2020-06-17 21:23:42,712 INFO  L403   nArgumentSynthesizer]: A total of 0 supporting invariants were added.
[2020-06-17 21:23:42,728 INFO  L530          LassoAnalysis]: Proving termination failed for this template and these settings.
[2020-06-17 21:23:42,740 INFO  L497          LassoAnalysis]: Using template 'lex(affine, affine)'.
No working directory specified, using /home/lixie/LassoRankerExp/LassoRankerExp/z3
Starting monitored process 9 with z3 -smt2 -in SMTLIB2_COMPLIANT=true (exit command is (exit), workingDir is null)
Waiting until toolchain timeout for monitored process 9 with z3 -smt2 -in SMTLIB2_COMPLIANT=true
[2020-06-17 21:23:42,742 INFO  L122   nArgumentSynthesizer]: Termination Analysis Settings:
Termination analysis: LINEAR_WITH_GUESSES
Number of strict supporting invariants: 1
Number of non-strict supporting invariants: 0
Consider only non-deceasing supporting invariants: true
Simplify termination arguments: true
Simplify supporting invariants: trueOverapproximate stem: false
[2020-06-17 21:23:42,744 WARN  L334   nArgumentSynthesizer]: Using a linear SMT query and a templates of degree > 0, hence this method is incomplete.
[2020-06-17 21:23:42,744 INFO  L339   nArgumentSynthesizer]: Template has degree 5.
[2020-06-17 21:23:42,744 INFO  L352   nArgumentSynthesizer]: There is no stem transition; disabling supporting invariant generation.
[2020-06-17 21:23:42,745 INFO  L205   nArgumentSynthesizer]: 1 stem disjuncts
[2020-06-17 21:23:42,745 INFO  L206   nArgumentSynthesizer]: 2 loop disjuncts
[2020-06-17 21:23:42,745 INFO  L207   nArgumentSynthesizer]: 4 template conjuncts.
[2020-06-17 21:23:42,749 INFO  L402   nArgumentSynthesizer]: We have 8 Motzkin's Theorem applications.
[2020-06-17 21:23:42,749 INFO  L403   nArgumentSynthesizer]: A total of 0 supporting invariants were added.
[2020-06-17 21:23:42,776 INFO  L530          LassoAnalysis]: Proving termination failed for this template and these settings.
[2020-06-17 21:23:42,788 INFO  L497          LassoAnalysis]: Using template '2-piece'.
No working directory specified, using /home/lixie/LassoRankerExp/LassoRankerExp/z3
Starting monitored process 10 with z3 -smt2 -in SMTLIB2_COMPLIANT=true (exit command is (exit), workingDir is null)
Waiting until toolchain timeout for monitored process 10 with z3 -smt2 -in SMTLIB2_COMPLIANT=true
[2020-06-17 21:23:42,790 INFO  L122   nArgumentSynthesizer]: Termination Analysis Settings:
Termination analysis: LINEAR_WITH_GUESSES
Number of strict supporting invariants: 1
Number of non-strict supporting invariants: 0
Consider only non-deceasing supporting invariants: true
Simplify termination arguments: true
Simplify supporting invariants: trueOverapproximate stem: false
[2020-06-17 21:23:42,791 WARN  L334   nArgumentSynthesizer]: Using a linear SMT query and a templates of degree > 0, hence this method is incomplete.
[2020-06-17 21:23:42,791 INFO  L339   nArgumentSynthesizer]: Template has degree 7.
[2020-06-17 21:23:42,791 INFO  L352   nArgumentSynthesizer]: There is no stem transition; disabling supporting invariant generation.
[2020-06-17 21:23:42,792 INFO  L205   nArgumentSynthesizer]: 1 stem disjuncts
[2020-06-17 21:23:42,792 INFO  L206   nArgumentSynthesizer]: 2 loop disjuncts
[2020-06-17 21:23:42,792 INFO  L207   nArgumentSynthesizer]: 7 template conjuncts.
[2020-06-17 21:23:42,805 INFO  L402   nArgumentSynthesizer]: We have 14 Motzkin's Theorem applications.
[2020-06-17 21:23:42,805 INFO  L403   nArgumentSynthesizer]: A total of 0 supporting invariants were added.
[2020-06-17 21:23:43,151 INFO  L530          LassoAnalysis]: Proving termination failed for this template and these settings.
[2020-06-17 21:23:43,163 INFO  L497          LassoAnalysis]: Using template '2-parallel'.
No working directory specified, using /home/lixie/LassoRankerExp/LassoRankerExp/z3
Starting monitored process 11 with z3 -smt2 -in SMTLIB2_COMPLIANT=true (exit command is (exit), workingDir is null)
Waiting until toolchain timeout for monitored process 11 with z3 -smt2 -in SMTLIB2_COMPLIANT=true
[2020-06-17 21:23:43,165 INFO  L122   nArgumentSynthesizer]: Termination Analysis Settings:
Termination analysis: LINEAR_WITH_GUESSES
Number of strict supporting invariants: 1
Number of non-strict supporting invariants: 0
Consider only non-deceasing supporting invariants: true
Simplify termination arguments: true
Simplify supporting invariants: trueOverapproximate stem: false
[2020-06-17 21:23:43,166 WARN  L334   nArgumentSynthesizer]: Using a linear SMT query and a templates of degree > 0, hence this method is incomplete.
[2020-06-17 21:23:43,166 INFO  L339   nArgumentSynthesizer]: Template has degree 4.
[2020-06-17 21:23:43,166 INFO  L352   nArgumentSynthesizer]: There is no stem transition; disabling supporting invariant generation.
[2020-06-17 21:23:43,166 INFO  L205   nArgumentSynthesizer]: 1 stem disjuncts
[2020-06-17 21:23:43,166 INFO  L206   nArgumentSynthesizer]: 2 loop disjuncts
[2020-06-17 21:23:43,166 INFO  L207   nArgumentSynthesizer]: 6 template conjuncts.
[2020-06-17 21:23:43,172 INFO  L402   nArgumentSynthesizer]: We have 12 Motzkin's Theorem applications.
[2020-06-17 21:23:43,173 INFO  L403   nArgumentSynthesizer]: A total of 0 supporting invariants were added.
[2020-06-17 21:23:43,192 INFO  L530          LassoAnalysis]: Proving termination failed for this template and these settings.
[2020-06-17 21:23:43,205 INFO  L489     LassoRankerStarter]: LassoRanker could not prove termination or nontermination of the given linear lasso program.
Templates: AffineTemplate NestedTemplate NestedTemplate NestedTemplate MultiphaseTemplate ComposedLexicographicTemplate PiecewiseTemplate ParallelTemplate
[2020-06-17 21:23:43,205 INFO  L132        PluginConnector]: ------------------------ END LassoRanker----------------------------
[2020-06-17 21:23:43,206 INFO  L168              Benchmark]: Toolchain (without parser) took 1225.48 ms. Allocated memory was 514.9 MB in the beginning and 536.9 MB in the end (delta: 22.0 MB). Free memory was 472.9 MB in the beginning and 477.9 MB in the end (delta: -5.0 MB). Peak memory consumption was 120.5 MB. Max. memory is 11.5 GB.
[2020-06-17 21:23:43,207 INFO  L168              Benchmark]: Boogie PL CUP Parser took 0.16 ms. Allocated memory is still 514.9 MB. Free memory is still 474.4 MB. There was no memory consumed. Max. memory is 11.5 GB.
[2020-06-17 21:23:43,207 INFO  L168              Benchmark]: Boogie Preprocessor took 23.29 ms. Allocated memory is still 514.9 MB. Free memory was 471.5 MB in the beginning and 470.2 MB in the end (delta: 1.3 MB). Peak memory consumption was 1.3 MB. Max. memory is 11.5 GB.
[2020-06-17 21:23:43,208 INFO  L168              Benchmark]: RCFGBuilder took 109.40 ms. Allocated memory is still 514.9 MB. Free memory was 470.2 MB in the beginning and 459.3 MB in the end (delta: 10.9 MB). Peak memory consumption was 10.9 MB. Max. memory is 11.5 GB.
[2020-06-17 21:23:43,209 INFO  L168              Benchmark]: LassoRanker took 1084.90 ms. Allocated memory was 514.9 MB in the beginning and 536.9 MB in the end (delta: 22.0 MB). Free memory was 459.3 MB in the beginning and 477.9 MB in the end (delta: -18.6 MB). Peak memory consumption was 106.9 MB. Max. memory is 11.5 GB.
[2020-06-17 21:23:43,211 INFO  L336   ainManager$Toolchain]: #######################  End [Toolchain 1] #######################
 --- Results ---
 * Results from de.uni_freiburg.informatik.ultimate.core:
  - StatisticsResult: Toolchain Benchmarks
    Benchmark results are:
 * Boogie PL CUP Parser took 0.16 ms. Allocated memory is still 514.9 MB. Free memory is still 474.4 MB. There was no memory consumed. Max. memory is 11.5 GB.
 * Boogie Preprocessor took 23.29 ms. Allocated memory is still 514.9 MB. Free memory was 471.5 MB in the beginning and 470.2 MB in the end (delta: 1.3 MB). Peak memory consumption was 1.3 MB. Max. memory is 11.5 GB.
 * RCFGBuilder took 109.40 ms. Allocated memory is still 514.9 MB. Free memory was 470.2 MB in the beginning and 459.3 MB in the end (delta: 10.9 MB). Peak memory consumption was 10.9 MB. Max. memory is 11.5 GB.
 * LassoRanker took 1084.90 ms. Allocated memory was 514.9 MB in the beginning and 536.9 MB in the end (delta: 22.0 MB). Free memory was 459.3 MB in the beginning and 477.9 MB in the end (delta: -18.6 MB). Peak memory consumption was 106.9 MB. Max. memory is 11.5 GB.
 * Results from de.uni_freiburg.informatik.ultimate.plugins.analysis.lassoranker:
  - NoResult [Line: 9]: LassoRanker could not prove termination
    LassoRanker could not prove termination or nontermination of the given linear lasso program.
Templates: AffineTemplate NestedTemplate NestedTemplate NestedTemplate MultiphaseTemplate ComposedLexicographicTemplate PiecewiseTemplate ParallelTemplate
RESULT: Ultimate could not prove your program: Toolchain returned no result.
Received shutdown request...
Ultimate:
GTK+ Version Check
