This is Ultimate 0.1.24-16d85fa
[2020-06-17 21:23:53,042 INFO  L170        SettingsManager]: Resetting all preferences to default values...
[2020-06-17 21:23:53,043 INFO  L174        SettingsManager]: Resetting UltimateCore preferences to default values
[2020-06-17 21:23:53,053 INFO  L177        SettingsManager]: Ultimate Commandline Interface provides no preferences, ignoring...
[2020-06-17 21:23:53,053 INFO  L174        SettingsManager]: Resetting Boogie Preprocessor preferences to default values
[2020-06-17 21:23:53,053 INFO  L174        SettingsManager]: Resetting Boogie Procedure Inliner preferences to default values
[2020-06-17 21:23:53,054 INFO  L174        SettingsManager]: Resetting Abstract Interpretation preferences to default values
[2020-06-17 21:23:53,055 INFO  L174        SettingsManager]: Resetting LassoRanker preferences to default values
[2020-06-17 21:23:53,056 INFO  L174        SettingsManager]: Resetting Reaching Definitions preferences to default values
[2020-06-17 21:23:53,057 INFO  L174        SettingsManager]: Resetting SyntaxChecker preferences to default values
[2020-06-17 21:23:53,057 INFO  L177        SettingsManager]: Büchi Program Product provides no preferences, ignoring...
[2020-06-17 21:23:53,057 INFO  L174        SettingsManager]: Resetting LTL2Aut preferences to default values
[2020-06-17 21:23:53,058 INFO  L174        SettingsManager]: Resetting PEA to Boogie preferences to default values
[2020-06-17 21:23:53,058 INFO  L174        SettingsManager]: Resetting BlockEncodingV2 preferences to default values
[2020-06-17 21:23:53,059 INFO  L174        SettingsManager]: Resetting ChcToBoogie preferences to default values
[2020-06-17 21:23:53,059 INFO  L174        SettingsManager]: Resetting AutomataScriptInterpreter preferences to default values
[2020-06-17 21:23:53,060 INFO  L174        SettingsManager]: Resetting BuchiAutomizer preferences to default values
[2020-06-17 21:23:53,061 INFO  L174        SettingsManager]: Resetting CACSL2BoogieTranslator preferences to default values
[2020-06-17 21:23:53,062 INFO  L174        SettingsManager]: Resetting CodeCheck preferences to default values
[2020-06-17 21:23:53,063 INFO  L174        SettingsManager]: Resetting InvariantSynthesis preferences to default values
[2020-06-17 21:23:53,064 INFO  L174        SettingsManager]: Resetting RCFGBuilder preferences to default values
[2020-06-17 21:23:53,064 INFO  L174        SettingsManager]: Resetting TraceAbstraction preferences to default values
[2020-06-17 21:23:53,066 INFO  L177        SettingsManager]: TraceAbstractionConcurrent provides no preferences, ignoring...
[2020-06-17 21:23:53,066 INFO  L177        SettingsManager]: TraceAbstractionWithAFAs provides no preferences, ignoring...
[2020-06-17 21:23:53,066 INFO  L174        SettingsManager]: Resetting TreeAutomizer preferences to default values
[2020-06-17 21:23:53,066 INFO  L174        SettingsManager]: Resetting IcfgTransformer preferences to default values
[2020-06-17 21:23:53,067 INFO  L174        SettingsManager]: Resetting Boogie Printer preferences to default values
[2020-06-17 21:23:53,067 INFO  L174        SettingsManager]: Resetting ReqPrinter preferences to default values
[2020-06-17 21:23:53,068 INFO  L174        SettingsManager]: Resetting Witness Printer preferences to default values
[2020-06-17 21:23:53,068 INFO  L177        SettingsManager]: Boogie PL CUP Parser provides no preferences, ignoring...
[2020-06-17 21:23:53,069 INFO  L174        SettingsManager]: Resetting CDTParser preferences to default values
[2020-06-17 21:23:53,069 INFO  L177        SettingsManager]: AutomataScriptParser provides no preferences, ignoring...
[2020-06-17 21:23:53,069 INFO  L177        SettingsManager]: ReqParser provides no preferences, ignoring...
[2020-06-17 21:23:53,069 INFO  L174        SettingsManager]: Resetting SmtParser preferences to default values
[2020-06-17 21:23:53,070 INFO  L174        SettingsManager]: Resetting Witness Parser preferences to default values
[2020-06-17 21:23:53,070 INFO  L181        SettingsManager]: Finished resetting all preferences to default values...
[2020-06-17 21:23:53,086 INFO  L81    nceAwareModelManager]: Repository-Root is: /tmp
[2020-06-17 21:23:53,097 INFO  L258   ainManager$Toolchain]: [Toolchain 1]: Applicable parser(s) successfully (re)initialized
[2020-06-17 21:23:53,100 INFO  L214   ainManager$Toolchain]: [Toolchain 1]: Toolchain selected.
[2020-06-17 21:23:53,101 INFO  L271        PluginConnector]: Initializing Boogie PL CUP Parser...
[2020-06-17 21:23:53,101 INFO  L276        PluginConnector]: Boogie PL CUP Parser initialized
[2020-06-17 21:23:53,102 INFO  L418   ainManager$Toolchain]: [Toolchain 1]: Parsing single file: /home/lixie/LassoRankerExp/LassoRankerExp/./Program_non/29.bpl
[2020-06-17 21:23:53,102 INFO  L111           BoogieParser]: Parsing: '/home/lixie/LassoRankerExp/LassoRankerExp/./Program_non/29.bpl'
[2020-06-17 21:23:53,123 INFO  L296   ainManager$Toolchain]: ####################### [Toolchain 1] #######################
[2020-06-17 21:23:53,132 INFO  L131        ToolchainWalker]: Walking toolchain with 3 elements.
[2020-06-17 21:23:53,133 INFO  L113        PluginConnector]: ------------------------Boogie Preprocessor----------------------------
[2020-06-17 21:23:53,133 INFO  L271        PluginConnector]: Initializing Boogie Preprocessor...
[2020-06-17 21:23:53,133 INFO  L276        PluginConnector]: Boogie Preprocessor initialized
[2020-06-17 21:23:53,153 INFO  L185        PluginConnector]: Executing the observer EnsureBoogieModelObserver from plugin Boogie Preprocessor for "29.bpl de.uni_freiburg.informatik.ultimate.boogie.parser AST 17.06 09:23:53" (1/1) ...
[2020-06-17 21:23:53,154 INFO  L185        PluginConnector]: Executing the observer TypeChecker from plugin Boogie Preprocessor for "29.bpl de.uni_freiburg.informatik.ultimate.boogie.parser AST 17.06 09:23:53" (1/1) ...
[2020-06-17 21:23:53,158 INFO  L185        PluginConnector]: Executing the observer ConstExpander from plugin Boogie Preprocessor for "29.bpl de.uni_freiburg.informatik.ultimate.boogie.parser AST 17.06 09:23:53" (1/1) ...
[2020-06-17 21:23:53,158 INFO  L185        PluginConnector]: Executing the observer StructExpander from plugin Boogie Preprocessor for "29.bpl de.uni_freiburg.informatik.ultimate.boogie.parser AST 17.06 09:23:53" (1/1) ...
[2020-06-17 21:23:53,159 INFO  L185        PluginConnector]: Executing the observer UnstructureCode from plugin Boogie Preprocessor for "29.bpl de.uni_freiburg.informatik.ultimate.boogie.parser AST 17.06 09:23:53" (1/1) ...
[2020-06-17 21:23:53,162 INFO  L185        PluginConnector]: Executing the observer FunctionInliner from plugin Boogie Preprocessor for "29.bpl de.uni_freiburg.informatik.ultimate.boogie.parser AST 17.06 09:23:53" (1/1) ...
[2020-06-17 21:23:53,162 INFO  L185        PluginConnector]: Executing the observer BoogieSymbolTableConstructor from plugin Boogie Preprocessor for "29.bpl de.uni_freiburg.informatik.ultimate.boogie.parser AST 17.06 09:23:53" (1/1) ...
[2020-06-17 21:23:53,163 INFO  L132        PluginConnector]: ------------------------ END Boogie Preprocessor----------------------------
[2020-06-17 21:23:53,163 INFO  L113        PluginConnector]: ------------------------RCFGBuilder----------------------------
[2020-06-17 21:23:53,163 INFO  L271        PluginConnector]: Initializing RCFGBuilder...
[2020-06-17 21:23:53,163 INFO  L276        PluginConnector]: RCFGBuilder initialized
[2020-06-17 21:23:53,164 INFO  L185        PluginConnector]: Executing the observer RCFGBuilderObserver from plugin RCFGBuilder for "29.bpl de.uni_freiburg.informatik.ultimate.boogie.parser AST 17.06 09:23:53" (1/1) ...
No working directory specified, using /home/lixie/LassoRankerExp/LassoRankerExp/z3
Starting monitored process 1 with z3 SMTLIB2_COMPLIANT=true -memory:1024 -smt2 -in -t:12000 (exit command is (exit), workingDir is null)
Waiting until toolchain timeout for monitored process 1 with z3 SMTLIB2_COMPLIANT=true -memory:1024 -smt2 -in -t:12000
[2020-06-17 21:23:53,197 INFO  L124     BoogieDeclarations]: Specification and implementation of procedure Copenhagen given in one single declaration
[2020-06-17 21:23:53,198 INFO  L130     BoogieDeclarations]: Found specification of procedure Copenhagen
[2020-06-17 21:23:53,198 INFO  L138     BoogieDeclarations]: Found implementation of procedure Copenhagen
[2020-06-17 21:23:53,270 INFO  L278             CfgBuilder]: Using library mode
[2020-06-17 21:23:53,270 INFO  L286             CfgBuilder]: Removed 1 assue(true) statements.
[2020-06-17 21:23:53,271 INFO  L202        PluginConnector]: Adding new model 29.bpl de.uni_freiburg.informatik.ultimate.plugins.generator.rcfgbuilder CFG 17.06 09:23:53 BoogieIcfgContainer
[2020-06-17 21:23:53,271 INFO  L132        PluginConnector]: ------------------------ END RCFGBuilder----------------------------
[2020-06-17 21:23:53,271 INFO  L113        PluginConnector]: ------------------------LassoRanker----------------------------
[2020-06-17 21:23:53,271 INFO  L271        PluginConnector]: Initializing LassoRanker...
[2020-06-17 21:23:53,271 INFO  L276        PluginConnector]: LassoRanker initialized
[2020-06-17 21:23:53,272 INFO  L185        PluginConnector]: Executing the observer LassoRankerObserver from plugin LassoRanker for "29.bpl de.uni_freiburg.informatik.ultimate.plugins.generator.rcfgbuilder CFG 17.06 09:23:53" (1/1) ...
[2020-06-17 21:23:53,290 INFO  L72            BuchiIsEmpty]: Start buchiIsEmpty. Operand 2 states.
[2020-06-17 21:23:53,303 INFO  L131   ngComponentsAnalysis]: Automaton has 1 accepting balls. 1
[2020-06-17 21:23:53,303 INFO  L87            BuchiIsEmpty]: Finished buchiIsEmpty Result is false
[2020-06-17 21:23:53,303 INFO  L119           BuchiIsEmpty]: Starting construction of run
[2020-06-17 21:23:53,308 INFO  L104     BuchiDifferenceFKV]: Start buchiDifferenceFKV. First operand 2 states. Second operand 1 states.
[2020-06-17 21:23:53,315 INFO  L108     BuchiDifferenceFKV]: Finished buchiDifferenceFKV. First operand 2 states. Second operand 1 states. Result 3 states and 4 transitions. Complement of second has 2 states 2 powerset states0 rank states. The highest rank that occured is -1
[2020-06-17 21:23:53,315 INFO  L72            BuchiIsEmpty]: Start buchiIsEmpty. Operand 3 states and 4 transitions.
[2020-06-17 21:23:53,316 INFO  L131   ngComponentsAnalysis]: Automaton has 0 accepting balls. 0
[2020-06-17 21:23:53,316 INFO  L87            BuchiIsEmpty]: Finished buchiIsEmpty Result is true
[2020-06-17 21:23:53,349 INFO  L216          LassoAnalysis]: Preferences:
[2020-06-17 21:23:53,349 INFO  L124   ssoRankerPreferences]: Compute integeral hull: false
[2020-06-17 21:23:53,350 INFO  L125   ssoRankerPreferences]: Enable LassoPartitioneer: true
[2020-06-17 21:23:53,350 INFO  L126   ssoRankerPreferences]: Term annotations enabled: false
[2020-06-17 21:23:53,350 INFO  L127   ssoRankerPreferences]: Use exernal solver: true
[2020-06-17 21:23:53,350 INFO  L128   ssoRankerPreferences]: SMT solver command: z3 -smt2 -in SMTLIB2_COMPLIANT=true
[2020-06-17 21:23:53,350 INFO  L129   ssoRankerPreferences]: Dump SMT script to file: false
[2020-06-17 21:23:53,350 INFO  L130   ssoRankerPreferences]: Path of dumped script: .
[2020-06-17 21:23:53,350 INFO  L131   ssoRankerPreferences]: Filename of dumped script: LassoRankerScript
[2020-06-17 21:23:53,350 INFO  L132   ssoRankerPreferences]: MapElimAlgo: Frank
[2020-06-17 21:23:53,351 INFO  L282          LassoAnalysis]: Starting lasso preprocessing...
[2020-06-17 21:23:53,364 INFO  L141          MapEliminator]: Using MapEliminator with SimplificationTechnique=SIMPLIFY_DDA XnfConversionTechnique=BOTTOM_UP_WITH_LOCAL_SIMPLIFICATION AddInequalities=false OnlyTrivialImplicationsArrayWrite=false OnlyTrivialImplicationsForModifiedArguments=true OnlyArgumentsInFormula=true
[2020-06-17 21:23:53,413 INFO  L300          LassoAnalysis]: Preprocessing complete.
[2020-06-17 21:23:53,413 INFO  L412          LassoAnalysis]: Checking for nontermination...
No working directory specified, using /home/lixie/LassoRankerExp/LassoRankerExp/z3
Starting monitored process 2 with z3 -smt2 -in SMTLIB2_COMPLIANT=true (exit command is (exit), workingDir is null)
Waiting until toolchain timeout for monitored process 2 with z3 -smt2 -in SMTLIB2_COMPLIANT=true
[2020-06-17 21:23:53,417 INFO  L151   nArgumentSynthesizer]: Nontermination analysis: LINEAR_WITH_GUESSES Allow bounded executions: true Number of generalized eigenvectors: 0 Nilpotent components: true
[2020-06-17 21:23:53,417 INFO  L163   nArgumentSynthesizer]: Using integer mode.
No working directory specified, using /home/lixie/LassoRankerExp/LassoRankerExp/z3
Starting monitored process 3 with z3 -smt2 -in SMTLIB2_COMPLIANT=true (exit command is (exit), workingDir is null)
Waiting until toolchain timeout for monitored process 3 with z3 -smt2 -in SMTLIB2_COMPLIANT=true
[2020-06-17 21:23:53,436 INFO  L151   nArgumentSynthesizer]: Nontermination analysis: LINEAR_WITH_GUESSES Allow bounded executions: true Number of generalized eigenvectors: 3 Nilpotent components: true
[2020-06-17 21:23:53,436 INFO  L163   nArgumentSynthesizer]: Using integer mode.
[2020-06-17 21:23:53,463 INFO  L452          LassoAnalysis]: Proving nontermination failed: No geometric nontermination argument exists.
[2020-06-17 21:23:53,465 INFO  L216          LassoAnalysis]: Preferences:
[2020-06-17 21:23:53,465 INFO  L124   ssoRankerPreferences]: Compute integeral hull: false
[2020-06-17 21:23:53,465 INFO  L125   ssoRankerPreferences]: Enable LassoPartitioneer: true
[2020-06-17 21:23:53,465 INFO  L126   ssoRankerPreferences]: Term annotations enabled: false
[2020-06-17 21:23:53,465 INFO  L127   ssoRankerPreferences]: Use exernal solver: true
[2020-06-17 21:23:53,465 INFO  L128   ssoRankerPreferences]: SMT solver command: z3 -smt2 -in SMTLIB2_COMPLIANT=true
[2020-06-17 21:23:53,465 INFO  L129   ssoRankerPreferences]: Dump SMT script to file: false
[2020-06-17 21:23:53,465 INFO  L130   ssoRankerPreferences]: Path of dumped script: .
[2020-06-17 21:23:53,465 INFO  L131   ssoRankerPreferences]: Filename of dumped script: LassoRankerScript
[2020-06-17 21:23:53,465 INFO  L132   ssoRankerPreferences]: MapElimAlgo: Frank
[2020-06-17 21:23:53,465 INFO  L282          LassoAnalysis]: Starting lasso preprocessing...
[2020-06-17 21:23:53,466 INFO  L141          MapEliminator]: Using MapEliminator with SimplificationTechnique=SIMPLIFY_DDA XnfConversionTechnique=BOTTOM_UP_WITH_LOCAL_SIMPLIFICATION AddInequalities=false OnlyTrivialImplicationsArrayWrite=false OnlyTrivialImplicationsForModifiedArguments=true OnlyArgumentsInFormula=true
[2020-06-17 21:23:53,503 INFO  L300          LassoAnalysis]: Preprocessing complete.
[2020-06-17 21:23:53,506 INFO  L497          LassoAnalysis]: Using template 'affine'.
No working directory specified, using /home/lixie/LassoRankerExp/LassoRankerExp/z3
Starting monitored process 4 with z3 -smt2 -in SMTLIB2_COMPLIANT=true (exit command is (exit), workingDir is null)
Waiting until toolchain timeout for monitored process 4 with z3 -smt2 -in SMTLIB2_COMPLIANT=true
[2020-06-17 21:23:53,509 INFO  L122   nArgumentSynthesizer]: Termination Analysis Settings:
Termination analysis: LINEAR_WITH_GUESSES
Number of strict supporting invariants: 1
Number of non-strict supporting invariants: 0
Consider only non-deceasing supporting invariants: true
Simplify termination arguments: true
Simplify supporting invariants: trueOverapproximate stem: false
[2020-06-17 21:23:53,510 INFO  L339   nArgumentSynthesizer]: Template has degree 0.
[2020-06-17 21:23:53,510 INFO  L352   nArgumentSynthesizer]: There is no stem transition; disabling supporting invariant generation.
[2020-06-17 21:23:53,511 INFO  L205   nArgumentSynthesizer]: 1 stem disjuncts
[2020-06-17 21:23:53,511 INFO  L206   nArgumentSynthesizer]: 1 loop disjuncts
[2020-06-17 21:23:53,511 INFO  L207   nArgumentSynthesizer]: 2 template conjuncts.
[2020-06-17 21:23:53,514 INFO  L402   nArgumentSynthesizer]: We have 2 Motzkin's Theorem applications.
[2020-06-17 21:23:53,514 INFO  L403   nArgumentSynthesizer]: A total of 0 supporting invariants were added.
[2020-06-17 21:23:53,516 INFO  L421   nArgumentSynthesizer]: Found a termination argument, trying to simplify.
[2020-06-17 21:23:53,521 INFO  L443   ModelExtractionUtils]: Simplification made 3 calls to the SMT solver.
[2020-06-17 21:23:53,521 INFO  L444   ModelExtractionUtils]: 1 out of 5 variables were initially zero. Simplification set additionally 0 variables to zero.
No working directory specified, using /home/lixie/LassoRankerExp/LassoRankerExp/z3
Starting monitored process 5 with z3 -smt2 -in SMTLIB2_COMPLIANT=true (exit command is (exit), workingDir is null)
Waiting until toolchain timeout for monitored process 5 with z3 -smt2 -in SMTLIB2_COMPLIANT=true
[2020-06-17 21:23:53,525 INFO  L437   nArgumentSynthesizer]: Simplifying supporting invariants...
[2020-06-17 21:23:53,525 INFO  L440   nArgumentSynthesizer]: Removed 0 redundant supporting invariants from a total of 0.
[2020-06-17 21:23:53,526 INFO  L518          LassoAnalysis]: Proved termination.
[2020-06-17 21:23:53,526 INFO  L520          LassoAnalysis]: Termination argument consisting of:
Ranking function f(Copenhagen_x, Copenhagen_y) = 2*Copenhagen_x + 2*Copenhagen_y + 1
Supporting invariants []
[2020-06-17 21:23:53,547 INFO  L132        PluginConnector]: ------------------------ END LassoRanker----------------------------
[2020-06-17 21:23:53,547 INFO  L168              Benchmark]: Toolchain (without parser) took 423.80 ms. Allocated memory is still 514.9 MB. Free memory was 472.9 MB in the beginning and 418.0 MB in the end (delta: 54.9 MB). Peak memory consumption was 54.9 MB. Max. memory is 11.5 GB.
[2020-06-17 21:23:53,549 INFO  L168              Benchmark]: Boogie PL CUP Parser took 0.15 ms. Allocated memory is still 514.9 MB. Free memory is still 474.4 MB. There was no memory consumed. Max. memory is 11.5 GB.
[2020-06-17 21:23:53,549 INFO  L168              Benchmark]: Boogie Preprocessor took 30.07 ms. Allocated memory is still 514.9 MB. Free memory was 471.5 MB in the beginning and 470.1 MB in the end (delta: 1.3 MB). Peak memory consumption was 1.3 MB. Max. memory is 11.5 GB.
[2020-06-17 21:23:53,550 INFO  L168              Benchmark]: RCFGBuilder took 107.75 ms. Allocated memory is still 514.9 MB. Free memory was 470.1 MB in the beginning and 460.7 MB in the end (delta: 9.5 MB). Peak memory consumption was 9.5 MB. Max. memory is 11.5 GB.
[2020-06-17 21:23:53,550 INFO  L168              Benchmark]: LassoRanker took 275.81 ms. Allocated memory is still 514.9 MB. Free memory was 460.7 MB in the beginning and 418.0 MB in the end (delta: 42.6 MB). Peak memory consumption was 42.6 MB. Max. memory is 11.5 GB.
[2020-06-17 21:23:53,552 INFO  L336   ainManager$Toolchain]: #######################  End [Toolchain 1] #######################
 --- Results ---
 * Results from de.uni_freiburg.informatik.ultimate.core:
  - StatisticsResult: Toolchain Benchmarks
    Benchmark results are:
 * Boogie PL CUP Parser took 0.15 ms. Allocated memory is still 514.9 MB. Free memory is still 474.4 MB. There was no memory consumed. Max. memory is 11.5 GB.
 * Boogie Preprocessor took 30.07 ms. Allocated memory is still 514.9 MB. Free memory was 471.5 MB in the beginning and 470.1 MB in the end (delta: 1.3 MB). Peak memory consumption was 1.3 MB. Max. memory is 11.5 GB.
 * RCFGBuilder took 107.75 ms. Allocated memory is still 514.9 MB. Free memory was 470.1 MB in the beginning and 460.7 MB in the end (delta: 9.5 MB). Peak memory consumption was 9.5 MB. Max. memory is 11.5 GB.
 * LassoRanker took 275.81 ms. Allocated memory is still 514.9 MB. Free memory was 460.7 MB in the beginning and 418.0 MB in the end (delta: 42.6 MB). Peak memory consumption was 42.6 MB. Max. memory is 11.5 GB.
 * Results from de.uni_freiburg.informatik.ultimate.plugins.analysis.lassoranker:
  - TerminationArgumentResult [Line: 8]: Found affine ranking function
    Found a termination argument consisting of the affine ranking function: [2 * x + 2 * y + 1] for which no supporting invariant is required.
RESULT: Ultimate proved your program to be correct!
Received shutdown request...
Ultimate:
GTK+ Version Check
