This is Ultimate 0.1.24-16d85fa
[2020-06-17 21:23:59,024 INFO  L170        SettingsManager]: Resetting all preferences to default values...
[2020-06-17 21:23:59,025 INFO  L174        SettingsManager]: Resetting UltimateCore preferences to default values
[2020-06-17 21:23:59,035 INFO  L177        SettingsManager]: Ultimate Commandline Interface provides no preferences, ignoring...
[2020-06-17 21:23:59,035 INFO  L174        SettingsManager]: Resetting Boogie Preprocessor preferences to default values
[2020-06-17 21:23:59,036 INFO  L174        SettingsManager]: Resetting Boogie Procedure Inliner preferences to default values
[2020-06-17 21:23:59,036 INFO  L174        SettingsManager]: Resetting Abstract Interpretation preferences to default values
[2020-06-17 21:23:59,038 INFO  L174        SettingsManager]: Resetting LassoRanker preferences to default values
[2020-06-17 21:23:59,039 INFO  L174        SettingsManager]: Resetting Reaching Definitions preferences to default values
[2020-06-17 21:23:59,039 INFO  L174        SettingsManager]: Resetting SyntaxChecker preferences to default values
[2020-06-17 21:23:59,040 INFO  L177        SettingsManager]: Büchi Program Product provides no preferences, ignoring...
[2020-06-17 21:23:59,040 INFO  L174        SettingsManager]: Resetting LTL2Aut preferences to default values
[2020-06-17 21:23:59,040 INFO  L174        SettingsManager]: Resetting PEA to Boogie preferences to default values
[2020-06-17 21:23:59,041 INFO  L174        SettingsManager]: Resetting BlockEncodingV2 preferences to default values
[2020-06-17 21:23:59,042 INFO  L174        SettingsManager]: Resetting ChcToBoogie preferences to default values
[2020-06-17 21:23:59,042 INFO  L174        SettingsManager]: Resetting AutomataScriptInterpreter preferences to default values
[2020-06-17 21:23:59,042 INFO  L174        SettingsManager]: Resetting BuchiAutomizer preferences to default values
[2020-06-17 21:23:59,043 INFO  L174        SettingsManager]: Resetting CACSL2BoogieTranslator preferences to default values
[2020-06-17 21:23:59,045 INFO  L174        SettingsManager]: Resetting CodeCheck preferences to default values
[2020-06-17 21:23:59,046 INFO  L174        SettingsManager]: Resetting InvariantSynthesis preferences to default values
[2020-06-17 21:23:59,046 INFO  L174        SettingsManager]: Resetting RCFGBuilder preferences to default values
[2020-06-17 21:23:59,047 INFO  L174        SettingsManager]: Resetting TraceAbstraction preferences to default values
[2020-06-17 21:23:59,049 INFO  L177        SettingsManager]: TraceAbstractionConcurrent provides no preferences, ignoring...
[2020-06-17 21:23:59,049 INFO  L177        SettingsManager]: TraceAbstractionWithAFAs provides no preferences, ignoring...
[2020-06-17 21:23:59,049 INFO  L174        SettingsManager]: Resetting TreeAutomizer preferences to default values
[2020-06-17 21:23:59,050 INFO  L174        SettingsManager]: Resetting IcfgTransformer preferences to default values
[2020-06-17 21:23:59,050 INFO  L174        SettingsManager]: Resetting Boogie Printer preferences to default values
[2020-06-17 21:23:59,051 INFO  L174        SettingsManager]: Resetting ReqPrinter preferences to default values
[2020-06-17 21:23:59,051 INFO  L174        SettingsManager]: Resetting Witness Printer preferences to default values
[2020-06-17 21:23:59,052 INFO  L177        SettingsManager]: Boogie PL CUP Parser provides no preferences, ignoring...
[2020-06-17 21:23:59,052 INFO  L174        SettingsManager]: Resetting CDTParser preferences to default values
[2020-06-17 21:23:59,052 INFO  L177        SettingsManager]: AutomataScriptParser provides no preferences, ignoring...
[2020-06-17 21:23:59,052 INFO  L177        SettingsManager]: ReqParser provides no preferences, ignoring...
[2020-06-17 21:23:59,053 INFO  L174        SettingsManager]: Resetting SmtParser preferences to default values
[2020-06-17 21:23:59,053 INFO  L174        SettingsManager]: Resetting Witness Parser preferences to default values
[2020-06-17 21:23:59,053 INFO  L181        SettingsManager]: Finished resetting all preferences to default values...
[2020-06-17 21:23:59,068 INFO  L81    nceAwareModelManager]: Repository-Root is: /tmp
[2020-06-17 21:23:59,079 INFO  L258   ainManager$Toolchain]: [Toolchain 1]: Applicable parser(s) successfully (re)initialized
[2020-06-17 21:23:59,082 INFO  L214   ainManager$Toolchain]: [Toolchain 1]: Toolchain selected.
[2020-06-17 21:23:59,084 INFO  L271        PluginConnector]: Initializing Boogie PL CUP Parser...
[2020-06-17 21:23:59,084 INFO  L276        PluginConnector]: Boogie PL CUP Parser initialized
[2020-06-17 21:23:59,085 INFO  L418   ainManager$Toolchain]: [Toolchain 1]: Parsing single file: /home/lixie/LassoRankerExp/LassoRankerExp/./Program_non/31.bpl
[2020-06-17 21:23:59,085 INFO  L111           BoogieParser]: Parsing: '/home/lixie/LassoRankerExp/LassoRankerExp/./Program_non/31.bpl'
[2020-06-17 21:23:59,109 INFO  L296   ainManager$Toolchain]: ####################### [Toolchain 1] #######################
[2020-06-17 21:23:59,118 INFO  L131        ToolchainWalker]: Walking toolchain with 3 elements.
[2020-06-17 21:23:59,119 INFO  L113        PluginConnector]: ------------------------Boogie Preprocessor----------------------------
[2020-06-17 21:23:59,119 INFO  L271        PluginConnector]: Initializing Boogie Preprocessor...
[2020-06-17 21:23:59,119 INFO  L276        PluginConnector]: Boogie Preprocessor initialized
[2020-06-17 21:23:59,136 INFO  L185        PluginConnector]: Executing the observer EnsureBoogieModelObserver from plugin Boogie Preprocessor for "31.bpl de.uni_freiburg.informatik.ultimate.boogie.parser AST 17.06 09:23:59" (1/1) ...
[2020-06-17 21:23:59,137 INFO  L185        PluginConnector]: Executing the observer TypeChecker from plugin Boogie Preprocessor for "31.bpl de.uni_freiburg.informatik.ultimate.boogie.parser AST 17.06 09:23:59" (1/1) ...
[2020-06-17 21:23:59,140 INFO  L185        PluginConnector]: Executing the observer ConstExpander from plugin Boogie Preprocessor for "31.bpl de.uni_freiburg.informatik.ultimate.boogie.parser AST 17.06 09:23:59" (1/1) ...
[2020-06-17 21:23:59,140 INFO  L185        PluginConnector]: Executing the observer StructExpander from plugin Boogie Preprocessor for "31.bpl de.uni_freiburg.informatik.ultimate.boogie.parser AST 17.06 09:23:59" (1/1) ...
[2020-06-17 21:23:59,142 INFO  L185        PluginConnector]: Executing the observer UnstructureCode from plugin Boogie Preprocessor for "31.bpl de.uni_freiburg.informatik.ultimate.boogie.parser AST 17.06 09:23:59" (1/1) ...
[2020-06-17 21:23:59,145 INFO  L185        PluginConnector]: Executing the observer FunctionInliner from plugin Boogie Preprocessor for "31.bpl de.uni_freiburg.informatik.ultimate.boogie.parser AST 17.06 09:23:59" (1/1) ...
[2020-06-17 21:23:59,145 INFO  L185        PluginConnector]: Executing the observer BoogieSymbolTableConstructor from plugin Boogie Preprocessor for "31.bpl de.uni_freiburg.informatik.ultimate.boogie.parser AST 17.06 09:23:59" (1/1) ...
[2020-06-17 21:23:59,146 INFO  L132        PluginConnector]: ------------------------ END Boogie Preprocessor----------------------------
[2020-06-17 21:23:59,147 INFO  L113        PluginConnector]: ------------------------RCFGBuilder----------------------------
[2020-06-17 21:23:59,147 INFO  L271        PluginConnector]: Initializing RCFGBuilder...
[2020-06-17 21:23:59,147 INFO  L276        PluginConnector]: RCFGBuilder initialized
[2020-06-17 21:23:59,148 INFO  L185        PluginConnector]: Executing the observer RCFGBuilderObserver from plugin RCFGBuilder for "31.bpl de.uni_freiburg.informatik.ultimate.boogie.parser AST 17.06 09:23:59" (1/1) ...
No working directory specified, using /home/lixie/LassoRankerExp/LassoRankerExp/z3
Starting monitored process 1 with z3 SMTLIB2_COMPLIANT=true -memory:1024 -smt2 -in -t:12000 (exit command is (exit), workingDir is null)
Waiting until toolchain timeout for monitored process 1 with z3 SMTLIB2_COMPLIANT=true -memory:1024 -smt2 -in -t:12000
[2020-06-17 21:23:59,183 INFO  L124     BoogieDeclarations]: Specification and implementation of procedure main given in one single declaration
[2020-06-17 21:23:59,183 INFO  L130     BoogieDeclarations]: Found specification of procedure main
[2020-06-17 21:23:59,183 INFO  L138     BoogieDeclarations]: Found implementation of procedure main
[2020-06-17 21:23:59,248 INFO  L278             CfgBuilder]: Using library mode
[2020-06-17 21:23:59,248 INFO  L286             CfgBuilder]: Removed 0 assue(true) statements.
[2020-06-17 21:23:59,249 INFO  L202        PluginConnector]: Adding new model 31.bpl de.uni_freiburg.informatik.ultimate.plugins.generator.rcfgbuilder CFG 17.06 09:23:59 BoogieIcfgContainer
[2020-06-17 21:23:59,249 INFO  L132        PluginConnector]: ------------------------ END RCFGBuilder----------------------------
[2020-06-17 21:23:59,249 INFO  L113        PluginConnector]: ------------------------LassoRanker----------------------------
[2020-06-17 21:23:59,249 INFO  L271        PluginConnector]: Initializing LassoRanker...
[2020-06-17 21:23:59,249 INFO  L276        PluginConnector]: LassoRanker initialized
[2020-06-17 21:23:59,250 INFO  L185        PluginConnector]: Executing the observer LassoRankerObserver from plugin LassoRanker for "31.bpl de.uni_freiburg.informatik.ultimate.plugins.generator.rcfgbuilder CFG 17.06 09:23:59" (1/1) ...
[2020-06-17 21:23:59,267 INFO  L72            BuchiIsEmpty]: Start buchiIsEmpty. Operand 2 states.
[2020-06-17 21:23:59,281 INFO  L131   ngComponentsAnalysis]: Automaton has 1 accepting balls. 1
[2020-06-17 21:23:59,281 INFO  L87            BuchiIsEmpty]: Finished buchiIsEmpty Result is false
[2020-06-17 21:23:59,282 INFO  L119           BuchiIsEmpty]: Starting construction of run
[2020-06-17 21:23:59,286 INFO  L104     BuchiDifferenceFKV]: Start buchiDifferenceFKV. First operand 2 states. Second operand 1 states.
[2020-06-17 21:23:59,294 INFO  L108     BuchiDifferenceFKV]: Finished buchiDifferenceFKV. First operand 2 states. Second operand 1 states. Result 3 states and 4 transitions. Complement of second has 2 states 2 powerset states0 rank states. The highest rank that occured is -1
[2020-06-17 21:23:59,294 INFO  L72            BuchiIsEmpty]: Start buchiIsEmpty. Operand 3 states and 4 transitions.
[2020-06-17 21:23:59,294 INFO  L131   ngComponentsAnalysis]: Automaton has 0 accepting balls. 0
[2020-06-17 21:23:59,295 INFO  L87            BuchiIsEmpty]: Finished buchiIsEmpty Result is true
[2020-06-17 21:23:59,339 INFO  L216          LassoAnalysis]: Preferences:
[2020-06-17 21:23:59,340 INFO  L124   ssoRankerPreferences]: Compute integeral hull: false
[2020-06-17 21:23:59,340 INFO  L125   ssoRankerPreferences]: Enable LassoPartitioneer: true
[2020-06-17 21:23:59,340 INFO  L126   ssoRankerPreferences]: Term annotations enabled: false
[2020-06-17 21:23:59,340 INFO  L127   ssoRankerPreferences]: Use exernal solver: true
[2020-06-17 21:23:59,340 INFO  L128   ssoRankerPreferences]: SMT solver command: z3 -smt2 -in SMTLIB2_COMPLIANT=true
[2020-06-17 21:23:59,340 INFO  L129   ssoRankerPreferences]: Dump SMT script to file: false
[2020-06-17 21:23:59,340 INFO  L130   ssoRankerPreferences]: Path of dumped script: .
[2020-06-17 21:23:59,340 INFO  L131   ssoRankerPreferences]: Filename of dumped script: LassoRankerScript
[2020-06-17 21:23:59,340 INFO  L132   ssoRankerPreferences]: MapElimAlgo: Frank
[2020-06-17 21:23:59,341 INFO  L282          LassoAnalysis]: Starting lasso preprocessing...
[2020-06-17 21:23:59,353 INFO  L141          MapEliminator]: Using MapEliminator with SimplificationTechnique=SIMPLIFY_DDA XnfConversionTechnique=BOTTOM_UP_WITH_LOCAL_SIMPLIFICATION AddInequalities=false OnlyTrivialImplicationsArrayWrite=false OnlyTrivialImplicationsForModifiedArguments=true OnlyArgumentsInFormula=true
[2020-06-17 21:23:59,445 INFO  L300          LassoAnalysis]: Preprocessing complete.
[2020-06-17 21:23:59,446 INFO  L412          LassoAnalysis]: Checking for nontermination...
No working directory specified, using /home/lixie/LassoRankerExp/LassoRankerExp/z3
Starting monitored process 2 with z3 -smt2 -in SMTLIB2_COMPLIANT=true (exit command is (exit), workingDir is null)
Waiting until toolchain timeout for monitored process 2 with z3 -smt2 -in SMTLIB2_COMPLIANT=true
[2020-06-17 21:23:59,450 INFO  L151   nArgumentSynthesizer]: Nontermination analysis: LINEAR_WITH_GUESSES Allow bounded executions: true Number of generalized eigenvectors: 0 Nilpotent components: true
No working directory specified, using /home/lixie/LassoRankerExp/LassoRankerExp/z3
Starting monitored process 3 with z3 -smt2 -in SMTLIB2_COMPLIANT=true (exit command is (exit), workingDir is null)
Waiting until toolchain timeout for monitored process 3 with z3 -smt2 -in SMTLIB2_COMPLIANT=true
[2020-06-17 21:23:59,479 INFO  L151   nArgumentSynthesizer]: Nontermination analysis: LINEAR_WITH_GUESSES Allow bounded executions: true Number of generalized eigenvectors: 3 Nilpotent components: true
[2020-06-17 21:23:59,500 INFO  L452          LassoAnalysis]: Proving nontermination failed: No geometric nontermination argument exists.
[2020-06-17 21:23:59,512 INFO  L216          LassoAnalysis]: Preferences:
[2020-06-17 21:23:59,512 INFO  L124   ssoRankerPreferences]: Compute integeral hull: false
[2020-06-17 21:23:59,513 INFO  L125   ssoRankerPreferences]: Enable LassoPartitioneer: true
[2020-06-17 21:23:59,513 INFO  L126   ssoRankerPreferences]: Term annotations enabled: false
[2020-06-17 21:23:59,513 INFO  L127   ssoRankerPreferences]: Use exernal solver: true
[2020-06-17 21:23:59,513 INFO  L128   ssoRankerPreferences]: SMT solver command: z3 -smt2 -in SMTLIB2_COMPLIANT=true
[2020-06-17 21:23:59,513 INFO  L129   ssoRankerPreferences]: Dump SMT script to file: false
[2020-06-17 21:23:59,513 INFO  L130   ssoRankerPreferences]: Path of dumped script: .
[2020-06-17 21:23:59,513 INFO  L131   ssoRankerPreferences]: Filename of dumped script: LassoRankerScript
[2020-06-17 21:23:59,513 INFO  L132   ssoRankerPreferences]: MapElimAlgo: Frank
[2020-06-17 21:23:59,513 INFO  L282          LassoAnalysis]: Starting lasso preprocessing...
[2020-06-17 21:23:59,515 INFO  L141          MapEliminator]: Using MapEliminator with SimplificationTechnique=SIMPLIFY_DDA XnfConversionTechnique=BOTTOM_UP_WITH_LOCAL_SIMPLIFICATION AddInequalities=false OnlyTrivialImplicationsArrayWrite=false OnlyTrivialImplicationsForModifiedArguments=true OnlyArgumentsInFormula=true
[2020-06-17 21:23:59,560 INFO  L300          LassoAnalysis]: Preprocessing complete.
[2020-06-17 21:23:59,564 INFO  L497          LassoAnalysis]: Using template 'affine'.
No working directory specified, using /home/lixie/LassoRankerExp/LassoRankerExp/z3
Starting monitored process 4 with z3 -smt2 -in SMTLIB2_COMPLIANT=true (exit command is (exit), workingDir is null)
Waiting until toolchain timeout for monitored process 4 with z3 -smt2 -in SMTLIB2_COMPLIANT=true
[2020-06-17 21:23:59,567 INFO  L122   nArgumentSynthesizer]: Termination Analysis Settings:
Termination analysis: LINEAR_WITH_GUESSES
Number of strict supporting invariants: 1
Number of non-strict supporting invariants: 0
Consider only non-deceasing supporting invariants: true
Simplify termination arguments: true
Simplify supporting invariants: trueOverapproximate stem: false
[2020-06-17 21:23:59,568 INFO  L339   nArgumentSynthesizer]: Template has degree 0.
[2020-06-17 21:23:59,568 INFO  L352   nArgumentSynthesizer]: There is no stem transition; disabling supporting invariant generation.
[2020-06-17 21:23:59,569 INFO  L205   nArgumentSynthesizer]: 1 stem disjuncts
[2020-06-17 21:23:59,569 INFO  L206   nArgumentSynthesizer]: 1 loop disjuncts
[2020-06-17 21:23:59,569 INFO  L207   nArgumentSynthesizer]: 2 template conjuncts.
[2020-06-17 21:23:59,572 INFO  L402   nArgumentSynthesizer]: We have 2 Motzkin's Theorem applications.
[2020-06-17 21:23:59,572 INFO  L403   nArgumentSynthesizer]: A total of 0 supporting invariants were added.
[2020-06-17 21:23:59,575 INFO  L530          LassoAnalysis]: Proving termination failed for this template and these settings.
[2020-06-17 21:23:59,593 INFO  L497          LassoAnalysis]: Using template '2-nested'.
No working directory specified, using /home/lixie/LassoRankerExp/LassoRankerExp/z3
Starting monitored process 5 with z3 -smt2 -in SMTLIB2_COMPLIANT=true (exit command is (exit), workingDir is null)
Waiting until toolchain timeout for monitored process 5 with z3 -smt2 -in SMTLIB2_COMPLIANT=true
[2020-06-17 21:23:59,594 INFO  L122   nArgumentSynthesizer]: Termination Analysis Settings:
Termination analysis: LINEAR_WITH_GUESSES
Number of strict supporting invariants: 1
Number of non-strict supporting invariants: 0
Consider only non-deceasing supporting invariants: true
Simplify termination arguments: true
Simplify supporting invariants: trueOverapproximate stem: false
[2020-06-17 21:23:59,596 INFO  L339   nArgumentSynthesizer]: Template has degree 0.
[2020-06-17 21:23:59,596 INFO  L352   nArgumentSynthesizer]: There is no stem transition; disabling supporting invariant generation.
[2020-06-17 21:23:59,596 INFO  L205   nArgumentSynthesizer]: 1 stem disjuncts
[2020-06-17 21:23:59,596 INFO  L206   nArgumentSynthesizer]: 1 loop disjuncts
[2020-06-17 21:23:59,596 INFO  L207   nArgumentSynthesizer]: 3 template conjuncts.
[2020-06-17 21:23:59,598 INFO  L402   nArgumentSynthesizer]: We have 3 Motzkin's Theorem applications.
[2020-06-17 21:23:59,599 INFO  L403   nArgumentSynthesizer]: A total of 0 supporting invariants were added.
[2020-06-17 21:23:59,602 INFO  L530          LassoAnalysis]: Proving termination failed for this template and these settings.
[2020-06-17 21:23:59,614 INFO  L497          LassoAnalysis]: Using template '3-nested'.
No working directory specified, using /home/lixie/LassoRankerExp/LassoRankerExp/z3
Starting monitored process 6 with z3 -smt2 -in SMTLIB2_COMPLIANT=true (exit command is (exit), workingDir is null)
Waiting until toolchain timeout for monitored process 6 with z3 -smt2 -in SMTLIB2_COMPLIANT=true
[2020-06-17 21:23:59,616 INFO  L122   nArgumentSynthesizer]: Termination Analysis Settings:
Termination analysis: LINEAR_WITH_GUESSES
Number of strict supporting invariants: 1
Number of non-strict supporting invariants: 0
Consider only non-deceasing supporting invariants: true
Simplify termination arguments: true
Simplify supporting invariants: trueOverapproximate stem: false
[2020-06-17 21:23:59,618 INFO  L339   nArgumentSynthesizer]: Template has degree 0.
[2020-06-17 21:23:59,618 INFO  L352   nArgumentSynthesizer]: There is no stem transition; disabling supporting invariant generation.
[2020-06-17 21:23:59,618 INFO  L205   nArgumentSynthesizer]: 1 stem disjuncts
[2020-06-17 21:23:59,618 INFO  L206   nArgumentSynthesizer]: 1 loop disjuncts
[2020-06-17 21:23:59,618 INFO  L207   nArgumentSynthesizer]: 4 template conjuncts.
[2020-06-17 21:23:59,621 INFO  L402   nArgumentSynthesizer]: We have 4 Motzkin's Theorem applications.
[2020-06-17 21:23:59,621 INFO  L403   nArgumentSynthesizer]: A total of 0 supporting invariants were added.
[2020-06-17 21:23:59,625 INFO  L530          LassoAnalysis]: Proving termination failed for this template and these settings.
[2020-06-17 21:23:59,637 INFO  L497          LassoAnalysis]: Using template '4-nested'.
No working directory specified, using /home/lixie/LassoRankerExp/LassoRankerExp/z3
Starting monitored process 7 with z3 -smt2 -in SMTLIB2_COMPLIANT=true (exit command is (exit), workingDir is null)
Waiting until toolchain timeout for monitored process 7 with z3 -smt2 -in SMTLIB2_COMPLIANT=true
[2020-06-17 21:23:59,639 INFO  L122   nArgumentSynthesizer]: Termination Analysis Settings:
Termination analysis: LINEAR_WITH_GUESSES
Number of strict supporting invariants: 1
Number of non-strict supporting invariants: 0
Consider only non-deceasing supporting invariants: true
Simplify termination arguments: true
Simplify supporting invariants: trueOverapproximate stem: false
[2020-06-17 21:23:59,641 INFO  L339   nArgumentSynthesizer]: Template has degree 0.
[2020-06-17 21:23:59,641 INFO  L352   nArgumentSynthesizer]: There is no stem transition; disabling supporting invariant generation.
[2020-06-17 21:23:59,641 INFO  L205   nArgumentSynthesizer]: 1 stem disjuncts
[2020-06-17 21:23:59,641 INFO  L206   nArgumentSynthesizer]: 1 loop disjuncts
[2020-06-17 21:23:59,642 INFO  L207   nArgumentSynthesizer]: 5 template conjuncts.
[2020-06-17 21:23:59,644 INFO  L402   nArgumentSynthesizer]: We have 5 Motzkin's Theorem applications.
[2020-06-17 21:23:59,644 INFO  L403   nArgumentSynthesizer]: A total of 0 supporting invariants were added.
[2020-06-17 21:23:59,651 INFO  L530          LassoAnalysis]: Proving termination failed for this template and these settings.
[2020-06-17 21:23:59,663 INFO  L497          LassoAnalysis]: Using template '2-phase'.
No working directory specified, using /home/lixie/LassoRankerExp/LassoRankerExp/z3
Starting monitored process 8 with z3 -smt2 -in SMTLIB2_COMPLIANT=true (exit command is (exit), workingDir is null)
Waiting until toolchain timeout for monitored process 8 with z3 -smt2 -in SMTLIB2_COMPLIANT=true
[2020-06-17 21:23:59,665 INFO  L122   nArgumentSynthesizer]: Termination Analysis Settings:
Termination analysis: LINEAR_WITH_GUESSES
Number of strict supporting invariants: 1
Number of non-strict supporting invariants: 0
Consider only non-deceasing supporting invariants: true
Simplify termination arguments: true
Simplify supporting invariants: trueOverapproximate stem: false
[2020-06-17 21:23:59,666 WARN  L334   nArgumentSynthesizer]: Using a linear SMT query and a templates of degree > 0, hence this method is incomplete.
[2020-06-17 21:23:59,666 INFO  L339   nArgumentSynthesizer]: Template has degree 1.
[2020-06-17 21:23:59,666 INFO  L352   nArgumentSynthesizer]: There is no stem transition; disabling supporting invariant generation.
[2020-06-17 21:23:59,666 INFO  L205   nArgumentSynthesizer]: 1 stem disjuncts
[2020-06-17 21:23:59,667 INFO  L206   nArgumentSynthesizer]: 1 loop disjuncts
[2020-06-17 21:23:59,667 INFO  L207   nArgumentSynthesizer]: 3 template conjuncts.
[2020-06-17 21:23:59,673 INFO  L402   nArgumentSynthesizer]: We have 3 Motzkin's Theorem applications.
[2020-06-17 21:23:59,673 INFO  L403   nArgumentSynthesizer]: A total of 0 supporting invariants were added.
[2020-06-17 21:23:59,707 INFO  L530          LassoAnalysis]: Proving termination failed for this template and these settings.
[2020-06-17 21:23:59,719 INFO  L497          LassoAnalysis]: Using template 'lex(affine, affine)'.
No working directory specified, using /home/lixie/LassoRankerExp/LassoRankerExp/z3
Starting monitored process 9 with z3 -smt2 -in SMTLIB2_COMPLIANT=true (exit command is (exit), workingDir is null)
Waiting until toolchain timeout for monitored process 9 with z3 -smt2 -in SMTLIB2_COMPLIANT=true
[2020-06-17 21:23:59,721 INFO  L122   nArgumentSynthesizer]: Termination Analysis Settings:
Termination analysis: LINEAR_WITH_GUESSES
Number of strict supporting invariants: 1
Number of non-strict supporting invariants: 0
Consider only non-deceasing supporting invariants: true
Simplify termination arguments: true
Simplify supporting invariants: trueOverapproximate stem: false
[2020-06-17 21:23:59,723 WARN  L334   nArgumentSynthesizer]: Using a linear SMT query and a templates of degree > 0, hence this method is incomplete.
[2020-06-17 21:23:59,723 INFO  L339   nArgumentSynthesizer]: Template has degree 5.
[2020-06-17 21:23:59,723 INFO  L352   nArgumentSynthesizer]: There is no stem transition; disabling supporting invariant generation.
[2020-06-17 21:23:59,723 INFO  L205   nArgumentSynthesizer]: 1 stem disjuncts
[2020-06-17 21:23:59,724 INFO  L206   nArgumentSynthesizer]: 1 loop disjuncts
[2020-06-17 21:23:59,724 INFO  L207   nArgumentSynthesizer]: 4 template conjuncts.
[2020-06-17 21:23:59,728 INFO  L402   nArgumentSynthesizer]: We have 4 Motzkin's Theorem applications.
[2020-06-17 21:23:59,728 INFO  L403   nArgumentSynthesizer]: A total of 0 supporting invariants were added.
[2020-06-17 21:23:59,751 INFO  L530          LassoAnalysis]: Proving termination failed for this template and these settings.
[2020-06-17 21:23:59,763 INFO  L497          LassoAnalysis]: Using template '2-piece'.
No working directory specified, using /home/lixie/LassoRankerExp/LassoRankerExp/z3
Starting monitored process 10 with z3 -smt2 -in SMTLIB2_COMPLIANT=true (exit command is (exit), workingDir is null)
Waiting until toolchain timeout for monitored process 10 with z3 -smt2 -in SMTLIB2_COMPLIANT=true
[2020-06-17 21:23:59,764 INFO  L122   nArgumentSynthesizer]: Termination Analysis Settings:
Termination analysis: LINEAR_WITH_GUESSES
Number of strict supporting invariants: 1
Number of non-strict supporting invariants: 0
Consider only non-deceasing supporting invariants: true
Simplify termination arguments: true
Simplify supporting invariants: trueOverapproximate stem: false
[2020-06-17 21:23:59,766 WARN  L334   nArgumentSynthesizer]: Using a linear SMT query and a templates of degree > 0, hence this method is incomplete.
[2020-06-17 21:23:59,766 INFO  L339   nArgumentSynthesizer]: Template has degree 7.
[2020-06-17 21:23:59,766 INFO  L352   nArgumentSynthesizer]: There is no stem transition; disabling supporting invariant generation.
[2020-06-17 21:23:59,766 INFO  L205   nArgumentSynthesizer]: 1 stem disjuncts
[2020-06-17 21:23:59,766 INFO  L206   nArgumentSynthesizer]: 1 loop disjuncts
[2020-06-17 21:23:59,767 INFO  L207   nArgumentSynthesizer]: 7 template conjuncts.
[2020-06-17 21:23:59,786 INFO  L402   nArgumentSynthesizer]: We have 7 Motzkin's Theorem applications.
[2020-06-17 21:23:59,787 INFO  L403   nArgumentSynthesizer]: A total of 0 supporting invariants were added.
[2020-06-17 21:24:00,848 INFO  L530          LassoAnalysis]: Proving termination failed for this template and these settings.
[2020-06-17 21:24:00,861 INFO  L497          LassoAnalysis]: Using template '2-parallel'.
No working directory specified, using /home/lixie/LassoRankerExp/LassoRankerExp/z3
Starting monitored process 11 with z3 -smt2 -in SMTLIB2_COMPLIANT=true (exit command is (exit), workingDir is null)
Waiting until toolchain timeout for monitored process 11 with z3 -smt2 -in SMTLIB2_COMPLIANT=true
[2020-06-17 21:24:00,863 INFO  L122   nArgumentSynthesizer]: Termination Analysis Settings:
Termination analysis: LINEAR_WITH_GUESSES
Number of strict supporting invariants: 1
Number of non-strict supporting invariants: 0
Consider only non-deceasing supporting invariants: true
Simplify termination arguments: true
Simplify supporting invariants: trueOverapproximate stem: false
[2020-06-17 21:24:00,864 WARN  L334   nArgumentSynthesizer]: Using a linear SMT query and a templates of degree > 0, hence this method is incomplete.
[2020-06-17 21:24:00,864 INFO  L339   nArgumentSynthesizer]: Template has degree 4.
[2020-06-17 21:24:00,864 INFO  L352   nArgumentSynthesizer]: There is no stem transition; disabling supporting invariant generation.
[2020-06-17 21:24:00,864 INFO  L205   nArgumentSynthesizer]: 1 stem disjuncts
[2020-06-17 21:24:00,864 INFO  L206   nArgumentSynthesizer]: 1 loop disjuncts
[2020-06-17 21:24:00,865 INFO  L207   nArgumentSynthesizer]: 6 template conjuncts.
[2020-06-17 21:24:00,869 INFO  L402   nArgumentSynthesizer]: We have 6 Motzkin's Theorem applications.
[2020-06-17 21:24:00,869 INFO  L403   nArgumentSynthesizer]: A total of 0 supporting invariants were added.
[2020-06-17 21:24:00,921 INFO  L530          LassoAnalysis]: Proving termination failed for this template and these settings.
[2020-06-17 21:24:00,934 INFO  L489     LassoRankerStarter]: LassoRanker could not prove termination or nontermination of the given linear lasso program.
Templates: AffineTemplate NestedTemplate NestedTemplate NestedTemplate MultiphaseTemplate ComposedLexicographicTemplate PiecewiseTemplate ParallelTemplate
[2020-06-17 21:24:00,934 INFO  L132        PluginConnector]: ------------------------ END LassoRanker----------------------------
[2020-06-17 21:24:00,935 INFO  L168              Benchmark]: Toolchain (without parser) took 1825.58 ms. Allocated memory is still 514.9 MB. Free memory was 473.0 MB in the beginning and 361.6 MB in the end (delta: 111.4 MB). Peak memory consumption was 111.4 MB. Max. memory is 11.5 GB.
[2020-06-17 21:24:00,936 INFO  L168              Benchmark]: Boogie PL CUP Parser took 0.17 ms. Allocated memory is still 514.9 MB. Free memory is still 473.0 MB. There was no memory consumed. Max. memory is 11.5 GB.
[2020-06-17 21:24:00,936 INFO  L168              Benchmark]: Boogie Preprocessor took 27.72 ms. Allocated memory is still 514.9 MB. Free memory is still 470.3 MB. There was no memory consumed. Max. memory is 11.5 GB.
[2020-06-17 21:24:00,937 INFO  L168              Benchmark]: RCFGBuilder took 101.78 ms. Allocated memory is still 514.9 MB. Free memory was 470.3 MB in the beginning and 459.5 MB in the end (delta: 10.8 MB). Peak memory consumption was 10.8 MB. Max. memory is 11.5 GB.
[2020-06-17 21:24:00,937 INFO  L168              Benchmark]: LassoRanker took 1685.28 ms. Allocated memory is still 514.9 MB. Free memory was 459.5 MB in the beginning and 361.6 MB in the end (delta: 97.9 MB). Peak memory consumption was 97.9 MB. Max. memory is 11.5 GB.
[2020-06-17 21:24:00,939 INFO  L336   ainManager$Toolchain]: #######################  End [Toolchain 1] #######################
 --- Results ---
 * Results from de.uni_freiburg.informatik.ultimate.core:
  - StatisticsResult: Toolchain Benchmarks
    Benchmark results are:
 * Boogie PL CUP Parser took 0.17 ms. Allocated memory is still 514.9 MB. Free memory is still 473.0 MB. There was no memory consumed. Max. memory is 11.5 GB.
 * Boogie Preprocessor took 27.72 ms. Allocated memory is still 514.9 MB. Free memory is still 470.3 MB. There was no memory consumed. Max. memory is 11.5 GB.
 * RCFGBuilder took 101.78 ms. Allocated memory is still 514.9 MB. Free memory was 470.3 MB in the beginning and 459.5 MB in the end (delta: 10.8 MB). Peak memory consumption was 10.8 MB. Max. memory is 11.5 GB.
 * LassoRanker took 1685.28 ms. Allocated memory is still 514.9 MB. Free memory was 459.5 MB in the beginning and 361.6 MB in the end (delta: 97.9 MB). Peak memory consumption was 97.9 MB. Max. memory is 11.5 GB.
 * Results from de.uni_freiburg.informatik.ultimate.plugins.analysis.lassoranker:
  - NoResult [Line: 23]: LassoRanker could not prove termination
    LassoRanker could not prove termination or nontermination of the given linear lasso program.
Templates: AffineTemplate NestedTemplate NestedTemplate NestedTemplate MultiphaseTemplate ComposedLexicographicTemplate PiecewiseTemplate ParallelTemplate
RESULT: Ultimate could not prove your program: Toolchain returned no result.
Received shutdown request...
Ultimate:
GTK+ Version Check
