This is Ultimate 0.1.24-16d85fa
[2020-06-17 21:24:02,207 INFO  L170        SettingsManager]: Resetting all preferences to default values...
[2020-06-17 21:24:02,209 INFO  L174        SettingsManager]: Resetting UltimateCore preferences to default values
[2020-06-17 21:24:02,219 INFO  L177        SettingsManager]: Ultimate Commandline Interface provides no preferences, ignoring...
[2020-06-17 21:24:02,219 INFO  L174        SettingsManager]: Resetting Boogie Preprocessor preferences to default values
[2020-06-17 21:24:02,220 INFO  L174        SettingsManager]: Resetting Boogie Procedure Inliner preferences to default values
[2020-06-17 21:24:02,221 INFO  L174        SettingsManager]: Resetting Abstract Interpretation preferences to default values
[2020-06-17 21:24:02,222 INFO  L174        SettingsManager]: Resetting LassoRanker preferences to default values
[2020-06-17 21:24:02,223 INFO  L174        SettingsManager]: Resetting Reaching Definitions preferences to default values
[2020-06-17 21:24:02,223 INFO  L174        SettingsManager]: Resetting SyntaxChecker preferences to default values
[2020-06-17 21:24:02,224 INFO  L177        SettingsManager]: Büchi Program Product provides no preferences, ignoring...
[2020-06-17 21:24:02,224 INFO  L174        SettingsManager]: Resetting LTL2Aut preferences to default values
[2020-06-17 21:24:02,224 INFO  L174        SettingsManager]: Resetting PEA to Boogie preferences to default values
[2020-06-17 21:24:02,225 INFO  L174        SettingsManager]: Resetting BlockEncodingV2 preferences to default values
[2020-06-17 21:24:02,226 INFO  L174        SettingsManager]: Resetting ChcToBoogie preferences to default values
[2020-06-17 21:24:02,226 INFO  L174        SettingsManager]: Resetting AutomataScriptInterpreter preferences to default values
[2020-06-17 21:24:02,226 INFO  L174        SettingsManager]: Resetting BuchiAutomizer preferences to default values
[2020-06-17 21:24:02,227 INFO  L174        SettingsManager]: Resetting CACSL2BoogieTranslator preferences to default values
[2020-06-17 21:24:02,229 INFO  L174        SettingsManager]: Resetting CodeCheck preferences to default values
[2020-06-17 21:24:02,230 INFO  L174        SettingsManager]: Resetting InvariantSynthesis preferences to default values
[2020-06-17 21:24:02,230 INFO  L174        SettingsManager]: Resetting RCFGBuilder preferences to default values
[2020-06-17 21:24:02,231 INFO  L174        SettingsManager]: Resetting TraceAbstraction preferences to default values
[2020-06-17 21:24:02,232 INFO  L177        SettingsManager]: TraceAbstractionConcurrent provides no preferences, ignoring...
[2020-06-17 21:24:02,232 INFO  L177        SettingsManager]: TraceAbstractionWithAFAs provides no preferences, ignoring...
[2020-06-17 21:24:02,232 INFO  L174        SettingsManager]: Resetting TreeAutomizer preferences to default values
[2020-06-17 21:24:02,233 INFO  L174        SettingsManager]: Resetting IcfgTransformer preferences to default values
[2020-06-17 21:24:02,233 INFO  L174        SettingsManager]: Resetting Boogie Printer preferences to default values
[2020-06-17 21:24:02,234 INFO  L174        SettingsManager]: Resetting ReqPrinter preferences to default values
[2020-06-17 21:24:02,234 INFO  L174        SettingsManager]: Resetting Witness Printer preferences to default values
[2020-06-17 21:24:02,235 INFO  L177        SettingsManager]: Boogie PL CUP Parser provides no preferences, ignoring...
[2020-06-17 21:24:02,235 INFO  L174        SettingsManager]: Resetting CDTParser preferences to default values
[2020-06-17 21:24:02,235 INFO  L177        SettingsManager]: AutomataScriptParser provides no preferences, ignoring...
[2020-06-17 21:24:02,235 INFO  L177        SettingsManager]: ReqParser provides no preferences, ignoring...
[2020-06-17 21:24:02,235 INFO  L174        SettingsManager]: Resetting SmtParser preferences to default values
[2020-06-17 21:24:02,236 INFO  L174        SettingsManager]: Resetting Witness Parser preferences to default values
[2020-06-17 21:24:02,236 INFO  L181        SettingsManager]: Finished resetting all preferences to default values...
[2020-06-17 21:24:02,251 INFO  L81    nceAwareModelManager]: Repository-Root is: /tmp
[2020-06-17 21:24:02,262 INFO  L258   ainManager$Toolchain]: [Toolchain 1]: Applicable parser(s) successfully (re)initialized
[2020-06-17 21:24:02,265 INFO  L214   ainManager$Toolchain]: [Toolchain 1]: Toolchain selected.
[2020-06-17 21:24:02,266 INFO  L271        PluginConnector]: Initializing Boogie PL CUP Parser...
[2020-06-17 21:24:02,266 INFO  L276        PluginConnector]: Boogie PL CUP Parser initialized
[2020-06-17 21:24:02,267 INFO  L418   ainManager$Toolchain]: [Toolchain 1]: Parsing single file: /home/lixie/LassoRankerExp/LassoRankerExp/./Program_non/32.bpl
[2020-06-17 21:24:02,267 INFO  L111           BoogieParser]: Parsing: '/home/lixie/LassoRankerExp/LassoRankerExp/./Program_non/32.bpl'
[2020-06-17 21:24:02,291 INFO  L296   ainManager$Toolchain]: ####################### [Toolchain 1] #######################
[2020-06-17 21:24:02,299 INFO  L131        ToolchainWalker]: Walking toolchain with 3 elements.
[2020-06-17 21:24:02,299 INFO  L113        PluginConnector]: ------------------------Boogie Preprocessor----------------------------
[2020-06-17 21:24:02,299 INFO  L271        PluginConnector]: Initializing Boogie Preprocessor...
[2020-06-17 21:24:02,300 INFO  L276        PluginConnector]: Boogie Preprocessor initialized
[2020-06-17 21:24:02,319 INFO  L185        PluginConnector]: Executing the observer EnsureBoogieModelObserver from plugin Boogie Preprocessor for "32.bpl de.uni_freiburg.informatik.ultimate.boogie.parser AST 17.06 09:24:02" (1/1) ...
[2020-06-17 21:24:02,321 INFO  L185        PluginConnector]: Executing the observer TypeChecker from plugin Boogie Preprocessor for "32.bpl de.uni_freiburg.informatik.ultimate.boogie.parser AST 17.06 09:24:02" (1/1) ...
[2020-06-17 21:24:02,325 INFO  L185        PluginConnector]: Executing the observer ConstExpander from plugin Boogie Preprocessor for "32.bpl de.uni_freiburg.informatik.ultimate.boogie.parser AST 17.06 09:24:02" (1/1) ...
[2020-06-17 21:24:02,325 INFO  L185        PluginConnector]: Executing the observer StructExpander from plugin Boogie Preprocessor for "32.bpl de.uni_freiburg.informatik.ultimate.boogie.parser AST 17.06 09:24:02" (1/1) ...
[2020-06-17 21:24:02,327 INFO  L185        PluginConnector]: Executing the observer UnstructureCode from plugin Boogie Preprocessor for "32.bpl de.uni_freiburg.informatik.ultimate.boogie.parser AST 17.06 09:24:02" (1/1) ...
[2020-06-17 21:24:02,330 INFO  L185        PluginConnector]: Executing the observer FunctionInliner from plugin Boogie Preprocessor for "32.bpl de.uni_freiburg.informatik.ultimate.boogie.parser AST 17.06 09:24:02" (1/1) ...
[2020-06-17 21:24:02,331 INFO  L185        PluginConnector]: Executing the observer BoogieSymbolTableConstructor from plugin Boogie Preprocessor for "32.bpl de.uni_freiburg.informatik.ultimate.boogie.parser AST 17.06 09:24:02" (1/1) ...
[2020-06-17 21:24:02,331 INFO  L132        PluginConnector]: ------------------------ END Boogie Preprocessor----------------------------
[2020-06-17 21:24:02,332 INFO  L113        PluginConnector]: ------------------------RCFGBuilder----------------------------
[2020-06-17 21:24:02,332 INFO  L271        PluginConnector]: Initializing RCFGBuilder...
[2020-06-17 21:24:02,332 INFO  L276        PluginConnector]: RCFGBuilder initialized
[2020-06-17 21:24:02,333 INFO  L185        PluginConnector]: Executing the observer RCFGBuilderObserver from plugin RCFGBuilder for "32.bpl de.uni_freiburg.informatik.ultimate.boogie.parser AST 17.06 09:24:02" (1/1) ...
No working directory specified, using /home/lixie/LassoRankerExp/LassoRankerExp/z3
Starting monitored process 1 with z3 SMTLIB2_COMPLIANT=true -memory:1024 -smt2 -in -t:12000 (exit command is (exit), workingDir is null)
Waiting until toolchain timeout for monitored process 1 with z3 SMTLIB2_COMPLIANT=true -memory:1024 -smt2 -in -t:12000
[2020-06-17 21:24:02,370 INFO  L124     BoogieDeclarations]: Specification and implementation of procedure Damaskus given in one single declaration
[2020-06-17 21:24:02,370 INFO  L130     BoogieDeclarations]: Found specification of procedure Damaskus
[2020-06-17 21:24:02,370 INFO  L138     BoogieDeclarations]: Found implementation of procedure Damaskus
[2020-06-17 21:24:02,442 INFO  L278             CfgBuilder]: Using library mode
[2020-06-17 21:24:02,442 INFO  L286             CfgBuilder]: Removed 0 assue(true) statements.
[2020-06-17 21:24:02,443 INFO  L202        PluginConnector]: Adding new model 32.bpl de.uni_freiburg.informatik.ultimate.plugins.generator.rcfgbuilder CFG 17.06 09:24:02 BoogieIcfgContainer
[2020-06-17 21:24:02,443 INFO  L132        PluginConnector]: ------------------------ END RCFGBuilder----------------------------
[2020-06-17 21:24:02,444 INFO  L113        PluginConnector]: ------------------------LassoRanker----------------------------
[2020-06-17 21:24:02,444 INFO  L271        PluginConnector]: Initializing LassoRanker...
[2020-06-17 21:24:02,444 INFO  L276        PluginConnector]: LassoRanker initialized
[2020-06-17 21:24:02,444 INFO  L185        PluginConnector]: Executing the observer LassoRankerObserver from plugin LassoRanker for "32.bpl de.uni_freiburg.informatik.ultimate.plugins.generator.rcfgbuilder CFG 17.06 09:24:02" (1/1) ...
[2020-06-17 21:24:02,462 INFO  L72            BuchiIsEmpty]: Start buchiIsEmpty. Operand 2 states.
[2020-06-17 21:24:02,475 INFO  L131   ngComponentsAnalysis]: Automaton has 1 accepting balls. 1
[2020-06-17 21:24:02,475 INFO  L87            BuchiIsEmpty]: Finished buchiIsEmpty Result is false
[2020-06-17 21:24:02,475 INFO  L119           BuchiIsEmpty]: Starting construction of run
[2020-06-17 21:24:02,480 INFO  L104     BuchiDifferenceFKV]: Start buchiDifferenceFKV. First operand 2 states. Second operand 1 states.
[2020-06-17 21:24:02,487 INFO  L108     BuchiDifferenceFKV]: Finished buchiDifferenceFKV. First operand 2 states. Second operand 1 states. Result 3 states and 4 transitions. Complement of second has 2 states 2 powerset states0 rank states. The highest rank that occured is -1
[2020-06-17 21:24:02,487 INFO  L72            BuchiIsEmpty]: Start buchiIsEmpty. Operand 3 states and 4 transitions.
[2020-06-17 21:24:02,487 INFO  L131   ngComponentsAnalysis]: Automaton has 0 accepting balls. 0
[2020-06-17 21:24:02,487 INFO  L87            BuchiIsEmpty]: Finished buchiIsEmpty Result is true
[2020-06-17 21:24:02,510 INFO  L216          LassoAnalysis]: Preferences:
[2020-06-17 21:24:02,510 INFO  L124   ssoRankerPreferences]: Compute integeral hull: false
[2020-06-17 21:24:02,511 INFO  L125   ssoRankerPreferences]: Enable LassoPartitioneer: true
[2020-06-17 21:24:02,511 INFO  L126   ssoRankerPreferences]: Term annotations enabled: false
[2020-06-17 21:24:02,511 INFO  L127   ssoRankerPreferences]: Use exernal solver: true
[2020-06-17 21:24:02,511 INFO  L128   ssoRankerPreferences]: SMT solver command: z3 -smt2 -in SMTLIB2_COMPLIANT=true
[2020-06-17 21:24:02,511 INFO  L129   ssoRankerPreferences]: Dump SMT script to file: false
[2020-06-17 21:24:02,511 INFO  L130   ssoRankerPreferences]: Path of dumped script: .
[2020-06-17 21:24:02,511 INFO  L131   ssoRankerPreferences]: Filename of dumped script: LassoRankerScript
[2020-06-17 21:24:02,511 INFO  L132   ssoRankerPreferences]: MapElimAlgo: Frank
[2020-06-17 21:24:02,511 INFO  L282          LassoAnalysis]: Starting lasso preprocessing...
[2020-06-17 21:24:02,525 INFO  L141          MapEliminator]: Using MapEliminator with SimplificationTechnique=SIMPLIFY_DDA XnfConversionTechnique=BOTTOM_UP_WITH_LOCAL_SIMPLIFICATION AddInequalities=false OnlyTrivialImplicationsArrayWrite=false OnlyTrivialImplicationsForModifiedArguments=true OnlyArgumentsInFormula=true
[2020-06-17 21:24:02,571 INFO  L300          LassoAnalysis]: Preprocessing complete.
[2020-06-17 21:24:02,571 INFO  L412          LassoAnalysis]: Checking for nontermination...
No working directory specified, using /home/lixie/LassoRankerExp/LassoRankerExp/z3
Starting monitored process 2 with z3 -smt2 -in SMTLIB2_COMPLIANT=true (exit command is (exit), workingDir is null)
Waiting until toolchain timeout for monitored process 2 with z3 -smt2 -in SMTLIB2_COMPLIANT=true
[2020-06-17 21:24:02,575 INFO  L151   nArgumentSynthesizer]: Nontermination analysis: LINEAR_WITH_GUESSES Allow bounded executions: true Number of generalized eigenvectors: 0 Nilpotent components: true
[2020-06-17 21:24:02,575 INFO  L163   nArgumentSynthesizer]: Using integer mode.
No working directory specified, using /home/lixie/LassoRankerExp/LassoRankerExp/z3
Starting monitored process 3 with z3 -smt2 -in SMTLIB2_COMPLIANT=true (exit command is (exit), workingDir is null)
Waiting until toolchain timeout for monitored process 3 with z3 -smt2 -in SMTLIB2_COMPLIANT=true
[2020-06-17 21:24:02,602 INFO  L151   nArgumentSynthesizer]: Nontermination analysis: LINEAR_WITH_GUESSES Allow bounded executions: true Number of generalized eigenvectors: 3 Nilpotent components: true
[2020-06-17 21:24:02,602 INFO  L163   nArgumentSynthesizer]: Using integer mode.
[2020-06-17 21:24:02,624 INFO  L452          LassoAnalysis]: Proving nontermination failed: No geometric nontermination argument exists.
[2020-06-17 21:24:02,626 INFO  L216          LassoAnalysis]: Preferences:
[2020-06-17 21:24:02,626 INFO  L124   ssoRankerPreferences]: Compute integeral hull: false
[2020-06-17 21:24:02,626 INFO  L125   ssoRankerPreferences]: Enable LassoPartitioneer: true
[2020-06-17 21:24:02,626 INFO  L126   ssoRankerPreferences]: Term annotations enabled: false
[2020-06-17 21:24:02,626 INFO  L127   ssoRankerPreferences]: Use exernal solver: true
[2020-06-17 21:24:02,626 INFO  L128   ssoRankerPreferences]: SMT solver command: z3 -smt2 -in SMTLIB2_COMPLIANT=true
[2020-06-17 21:24:02,626 INFO  L129   ssoRankerPreferences]: Dump SMT script to file: false
[2020-06-17 21:24:02,626 INFO  L130   ssoRankerPreferences]: Path of dumped script: .
[2020-06-17 21:24:02,626 INFO  L131   ssoRankerPreferences]: Filename of dumped script: LassoRankerScript
[2020-06-17 21:24:02,626 INFO  L132   ssoRankerPreferences]: MapElimAlgo: Frank
[2020-06-17 21:24:02,626 INFO  L282          LassoAnalysis]: Starting lasso preprocessing...
[2020-06-17 21:24:02,627 INFO  L141          MapEliminator]: Using MapEliminator with SimplificationTechnique=SIMPLIFY_DDA XnfConversionTechnique=BOTTOM_UP_WITH_LOCAL_SIMPLIFICATION AddInequalities=false OnlyTrivialImplicationsArrayWrite=false OnlyTrivialImplicationsForModifiedArguments=true OnlyArgumentsInFormula=true
[2020-06-17 21:24:02,653 INFO  L300          LassoAnalysis]: Preprocessing complete.
[2020-06-17 21:24:02,656 INFO  L497          LassoAnalysis]: Using template 'affine'.
No working directory specified, using /home/lixie/LassoRankerExp/LassoRankerExp/z3
Starting monitored process 4 with z3 -smt2 -in SMTLIB2_COMPLIANT=true (exit command is (exit), workingDir is null)
Waiting until toolchain timeout for monitored process 4 with z3 -smt2 -in SMTLIB2_COMPLIANT=true
[2020-06-17 21:24:02,659 INFO  L122   nArgumentSynthesizer]: Termination Analysis Settings:
Termination analysis: LINEAR_WITH_GUESSES
Number of strict supporting invariants: 1
Number of non-strict supporting invariants: 0
Consider only non-deceasing supporting invariants: true
Simplify termination arguments: true
Simplify supporting invariants: trueOverapproximate stem: false
[2020-06-17 21:24:02,660 INFO  L339   nArgumentSynthesizer]: Template has degree 0.
[2020-06-17 21:24:02,660 INFO  L352   nArgumentSynthesizer]: There is no stem transition; disabling supporting invariant generation.
[2020-06-17 21:24:02,661 INFO  L205   nArgumentSynthesizer]: 1 stem disjuncts
[2020-06-17 21:24:02,661 INFO  L206   nArgumentSynthesizer]: 2 loop disjuncts
[2020-06-17 21:24:02,661 INFO  L207   nArgumentSynthesizer]: 2 template conjuncts.
[2020-06-17 21:24:02,664 INFO  L402   nArgumentSynthesizer]: We have 4 Motzkin's Theorem applications.
[2020-06-17 21:24:02,664 INFO  L403   nArgumentSynthesizer]: A total of 0 supporting invariants were added.
[2020-06-17 21:24:02,667 INFO  L530          LassoAnalysis]: Proving termination failed for this template and these settings.
[2020-06-17 21:24:02,680 INFO  L497          LassoAnalysis]: Using template '2-nested'.
No working directory specified, using /home/lixie/LassoRankerExp/LassoRankerExp/z3
Starting monitored process 5 with z3 -smt2 -in SMTLIB2_COMPLIANT=true (exit command is (exit), workingDir is null)
Waiting until toolchain timeout for monitored process 5 with z3 -smt2 -in SMTLIB2_COMPLIANT=true
[2020-06-17 21:24:02,681 INFO  L122   nArgumentSynthesizer]: Termination Analysis Settings:
Termination analysis: LINEAR_WITH_GUESSES
Number of strict supporting invariants: 1
Number of non-strict supporting invariants: 0
Consider only non-deceasing supporting invariants: true
Simplify termination arguments: true
Simplify supporting invariants: trueOverapproximate stem: false
[2020-06-17 21:24:02,683 INFO  L339   nArgumentSynthesizer]: Template has degree 0.
[2020-06-17 21:24:02,683 INFO  L352   nArgumentSynthesizer]: There is no stem transition; disabling supporting invariant generation.
[2020-06-17 21:24:02,683 INFO  L205   nArgumentSynthesizer]: 1 stem disjuncts
[2020-06-17 21:24:02,683 INFO  L206   nArgumentSynthesizer]: 2 loop disjuncts
[2020-06-17 21:24:02,683 INFO  L207   nArgumentSynthesizer]: 3 template conjuncts.
[2020-06-17 21:24:02,686 INFO  L402   nArgumentSynthesizer]: We have 6 Motzkin's Theorem applications.
[2020-06-17 21:24:02,686 INFO  L403   nArgumentSynthesizer]: A total of 0 supporting invariants were added.
[2020-06-17 21:24:02,689 INFO  L530          LassoAnalysis]: Proving termination failed for this template and these settings.
[2020-06-17 21:24:02,700 INFO  L497          LassoAnalysis]: Using template '3-nested'.
No working directory specified, using /home/lixie/LassoRankerExp/LassoRankerExp/z3
Starting monitored process 6 with z3 -smt2 -in SMTLIB2_COMPLIANT=true (exit command is (exit), workingDir is null)
Waiting until toolchain timeout for monitored process 6 with z3 -smt2 -in SMTLIB2_COMPLIANT=true
[2020-06-17 21:24:02,702 INFO  L122   nArgumentSynthesizer]: Termination Analysis Settings:
Termination analysis: LINEAR_WITH_GUESSES
Number of strict supporting invariants: 1
Number of non-strict supporting invariants: 0
Consider only non-deceasing supporting invariants: true
Simplify termination arguments: true
Simplify supporting invariants: trueOverapproximate stem: false
[2020-06-17 21:24:02,703 INFO  L339   nArgumentSynthesizer]: Template has degree 0.
[2020-06-17 21:24:02,704 INFO  L352   nArgumentSynthesizer]: There is no stem transition; disabling supporting invariant generation.
[2020-06-17 21:24:02,704 INFO  L205   nArgumentSynthesizer]: 1 stem disjuncts
[2020-06-17 21:24:02,704 INFO  L206   nArgumentSynthesizer]: 2 loop disjuncts
[2020-06-17 21:24:02,704 INFO  L207   nArgumentSynthesizer]: 4 template conjuncts.
[2020-06-17 21:24:02,707 INFO  L402   nArgumentSynthesizer]: We have 8 Motzkin's Theorem applications.
[2020-06-17 21:24:02,707 INFO  L403   nArgumentSynthesizer]: A total of 0 supporting invariants were added.
[2020-06-17 21:24:02,712 INFO  L530          LassoAnalysis]: Proving termination failed for this template and these settings.
[2020-06-17 21:24:02,724 INFO  L497          LassoAnalysis]: Using template '4-nested'.
No working directory specified, using /home/lixie/LassoRankerExp/LassoRankerExp/z3
Starting monitored process 7 with z3 -smt2 -in SMTLIB2_COMPLIANT=true (exit command is (exit), workingDir is null)
Waiting until toolchain timeout for monitored process 7 with z3 -smt2 -in SMTLIB2_COMPLIANT=true
[2020-06-17 21:24:02,725 INFO  L122   nArgumentSynthesizer]: Termination Analysis Settings:
Termination analysis: LINEAR_WITH_GUESSES
Number of strict supporting invariants: 1
Number of non-strict supporting invariants: 0
Consider only non-deceasing supporting invariants: true
Simplify termination arguments: true
Simplify supporting invariants: trueOverapproximate stem: false
[2020-06-17 21:24:02,727 INFO  L339   nArgumentSynthesizer]: Template has degree 0.
[2020-06-17 21:24:02,727 INFO  L352   nArgumentSynthesizer]: There is no stem transition; disabling supporting invariant generation.
[2020-06-17 21:24:02,727 INFO  L205   nArgumentSynthesizer]: 1 stem disjuncts
[2020-06-17 21:24:02,727 INFO  L206   nArgumentSynthesizer]: 2 loop disjuncts
[2020-06-17 21:24:02,727 INFO  L207   nArgumentSynthesizer]: 5 template conjuncts.
[2020-06-17 21:24:02,731 INFO  L402   nArgumentSynthesizer]: We have 10 Motzkin's Theorem applications.
[2020-06-17 21:24:02,731 INFO  L403   nArgumentSynthesizer]: A total of 0 supporting invariants were added.
[2020-06-17 21:24:02,735 INFO  L530          LassoAnalysis]: Proving termination failed for this template and these settings.
[2020-06-17 21:24:02,747 INFO  L497          LassoAnalysis]: Using template '2-phase'.
No working directory specified, using /home/lixie/LassoRankerExp/LassoRankerExp/z3
Starting monitored process 8 with z3 -smt2 -in SMTLIB2_COMPLIANT=true (exit command is (exit), workingDir is null)
Waiting until toolchain timeout for monitored process 8 with z3 -smt2 -in SMTLIB2_COMPLIANT=true
[2020-06-17 21:24:02,749 INFO  L122   nArgumentSynthesizer]: Termination Analysis Settings:
Termination analysis: LINEAR_WITH_GUESSES
Number of strict supporting invariants: 1
Number of non-strict supporting invariants: 0
Consider only non-deceasing supporting invariants: true
Simplify termination arguments: true
Simplify supporting invariants: trueOverapproximate stem: false
[2020-06-17 21:24:02,750 WARN  L334   nArgumentSynthesizer]: Using a linear SMT query and a templates of degree > 0, hence this method is incomplete.
[2020-06-17 21:24:02,750 INFO  L339   nArgumentSynthesizer]: Template has degree 1.
[2020-06-17 21:24:02,750 INFO  L352   nArgumentSynthesizer]: There is no stem transition; disabling supporting invariant generation.
[2020-06-17 21:24:02,751 INFO  L205   nArgumentSynthesizer]: 1 stem disjuncts
[2020-06-17 21:24:02,751 INFO  L206   nArgumentSynthesizer]: 2 loop disjuncts
[2020-06-17 21:24:02,751 INFO  L207   nArgumentSynthesizer]: 3 template conjuncts.
[2020-06-17 21:24:02,754 INFO  L402   nArgumentSynthesizer]: We have 6 Motzkin's Theorem applications.
[2020-06-17 21:24:02,754 INFO  L403   nArgumentSynthesizer]: A total of 0 supporting invariants were added.
[2020-06-17 21:24:02,759 INFO  L530          LassoAnalysis]: Proving termination failed for this template and these settings.
[2020-06-17 21:24:02,771 INFO  L497          LassoAnalysis]: Using template 'lex(affine, affine)'.
No working directory specified, using /home/lixie/LassoRankerExp/LassoRankerExp/z3
Starting monitored process 9 with z3 -smt2 -in SMTLIB2_COMPLIANT=true (exit command is (exit), workingDir is null)
Waiting until toolchain timeout for monitored process 9 with z3 -smt2 -in SMTLIB2_COMPLIANT=true
[2020-06-17 21:24:02,773 INFO  L122   nArgumentSynthesizer]: Termination Analysis Settings:
Termination analysis: LINEAR_WITH_GUESSES
Number of strict supporting invariants: 1
Number of non-strict supporting invariants: 0
Consider only non-deceasing supporting invariants: true
Simplify termination arguments: true
Simplify supporting invariants: trueOverapproximate stem: false
[2020-06-17 21:24:02,775 WARN  L334   nArgumentSynthesizer]: Using a linear SMT query and a templates of degree > 0, hence this method is incomplete.
[2020-06-17 21:24:02,775 INFO  L339   nArgumentSynthesizer]: Template has degree 5.
[2020-06-17 21:24:02,775 INFO  L352   nArgumentSynthesizer]: There is no stem transition; disabling supporting invariant generation.
[2020-06-17 21:24:02,775 INFO  L205   nArgumentSynthesizer]: 1 stem disjuncts
[2020-06-17 21:24:02,776 INFO  L206   nArgumentSynthesizer]: 2 loop disjuncts
[2020-06-17 21:24:02,776 INFO  L207   nArgumentSynthesizer]: 4 template conjuncts.
[2020-06-17 21:24:02,780 INFO  L402   nArgumentSynthesizer]: We have 8 Motzkin's Theorem applications.
[2020-06-17 21:24:02,780 INFO  L403   nArgumentSynthesizer]: A total of 0 supporting invariants were added.
[2020-06-17 21:24:02,785 INFO  L530          LassoAnalysis]: Proving termination failed for this template and these settings.
[2020-06-17 21:24:02,798 INFO  L497          LassoAnalysis]: Using template '2-piece'.
No working directory specified, using /home/lixie/LassoRankerExp/LassoRankerExp/z3
Starting monitored process 10 with z3 -smt2 -in SMTLIB2_COMPLIANT=true (exit command is (exit), workingDir is null)
Waiting until toolchain timeout for monitored process 10 with z3 -smt2 -in SMTLIB2_COMPLIANT=true
[2020-06-17 21:24:02,800 INFO  L122   nArgumentSynthesizer]: Termination Analysis Settings:
Termination analysis: LINEAR_WITH_GUESSES
Number of strict supporting invariants: 1
Number of non-strict supporting invariants: 0
Consider only non-deceasing supporting invariants: true
Simplify termination arguments: true
Simplify supporting invariants: trueOverapproximate stem: false
[2020-06-17 21:24:02,801 WARN  L334   nArgumentSynthesizer]: Using a linear SMT query and a templates of degree > 0, hence this method is incomplete.
[2020-06-17 21:24:02,801 INFO  L339   nArgumentSynthesizer]: Template has degree 7.
[2020-06-17 21:24:02,801 INFO  L352   nArgumentSynthesizer]: There is no stem transition; disabling supporting invariant generation.
[2020-06-17 21:24:02,802 INFO  L205   nArgumentSynthesizer]: 1 stem disjuncts
[2020-06-17 21:24:02,802 INFO  L206   nArgumentSynthesizer]: 2 loop disjuncts
[2020-06-17 21:24:02,802 INFO  L207   nArgumentSynthesizer]: 7 template conjuncts.
[2020-06-17 21:24:02,813 INFO  L402   nArgumentSynthesizer]: We have 14 Motzkin's Theorem applications.
[2020-06-17 21:24:02,813 INFO  L403   nArgumentSynthesizer]: A total of 0 supporting invariants were added.
[2020-06-17 21:24:02,832 INFO  L530          LassoAnalysis]: Proving termination failed for this template and these settings.
[2020-06-17 21:24:02,855 INFO  L497          LassoAnalysis]: Using template '2-parallel'.
No working directory specified, using /home/lixie/LassoRankerExp/LassoRankerExp/z3
Starting monitored process 11 with z3 -smt2 -in SMTLIB2_COMPLIANT=true (exit command is (exit), workingDir is null)
Waiting until toolchain timeout for monitored process 11 with z3 -smt2 -in SMTLIB2_COMPLIANT=true
[2020-06-17 21:24:02,857 INFO  L122   nArgumentSynthesizer]: Termination Analysis Settings:
Termination analysis: LINEAR_WITH_GUESSES
Number of strict supporting invariants: 1
Number of non-strict supporting invariants: 0
Consider only non-deceasing supporting invariants: true
Simplify termination arguments: true
Simplify supporting invariants: trueOverapproximate stem: false
[2020-06-17 21:24:02,859 WARN  L334   nArgumentSynthesizer]: Using a linear SMT query and a templates of degree > 0, hence this method is incomplete.
[2020-06-17 21:24:02,859 INFO  L339   nArgumentSynthesizer]: Template has degree 4.
[2020-06-17 21:24:02,859 INFO  L352   nArgumentSynthesizer]: There is no stem transition; disabling supporting invariant generation.
[2020-06-17 21:24:02,859 INFO  L205   nArgumentSynthesizer]: 1 stem disjuncts
[2020-06-17 21:24:02,860 INFO  L206   nArgumentSynthesizer]: 2 loop disjuncts
[2020-06-17 21:24:02,860 INFO  L207   nArgumentSynthesizer]: 6 template conjuncts.
[2020-06-17 21:24:02,863 INFO  L402   nArgumentSynthesizer]: We have 12 Motzkin's Theorem applications.
[2020-06-17 21:24:02,863 INFO  L403   nArgumentSynthesizer]: A total of 0 supporting invariants were added.
[2020-06-17 21:24:02,873 INFO  L530          LassoAnalysis]: Proving termination failed for this template and these settings.
[2020-06-17 21:24:02,892 INFO  L489     LassoRankerStarter]: LassoRanker could not prove termination or nontermination of the given linear lasso program.
Templates: AffineTemplate NestedTemplate NestedTemplate NestedTemplate MultiphaseTemplate ComposedLexicographicTemplate PiecewiseTemplate ParallelTemplate
[2020-06-17 21:24:02,892 INFO  L132        PluginConnector]: ------------------------ END LassoRanker----------------------------
[2020-06-17 21:24:02,893 INFO  L168              Benchmark]: Toolchain (without parser) took 601.75 ms. Allocated memory is still 514.9 MB. Free memory was 472.9 MB in the beginning and 391.2 MB in the end (delta: 81.7 MB). Peak memory consumption was 81.7 MB. Max. memory is 11.5 GB.
[2020-06-17 21:24:02,894 INFO  L168              Benchmark]: Boogie PL CUP Parser took 0.16 ms. Allocated memory is still 514.9 MB. Free memory is still 474.4 MB. There was no memory consumed. Max. memory is 11.5 GB.
[2020-06-17 21:24:02,894 INFO  L168              Benchmark]: Boogie Preprocessor took 32.44 ms. Allocated memory is still 514.9 MB. Free memory was 471.5 MB in the beginning and 470.2 MB in the end (delta: 1.3 MB). Peak memory consumption was 1.3 MB. Max. memory is 11.5 GB.
[2020-06-17 21:24:02,895 INFO  L168              Benchmark]: RCFGBuilder took 111.18 ms. Allocated memory is still 514.9 MB. Free memory was 470.2 MB in the beginning and 460.7 MB in the end (delta: 9.4 MB). Peak memory consumption was 9.4 MB. Max. memory is 11.5 GB.
[2020-06-17 21:24:02,895 INFO  L168              Benchmark]: LassoRanker took 448.79 ms. Allocated memory is still 514.9 MB. Free memory was 460.7 MB in the beginning and 391.2 MB in the end (delta: 69.5 MB). Peak memory consumption was 69.5 MB. Max. memory is 11.5 GB.
[2020-06-17 21:24:02,897 INFO  L336   ainManager$Toolchain]: #######################  End [Toolchain 1] #######################
 --- Results ---
 * Results from de.uni_freiburg.informatik.ultimate.core:
  - StatisticsResult: Toolchain Benchmarks
    Benchmark results are:
 * Boogie PL CUP Parser took 0.16 ms. Allocated memory is still 514.9 MB. Free memory is still 474.4 MB. There was no memory consumed. Max. memory is 11.5 GB.
 * Boogie Preprocessor took 32.44 ms. Allocated memory is still 514.9 MB. Free memory was 471.5 MB in the beginning and 470.2 MB in the end (delta: 1.3 MB). Peak memory consumption was 1.3 MB. Max. memory is 11.5 GB.
 * RCFGBuilder took 111.18 ms. Allocated memory is still 514.9 MB. Free memory was 470.2 MB in the beginning and 460.7 MB in the end (delta: 9.4 MB). Peak memory consumption was 9.4 MB. Max. memory is 11.5 GB.
 * LassoRanker took 448.79 ms. Allocated memory is still 514.9 MB. Free memory was 460.7 MB in the beginning and 391.2 MB in the end (delta: 69.5 MB). Peak memory consumption was 69.5 MB. Max. memory is 11.5 GB.
 * Results from de.uni_freiburg.informatik.ultimate.plugins.analysis.lassoranker:
  - NoResult [Line: 9]: LassoRanker could not prove termination
    LassoRanker could not prove termination or nontermination of the given linear lasso program.
Templates: AffineTemplate NestedTemplate NestedTemplate NestedTemplate MultiphaseTemplate ComposedLexicographicTemplate PiecewiseTemplate ParallelTemplate
RESULT: Ultimate could not prove your program: Toolchain returned no result.
Received shutdown request...
Ultimate:
GTK+ Version Check
