This is Ultimate 0.1.24-16d85fa
[2020-06-17 21:29:15,240 INFO  L170        SettingsManager]: Resetting all preferences to default values...
[2020-06-17 21:29:15,241 INFO  L174        SettingsManager]: Resetting UltimateCore preferences to default values
[2020-06-17 21:29:15,251 INFO  L177        SettingsManager]: Ultimate Commandline Interface provides no preferences, ignoring...
[2020-06-17 21:29:15,251 INFO  L174        SettingsManager]: Resetting Boogie Preprocessor preferences to default values
[2020-06-17 21:29:15,252 INFO  L174        SettingsManager]: Resetting Boogie Procedure Inliner preferences to default values
[2020-06-17 21:29:15,252 INFO  L174        SettingsManager]: Resetting Abstract Interpretation preferences to default values
[2020-06-17 21:29:15,254 INFO  L174        SettingsManager]: Resetting LassoRanker preferences to default values
[2020-06-17 21:29:15,255 INFO  L174        SettingsManager]: Resetting Reaching Definitions preferences to default values
[2020-06-17 21:29:15,255 INFO  L174        SettingsManager]: Resetting SyntaxChecker preferences to default values
[2020-06-17 21:29:15,256 INFO  L177        SettingsManager]: Büchi Program Product provides no preferences, ignoring...
[2020-06-17 21:29:15,256 INFO  L174        SettingsManager]: Resetting LTL2Aut preferences to default values
[2020-06-17 21:29:15,256 INFO  L174        SettingsManager]: Resetting PEA to Boogie preferences to default values
[2020-06-17 21:29:15,257 INFO  L174        SettingsManager]: Resetting BlockEncodingV2 preferences to default values
[2020-06-17 21:29:15,257 INFO  L174        SettingsManager]: Resetting ChcToBoogie preferences to default values
[2020-06-17 21:29:15,258 INFO  L174        SettingsManager]: Resetting AutomataScriptInterpreter preferences to default values
[2020-06-17 21:29:15,258 INFO  L174        SettingsManager]: Resetting BuchiAutomizer preferences to default values
[2020-06-17 21:29:15,259 INFO  L174        SettingsManager]: Resetting CACSL2BoogieTranslator preferences to default values
[2020-06-17 21:29:15,261 INFO  L174        SettingsManager]: Resetting CodeCheck preferences to default values
[2020-06-17 21:29:15,262 INFO  L174        SettingsManager]: Resetting InvariantSynthesis preferences to default values
[2020-06-17 21:29:15,262 INFO  L174        SettingsManager]: Resetting RCFGBuilder preferences to default values
[2020-06-17 21:29:15,263 INFO  L174        SettingsManager]: Resetting TraceAbstraction preferences to default values
[2020-06-17 21:29:15,264 INFO  L177        SettingsManager]: TraceAbstractionConcurrent provides no preferences, ignoring...
[2020-06-17 21:29:15,264 INFO  L177        SettingsManager]: TraceAbstractionWithAFAs provides no preferences, ignoring...
[2020-06-17 21:29:15,265 INFO  L174        SettingsManager]: Resetting TreeAutomizer preferences to default values
[2020-06-17 21:29:15,265 INFO  L174        SettingsManager]: Resetting IcfgTransformer preferences to default values
[2020-06-17 21:29:15,266 INFO  L174        SettingsManager]: Resetting Boogie Printer preferences to default values
[2020-06-17 21:29:15,266 INFO  L174        SettingsManager]: Resetting ReqPrinter preferences to default values
[2020-06-17 21:29:15,266 INFO  L174        SettingsManager]: Resetting Witness Printer preferences to default values
[2020-06-17 21:29:15,267 INFO  L177        SettingsManager]: Boogie PL CUP Parser provides no preferences, ignoring...
[2020-06-17 21:29:15,267 INFO  L174        SettingsManager]: Resetting CDTParser preferences to default values
[2020-06-17 21:29:15,267 INFO  L177        SettingsManager]: AutomataScriptParser provides no preferences, ignoring...
[2020-06-17 21:29:15,267 INFO  L177        SettingsManager]: ReqParser provides no preferences, ignoring...
[2020-06-17 21:29:15,268 INFO  L174        SettingsManager]: Resetting SmtParser preferences to default values
[2020-06-17 21:29:15,268 INFO  L174        SettingsManager]: Resetting Witness Parser preferences to default values
[2020-06-17 21:29:15,268 INFO  L181        SettingsManager]: Finished resetting all preferences to default values...
[2020-06-17 21:29:15,284 INFO  L81    nceAwareModelManager]: Repository-Root is: /tmp
[2020-06-17 21:29:15,294 INFO  L258   ainManager$Toolchain]: [Toolchain 1]: Applicable parser(s) successfully (re)initialized
[2020-06-17 21:29:15,297 INFO  L214   ainManager$Toolchain]: [Toolchain 1]: Toolchain selected.
[2020-06-17 21:29:15,299 INFO  L271        PluginConnector]: Initializing Boogie PL CUP Parser...
[2020-06-17 21:29:15,299 INFO  L276        PluginConnector]: Boogie PL CUP Parser initialized
[2020-06-17 21:29:15,300 INFO  L418   ainManager$Toolchain]: [Toolchain 1]: Parsing single file: /home/lixie/LassoRankerExp/LassoRankerExp/./Program_non/43.bpl
[2020-06-17 21:29:15,300 INFO  L111           BoogieParser]: Parsing: '/home/lixie/LassoRankerExp/LassoRankerExp/./Program_non/43.bpl'
[2020-06-17 21:29:15,324 INFO  L296   ainManager$Toolchain]: ####################### [Toolchain 1] #######################
[2020-06-17 21:29:15,332 INFO  L131        ToolchainWalker]: Walking toolchain with 3 elements.
[2020-06-17 21:29:15,333 INFO  L113        PluginConnector]: ------------------------Boogie Preprocessor----------------------------
[2020-06-17 21:29:15,333 INFO  L271        PluginConnector]: Initializing Boogie Preprocessor...
[2020-06-17 21:29:15,333 INFO  L276        PluginConnector]: Boogie Preprocessor initialized
[2020-06-17 21:29:15,353 INFO  L185        PluginConnector]: Executing the observer EnsureBoogieModelObserver from plugin Boogie Preprocessor for "43.bpl de.uni_freiburg.informatik.ultimate.boogie.parser AST 17.06 09:29:15" (1/1) ...
[2020-06-17 21:29:15,354 INFO  L185        PluginConnector]: Executing the observer TypeChecker from plugin Boogie Preprocessor for "43.bpl de.uni_freiburg.informatik.ultimate.boogie.parser AST 17.06 09:29:15" (1/1) ...
[2020-06-17 21:29:15,359 INFO  L185        PluginConnector]: Executing the observer ConstExpander from plugin Boogie Preprocessor for "43.bpl de.uni_freiburg.informatik.ultimate.boogie.parser AST 17.06 09:29:15" (1/1) ...
[2020-06-17 21:29:15,360 INFO  L185        PluginConnector]: Executing the observer StructExpander from plugin Boogie Preprocessor for "43.bpl de.uni_freiburg.informatik.ultimate.boogie.parser AST 17.06 09:29:15" (1/1) ...
[2020-06-17 21:29:15,361 INFO  L185        PluginConnector]: Executing the observer UnstructureCode from plugin Boogie Preprocessor for "43.bpl de.uni_freiburg.informatik.ultimate.boogie.parser AST 17.06 09:29:15" (1/1) ...
[2020-06-17 21:29:15,364 INFO  L185        PluginConnector]: Executing the observer FunctionInliner from plugin Boogie Preprocessor for "43.bpl de.uni_freiburg.informatik.ultimate.boogie.parser AST 17.06 09:29:15" (1/1) ...
[2020-06-17 21:29:15,365 INFO  L185        PluginConnector]: Executing the observer BoogieSymbolTableConstructor from plugin Boogie Preprocessor for "43.bpl de.uni_freiburg.informatik.ultimate.boogie.parser AST 17.06 09:29:15" (1/1) ...
[2020-06-17 21:29:15,366 INFO  L132        PluginConnector]: ------------------------ END Boogie Preprocessor----------------------------
[2020-06-17 21:29:15,367 INFO  L113        PluginConnector]: ------------------------RCFGBuilder----------------------------
[2020-06-17 21:29:15,367 INFO  L271        PluginConnector]: Initializing RCFGBuilder...
[2020-06-17 21:29:15,367 INFO  L276        PluginConnector]: RCFGBuilder initialized
[2020-06-17 21:29:15,368 INFO  L185        PluginConnector]: Executing the observer RCFGBuilderObserver from plugin RCFGBuilder for "43.bpl de.uni_freiburg.informatik.ultimate.boogie.parser AST 17.06 09:29:15" (1/1) ...
No working directory specified, using /home/lixie/LassoRankerExp/LassoRankerExp/z3
Starting monitored process 1 with z3 SMTLIB2_COMPLIANT=true -memory:1024 -smt2 -in -t:12000 (exit command is (exit), workingDir is null)
Waiting until toolchain timeout for monitored process 1 with z3 SMTLIB2_COMPLIANT=true -memory:1024 -smt2 -in -t:12000
[2020-06-17 21:29:15,405 INFO  L124     BoogieDeclarations]: Specification and implementation of procedure main given in one single declaration
[2020-06-17 21:29:15,406 INFO  L130     BoogieDeclarations]: Found specification of procedure main
[2020-06-17 21:29:15,406 INFO  L138     BoogieDeclarations]: Found implementation of procedure main
[2020-06-17 21:29:15,489 INFO  L278             CfgBuilder]: Using library mode
[2020-06-17 21:29:15,489 INFO  L286             CfgBuilder]: Removed 0 assue(true) statements.
[2020-06-17 21:29:15,490 INFO  L202        PluginConnector]: Adding new model 43.bpl de.uni_freiburg.informatik.ultimate.plugins.generator.rcfgbuilder CFG 17.06 09:29:15 BoogieIcfgContainer
[2020-06-17 21:29:15,490 INFO  L132        PluginConnector]: ------------------------ END RCFGBuilder----------------------------
[2020-06-17 21:29:15,490 INFO  L113        PluginConnector]: ------------------------LassoRanker----------------------------
[2020-06-17 21:29:15,490 INFO  L271        PluginConnector]: Initializing LassoRanker...
[2020-06-17 21:29:15,490 INFO  L276        PluginConnector]: LassoRanker initialized
[2020-06-17 21:29:15,491 INFO  L185        PluginConnector]: Executing the observer LassoRankerObserver from plugin LassoRanker for "43.bpl de.uni_freiburg.informatik.ultimate.plugins.generator.rcfgbuilder CFG 17.06 09:29:15" (1/1) ...
[2020-06-17 21:29:15,508 INFO  L72            BuchiIsEmpty]: Start buchiIsEmpty. Operand 2 states.
[2020-06-17 21:29:15,521 INFO  L131   ngComponentsAnalysis]: Automaton has 1 accepting balls. 1
[2020-06-17 21:29:15,521 INFO  L87            BuchiIsEmpty]: Finished buchiIsEmpty Result is false
[2020-06-17 21:29:15,521 INFO  L119           BuchiIsEmpty]: Starting construction of run
[2020-06-17 21:29:15,526 INFO  L104     BuchiDifferenceFKV]: Start buchiDifferenceFKV. First operand 2 states. Second operand 1 states.
[2020-06-17 21:29:15,533 INFO  L108     BuchiDifferenceFKV]: Finished buchiDifferenceFKV. First operand 2 states. Second operand 1 states. Result 3 states and 4 transitions. Complement of second has 2 states 2 powerset states0 rank states. The highest rank that occured is -1
[2020-06-17 21:29:15,533 INFO  L72            BuchiIsEmpty]: Start buchiIsEmpty. Operand 3 states and 4 transitions.
[2020-06-17 21:29:15,533 INFO  L131   ngComponentsAnalysis]: Automaton has 0 accepting balls. 0
[2020-06-17 21:29:15,534 INFO  L87            BuchiIsEmpty]: Finished buchiIsEmpty Result is true
[2020-06-17 21:29:15,597 INFO  L216          LassoAnalysis]: Preferences:
[2020-06-17 21:29:15,598 INFO  L124   ssoRankerPreferences]: Compute integeral hull: false
[2020-06-17 21:29:15,598 INFO  L125   ssoRankerPreferences]: Enable LassoPartitioneer: true
[2020-06-17 21:29:15,598 INFO  L126   ssoRankerPreferences]: Term annotations enabled: false
[2020-06-17 21:29:15,598 INFO  L127   ssoRankerPreferences]: Use exernal solver: true
[2020-06-17 21:29:15,599 INFO  L128   ssoRankerPreferences]: SMT solver command: z3 -smt2 -in SMTLIB2_COMPLIANT=true
[2020-06-17 21:29:15,599 INFO  L129   ssoRankerPreferences]: Dump SMT script to file: false
[2020-06-17 21:29:15,599 INFO  L130   ssoRankerPreferences]: Path of dumped script: .
[2020-06-17 21:29:15,599 INFO  L131   ssoRankerPreferences]: Filename of dumped script: LassoRankerScript
[2020-06-17 21:29:15,599 INFO  L132   ssoRankerPreferences]: MapElimAlgo: Frank
[2020-06-17 21:29:15,599 INFO  L282          LassoAnalysis]: Starting lasso preprocessing...
[2020-06-17 21:29:15,613 INFO  L141          MapEliminator]: Using MapEliminator with SimplificationTechnique=SIMPLIFY_DDA XnfConversionTechnique=BOTTOM_UP_WITH_LOCAL_SIMPLIFICATION AddInequalities=false OnlyTrivialImplicationsArrayWrite=false OnlyTrivialImplicationsForModifiedArguments=true OnlyArgumentsInFormula=true
[2020-06-17 21:29:15,759 INFO  L300          LassoAnalysis]: Preprocessing complete.
[2020-06-17 21:29:15,760 INFO  L412          LassoAnalysis]: Checking for nontermination...
No working directory specified, using /home/lixie/LassoRankerExp/LassoRankerExp/z3
Starting monitored process 2 with z3 -smt2 -in SMTLIB2_COMPLIANT=true (exit command is (exit), workingDir is null)
Waiting until toolchain timeout for monitored process 2 with z3 -smt2 -in SMTLIB2_COMPLIANT=true
[2020-06-17 21:29:15,763 INFO  L151   nArgumentSynthesizer]: Nontermination analysis: LINEAR_WITH_GUESSES Allow bounded executions: true Number of generalized eigenvectors: 0 Nilpotent components: true
[2020-06-17 21:29:15,764 INFO  L163   nArgumentSynthesizer]: Using integer mode.
[2020-06-17 21:29:15,794 INFO  L445          LassoAnalysis]: Proved nontermination for one component.
[2020-06-17 21:29:15,794 INFO  L448          LassoAnalysis]: Non-Termination argument consisting of: Initial state: {y1=0, y2=1} Honda state: {y1=0, y2=1} Generalized eigenvectors: [] Lambdas: [] Nus: []
[2020-06-17 21:29:15,806 INFO  L132        PluginConnector]: ------------------------ END LassoRanker----------------------------
[2020-06-17 21:29:15,806 INFO  L168              Benchmark]: Toolchain (without parser) took 481.62 ms. Allocated memory is still 514.9 MB. Free memory was 472.9 MB in the beginning and 413.9 MB in the end (delta: 59.0 MB). Peak memory consumption was 59.0 MB. Max. memory is 11.5 GB.
[2020-06-17 21:29:15,807 INFO  L168              Benchmark]: Boogie PL CUP Parser took 0.15 ms. Allocated memory is still 514.9 MB. Free memory is still 474.4 MB. There was no memory consumed. Max. memory is 11.5 GB.
[2020-06-17 21:29:15,808 INFO  L168              Benchmark]: Boogie Preprocessor took 33.34 ms. Allocated memory is still 514.9 MB. Free memory was 471.5 MB in the beginning and 470.1 MB in the end (delta: 1.3 MB). Peak memory consumption was 1.3 MB. Max. memory is 11.5 GB.
[2020-06-17 21:29:15,808 INFO  L168              Benchmark]: RCFGBuilder took 123.30 ms. Allocated memory is still 514.9 MB. Free memory was 470.1 MB in the beginning and 459.3 MB in the end (delta: 10.8 MB). Peak memory consumption was 10.8 MB. Max. memory is 11.5 GB.
[2020-06-17 21:29:15,809 INFO  L168              Benchmark]: LassoRanker took 315.43 ms. Allocated memory is still 514.9 MB. Free memory was 459.3 MB in the beginning and 413.9 MB in the end (delta: 45.4 MB). Peak memory consumption was 45.4 MB. Max. memory is 11.5 GB.
[2020-06-17 21:29:15,810 INFO  L336   ainManager$Toolchain]: #######################  End [Toolchain 1] #######################
 --- Results ---
 * Results from de.uni_freiburg.informatik.ultimate.core:
  - StatisticsResult: Toolchain Benchmarks
    Benchmark results are:
 * Boogie PL CUP Parser took 0.15 ms. Allocated memory is still 514.9 MB. Free memory is still 474.4 MB. There was no memory consumed. Max. memory is 11.5 GB.
 * Boogie Preprocessor took 33.34 ms. Allocated memory is still 514.9 MB. Free memory was 471.5 MB in the beginning and 470.1 MB in the end (delta: 1.3 MB). Peak memory consumption was 1.3 MB. Max. memory is 11.5 GB.
 * RCFGBuilder took 123.30 ms. Allocated memory is still 514.9 MB. Free memory was 470.1 MB in the beginning and 459.3 MB in the end (delta: 10.8 MB). Peak memory consumption was 10.8 MB. Max. memory is 11.5 GB.
 * LassoRanker took 315.43 ms. Allocated memory is still 514.9 MB. Free memory was 459.3 MB in the beginning and 413.9 MB in the end (delta: 45.4 MB). Peak memory consumption was 45.4 MB. Max. memory is 11.5 GB.
 * Results from de.uni_freiburg.informatik.ultimate.plugins.analysis.lassoranker:
  - StatisticsResult: NonterminationArgumentStatistics
    Fixpoint 0GEVs Lambdas: [] Mus: []
  - GeometricNonTerminationArgumentResult [Line: 15]: Nontermination argument in form of an infinite program execution.
    Nontermination argument in form of an infinite execution
State at position 0 is
{y1=0, y2=1}
State at position 1 is
{y1=0, y2=1}
For i>1, the state at position i is
{y1=0 + sum_{k=0}^i 0, y2=1 + sum_{k=0}^i 0}
RESULT: Ultimate could not prove your program: Toolchain returned no result.
Received shutdown request...
Ultimate:
GTK+ Version Check
