This is Ultimate 0.1.24-16d85fa
[2020-06-17 21:29:17,083 INFO  L170        SettingsManager]: Resetting all preferences to default values...
[2020-06-17 21:29:17,085 INFO  L174        SettingsManager]: Resetting UltimateCore preferences to default values
[2020-06-17 21:29:17,098 INFO  L177        SettingsManager]: Ultimate Commandline Interface provides no preferences, ignoring...
[2020-06-17 21:29:17,099 INFO  L174        SettingsManager]: Resetting Boogie Preprocessor preferences to default values
[2020-06-17 21:29:17,099 INFO  L174        SettingsManager]: Resetting Boogie Procedure Inliner preferences to default values
[2020-06-17 21:29:17,100 INFO  L174        SettingsManager]: Resetting Abstract Interpretation preferences to default values
[2020-06-17 21:29:17,102 INFO  L174        SettingsManager]: Resetting LassoRanker preferences to default values
[2020-06-17 21:29:17,104 INFO  L174        SettingsManager]: Resetting Reaching Definitions preferences to default values
[2020-06-17 21:29:17,104 INFO  L174        SettingsManager]: Resetting SyntaxChecker preferences to default values
[2020-06-17 21:29:17,105 INFO  L177        SettingsManager]: Büchi Program Product provides no preferences, ignoring...
[2020-06-17 21:29:17,105 INFO  L174        SettingsManager]: Resetting LTL2Aut preferences to default values
[2020-06-17 21:29:17,106 INFO  L174        SettingsManager]: Resetting PEA to Boogie preferences to default values
[2020-06-17 21:29:17,107 INFO  L174        SettingsManager]: Resetting BlockEncodingV2 preferences to default values
[2020-06-17 21:29:17,108 INFO  L174        SettingsManager]: Resetting ChcToBoogie preferences to default values
[2020-06-17 21:29:17,108 INFO  L174        SettingsManager]: Resetting AutomataScriptInterpreter preferences to default values
[2020-06-17 21:29:17,109 INFO  L174        SettingsManager]: Resetting BuchiAutomizer preferences to default values
[2020-06-17 21:29:17,111 INFO  L174        SettingsManager]: Resetting CACSL2BoogieTranslator preferences to default values
[2020-06-17 21:29:17,112 INFO  L174        SettingsManager]: Resetting CodeCheck preferences to default values
[2020-06-17 21:29:17,114 INFO  L174        SettingsManager]: Resetting InvariantSynthesis preferences to default values
[2020-06-17 21:29:17,115 INFO  L174        SettingsManager]: Resetting RCFGBuilder preferences to default values
[2020-06-17 21:29:17,116 INFO  L174        SettingsManager]: Resetting TraceAbstraction preferences to default values
[2020-06-17 21:29:17,117 INFO  L177        SettingsManager]: TraceAbstractionConcurrent provides no preferences, ignoring...
[2020-06-17 21:29:17,117 INFO  L177        SettingsManager]: TraceAbstractionWithAFAs provides no preferences, ignoring...
[2020-06-17 21:29:17,117 INFO  L174        SettingsManager]: Resetting TreeAutomizer preferences to default values
[2020-06-17 21:29:17,118 INFO  L174        SettingsManager]: Resetting IcfgTransformer preferences to default values
[2020-06-17 21:29:17,118 INFO  L174        SettingsManager]: Resetting Boogie Printer preferences to default values
[2020-06-17 21:29:17,119 INFO  L174        SettingsManager]: Resetting ReqPrinter preferences to default values
[2020-06-17 21:29:17,119 INFO  L174        SettingsManager]: Resetting Witness Printer preferences to default values
[2020-06-17 21:29:17,120 INFO  L177        SettingsManager]: Boogie PL CUP Parser provides no preferences, ignoring...
[2020-06-17 21:29:17,120 INFO  L174        SettingsManager]: Resetting CDTParser preferences to default values
[2020-06-17 21:29:17,120 INFO  L177        SettingsManager]: AutomataScriptParser provides no preferences, ignoring...
[2020-06-17 21:29:17,120 INFO  L177        SettingsManager]: ReqParser provides no preferences, ignoring...
[2020-06-17 21:29:17,120 INFO  L174        SettingsManager]: Resetting SmtParser preferences to default values
[2020-06-17 21:29:17,121 INFO  L174        SettingsManager]: Resetting Witness Parser preferences to default values
[2020-06-17 21:29:17,121 INFO  L181        SettingsManager]: Finished resetting all preferences to default values...
[2020-06-17 21:29:17,138 INFO  L81    nceAwareModelManager]: Repository-Root is: /tmp
[2020-06-17 21:29:17,148 INFO  L258   ainManager$Toolchain]: [Toolchain 1]: Applicable parser(s) successfully (re)initialized
[2020-06-17 21:29:17,151 INFO  L214   ainManager$Toolchain]: [Toolchain 1]: Toolchain selected.
[2020-06-17 21:29:17,152 INFO  L271        PluginConnector]: Initializing Boogie PL CUP Parser...
[2020-06-17 21:29:17,152 INFO  L276        PluginConnector]: Boogie PL CUP Parser initialized
[2020-06-17 21:29:17,153 INFO  L418   ainManager$Toolchain]: [Toolchain 1]: Parsing single file: /home/lixie/LassoRankerExp/LassoRankerExp/./Program_non/46.bpl
[2020-06-17 21:29:17,153 INFO  L111           BoogieParser]: Parsing: '/home/lixie/LassoRankerExp/LassoRankerExp/./Program_non/46.bpl'
[2020-06-17 21:29:17,179 INFO  L296   ainManager$Toolchain]: ####################### [Toolchain 1] #######################
[2020-06-17 21:29:17,189 INFO  L131        ToolchainWalker]: Walking toolchain with 3 elements.
[2020-06-17 21:29:17,189 INFO  L113        PluginConnector]: ------------------------Boogie Preprocessor----------------------------
[2020-06-17 21:29:17,190 INFO  L271        PluginConnector]: Initializing Boogie Preprocessor...
[2020-06-17 21:29:17,190 INFO  L276        PluginConnector]: Boogie Preprocessor initialized
[2020-06-17 21:29:17,209 INFO  L185        PluginConnector]: Executing the observer EnsureBoogieModelObserver from plugin Boogie Preprocessor for "46.bpl de.uni_freiburg.informatik.ultimate.boogie.parser AST 17.06 09:29:17" (1/1) ...
[2020-06-17 21:29:17,210 INFO  L185        PluginConnector]: Executing the observer TypeChecker from plugin Boogie Preprocessor for "46.bpl de.uni_freiburg.informatik.ultimate.boogie.parser AST 17.06 09:29:17" (1/1) ...
[2020-06-17 21:29:17,215 INFO  L185        PluginConnector]: Executing the observer ConstExpander from plugin Boogie Preprocessor for "46.bpl de.uni_freiburg.informatik.ultimate.boogie.parser AST 17.06 09:29:17" (1/1) ...
[2020-06-17 21:29:17,215 INFO  L185        PluginConnector]: Executing the observer StructExpander from plugin Boogie Preprocessor for "46.bpl de.uni_freiburg.informatik.ultimate.boogie.parser AST 17.06 09:29:17" (1/1) ...
[2020-06-17 21:29:17,217 INFO  L185        PluginConnector]: Executing the observer UnstructureCode from plugin Boogie Preprocessor for "46.bpl de.uni_freiburg.informatik.ultimate.boogie.parser AST 17.06 09:29:17" (1/1) ...
[2020-06-17 21:29:17,220 INFO  L185        PluginConnector]: Executing the observer FunctionInliner from plugin Boogie Preprocessor for "46.bpl de.uni_freiburg.informatik.ultimate.boogie.parser AST 17.06 09:29:17" (1/1) ...
[2020-06-17 21:29:17,221 INFO  L185        PluginConnector]: Executing the observer BoogieSymbolTableConstructor from plugin Boogie Preprocessor for "46.bpl de.uni_freiburg.informatik.ultimate.boogie.parser AST 17.06 09:29:17" (1/1) ...
[2020-06-17 21:29:17,222 INFO  L132        PluginConnector]: ------------------------ END Boogie Preprocessor----------------------------
[2020-06-17 21:29:17,222 INFO  L113        PluginConnector]: ------------------------RCFGBuilder----------------------------
[2020-06-17 21:29:17,222 INFO  L271        PluginConnector]: Initializing RCFGBuilder...
[2020-06-17 21:29:17,223 INFO  L276        PluginConnector]: RCFGBuilder initialized
[2020-06-17 21:29:17,223 INFO  L185        PluginConnector]: Executing the observer RCFGBuilderObserver from plugin RCFGBuilder for "46.bpl de.uni_freiburg.informatik.ultimate.boogie.parser AST 17.06 09:29:17" (1/1) ...
No working directory specified, using /home/lixie/LassoRankerExp/LassoRankerExp/z3
Starting monitored process 1 with z3 SMTLIB2_COMPLIANT=true -memory:1024 -smt2 -in -t:12000 (exit command is (exit), workingDir is null)
Waiting until toolchain timeout for monitored process 1 with z3 SMTLIB2_COMPLIANT=true -memory:1024 -smt2 -in -t:12000
[2020-06-17 21:29:17,258 INFO  L124     BoogieDeclarations]: Specification and implementation of procedure Gothenburg given in one single declaration
[2020-06-17 21:29:17,258 INFO  L130     BoogieDeclarations]: Found specification of procedure Gothenburg
[2020-06-17 21:29:17,258 INFO  L138     BoogieDeclarations]: Found implementation of procedure Gothenburg
[2020-06-17 21:29:17,324 INFO  L278             CfgBuilder]: Using library mode
[2020-06-17 21:29:17,324 INFO  L286             CfgBuilder]: Removed 0 assue(true) statements.
[2020-06-17 21:29:17,325 INFO  L202        PluginConnector]: Adding new model 46.bpl de.uni_freiburg.informatik.ultimate.plugins.generator.rcfgbuilder CFG 17.06 09:29:17 BoogieIcfgContainer
[2020-06-17 21:29:17,325 INFO  L132        PluginConnector]: ------------------------ END RCFGBuilder----------------------------
[2020-06-17 21:29:17,325 INFO  L113        PluginConnector]: ------------------------LassoRanker----------------------------
[2020-06-17 21:29:17,325 INFO  L271        PluginConnector]: Initializing LassoRanker...
[2020-06-17 21:29:17,326 INFO  L276        PluginConnector]: LassoRanker initialized
[2020-06-17 21:29:17,326 INFO  L185        PluginConnector]: Executing the observer LassoRankerObserver from plugin LassoRanker for "46.bpl de.uni_freiburg.informatik.ultimate.plugins.generator.rcfgbuilder CFG 17.06 09:29:17" (1/1) ...
[2020-06-17 21:29:17,343 INFO  L72            BuchiIsEmpty]: Start buchiIsEmpty. Operand 2 states.
[2020-06-17 21:29:17,357 INFO  L131   ngComponentsAnalysis]: Automaton has 1 accepting balls. 1
[2020-06-17 21:29:17,357 INFO  L87            BuchiIsEmpty]: Finished buchiIsEmpty Result is false
[2020-06-17 21:29:17,357 INFO  L119           BuchiIsEmpty]: Starting construction of run
[2020-06-17 21:29:17,361 INFO  L104     BuchiDifferenceFKV]: Start buchiDifferenceFKV. First operand 2 states. Second operand 1 states.
[2020-06-17 21:29:17,369 INFO  L108     BuchiDifferenceFKV]: Finished buchiDifferenceFKV. First operand 2 states. Second operand 1 states. Result 3 states and 4 transitions. Complement of second has 2 states 2 powerset states0 rank states. The highest rank that occured is -1
[2020-06-17 21:29:17,369 INFO  L72            BuchiIsEmpty]: Start buchiIsEmpty. Operand 3 states and 4 transitions.
[2020-06-17 21:29:17,369 INFO  L131   ngComponentsAnalysis]: Automaton has 0 accepting balls. 0
[2020-06-17 21:29:17,369 INFO  L87            BuchiIsEmpty]: Finished buchiIsEmpty Result is true
[2020-06-17 21:29:17,404 INFO  L216          LassoAnalysis]: Preferences:
[2020-06-17 21:29:17,405 INFO  L124   ssoRankerPreferences]: Compute integeral hull: false
[2020-06-17 21:29:17,405 INFO  L125   ssoRankerPreferences]: Enable LassoPartitioneer: true
[2020-06-17 21:29:17,405 INFO  L126   ssoRankerPreferences]: Term annotations enabled: false
[2020-06-17 21:29:17,405 INFO  L127   ssoRankerPreferences]: Use exernal solver: true
[2020-06-17 21:29:17,405 INFO  L128   ssoRankerPreferences]: SMT solver command: z3 -smt2 -in SMTLIB2_COMPLIANT=true
[2020-06-17 21:29:17,405 INFO  L129   ssoRankerPreferences]: Dump SMT script to file: false
[2020-06-17 21:29:17,405 INFO  L130   ssoRankerPreferences]: Path of dumped script: .
[2020-06-17 21:29:17,405 INFO  L131   ssoRankerPreferences]: Filename of dumped script: LassoRankerScript
[2020-06-17 21:29:17,406 INFO  L132   ssoRankerPreferences]: MapElimAlgo: Frank
[2020-06-17 21:29:17,406 INFO  L282          LassoAnalysis]: Starting lasso preprocessing...
[2020-06-17 21:29:17,421 INFO  L141          MapEliminator]: Using MapEliminator with SimplificationTechnique=SIMPLIFY_DDA XnfConversionTechnique=BOTTOM_UP_WITH_LOCAL_SIMPLIFICATION AddInequalities=false OnlyTrivialImplicationsArrayWrite=false OnlyTrivialImplicationsForModifiedArguments=true OnlyArgumentsInFormula=true
[2020-06-17 21:29:17,492 INFO  L300          LassoAnalysis]: Preprocessing complete.
[2020-06-17 21:29:17,493 INFO  L412          LassoAnalysis]: Checking for nontermination...
No working directory specified, using /home/lixie/LassoRankerExp/LassoRankerExp/z3
Starting monitored process 2 with z3 -smt2 -in SMTLIB2_COMPLIANT=true (exit command is (exit), workingDir is null)
Waiting until toolchain timeout for monitored process 2 with z3 -smt2 -in SMTLIB2_COMPLIANT=true
[2020-06-17 21:29:17,496 INFO  L151   nArgumentSynthesizer]: Nontermination analysis: LINEAR_WITH_GUESSES Allow bounded executions: true Number of generalized eigenvectors: 0 Nilpotent components: true
[2020-06-17 21:29:17,496 INFO  L163   nArgumentSynthesizer]: Using integer mode.
No working directory specified, using /home/lixie/LassoRankerExp/LassoRankerExp/z3
Starting monitored process 3 with z3 -smt2 -in SMTLIB2_COMPLIANT=true (exit command is (exit), workingDir is null)
Waiting until toolchain timeout for monitored process 3 with z3 -smt2 -in SMTLIB2_COMPLIANT=true
[2020-06-17 21:29:17,516 INFO  L151   nArgumentSynthesizer]: Nontermination analysis: LINEAR_WITH_GUESSES Allow bounded executions: true Number of generalized eigenvectors: 3 Nilpotent components: true
[2020-06-17 21:29:17,516 INFO  L163   nArgumentSynthesizer]: Using integer mode.
[2020-06-17 21:29:17,542 INFO  L452          LassoAnalysis]: Proving nontermination failed: No geometric nontermination argument exists.
[2020-06-17 21:29:17,544 INFO  L216          LassoAnalysis]: Preferences:
[2020-06-17 21:29:17,544 INFO  L124   ssoRankerPreferences]: Compute integeral hull: false
[2020-06-17 21:29:17,544 INFO  L125   ssoRankerPreferences]: Enable LassoPartitioneer: true
[2020-06-17 21:29:17,544 INFO  L126   ssoRankerPreferences]: Term annotations enabled: false
[2020-06-17 21:29:17,544 INFO  L127   ssoRankerPreferences]: Use exernal solver: true
[2020-06-17 21:29:17,544 INFO  L128   ssoRankerPreferences]: SMT solver command: z3 -smt2 -in SMTLIB2_COMPLIANT=true
[2020-06-17 21:29:17,544 INFO  L129   ssoRankerPreferences]: Dump SMT script to file: false
[2020-06-17 21:29:17,544 INFO  L130   ssoRankerPreferences]: Path of dumped script: .
[2020-06-17 21:29:17,544 INFO  L131   ssoRankerPreferences]: Filename of dumped script: LassoRankerScript
[2020-06-17 21:29:17,544 INFO  L132   ssoRankerPreferences]: MapElimAlgo: Frank
[2020-06-17 21:29:17,545 INFO  L282          LassoAnalysis]: Starting lasso preprocessing...
[2020-06-17 21:29:17,546 INFO  L141          MapEliminator]: Using MapEliminator with SimplificationTechnique=SIMPLIFY_DDA XnfConversionTechnique=BOTTOM_UP_WITH_LOCAL_SIMPLIFICATION AddInequalities=false OnlyTrivialImplicationsArrayWrite=false OnlyTrivialImplicationsForModifiedArguments=true OnlyArgumentsInFormula=true
[2020-06-17 21:29:17,594 INFO  L300          LassoAnalysis]: Preprocessing complete.
[2020-06-17 21:29:17,597 INFO  L497          LassoAnalysis]: Using template 'affine'.
No working directory specified, using /home/lixie/LassoRankerExp/LassoRankerExp/z3
Starting monitored process 4 with z3 -smt2 -in SMTLIB2_COMPLIANT=true (exit command is (exit), workingDir is null)
Waiting until toolchain timeout for monitored process 4 with z3 -smt2 -in SMTLIB2_COMPLIANT=true
[2020-06-17 21:29:17,600 INFO  L122   nArgumentSynthesizer]: Termination Analysis Settings:
Termination analysis: LINEAR_WITH_GUESSES
Number of strict supporting invariants: 1
Number of non-strict supporting invariants: 0
Consider only non-deceasing supporting invariants: true
Simplify termination arguments: true
Simplify supporting invariants: trueOverapproximate stem: false
[2020-06-17 21:29:17,601 INFO  L339   nArgumentSynthesizer]: Template has degree 0.
[2020-06-17 21:29:17,601 INFO  L352   nArgumentSynthesizer]: There is no stem transition; disabling supporting invariant generation.
[2020-06-17 21:29:17,602 INFO  L205   nArgumentSynthesizer]: 1 stem disjuncts
[2020-06-17 21:29:17,602 INFO  L206   nArgumentSynthesizer]: 2 loop disjuncts
[2020-06-17 21:29:17,602 INFO  L207   nArgumentSynthesizer]: 2 template conjuncts.
[2020-06-17 21:29:17,605 INFO  L402   nArgumentSynthesizer]: We have 4 Motzkin's Theorem applications.
[2020-06-17 21:29:17,605 INFO  L403   nArgumentSynthesizer]: A total of 0 supporting invariants were added.
[2020-06-17 21:29:17,608 INFO  L530          LassoAnalysis]: Proving termination failed for this template and these settings.
[2020-06-17 21:29:17,627 INFO  L497          LassoAnalysis]: Using template '2-nested'.
No working directory specified, using /home/lixie/LassoRankerExp/LassoRankerExp/z3
Starting monitored process 5 with z3 -smt2 -in SMTLIB2_COMPLIANT=true (exit command is (exit), workingDir is null)
Waiting until toolchain timeout for monitored process 5 with z3 -smt2 -in SMTLIB2_COMPLIANT=true
[2020-06-17 21:29:17,630 INFO  L122   nArgumentSynthesizer]: Termination Analysis Settings:
Termination analysis: LINEAR_WITH_GUESSES
Number of strict supporting invariants: 1
Number of non-strict supporting invariants: 0
Consider only non-deceasing supporting invariants: true
Simplify termination arguments: true
Simplify supporting invariants: trueOverapproximate stem: false
[2020-06-17 21:29:17,631 INFO  L339   nArgumentSynthesizer]: Template has degree 0.
[2020-06-17 21:29:17,631 INFO  L352   nArgumentSynthesizer]: There is no stem transition; disabling supporting invariant generation.
[2020-06-17 21:29:17,631 INFO  L205   nArgumentSynthesizer]: 1 stem disjuncts
[2020-06-17 21:29:17,632 INFO  L206   nArgumentSynthesizer]: 2 loop disjuncts
[2020-06-17 21:29:17,632 INFO  L207   nArgumentSynthesizer]: 3 template conjuncts.
[2020-06-17 21:29:17,636 INFO  L402   nArgumentSynthesizer]: We have 6 Motzkin's Theorem applications.
[2020-06-17 21:29:17,636 INFO  L403   nArgumentSynthesizer]: A total of 0 supporting invariants were added.
[2020-06-17 21:29:17,640 INFO  L530          LassoAnalysis]: Proving termination failed for this template and these settings.
[2020-06-17 21:29:17,657 INFO  L497          LassoAnalysis]: Using template '3-nested'.
No working directory specified, using /home/lixie/LassoRankerExp/LassoRankerExp/z3
Starting monitored process 6 with z3 -smt2 -in SMTLIB2_COMPLIANT=true (exit command is (exit), workingDir is null)
Waiting until toolchain timeout for monitored process 6 with z3 -smt2 -in SMTLIB2_COMPLIANT=true
[2020-06-17 21:29:17,659 INFO  L122   nArgumentSynthesizer]: Termination Analysis Settings:
Termination analysis: LINEAR_WITH_GUESSES
Number of strict supporting invariants: 1
Number of non-strict supporting invariants: 0
Consider only non-deceasing supporting invariants: true
Simplify termination arguments: true
Simplify supporting invariants: trueOverapproximate stem: false
[2020-06-17 21:29:17,660 INFO  L339   nArgumentSynthesizer]: Template has degree 0.
[2020-06-17 21:29:17,660 INFO  L352   nArgumentSynthesizer]: There is no stem transition; disabling supporting invariant generation.
[2020-06-17 21:29:17,661 INFO  L205   nArgumentSynthesizer]: 1 stem disjuncts
[2020-06-17 21:29:17,661 INFO  L206   nArgumentSynthesizer]: 2 loop disjuncts
[2020-06-17 21:29:17,661 INFO  L207   nArgumentSynthesizer]: 4 template conjuncts.
[2020-06-17 21:29:17,664 INFO  L402   nArgumentSynthesizer]: We have 8 Motzkin's Theorem applications.
[2020-06-17 21:29:17,665 INFO  L403   nArgumentSynthesizer]: A total of 0 supporting invariants were added.
[2020-06-17 21:29:17,669 INFO  L530          LassoAnalysis]: Proving termination failed for this template and these settings.
[2020-06-17 21:29:17,681 INFO  L497          LassoAnalysis]: Using template '4-nested'.
No working directory specified, using /home/lixie/LassoRankerExp/LassoRankerExp/z3
Starting monitored process 7 with z3 -smt2 -in SMTLIB2_COMPLIANT=true (exit command is (exit), workingDir is null)
Waiting until toolchain timeout for monitored process 7 with z3 -smt2 -in SMTLIB2_COMPLIANT=true
[2020-06-17 21:29:17,683 INFO  L122   nArgumentSynthesizer]: Termination Analysis Settings:
Termination analysis: LINEAR_WITH_GUESSES
Number of strict supporting invariants: 1
Number of non-strict supporting invariants: 0
Consider only non-deceasing supporting invariants: true
Simplify termination arguments: true
Simplify supporting invariants: trueOverapproximate stem: false
[2020-06-17 21:29:17,685 INFO  L339   nArgumentSynthesizer]: Template has degree 0.
[2020-06-17 21:29:17,685 INFO  L352   nArgumentSynthesizer]: There is no stem transition; disabling supporting invariant generation.
[2020-06-17 21:29:17,685 INFO  L205   nArgumentSynthesizer]: 1 stem disjuncts
[2020-06-17 21:29:17,685 INFO  L206   nArgumentSynthesizer]: 2 loop disjuncts
[2020-06-17 21:29:17,686 INFO  L207   nArgumentSynthesizer]: 5 template conjuncts.
[2020-06-17 21:29:17,689 INFO  L402   nArgumentSynthesizer]: We have 10 Motzkin's Theorem applications.
[2020-06-17 21:29:17,690 INFO  L403   nArgumentSynthesizer]: A total of 0 supporting invariants were added.
[2020-06-17 21:29:17,696 INFO  L530          LassoAnalysis]: Proving termination failed for this template and these settings.
[2020-06-17 21:29:17,708 INFO  L497          LassoAnalysis]: Using template '2-phase'.
No working directory specified, using /home/lixie/LassoRankerExp/LassoRankerExp/z3
Starting monitored process 8 with z3 -smt2 -in SMTLIB2_COMPLIANT=true (exit command is (exit), workingDir is null)
Waiting until toolchain timeout for monitored process 8 with z3 -smt2 -in SMTLIB2_COMPLIANT=true
[2020-06-17 21:29:17,710 INFO  L122   nArgumentSynthesizer]: Termination Analysis Settings:
Termination analysis: LINEAR_WITH_GUESSES
Number of strict supporting invariants: 1
Number of non-strict supporting invariants: 0
Consider only non-deceasing supporting invariants: true
Simplify termination arguments: true
Simplify supporting invariants: trueOverapproximate stem: false
[2020-06-17 21:29:17,712 WARN  L334   nArgumentSynthesizer]: Using a linear SMT query and a templates of degree > 0, hence this method is incomplete.
[2020-06-17 21:29:17,712 INFO  L339   nArgumentSynthesizer]: Template has degree 1.
[2020-06-17 21:29:17,712 INFO  L352   nArgumentSynthesizer]: There is no stem transition; disabling supporting invariant generation.
[2020-06-17 21:29:17,712 INFO  L205   nArgumentSynthesizer]: 1 stem disjuncts
[2020-06-17 21:29:17,712 INFO  L206   nArgumentSynthesizer]: 2 loop disjuncts
[2020-06-17 21:29:17,712 INFO  L207   nArgumentSynthesizer]: 3 template conjuncts.
[2020-06-17 21:29:17,717 INFO  L402   nArgumentSynthesizer]: We have 6 Motzkin's Theorem applications.
[2020-06-17 21:29:17,717 INFO  L403   nArgumentSynthesizer]: A total of 0 supporting invariants were added.
[2020-06-17 21:29:17,725 INFO  L530          LassoAnalysis]: Proving termination failed for this template and these settings.
[2020-06-17 21:29:17,738 INFO  L497          LassoAnalysis]: Using template 'lex(affine, affine)'.
No working directory specified, using /home/lixie/LassoRankerExp/LassoRankerExp/z3
Starting monitored process 9 with z3 -smt2 -in SMTLIB2_COMPLIANT=true (exit command is (exit), workingDir is null)
Waiting until toolchain timeout for monitored process 9 with z3 -smt2 -in SMTLIB2_COMPLIANT=true
[2020-06-17 21:29:17,740 INFO  L122   nArgumentSynthesizer]: Termination Analysis Settings:
Termination analysis: LINEAR_WITH_GUESSES
Number of strict supporting invariants: 1
Number of non-strict supporting invariants: 0
Consider only non-deceasing supporting invariants: true
Simplify termination arguments: true
Simplify supporting invariants: trueOverapproximate stem: false
[2020-06-17 21:29:17,743 WARN  L334   nArgumentSynthesizer]: Using a linear SMT query and a templates of degree > 0, hence this method is incomplete.
[2020-06-17 21:29:17,743 INFO  L339   nArgumentSynthesizer]: Template has degree 5.
[2020-06-17 21:29:17,743 INFO  L352   nArgumentSynthesizer]: There is no stem transition; disabling supporting invariant generation.
[2020-06-17 21:29:17,743 INFO  L205   nArgumentSynthesizer]: 1 stem disjuncts
[2020-06-17 21:29:17,743 INFO  L206   nArgumentSynthesizer]: 2 loop disjuncts
[2020-06-17 21:29:17,744 INFO  L207   nArgumentSynthesizer]: 4 template conjuncts.
[2020-06-17 21:29:17,749 INFO  L402   nArgumentSynthesizer]: We have 8 Motzkin's Theorem applications.
[2020-06-17 21:29:17,749 INFO  L403   nArgumentSynthesizer]: A total of 0 supporting invariants were added.
[2020-06-17 21:29:17,759 INFO  L530          LassoAnalysis]: Proving termination failed for this template and these settings.
[2020-06-17 21:29:17,772 INFO  L497          LassoAnalysis]: Using template '2-piece'.
No working directory specified, using /home/lixie/LassoRankerExp/LassoRankerExp/z3
Starting monitored process 10 with z3 -smt2 -in SMTLIB2_COMPLIANT=true (exit command is (exit), workingDir is null)
Waiting until toolchain timeout for monitored process 10 with z3 -smt2 -in SMTLIB2_COMPLIANT=true
[2020-06-17 21:29:17,774 INFO  L122   nArgumentSynthesizer]: Termination Analysis Settings:
Termination analysis: LINEAR_WITH_GUESSES
Number of strict supporting invariants: 1
Number of non-strict supporting invariants: 0
Consider only non-deceasing supporting invariants: true
Simplify termination arguments: true
Simplify supporting invariants: trueOverapproximate stem: false
[2020-06-17 21:29:17,775 WARN  L334   nArgumentSynthesizer]: Using a linear SMT query and a templates of degree > 0, hence this method is incomplete.
[2020-06-17 21:29:17,776 INFO  L339   nArgumentSynthesizer]: Template has degree 7.
[2020-06-17 21:29:17,776 INFO  L352   nArgumentSynthesizer]: There is no stem transition; disabling supporting invariant generation.
[2020-06-17 21:29:17,776 INFO  L205   nArgumentSynthesizer]: 1 stem disjuncts
[2020-06-17 21:29:17,776 INFO  L206   nArgumentSynthesizer]: 2 loop disjuncts
[2020-06-17 21:29:17,776 INFO  L207   nArgumentSynthesizer]: 7 template conjuncts.
[2020-06-17 21:29:17,784 INFO  L402   nArgumentSynthesizer]: We have 14 Motzkin's Theorem applications.
[2020-06-17 21:29:17,784 INFO  L403   nArgumentSynthesizer]: A total of 0 supporting invariants were added.
[2020-06-17 21:29:17,812 INFO  L530          LassoAnalysis]: Proving termination failed for this template and these settings.
[2020-06-17 21:29:17,825 INFO  L497          LassoAnalysis]: Using template '2-parallel'.
No working directory specified, using /home/lixie/LassoRankerExp/LassoRankerExp/z3
Starting monitored process 11 with z3 -smt2 -in SMTLIB2_COMPLIANT=true (exit command is (exit), workingDir is null)
Waiting until toolchain timeout for monitored process 11 with z3 -smt2 -in SMTLIB2_COMPLIANT=true
[2020-06-17 21:29:17,827 INFO  L122   nArgumentSynthesizer]: Termination Analysis Settings:
Termination analysis: LINEAR_WITH_GUESSES
Number of strict supporting invariants: 1
Number of non-strict supporting invariants: 0
Consider only non-deceasing supporting invariants: true
Simplify termination arguments: true
Simplify supporting invariants: trueOverapproximate stem: false
[2020-06-17 21:29:17,828 WARN  L334   nArgumentSynthesizer]: Using a linear SMT query and a templates of degree > 0, hence this method is incomplete.
[2020-06-17 21:29:17,828 INFO  L339   nArgumentSynthesizer]: Template has degree 4.
[2020-06-17 21:29:17,828 INFO  L352   nArgumentSynthesizer]: There is no stem transition; disabling supporting invariant generation.
[2020-06-17 21:29:17,829 INFO  L205   nArgumentSynthesizer]: 1 stem disjuncts
[2020-06-17 21:29:17,829 INFO  L206   nArgumentSynthesizer]: 2 loop disjuncts
[2020-06-17 21:29:17,829 INFO  L207   nArgumentSynthesizer]: 6 template conjuncts.
[2020-06-17 21:29:17,834 INFO  L402   nArgumentSynthesizer]: We have 12 Motzkin's Theorem applications.
[2020-06-17 21:29:17,834 INFO  L403   nArgumentSynthesizer]: A total of 0 supporting invariants were added.
[2020-06-17 21:29:17,849 INFO  L530          LassoAnalysis]: Proving termination failed for this template and these settings.
[2020-06-17 21:29:17,862 INFO  L489     LassoRankerStarter]: LassoRanker could not prove termination or nontermination of the given linear lasso program.
Templates: AffineTemplate NestedTemplate NestedTemplate NestedTemplate MultiphaseTemplate ComposedLexicographicTemplate PiecewiseTemplate ParallelTemplate
[2020-06-17 21:29:17,862 INFO  L132        PluginConnector]: ------------------------ END LassoRanker----------------------------
[2020-06-17 21:29:17,863 INFO  L168              Benchmark]: Toolchain (without parser) took 683.96 ms. Allocated memory is still 514.9 MB. Free memory was 472.9 MB in the beginning and 376.1 MB in the end (delta: 96.8 MB). Peak memory consumption was 96.8 MB. Max. memory is 11.5 GB.
[2020-06-17 21:29:17,864 INFO  L168              Benchmark]: Boogie PL CUP Parser took 0.17 ms. Allocated memory is still 514.9 MB. Free memory is still 474.4 MB. There was no memory consumed. Max. memory is 11.5 GB.
[2020-06-17 21:29:17,864 INFO  L168              Benchmark]: Boogie Preprocessor took 32.51 ms. Allocated memory is still 514.9 MB. Free memory was 471.5 MB in the beginning and 470.2 MB in the end (delta: 1.3 MB). Peak memory consumption was 1.3 MB. Max. memory is 11.5 GB.
[2020-06-17 21:29:17,865 INFO  L168              Benchmark]: RCFGBuilder took 102.87 ms. Allocated memory is still 514.9 MB. Free memory was 470.2 MB in the beginning and 460.6 MB in the end (delta: 9.6 MB). Peak memory consumption was 9.6 MB. Max. memory is 11.5 GB.
[2020-06-17 21:29:17,866 INFO  L168              Benchmark]: LassoRanker took 537.14 ms. Allocated memory is still 514.9 MB. Free memory was 460.6 MB in the beginning and 376.1 MB in the end (delta: 84.5 MB). Peak memory consumption was 84.5 MB. Max. memory is 11.5 GB.
[2020-06-17 21:29:17,868 INFO  L336   ainManager$Toolchain]: #######################  End [Toolchain 1] #######################
 --- Results ---
 * Results from de.uni_freiburg.informatik.ultimate.core:
  - StatisticsResult: Toolchain Benchmarks
    Benchmark results are:
 * Boogie PL CUP Parser took 0.17 ms. Allocated memory is still 514.9 MB. Free memory is still 474.4 MB. There was no memory consumed. Max. memory is 11.5 GB.
 * Boogie Preprocessor took 32.51 ms. Allocated memory is still 514.9 MB. Free memory was 471.5 MB in the beginning and 470.2 MB in the end (delta: 1.3 MB). Peak memory consumption was 1.3 MB. Max. memory is 11.5 GB.
 * RCFGBuilder took 102.87 ms. Allocated memory is still 514.9 MB. Free memory was 470.2 MB in the beginning and 460.6 MB in the end (delta: 9.6 MB). Peak memory consumption was 9.6 MB. Max. memory is 11.5 GB.
 * LassoRanker took 537.14 ms. Allocated memory is still 514.9 MB. Free memory was 460.6 MB in the beginning and 376.1 MB in the end (delta: 84.5 MB). Peak memory consumption was 84.5 MB. Max. memory is 11.5 GB.
 * Results from de.uni_freiburg.informatik.ultimate.plugins.analysis.lassoranker:
  - NoResult [Line: 11]: LassoRanker could not prove termination
    LassoRanker could not prove termination or nontermination of the given linear lasso program.
Templates: AffineTemplate NestedTemplate NestedTemplate NestedTemplate MultiphaseTemplate ComposedLexicographicTemplate PiecewiseTemplate ParallelTemplate
RESULT: Ultimate could not prove your program: Toolchain returned no result.
Received shutdown request...
Ultimate:
GTK+ Version Check
