This is Ultimate 0.1.24-16d85fa
[2020-06-17 21:29:19,248 INFO  L170        SettingsManager]: Resetting all preferences to default values...
[2020-06-17 21:29:19,249 INFO  L174        SettingsManager]: Resetting UltimateCore preferences to default values
[2020-06-17 21:29:19,258 INFO  L177        SettingsManager]: Ultimate Commandline Interface provides no preferences, ignoring...
[2020-06-17 21:29:19,259 INFO  L174        SettingsManager]: Resetting Boogie Preprocessor preferences to default values
[2020-06-17 21:29:19,259 INFO  L174        SettingsManager]: Resetting Boogie Procedure Inliner preferences to default values
[2020-06-17 21:29:19,260 INFO  L174        SettingsManager]: Resetting Abstract Interpretation preferences to default values
[2020-06-17 21:29:19,261 INFO  L174        SettingsManager]: Resetting LassoRanker preferences to default values
[2020-06-17 21:29:19,262 INFO  L174        SettingsManager]: Resetting Reaching Definitions preferences to default values
[2020-06-17 21:29:19,263 INFO  L174        SettingsManager]: Resetting SyntaxChecker preferences to default values
[2020-06-17 21:29:19,263 INFO  L177        SettingsManager]: Büchi Program Product provides no preferences, ignoring...
[2020-06-17 21:29:19,263 INFO  L174        SettingsManager]: Resetting LTL2Aut preferences to default values
[2020-06-17 21:29:19,264 INFO  L174        SettingsManager]: Resetting PEA to Boogie preferences to default values
[2020-06-17 21:29:19,264 INFO  L174        SettingsManager]: Resetting BlockEncodingV2 preferences to default values
[2020-06-17 21:29:19,265 INFO  L174        SettingsManager]: Resetting ChcToBoogie preferences to default values
[2020-06-17 21:29:19,265 INFO  L174        SettingsManager]: Resetting AutomataScriptInterpreter preferences to default values
[2020-06-17 21:29:19,266 INFO  L174        SettingsManager]: Resetting BuchiAutomizer preferences to default values
[2020-06-17 21:29:19,267 INFO  L174        SettingsManager]: Resetting CACSL2BoogieTranslator preferences to default values
[2020-06-17 21:29:19,268 INFO  L174        SettingsManager]: Resetting CodeCheck preferences to default values
[2020-06-17 21:29:19,269 INFO  L174        SettingsManager]: Resetting InvariantSynthesis preferences to default values
[2020-06-17 21:29:19,270 INFO  L174        SettingsManager]: Resetting RCFGBuilder preferences to default values
[2020-06-17 21:29:19,270 INFO  L174        SettingsManager]: Resetting TraceAbstraction preferences to default values
[2020-06-17 21:29:19,272 INFO  L177        SettingsManager]: TraceAbstractionConcurrent provides no preferences, ignoring...
[2020-06-17 21:29:19,272 INFO  L177        SettingsManager]: TraceAbstractionWithAFAs provides no preferences, ignoring...
[2020-06-17 21:29:19,272 INFO  L174        SettingsManager]: Resetting TreeAutomizer preferences to default values
[2020-06-17 21:29:19,272 INFO  L174        SettingsManager]: Resetting IcfgTransformer preferences to default values
[2020-06-17 21:29:19,273 INFO  L174        SettingsManager]: Resetting Boogie Printer preferences to default values
[2020-06-17 21:29:19,273 INFO  L174        SettingsManager]: Resetting ReqPrinter preferences to default values
[2020-06-17 21:29:19,274 INFO  L174        SettingsManager]: Resetting Witness Printer preferences to default values
[2020-06-17 21:29:19,274 INFO  L177        SettingsManager]: Boogie PL CUP Parser provides no preferences, ignoring...
[2020-06-17 21:29:19,274 INFO  L174        SettingsManager]: Resetting CDTParser preferences to default values
[2020-06-17 21:29:19,275 INFO  L177        SettingsManager]: AutomataScriptParser provides no preferences, ignoring...
[2020-06-17 21:29:19,275 INFO  L177        SettingsManager]: ReqParser provides no preferences, ignoring...
[2020-06-17 21:29:19,275 INFO  L174        SettingsManager]: Resetting SmtParser preferences to default values
[2020-06-17 21:29:19,276 INFO  L174        SettingsManager]: Resetting Witness Parser preferences to default values
[2020-06-17 21:29:19,276 INFO  L181        SettingsManager]: Finished resetting all preferences to default values...
[2020-06-17 21:29:19,291 INFO  L81    nceAwareModelManager]: Repository-Root is: /tmp
[2020-06-17 21:29:19,298 INFO  L258   ainManager$Toolchain]: [Toolchain 1]: Applicable parser(s) successfully (re)initialized
[2020-06-17 21:29:19,300 INFO  L214   ainManager$Toolchain]: [Toolchain 1]: Toolchain selected.
[2020-06-17 21:29:19,301 INFO  L271        PluginConnector]: Initializing Boogie PL CUP Parser...
[2020-06-17 21:29:19,301 INFO  L276        PluginConnector]: Boogie PL CUP Parser initialized
[2020-06-17 21:29:19,302 INFO  L418   ainManager$Toolchain]: [Toolchain 1]: Parsing single file: /home/lixie/LassoRankerExp/LassoRankerExp/./Program_non/47.bpl
[2020-06-17 21:29:19,302 INFO  L111           BoogieParser]: Parsing: '/home/lixie/LassoRankerExp/LassoRankerExp/./Program_non/47.bpl'
[2020-06-17 21:29:19,320 INFO  L296   ainManager$Toolchain]: ####################### [Toolchain 1] #######################
[2020-06-17 21:29:19,327 INFO  L131        ToolchainWalker]: Walking toolchain with 3 elements.
[2020-06-17 21:29:19,327 INFO  L113        PluginConnector]: ------------------------Boogie Preprocessor----------------------------
[2020-06-17 21:29:19,327 INFO  L271        PluginConnector]: Initializing Boogie Preprocessor...
[2020-06-17 21:29:19,327 INFO  L276        PluginConnector]: Boogie Preprocessor initialized
[2020-06-17 21:29:19,340 INFO  L185        PluginConnector]: Executing the observer EnsureBoogieModelObserver from plugin Boogie Preprocessor for "47.bpl de.uni_freiburg.informatik.ultimate.boogie.parser AST 17.06 09:29:19" (1/1) ...
[2020-06-17 21:29:19,341 INFO  L185        PluginConnector]: Executing the observer TypeChecker from plugin Boogie Preprocessor for "47.bpl de.uni_freiburg.informatik.ultimate.boogie.parser AST 17.06 09:29:19" (1/1) ...
[2020-06-17 21:29:19,345 INFO  L185        PluginConnector]: Executing the observer ConstExpander from plugin Boogie Preprocessor for "47.bpl de.uni_freiburg.informatik.ultimate.boogie.parser AST 17.06 09:29:19" (1/1) ...
[2020-06-17 21:29:19,345 INFO  L185        PluginConnector]: Executing the observer StructExpander from plugin Boogie Preprocessor for "47.bpl de.uni_freiburg.informatik.ultimate.boogie.parser AST 17.06 09:29:19" (1/1) ...
[2020-06-17 21:29:19,347 INFO  L185        PluginConnector]: Executing the observer UnstructureCode from plugin Boogie Preprocessor for "47.bpl de.uni_freiburg.informatik.ultimate.boogie.parser AST 17.06 09:29:19" (1/1) ...
[2020-06-17 21:29:19,349 INFO  L185        PluginConnector]: Executing the observer FunctionInliner from plugin Boogie Preprocessor for "47.bpl de.uni_freiburg.informatik.ultimate.boogie.parser AST 17.06 09:29:19" (1/1) ...
[2020-06-17 21:29:19,349 INFO  L185        PluginConnector]: Executing the observer BoogieSymbolTableConstructor from plugin Boogie Preprocessor for "47.bpl de.uni_freiburg.informatik.ultimate.boogie.parser AST 17.06 09:29:19" (1/1) ...
[2020-06-17 21:29:19,350 INFO  L132        PluginConnector]: ------------------------ END Boogie Preprocessor----------------------------
[2020-06-17 21:29:19,351 INFO  L113        PluginConnector]: ------------------------RCFGBuilder----------------------------
[2020-06-17 21:29:19,351 INFO  L271        PluginConnector]: Initializing RCFGBuilder...
[2020-06-17 21:29:19,351 INFO  L276        PluginConnector]: RCFGBuilder initialized
[2020-06-17 21:29:19,351 INFO  L185        PluginConnector]: Executing the observer RCFGBuilderObserver from plugin RCFGBuilder for "47.bpl de.uni_freiburg.informatik.ultimate.boogie.parser AST 17.06 09:29:19" (1/1) ...
No working directory specified, using /home/lixie/LassoRankerExp/LassoRankerExp/z3
Starting monitored process 1 with z3 SMTLIB2_COMPLIANT=true -memory:1024 -smt2 -in -t:12000 (exit command is (exit), workingDir is null)
Waiting until toolchain timeout for monitored process 1 with z3 SMTLIB2_COMPLIANT=true -memory:1024 -smt2 -in -t:12000
[2020-06-17 21:29:19,385 INFO  L124     BoogieDeclarations]: Specification and implementation of procedure cyclic given in one single declaration
[2020-06-17 21:29:19,386 INFO  L130     BoogieDeclarations]: Found specification of procedure cyclic
[2020-06-17 21:29:19,386 INFO  L138     BoogieDeclarations]: Found implementation of procedure cyclic
[2020-06-17 21:29:19,464 INFO  L278             CfgBuilder]: Using library mode
[2020-06-17 21:29:19,464 INFO  L286             CfgBuilder]: Removed 0 assue(true) statements.
[2020-06-17 21:29:19,465 INFO  L202        PluginConnector]: Adding new model 47.bpl de.uni_freiburg.informatik.ultimate.plugins.generator.rcfgbuilder CFG 17.06 09:29:19 BoogieIcfgContainer
[2020-06-17 21:29:19,465 INFO  L132        PluginConnector]: ------------------------ END RCFGBuilder----------------------------
[2020-06-17 21:29:19,465 INFO  L113        PluginConnector]: ------------------------LassoRanker----------------------------
[2020-06-17 21:29:19,465 INFO  L271        PluginConnector]: Initializing LassoRanker...
[2020-06-17 21:29:19,465 INFO  L276        PluginConnector]: LassoRanker initialized
[2020-06-17 21:29:19,466 INFO  L185        PluginConnector]: Executing the observer LassoRankerObserver from plugin LassoRanker for "47.bpl de.uni_freiburg.informatik.ultimate.plugins.generator.rcfgbuilder CFG 17.06 09:29:19" (1/1) ...
[2020-06-17 21:29:19,482 INFO  L72            BuchiIsEmpty]: Start buchiIsEmpty. Operand 2 states.
[2020-06-17 21:29:19,495 INFO  L131   ngComponentsAnalysis]: Automaton has 1 accepting balls. 1
[2020-06-17 21:29:19,495 INFO  L87            BuchiIsEmpty]: Finished buchiIsEmpty Result is false
[2020-06-17 21:29:19,496 INFO  L119           BuchiIsEmpty]: Starting construction of run
[2020-06-17 21:29:19,500 INFO  L104     BuchiDifferenceFKV]: Start buchiDifferenceFKV. First operand 2 states. Second operand 1 states.
[2020-06-17 21:29:19,507 INFO  L108     BuchiDifferenceFKV]: Finished buchiDifferenceFKV. First operand 2 states. Second operand 1 states. Result 3 states and 4 transitions. Complement of second has 2 states 2 powerset states0 rank states. The highest rank that occured is -1
[2020-06-17 21:29:19,507 INFO  L72            BuchiIsEmpty]: Start buchiIsEmpty. Operand 3 states and 4 transitions.
[2020-06-17 21:29:19,508 INFO  L131   ngComponentsAnalysis]: Automaton has 0 accepting balls. 0
[2020-06-17 21:29:19,508 INFO  L87            BuchiIsEmpty]: Finished buchiIsEmpty Result is true
[2020-06-17 21:29:19,551 INFO  L216          LassoAnalysis]: Preferences:
[2020-06-17 21:29:19,551 INFO  L124   ssoRankerPreferences]: Compute integeral hull: false
[2020-06-17 21:29:19,552 INFO  L125   ssoRankerPreferences]: Enable LassoPartitioneer: true
[2020-06-17 21:29:19,552 INFO  L126   ssoRankerPreferences]: Term annotations enabled: false
[2020-06-17 21:29:19,552 INFO  L127   ssoRankerPreferences]: Use exernal solver: true
[2020-06-17 21:29:19,552 INFO  L128   ssoRankerPreferences]: SMT solver command: z3 -smt2 -in SMTLIB2_COMPLIANT=true
[2020-06-17 21:29:19,552 INFO  L129   ssoRankerPreferences]: Dump SMT script to file: false
[2020-06-17 21:29:19,552 INFO  L130   ssoRankerPreferences]: Path of dumped script: .
[2020-06-17 21:29:19,553 INFO  L131   ssoRankerPreferences]: Filename of dumped script: LassoRankerScript
[2020-06-17 21:29:19,553 INFO  L132   ssoRankerPreferences]: MapElimAlgo: Frank
[2020-06-17 21:29:19,553 INFO  L282          LassoAnalysis]: Starting lasso preprocessing...
[2020-06-17 21:29:19,568 INFO  L141          MapEliminator]: Using MapEliminator with SimplificationTechnique=SIMPLIFY_DDA XnfConversionTechnique=BOTTOM_UP_WITH_LOCAL_SIMPLIFICATION AddInequalities=false OnlyTrivialImplicationsArrayWrite=false OnlyTrivialImplicationsForModifiedArguments=true OnlyArgumentsInFormula=true
[2020-06-17 21:29:19,707 INFO  L300          LassoAnalysis]: Preprocessing complete.
[2020-06-17 21:29:19,708 INFO  L412          LassoAnalysis]: Checking for nontermination...
No working directory specified, using /home/lixie/LassoRankerExp/LassoRankerExp/z3
Starting monitored process 2 with z3 -smt2 -in SMTLIB2_COMPLIANT=true (exit command is (exit), workingDir is null)
Waiting until toolchain timeout for monitored process 2 with z3 -smt2 -in SMTLIB2_COMPLIANT=true
[2020-06-17 21:29:19,711 INFO  L151   nArgumentSynthesizer]: Nontermination analysis: LINEAR_WITH_GUESSES Allow bounded executions: true Number of generalized eigenvectors: 0 Nilpotent components: true
[2020-06-17 21:29:19,711 INFO  L163   nArgumentSynthesizer]: Using integer mode.
[2020-06-17 21:29:19,732 INFO  L445          LassoAnalysis]: Proved nontermination for one component.
[2020-06-17 21:29:19,732 INFO  L448          LassoAnalysis]: Non-Termination argument consisting of: Initial state: {cyclic_maxId=-1, cyclic_tmp=0, cyclic_id=-1} Honda state: {cyclic_maxId=-1, cyclic_tmp=0, cyclic_id=-1} Generalized eigenvectors: [] Lambdas: [] Nus: []
[2020-06-17 21:29:19,742 INFO  L132        PluginConnector]: ------------------------ END LassoRanker----------------------------
[2020-06-17 21:29:19,743 INFO  L168              Benchmark]: Toolchain (without parser) took 422.54 ms. Allocated memory is still 514.9 MB. Free memory was 472.9 MB in the beginning and 420.7 MB in the end (delta: 52.2 MB). Peak memory consumption was 52.2 MB. Max. memory is 11.5 GB.
[2020-06-17 21:29:19,744 INFO  L168              Benchmark]: Boogie PL CUP Parser took 0.09 ms. Allocated memory is still 514.9 MB. Free memory is still 474.4 MB. There was no memory consumed. Max. memory is 11.5 GB.
[2020-06-17 21:29:19,745 INFO  L168              Benchmark]: Boogie Preprocessor took 23.41 ms. Allocated memory is still 514.9 MB. Free memory was 471.5 MB in the beginning and 470.2 MB in the end (delta: 1.3 MB). Peak memory consumption was 1.3 MB. Max. memory is 11.5 GB.
[2020-06-17 21:29:19,745 INFO  L168              Benchmark]: RCFGBuilder took 114.13 ms. Allocated memory is still 514.9 MB. Free memory was 470.2 MB in the beginning and 459.4 MB in the end (delta: 10.8 MB). Peak memory consumption was 10.8 MB. Max. memory is 11.5 GB.
[2020-06-17 21:29:19,746 INFO  L168              Benchmark]: LassoRanker took 277.53 ms. Allocated memory is still 514.9 MB. Free memory was 459.4 MB in the beginning and 420.7 MB in the end (delta: 38.7 MB). Peak memory consumption was 38.7 MB. Max. memory is 11.5 GB.
[2020-06-17 21:29:19,748 INFO  L336   ainManager$Toolchain]: #######################  End [Toolchain 1] #######################
 --- Results ---
 * Results from de.uni_freiburg.informatik.ultimate.core:
  - StatisticsResult: Toolchain Benchmarks
    Benchmark results are:
 * Boogie PL CUP Parser took 0.09 ms. Allocated memory is still 514.9 MB. Free memory is still 474.4 MB. There was no memory consumed. Max. memory is 11.5 GB.
 * Boogie Preprocessor took 23.41 ms. Allocated memory is still 514.9 MB. Free memory was 471.5 MB in the beginning and 470.2 MB in the end (delta: 1.3 MB). Peak memory consumption was 1.3 MB. Max. memory is 11.5 GB.
 * RCFGBuilder took 114.13 ms. Allocated memory is still 514.9 MB. Free memory was 470.2 MB in the beginning and 459.4 MB in the end (delta: 10.8 MB). Peak memory consumption was 10.8 MB. Max. memory is 11.5 GB.
 * LassoRanker took 277.53 ms. Allocated memory is still 514.9 MB. Free memory was 459.4 MB in the beginning and 420.7 MB in the end (delta: 38.7 MB). Peak memory consumption was 38.7 MB. Max. memory is 11.5 GB.
 * Results from de.uni_freiburg.informatik.ultimate.plugins.analysis.lassoranker:
  - StatisticsResult: NonterminationArgumentStatistics
    Fixpoint 0GEVs Lambdas: [] Mus: []
  - GeometricNonTerminationArgumentResult [Line: 14]: Nontermination argument in form of an infinite program execution.
    Nontermination argument in form of an infinite execution
State at position 0 is
{id=-1, maxId=-1, tmp=0}
State at position 1 is
{id=-1, maxId=-1, tmp=0}
For i>1, the state at position i is
{id=-1 + sum_{k=0}^i 0, maxId=-1 + sum_{k=0}^i 0, tmp=0 + sum_{k=0}^i 0}
RESULT: Ultimate could not prove your program: Toolchain returned no result.
Received shutdown request...
Ultimate:
GTK+ Version Check
