This is Ultimate 0.1.24-16d85fa
[2020-06-17 21:29:21,046 INFO  L170        SettingsManager]: Resetting all preferences to default values...
[2020-06-17 21:29:21,048 INFO  L174        SettingsManager]: Resetting UltimateCore preferences to default values
[2020-06-17 21:29:21,057 INFO  L177        SettingsManager]: Ultimate Commandline Interface provides no preferences, ignoring...
[2020-06-17 21:29:21,057 INFO  L174        SettingsManager]: Resetting Boogie Preprocessor preferences to default values
[2020-06-17 21:29:21,058 INFO  L174        SettingsManager]: Resetting Boogie Procedure Inliner preferences to default values
[2020-06-17 21:29:21,058 INFO  L174        SettingsManager]: Resetting Abstract Interpretation preferences to default values
[2020-06-17 21:29:21,059 INFO  L174        SettingsManager]: Resetting LassoRanker preferences to default values
[2020-06-17 21:29:21,060 INFO  L174        SettingsManager]: Resetting Reaching Definitions preferences to default values
[2020-06-17 21:29:21,061 INFO  L174        SettingsManager]: Resetting SyntaxChecker preferences to default values
[2020-06-17 21:29:21,061 INFO  L177        SettingsManager]: Büchi Program Product provides no preferences, ignoring...
[2020-06-17 21:29:21,061 INFO  L174        SettingsManager]: Resetting LTL2Aut preferences to default values
[2020-06-17 21:29:21,062 INFO  L174        SettingsManager]: Resetting PEA to Boogie preferences to default values
[2020-06-17 21:29:21,062 INFO  L174        SettingsManager]: Resetting BlockEncodingV2 preferences to default values
[2020-06-17 21:29:21,063 INFO  L174        SettingsManager]: Resetting ChcToBoogie preferences to default values
[2020-06-17 21:29:21,063 INFO  L174        SettingsManager]: Resetting AutomataScriptInterpreter preferences to default values
[2020-06-17 21:29:21,064 INFO  L174        SettingsManager]: Resetting BuchiAutomizer preferences to default values
[2020-06-17 21:29:21,065 INFO  L174        SettingsManager]: Resetting CACSL2BoogieTranslator preferences to default values
[2020-06-17 21:29:21,066 INFO  L174        SettingsManager]: Resetting CodeCheck preferences to default values
[2020-06-17 21:29:21,067 INFO  L174        SettingsManager]: Resetting InvariantSynthesis preferences to default values
[2020-06-17 21:29:21,068 INFO  L174        SettingsManager]: Resetting RCFGBuilder preferences to default values
[2020-06-17 21:29:21,068 INFO  L174        SettingsManager]: Resetting TraceAbstraction preferences to default values
[2020-06-17 21:29:21,070 INFO  L177        SettingsManager]: TraceAbstractionConcurrent provides no preferences, ignoring...
[2020-06-17 21:29:21,070 INFO  L177        SettingsManager]: TraceAbstractionWithAFAs provides no preferences, ignoring...
[2020-06-17 21:29:21,070 INFO  L174        SettingsManager]: Resetting TreeAutomizer preferences to default values
[2020-06-17 21:29:21,070 INFO  L174        SettingsManager]: Resetting IcfgTransformer preferences to default values
[2020-06-17 21:29:21,071 INFO  L174        SettingsManager]: Resetting Boogie Printer preferences to default values
[2020-06-17 21:29:21,071 INFO  L174        SettingsManager]: Resetting ReqPrinter preferences to default values
[2020-06-17 21:29:21,072 INFO  L174        SettingsManager]: Resetting Witness Printer preferences to default values
[2020-06-17 21:29:21,072 INFO  L177        SettingsManager]: Boogie PL CUP Parser provides no preferences, ignoring...
[2020-06-17 21:29:21,072 INFO  L174        SettingsManager]: Resetting CDTParser preferences to default values
[2020-06-17 21:29:21,073 INFO  L177        SettingsManager]: AutomataScriptParser provides no preferences, ignoring...
[2020-06-17 21:29:21,073 INFO  L177        SettingsManager]: ReqParser provides no preferences, ignoring...
[2020-06-17 21:29:21,073 INFO  L174        SettingsManager]: Resetting SmtParser preferences to default values
[2020-06-17 21:29:21,073 INFO  L174        SettingsManager]: Resetting Witness Parser preferences to default values
[2020-06-17 21:29:21,074 INFO  L181        SettingsManager]: Finished resetting all preferences to default values...
[2020-06-17 21:29:21,088 INFO  L81    nceAwareModelManager]: Repository-Root is: /tmp
[2020-06-17 21:29:21,097 INFO  L258   ainManager$Toolchain]: [Toolchain 1]: Applicable parser(s) successfully (re)initialized
[2020-06-17 21:29:21,099 INFO  L214   ainManager$Toolchain]: [Toolchain 1]: Toolchain selected.
[2020-06-17 21:29:21,100 INFO  L271        PluginConnector]: Initializing Boogie PL CUP Parser...
[2020-06-17 21:29:21,100 INFO  L276        PluginConnector]: Boogie PL CUP Parser initialized
[2020-06-17 21:29:21,101 INFO  L418   ainManager$Toolchain]: [Toolchain 1]: Parsing single file: /home/lixie/LassoRankerExp/LassoRankerExp/./Program_non/48.bpl
[2020-06-17 21:29:21,101 INFO  L111           BoogieParser]: Parsing: '/home/lixie/LassoRankerExp/LassoRankerExp/./Program_non/48.bpl'
[2020-06-17 21:29:21,121 INFO  L296   ainManager$Toolchain]: ####################### [Toolchain 1] #######################
[2020-06-17 21:29:21,128 INFO  L131        ToolchainWalker]: Walking toolchain with 3 elements.
[2020-06-17 21:29:21,128 INFO  L113        PluginConnector]: ------------------------Boogie Preprocessor----------------------------
[2020-06-17 21:29:21,129 INFO  L271        PluginConnector]: Initializing Boogie Preprocessor...
[2020-06-17 21:29:21,129 INFO  L276        PluginConnector]: Boogie Preprocessor initialized
[2020-06-17 21:29:21,142 INFO  L185        PluginConnector]: Executing the observer EnsureBoogieModelObserver from plugin Boogie Preprocessor for "48.bpl de.uni_freiburg.informatik.ultimate.boogie.parser AST 17.06 09:29:21" (1/1) ...
[2020-06-17 21:29:21,143 INFO  L185        PluginConnector]: Executing the observer TypeChecker from plugin Boogie Preprocessor for "48.bpl de.uni_freiburg.informatik.ultimate.boogie.parser AST 17.06 09:29:21" (1/1) ...
[2020-06-17 21:29:21,147 INFO  L185        PluginConnector]: Executing the observer ConstExpander from plugin Boogie Preprocessor for "48.bpl de.uni_freiburg.informatik.ultimate.boogie.parser AST 17.06 09:29:21" (1/1) ...
[2020-06-17 21:29:21,147 INFO  L185        PluginConnector]: Executing the observer StructExpander from plugin Boogie Preprocessor for "48.bpl de.uni_freiburg.informatik.ultimate.boogie.parser AST 17.06 09:29:21" (1/1) ...
[2020-06-17 21:29:21,149 INFO  L185        PluginConnector]: Executing the observer UnstructureCode from plugin Boogie Preprocessor for "48.bpl de.uni_freiburg.informatik.ultimate.boogie.parser AST 17.06 09:29:21" (1/1) ...
[2020-06-17 21:29:21,152 INFO  L185        PluginConnector]: Executing the observer FunctionInliner from plugin Boogie Preprocessor for "48.bpl de.uni_freiburg.informatik.ultimate.boogie.parser AST 17.06 09:29:21" (1/1) ...
[2020-06-17 21:29:21,152 INFO  L185        PluginConnector]: Executing the observer BoogieSymbolTableConstructor from plugin Boogie Preprocessor for "48.bpl de.uni_freiburg.informatik.ultimate.boogie.parser AST 17.06 09:29:21" (1/1) ...
[2020-06-17 21:29:21,153 INFO  L132        PluginConnector]: ------------------------ END Boogie Preprocessor----------------------------
[2020-06-17 21:29:21,154 INFO  L113        PluginConnector]: ------------------------RCFGBuilder----------------------------
[2020-06-17 21:29:21,154 INFO  L271        PluginConnector]: Initializing RCFGBuilder...
[2020-06-17 21:29:21,154 INFO  L276        PluginConnector]: RCFGBuilder initialized
[2020-06-17 21:29:21,154 INFO  L185        PluginConnector]: Executing the observer RCFGBuilderObserver from plugin RCFGBuilder for "48.bpl de.uni_freiburg.informatik.ultimate.boogie.parser AST 17.06 09:29:21" (1/1) ...
No working directory specified, using /home/lixie/LassoRankerExp/LassoRankerExp/z3
Starting monitored process 1 with z3 SMTLIB2_COMPLIANT=true -memory:1024 -smt2 -in -t:12000 (exit command is (exit), workingDir is null)
Waiting until toolchain timeout for monitored process 1 with z3 SMTLIB2_COMPLIANT=true -memory:1024 -smt2 -in -t:12000
[2020-06-17 21:29:21,191 INFO  L124     BoogieDeclarations]: Specification and implementation of procedure cyclic given in one single declaration
[2020-06-17 21:29:21,192 INFO  L130     BoogieDeclarations]: Found specification of procedure cyclic
[2020-06-17 21:29:21,192 INFO  L138     BoogieDeclarations]: Found implementation of procedure cyclic
[2020-06-17 21:29:21,262 INFO  L278             CfgBuilder]: Using library mode
[2020-06-17 21:29:21,262 INFO  L286             CfgBuilder]: Removed 0 assue(true) statements.
[2020-06-17 21:29:21,263 INFO  L202        PluginConnector]: Adding new model 48.bpl de.uni_freiburg.informatik.ultimate.plugins.generator.rcfgbuilder CFG 17.06 09:29:21 BoogieIcfgContainer
[2020-06-17 21:29:21,263 INFO  L132        PluginConnector]: ------------------------ END RCFGBuilder----------------------------
[2020-06-17 21:29:21,264 INFO  L113        PluginConnector]: ------------------------LassoRanker----------------------------
[2020-06-17 21:29:21,264 INFO  L271        PluginConnector]: Initializing LassoRanker...
[2020-06-17 21:29:21,264 INFO  L276        PluginConnector]: LassoRanker initialized
[2020-06-17 21:29:21,265 INFO  L185        PluginConnector]: Executing the observer LassoRankerObserver from plugin LassoRanker for "48.bpl de.uni_freiburg.informatik.ultimate.plugins.generator.rcfgbuilder CFG 17.06 09:29:21" (1/1) ...
[2020-06-17 21:29:21,284 INFO  L72            BuchiIsEmpty]: Start buchiIsEmpty. Operand 2 states.
[2020-06-17 21:29:21,298 INFO  L131   ngComponentsAnalysis]: Automaton has 1 accepting balls. 1
[2020-06-17 21:29:21,298 INFO  L87            BuchiIsEmpty]: Finished buchiIsEmpty Result is false
[2020-06-17 21:29:21,298 INFO  L119           BuchiIsEmpty]: Starting construction of run
[2020-06-17 21:29:21,303 INFO  L104     BuchiDifferenceFKV]: Start buchiDifferenceFKV. First operand 2 states. Second operand 1 states.
[2020-06-17 21:29:21,310 INFO  L108     BuchiDifferenceFKV]: Finished buchiDifferenceFKV. First operand 2 states. Second operand 1 states. Result 3 states and 4 transitions. Complement of second has 2 states 2 powerset states0 rank states. The highest rank that occured is -1
[2020-06-17 21:29:21,310 INFO  L72            BuchiIsEmpty]: Start buchiIsEmpty. Operand 3 states and 4 transitions.
[2020-06-17 21:29:21,311 INFO  L131   ngComponentsAnalysis]: Automaton has 0 accepting balls. 0
[2020-06-17 21:29:21,311 INFO  L87            BuchiIsEmpty]: Finished buchiIsEmpty Result is true
[2020-06-17 21:29:21,339 INFO  L216          LassoAnalysis]: Preferences:
[2020-06-17 21:29:21,340 INFO  L124   ssoRankerPreferences]: Compute integeral hull: false
[2020-06-17 21:29:21,340 INFO  L125   ssoRankerPreferences]: Enable LassoPartitioneer: true
[2020-06-17 21:29:21,340 INFO  L126   ssoRankerPreferences]: Term annotations enabled: false
[2020-06-17 21:29:21,340 INFO  L127   ssoRankerPreferences]: Use exernal solver: true
[2020-06-17 21:29:21,340 INFO  L128   ssoRankerPreferences]: SMT solver command: z3 -smt2 -in SMTLIB2_COMPLIANT=true
[2020-06-17 21:29:21,340 INFO  L129   ssoRankerPreferences]: Dump SMT script to file: false
[2020-06-17 21:29:21,340 INFO  L130   ssoRankerPreferences]: Path of dumped script: .
[2020-06-17 21:29:21,340 INFO  L131   ssoRankerPreferences]: Filename of dumped script: LassoRankerScript
[2020-06-17 21:29:21,340 INFO  L132   ssoRankerPreferences]: MapElimAlgo: Frank
[2020-06-17 21:29:21,340 INFO  L282          LassoAnalysis]: Starting lasso preprocessing...
[2020-06-17 21:29:21,353 INFO  L141          MapEliminator]: Using MapEliminator with SimplificationTechnique=SIMPLIFY_DDA XnfConversionTechnique=BOTTOM_UP_WITH_LOCAL_SIMPLIFICATION AddInequalities=false OnlyTrivialImplicationsArrayWrite=false OnlyTrivialImplicationsForModifiedArguments=true OnlyArgumentsInFormula=true
[2020-06-17 21:29:21,408 INFO  L300          LassoAnalysis]: Preprocessing complete.
[2020-06-17 21:29:21,409 INFO  L412          LassoAnalysis]: Checking for nontermination...
No working directory specified, using /home/lixie/LassoRankerExp/LassoRankerExp/z3
Starting monitored process 2 with z3 -smt2 -in SMTLIB2_COMPLIANT=true (exit command is (exit), workingDir is null)
Waiting until toolchain timeout for monitored process 2 with z3 -smt2 -in SMTLIB2_COMPLIANT=true
[2020-06-17 21:29:21,412 INFO  L151   nArgumentSynthesizer]: Nontermination analysis: LINEAR_WITH_GUESSES Allow bounded executions: true Number of generalized eigenvectors: 0 Nilpotent components: true
[2020-06-17 21:29:21,412 INFO  L163   nArgumentSynthesizer]: Using integer mode.
[2020-06-17 21:29:21,432 INFO  L445          LassoAnalysis]: Proved nontermination for one component.
[2020-06-17 21:29:21,432 INFO  L448          LassoAnalysis]: Non-Termination argument consisting of: Initial state: {cyclic_maxId=-1, cyclic_tmp=0, cyclic_id=-1} Honda state: {cyclic_maxId=-1, cyclic_tmp=0, cyclic_id=-1} Generalized eigenvectors: [] Lambdas: [] Nus: []
[2020-06-17 21:29:21,442 INFO  L132        PluginConnector]: ------------------------ END LassoRanker----------------------------
[2020-06-17 21:29:21,443 INFO  L168              Benchmark]: Toolchain (without parser) took 321.97 ms. Allocated memory is still 514.9 MB. Free memory was 472.9 MB in the beginning and 439.8 MB in the end (delta: 33.1 MB). Peak memory consumption was 33.1 MB. Max. memory is 11.5 GB.
[2020-06-17 21:29:21,445 INFO  L168              Benchmark]: Boogie PL CUP Parser took 0.11 ms. Allocated memory is still 514.9 MB. Free memory is still 474.4 MB. There was no memory consumed. Max. memory is 11.5 GB.
[2020-06-17 21:29:21,446 INFO  L168              Benchmark]: Boogie Preprocessor took 24.85 ms. Allocated memory is still 514.9 MB. Free memory was 471.5 MB in the beginning and 470.2 MB in the end (delta: 1.3 MB). Peak memory consumption was 1.3 MB. Max. memory is 11.5 GB.
[2020-06-17 21:29:21,446 INFO  L168              Benchmark]: RCFGBuilder took 109.86 ms. Allocated memory is still 514.9 MB. Free memory was 470.2 MB in the beginning and 460.7 MB in the end (delta: 9.4 MB). Peak memory consumption was 9.4 MB. Max. memory is 11.5 GB.
[2020-06-17 21:29:21,447 INFO  L168              Benchmark]: LassoRanker took 178.83 ms. Allocated memory is still 514.9 MB. Free memory was 460.7 MB in the beginning and 439.8 MB in the end (delta: 21.0 MB). Peak memory consumption was 21.0 MB. Max. memory is 11.5 GB.
[2020-06-17 21:29:21,449 INFO  L336   ainManager$Toolchain]: #######################  End [Toolchain 1] #######################
 --- Results ---
 * Results from de.uni_freiburg.informatik.ultimate.core:
  - StatisticsResult: Toolchain Benchmarks
    Benchmark results are:
 * Boogie PL CUP Parser took 0.11 ms. Allocated memory is still 514.9 MB. Free memory is still 474.4 MB. There was no memory consumed. Max. memory is 11.5 GB.
 * Boogie Preprocessor took 24.85 ms. Allocated memory is still 514.9 MB. Free memory was 471.5 MB in the beginning and 470.2 MB in the end (delta: 1.3 MB). Peak memory consumption was 1.3 MB. Max. memory is 11.5 GB.
 * RCFGBuilder took 109.86 ms. Allocated memory is still 514.9 MB. Free memory was 470.2 MB in the beginning and 460.7 MB in the end (delta: 9.4 MB). Peak memory consumption was 9.4 MB. Max. memory is 11.5 GB.
 * LassoRanker took 178.83 ms. Allocated memory is still 514.9 MB. Free memory was 460.7 MB in the beginning and 439.8 MB in the end (delta: 21.0 MB). Peak memory consumption was 21.0 MB. Max. memory is 11.5 GB.
 * Results from de.uni_freiburg.informatik.ultimate.plugins.analysis.lassoranker:
  - StatisticsResult: NonterminationArgumentStatistics
    Fixpoint 0GEVs Lambdas: [] Mus: []
  - GeometricNonTerminationArgumentResult [Line: 18]: Nontermination argument in form of an infinite program execution.
    Nontermination argument in form of an infinite execution
State at position 0 is
{id=-1, maxId=-1, tmp=0}
State at position 1 is
{id=-1, maxId=-1, tmp=0}
For i>1, the state at position i is
{id=-1 + sum_{k=0}^i 0, maxId=-1 + sum_{k=0}^i 0, tmp=0 + sum_{k=0}^i 0}
RESULT: Ultimate could not prove your program: Toolchain returned no result.
Received shutdown request...
Ultimate:
GTK+ Version Check
