This is Ultimate 0.1.24-16d85fa
[2020-06-17 21:29:22,742 INFO  L170        SettingsManager]: Resetting all preferences to default values...
[2020-06-17 21:29:22,743 INFO  L174        SettingsManager]: Resetting UltimateCore preferences to default values
[2020-06-17 21:29:22,753 INFO  L177        SettingsManager]: Ultimate Commandline Interface provides no preferences, ignoring...
[2020-06-17 21:29:22,753 INFO  L174        SettingsManager]: Resetting Boogie Preprocessor preferences to default values
[2020-06-17 21:29:22,754 INFO  L174        SettingsManager]: Resetting Boogie Procedure Inliner preferences to default values
[2020-06-17 21:29:22,754 INFO  L174        SettingsManager]: Resetting Abstract Interpretation preferences to default values
[2020-06-17 21:29:22,755 INFO  L174        SettingsManager]: Resetting LassoRanker preferences to default values
[2020-06-17 21:29:22,756 INFO  L174        SettingsManager]: Resetting Reaching Definitions preferences to default values
[2020-06-17 21:29:22,757 INFO  L174        SettingsManager]: Resetting SyntaxChecker preferences to default values
[2020-06-17 21:29:22,757 INFO  L177        SettingsManager]: Büchi Program Product provides no preferences, ignoring...
[2020-06-17 21:29:22,758 INFO  L174        SettingsManager]: Resetting LTL2Aut preferences to default values
[2020-06-17 21:29:22,758 INFO  L174        SettingsManager]: Resetting PEA to Boogie preferences to default values
[2020-06-17 21:29:22,759 INFO  L174        SettingsManager]: Resetting BlockEncodingV2 preferences to default values
[2020-06-17 21:29:22,759 INFO  L174        SettingsManager]: Resetting ChcToBoogie preferences to default values
[2020-06-17 21:29:22,760 INFO  L174        SettingsManager]: Resetting AutomataScriptInterpreter preferences to default values
[2020-06-17 21:29:22,760 INFO  L174        SettingsManager]: Resetting BuchiAutomizer preferences to default values
[2020-06-17 21:29:22,761 INFO  L174        SettingsManager]: Resetting CACSL2BoogieTranslator preferences to default values
[2020-06-17 21:29:22,762 INFO  L174        SettingsManager]: Resetting CodeCheck preferences to default values
[2020-06-17 21:29:22,763 INFO  L174        SettingsManager]: Resetting InvariantSynthesis preferences to default values
[2020-06-17 21:29:22,764 INFO  L174        SettingsManager]: Resetting RCFGBuilder preferences to default values
[2020-06-17 21:29:22,765 INFO  L174        SettingsManager]: Resetting TraceAbstraction preferences to default values
[2020-06-17 21:29:22,766 INFO  L177        SettingsManager]: TraceAbstractionConcurrent provides no preferences, ignoring...
[2020-06-17 21:29:22,766 INFO  L177        SettingsManager]: TraceAbstractionWithAFAs provides no preferences, ignoring...
[2020-06-17 21:29:22,767 INFO  L174        SettingsManager]: Resetting TreeAutomizer preferences to default values
[2020-06-17 21:29:22,767 INFO  L174        SettingsManager]: Resetting IcfgTransformer preferences to default values
[2020-06-17 21:29:22,768 INFO  L174        SettingsManager]: Resetting Boogie Printer preferences to default values
[2020-06-17 21:29:22,768 INFO  L174        SettingsManager]: Resetting ReqPrinter preferences to default values
[2020-06-17 21:29:22,769 INFO  L174        SettingsManager]: Resetting Witness Printer preferences to default values
[2020-06-17 21:29:22,769 INFO  L177        SettingsManager]: Boogie PL CUP Parser provides no preferences, ignoring...
[2020-06-17 21:29:22,769 INFO  L174        SettingsManager]: Resetting CDTParser preferences to default values
[2020-06-17 21:29:22,770 INFO  L177        SettingsManager]: AutomataScriptParser provides no preferences, ignoring...
[2020-06-17 21:29:22,770 INFO  L177        SettingsManager]: ReqParser provides no preferences, ignoring...
[2020-06-17 21:29:22,770 INFO  L174        SettingsManager]: Resetting SmtParser preferences to default values
[2020-06-17 21:29:22,770 INFO  L174        SettingsManager]: Resetting Witness Parser preferences to default values
[2020-06-17 21:29:22,771 INFO  L181        SettingsManager]: Finished resetting all preferences to default values...
[2020-06-17 21:29:22,786 INFO  L81    nceAwareModelManager]: Repository-Root is: /tmp
[2020-06-17 21:29:22,797 INFO  L258   ainManager$Toolchain]: [Toolchain 1]: Applicable parser(s) successfully (re)initialized
[2020-06-17 21:29:22,799 INFO  L214   ainManager$Toolchain]: [Toolchain 1]: Toolchain selected.
[2020-06-17 21:29:22,801 INFO  L271        PluginConnector]: Initializing Boogie PL CUP Parser...
[2020-06-17 21:29:22,801 INFO  L276        PluginConnector]: Boogie PL CUP Parser initialized
[2020-06-17 21:29:22,802 INFO  L418   ainManager$Toolchain]: [Toolchain 1]: Parsing single file: /home/lixie/LassoRankerExp/LassoRankerExp/./Program_non/49.bpl
[2020-06-17 21:29:22,802 INFO  L111           BoogieParser]: Parsing: '/home/lixie/LassoRankerExp/LassoRankerExp/./Program_non/49.bpl'
[2020-06-17 21:29:22,822 INFO  L296   ainManager$Toolchain]: ####################### [Toolchain 1] #######################
[2020-06-17 21:29:22,829 INFO  L131        ToolchainWalker]: Walking toolchain with 3 elements.
[2020-06-17 21:29:22,829 INFO  L113        PluginConnector]: ------------------------Boogie Preprocessor----------------------------
[2020-06-17 21:29:22,830 INFO  L271        PluginConnector]: Initializing Boogie Preprocessor...
[2020-06-17 21:29:22,830 INFO  L276        PluginConnector]: Boogie Preprocessor initialized
[2020-06-17 21:29:22,844 INFO  L185        PluginConnector]: Executing the observer EnsureBoogieModelObserver from plugin Boogie Preprocessor for "49.bpl de.uni_freiburg.informatik.ultimate.boogie.parser AST 17.06 09:29:22" (1/1) ...
[2020-06-17 21:29:22,845 INFO  L185        PluginConnector]: Executing the observer TypeChecker from plugin Boogie Preprocessor for "49.bpl de.uni_freiburg.informatik.ultimate.boogie.parser AST 17.06 09:29:22" (1/1) ...
[2020-06-17 21:29:22,849 INFO  L185        PluginConnector]: Executing the observer ConstExpander from plugin Boogie Preprocessor for "49.bpl de.uni_freiburg.informatik.ultimate.boogie.parser AST 17.06 09:29:22" (1/1) ...
[2020-06-17 21:29:22,849 INFO  L185        PluginConnector]: Executing the observer StructExpander from plugin Boogie Preprocessor for "49.bpl de.uni_freiburg.informatik.ultimate.boogie.parser AST 17.06 09:29:22" (1/1) ...
[2020-06-17 21:29:22,850 INFO  L185        PluginConnector]: Executing the observer UnstructureCode from plugin Boogie Preprocessor for "49.bpl de.uni_freiburg.informatik.ultimate.boogie.parser AST 17.06 09:29:22" (1/1) ...
[2020-06-17 21:29:22,853 INFO  L185        PluginConnector]: Executing the observer FunctionInliner from plugin Boogie Preprocessor for "49.bpl de.uni_freiburg.informatik.ultimate.boogie.parser AST 17.06 09:29:22" (1/1) ...
[2020-06-17 21:29:22,853 INFO  L185        PluginConnector]: Executing the observer BoogieSymbolTableConstructor from plugin Boogie Preprocessor for "49.bpl de.uni_freiburg.informatik.ultimate.boogie.parser AST 17.06 09:29:22" (1/1) ...
[2020-06-17 21:29:22,854 INFO  L132        PluginConnector]: ------------------------ END Boogie Preprocessor----------------------------
[2020-06-17 21:29:22,854 INFO  L113        PluginConnector]: ------------------------RCFGBuilder----------------------------
[2020-06-17 21:29:22,855 INFO  L271        PluginConnector]: Initializing RCFGBuilder...
[2020-06-17 21:29:22,855 INFO  L276        PluginConnector]: RCFGBuilder initialized
[2020-06-17 21:29:22,855 INFO  L185        PluginConnector]: Executing the observer RCFGBuilderObserver from plugin RCFGBuilder for "49.bpl de.uni_freiburg.informatik.ultimate.boogie.parser AST 17.06 09:29:22" (1/1) ...
No working directory specified, using /home/lixie/LassoRankerExp/LassoRankerExp/z3
Starting monitored process 1 with z3 SMTLIB2_COMPLIANT=true -memory:1024 -smt2 -in -t:12000 (exit command is (exit), workingDir is null)
Waiting until toolchain timeout for monitored process 1 with z3 SMTLIB2_COMPLIANT=true -memory:1024 -smt2 -in -t:12000
[2020-06-17 21:29:22,889 INFO  L124     BoogieDeclarations]: Specification and implementation of procedure main given in one single declaration
[2020-06-17 21:29:22,890 INFO  L130     BoogieDeclarations]: Found specification of procedure main
[2020-06-17 21:29:22,890 INFO  L138     BoogieDeclarations]: Found implementation of procedure main
[2020-06-17 21:29:22,957 INFO  L278             CfgBuilder]: Using library mode
[2020-06-17 21:29:22,958 INFO  L286             CfgBuilder]: Removed 0 assue(true) statements.
[2020-06-17 21:29:22,958 INFO  L202        PluginConnector]: Adding new model 49.bpl de.uni_freiburg.informatik.ultimate.plugins.generator.rcfgbuilder CFG 17.06 09:29:22 BoogieIcfgContainer
[2020-06-17 21:29:22,958 INFO  L132        PluginConnector]: ------------------------ END RCFGBuilder----------------------------
[2020-06-17 21:29:22,959 INFO  L113        PluginConnector]: ------------------------LassoRanker----------------------------
[2020-06-17 21:29:22,959 INFO  L271        PluginConnector]: Initializing LassoRanker...
[2020-06-17 21:29:22,959 INFO  L276        PluginConnector]: LassoRanker initialized
[2020-06-17 21:29:22,959 INFO  L185        PluginConnector]: Executing the observer LassoRankerObserver from plugin LassoRanker for "49.bpl de.uni_freiburg.informatik.ultimate.plugins.generator.rcfgbuilder CFG 17.06 09:29:22" (1/1) ...
[2020-06-17 21:29:22,978 INFO  L72            BuchiIsEmpty]: Start buchiIsEmpty. Operand 2 states.
[2020-06-17 21:29:22,991 INFO  L131   ngComponentsAnalysis]: Automaton has 1 accepting balls. 1
[2020-06-17 21:29:22,992 INFO  L87            BuchiIsEmpty]: Finished buchiIsEmpty Result is false
[2020-06-17 21:29:22,992 INFO  L119           BuchiIsEmpty]: Starting construction of run
[2020-06-17 21:29:22,996 INFO  L104     BuchiDifferenceFKV]: Start buchiDifferenceFKV. First operand 2 states. Second operand 1 states.
[2020-06-17 21:29:23,004 INFO  L108     BuchiDifferenceFKV]: Finished buchiDifferenceFKV. First operand 2 states. Second operand 1 states. Result 3 states and 4 transitions. Complement of second has 2 states 2 powerset states0 rank states. The highest rank that occured is -1
[2020-06-17 21:29:23,004 INFO  L72            BuchiIsEmpty]: Start buchiIsEmpty. Operand 3 states and 4 transitions.
[2020-06-17 21:29:23,004 INFO  L131   ngComponentsAnalysis]: Automaton has 0 accepting balls. 0
[2020-06-17 21:29:23,004 INFO  L87            BuchiIsEmpty]: Finished buchiIsEmpty Result is true
[2020-06-17 21:29:23,031 INFO  L216          LassoAnalysis]: Preferences:
[2020-06-17 21:29:23,032 INFO  L124   ssoRankerPreferences]: Compute integeral hull: false
[2020-06-17 21:29:23,032 INFO  L125   ssoRankerPreferences]: Enable LassoPartitioneer: true
[2020-06-17 21:29:23,033 INFO  L126   ssoRankerPreferences]: Term annotations enabled: false
[2020-06-17 21:29:23,033 INFO  L127   ssoRankerPreferences]: Use exernal solver: true
[2020-06-17 21:29:23,033 INFO  L128   ssoRankerPreferences]: SMT solver command: z3 -smt2 -in SMTLIB2_COMPLIANT=true
[2020-06-17 21:29:23,033 INFO  L129   ssoRankerPreferences]: Dump SMT script to file: false
[2020-06-17 21:29:23,033 INFO  L130   ssoRankerPreferences]: Path of dumped script: .
[2020-06-17 21:29:23,033 INFO  L131   ssoRankerPreferences]: Filename of dumped script: LassoRankerScript
[2020-06-17 21:29:23,033 INFO  L132   ssoRankerPreferences]: MapElimAlgo: Frank
[2020-06-17 21:29:23,033 INFO  L282          LassoAnalysis]: Starting lasso preprocessing...
[2020-06-17 21:29:23,046 INFO  L141          MapEliminator]: Using MapEliminator with SimplificationTechnique=SIMPLIFY_DDA XnfConversionTechnique=BOTTOM_UP_WITH_LOCAL_SIMPLIFICATION AddInequalities=false OnlyTrivialImplicationsArrayWrite=false OnlyTrivialImplicationsForModifiedArguments=true OnlyArgumentsInFormula=true
[2020-06-17 21:29:23,095 INFO  L300          LassoAnalysis]: Preprocessing complete.
[2020-06-17 21:29:23,095 INFO  L412          LassoAnalysis]: Checking for nontermination...
No working directory specified, using /home/lixie/LassoRankerExp/LassoRankerExp/z3
Starting monitored process 2 with z3 -smt2 -in SMTLIB2_COMPLIANT=true (exit command is (exit), workingDir is null)
Waiting until toolchain timeout for monitored process 2 with z3 -smt2 -in SMTLIB2_COMPLIANT=true
[2020-06-17 21:29:23,099 INFO  L151   nArgumentSynthesizer]: Nontermination analysis: LINEAR_WITH_GUESSES Allow bounded executions: true Number of generalized eigenvectors: 0 Nilpotent components: true
[2020-06-17 21:29:23,099 INFO  L163   nArgumentSynthesizer]: Using integer mode.
[2020-06-17 21:29:23,117 INFO  L445          LassoAnalysis]: Proved nontermination for one component.
[2020-06-17 21:29:23,117 INFO  L448          LassoAnalysis]: Non-Termination argument consisting of: Initial state: {main_y=0, main_x=0} Honda state: {main_y=0, main_x=0} Generalized eigenvectors: [] Lambdas: [] Nus: []
[2020-06-17 21:29:23,127 INFO  L132        PluginConnector]: ------------------------ END LassoRanker----------------------------
[2020-06-17 21:29:23,127 INFO  L168              Benchmark]: Toolchain (without parser) took 304.68 ms. Allocated memory is still 514.9 MB. Free memory was 473.0 MB in the beginning and 440.0 MB in the end (delta: 33.1 MB). Peak memory consumption was 33.1 MB. Max. memory is 11.5 GB.
[2020-06-17 21:29:23,128 INFO  L168              Benchmark]: Boogie PL CUP Parser took 0.12 ms. Allocated memory is still 514.9 MB. Free memory is still 473.0 MB. There was no memory consumed. Max. memory is 11.5 GB.
[2020-06-17 21:29:23,129 INFO  L168              Benchmark]: Boogie Preprocessor took 24.71 ms. Allocated memory is still 514.9 MB. Free memory is still 470.3 MB. There was no memory consumed. Max. memory is 11.5 GB.
[2020-06-17 21:29:23,129 INFO  L168              Benchmark]: RCFGBuilder took 104.07 ms. Allocated memory is still 514.9 MB. Free memory was 470.3 MB in the beginning and 459.5 MB in the end (delta: 10.8 MB). Peak memory consumption was 10.8 MB. Max. memory is 11.5 GB.
[2020-06-17 21:29:23,130 INFO  L168              Benchmark]: LassoRanker took 168.01 ms. Allocated memory is still 514.9 MB. Free memory was 459.5 MB in the beginning and 440.0 MB in the end (delta: 19.6 MB). Peak memory consumption was 19.6 MB. Max. memory is 11.5 GB.
[2020-06-17 21:29:23,131 INFO  L336   ainManager$Toolchain]: #######################  End [Toolchain 1] #######################
 --- Results ---
 * Results from de.uni_freiburg.informatik.ultimate.core:
  - StatisticsResult: Toolchain Benchmarks
    Benchmark results are:
 * Boogie PL CUP Parser took 0.12 ms. Allocated memory is still 514.9 MB. Free memory is still 473.0 MB. There was no memory consumed. Max. memory is 11.5 GB.
 * Boogie Preprocessor took 24.71 ms. Allocated memory is still 514.9 MB. Free memory is still 470.3 MB. There was no memory consumed. Max. memory is 11.5 GB.
 * RCFGBuilder took 104.07 ms. Allocated memory is still 514.9 MB. Free memory was 470.3 MB in the beginning and 459.5 MB in the end (delta: 10.8 MB). Peak memory consumption was 10.8 MB. Max. memory is 11.5 GB.
 * LassoRanker took 168.01 ms. Allocated memory is still 514.9 MB. Free memory was 459.5 MB in the beginning and 440.0 MB in the end (delta: 19.6 MB). Peak memory consumption was 19.6 MB. Max. memory is 11.5 GB.
 * Results from de.uni_freiburg.informatik.ultimate.plugins.analysis.lassoranker:
  - StatisticsResult: NonterminationArgumentStatistics
    Fixpoint 0GEVs Lambdas: [] Mus: []
  - GeometricNonTerminationArgumentResult [Line: 14]: Nontermination argument in form of an infinite program execution.
    Nontermination argument in form of an infinite execution
State at position 0 is
{x=0, y=0}
State at position 1 is
{x=0, y=0}
For i>1, the state at position i is
{x=0 + sum_{k=0}^i 0, y=0 + sum_{k=0}^i 0}
RESULT: Ultimate could not prove your program: Toolchain returned no result.
Received shutdown request...
Ultimate:
GTK+ Version Check
