This is Ultimate 0.1.24-16d85fa
[2020-06-17 21:29:27,061 INFO  L170        SettingsManager]: Resetting all preferences to default values...
[2020-06-17 21:29:27,063 INFO  L174        SettingsManager]: Resetting UltimateCore preferences to default values
[2020-06-17 21:29:27,073 INFO  L177        SettingsManager]: Ultimate Commandline Interface provides no preferences, ignoring...
[2020-06-17 21:29:27,073 INFO  L174        SettingsManager]: Resetting Boogie Preprocessor preferences to default values
[2020-06-17 21:29:27,073 INFO  L174        SettingsManager]: Resetting Boogie Procedure Inliner preferences to default values
[2020-06-17 21:29:27,074 INFO  L174        SettingsManager]: Resetting Abstract Interpretation preferences to default values
[2020-06-17 21:29:27,075 INFO  L174        SettingsManager]: Resetting LassoRanker preferences to default values
[2020-06-17 21:29:27,076 INFO  L174        SettingsManager]: Resetting Reaching Definitions preferences to default values
[2020-06-17 21:29:27,077 INFO  L174        SettingsManager]: Resetting SyntaxChecker preferences to default values
[2020-06-17 21:29:27,078 INFO  L177        SettingsManager]: Büchi Program Product provides no preferences, ignoring...
[2020-06-17 21:29:27,078 INFO  L174        SettingsManager]: Resetting LTL2Aut preferences to default values
[2020-06-17 21:29:27,079 INFO  L174        SettingsManager]: Resetting PEA to Boogie preferences to default values
[2020-06-17 21:29:27,079 INFO  L174        SettingsManager]: Resetting BlockEncodingV2 preferences to default values
[2020-06-17 21:29:27,080 INFO  L174        SettingsManager]: Resetting ChcToBoogie preferences to default values
[2020-06-17 21:29:27,081 INFO  L174        SettingsManager]: Resetting AutomataScriptInterpreter preferences to default values
[2020-06-17 21:29:27,082 INFO  L174        SettingsManager]: Resetting BuchiAutomizer preferences to default values
[2020-06-17 21:29:27,083 INFO  L174        SettingsManager]: Resetting CACSL2BoogieTranslator preferences to default values
[2020-06-17 21:29:27,085 INFO  L174        SettingsManager]: Resetting CodeCheck preferences to default values
[2020-06-17 21:29:27,087 INFO  L174        SettingsManager]: Resetting InvariantSynthesis preferences to default values
[2020-06-17 21:29:27,087 INFO  L174        SettingsManager]: Resetting RCFGBuilder preferences to default values
[2020-06-17 21:29:27,088 INFO  L174        SettingsManager]: Resetting TraceAbstraction preferences to default values
[2020-06-17 21:29:27,090 INFO  L177        SettingsManager]: TraceAbstractionConcurrent provides no preferences, ignoring...
[2020-06-17 21:29:27,091 INFO  L177        SettingsManager]: TraceAbstractionWithAFAs provides no preferences, ignoring...
[2020-06-17 21:29:27,091 INFO  L174        SettingsManager]: Resetting TreeAutomizer preferences to default values
[2020-06-17 21:29:27,091 INFO  L174        SettingsManager]: Resetting IcfgTransformer preferences to default values
[2020-06-17 21:29:27,092 INFO  L174        SettingsManager]: Resetting Boogie Printer preferences to default values
[2020-06-17 21:29:27,093 INFO  L174        SettingsManager]: Resetting ReqPrinter preferences to default values
[2020-06-17 21:29:27,093 INFO  L174        SettingsManager]: Resetting Witness Printer preferences to default values
[2020-06-17 21:29:27,094 INFO  L177        SettingsManager]: Boogie PL CUP Parser provides no preferences, ignoring...
[2020-06-17 21:29:27,094 INFO  L174        SettingsManager]: Resetting CDTParser preferences to default values
[2020-06-17 21:29:27,095 INFO  L177        SettingsManager]: AutomataScriptParser provides no preferences, ignoring...
[2020-06-17 21:29:27,095 INFO  L177        SettingsManager]: ReqParser provides no preferences, ignoring...
[2020-06-17 21:29:27,095 INFO  L174        SettingsManager]: Resetting SmtParser preferences to default values
[2020-06-17 21:29:27,096 INFO  L174        SettingsManager]: Resetting Witness Parser preferences to default values
[2020-06-17 21:29:27,096 INFO  L181        SettingsManager]: Finished resetting all preferences to default values...
[2020-06-17 21:29:27,115 INFO  L81    nceAwareModelManager]: Repository-Root is: /tmp
[2020-06-17 21:29:27,126 INFO  L258   ainManager$Toolchain]: [Toolchain 1]: Applicable parser(s) successfully (re)initialized
[2020-06-17 21:29:27,129 INFO  L214   ainManager$Toolchain]: [Toolchain 1]: Toolchain selected.
[2020-06-17 21:29:27,130 INFO  L271        PluginConnector]: Initializing Boogie PL CUP Parser...
[2020-06-17 21:29:27,130 INFO  L276        PluginConnector]: Boogie PL CUP Parser initialized
[2020-06-17 21:29:27,131 INFO  L418   ainManager$Toolchain]: [Toolchain 1]: Parsing single file: /home/lixie/LassoRankerExp/LassoRankerExp/./Program_non/50.bpl
[2020-06-17 21:29:27,131 INFO  L111           BoogieParser]: Parsing: '/home/lixie/LassoRankerExp/LassoRankerExp/./Program_non/50.bpl'
[2020-06-17 21:29:27,152 INFO  L296   ainManager$Toolchain]: ####################### [Toolchain 1] #######################
[2020-06-17 21:29:27,159 INFO  L131        ToolchainWalker]: Walking toolchain with 3 elements.
[2020-06-17 21:29:27,160 INFO  L113        PluginConnector]: ------------------------Boogie Preprocessor----------------------------
[2020-06-17 21:29:27,160 INFO  L271        PluginConnector]: Initializing Boogie Preprocessor...
[2020-06-17 21:29:27,160 INFO  L276        PluginConnector]: Boogie Preprocessor initialized
[2020-06-17 21:29:27,174 INFO  L185        PluginConnector]: Executing the observer EnsureBoogieModelObserver from plugin Boogie Preprocessor for "50.bpl de.uni_freiburg.informatik.ultimate.boogie.parser AST 17.06 09:29:27" (1/1) ...
[2020-06-17 21:29:27,174 INFO  L185        PluginConnector]: Executing the observer TypeChecker from plugin Boogie Preprocessor for "50.bpl de.uni_freiburg.informatik.ultimate.boogie.parser AST 17.06 09:29:27" (1/1) ...
[2020-06-17 21:29:27,178 INFO  L185        PluginConnector]: Executing the observer ConstExpander from plugin Boogie Preprocessor for "50.bpl de.uni_freiburg.informatik.ultimate.boogie.parser AST 17.06 09:29:27" (1/1) ...
[2020-06-17 21:29:27,178 INFO  L185        PluginConnector]: Executing the observer StructExpander from plugin Boogie Preprocessor for "50.bpl de.uni_freiburg.informatik.ultimate.boogie.parser AST 17.06 09:29:27" (1/1) ...
[2020-06-17 21:29:27,180 INFO  L185        PluginConnector]: Executing the observer UnstructureCode from plugin Boogie Preprocessor for "50.bpl de.uni_freiburg.informatik.ultimate.boogie.parser AST 17.06 09:29:27" (1/1) ...
[2020-06-17 21:29:27,183 INFO  L185        PluginConnector]: Executing the observer FunctionInliner from plugin Boogie Preprocessor for "50.bpl de.uni_freiburg.informatik.ultimate.boogie.parser AST 17.06 09:29:27" (1/1) ...
[2020-06-17 21:29:27,183 INFO  L185        PluginConnector]: Executing the observer BoogieSymbolTableConstructor from plugin Boogie Preprocessor for "50.bpl de.uni_freiburg.informatik.ultimate.boogie.parser AST 17.06 09:29:27" (1/1) ...
[2020-06-17 21:29:27,184 INFO  L132        PluginConnector]: ------------------------ END Boogie Preprocessor----------------------------
[2020-06-17 21:29:27,185 INFO  L113        PluginConnector]: ------------------------RCFGBuilder----------------------------
[2020-06-17 21:29:27,185 INFO  L271        PluginConnector]: Initializing RCFGBuilder...
[2020-06-17 21:29:27,185 INFO  L276        PluginConnector]: RCFGBuilder initialized
[2020-06-17 21:29:27,185 INFO  L185        PluginConnector]: Executing the observer RCFGBuilderObserver from plugin RCFGBuilder for "50.bpl de.uni_freiburg.informatik.ultimate.boogie.parser AST 17.06 09:29:27" (1/1) ...
No working directory specified, using /home/lixie/LassoRankerExp/LassoRankerExp/z3
Starting monitored process 1 with z3 SMTLIB2_COMPLIANT=true -memory:1024 -smt2 -in -t:12000 (exit command is (exit), workingDir is null)
Waiting until toolchain timeout for monitored process 1 with z3 SMTLIB2_COMPLIANT=true -memory:1024 -smt2 -in -t:12000
[2020-06-17 21:29:27,221 INFO  L124     BoogieDeclarations]: Specification and implementation of procedure main given in one single declaration
[2020-06-17 21:29:27,221 INFO  L130     BoogieDeclarations]: Found specification of procedure main
[2020-06-17 21:29:27,221 INFO  L138     BoogieDeclarations]: Found implementation of procedure main
[2020-06-17 21:29:27,295 INFO  L278             CfgBuilder]: Using library mode
[2020-06-17 21:29:27,295 INFO  L286             CfgBuilder]: Removed 0 assue(true) statements.
[2020-06-17 21:29:27,296 INFO  L202        PluginConnector]: Adding new model 50.bpl de.uni_freiburg.informatik.ultimate.plugins.generator.rcfgbuilder CFG 17.06 09:29:27 BoogieIcfgContainer
[2020-06-17 21:29:27,297 INFO  L132        PluginConnector]: ------------------------ END RCFGBuilder----------------------------
[2020-06-17 21:29:27,297 INFO  L113        PluginConnector]: ------------------------LassoRanker----------------------------
[2020-06-17 21:29:27,297 INFO  L271        PluginConnector]: Initializing LassoRanker...
[2020-06-17 21:29:27,297 INFO  L276        PluginConnector]: LassoRanker initialized
[2020-06-17 21:29:27,298 INFO  L185        PluginConnector]: Executing the observer LassoRankerObserver from plugin LassoRanker for "50.bpl de.uni_freiburg.informatik.ultimate.plugins.generator.rcfgbuilder CFG 17.06 09:29:27" (1/1) ...
[2020-06-17 21:29:27,317 INFO  L72            BuchiIsEmpty]: Start buchiIsEmpty. Operand 2 states.
[2020-06-17 21:29:27,332 INFO  L131   ngComponentsAnalysis]: Automaton has 1 accepting balls. 1
[2020-06-17 21:29:27,332 INFO  L87            BuchiIsEmpty]: Finished buchiIsEmpty Result is false
[2020-06-17 21:29:27,332 INFO  L119           BuchiIsEmpty]: Starting construction of run
[2020-06-17 21:29:27,337 INFO  L104     BuchiDifferenceFKV]: Start buchiDifferenceFKV. First operand 2 states. Second operand 1 states.
[2020-06-17 21:29:27,344 INFO  L108     BuchiDifferenceFKV]: Finished buchiDifferenceFKV. First operand 2 states. Second operand 1 states. Result 3 states and 4 transitions. Complement of second has 2 states 2 powerset states0 rank states. The highest rank that occured is -1
[2020-06-17 21:29:27,345 INFO  L72            BuchiIsEmpty]: Start buchiIsEmpty. Operand 3 states and 4 transitions.
[2020-06-17 21:29:27,345 INFO  L131   ngComponentsAnalysis]: Automaton has 0 accepting balls. 0
[2020-06-17 21:29:27,345 INFO  L87            BuchiIsEmpty]: Finished buchiIsEmpty Result is true
[2020-06-17 21:29:27,375 INFO  L216          LassoAnalysis]: Preferences:
[2020-06-17 21:29:27,376 INFO  L124   ssoRankerPreferences]: Compute integeral hull: false
[2020-06-17 21:29:27,376 INFO  L125   ssoRankerPreferences]: Enable LassoPartitioneer: true
[2020-06-17 21:29:27,376 INFO  L126   ssoRankerPreferences]: Term annotations enabled: false
[2020-06-17 21:29:27,376 INFO  L127   ssoRankerPreferences]: Use exernal solver: true
[2020-06-17 21:29:27,376 INFO  L128   ssoRankerPreferences]: SMT solver command: z3 -smt2 -in SMTLIB2_COMPLIANT=true
[2020-06-17 21:29:27,376 INFO  L129   ssoRankerPreferences]: Dump SMT script to file: false
[2020-06-17 21:29:27,376 INFO  L130   ssoRankerPreferences]: Path of dumped script: .
[2020-06-17 21:29:27,376 INFO  L131   ssoRankerPreferences]: Filename of dumped script: LassoRankerScript
[2020-06-17 21:29:27,376 INFO  L132   ssoRankerPreferences]: MapElimAlgo: Frank
[2020-06-17 21:29:27,377 INFO  L282          LassoAnalysis]: Starting lasso preprocessing...
[2020-06-17 21:29:27,389 INFO  L141          MapEliminator]: Using MapEliminator with SimplificationTechnique=SIMPLIFY_DDA XnfConversionTechnique=BOTTOM_UP_WITH_LOCAL_SIMPLIFICATION AddInequalities=false OnlyTrivialImplicationsArrayWrite=false OnlyTrivialImplicationsForModifiedArguments=true OnlyArgumentsInFormula=true
[2020-06-17 21:29:27,433 INFO  L300          LassoAnalysis]: Preprocessing complete.
[2020-06-17 21:29:27,434 INFO  L412          LassoAnalysis]: Checking for nontermination...
No working directory specified, using /home/lixie/LassoRankerExp/LassoRankerExp/z3
Starting monitored process 2 with z3 -smt2 -in SMTLIB2_COMPLIANT=true (exit command is (exit), workingDir is null)
Waiting until toolchain timeout for monitored process 2 with z3 -smt2 -in SMTLIB2_COMPLIANT=true
[2020-06-17 21:29:27,437 INFO  L151   nArgumentSynthesizer]: Nontermination analysis: LINEAR_WITH_GUESSES Allow bounded executions: true Number of generalized eigenvectors: 0 Nilpotent components: true
[2020-06-17 21:29:27,437 INFO  L163   nArgumentSynthesizer]: Using integer mode.
No working directory specified, using /home/lixie/LassoRankerExp/LassoRankerExp/z3
Starting monitored process 3 with z3 -smt2 -in SMTLIB2_COMPLIANT=true (exit command is (exit), workingDir is null)
Waiting until toolchain timeout for monitored process 3 with z3 -smt2 -in SMTLIB2_COMPLIANT=true
[2020-06-17 21:29:27,455 INFO  L151   nArgumentSynthesizer]: Nontermination analysis: LINEAR_WITH_GUESSES Allow bounded executions: true Number of generalized eigenvectors: 3 Nilpotent components: true
[2020-06-17 21:29:27,455 INFO  L163   nArgumentSynthesizer]: Using integer mode.
[2020-06-17 21:29:27,475 INFO  L452          LassoAnalysis]: Proving nontermination failed: No geometric nontermination argument exists.
[2020-06-17 21:29:27,476 INFO  L216          LassoAnalysis]: Preferences:
[2020-06-17 21:29:27,476 INFO  L124   ssoRankerPreferences]: Compute integeral hull: false
[2020-06-17 21:29:27,476 INFO  L125   ssoRankerPreferences]: Enable LassoPartitioneer: true
[2020-06-17 21:29:27,476 INFO  L126   ssoRankerPreferences]: Term annotations enabled: false
[2020-06-17 21:29:27,476 INFO  L127   ssoRankerPreferences]: Use exernal solver: true
[2020-06-17 21:29:27,476 INFO  L128   ssoRankerPreferences]: SMT solver command: z3 -smt2 -in SMTLIB2_COMPLIANT=true
[2020-06-17 21:29:27,477 INFO  L129   ssoRankerPreferences]: Dump SMT script to file: false
[2020-06-17 21:29:27,477 INFO  L130   ssoRankerPreferences]: Path of dumped script: .
[2020-06-17 21:29:27,477 INFO  L131   ssoRankerPreferences]: Filename of dumped script: LassoRankerScript
[2020-06-17 21:29:27,477 INFO  L132   ssoRankerPreferences]: MapElimAlgo: Frank
[2020-06-17 21:29:27,477 INFO  L282          LassoAnalysis]: Starting lasso preprocessing...
[2020-06-17 21:29:27,478 INFO  L141          MapEliminator]: Using MapEliminator with SimplificationTechnique=SIMPLIFY_DDA XnfConversionTechnique=BOTTOM_UP_WITH_LOCAL_SIMPLIFICATION AddInequalities=false OnlyTrivialImplicationsArrayWrite=false OnlyTrivialImplicationsForModifiedArguments=true OnlyArgumentsInFormula=true
[2020-06-17 21:29:27,500 INFO  L300          LassoAnalysis]: Preprocessing complete.
[2020-06-17 21:29:27,503 INFO  L497          LassoAnalysis]: Using template 'affine'.
No working directory specified, using /home/lixie/LassoRankerExp/LassoRankerExp/z3
Starting monitored process 4 with z3 -smt2 -in SMTLIB2_COMPLIANT=true (exit command is (exit), workingDir is null)
Waiting until toolchain timeout for monitored process 4 with z3 -smt2 -in SMTLIB2_COMPLIANT=true
[2020-06-17 21:29:27,506 INFO  L122   nArgumentSynthesizer]: Termination Analysis Settings:
Termination analysis: LINEAR_WITH_GUESSES
Number of strict supporting invariants: 1
Number of non-strict supporting invariants: 0
Consider only non-deceasing supporting invariants: true
Simplify termination arguments: true
Simplify supporting invariants: trueOverapproximate stem: false
[2020-06-17 21:29:27,508 INFO  L339   nArgumentSynthesizer]: Template has degree 0.
[2020-06-17 21:29:27,508 INFO  L352   nArgumentSynthesizer]: There is no stem transition; disabling supporting invariant generation.
[2020-06-17 21:29:27,509 INFO  L205   nArgumentSynthesizer]: 1 stem disjuncts
[2020-06-17 21:29:27,509 INFO  L206   nArgumentSynthesizer]: 1 loop disjuncts
[2020-06-17 21:29:27,509 INFO  L207   nArgumentSynthesizer]: 2 template conjuncts.
[2020-06-17 21:29:27,512 INFO  L402   nArgumentSynthesizer]: We have 2 Motzkin's Theorem applications.
[2020-06-17 21:29:27,512 INFO  L403   nArgumentSynthesizer]: A total of 0 supporting invariants were added.
[2020-06-17 21:29:27,514 INFO  L530          LassoAnalysis]: Proving termination failed for this template and these settings.
[2020-06-17 21:29:27,526 INFO  L497          LassoAnalysis]: Using template '2-nested'.
No working directory specified, using /home/lixie/LassoRankerExp/LassoRankerExp/z3
Starting monitored process 5 with z3 -smt2 -in SMTLIB2_COMPLIANT=true (exit command is (exit), workingDir is null)
Waiting until toolchain timeout for monitored process 5 with z3 -smt2 -in SMTLIB2_COMPLIANT=true
[2020-06-17 21:29:27,527 INFO  L122   nArgumentSynthesizer]: Termination Analysis Settings:
Termination analysis: LINEAR_WITH_GUESSES
Number of strict supporting invariants: 1
Number of non-strict supporting invariants: 0
Consider only non-deceasing supporting invariants: true
Simplify termination arguments: true
Simplify supporting invariants: trueOverapproximate stem: false
[2020-06-17 21:29:27,529 INFO  L339   nArgumentSynthesizer]: Template has degree 0.
[2020-06-17 21:29:27,529 INFO  L352   nArgumentSynthesizer]: There is no stem transition; disabling supporting invariant generation.
[2020-06-17 21:29:27,529 INFO  L205   nArgumentSynthesizer]: 1 stem disjuncts
[2020-06-17 21:29:27,529 INFO  L206   nArgumentSynthesizer]: 1 loop disjuncts
[2020-06-17 21:29:27,529 INFO  L207   nArgumentSynthesizer]: 3 template conjuncts.
[2020-06-17 21:29:27,531 INFO  L402   nArgumentSynthesizer]: We have 3 Motzkin's Theorem applications.
[2020-06-17 21:29:27,531 INFO  L403   nArgumentSynthesizer]: A total of 0 supporting invariants were added.
[2020-06-17 21:29:27,533 INFO  L530          LassoAnalysis]: Proving termination failed for this template and these settings.
[2020-06-17 21:29:27,544 INFO  L497          LassoAnalysis]: Using template '3-nested'.
No working directory specified, using /home/lixie/LassoRankerExp/LassoRankerExp/z3
Starting monitored process 6 with z3 -smt2 -in SMTLIB2_COMPLIANT=true (exit command is (exit), workingDir is null)
Waiting until toolchain timeout for monitored process 6 with z3 -smt2 -in SMTLIB2_COMPLIANT=true
[2020-06-17 21:29:27,546 INFO  L122   nArgumentSynthesizer]: Termination Analysis Settings:
Termination analysis: LINEAR_WITH_GUESSES
Number of strict supporting invariants: 1
Number of non-strict supporting invariants: 0
Consider only non-deceasing supporting invariants: true
Simplify termination arguments: true
Simplify supporting invariants: trueOverapproximate stem: false
[2020-06-17 21:29:27,547 INFO  L339   nArgumentSynthesizer]: Template has degree 0.
[2020-06-17 21:29:27,547 INFO  L352   nArgumentSynthesizer]: There is no stem transition; disabling supporting invariant generation.
[2020-06-17 21:29:27,548 INFO  L205   nArgumentSynthesizer]: 1 stem disjuncts
[2020-06-17 21:29:27,548 INFO  L206   nArgumentSynthesizer]: 1 loop disjuncts
[2020-06-17 21:29:27,548 INFO  L207   nArgumentSynthesizer]: 4 template conjuncts.
[2020-06-17 21:29:27,550 INFO  L402   nArgumentSynthesizer]: We have 4 Motzkin's Theorem applications.
[2020-06-17 21:29:27,550 INFO  L403   nArgumentSynthesizer]: A total of 0 supporting invariants were added.
[2020-06-17 21:29:27,552 INFO  L530          LassoAnalysis]: Proving termination failed for this template and these settings.
[2020-06-17 21:29:27,564 INFO  L497          LassoAnalysis]: Using template '4-nested'.
No working directory specified, using /home/lixie/LassoRankerExp/LassoRankerExp/z3
Starting monitored process 7 with z3 -smt2 -in SMTLIB2_COMPLIANT=true (exit command is (exit), workingDir is null)
[2020-06-17 21:29:27,569 INFO  L122   nArgumentSynthesizer]: Termination Analysis Settings:
Termination analysis: LINEAR_WITH_GUESSES
Number of strict supporting invariants: 1
Number of non-strict supporting invariants: 0
Consider only non-deceasing supporting invariants: true
Simplify termination arguments: true
Simplify supporting invariants: trueOverapproximate stem: false
Waiting until toolchain timeout for monitored process 7 with z3 -smt2 -in SMTLIB2_COMPLIANT=true
[2020-06-17 21:29:27,571 INFO  L339   nArgumentSynthesizer]: Template has degree 0.
[2020-06-17 21:29:27,571 INFO  L352   nArgumentSynthesizer]: There is no stem transition; disabling supporting invariant generation.
[2020-06-17 21:29:27,571 INFO  L205   nArgumentSynthesizer]: 1 stem disjuncts
[2020-06-17 21:29:27,571 INFO  L206   nArgumentSynthesizer]: 1 loop disjuncts
[2020-06-17 21:29:27,571 INFO  L207   nArgumentSynthesizer]: 5 template conjuncts.
[2020-06-17 21:29:27,573 INFO  L402   nArgumentSynthesizer]: We have 5 Motzkin's Theorem applications.
[2020-06-17 21:29:27,574 INFO  L403   nArgumentSynthesizer]: A total of 0 supporting invariants were added.
[2020-06-17 21:29:27,576 INFO  L530          LassoAnalysis]: Proving termination failed for this template and these settings.
[2020-06-17 21:29:27,590 INFO  L497          LassoAnalysis]: Using template '2-phase'.
No working directory specified, using /home/lixie/LassoRankerExp/LassoRankerExp/z3
Starting monitored process 8 with z3 -smt2 -in SMTLIB2_COMPLIANT=true (exit command is (exit), workingDir is null)
Waiting until toolchain timeout for monitored process 8 with z3 -smt2 -in SMTLIB2_COMPLIANT=true
[2020-06-17 21:29:27,592 INFO  L122   nArgumentSynthesizer]: Termination Analysis Settings:
Termination analysis: LINEAR_WITH_GUESSES
Number of strict supporting invariants: 1
Number of non-strict supporting invariants: 0
Consider only non-deceasing supporting invariants: true
Simplify termination arguments: true
Simplify supporting invariants: trueOverapproximate stem: false
[2020-06-17 21:29:27,593 WARN  L334   nArgumentSynthesizer]: Using a linear SMT query and a templates of degree > 0, hence this method is incomplete.
[2020-06-17 21:29:27,593 INFO  L339   nArgumentSynthesizer]: Template has degree 1.
[2020-06-17 21:29:27,594 INFO  L352   nArgumentSynthesizer]: There is no stem transition; disabling supporting invariant generation.
[2020-06-17 21:29:27,594 INFO  L205   nArgumentSynthesizer]: 1 stem disjuncts
[2020-06-17 21:29:27,594 INFO  L206   nArgumentSynthesizer]: 1 loop disjuncts
[2020-06-17 21:29:27,594 INFO  L207   nArgumentSynthesizer]: 3 template conjuncts.
[2020-06-17 21:29:27,598 INFO  L402   nArgumentSynthesizer]: We have 3 Motzkin's Theorem applications.
[2020-06-17 21:29:27,598 INFO  L403   nArgumentSynthesizer]: A total of 0 supporting invariants were added.
[2020-06-17 21:29:27,603 INFO  L530          LassoAnalysis]: Proving termination failed for this template and these settings.
[2020-06-17 21:29:27,615 INFO  L497          LassoAnalysis]: Using template 'lex(affine, affine)'.
No working directory specified, using /home/lixie/LassoRankerExp/LassoRankerExp/z3
Starting monitored process 9 with z3 -smt2 -in SMTLIB2_COMPLIANT=true (exit command is (exit), workingDir is null)
Waiting until toolchain timeout for monitored process 9 with z3 -smt2 -in SMTLIB2_COMPLIANT=true
[2020-06-17 21:29:27,617 INFO  L122   nArgumentSynthesizer]: Termination Analysis Settings:
Termination analysis: LINEAR_WITH_GUESSES
Number of strict supporting invariants: 1
Number of non-strict supporting invariants: 0
Consider only non-deceasing supporting invariants: true
Simplify termination arguments: true
Simplify supporting invariants: trueOverapproximate stem: false
[2020-06-17 21:29:27,619 WARN  L334   nArgumentSynthesizer]: Using a linear SMT query and a templates of degree > 0, hence this method is incomplete.
[2020-06-17 21:29:27,619 INFO  L339   nArgumentSynthesizer]: Template has degree 5.
[2020-06-17 21:29:27,619 INFO  L352   nArgumentSynthesizer]: There is no stem transition; disabling supporting invariant generation.
[2020-06-17 21:29:27,619 INFO  L205   nArgumentSynthesizer]: 1 stem disjuncts
[2020-06-17 21:29:27,619 INFO  L206   nArgumentSynthesizer]: 1 loop disjuncts
[2020-06-17 21:29:27,619 INFO  L207   nArgumentSynthesizer]: 4 template conjuncts.
[2020-06-17 21:29:27,622 INFO  L402   nArgumentSynthesizer]: We have 4 Motzkin's Theorem applications.
[2020-06-17 21:29:27,623 INFO  L403   nArgumentSynthesizer]: A total of 0 supporting invariants were added.
[2020-06-17 21:29:27,629 INFO  L530          LassoAnalysis]: Proving termination failed for this template and these settings.
[2020-06-17 21:29:27,641 INFO  L497          LassoAnalysis]: Using template '2-piece'.
No working directory specified, using /home/lixie/LassoRankerExp/LassoRankerExp/z3
Starting monitored process 10 with z3 -smt2 -in SMTLIB2_COMPLIANT=true (exit command is (exit), workingDir is null)
Waiting until toolchain timeout for monitored process 10 with z3 -smt2 -in SMTLIB2_COMPLIANT=true
[2020-06-17 21:29:27,642 INFO  L122   nArgumentSynthesizer]: Termination Analysis Settings:
Termination analysis: LINEAR_WITH_GUESSES
Number of strict supporting invariants: 1
Number of non-strict supporting invariants: 0
Consider only non-deceasing supporting invariants: true
Simplify termination arguments: true
Simplify supporting invariants: trueOverapproximate stem: false
[2020-06-17 21:29:27,644 WARN  L334   nArgumentSynthesizer]: Using a linear SMT query and a templates of degree > 0, hence this method is incomplete.
[2020-06-17 21:29:27,644 INFO  L339   nArgumentSynthesizer]: Template has degree 7.
[2020-06-17 21:29:27,644 INFO  L352   nArgumentSynthesizer]: There is no stem transition; disabling supporting invariant generation.
[2020-06-17 21:29:27,644 INFO  L205   nArgumentSynthesizer]: 1 stem disjuncts
[2020-06-17 21:29:27,644 INFO  L206   nArgumentSynthesizer]: 1 loop disjuncts
[2020-06-17 21:29:27,644 INFO  L207   nArgumentSynthesizer]: 7 template conjuncts.
[2020-06-17 21:29:27,653 INFO  L402   nArgumentSynthesizer]: We have 7 Motzkin's Theorem applications.
[2020-06-17 21:29:27,653 INFO  L403   nArgumentSynthesizer]: A total of 0 supporting invariants were added.
[2020-06-17 21:29:42,192 INFO  L530          LassoAnalysis]: Proving termination failed for this template and these settings.
[2020-06-17 21:29:42,205 INFO  L497          LassoAnalysis]: Using template '2-parallel'.
No working directory specified, using /home/lixie/LassoRankerExp/LassoRankerExp/z3
Starting monitored process 11 with z3 -smt2 -in SMTLIB2_COMPLIANT=true (exit command is (exit), workingDir is null)
Waiting until toolchain timeout for monitored process 11 with z3 -smt2 -in SMTLIB2_COMPLIANT=true
[2020-06-17 21:29:42,207 INFO  L122   nArgumentSynthesizer]: Termination Analysis Settings:
Termination analysis: LINEAR_WITH_GUESSES
Number of strict supporting invariants: 1
Number of non-strict supporting invariants: 0
Consider only non-deceasing supporting invariants: true
Simplify termination arguments: true
Simplify supporting invariants: trueOverapproximate stem: false
[2020-06-17 21:29:42,208 WARN  L334   nArgumentSynthesizer]: Using a linear SMT query and a templates of degree > 0, hence this method is incomplete.
[2020-06-17 21:29:42,208 INFO  L339   nArgumentSynthesizer]: Template has degree 4.
[2020-06-17 21:29:42,208 INFO  L352   nArgumentSynthesizer]: There is no stem transition; disabling supporting invariant generation.
[2020-06-17 21:29:42,209 INFO  L205   nArgumentSynthesizer]: 1 stem disjuncts
[2020-06-17 21:29:42,209 INFO  L206   nArgumentSynthesizer]: 1 loop disjuncts
[2020-06-17 21:29:42,209 INFO  L207   nArgumentSynthesizer]: 6 template conjuncts.
[2020-06-17 21:29:42,212 INFO  L402   nArgumentSynthesizer]: We have 6 Motzkin's Theorem applications.
[2020-06-17 21:29:42,212 INFO  L403   nArgumentSynthesizer]: A total of 0 supporting invariants were added.
[2020-06-17 21:29:42,220 INFO  L530          LassoAnalysis]: Proving termination failed for this template and these settings.
[2020-06-17 21:29:42,245 INFO  L489     LassoRankerStarter]: LassoRanker could not prove termination or nontermination of the given linear lasso program.
Templates: AffineTemplate NestedTemplate NestedTemplate NestedTemplate MultiphaseTemplate ComposedLexicographicTemplate PiecewiseTemplate ParallelTemplate
[2020-06-17 21:29:42,245 INFO  L132        PluginConnector]: ------------------------ END LassoRanker----------------------------
[2020-06-17 21:29:42,246 INFO  L168              Benchmark]: Toolchain (without parser) took 15093.75 ms. Allocated memory is still 514.9 MB. Free memory was 472.9 MB in the beginning and 393.7 MB in the end (delta: 79.2 MB). Peak memory consumption was 79.2 MB. Max. memory is 11.5 GB.
[2020-06-17 21:29:42,247 INFO  L168              Benchmark]: Boogie PL CUP Parser took 0.18 ms. Allocated memory is still 514.9 MB. Free memory is still 474.4 MB. There was no memory consumed. Max. memory is 11.5 GB.
[2020-06-17 21:29:42,247 INFO  L168              Benchmark]: Boogie Preprocessor took 24.73 ms. Allocated memory is still 514.9 MB. Free memory was 471.5 MB in the beginning and 470.2 MB in the end (delta: 1.3 MB). Peak memory consumption was 1.3 MB. Max. memory is 11.5 GB.
[2020-06-17 21:29:42,248 INFO  L168              Benchmark]: RCFGBuilder took 112.15 ms. Allocated memory is still 514.9 MB. Free memory was 470.2 MB in the beginning and 460.7 MB in the end (delta: 9.5 MB). Peak memory consumption was 9.5 MB. Max. memory is 11.5 GB.
[2020-06-17 21:29:42,248 INFO  L168              Benchmark]: LassoRanker took 14948.59 ms. Allocated memory is still 514.9 MB. Free memory was 460.7 MB in the beginning and 393.7 MB in the end (delta: 66.9 MB). Peak memory consumption was 66.9 MB. Max. memory is 11.5 GB.
[2020-06-17 21:29:42,250 INFO  L336   ainManager$Toolchain]: #######################  End [Toolchain 1] #######################
 --- Results ---
 * Results from de.uni_freiburg.informatik.ultimate.core:
  - StatisticsResult: Toolchain Benchmarks
    Benchmark results are:
 * Boogie PL CUP Parser took 0.18 ms. Allocated memory is still 514.9 MB. Free memory is still 474.4 MB. There was no memory consumed. Max. memory is 11.5 GB.
 * Boogie Preprocessor took 24.73 ms. Allocated memory is still 514.9 MB. Free memory was 471.5 MB in the beginning and 470.2 MB in the end (delta: 1.3 MB). Peak memory consumption was 1.3 MB. Max. memory is 11.5 GB.
 * RCFGBuilder took 112.15 ms. Allocated memory is still 514.9 MB. Free memory was 470.2 MB in the beginning and 460.7 MB in the end (delta: 9.5 MB). Peak memory consumption was 9.5 MB. Max. memory is 11.5 GB.
 * LassoRanker took 14948.59 ms. Allocated memory is still 514.9 MB. Free memory was 460.7 MB in the beginning and 393.7 MB in the end (delta: 66.9 MB). Peak memory consumption was 66.9 MB. Max. memory is 11.5 GB.
 * Results from de.uni_freiburg.informatik.ultimate.plugins.analysis.lassoranker:
  - NoResult [Line: 11]: LassoRanker could not prove termination
    LassoRanker could not prove termination or nontermination of the given linear lasso program.
Templates: AffineTemplate NestedTemplate NestedTemplate NestedTemplate MultiphaseTemplate ComposedLexicographicTemplate PiecewiseTemplate ParallelTemplate
RESULT: Ultimate could not prove your program: Toolchain returned no result.
Received shutdown request...
Ultimate:
GTK+ Version Check
