This is Ultimate 0.1.24-16d85fa
[2020-06-17 21:30:04,045 INFO  L170        SettingsManager]: Resetting all preferences to default values...
[2020-06-17 21:30:04,046 INFO  L174        SettingsManager]: Resetting UltimateCore preferences to default values
[2020-06-17 21:30:04,055 INFO  L177        SettingsManager]: Ultimate Commandline Interface provides no preferences, ignoring...
[2020-06-17 21:30:04,056 INFO  L174        SettingsManager]: Resetting Boogie Preprocessor preferences to default values
[2020-06-17 21:30:04,056 INFO  L174        SettingsManager]: Resetting Boogie Procedure Inliner preferences to default values
[2020-06-17 21:30:04,057 INFO  L174        SettingsManager]: Resetting Abstract Interpretation preferences to default values
[2020-06-17 21:30:04,058 INFO  L174        SettingsManager]: Resetting LassoRanker preferences to default values
[2020-06-17 21:30:04,059 INFO  L174        SettingsManager]: Resetting Reaching Definitions preferences to default values
[2020-06-17 21:30:04,060 INFO  L174        SettingsManager]: Resetting SyntaxChecker preferences to default values
[2020-06-17 21:30:04,060 INFO  L177        SettingsManager]: Büchi Program Product provides no preferences, ignoring...
[2020-06-17 21:30:04,060 INFO  L174        SettingsManager]: Resetting LTL2Aut preferences to default values
[2020-06-17 21:30:04,061 INFO  L174        SettingsManager]: Resetting PEA to Boogie preferences to default values
[2020-06-17 21:30:04,061 INFO  L174        SettingsManager]: Resetting BlockEncodingV2 preferences to default values
[2020-06-17 21:30:04,062 INFO  L174        SettingsManager]: Resetting ChcToBoogie preferences to default values
[2020-06-17 21:30:04,062 INFO  L174        SettingsManager]: Resetting AutomataScriptInterpreter preferences to default values
[2020-06-17 21:30:04,063 INFO  L174        SettingsManager]: Resetting BuchiAutomizer preferences to default values
[2020-06-17 21:30:04,064 INFO  L174        SettingsManager]: Resetting CACSL2BoogieTranslator preferences to default values
[2020-06-17 21:30:04,065 INFO  L174        SettingsManager]: Resetting CodeCheck preferences to default values
[2020-06-17 21:30:04,066 INFO  L174        SettingsManager]: Resetting InvariantSynthesis preferences to default values
[2020-06-17 21:30:04,066 INFO  L174        SettingsManager]: Resetting RCFGBuilder preferences to default values
[2020-06-17 21:30:04,067 INFO  L174        SettingsManager]: Resetting TraceAbstraction preferences to default values
[2020-06-17 21:30:04,068 INFO  L177        SettingsManager]: TraceAbstractionConcurrent provides no preferences, ignoring...
[2020-06-17 21:30:04,069 INFO  L177        SettingsManager]: TraceAbstractionWithAFAs provides no preferences, ignoring...
[2020-06-17 21:30:04,069 INFO  L174        SettingsManager]: Resetting TreeAutomizer preferences to default values
[2020-06-17 21:30:04,069 INFO  L174        SettingsManager]: Resetting IcfgTransformer preferences to default values
[2020-06-17 21:30:04,070 INFO  L174        SettingsManager]: Resetting Boogie Printer preferences to default values
[2020-06-17 21:30:04,070 INFO  L174        SettingsManager]: Resetting ReqPrinter preferences to default values
[2020-06-17 21:30:04,071 INFO  L174        SettingsManager]: Resetting Witness Printer preferences to default values
[2020-06-17 21:30:04,071 INFO  L177        SettingsManager]: Boogie PL CUP Parser provides no preferences, ignoring...
[2020-06-17 21:30:04,071 INFO  L174        SettingsManager]: Resetting CDTParser preferences to default values
[2020-06-17 21:30:04,072 INFO  L177        SettingsManager]: AutomataScriptParser provides no preferences, ignoring...
[2020-06-17 21:30:04,072 INFO  L177        SettingsManager]: ReqParser provides no preferences, ignoring...
[2020-06-17 21:30:04,072 INFO  L174        SettingsManager]: Resetting SmtParser preferences to default values
[2020-06-17 21:30:04,072 INFO  L174        SettingsManager]: Resetting Witness Parser preferences to default values
[2020-06-17 21:30:04,073 INFO  L181        SettingsManager]: Finished resetting all preferences to default values...
[2020-06-17 21:30:04,088 INFO  L81    nceAwareModelManager]: Repository-Root is: /tmp
[2020-06-17 21:30:04,098 INFO  L258   ainManager$Toolchain]: [Toolchain 1]: Applicable parser(s) successfully (re)initialized
[2020-06-17 21:30:04,100 INFO  L214   ainManager$Toolchain]: [Toolchain 1]: Toolchain selected.
[2020-06-17 21:30:04,101 INFO  L271        PluginConnector]: Initializing Boogie PL CUP Parser...
[2020-06-17 21:30:04,101 INFO  L276        PluginConnector]: Boogie PL CUP Parser initialized
[2020-06-17 21:30:04,101 INFO  L418   ainManager$Toolchain]: [Toolchain 1]: Parsing single file: /home/lixie/LassoRankerExp/LassoRankerExp/./Program_non/65.bpl
[2020-06-17 21:30:04,101 INFO  L111           BoogieParser]: Parsing: '/home/lixie/LassoRankerExp/LassoRankerExp/./Program_non/65.bpl'
[2020-06-17 21:30:04,121 INFO  L296   ainManager$Toolchain]: ####################### [Toolchain 1] #######################
[2020-06-17 21:30:04,131 INFO  L131        ToolchainWalker]: Walking toolchain with 3 elements.
[2020-06-17 21:30:04,132 INFO  L113        PluginConnector]: ------------------------Boogie Preprocessor----------------------------
[2020-06-17 21:30:04,132 INFO  L271        PluginConnector]: Initializing Boogie Preprocessor...
[2020-06-17 21:30:04,132 INFO  L276        PluginConnector]: Boogie Preprocessor initialized
[2020-06-17 21:30:04,152 INFO  L185        PluginConnector]: Executing the observer EnsureBoogieModelObserver from plugin Boogie Preprocessor for "65.bpl de.uni_freiburg.informatik.ultimate.boogie.parser AST 17.06 09:30:04" (1/1) ...
[2020-06-17 21:30:04,153 INFO  L185        PluginConnector]: Executing the observer TypeChecker from plugin Boogie Preprocessor for "65.bpl de.uni_freiburg.informatik.ultimate.boogie.parser AST 17.06 09:30:04" (1/1) ...
[2020-06-17 21:30:04,157 INFO  L185        PluginConnector]: Executing the observer ConstExpander from plugin Boogie Preprocessor for "65.bpl de.uni_freiburg.informatik.ultimate.boogie.parser AST 17.06 09:30:04" (1/1) ...
[2020-06-17 21:30:04,157 INFO  L185        PluginConnector]: Executing the observer StructExpander from plugin Boogie Preprocessor for "65.bpl de.uni_freiburg.informatik.ultimate.boogie.parser AST 17.06 09:30:04" (1/1) ...
[2020-06-17 21:30:04,158 INFO  L185        PluginConnector]: Executing the observer UnstructureCode from plugin Boogie Preprocessor for "65.bpl de.uni_freiburg.informatik.ultimate.boogie.parser AST 17.06 09:30:04" (1/1) ...
[2020-06-17 21:30:04,161 INFO  L185        PluginConnector]: Executing the observer FunctionInliner from plugin Boogie Preprocessor for "65.bpl de.uni_freiburg.informatik.ultimate.boogie.parser AST 17.06 09:30:04" (1/1) ...
[2020-06-17 21:30:04,161 INFO  L185        PluginConnector]: Executing the observer BoogieSymbolTableConstructor from plugin Boogie Preprocessor for "65.bpl de.uni_freiburg.informatik.ultimate.boogie.parser AST 17.06 09:30:04" (1/1) ...
[2020-06-17 21:30:04,162 INFO  L132        PluginConnector]: ------------------------ END Boogie Preprocessor----------------------------
[2020-06-17 21:30:04,162 INFO  L113        PluginConnector]: ------------------------RCFGBuilder----------------------------
[2020-06-17 21:30:04,162 INFO  L271        PluginConnector]: Initializing RCFGBuilder...
[2020-06-17 21:30:04,162 INFO  L276        PluginConnector]: RCFGBuilder initialized
[2020-06-17 21:30:04,163 INFO  L185        PluginConnector]: Executing the observer RCFGBuilderObserver from plugin RCFGBuilder for "65.bpl de.uni_freiburg.informatik.ultimate.boogie.parser AST 17.06 09:30:04" (1/1) ...
No working directory specified, using /home/lixie/LassoRankerExp/LassoRankerExp/z3
Starting monitored process 1 with z3 SMTLIB2_COMPLIANT=true -memory:1024 -smt2 -in -t:12000 (exit command is (exit), workingDir is null)
Waiting until toolchain timeout for monitored process 1 with z3 SMTLIB2_COMPLIANT=true -memory:1024 -smt2 -in -t:12000
[2020-06-17 21:30:04,197 INFO  L124     BoogieDeclarations]: Specification and implementation of procedure MultiPhase1 given in one single declaration
[2020-06-17 21:30:04,197 INFO  L130     BoogieDeclarations]: Found specification of procedure MultiPhase1
[2020-06-17 21:30:04,197 INFO  L138     BoogieDeclarations]: Found implementation of procedure MultiPhase1
[2020-06-17 21:30:04,264 INFO  L278             CfgBuilder]: Using library mode
[2020-06-17 21:30:04,264 INFO  L286             CfgBuilder]: Removed 0 assue(true) statements.
[2020-06-17 21:30:04,265 INFO  L202        PluginConnector]: Adding new model 65.bpl de.uni_freiburg.informatik.ultimate.plugins.generator.rcfgbuilder CFG 17.06 09:30:04 BoogieIcfgContainer
[2020-06-17 21:30:04,265 INFO  L132        PluginConnector]: ------------------------ END RCFGBuilder----------------------------
[2020-06-17 21:30:04,266 INFO  L113        PluginConnector]: ------------------------LassoRanker----------------------------
[2020-06-17 21:30:04,266 INFO  L271        PluginConnector]: Initializing LassoRanker...
[2020-06-17 21:30:04,266 INFO  L276        PluginConnector]: LassoRanker initialized
[2020-06-17 21:30:04,266 INFO  L185        PluginConnector]: Executing the observer LassoRankerObserver from plugin LassoRanker for "65.bpl de.uni_freiburg.informatik.ultimate.plugins.generator.rcfgbuilder CFG 17.06 09:30:04" (1/1) ...
[2020-06-17 21:30:04,285 INFO  L72            BuchiIsEmpty]: Start buchiIsEmpty. Operand 2 states.
[2020-06-17 21:30:04,299 INFO  L131   ngComponentsAnalysis]: Automaton has 1 accepting balls. 1
[2020-06-17 21:30:04,300 INFO  L87            BuchiIsEmpty]: Finished buchiIsEmpty Result is false
[2020-06-17 21:30:04,300 INFO  L119           BuchiIsEmpty]: Starting construction of run
[2020-06-17 21:30:04,304 INFO  L104     BuchiDifferenceFKV]: Start buchiDifferenceFKV. First operand 2 states. Second operand 1 states.
[2020-06-17 21:30:04,312 INFO  L108     BuchiDifferenceFKV]: Finished buchiDifferenceFKV. First operand 2 states. Second operand 1 states. Result 3 states and 4 transitions. Complement of second has 2 states 2 powerset states0 rank states. The highest rank that occured is -1
[2020-06-17 21:30:04,313 INFO  L72            BuchiIsEmpty]: Start buchiIsEmpty. Operand 3 states and 4 transitions.
[2020-06-17 21:30:04,313 INFO  L131   ngComponentsAnalysis]: Automaton has 0 accepting balls. 0
[2020-06-17 21:30:04,313 INFO  L87            BuchiIsEmpty]: Finished buchiIsEmpty Result is true
[2020-06-17 21:30:04,348 INFO  L216          LassoAnalysis]: Preferences:
[2020-06-17 21:30:04,349 INFO  L124   ssoRankerPreferences]: Compute integeral hull: false
[2020-06-17 21:30:04,349 INFO  L125   ssoRankerPreferences]: Enable LassoPartitioneer: true
[2020-06-17 21:30:04,350 INFO  L126   ssoRankerPreferences]: Term annotations enabled: false
[2020-06-17 21:30:04,350 INFO  L127   ssoRankerPreferences]: Use exernal solver: true
[2020-06-17 21:30:04,350 INFO  L128   ssoRankerPreferences]: SMT solver command: z3 -smt2 -in SMTLIB2_COMPLIANT=true
[2020-06-17 21:30:04,350 INFO  L129   ssoRankerPreferences]: Dump SMT script to file: false
[2020-06-17 21:30:04,350 INFO  L130   ssoRankerPreferences]: Path of dumped script: .
[2020-06-17 21:30:04,350 INFO  L131   ssoRankerPreferences]: Filename of dumped script: LassoRankerScript
[2020-06-17 21:30:04,350 INFO  L132   ssoRankerPreferences]: MapElimAlgo: Frank
[2020-06-17 21:30:04,350 INFO  L282          LassoAnalysis]: Starting lasso preprocessing...
[2020-06-17 21:30:04,363 INFO  L141          MapEliminator]: Using MapEliminator with SimplificationTechnique=SIMPLIFY_DDA XnfConversionTechnique=BOTTOM_UP_WITH_LOCAL_SIMPLIFICATION AddInequalities=false OnlyTrivialImplicationsArrayWrite=false OnlyTrivialImplicationsForModifiedArguments=true OnlyArgumentsInFormula=true
[2020-06-17 21:30:04,410 INFO  L300          LassoAnalysis]: Preprocessing complete.
[2020-06-17 21:30:04,411 INFO  L412          LassoAnalysis]: Checking for nontermination...
No working directory specified, using /home/lixie/LassoRankerExp/LassoRankerExp/z3
Starting monitored process 2 with z3 -smt2 -in SMTLIB2_COMPLIANT=true (exit command is (exit), workingDir is null)
Waiting until toolchain timeout for monitored process 2 with z3 -smt2 -in SMTLIB2_COMPLIANT=true
[2020-06-17 21:30:04,414 INFO  L151   nArgumentSynthesizer]: Nontermination analysis: LINEAR_WITH_GUESSES Allow bounded executions: true Number of generalized eigenvectors: 0 Nilpotent components: true
[2020-06-17 21:30:04,414 INFO  L163   nArgumentSynthesizer]: Using integer mode.
[2020-06-17 21:30:04,436 INFO  L445          LassoAnalysis]: Proved nontermination for one component.
[2020-06-17 21:30:04,436 INFO  L448          LassoAnalysis]: Non-Termination argument consisting of: Initial state: {MultiPhase1_c=0, MultiPhase1_b=0, MultiPhase1_a=0, MultiPhase1_x=0, MultiPhase1_z=0, MultiPhase1_y=0} Honda state: {MultiPhase1_c=0, MultiPhase1_b=0, MultiPhase1_a=0, MultiPhase1_x=0, MultiPhase1_z=0, MultiPhase1_y=0} Generalized eigenvectors: [] Lambdas: [] Nus: []
[2020-06-17 21:30:04,447 INFO  L132        PluginConnector]: ------------------------ END LassoRanker----------------------------
[2020-06-17 21:30:04,448 INFO  L168              Benchmark]: Toolchain (without parser) took 326.48 ms. Allocated memory is still 514.9 MB. Free memory was 472.9 MB in the beginning and 438.2 MB in the end (delta: 34.7 MB). Peak memory consumption was 34.7 MB. Max. memory is 11.5 GB.
[2020-06-17 21:30:04,449 INFO  L168              Benchmark]: Boogie PL CUP Parser took 0.09 ms. Allocated memory is still 514.9 MB. Free memory is still 474.4 MB. There was no memory consumed. Max. memory is 11.5 GB.
[2020-06-17 21:30:04,450 INFO  L168              Benchmark]: Boogie Preprocessor took 30.07 ms. Allocated memory is still 514.9 MB. Free memory was 471.5 MB in the beginning and 470.2 MB in the end (delta: 1.3 MB). Peak memory consumption was 1.3 MB. Max. memory is 11.5 GB.
[2020-06-17 21:30:04,450 INFO  L168              Benchmark]: RCFGBuilder took 103.22 ms. Allocated memory is still 514.9 MB. Free memory was 470.2 MB in the beginning and 460.5 MB in the end (delta: 9.7 MB). Peak memory consumption was 9.7 MB. Max. memory is 11.5 GB.
[2020-06-17 21:30:04,451 INFO  L168              Benchmark]: LassoRanker took 181.80 ms. Allocated memory is still 514.9 MB. Free memory was 460.5 MB in the beginning and 438.2 MB in the end (delta: 22.3 MB). Peak memory consumption was 22.3 MB. Max. memory is 11.5 GB.
[2020-06-17 21:30:04,453 INFO  L336   ainManager$Toolchain]: #######################  End [Toolchain 1] #######################
 --- Results ---
 * Results from de.uni_freiburg.informatik.ultimate.core:
  - StatisticsResult: Toolchain Benchmarks
    Benchmark results are:
 * Boogie PL CUP Parser took 0.09 ms. Allocated memory is still 514.9 MB. Free memory is still 474.4 MB. There was no memory consumed. Max. memory is 11.5 GB.
 * Boogie Preprocessor took 30.07 ms. Allocated memory is still 514.9 MB. Free memory was 471.5 MB in the beginning and 470.2 MB in the end (delta: 1.3 MB). Peak memory consumption was 1.3 MB. Max. memory is 11.5 GB.
 * RCFGBuilder took 103.22 ms. Allocated memory is still 514.9 MB. Free memory was 470.2 MB in the beginning and 460.5 MB in the end (delta: 9.7 MB). Peak memory consumption was 9.7 MB. Max. memory is 11.5 GB.
 * LassoRanker took 181.80 ms. Allocated memory is still 514.9 MB. Free memory was 460.5 MB in the beginning and 438.2 MB in the end (delta: 22.3 MB). Peak memory consumption was 22.3 MB. Max. memory is 11.5 GB.
 * Results from de.uni_freiburg.informatik.ultimate.plugins.analysis.lassoranker:
  - StatisticsResult: NonterminationArgumentStatistics
    Fixpoint 0GEVs Lambdas: [] Mus: []
  - GeometricNonTerminationArgumentResult [Line: 16]: Nontermination argument in form of an infinite program execution.
    Nontermination argument in form of an infinite execution
State at position 0 is
{c=0, b=0, a=0, z=0, y=0, x=0}
State at position 1 is
{c=0, b=0, a=0, z=0, y=0, x=0}
For i>1, the state at position i is
{c=0 + sum_{k=0}^i 0, b=0 + sum_{k=0}^i 0, a=0 + sum_{k=0}^i 0, z=0 + sum_{k=0}^i 0, y=0 + sum_{k=0}^i 0, x=0 + sum_{k=0}^i 0}
RESULT: Ultimate could not prove your program: Toolchain returned no result.
Received shutdown request...
Ultimate:
GTK+ Version Check
