This is Ultimate 0.1.24-16d85fa
[2020-06-17 21:30:09,705 INFO  L170        SettingsManager]: Resetting all preferences to default values...
[2020-06-17 21:30:09,706 INFO  L174        SettingsManager]: Resetting UltimateCore preferences to default values
[2020-06-17 21:30:09,716 INFO  L177        SettingsManager]: Ultimate Commandline Interface provides no preferences, ignoring...
[2020-06-17 21:30:09,716 INFO  L174        SettingsManager]: Resetting Boogie Preprocessor preferences to default values
[2020-06-17 21:30:09,716 INFO  L174        SettingsManager]: Resetting Boogie Procedure Inliner preferences to default values
[2020-06-17 21:30:09,717 INFO  L174        SettingsManager]: Resetting Abstract Interpretation preferences to default values
[2020-06-17 21:30:09,719 INFO  L174        SettingsManager]: Resetting LassoRanker preferences to default values
[2020-06-17 21:30:09,720 INFO  L174        SettingsManager]: Resetting Reaching Definitions preferences to default values
[2020-06-17 21:30:09,720 INFO  L174        SettingsManager]: Resetting SyntaxChecker preferences to default values
[2020-06-17 21:30:09,721 INFO  L177        SettingsManager]: Büchi Program Product provides no preferences, ignoring...
[2020-06-17 21:30:09,721 INFO  L174        SettingsManager]: Resetting LTL2Aut preferences to default values
[2020-06-17 21:30:09,721 INFO  L174        SettingsManager]: Resetting PEA to Boogie preferences to default values
[2020-06-17 21:30:09,722 INFO  L174        SettingsManager]: Resetting BlockEncodingV2 preferences to default values
[2020-06-17 21:30:09,722 INFO  L174        SettingsManager]: Resetting ChcToBoogie preferences to default values
[2020-06-17 21:30:09,723 INFO  L174        SettingsManager]: Resetting AutomataScriptInterpreter preferences to default values
[2020-06-17 21:30:09,723 INFO  L174        SettingsManager]: Resetting BuchiAutomizer preferences to default values
[2020-06-17 21:30:09,724 INFO  L174        SettingsManager]: Resetting CACSL2BoogieTranslator preferences to default values
[2020-06-17 21:30:09,726 INFO  L174        SettingsManager]: Resetting CodeCheck preferences to default values
[2020-06-17 21:30:09,726 INFO  L174        SettingsManager]: Resetting InvariantSynthesis preferences to default values
[2020-06-17 21:30:09,727 INFO  L174        SettingsManager]: Resetting RCFGBuilder preferences to default values
[2020-06-17 21:30:09,728 INFO  L174        SettingsManager]: Resetting TraceAbstraction preferences to default values
[2020-06-17 21:30:09,729 INFO  L177        SettingsManager]: TraceAbstractionConcurrent provides no preferences, ignoring...
[2020-06-17 21:30:09,729 INFO  L177        SettingsManager]: TraceAbstractionWithAFAs provides no preferences, ignoring...
[2020-06-17 21:30:09,730 INFO  L174        SettingsManager]: Resetting TreeAutomizer preferences to default values
[2020-06-17 21:30:09,730 INFO  L174        SettingsManager]: Resetting IcfgTransformer preferences to default values
[2020-06-17 21:30:09,731 INFO  L174        SettingsManager]: Resetting Boogie Printer preferences to default values
[2020-06-17 21:30:09,731 INFO  L174        SettingsManager]: Resetting ReqPrinter preferences to default values
[2020-06-17 21:30:09,731 INFO  L174        SettingsManager]: Resetting Witness Printer preferences to default values
[2020-06-17 21:30:09,732 INFO  L177        SettingsManager]: Boogie PL CUP Parser provides no preferences, ignoring...
[2020-06-17 21:30:09,732 INFO  L174        SettingsManager]: Resetting CDTParser preferences to default values
[2020-06-17 21:30:09,732 INFO  L177        SettingsManager]: AutomataScriptParser provides no preferences, ignoring...
[2020-06-17 21:30:09,733 INFO  L177        SettingsManager]: ReqParser provides no preferences, ignoring...
[2020-06-17 21:30:09,733 INFO  L174        SettingsManager]: Resetting SmtParser preferences to default values
[2020-06-17 21:30:09,733 INFO  L174        SettingsManager]: Resetting Witness Parser preferences to default values
[2020-06-17 21:30:09,734 INFO  L181        SettingsManager]: Finished resetting all preferences to default values...
[2020-06-17 21:30:09,749 INFO  L81    nceAwareModelManager]: Repository-Root is: /tmp
[2020-06-17 21:30:09,759 INFO  L258   ainManager$Toolchain]: [Toolchain 1]: Applicable parser(s) successfully (re)initialized
[2020-06-17 21:30:09,762 INFO  L214   ainManager$Toolchain]: [Toolchain 1]: Toolchain selected.
[2020-06-17 21:30:09,763 INFO  L271        PluginConnector]: Initializing Boogie PL CUP Parser...
[2020-06-17 21:30:09,764 INFO  L276        PluginConnector]: Boogie PL CUP Parser initialized
[2020-06-17 21:30:09,764 INFO  L418   ainManager$Toolchain]: [Toolchain 1]: Parsing single file: /home/lixie/LassoRankerExp/LassoRankerExp/./Program_non/68.bpl
[2020-06-17 21:30:09,765 INFO  L111           BoogieParser]: Parsing: '/home/lixie/LassoRankerExp/LassoRankerExp/./Program_non/68.bpl'
[2020-06-17 21:30:09,785 INFO  L296   ainManager$Toolchain]: ####################### [Toolchain 1] #######################
[2020-06-17 21:30:09,793 INFO  L131        ToolchainWalker]: Walking toolchain with 3 elements.
[2020-06-17 21:30:09,794 INFO  L113        PluginConnector]: ------------------------Boogie Preprocessor----------------------------
[2020-06-17 21:30:09,794 INFO  L271        PluginConnector]: Initializing Boogie Preprocessor...
[2020-06-17 21:30:09,794 INFO  L276        PluginConnector]: Boogie Preprocessor initialized
[2020-06-17 21:30:09,811 INFO  L185        PluginConnector]: Executing the observer EnsureBoogieModelObserver from plugin Boogie Preprocessor for "68.bpl de.uni_freiburg.informatik.ultimate.boogie.parser AST 17.06 09:30:09" (1/1) ...
[2020-06-17 21:30:09,812 INFO  L185        PluginConnector]: Executing the observer TypeChecker from plugin Boogie Preprocessor for "68.bpl de.uni_freiburg.informatik.ultimate.boogie.parser AST 17.06 09:30:09" (1/1) ...
[2020-06-17 21:30:09,816 INFO  L185        PluginConnector]: Executing the observer ConstExpander from plugin Boogie Preprocessor for "68.bpl de.uni_freiburg.informatik.ultimate.boogie.parser AST 17.06 09:30:09" (1/1) ...
[2020-06-17 21:30:09,816 INFO  L185        PluginConnector]: Executing the observer StructExpander from plugin Boogie Preprocessor for "68.bpl de.uni_freiburg.informatik.ultimate.boogie.parser AST 17.06 09:30:09" (1/1) ...
[2020-06-17 21:30:09,818 INFO  L185        PluginConnector]: Executing the observer UnstructureCode from plugin Boogie Preprocessor for "68.bpl de.uni_freiburg.informatik.ultimate.boogie.parser AST 17.06 09:30:09" (1/1) ...
[2020-06-17 21:30:09,821 INFO  L185        PluginConnector]: Executing the observer FunctionInliner from plugin Boogie Preprocessor for "68.bpl de.uni_freiburg.informatik.ultimate.boogie.parser AST 17.06 09:30:09" (1/1) ...
[2020-06-17 21:30:09,822 INFO  L185        PluginConnector]: Executing the observer BoogieSymbolTableConstructor from plugin Boogie Preprocessor for "68.bpl de.uni_freiburg.informatik.ultimate.boogie.parser AST 17.06 09:30:09" (1/1) ...
[2020-06-17 21:30:09,823 INFO  L132        PluginConnector]: ------------------------ END Boogie Preprocessor----------------------------
[2020-06-17 21:30:09,824 INFO  L113        PluginConnector]: ------------------------RCFGBuilder----------------------------
[2020-06-17 21:30:09,824 INFO  L271        PluginConnector]: Initializing RCFGBuilder...
[2020-06-17 21:30:09,824 INFO  L276        PluginConnector]: RCFGBuilder initialized
[2020-06-17 21:30:09,825 INFO  L185        PluginConnector]: Executing the observer RCFGBuilderObserver from plugin RCFGBuilder for "68.bpl de.uni_freiburg.informatik.ultimate.boogie.parser AST 17.06 09:30:09" (1/1) ...
No working directory specified, using /home/lixie/LassoRankerExp/LassoRankerExp/z3
Starting monitored process 1 with z3 SMTLIB2_COMPLIANT=true -memory:1024 -smt2 -in -t:12000 (exit command is (exit), workingDir is null)
Waiting until toolchain timeout for monitored process 1 with z3 SMTLIB2_COMPLIANT=true -memory:1024 -smt2 -in -t:12000
[2020-06-17 21:30:09,862 INFO  L124     BoogieDeclarations]: Specification and implementation of procedure main given in one single declaration
[2020-06-17 21:30:09,862 INFO  L130     BoogieDeclarations]: Found specification of procedure main
[2020-06-17 21:30:09,862 INFO  L138     BoogieDeclarations]: Found implementation of procedure main
[2020-06-17 21:30:09,938 INFO  L278             CfgBuilder]: Using library mode
[2020-06-17 21:30:09,938 INFO  L286             CfgBuilder]: Removed 0 assue(true) statements.
[2020-06-17 21:30:09,939 INFO  L202        PluginConnector]: Adding new model 68.bpl de.uni_freiburg.informatik.ultimate.plugins.generator.rcfgbuilder CFG 17.06 09:30:09 BoogieIcfgContainer
[2020-06-17 21:30:09,939 INFO  L132        PluginConnector]: ------------------------ END RCFGBuilder----------------------------
[2020-06-17 21:30:09,940 INFO  L113        PluginConnector]: ------------------------LassoRanker----------------------------
[2020-06-17 21:30:09,940 INFO  L271        PluginConnector]: Initializing LassoRanker...
[2020-06-17 21:30:09,940 INFO  L276        PluginConnector]: LassoRanker initialized
[2020-06-17 21:30:09,940 INFO  L185        PluginConnector]: Executing the observer LassoRankerObserver from plugin LassoRanker for "68.bpl de.uni_freiburg.informatik.ultimate.plugins.generator.rcfgbuilder CFG 17.06 09:30:09" (1/1) ...
[2020-06-17 21:30:09,961 INFO  L72            BuchiIsEmpty]: Start buchiIsEmpty. Operand 2 states.
[2020-06-17 21:30:09,974 INFO  L131   ngComponentsAnalysis]: Automaton has 1 accepting balls. 1
[2020-06-17 21:30:09,974 INFO  L87            BuchiIsEmpty]: Finished buchiIsEmpty Result is false
[2020-06-17 21:30:09,974 INFO  L119           BuchiIsEmpty]: Starting construction of run
[2020-06-17 21:30:09,979 INFO  L104     BuchiDifferenceFKV]: Start buchiDifferenceFKV. First operand 2 states. Second operand 1 states.
[2020-06-17 21:30:09,987 INFO  L108     BuchiDifferenceFKV]: Finished buchiDifferenceFKV. First operand 2 states. Second operand 1 states. Result 3 states and 4 transitions. Complement of second has 2 states 2 powerset states0 rank states. The highest rank that occured is -1
[2020-06-17 21:30:09,987 INFO  L72            BuchiIsEmpty]: Start buchiIsEmpty. Operand 3 states and 4 transitions.
[2020-06-17 21:30:09,987 INFO  L131   ngComponentsAnalysis]: Automaton has 0 accepting balls. 0
[2020-06-17 21:30:09,987 INFO  L87            BuchiIsEmpty]: Finished buchiIsEmpty Result is true
[2020-06-17 21:30:10,025 INFO  L216          LassoAnalysis]: Preferences:
[2020-06-17 21:30:10,026 INFO  L124   ssoRankerPreferences]: Compute integeral hull: false
[2020-06-17 21:30:10,027 INFO  L125   ssoRankerPreferences]: Enable LassoPartitioneer: true
[2020-06-17 21:30:10,027 INFO  L126   ssoRankerPreferences]: Term annotations enabled: false
[2020-06-17 21:30:10,027 INFO  L127   ssoRankerPreferences]: Use exernal solver: true
[2020-06-17 21:30:10,027 INFO  L128   ssoRankerPreferences]: SMT solver command: z3 -smt2 -in SMTLIB2_COMPLIANT=true
[2020-06-17 21:30:10,027 INFO  L129   ssoRankerPreferences]: Dump SMT script to file: false
[2020-06-17 21:30:10,027 INFO  L130   ssoRankerPreferences]: Path of dumped script: .
[2020-06-17 21:30:10,027 INFO  L131   ssoRankerPreferences]: Filename of dumped script: LassoRankerScript
[2020-06-17 21:30:10,027 INFO  L132   ssoRankerPreferences]: MapElimAlgo: Frank
[2020-06-17 21:30:10,027 INFO  L282          LassoAnalysis]: Starting lasso preprocessing...
[2020-06-17 21:30:10,040 INFO  L141          MapEliminator]: Using MapEliminator with SimplificationTechnique=SIMPLIFY_DDA XnfConversionTechnique=BOTTOM_UP_WITH_LOCAL_SIMPLIFICATION AddInequalities=false OnlyTrivialImplicationsArrayWrite=false OnlyTrivialImplicationsForModifiedArguments=true OnlyArgumentsInFormula=true
[2020-06-17 21:30:10,102 INFO  L300          LassoAnalysis]: Preprocessing complete.
[2020-06-17 21:30:10,102 INFO  L412          LassoAnalysis]: Checking for nontermination...
No working directory specified, using /home/lixie/LassoRankerExp/LassoRankerExp/z3
Starting monitored process 2 with z3 -smt2 -in SMTLIB2_COMPLIANT=true (exit command is (exit), workingDir is null)
Waiting until toolchain timeout for monitored process 2 with z3 -smt2 -in SMTLIB2_COMPLIANT=true
[2020-06-17 21:30:10,106 INFO  L151   nArgumentSynthesizer]: Nontermination analysis: LINEAR_WITH_GUESSES Allow bounded executions: true Number of generalized eigenvectors: 0 Nilpotent components: true
No working directory specified, using /home/lixie/LassoRankerExp/LassoRankerExp/z3
Starting monitored process 3 with z3 -smt2 -in SMTLIB2_COMPLIANT=true (exit command is (exit), workingDir is null)
Waiting until toolchain timeout for monitored process 3 with z3 -smt2 -in SMTLIB2_COMPLIANT=true
[2020-06-17 21:30:10,124 INFO  L151   nArgumentSynthesizer]: Nontermination analysis: LINEAR_WITH_GUESSES Allow bounded executions: true Number of generalized eigenvectors: 3 Nilpotent components: true
[2020-06-17 21:30:10,139 INFO  L452          LassoAnalysis]: Proving nontermination failed: No geometric nontermination argument exists.
[2020-06-17 21:30:10,153 INFO  L216          LassoAnalysis]: Preferences:
[2020-06-17 21:30:10,154 INFO  L124   ssoRankerPreferences]: Compute integeral hull: false
[2020-06-17 21:30:10,154 INFO  L125   ssoRankerPreferences]: Enable LassoPartitioneer: true
[2020-06-17 21:30:10,154 INFO  L126   ssoRankerPreferences]: Term annotations enabled: false
[2020-06-17 21:30:10,154 INFO  L127   ssoRankerPreferences]: Use exernal solver: true
[2020-06-17 21:30:10,154 INFO  L128   ssoRankerPreferences]: SMT solver command: z3 -smt2 -in SMTLIB2_COMPLIANT=true
[2020-06-17 21:30:10,154 INFO  L129   ssoRankerPreferences]: Dump SMT script to file: false
[2020-06-17 21:30:10,154 INFO  L130   ssoRankerPreferences]: Path of dumped script: .
[2020-06-17 21:30:10,154 INFO  L131   ssoRankerPreferences]: Filename of dumped script: LassoRankerScript
[2020-06-17 21:30:10,154 INFO  L132   ssoRankerPreferences]: MapElimAlgo: Frank
[2020-06-17 21:30:10,154 INFO  L282          LassoAnalysis]: Starting lasso preprocessing...
[2020-06-17 21:30:10,155 INFO  L141          MapEliminator]: Using MapEliminator with SimplificationTechnique=SIMPLIFY_DDA XnfConversionTechnique=BOTTOM_UP_WITH_LOCAL_SIMPLIFICATION AddInequalities=false OnlyTrivialImplicationsArrayWrite=false OnlyTrivialImplicationsForModifiedArguments=true OnlyArgumentsInFormula=true
[2020-06-17 21:30:10,204 INFO  L300          LassoAnalysis]: Preprocessing complete.
[2020-06-17 21:30:10,209 INFO  L497          LassoAnalysis]: Using template 'affine'.
No working directory specified, using /home/lixie/LassoRankerExp/LassoRankerExp/z3
Starting monitored process 4 with z3 -smt2 -in SMTLIB2_COMPLIANT=true (exit command is (exit), workingDir is null)
Waiting until toolchain timeout for monitored process 4 with z3 -smt2 -in SMTLIB2_COMPLIANT=true
[2020-06-17 21:30:10,212 INFO  L122   nArgumentSynthesizer]: Termination Analysis Settings:
Termination analysis: LINEAR_WITH_GUESSES
Number of strict supporting invariants: 1
Number of non-strict supporting invariants: 0
Consider only non-deceasing supporting invariants: true
Simplify termination arguments: true
Simplify supporting invariants: trueOverapproximate stem: false
[2020-06-17 21:30:10,214 INFO  L339   nArgumentSynthesizer]: Template has degree 0.
[2020-06-17 21:30:10,214 INFO  L352   nArgumentSynthesizer]: There is no stem transition; disabling supporting invariant generation.
[2020-06-17 21:30:10,214 INFO  L205   nArgumentSynthesizer]: 1 stem disjuncts
[2020-06-17 21:30:10,215 INFO  L206   nArgumentSynthesizer]: 1 loop disjuncts
[2020-06-17 21:30:10,215 INFO  L207   nArgumentSynthesizer]: 2 template conjuncts.
[2020-06-17 21:30:10,218 INFO  L402   nArgumentSynthesizer]: We have 2 Motzkin's Theorem applications.
[2020-06-17 21:30:10,218 INFO  L403   nArgumentSynthesizer]: A total of 0 supporting invariants were added.
[2020-06-17 21:30:10,221 INFO  L530          LassoAnalysis]: Proving termination failed for this template and these settings.
[2020-06-17 21:30:10,243 INFO  L497          LassoAnalysis]: Using template '2-nested'.
No working directory specified, using /home/lixie/LassoRankerExp/LassoRankerExp/z3
Starting monitored process 5 with z3 -smt2 -in SMTLIB2_COMPLIANT=true (exit command is (exit), workingDir is null)
Waiting until toolchain timeout for monitored process 5 with z3 -smt2 -in SMTLIB2_COMPLIANT=true
[2020-06-17 21:30:10,245 INFO  L122   nArgumentSynthesizer]: Termination Analysis Settings:
Termination analysis: LINEAR_WITH_GUESSES
Number of strict supporting invariants: 1
Number of non-strict supporting invariants: 0
Consider only non-deceasing supporting invariants: true
Simplify termination arguments: true
Simplify supporting invariants: trueOverapproximate stem: false
[2020-06-17 21:30:10,246 INFO  L339   nArgumentSynthesizer]: Template has degree 0.
[2020-06-17 21:30:10,246 INFO  L352   nArgumentSynthesizer]: There is no stem transition; disabling supporting invariant generation.
[2020-06-17 21:30:10,247 INFO  L205   nArgumentSynthesizer]: 1 stem disjuncts
[2020-06-17 21:30:10,247 INFO  L206   nArgumentSynthesizer]: 1 loop disjuncts
[2020-06-17 21:30:10,247 INFO  L207   nArgumentSynthesizer]: 3 template conjuncts.
[2020-06-17 21:30:10,249 INFO  L402   nArgumentSynthesizer]: We have 3 Motzkin's Theorem applications.
[2020-06-17 21:30:10,249 INFO  L403   nArgumentSynthesizer]: A total of 0 supporting invariants were added.
[2020-06-17 21:30:10,251 INFO  L530          LassoAnalysis]: Proving termination failed for this template and these settings.
[2020-06-17 21:30:10,263 INFO  L497          LassoAnalysis]: Using template '3-nested'.
No working directory specified, using /home/lixie/LassoRankerExp/LassoRankerExp/z3
Starting monitored process 6 with z3 -smt2 -in SMTLIB2_COMPLIANT=true (exit command is (exit), workingDir is null)
Waiting until toolchain timeout for monitored process 6 with z3 -smt2 -in SMTLIB2_COMPLIANT=true
[2020-06-17 21:30:10,265 INFO  L122   nArgumentSynthesizer]: Termination Analysis Settings:
Termination analysis: LINEAR_WITH_GUESSES
Number of strict supporting invariants: 1
Number of non-strict supporting invariants: 0
Consider only non-deceasing supporting invariants: true
Simplify termination arguments: true
Simplify supporting invariants: trueOverapproximate stem: false
[2020-06-17 21:30:10,266 INFO  L339   nArgumentSynthesizer]: Template has degree 0.
[2020-06-17 21:30:10,267 INFO  L352   nArgumentSynthesizer]: There is no stem transition; disabling supporting invariant generation.
[2020-06-17 21:30:10,267 INFO  L205   nArgumentSynthesizer]: 1 stem disjuncts
[2020-06-17 21:30:10,267 INFO  L206   nArgumentSynthesizer]: 1 loop disjuncts
[2020-06-17 21:30:10,267 INFO  L207   nArgumentSynthesizer]: 4 template conjuncts.
[2020-06-17 21:30:10,271 INFO  L402   nArgumentSynthesizer]: We have 4 Motzkin's Theorem applications.
[2020-06-17 21:30:10,271 INFO  L403   nArgumentSynthesizer]: A total of 0 supporting invariants were added.
[2020-06-17 21:30:10,276 INFO  L421   nArgumentSynthesizer]: Found a termination argument, trying to simplify.
[2020-06-17 21:30:10,284 INFO  L443   ModelExtractionUtils]: Simplification made 5 calls to the SMT solver.
[2020-06-17 21:30:10,285 INFO  L444   ModelExtractionUtils]: 5 out of 13 variables were initially zero. Simplification set additionally 1 variables to zero.
No working directory specified, using /home/lixie/LassoRankerExp/LassoRankerExp/z3
Starting monitored process 7 with z3 -smt2 -in SMTLIB2_COMPLIANT=true (exit command is (exit), workingDir is null)
Waiting until toolchain timeout for monitored process 7 with z3 -smt2 -in SMTLIB2_COMPLIANT=true
[2020-06-17 21:30:10,289 INFO  L437   nArgumentSynthesizer]: Simplifying supporting invariants...
[2020-06-17 21:30:10,290 INFO  L440   nArgumentSynthesizer]: Removed 0 redundant supporting invariants from a total of 0.
[2020-06-17 21:30:10,290 INFO  L518          LassoAnalysis]: Proved termination.
[2020-06-17 21:30:10,290 INFO  L520          LassoAnalysis]: Termination argument consisting of:
Ranking function 3-nested ranking function:
  f0 = 2*main_a + 4*main_q - 4*main_b
  f1 = 5*main_a + 4*main_q
  f2 = 5*main_q
Supporting invariants []
[2020-06-17 21:30:10,306 FATAL L292        ToolchainWalker]: The Plugin de.uni_freiburg.informatik.ultimate.plugins.analysis.lassoranker has thrown an exception:
java.lang.IllegalArgumentException: Unknown sort Int
	at de.uni_freiburg.informatik.ultimate.modelcheckerutils.boogie.TypeSortTranslator.getType(TypeSortTranslator.java:145)
	at de.uni_freiburg.informatik.ultimate.modelcheckerutils.boogie.Term2Expression.translate(Term2Expression.java:361)
	at de.uni_freiburg.informatik.ultimate.modelcheckerutils.boogie.Term2Expression.translate(Term2Expression.java:131)
	at de.uni_freiburg.informatik.ultimate.modelcheckerutils.boogie.Term2Expression.translate(Term2Expression.java:165)
	at de.uni_freiburg.informatik.ultimate.modelcheckerutils.boogie.Term2Expression.translate(Term2Expression.java:129)
	at de.uni_freiburg.informatik.ultimate.modelcheckerutils.boogie.Term2Expression.translate(Term2Expression.java:165)
	at de.uni_freiburg.informatik.ultimate.modelcheckerutils.boogie.Term2Expression.translate(Term2Expression.java:129)
	at de.uni_freiburg.informatik.ultimate.modelcheckerutils.boogie.Term2Expression.translate(Term2Expression.java:165)
	at de.uni_freiburg.informatik.ultimate.modelcheckerutils.boogie.Term2Expression.translate(Term2Expression.java:129)
	at de.uni_freiburg.informatik.ultimate.modelcheckerutils.boogie.Term2Expression.translate(Term2Expression.java:165)
	at de.uni_freiburg.informatik.ultimate.modelcheckerutils.boogie.Term2Expression.translate(Term2Expression.java:129)
	at de.uni_freiburg.informatik.ultimate.plugins.generator.rcfgbuilder.RCFGBacktranslator.translateExpression(RCFGBacktranslator.java:394)
	at de.uni_freiburg.informatik.ultimate.plugins.generator.rcfgbuilder.RCFGBacktranslator.translateExpression(RCFGBacktranslator.java:1)
	at de.uni_freiburg.informatik.ultimate.core.coreplugin.services.ModelTranslationContainer.translateExpression(ModelTranslationContainer.java:105)
	at de.uni_freiburg.informatik.ultimate.core.coreplugin.services.ModelTranslationContainer.translateExpressionToString(ModelTranslationContainer.java:89)
	at de.uni_freiburg.informatik.ultimate.core.lib.results.TerminationArgumentResult.getLongDescription(TerminationArgumentResult.java:95)
	at de.uni_freiburg.informatik.ultimate.core.coreplugin.services.ResultService.reportResult(ResultService.java:85)
	at de.uni_freiburg.informatik.ultimate.plugins.analysis.lassoranker.LassoRankerStarter.reportResult(LassoRankerStarter.java:552)
	at de.uni_freiburg.informatik.ultimate.plugins.analysis.lassoranker.LassoRankerStarter.reportTerminationResult(LassoRankerStarter.java:437)
	at de.uni_freiburg.informatik.ultimate.plugins.analysis.lassoranker.LassoRankerStarter.<init>(LassoRankerStarter.java:254)
	at de.uni_freiburg.informatik.ultimate.plugins.analysis.lassoranker.LassoRankerObserver.process(LassoRankerObserver.java:72)
	at de.uni_freiburg.informatik.ultimate.core.coreplugin.modelwalker.CFGWalker.runObserver(CFGWalker.java:57)
	at de.uni_freiburg.informatik.ultimate.core.coreplugin.modelwalker.BaseWalker.runObserver(BaseWalker.java:93)
	at de.uni_freiburg.informatik.ultimate.core.coreplugin.modelwalker.BaseWalker.run(BaseWalker.java:86)
	at de.uni_freiburg.informatik.ultimate.core.coreplugin.PluginConnector.runObserver(PluginConnector.java:167)
	at de.uni_freiburg.informatik.ultimate.core.coreplugin.PluginConnector.runTool(PluginConnector.java:156)
	at de.uni_freiburg.informatik.ultimate.core.coreplugin.PluginConnector.run(PluginConnector.java:128)
	at de.uni_freiburg.informatik.ultimate.core.coreplugin.ToolchainWalker.executePluginConnector(ToolchainWalker.java:232)
	at de.uni_freiburg.informatik.ultimate.core.coreplugin.ToolchainWalker.processPlugin(ToolchainWalker.java:226)
	at de.uni_freiburg.informatik.ultimate.core.coreplugin.ToolchainWalker.walkUnprotected(ToolchainWalker.java:142)
	at de.uni_freiburg.informatik.ultimate.core.coreplugin.ToolchainWalker.walk(ToolchainWalker.java:104)
	at de.uni_freiburg.informatik.ultimate.core.coreplugin.ToolchainManager$Toolchain.processToolchain(ToolchainManager.java:316)
	at de.uni_freiburg.informatik.ultimate.core.coreplugin.toolchain.DefaultToolchainJob.run(DefaultToolchainJob.java:145)
	at org.eclipse.core.internal.jobs.Worker.run(Worker.java:55)
[2020-06-17 21:30:10,308 INFO  L168              Benchmark]: Toolchain (without parser) took 522.31 ms. Allocated memory is still 514.9 MB. Free memory was 472.9 MB in the beginning and 409.8 MB in the end (delta: 63.0 MB). Peak memory consumption was 63.0 MB. Max. memory is 11.5 GB.
[2020-06-17 21:30:10,309 INFO  L168              Benchmark]: Boogie PL CUP Parser took 0.14 ms. Allocated memory is still 514.9 MB. Free memory is still 474.4 MB. There was no memory consumed. Max. memory is 11.5 GB.
[2020-06-17 21:30:10,309 INFO  L168              Benchmark]: Boogie Preprocessor took 29.43 ms. Allocated memory is still 514.9 MB. Free memory was 471.5 MB in the beginning and 470.2 MB in the end (delta: 1.3 MB). Peak memory consumption was 1.3 MB. Max. memory is 11.5 GB.
[2020-06-17 21:30:10,310 INFO  L168              Benchmark]: RCFGBuilder took 115.74 ms. Allocated memory is still 514.9 MB. Free memory was 470.2 MB in the beginning and 460.6 MB in the end (delta: 9.6 MB). Peak memory consumption was 9.6 MB. Max. memory is 11.5 GB.
[2020-06-17 21:30:10,310 INFO  L168              Benchmark]: LassoRanker took 367.89 ms. Allocated memory is still 514.9 MB. Free memory was 460.6 MB in the beginning and 409.8 MB in the end (delta: 50.8 MB). Peak memory consumption was 50.8 MB. Max. memory is 11.5 GB.
[2020-06-17 21:30:10,312 INFO  L336   ainManager$Toolchain]: #######################  End [Toolchain 1] #######################
 --- Results ---
 * Results from de.uni_freiburg.informatik.ultimate.core:
  - StatisticsResult: Toolchain Benchmarks
    Benchmark results are:
 * Boogie PL CUP Parser took 0.14 ms. Allocated memory is still 514.9 MB. Free memory is still 474.4 MB. There was no memory consumed. Max. memory is 11.5 GB.
 * Boogie Preprocessor took 29.43 ms. Allocated memory is still 514.9 MB. Free memory was 471.5 MB in the beginning and 470.2 MB in the end (delta: 1.3 MB). Peak memory consumption was 1.3 MB. Max. memory is 11.5 GB.
 * RCFGBuilder took 115.74 ms. Allocated memory is still 514.9 MB. Free memory was 470.2 MB in the beginning and 460.6 MB in the end (delta: 9.6 MB). Peak memory consumption was 9.6 MB. Max. memory is 11.5 GB.
 * LassoRanker took 367.89 ms. Allocated memory is still 514.9 MB. Free memory was 460.6 MB in the beginning and 409.8 MB in the end (delta: 50.8 MB). Peak memory consumption was 50.8 MB. Max. memory is 11.5 GB.
 * Results from de.uni_freiburg.informatik.ultimate.plugins.analysis.lassoranker:
  - ExceptionOrErrorResult: IllegalArgumentException: Unknown sort Int
    de.uni_freiburg.informatik.ultimate.plugins.analysis.lassoranker: IllegalArgumentException: Unknown sort Int: de.uni_freiburg.informatik.ultimate.modelcheckerutils.boogie.TypeSortTranslator.getType(TypeSortTranslator.java:145)
RESULT: Ultimate could not prove your program: Toolchain returned no result.
Received shutdown request...
Ultimate:
GTK+ Version Check
