This is Ultimate 0.1.24-16d85fa
[2020-06-17 21:35:28,279 INFO  L170        SettingsManager]: Resetting all preferences to default values...
[2020-06-17 21:35:28,280 INFO  L174        SettingsManager]: Resetting UltimateCore preferences to default values
[2020-06-17 21:35:28,290 INFO  L177        SettingsManager]: Ultimate Commandline Interface provides no preferences, ignoring...
[2020-06-17 21:35:28,290 INFO  L174        SettingsManager]: Resetting Boogie Preprocessor preferences to default values
[2020-06-17 21:35:28,290 INFO  L174        SettingsManager]: Resetting Boogie Procedure Inliner preferences to default values
[2020-06-17 21:35:28,291 INFO  L174        SettingsManager]: Resetting Abstract Interpretation preferences to default values
[2020-06-17 21:35:28,293 INFO  L174        SettingsManager]: Resetting LassoRanker preferences to default values
[2020-06-17 21:35:28,294 INFO  L174        SettingsManager]: Resetting Reaching Definitions preferences to default values
[2020-06-17 21:35:28,294 INFO  L174        SettingsManager]: Resetting SyntaxChecker preferences to default values
[2020-06-17 21:35:28,295 INFO  L177        SettingsManager]: Büchi Program Product provides no preferences, ignoring...
[2020-06-17 21:35:28,295 INFO  L174        SettingsManager]: Resetting LTL2Aut preferences to default values
[2020-06-17 21:35:28,295 INFO  L174        SettingsManager]: Resetting PEA to Boogie preferences to default values
[2020-06-17 21:35:28,296 INFO  L174        SettingsManager]: Resetting BlockEncodingV2 preferences to default values
[2020-06-17 21:35:28,297 INFO  L174        SettingsManager]: Resetting ChcToBoogie preferences to default values
[2020-06-17 21:35:28,297 INFO  L174        SettingsManager]: Resetting AutomataScriptInterpreter preferences to default values
[2020-06-17 21:35:28,298 INFO  L174        SettingsManager]: Resetting BuchiAutomizer preferences to default values
[2020-06-17 21:35:28,299 INFO  L174        SettingsManager]: Resetting CACSL2BoogieTranslator preferences to default values
[2020-06-17 21:35:28,300 INFO  L174        SettingsManager]: Resetting CodeCheck preferences to default values
[2020-06-17 21:35:28,301 INFO  L174        SettingsManager]: Resetting InvariantSynthesis preferences to default values
[2020-06-17 21:35:28,301 INFO  L174        SettingsManager]: Resetting RCFGBuilder preferences to default values
[2020-06-17 21:35:28,302 INFO  L174        SettingsManager]: Resetting TraceAbstraction preferences to default values
[2020-06-17 21:35:28,304 INFO  L177        SettingsManager]: TraceAbstractionConcurrent provides no preferences, ignoring...
[2020-06-17 21:35:28,304 INFO  L177        SettingsManager]: TraceAbstractionWithAFAs provides no preferences, ignoring...
[2020-06-17 21:35:28,304 INFO  L174        SettingsManager]: Resetting TreeAutomizer preferences to default values
[2020-06-17 21:35:28,305 INFO  L174        SettingsManager]: Resetting IcfgTransformer preferences to default values
[2020-06-17 21:35:28,305 INFO  L174        SettingsManager]: Resetting Boogie Printer preferences to default values
[2020-06-17 21:35:28,306 INFO  L174        SettingsManager]: Resetting ReqPrinter preferences to default values
[2020-06-17 21:35:28,306 INFO  L174        SettingsManager]: Resetting Witness Printer preferences to default values
[2020-06-17 21:35:28,307 INFO  L177        SettingsManager]: Boogie PL CUP Parser provides no preferences, ignoring...
[2020-06-17 21:35:28,307 INFO  L174        SettingsManager]: Resetting CDTParser preferences to default values
[2020-06-17 21:35:28,307 INFO  L177        SettingsManager]: AutomataScriptParser provides no preferences, ignoring...
[2020-06-17 21:35:28,308 INFO  L177        SettingsManager]: ReqParser provides no preferences, ignoring...
[2020-06-17 21:35:28,308 INFO  L174        SettingsManager]: Resetting SmtParser preferences to default values
[2020-06-17 21:35:28,308 INFO  L174        SettingsManager]: Resetting Witness Parser preferences to default values
[2020-06-17 21:35:28,309 INFO  L181        SettingsManager]: Finished resetting all preferences to default values...
[2020-06-17 21:35:28,324 INFO  L81    nceAwareModelManager]: Repository-Root is: /tmp
[2020-06-17 21:35:28,332 INFO  L258   ainManager$Toolchain]: [Toolchain 1]: Applicable parser(s) successfully (re)initialized
[2020-06-17 21:35:28,334 INFO  L214   ainManager$Toolchain]: [Toolchain 1]: Toolchain selected.
[2020-06-17 21:35:28,335 INFO  L271        PluginConnector]: Initializing Boogie PL CUP Parser...
[2020-06-17 21:35:28,336 INFO  L276        PluginConnector]: Boogie PL CUP Parser initialized
[2020-06-17 21:35:28,336 INFO  L418   ainManager$Toolchain]: [Toolchain 1]: Parsing single file: /home/lixie/LassoRankerExp/LassoRankerExp/./Program_non/7.bpl
[2020-06-17 21:35:28,336 INFO  L111           BoogieParser]: Parsing: '/home/lixie/LassoRankerExp/LassoRankerExp/./Program_non/7.bpl'
[2020-06-17 21:35:28,357 INFO  L296   ainManager$Toolchain]: ####################### [Toolchain 1] #######################
[2020-06-17 21:35:28,364 INFO  L131        ToolchainWalker]: Walking toolchain with 3 elements.
[2020-06-17 21:35:28,365 INFO  L113        PluginConnector]: ------------------------Boogie Preprocessor----------------------------
[2020-06-17 21:35:28,365 INFO  L271        PluginConnector]: Initializing Boogie Preprocessor...
[2020-06-17 21:35:28,365 INFO  L276        PluginConnector]: Boogie Preprocessor initialized
[2020-06-17 21:35:28,385 INFO  L185        PluginConnector]: Executing the observer EnsureBoogieModelObserver from plugin Boogie Preprocessor for "7.bpl de.uni_freiburg.informatik.ultimate.boogie.parser AST 17.06 09:35:28" (1/1) ...
[2020-06-17 21:35:28,386 INFO  L185        PluginConnector]: Executing the observer TypeChecker from plugin Boogie Preprocessor for "7.bpl de.uni_freiburg.informatik.ultimate.boogie.parser AST 17.06 09:35:28" (1/1) ...
[2020-06-17 21:35:28,390 INFO  L185        PluginConnector]: Executing the observer ConstExpander from plugin Boogie Preprocessor for "7.bpl de.uni_freiburg.informatik.ultimate.boogie.parser AST 17.06 09:35:28" (1/1) ...
[2020-06-17 21:35:28,390 INFO  L185        PluginConnector]: Executing the observer StructExpander from plugin Boogie Preprocessor for "7.bpl de.uni_freiburg.informatik.ultimate.boogie.parser AST 17.06 09:35:28" (1/1) ...
[2020-06-17 21:35:28,391 INFO  L185        PluginConnector]: Executing the observer UnstructureCode from plugin Boogie Preprocessor for "7.bpl de.uni_freiburg.informatik.ultimate.boogie.parser AST 17.06 09:35:28" (1/1) ...
[2020-06-17 21:35:28,395 INFO  L185        PluginConnector]: Executing the observer FunctionInliner from plugin Boogie Preprocessor for "7.bpl de.uni_freiburg.informatik.ultimate.boogie.parser AST 17.06 09:35:28" (1/1) ...
[2020-06-17 21:35:28,395 INFO  L185        PluginConnector]: Executing the observer BoogieSymbolTableConstructor from plugin Boogie Preprocessor for "7.bpl de.uni_freiburg.informatik.ultimate.boogie.parser AST 17.06 09:35:28" (1/1) ...
[2020-06-17 21:35:28,396 INFO  L132        PluginConnector]: ------------------------ END Boogie Preprocessor----------------------------
[2020-06-17 21:35:28,397 INFO  L113        PluginConnector]: ------------------------RCFGBuilder----------------------------
[2020-06-17 21:35:28,397 INFO  L271        PluginConnector]: Initializing RCFGBuilder...
[2020-06-17 21:35:28,397 INFO  L276        PluginConnector]: RCFGBuilder initialized
[2020-06-17 21:35:28,398 INFO  L185        PluginConnector]: Executing the observer RCFGBuilderObserver from plugin RCFGBuilder for "7.bpl de.uni_freiburg.informatik.ultimate.boogie.parser AST 17.06 09:35:28" (1/1) ...
No working directory specified, using /home/lixie/LassoRankerExp/LassoRankerExp/z3
Starting monitored process 1 with z3 SMTLIB2_COMPLIANT=true -memory:1024 -smt2 -in -t:12000 (exit command is (exit), workingDir is null)
Waiting until toolchain timeout for monitored process 1 with z3 SMTLIB2_COMPLIANT=true -memory:1024 -smt2 -in -t:12000
[2020-06-17 21:35:28,437 INFO  L124     BoogieDeclarations]: Specification and implementation of procedure main given in one single declaration
[2020-06-17 21:35:28,437 INFO  L130     BoogieDeclarations]: Found specification of procedure main
[2020-06-17 21:35:28,437 INFO  L138     BoogieDeclarations]: Found implementation of procedure main
[2020-06-17 21:35:28,504 INFO  L278             CfgBuilder]: Using library mode
[2020-06-17 21:35:28,505 INFO  L286             CfgBuilder]: Removed 0 assue(true) statements.
[2020-06-17 21:35:28,505 INFO  L202        PluginConnector]: Adding new model 7.bpl de.uni_freiburg.informatik.ultimate.plugins.generator.rcfgbuilder CFG 17.06 09:35:28 BoogieIcfgContainer
[2020-06-17 21:35:28,505 INFO  L132        PluginConnector]: ------------------------ END RCFGBuilder----------------------------
[2020-06-17 21:35:28,506 INFO  L113        PluginConnector]: ------------------------LassoRanker----------------------------
[2020-06-17 21:35:28,506 INFO  L271        PluginConnector]: Initializing LassoRanker...
[2020-06-17 21:35:28,506 INFO  L276        PluginConnector]: LassoRanker initialized
[2020-06-17 21:35:28,506 INFO  L185        PluginConnector]: Executing the observer LassoRankerObserver from plugin LassoRanker for "7.bpl de.uni_freiburg.informatik.ultimate.plugins.generator.rcfgbuilder CFG 17.06 09:35:28" (1/1) ...
[2020-06-17 21:35:28,524 INFO  L72            BuchiIsEmpty]: Start buchiIsEmpty. Operand 2 states.
[2020-06-17 21:35:28,538 INFO  L131   ngComponentsAnalysis]: Automaton has 1 accepting balls. 1
[2020-06-17 21:35:28,538 INFO  L87            BuchiIsEmpty]: Finished buchiIsEmpty Result is false
[2020-06-17 21:35:28,538 INFO  L119           BuchiIsEmpty]: Starting construction of run
[2020-06-17 21:35:28,542 INFO  L104     BuchiDifferenceFKV]: Start buchiDifferenceFKV. First operand 2 states. Second operand 1 states.
[2020-06-17 21:35:28,549 INFO  L108     BuchiDifferenceFKV]: Finished buchiDifferenceFKV. First operand 2 states. Second operand 1 states. Result 3 states and 4 transitions. Complement of second has 2 states 2 powerset states0 rank states. The highest rank that occured is -1
[2020-06-17 21:35:28,550 INFO  L72            BuchiIsEmpty]: Start buchiIsEmpty. Operand 3 states and 4 transitions.
[2020-06-17 21:35:28,550 INFO  L131   ngComponentsAnalysis]: Automaton has 0 accepting balls. 0
[2020-06-17 21:35:28,550 INFO  L87            BuchiIsEmpty]: Finished buchiIsEmpty Result is true
[2020-06-17 21:35:28,586 INFO  L216          LassoAnalysis]: Preferences:
[2020-06-17 21:35:28,587 INFO  L124   ssoRankerPreferences]: Compute integeral hull: false
[2020-06-17 21:35:28,587 INFO  L125   ssoRankerPreferences]: Enable LassoPartitioneer: true
[2020-06-17 21:35:28,587 INFO  L126   ssoRankerPreferences]: Term annotations enabled: false
[2020-06-17 21:35:28,587 INFO  L127   ssoRankerPreferences]: Use exernal solver: true
[2020-06-17 21:35:28,587 INFO  L128   ssoRankerPreferences]: SMT solver command: z3 -smt2 -in SMTLIB2_COMPLIANT=true
[2020-06-17 21:35:28,588 INFO  L129   ssoRankerPreferences]: Dump SMT script to file: false
[2020-06-17 21:35:28,588 INFO  L130   ssoRankerPreferences]: Path of dumped script: .
[2020-06-17 21:35:28,588 INFO  L131   ssoRankerPreferences]: Filename of dumped script: LassoRankerScript
[2020-06-17 21:35:28,588 INFO  L132   ssoRankerPreferences]: MapElimAlgo: Frank
[2020-06-17 21:35:28,588 INFO  L282          LassoAnalysis]: Starting lasso preprocessing...
[2020-06-17 21:35:28,602 INFO  L141          MapEliminator]: Using MapEliminator with SimplificationTechnique=SIMPLIFY_DDA XnfConversionTechnique=BOTTOM_UP_WITH_LOCAL_SIMPLIFICATION AddInequalities=false OnlyTrivialImplicationsArrayWrite=false OnlyTrivialImplicationsForModifiedArguments=true OnlyArgumentsInFormula=true
[2020-06-17 21:35:28,691 INFO  L300          LassoAnalysis]: Preprocessing complete.
[2020-06-17 21:35:28,692 INFO  L412          LassoAnalysis]: Checking for nontermination...
No working directory specified, using /home/lixie/LassoRankerExp/LassoRankerExp/z3
Starting monitored process 2 with z3 -smt2 -in SMTLIB2_COMPLIANT=true (exit command is (exit), workingDir is null)
Waiting until toolchain timeout for monitored process 2 with z3 -smt2 -in SMTLIB2_COMPLIANT=true
[2020-06-17 21:35:28,695 INFO  L151   nArgumentSynthesizer]: Nontermination analysis: LINEAR_WITH_GUESSES Allow bounded executions: true Number of generalized eigenvectors: 0 Nilpotent components: true
[2020-06-17 21:35:28,696 INFO  L163   nArgumentSynthesizer]: Using integer mode.
No working directory specified, using /home/lixie/LassoRankerExp/LassoRankerExp/z3
Starting monitored process 3 with z3 -smt2 -in SMTLIB2_COMPLIANT=true (exit command is (exit), workingDir is null)
Waiting until toolchain timeout for monitored process 3 with z3 -smt2 -in SMTLIB2_COMPLIANT=true
[2020-06-17 21:35:28,717 INFO  L151   nArgumentSynthesizer]: Nontermination analysis: LINEAR_WITH_GUESSES Allow bounded executions: true Number of generalized eigenvectors: 3 Nilpotent components: true
[2020-06-17 21:35:28,717 INFO  L163   nArgumentSynthesizer]: Using integer mode.
[2020-06-17 21:35:28,747 INFO  L452          LassoAnalysis]: Proving nontermination failed: No geometric nontermination argument exists.
[2020-06-17 21:35:28,748 INFO  L216          LassoAnalysis]: Preferences:
[2020-06-17 21:35:28,748 INFO  L124   ssoRankerPreferences]: Compute integeral hull: false
[2020-06-17 21:35:28,748 INFO  L125   ssoRankerPreferences]: Enable LassoPartitioneer: true
[2020-06-17 21:35:28,748 INFO  L126   ssoRankerPreferences]: Term annotations enabled: false
[2020-06-17 21:35:28,748 INFO  L127   ssoRankerPreferences]: Use exernal solver: true
[2020-06-17 21:35:28,749 INFO  L128   ssoRankerPreferences]: SMT solver command: z3 -smt2 -in SMTLIB2_COMPLIANT=true
[2020-06-17 21:35:28,749 INFO  L129   ssoRankerPreferences]: Dump SMT script to file: false
[2020-06-17 21:35:28,749 INFO  L130   ssoRankerPreferences]: Path of dumped script: .
[2020-06-17 21:35:28,749 INFO  L131   ssoRankerPreferences]: Filename of dumped script: LassoRankerScript
[2020-06-17 21:35:28,749 INFO  L132   ssoRankerPreferences]: MapElimAlgo: Frank
[2020-06-17 21:35:28,749 INFO  L282          LassoAnalysis]: Starting lasso preprocessing...
[2020-06-17 21:35:28,750 INFO  L141          MapEliminator]: Using MapEliminator with SimplificationTechnique=SIMPLIFY_DDA XnfConversionTechnique=BOTTOM_UP_WITH_LOCAL_SIMPLIFICATION AddInequalities=false OnlyTrivialImplicationsArrayWrite=false OnlyTrivialImplicationsForModifiedArguments=true OnlyArgumentsInFormula=true
[2020-06-17 21:35:28,813 INFO  L300          LassoAnalysis]: Preprocessing complete.
[2020-06-17 21:35:28,816 INFO  L497          LassoAnalysis]: Using template 'affine'.
No working directory specified, using /home/lixie/LassoRankerExp/LassoRankerExp/z3
Starting monitored process 4 with z3 -smt2 -in SMTLIB2_COMPLIANT=true (exit command is (exit), workingDir is null)
Waiting until toolchain timeout for monitored process 4 with z3 -smt2 -in SMTLIB2_COMPLIANT=true
[2020-06-17 21:35:28,819 INFO  L122   nArgumentSynthesizer]: Termination Analysis Settings:
Termination analysis: LINEAR_WITH_GUESSES
Number of strict supporting invariants: 1
Number of non-strict supporting invariants: 0
Consider only non-deceasing supporting invariants: true
Simplify termination arguments: true
Simplify supporting invariants: trueOverapproximate stem: false
[2020-06-17 21:35:28,821 INFO  L339   nArgumentSynthesizer]: Template has degree 0.
[2020-06-17 21:35:28,821 INFO  L352   nArgumentSynthesizer]: There is no stem transition; disabling supporting invariant generation.
[2020-06-17 21:35:28,821 INFO  L205   nArgumentSynthesizer]: 1 stem disjuncts
[2020-06-17 21:35:28,821 INFO  L206   nArgumentSynthesizer]: 2 loop disjuncts
[2020-06-17 21:35:28,821 INFO  L207   nArgumentSynthesizer]: 2 template conjuncts.
[2020-06-17 21:35:28,825 INFO  L402   nArgumentSynthesizer]: We have 4 Motzkin's Theorem applications.
[2020-06-17 21:35:28,826 INFO  L403   nArgumentSynthesizer]: A total of 0 supporting invariants were added.
[2020-06-17 21:35:28,829 INFO  L530          LassoAnalysis]: Proving termination failed for this template and these settings.
[2020-06-17 21:35:28,842 INFO  L497          LassoAnalysis]: Using template '2-nested'.
No working directory specified, using /home/lixie/LassoRankerExp/LassoRankerExp/z3
Starting monitored process 5 with z3 -smt2 -in SMTLIB2_COMPLIANT=true (exit command is (exit), workingDir is null)
[2020-06-17 21:35:28,845 INFO  L122   nArgumentSynthesizer]: Termination Analysis Settings:
Termination analysis: LINEAR_WITH_GUESSES
Number of strict supporting invariants: 1
Number of non-strict supporting invariants: 0
Consider only non-deceasing supporting invariants: true
Simplify termination arguments: true
Simplify supporting invariants: trueOverapproximate stem: false
Waiting until toolchain timeout for monitored process 5 with z3 -smt2 -in SMTLIB2_COMPLIANT=true
[2020-06-17 21:35:28,846 INFO  L339   nArgumentSynthesizer]: Template has degree 0.
[2020-06-17 21:35:28,846 INFO  L352   nArgumentSynthesizer]: There is no stem transition; disabling supporting invariant generation.
[2020-06-17 21:35:28,846 INFO  L205   nArgumentSynthesizer]: 1 stem disjuncts
[2020-06-17 21:35:28,847 INFO  L206   nArgumentSynthesizer]: 2 loop disjuncts
[2020-06-17 21:35:28,847 INFO  L207   nArgumentSynthesizer]: 3 template conjuncts.
[2020-06-17 21:35:28,851 INFO  L402   nArgumentSynthesizer]: We have 6 Motzkin's Theorem applications.
[2020-06-17 21:35:28,851 INFO  L403   nArgumentSynthesizer]: A total of 0 supporting invariants were added.
[2020-06-17 21:35:28,855 INFO  L530          LassoAnalysis]: Proving termination failed for this template and these settings.
[2020-06-17 21:35:28,868 INFO  L497          LassoAnalysis]: Using template '3-nested'.
No working directory specified, using /home/lixie/LassoRankerExp/LassoRankerExp/z3
Starting monitored process 6 with z3 -smt2 -in SMTLIB2_COMPLIANT=true (exit command is (exit), workingDir is null)
Waiting until toolchain timeout for monitored process 6 with z3 -smt2 -in SMTLIB2_COMPLIANT=true
[2020-06-17 21:35:28,870 INFO  L122   nArgumentSynthesizer]: Termination Analysis Settings:
Termination analysis: LINEAR_WITH_GUESSES
Number of strict supporting invariants: 1
Number of non-strict supporting invariants: 0
Consider only non-deceasing supporting invariants: true
Simplify termination arguments: true
Simplify supporting invariants: trueOverapproximate stem: false
[2020-06-17 21:35:28,871 INFO  L339   nArgumentSynthesizer]: Template has degree 0.
[2020-06-17 21:35:28,871 INFO  L352   nArgumentSynthesizer]: There is no stem transition; disabling supporting invariant generation.
[2020-06-17 21:35:28,872 INFO  L205   nArgumentSynthesizer]: 1 stem disjuncts
[2020-06-17 21:35:28,872 INFO  L206   nArgumentSynthesizer]: 2 loop disjuncts
[2020-06-17 21:35:28,872 INFO  L207   nArgumentSynthesizer]: 4 template conjuncts.
[2020-06-17 21:35:28,878 INFO  L402   nArgumentSynthesizer]: We have 8 Motzkin's Theorem applications.
[2020-06-17 21:35:28,878 INFO  L403   nArgumentSynthesizer]: A total of 0 supporting invariants were added.
[2020-06-17 21:35:28,886 INFO  L530          LassoAnalysis]: Proving termination failed for this template and these settings.
[2020-06-17 21:35:28,898 INFO  L497          LassoAnalysis]: Using template '4-nested'.
No working directory specified, using /home/lixie/LassoRankerExp/LassoRankerExp/z3
Starting monitored process 7 with z3 -smt2 -in SMTLIB2_COMPLIANT=true (exit command is (exit), workingDir is null)
Waiting until toolchain timeout for monitored process 7 with z3 -smt2 -in SMTLIB2_COMPLIANT=true
[2020-06-17 21:35:28,900 INFO  L122   nArgumentSynthesizer]: Termination Analysis Settings:
Termination analysis: LINEAR_WITH_GUESSES
Number of strict supporting invariants: 1
Number of non-strict supporting invariants: 0
Consider only non-deceasing supporting invariants: true
Simplify termination arguments: true
Simplify supporting invariants: trueOverapproximate stem: false
[2020-06-17 21:35:28,902 INFO  L339   nArgumentSynthesizer]: Template has degree 0.
[2020-06-17 21:35:28,902 INFO  L352   nArgumentSynthesizer]: There is no stem transition; disabling supporting invariant generation.
[2020-06-17 21:35:28,903 INFO  L205   nArgumentSynthesizer]: 1 stem disjuncts
[2020-06-17 21:35:28,903 INFO  L206   nArgumentSynthesizer]: 2 loop disjuncts
[2020-06-17 21:35:28,903 INFO  L207   nArgumentSynthesizer]: 5 template conjuncts.
[2020-06-17 21:35:28,909 INFO  L402   nArgumentSynthesizer]: We have 10 Motzkin's Theorem applications.
[2020-06-17 21:35:28,910 INFO  L403   nArgumentSynthesizer]: A total of 0 supporting invariants were added.
[2020-06-17 21:35:28,919 INFO  L530          LassoAnalysis]: Proving termination failed for this template and these settings.
[2020-06-17 21:35:28,932 INFO  L497          LassoAnalysis]: Using template '2-phase'.
No working directory specified, using /home/lixie/LassoRankerExp/LassoRankerExp/z3
Starting monitored process 8 with z3 -smt2 -in SMTLIB2_COMPLIANT=true (exit command is (exit), workingDir is null)
Waiting until toolchain timeout for monitored process 8 with z3 -smt2 -in SMTLIB2_COMPLIANT=true
[2020-06-17 21:35:28,934 INFO  L122   nArgumentSynthesizer]: Termination Analysis Settings:
Termination analysis: LINEAR_WITH_GUESSES
Number of strict supporting invariants: 1
Number of non-strict supporting invariants: 0
Consider only non-deceasing supporting invariants: true
Simplify termination arguments: true
Simplify supporting invariants: trueOverapproximate stem: false
[2020-06-17 21:35:28,935 WARN  L334   nArgumentSynthesizer]: Using a linear SMT query and a templates of degree > 0, hence this method is incomplete.
[2020-06-17 21:35:28,936 INFO  L339   nArgumentSynthesizer]: Template has degree 1.
[2020-06-17 21:35:28,936 INFO  L352   nArgumentSynthesizer]: There is no stem transition; disabling supporting invariant generation.
[2020-06-17 21:35:28,936 INFO  L205   nArgumentSynthesizer]: 1 stem disjuncts
[2020-06-17 21:35:28,936 INFO  L206   nArgumentSynthesizer]: 2 loop disjuncts
[2020-06-17 21:35:28,936 INFO  L207   nArgumentSynthesizer]: 3 template conjuncts.
[2020-06-17 21:35:28,941 INFO  L402   nArgumentSynthesizer]: We have 6 Motzkin's Theorem applications.
[2020-06-17 21:35:28,941 INFO  L403   nArgumentSynthesizer]: A total of 0 supporting invariants were added.
[2020-06-17 21:35:28,951 INFO  L530          LassoAnalysis]: Proving termination failed for this template and these settings.
[2020-06-17 21:35:28,971 INFO  L497          LassoAnalysis]: Using template 'lex(affine, affine)'.
No working directory specified, using /home/lixie/LassoRankerExp/LassoRankerExp/z3
Starting monitored process 9 with z3 -smt2 -in SMTLIB2_COMPLIANT=true (exit command is (exit), workingDir is null)
Waiting until toolchain timeout for monitored process 9 with z3 -smt2 -in SMTLIB2_COMPLIANT=true
[2020-06-17 21:35:28,973 INFO  L122   nArgumentSynthesizer]: Termination Analysis Settings:
Termination analysis: LINEAR_WITH_GUESSES
Number of strict supporting invariants: 1
Number of non-strict supporting invariants: 0
Consider only non-deceasing supporting invariants: true
Simplify termination arguments: true
Simplify supporting invariants: trueOverapproximate stem: false
[2020-06-17 21:35:28,975 WARN  L334   nArgumentSynthesizer]: Using a linear SMT query and a templates of degree > 0, hence this method is incomplete.
[2020-06-17 21:35:28,975 INFO  L339   nArgumentSynthesizer]: Template has degree 5.
[2020-06-17 21:35:28,975 INFO  L352   nArgumentSynthesizer]: There is no stem transition; disabling supporting invariant generation.
[2020-06-17 21:35:28,975 INFO  L205   nArgumentSynthesizer]: 1 stem disjuncts
[2020-06-17 21:35:28,975 INFO  L206   nArgumentSynthesizer]: 2 loop disjuncts
[2020-06-17 21:35:28,976 INFO  L207   nArgumentSynthesizer]: 4 template conjuncts.
[2020-06-17 21:35:28,980 INFO  L402   nArgumentSynthesizer]: We have 8 Motzkin's Theorem applications.
[2020-06-17 21:35:28,980 INFO  L403   nArgumentSynthesizer]: A total of 0 supporting invariants were added.
[2020-06-17 21:35:28,991 INFO  L530          LassoAnalysis]: Proving termination failed for this template and these settings.
[2020-06-17 21:35:29,003 INFO  L497          LassoAnalysis]: Using template '2-piece'.
No working directory specified, using /home/lixie/LassoRankerExp/LassoRankerExp/z3
Starting monitored process 10 with z3 -smt2 -in SMTLIB2_COMPLIANT=true (exit command is (exit), workingDir is null)
Waiting until toolchain timeout for monitored process 10 with z3 -smt2 -in SMTLIB2_COMPLIANT=true
[2020-06-17 21:35:29,005 INFO  L122   nArgumentSynthesizer]: Termination Analysis Settings:
Termination analysis: LINEAR_WITH_GUESSES
Number of strict supporting invariants: 1
Number of non-strict supporting invariants: 0
Consider only non-deceasing supporting invariants: true
Simplify termination arguments: true
Simplify supporting invariants: trueOverapproximate stem: false
[2020-06-17 21:35:29,007 WARN  L334   nArgumentSynthesizer]: Using a linear SMT query and a templates of degree > 0, hence this method is incomplete.
[2020-06-17 21:35:29,007 INFO  L339   nArgumentSynthesizer]: Template has degree 7.
[2020-06-17 21:35:29,007 INFO  L352   nArgumentSynthesizer]: There is no stem transition; disabling supporting invariant generation.
[2020-06-17 21:35:29,007 INFO  L205   nArgumentSynthesizer]: 1 stem disjuncts
[2020-06-17 21:35:29,007 INFO  L206   nArgumentSynthesizer]: 2 loop disjuncts
[2020-06-17 21:35:29,007 INFO  L207   nArgumentSynthesizer]: 7 template conjuncts.
[2020-06-17 21:35:29,018 INFO  L402   nArgumentSynthesizer]: We have 14 Motzkin's Theorem applications.
[2020-06-17 21:35:29,018 INFO  L403   nArgumentSynthesizer]: A total of 0 supporting invariants were added.
[2020-06-17 21:35:29,065 INFO  L530          LassoAnalysis]: Proving termination failed for this template and these settings.
[2020-06-17 21:35:29,078 INFO  L497          LassoAnalysis]: Using template '2-parallel'.
No working directory specified, using /home/lixie/LassoRankerExp/LassoRankerExp/z3
Starting monitored process 11 with z3 -smt2 -in SMTLIB2_COMPLIANT=true (exit command is (exit), workingDir is null)
Waiting until toolchain timeout for monitored process 11 with z3 -smt2 -in SMTLIB2_COMPLIANT=true
[2020-06-17 21:35:29,080 INFO  L122   nArgumentSynthesizer]: Termination Analysis Settings:
Termination analysis: LINEAR_WITH_GUESSES
Number of strict supporting invariants: 1
Number of non-strict supporting invariants: 0
Consider only non-deceasing supporting invariants: true
Simplify termination arguments: true
Simplify supporting invariants: trueOverapproximate stem: false
[2020-06-17 21:35:29,081 WARN  L334   nArgumentSynthesizer]: Using a linear SMT query and a templates of degree > 0, hence this method is incomplete.
[2020-06-17 21:35:29,081 INFO  L339   nArgumentSynthesizer]: Template has degree 4.
[2020-06-17 21:35:29,081 INFO  L352   nArgumentSynthesizer]: There is no stem transition; disabling supporting invariant generation.
[2020-06-17 21:35:29,081 INFO  L205   nArgumentSynthesizer]: 1 stem disjuncts
[2020-06-17 21:35:29,082 INFO  L206   nArgumentSynthesizer]: 2 loop disjuncts
[2020-06-17 21:35:29,082 INFO  L207   nArgumentSynthesizer]: 6 template conjuncts.
[2020-06-17 21:35:29,095 INFO  L402   nArgumentSynthesizer]: We have 12 Motzkin's Theorem applications.
[2020-06-17 21:35:29,095 INFO  L403   nArgumentSynthesizer]: A total of 0 supporting invariants were added.
[2020-06-17 21:35:29,114 INFO  L530          LassoAnalysis]: Proving termination failed for this template and these settings.
[2020-06-17 21:35:29,127 INFO  L489     LassoRankerStarter]: LassoRanker could not prove termination or nontermination of the given linear lasso program.
Templates: AffineTemplate NestedTemplate NestedTemplate NestedTemplate MultiphaseTemplate ComposedLexicographicTemplate PiecewiseTemplate ParallelTemplate
[2020-06-17 21:35:29,128 INFO  L132        PluginConnector]: ------------------------ END LassoRanker----------------------------
[2020-06-17 21:35:29,129 INFO  L168              Benchmark]: Toolchain (without parser) took 771.49 ms. Allocated memory was 514.9 MB in the beginning and 536.3 MB in the end (delta: 21.5 MB). Free memory was 472.9 MB in the beginning and 500.1 MB in the end (delta: -27.2 MB). Peak memory consumption was 121.1 MB. Max. memory is 11.5 GB.
[2020-06-17 21:35:29,130 INFO  L168              Benchmark]: Boogie PL CUP Parser took 0.10 ms. Allocated memory is still 514.9 MB. Free memory is still 474.4 MB. There was no memory consumed. Max. memory is 11.5 GB.
[2020-06-17 21:35:29,130 INFO  L168              Benchmark]: Boogie Preprocessor took 31.72 ms. Allocated memory is still 514.9 MB. Free memory was 471.5 MB in the beginning and 470.2 MB in the end (delta: 1.3 MB). Peak memory consumption was 1.3 MB. Max. memory is 11.5 GB.
[2020-06-17 21:35:29,130 INFO  L168              Benchmark]: RCFGBuilder took 108.43 ms. Allocated memory is still 514.9 MB. Free memory was 470.2 MB in the beginning and 460.6 MB in the end (delta: 9.6 MB). Peak memory consumption was 9.6 MB. Max. memory is 11.5 GB.
[2020-06-17 21:35:29,131 INFO  L168              Benchmark]: LassoRanker took 622.35 ms. Allocated memory was 514.9 MB in the beginning and 536.3 MB in the end (delta: 21.5 MB). Free memory was 460.6 MB in the beginning and 500.1 MB in the end (delta: -39.5 MB). Peak memory consumption was 108.7 MB. Max. memory is 11.5 GB.
[2020-06-17 21:35:29,132 INFO  L336   ainManager$Toolchain]: #######################  End [Toolchain 1] #######################
 --- Results ---
 * Results from de.uni_freiburg.informatik.ultimate.core:
  - StatisticsResult: Toolchain Benchmarks
    Benchmark results are:
 * Boogie PL CUP Parser took 0.10 ms. Allocated memory is still 514.9 MB. Free memory is still 474.4 MB. There was no memory consumed. Max. memory is 11.5 GB.
 * Boogie Preprocessor took 31.72 ms. Allocated memory is still 514.9 MB. Free memory was 471.5 MB in the beginning and 470.2 MB in the end (delta: 1.3 MB). Peak memory consumption was 1.3 MB. Max. memory is 11.5 GB.
 * RCFGBuilder took 108.43 ms. Allocated memory is still 514.9 MB. Free memory was 470.2 MB in the beginning and 460.6 MB in the end (delta: 9.6 MB). Peak memory consumption was 9.6 MB. Max. memory is 11.5 GB.
 * LassoRanker took 622.35 ms. Allocated memory was 514.9 MB in the beginning and 536.3 MB in the end (delta: 21.5 MB). Free memory was 460.6 MB in the beginning and 500.1 MB in the end (delta: -39.5 MB). Peak memory consumption was 108.7 MB. Max. memory is 11.5 GB.
 * Results from de.uni_freiburg.informatik.ultimate.plugins.analysis.lassoranker:
  - NoResult [Line: 10]: LassoRanker could not prove termination
    LassoRanker could not prove termination or nontermination of the given linear lasso program.
Templates: AffineTemplate NestedTemplate NestedTemplate NestedTemplate MultiphaseTemplate ComposedLexicographicTemplate PiecewiseTemplate ParallelTemplate
RESULT: Ultimate could not prove your program: Toolchain returned no result.
Received shutdown request...
Ultimate:
GTK+ Version Check
