This is Ultimate 0.1.24-16d85fa
[2020-06-17 21:30:13,876 INFO  L170        SettingsManager]: Resetting all preferences to default values...
[2020-06-17 21:30:13,877 INFO  L174        SettingsManager]: Resetting UltimateCore preferences to default values
[2020-06-17 21:30:13,888 INFO  L177        SettingsManager]: Ultimate Commandline Interface provides no preferences, ignoring...
[2020-06-17 21:30:13,888 INFO  L174        SettingsManager]: Resetting Boogie Preprocessor preferences to default values
[2020-06-17 21:30:13,888 INFO  L174        SettingsManager]: Resetting Boogie Procedure Inliner preferences to default values
[2020-06-17 21:30:13,889 INFO  L174        SettingsManager]: Resetting Abstract Interpretation preferences to default values
[2020-06-17 21:30:13,890 INFO  L174        SettingsManager]: Resetting LassoRanker preferences to default values
[2020-06-17 21:30:13,892 INFO  L174        SettingsManager]: Resetting Reaching Definitions preferences to default values
[2020-06-17 21:30:13,892 INFO  L174        SettingsManager]: Resetting SyntaxChecker preferences to default values
[2020-06-17 21:30:13,893 INFO  L177        SettingsManager]: Büchi Program Product provides no preferences, ignoring...
[2020-06-17 21:30:13,893 INFO  L174        SettingsManager]: Resetting LTL2Aut preferences to default values
[2020-06-17 21:30:13,894 INFO  L174        SettingsManager]: Resetting PEA to Boogie preferences to default values
[2020-06-17 21:30:13,895 INFO  L174        SettingsManager]: Resetting BlockEncodingV2 preferences to default values
[2020-06-17 21:30:13,896 INFO  L174        SettingsManager]: Resetting ChcToBoogie preferences to default values
[2020-06-17 21:30:13,896 INFO  L174        SettingsManager]: Resetting AutomataScriptInterpreter preferences to default values
[2020-06-17 21:30:13,897 INFO  L174        SettingsManager]: Resetting BuchiAutomizer preferences to default values
[2020-06-17 21:30:13,899 INFO  L174        SettingsManager]: Resetting CACSL2BoogieTranslator preferences to default values
[2020-06-17 21:30:13,900 INFO  L174        SettingsManager]: Resetting CodeCheck preferences to default values
[2020-06-17 21:30:13,902 INFO  L174        SettingsManager]: Resetting InvariantSynthesis preferences to default values
[2020-06-17 21:30:13,903 INFO  L174        SettingsManager]: Resetting RCFGBuilder preferences to default values
[2020-06-17 21:30:13,904 INFO  L174        SettingsManager]: Resetting TraceAbstraction preferences to default values
[2020-06-17 21:30:13,906 INFO  L177        SettingsManager]: TraceAbstractionConcurrent provides no preferences, ignoring...
[2020-06-17 21:30:13,906 INFO  L177        SettingsManager]: TraceAbstractionWithAFAs provides no preferences, ignoring...
[2020-06-17 21:30:13,906 INFO  L174        SettingsManager]: Resetting TreeAutomizer preferences to default values
[2020-06-17 21:30:13,907 INFO  L174        SettingsManager]: Resetting IcfgTransformer preferences to default values
[2020-06-17 21:30:13,908 INFO  L174        SettingsManager]: Resetting Boogie Printer preferences to default values
[2020-06-17 21:30:13,908 INFO  L174        SettingsManager]: Resetting ReqPrinter preferences to default values
[2020-06-17 21:30:13,909 INFO  L174        SettingsManager]: Resetting Witness Printer preferences to default values
[2020-06-17 21:30:13,910 INFO  L177        SettingsManager]: Boogie PL CUP Parser provides no preferences, ignoring...
[2020-06-17 21:30:13,910 INFO  L174        SettingsManager]: Resetting CDTParser preferences to default values
[2020-06-17 21:30:13,911 INFO  L177        SettingsManager]: AutomataScriptParser provides no preferences, ignoring...
[2020-06-17 21:30:13,911 INFO  L177        SettingsManager]: ReqParser provides no preferences, ignoring...
[2020-06-17 21:30:13,911 INFO  L174        SettingsManager]: Resetting SmtParser preferences to default values
[2020-06-17 21:30:13,912 INFO  L174        SettingsManager]: Resetting Witness Parser preferences to default values
[2020-06-17 21:30:13,912 INFO  L181        SettingsManager]: Finished resetting all preferences to default values...
[2020-06-17 21:30:13,931 INFO  L81    nceAwareModelManager]: Repository-Root is: /tmp
[2020-06-17 21:30:13,941 INFO  L258   ainManager$Toolchain]: [Toolchain 1]: Applicable parser(s) successfully (re)initialized
[2020-06-17 21:30:13,944 INFO  L214   ainManager$Toolchain]: [Toolchain 1]: Toolchain selected.
[2020-06-17 21:30:13,945 INFO  L271        PluginConnector]: Initializing Boogie PL CUP Parser...
[2020-06-17 21:30:13,945 INFO  L276        PluginConnector]: Boogie PL CUP Parser initialized
[2020-06-17 21:30:13,946 INFO  L418   ainManager$Toolchain]: [Toolchain 1]: Parsing single file: /home/lixie/LassoRankerExp/LassoRankerExp/./Program_non/70.bpl
[2020-06-17 21:30:13,946 INFO  L111           BoogieParser]: Parsing: '/home/lixie/LassoRankerExp/LassoRankerExp/./Program_non/70.bpl'
[2020-06-17 21:30:13,967 INFO  L296   ainManager$Toolchain]: ####################### [Toolchain 1] #######################
[2020-06-17 21:30:13,975 INFO  L131        ToolchainWalker]: Walking toolchain with 3 elements.
[2020-06-17 21:30:13,975 INFO  L113        PluginConnector]: ------------------------Boogie Preprocessor----------------------------
[2020-06-17 21:30:13,975 INFO  L271        PluginConnector]: Initializing Boogie Preprocessor...
[2020-06-17 21:30:13,976 INFO  L276        PluginConnector]: Boogie Preprocessor initialized
[2020-06-17 21:30:13,991 INFO  L185        PluginConnector]: Executing the observer EnsureBoogieModelObserver from plugin Boogie Preprocessor for "70.bpl de.uni_freiburg.informatik.ultimate.boogie.parser AST 17.06 09:30:13" (1/1) ...
[2020-06-17 21:30:13,992 INFO  L185        PluginConnector]: Executing the observer TypeChecker from plugin Boogie Preprocessor for "70.bpl de.uni_freiburg.informatik.ultimate.boogie.parser AST 17.06 09:30:13" (1/1) ...
[2020-06-17 21:30:13,995 INFO  L185        PluginConnector]: Executing the observer ConstExpander from plugin Boogie Preprocessor for "70.bpl de.uni_freiburg.informatik.ultimate.boogie.parser AST 17.06 09:30:13" (1/1) ...
[2020-06-17 21:30:13,995 INFO  L185        PluginConnector]: Executing the observer StructExpander from plugin Boogie Preprocessor for "70.bpl de.uni_freiburg.informatik.ultimate.boogie.parser AST 17.06 09:30:13" (1/1) ...
[2020-06-17 21:30:13,996 INFO  L185        PluginConnector]: Executing the observer UnstructureCode from plugin Boogie Preprocessor for "70.bpl de.uni_freiburg.informatik.ultimate.boogie.parser AST 17.06 09:30:13" (1/1) ...
[2020-06-17 21:30:14,000 INFO  L185        PluginConnector]: Executing the observer FunctionInliner from plugin Boogie Preprocessor for "70.bpl de.uni_freiburg.informatik.ultimate.boogie.parser AST 17.06 09:30:13" (1/1) ...
[2020-06-17 21:30:14,000 INFO  L185        PluginConnector]: Executing the observer BoogieSymbolTableConstructor from plugin Boogie Preprocessor for "70.bpl de.uni_freiburg.informatik.ultimate.boogie.parser AST 17.06 09:30:13" (1/1) ...
[2020-06-17 21:30:14,001 INFO  L132        PluginConnector]: ------------------------ END Boogie Preprocessor----------------------------
[2020-06-17 21:30:14,002 INFO  L113        PluginConnector]: ------------------------RCFGBuilder----------------------------
[2020-06-17 21:30:14,002 INFO  L271        PluginConnector]: Initializing RCFGBuilder...
[2020-06-17 21:30:14,002 INFO  L276        PluginConnector]: RCFGBuilder initialized
[2020-06-17 21:30:14,003 INFO  L185        PluginConnector]: Executing the observer RCFGBuilderObserver from plugin RCFGBuilder for "70.bpl de.uni_freiburg.informatik.ultimate.boogie.parser AST 17.06 09:30:13" (1/1) ...
No working directory specified, using /home/lixie/LassoRankerExp/LassoRankerExp/z3
Starting monitored process 1 with z3 SMTLIB2_COMPLIANT=true -memory:1024 -smt2 -in -t:12000 (exit command is (exit), workingDir is null)
Waiting until toolchain timeout for monitored process 1 with z3 SMTLIB2_COMPLIANT=true -memory:1024 -smt2 -in -t:12000
[2020-06-17 21:30:14,038 INFO  L124     BoogieDeclarations]: Specification and implementation of procedure main given in one single declaration
[2020-06-17 21:30:14,038 INFO  L130     BoogieDeclarations]: Found specification of procedure main
[2020-06-17 21:30:14,038 INFO  L138     BoogieDeclarations]: Found implementation of procedure main
[2020-06-17 21:30:14,112 INFO  L278             CfgBuilder]: Using library mode
[2020-06-17 21:30:14,113 INFO  L286             CfgBuilder]: Removed 0 assue(true) statements.
[2020-06-17 21:30:14,113 INFO  L202        PluginConnector]: Adding new model 70.bpl de.uni_freiburg.informatik.ultimate.plugins.generator.rcfgbuilder CFG 17.06 09:30:14 BoogieIcfgContainer
[2020-06-17 21:30:14,113 INFO  L132        PluginConnector]: ------------------------ END RCFGBuilder----------------------------
[2020-06-17 21:30:14,114 INFO  L113        PluginConnector]: ------------------------LassoRanker----------------------------
[2020-06-17 21:30:14,114 INFO  L271        PluginConnector]: Initializing LassoRanker...
[2020-06-17 21:30:14,114 INFO  L276        PluginConnector]: LassoRanker initialized
[2020-06-17 21:30:14,114 INFO  L185        PluginConnector]: Executing the observer LassoRankerObserver from plugin LassoRanker for "70.bpl de.uni_freiburg.informatik.ultimate.plugins.generator.rcfgbuilder CFG 17.06 09:30:14" (1/1) ...
[2020-06-17 21:30:14,132 INFO  L72            BuchiIsEmpty]: Start buchiIsEmpty. Operand 2 states.
[2020-06-17 21:30:14,146 INFO  L131   ngComponentsAnalysis]: Automaton has 1 accepting balls. 1
[2020-06-17 21:30:14,146 INFO  L87            BuchiIsEmpty]: Finished buchiIsEmpty Result is false
[2020-06-17 21:30:14,146 INFO  L119           BuchiIsEmpty]: Starting construction of run
[2020-06-17 21:30:14,151 INFO  L104     BuchiDifferenceFKV]: Start buchiDifferenceFKV. First operand 2 states. Second operand 1 states.
[2020-06-17 21:30:14,158 INFO  L108     BuchiDifferenceFKV]: Finished buchiDifferenceFKV. First operand 2 states. Second operand 1 states. Result 3 states and 4 transitions. Complement of second has 2 states 2 powerset states0 rank states. The highest rank that occured is -1
[2020-06-17 21:30:14,158 INFO  L72            BuchiIsEmpty]: Start buchiIsEmpty. Operand 3 states and 4 transitions.
[2020-06-17 21:30:14,159 INFO  L131   ngComponentsAnalysis]: Automaton has 0 accepting balls. 0
[2020-06-17 21:30:14,159 INFO  L87            BuchiIsEmpty]: Finished buchiIsEmpty Result is true
[2020-06-17 21:30:14,189 INFO  L216          LassoAnalysis]: Preferences:
[2020-06-17 21:30:14,189 INFO  L124   ssoRankerPreferences]: Compute integeral hull: false
[2020-06-17 21:30:14,190 INFO  L125   ssoRankerPreferences]: Enable LassoPartitioneer: true
[2020-06-17 21:30:14,190 INFO  L126   ssoRankerPreferences]: Term annotations enabled: false
[2020-06-17 21:30:14,190 INFO  L127   ssoRankerPreferences]: Use exernal solver: true
[2020-06-17 21:30:14,190 INFO  L128   ssoRankerPreferences]: SMT solver command: z3 -smt2 -in SMTLIB2_COMPLIANT=true
[2020-06-17 21:30:14,190 INFO  L129   ssoRankerPreferences]: Dump SMT script to file: false
[2020-06-17 21:30:14,190 INFO  L130   ssoRankerPreferences]: Path of dumped script: .
[2020-06-17 21:30:14,190 INFO  L131   ssoRankerPreferences]: Filename of dumped script: LassoRankerScript
[2020-06-17 21:30:14,190 INFO  L132   ssoRankerPreferences]: MapElimAlgo: Frank
[2020-06-17 21:30:14,190 INFO  L282          LassoAnalysis]: Starting lasso preprocessing...
[2020-06-17 21:30:14,203 INFO  L141          MapEliminator]: Using MapEliminator with SimplificationTechnique=SIMPLIFY_DDA XnfConversionTechnique=BOTTOM_UP_WITH_LOCAL_SIMPLIFICATION AddInequalities=false OnlyTrivialImplicationsArrayWrite=false OnlyTrivialImplicationsForModifiedArguments=true OnlyArgumentsInFormula=true
[2020-06-17 21:30:14,248 INFO  L300          LassoAnalysis]: Preprocessing complete.
[2020-06-17 21:30:14,248 INFO  L412          LassoAnalysis]: Checking for nontermination...
No working directory specified, using /home/lixie/LassoRankerExp/LassoRankerExp/z3
Starting monitored process 2 with z3 -smt2 -in SMTLIB2_COMPLIANT=true (exit command is (exit), workingDir is null)
Waiting until toolchain timeout for monitored process 2 with z3 -smt2 -in SMTLIB2_COMPLIANT=true
[2020-06-17 21:30:14,251 INFO  L151   nArgumentSynthesizer]: Nontermination analysis: LINEAR_WITH_GUESSES Allow bounded executions: true Number of generalized eigenvectors: 0 Nilpotent components: true
[2020-06-17 21:30:14,251 INFO  L163   nArgumentSynthesizer]: Using integer mode.
[2020-06-17 21:30:14,270 INFO  L445          LassoAnalysis]: Proved nontermination for one component.
[2020-06-17 21:30:14,270 INFO  L448          LassoAnalysis]: Non-Termination argument consisting of: Initial state: {main_y=1, main_i=0, main_x=1} Honda state: {main_y=1, main_i=0, main_x=1} Generalized eigenvectors: [] Lambdas: [] Nus: []
[2020-06-17 21:30:14,281 INFO  L132        PluginConnector]: ------------------------ END LassoRanker----------------------------
[2020-06-17 21:30:14,281 INFO  L168              Benchmark]: Toolchain (without parser) took 313.65 ms. Allocated memory is still 514.9 MB. Free memory was 472.9 MB in the beginning and 439.7 MB in the end (delta: 33.2 MB). Peak memory consumption was 33.2 MB. Max. memory is 11.5 GB.
[2020-06-17 21:30:14,283 INFO  L168              Benchmark]: Boogie PL CUP Parser took 0.12 ms. Allocated memory is still 514.9 MB. Free memory is still 474.4 MB. There was no memory consumed. Max. memory is 11.5 GB.
[2020-06-17 21:30:14,283 INFO  L168              Benchmark]: Boogie Preprocessor took 26.03 ms. Allocated memory is still 514.9 MB. Free memory was 471.6 MB in the beginning and 470.2 MB in the end (delta: 1.3 MB). Peak memory consumption was 1.3 MB. Max. memory is 11.5 GB.
[2020-06-17 21:30:14,284 INFO  L168              Benchmark]: RCFGBuilder took 111.90 ms. Allocated memory is still 514.9 MB. Free memory was 470.2 MB in the beginning and 460.7 MB in the end (delta: 9.5 MB). Peak memory consumption was 9.5 MB. Max. memory is 11.5 GB.
[2020-06-17 21:30:14,285 INFO  L168              Benchmark]: LassoRanker took 166.94 ms. Allocated memory is still 514.9 MB. Free memory was 460.7 MB in the beginning and 439.7 MB in the end (delta: 20.9 MB). Peak memory consumption was 20.9 MB. Max. memory is 11.5 GB.
[2020-06-17 21:30:14,288 INFO  L336   ainManager$Toolchain]: #######################  End [Toolchain 1] #######################
 --- Results ---
 * Results from de.uni_freiburg.informatik.ultimate.core:
  - StatisticsResult: Toolchain Benchmarks
    Benchmark results are:
 * Boogie PL CUP Parser took 0.12 ms. Allocated memory is still 514.9 MB. Free memory is still 474.4 MB. There was no memory consumed. Max. memory is 11.5 GB.
 * Boogie Preprocessor took 26.03 ms. Allocated memory is still 514.9 MB. Free memory was 471.6 MB in the beginning and 470.2 MB in the end (delta: 1.3 MB). Peak memory consumption was 1.3 MB. Max. memory is 11.5 GB.
 * RCFGBuilder took 111.90 ms. Allocated memory is still 514.9 MB. Free memory was 470.2 MB in the beginning and 460.7 MB in the end (delta: 9.5 MB). Peak memory consumption was 9.5 MB. Max. memory is 11.5 GB.
 * LassoRanker took 166.94 ms. Allocated memory is still 514.9 MB. Free memory was 460.7 MB in the beginning and 439.7 MB in the end (delta: 20.9 MB). Peak memory consumption was 20.9 MB. Max. memory is 11.5 GB.
 * Results from de.uni_freiburg.informatik.ultimate.plugins.analysis.lassoranker:
  - StatisticsResult: NonterminationArgumentStatistics
    Fixpoint 0GEVs Lambdas: [] Mus: []
  - GeometricNonTerminationArgumentResult [Line: 13]: Nontermination argument in form of an infinite program execution.
    Nontermination argument in form of an infinite execution
State at position 0 is
{x=1, y=1, i=0}
State at position 1 is
{x=1, y=1, i=0}
For i>1, the state at position i is
{x=1 + sum_{k=0}^i 0, y=1 + sum_{k=0}^i 0, i=0 + sum_{k=0}^i 0}
RESULT: Ultimate could not prove your program: Toolchain returned no result.
Received shutdown request...
Ultimate:
GTK+ Version Check
