This is Ultimate 0.1.24-16d85fa
[2020-06-17 21:30:15,563 INFO  L170        SettingsManager]: Resetting all preferences to default values...
[2020-06-17 21:30:15,564 INFO  L174        SettingsManager]: Resetting UltimateCore preferences to default values
[2020-06-17 21:30:15,574 INFO  L177        SettingsManager]: Ultimate Commandline Interface provides no preferences, ignoring...
[2020-06-17 21:30:15,574 INFO  L174        SettingsManager]: Resetting Boogie Preprocessor preferences to default values
[2020-06-17 21:30:15,575 INFO  L174        SettingsManager]: Resetting Boogie Procedure Inliner preferences to default values
[2020-06-17 21:30:15,576 INFO  L174        SettingsManager]: Resetting Abstract Interpretation preferences to default values
[2020-06-17 21:30:15,577 INFO  L174        SettingsManager]: Resetting LassoRanker preferences to default values
[2020-06-17 21:30:15,578 INFO  L174        SettingsManager]: Resetting Reaching Definitions preferences to default values
[2020-06-17 21:30:15,579 INFO  L174        SettingsManager]: Resetting SyntaxChecker preferences to default values
[2020-06-17 21:30:15,579 INFO  L177        SettingsManager]: Büchi Program Product provides no preferences, ignoring...
[2020-06-17 21:30:15,579 INFO  L174        SettingsManager]: Resetting LTL2Aut preferences to default values
[2020-06-17 21:30:15,580 INFO  L174        SettingsManager]: Resetting PEA to Boogie preferences to default values
[2020-06-17 21:30:15,580 INFO  L174        SettingsManager]: Resetting BlockEncodingV2 preferences to default values
[2020-06-17 21:30:15,581 INFO  L174        SettingsManager]: Resetting ChcToBoogie preferences to default values
[2020-06-17 21:30:15,581 INFO  L174        SettingsManager]: Resetting AutomataScriptInterpreter preferences to default values
[2020-06-17 21:30:15,582 INFO  L174        SettingsManager]: Resetting BuchiAutomizer preferences to default values
[2020-06-17 21:30:15,583 INFO  L174        SettingsManager]: Resetting CACSL2BoogieTranslator preferences to default values
[2020-06-17 21:30:15,584 INFO  L174        SettingsManager]: Resetting CodeCheck preferences to default values
[2020-06-17 21:30:15,585 INFO  L174        SettingsManager]: Resetting InvariantSynthesis preferences to default values
[2020-06-17 21:30:15,585 INFO  L174        SettingsManager]: Resetting RCFGBuilder preferences to default values
[2020-06-17 21:30:15,586 INFO  L174        SettingsManager]: Resetting TraceAbstraction preferences to default values
[2020-06-17 21:30:15,588 INFO  L177        SettingsManager]: TraceAbstractionConcurrent provides no preferences, ignoring...
[2020-06-17 21:30:15,588 INFO  L177        SettingsManager]: TraceAbstractionWithAFAs provides no preferences, ignoring...
[2020-06-17 21:30:15,588 INFO  L174        SettingsManager]: Resetting TreeAutomizer preferences to default values
[2020-06-17 21:30:15,588 INFO  L174        SettingsManager]: Resetting IcfgTransformer preferences to default values
[2020-06-17 21:30:15,589 INFO  L174        SettingsManager]: Resetting Boogie Printer preferences to default values
[2020-06-17 21:30:15,589 INFO  L174        SettingsManager]: Resetting ReqPrinter preferences to default values
[2020-06-17 21:30:15,590 INFO  L174        SettingsManager]: Resetting Witness Printer preferences to default values
[2020-06-17 21:30:15,590 INFO  L177        SettingsManager]: Boogie PL CUP Parser provides no preferences, ignoring...
[2020-06-17 21:30:15,590 INFO  L174        SettingsManager]: Resetting CDTParser preferences to default values
[2020-06-17 21:30:15,591 INFO  L177        SettingsManager]: AutomataScriptParser provides no preferences, ignoring...
[2020-06-17 21:30:15,591 INFO  L177        SettingsManager]: ReqParser provides no preferences, ignoring...
[2020-06-17 21:30:15,591 INFO  L174        SettingsManager]: Resetting SmtParser preferences to default values
[2020-06-17 21:30:15,591 INFO  L174        SettingsManager]: Resetting Witness Parser preferences to default values
[2020-06-17 21:30:15,592 INFO  L181        SettingsManager]: Finished resetting all preferences to default values...
[2020-06-17 21:30:15,607 INFO  L81    nceAwareModelManager]: Repository-Root is: /tmp
[2020-06-17 21:30:15,615 INFO  L258   ainManager$Toolchain]: [Toolchain 1]: Applicable parser(s) successfully (re)initialized
[2020-06-17 21:30:15,618 INFO  L214   ainManager$Toolchain]: [Toolchain 1]: Toolchain selected.
[2020-06-17 21:30:15,618 INFO  L271        PluginConnector]: Initializing Boogie PL CUP Parser...
[2020-06-17 21:30:15,619 INFO  L276        PluginConnector]: Boogie PL CUP Parser initialized
[2020-06-17 21:30:15,619 INFO  L418   ainManager$Toolchain]: [Toolchain 1]: Parsing single file: /home/lixie/LassoRankerExp/LassoRankerExp/./Program_non/71.bpl
[2020-06-17 21:30:15,620 INFO  L111           BoogieParser]: Parsing: '/home/lixie/LassoRankerExp/LassoRankerExp/./Program_non/71.bpl'
[2020-06-17 21:30:15,639 INFO  L296   ainManager$Toolchain]: ####################### [Toolchain 1] #######################
[2020-06-17 21:30:15,647 INFO  L131        ToolchainWalker]: Walking toolchain with 3 elements.
[2020-06-17 21:30:15,647 INFO  L113        PluginConnector]: ------------------------Boogie Preprocessor----------------------------
[2020-06-17 21:30:15,647 INFO  L271        PluginConnector]: Initializing Boogie Preprocessor...
[2020-06-17 21:30:15,647 INFO  L276        PluginConnector]: Boogie Preprocessor initialized
[2020-06-17 21:30:15,661 INFO  L185        PluginConnector]: Executing the observer EnsureBoogieModelObserver from plugin Boogie Preprocessor for "71.bpl de.uni_freiburg.informatik.ultimate.boogie.parser AST 17.06 09:30:15" (1/1) ...
[2020-06-17 21:30:15,662 INFO  L185        PluginConnector]: Executing the observer TypeChecker from plugin Boogie Preprocessor for "71.bpl de.uni_freiburg.informatik.ultimate.boogie.parser AST 17.06 09:30:15" (1/1) ...
[2020-06-17 21:30:15,666 INFO  L185        PluginConnector]: Executing the observer ConstExpander from plugin Boogie Preprocessor for "71.bpl de.uni_freiburg.informatik.ultimate.boogie.parser AST 17.06 09:30:15" (1/1) ...
[2020-06-17 21:30:15,666 INFO  L185        PluginConnector]: Executing the observer StructExpander from plugin Boogie Preprocessor for "71.bpl de.uni_freiburg.informatik.ultimate.boogie.parser AST 17.06 09:30:15" (1/1) ...
[2020-06-17 21:30:15,668 INFO  L185        PluginConnector]: Executing the observer UnstructureCode from plugin Boogie Preprocessor for "71.bpl de.uni_freiburg.informatik.ultimate.boogie.parser AST 17.06 09:30:15" (1/1) ...
[2020-06-17 21:30:15,671 INFO  L185        PluginConnector]: Executing the observer FunctionInliner from plugin Boogie Preprocessor for "71.bpl de.uni_freiburg.informatik.ultimate.boogie.parser AST 17.06 09:30:15" (1/1) ...
[2020-06-17 21:30:15,671 INFO  L185        PluginConnector]: Executing the observer BoogieSymbolTableConstructor from plugin Boogie Preprocessor for "71.bpl de.uni_freiburg.informatik.ultimate.boogie.parser AST 17.06 09:30:15" (1/1) ...
[2020-06-17 21:30:15,672 INFO  L132        PluginConnector]: ------------------------ END Boogie Preprocessor----------------------------
[2020-06-17 21:30:15,673 INFO  L113        PluginConnector]: ------------------------RCFGBuilder----------------------------
[2020-06-17 21:30:15,673 INFO  L271        PluginConnector]: Initializing RCFGBuilder...
[2020-06-17 21:30:15,673 INFO  L276        PluginConnector]: RCFGBuilder initialized
[2020-06-17 21:30:15,674 INFO  L185        PluginConnector]: Executing the observer RCFGBuilderObserver from plugin RCFGBuilder for "71.bpl de.uni_freiburg.informatik.ultimate.boogie.parser AST 17.06 09:30:15" (1/1) ...
No working directory specified, using /home/lixie/LassoRankerExp/LassoRankerExp/z3
Starting monitored process 1 with z3 SMTLIB2_COMPLIANT=true -memory:1024 -smt2 -in -t:12000 (exit command is (exit), workingDir is null)
Waiting until toolchain timeout for monitored process 1 with z3 SMTLIB2_COMPLIANT=true -memory:1024 -smt2 -in -t:12000
[2020-06-17 21:30:15,711 INFO  L124     BoogieDeclarations]: Specification and implementation of procedure main given in one single declaration
[2020-06-17 21:30:15,711 INFO  L130     BoogieDeclarations]: Found specification of procedure main
[2020-06-17 21:30:15,711 INFO  L138     BoogieDeclarations]: Found implementation of procedure main
[2020-06-17 21:30:15,774 INFO  L278             CfgBuilder]: Using library mode
[2020-06-17 21:30:15,774 INFO  L286             CfgBuilder]: Removed 0 assue(true) statements.
[2020-06-17 21:30:15,775 INFO  L202        PluginConnector]: Adding new model 71.bpl de.uni_freiburg.informatik.ultimate.plugins.generator.rcfgbuilder CFG 17.06 09:30:15 BoogieIcfgContainer
[2020-06-17 21:30:15,775 INFO  L132        PluginConnector]: ------------------------ END RCFGBuilder----------------------------
[2020-06-17 21:30:15,776 INFO  L113        PluginConnector]: ------------------------LassoRanker----------------------------
[2020-06-17 21:30:15,776 INFO  L271        PluginConnector]: Initializing LassoRanker...
[2020-06-17 21:30:15,776 INFO  L276        PluginConnector]: LassoRanker initialized
[2020-06-17 21:30:15,776 INFO  L185        PluginConnector]: Executing the observer LassoRankerObserver from plugin LassoRanker for "71.bpl de.uni_freiburg.informatik.ultimate.plugins.generator.rcfgbuilder CFG 17.06 09:30:15" (1/1) ...
[2020-06-17 21:30:15,793 INFO  L72            BuchiIsEmpty]: Start buchiIsEmpty. Operand 2 states.
[2020-06-17 21:30:15,807 INFO  L131   ngComponentsAnalysis]: Automaton has 1 accepting balls. 1
[2020-06-17 21:30:15,807 INFO  L87            BuchiIsEmpty]: Finished buchiIsEmpty Result is false
[2020-06-17 21:30:15,807 INFO  L119           BuchiIsEmpty]: Starting construction of run
[2020-06-17 21:30:15,811 INFO  L104     BuchiDifferenceFKV]: Start buchiDifferenceFKV. First operand 2 states. Second operand 1 states.
[2020-06-17 21:30:15,819 INFO  L108     BuchiDifferenceFKV]: Finished buchiDifferenceFKV. First operand 2 states. Second operand 1 states. Result 3 states and 4 transitions. Complement of second has 2 states 2 powerset states0 rank states. The highest rank that occured is -1
[2020-06-17 21:30:15,819 INFO  L72            BuchiIsEmpty]: Start buchiIsEmpty. Operand 3 states and 4 transitions.
[2020-06-17 21:30:15,819 INFO  L131   ngComponentsAnalysis]: Automaton has 0 accepting balls. 0
[2020-06-17 21:30:15,819 INFO  L87            BuchiIsEmpty]: Finished buchiIsEmpty Result is true
[2020-06-17 21:30:15,855 INFO  L216          LassoAnalysis]: Preferences:
[2020-06-17 21:30:15,855 INFO  L124   ssoRankerPreferences]: Compute integeral hull: false
[2020-06-17 21:30:15,856 INFO  L125   ssoRankerPreferences]: Enable LassoPartitioneer: true
[2020-06-17 21:30:15,856 INFO  L126   ssoRankerPreferences]: Term annotations enabled: false
[2020-06-17 21:30:15,856 INFO  L127   ssoRankerPreferences]: Use exernal solver: true
[2020-06-17 21:30:15,856 INFO  L128   ssoRankerPreferences]: SMT solver command: z3 -smt2 -in SMTLIB2_COMPLIANT=true
[2020-06-17 21:30:15,856 INFO  L129   ssoRankerPreferences]: Dump SMT script to file: false
[2020-06-17 21:30:15,856 INFO  L130   ssoRankerPreferences]: Path of dumped script: .
[2020-06-17 21:30:15,856 INFO  L131   ssoRankerPreferences]: Filename of dumped script: LassoRankerScript
[2020-06-17 21:30:15,856 INFO  L132   ssoRankerPreferences]: MapElimAlgo: Frank
[2020-06-17 21:30:15,856 INFO  L282          LassoAnalysis]: Starting lasso preprocessing...
[2020-06-17 21:30:15,869 INFO  L141          MapEliminator]: Using MapEliminator with SimplificationTechnique=SIMPLIFY_DDA XnfConversionTechnique=BOTTOM_UP_WITH_LOCAL_SIMPLIFICATION AddInequalities=false OnlyTrivialImplicationsArrayWrite=false OnlyTrivialImplicationsForModifiedArguments=true OnlyArgumentsInFormula=true
[2020-06-17 21:30:15,934 INFO  L300          LassoAnalysis]: Preprocessing complete.
[2020-06-17 21:30:15,935 INFO  L412          LassoAnalysis]: Checking for nontermination...
No working directory specified, using /home/lixie/LassoRankerExp/LassoRankerExp/z3
Starting monitored process 2 with z3 -smt2 -in SMTLIB2_COMPLIANT=true (exit command is (exit), workingDir is null)
Waiting until toolchain timeout for monitored process 2 with z3 -smt2 -in SMTLIB2_COMPLIANT=true
[2020-06-17 21:30:15,945 INFO  L151   nArgumentSynthesizer]: Nontermination analysis: LINEAR_WITH_GUESSES Allow bounded executions: true Number of generalized eigenvectors: 0 Nilpotent components: true
[2020-06-17 21:30:15,945 INFO  L163   nArgumentSynthesizer]: Using integer mode.
No working directory specified, using /home/lixie/LassoRankerExp/LassoRankerExp/z3
Starting monitored process 3 with z3 -smt2 -in SMTLIB2_COMPLIANT=true (exit command is (exit), workingDir is null)
Waiting until toolchain timeout for monitored process 3 with z3 -smt2 -in SMTLIB2_COMPLIANT=true
[2020-06-17 21:30:15,966 INFO  L151   nArgumentSynthesizer]: Nontermination analysis: LINEAR_WITH_GUESSES Allow bounded executions: true Number of generalized eigenvectors: 3 Nilpotent components: true
[2020-06-17 21:30:15,966 INFO  L163   nArgumentSynthesizer]: Using integer mode.
[2020-06-17 21:30:15,995 INFO  L452          LassoAnalysis]: Proving nontermination failed: No geometric nontermination argument exists.
[2020-06-17 21:30:15,996 INFO  L216          LassoAnalysis]: Preferences:
[2020-06-17 21:30:15,996 INFO  L124   ssoRankerPreferences]: Compute integeral hull: false
[2020-06-17 21:30:15,997 INFO  L125   ssoRankerPreferences]: Enable LassoPartitioneer: true
[2020-06-17 21:30:15,997 INFO  L126   ssoRankerPreferences]: Term annotations enabled: false
[2020-06-17 21:30:15,997 INFO  L127   ssoRankerPreferences]: Use exernal solver: true
[2020-06-17 21:30:15,997 INFO  L128   ssoRankerPreferences]: SMT solver command: z3 -smt2 -in SMTLIB2_COMPLIANT=true
[2020-06-17 21:30:15,997 INFO  L129   ssoRankerPreferences]: Dump SMT script to file: false
[2020-06-17 21:30:15,997 INFO  L130   ssoRankerPreferences]: Path of dumped script: .
[2020-06-17 21:30:15,997 INFO  L131   ssoRankerPreferences]: Filename of dumped script: LassoRankerScript
[2020-06-17 21:30:15,997 INFO  L132   ssoRankerPreferences]: MapElimAlgo: Frank
[2020-06-17 21:30:15,997 INFO  L282          LassoAnalysis]: Starting lasso preprocessing...
[2020-06-17 21:30:15,998 INFO  L141          MapEliminator]: Using MapEliminator with SimplificationTechnique=SIMPLIFY_DDA XnfConversionTechnique=BOTTOM_UP_WITH_LOCAL_SIMPLIFICATION AddInequalities=false OnlyTrivialImplicationsArrayWrite=false OnlyTrivialImplicationsForModifiedArguments=true OnlyArgumentsInFormula=true
[2020-06-17 21:30:16,048 INFO  L300          LassoAnalysis]: Preprocessing complete.
[2020-06-17 21:30:16,052 INFO  L497          LassoAnalysis]: Using template 'affine'.
No working directory specified, using /home/lixie/LassoRankerExp/LassoRankerExp/z3
Starting monitored process 4 with z3 -smt2 -in SMTLIB2_COMPLIANT=true (exit command is (exit), workingDir is null)
Waiting until toolchain timeout for monitored process 4 with z3 -smt2 -in SMTLIB2_COMPLIANT=true
[2020-06-17 21:30:16,055 INFO  L122   nArgumentSynthesizer]: Termination Analysis Settings:
Termination analysis: LINEAR_WITH_GUESSES
Number of strict supporting invariants: 1
Number of non-strict supporting invariants: 0
Consider only non-deceasing supporting invariants: true
Simplify termination arguments: true
Simplify supporting invariants: trueOverapproximate stem: false
[2020-06-17 21:30:16,056 INFO  L339   nArgumentSynthesizer]: Template has degree 0.
[2020-06-17 21:30:16,056 INFO  L352   nArgumentSynthesizer]: There is no stem transition; disabling supporting invariant generation.
[2020-06-17 21:30:16,057 INFO  L205   nArgumentSynthesizer]: 1 stem disjuncts
[2020-06-17 21:30:16,057 INFO  L206   nArgumentSynthesizer]: 2 loop disjuncts
[2020-06-17 21:30:16,057 INFO  L207   nArgumentSynthesizer]: 2 template conjuncts.
[2020-06-17 21:30:16,061 INFO  L402   nArgumentSynthesizer]: We have 4 Motzkin's Theorem applications.
[2020-06-17 21:30:16,061 INFO  L403   nArgumentSynthesizer]: A total of 0 supporting invariants were added.
[2020-06-17 21:30:16,065 INFO  L530          LassoAnalysis]: Proving termination failed for this template and these settings.
[2020-06-17 21:30:16,077 INFO  L497          LassoAnalysis]: Using template '2-nested'.
No working directory specified, using /home/lixie/LassoRankerExp/LassoRankerExp/z3
Starting monitored process 5 with z3 -smt2 -in SMTLIB2_COMPLIANT=true (exit command is (exit), workingDir is null)
Waiting until toolchain timeout for monitored process 5 with z3 -smt2 -in SMTLIB2_COMPLIANT=true
[2020-06-17 21:30:16,079 INFO  L122   nArgumentSynthesizer]: Termination Analysis Settings:
Termination analysis: LINEAR_WITH_GUESSES
Number of strict supporting invariants: 1
Number of non-strict supporting invariants: 0
Consider only non-deceasing supporting invariants: true
Simplify termination arguments: true
Simplify supporting invariants: trueOverapproximate stem: false
[2020-06-17 21:30:16,080 INFO  L339   nArgumentSynthesizer]: Template has degree 0.
[2020-06-17 21:30:16,080 INFO  L352   nArgumentSynthesizer]: There is no stem transition; disabling supporting invariant generation.
[2020-06-17 21:30:16,081 INFO  L205   nArgumentSynthesizer]: 1 stem disjuncts
[2020-06-17 21:30:16,081 INFO  L206   nArgumentSynthesizer]: 2 loop disjuncts
[2020-06-17 21:30:16,081 INFO  L207   nArgumentSynthesizer]: 3 template conjuncts.
[2020-06-17 21:30:16,084 INFO  L402   nArgumentSynthesizer]: We have 6 Motzkin's Theorem applications.
[2020-06-17 21:30:16,084 INFO  L403   nArgumentSynthesizer]: A total of 0 supporting invariants were added.
[2020-06-17 21:30:16,088 INFO  L530          LassoAnalysis]: Proving termination failed for this template and these settings.
[2020-06-17 21:30:16,101 INFO  L497          LassoAnalysis]: Using template '3-nested'.
No working directory specified, using /home/lixie/LassoRankerExp/LassoRankerExp/z3
Starting monitored process 6 with z3 -smt2 -in SMTLIB2_COMPLIANT=true (exit command is (exit), workingDir is null)
Waiting until toolchain timeout for monitored process 6 with z3 -smt2 -in SMTLIB2_COMPLIANT=true
[2020-06-17 21:30:16,103 INFO  L122   nArgumentSynthesizer]: Termination Analysis Settings:
Termination analysis: LINEAR_WITH_GUESSES
Number of strict supporting invariants: 1
Number of non-strict supporting invariants: 0
Consider only non-deceasing supporting invariants: true
Simplify termination arguments: true
Simplify supporting invariants: trueOverapproximate stem: false
[2020-06-17 21:30:16,104 INFO  L339   nArgumentSynthesizer]: Template has degree 0.
[2020-06-17 21:30:16,104 INFO  L352   nArgumentSynthesizer]: There is no stem transition; disabling supporting invariant generation.
[2020-06-17 21:30:16,104 INFO  L205   nArgumentSynthesizer]: 1 stem disjuncts
[2020-06-17 21:30:16,104 INFO  L206   nArgumentSynthesizer]: 2 loop disjuncts
[2020-06-17 21:30:16,104 INFO  L207   nArgumentSynthesizer]: 4 template conjuncts.
[2020-06-17 21:30:16,108 INFO  L402   nArgumentSynthesizer]: We have 8 Motzkin's Theorem applications.
[2020-06-17 21:30:16,108 INFO  L403   nArgumentSynthesizer]: A total of 0 supporting invariants were added.
[2020-06-17 21:30:16,114 INFO  L530          LassoAnalysis]: Proving termination failed for this template and these settings.
[2020-06-17 21:30:16,126 INFO  L497          LassoAnalysis]: Using template '4-nested'.
No working directory specified, using /home/lixie/LassoRankerExp/LassoRankerExp/z3
Starting monitored process 7 with z3 -smt2 -in SMTLIB2_COMPLIANT=true (exit command is (exit), workingDir is null)
Waiting until toolchain timeout for monitored process 7 with z3 -smt2 -in SMTLIB2_COMPLIANT=true
[2020-06-17 21:30:16,127 INFO  L122   nArgumentSynthesizer]: Termination Analysis Settings:
Termination analysis: LINEAR_WITH_GUESSES
Number of strict supporting invariants: 1
Number of non-strict supporting invariants: 0
Consider only non-deceasing supporting invariants: true
Simplify termination arguments: true
Simplify supporting invariants: trueOverapproximate stem: false
[2020-06-17 21:30:16,129 INFO  L339   nArgumentSynthesizer]: Template has degree 0.
[2020-06-17 21:30:16,129 INFO  L352   nArgumentSynthesizer]: There is no stem transition; disabling supporting invariant generation.
[2020-06-17 21:30:16,129 INFO  L205   nArgumentSynthesizer]: 1 stem disjuncts
[2020-06-17 21:30:16,129 INFO  L206   nArgumentSynthesizer]: 2 loop disjuncts
[2020-06-17 21:30:16,129 INFO  L207   nArgumentSynthesizer]: 5 template conjuncts.
[2020-06-17 21:30:16,133 INFO  L402   nArgumentSynthesizer]: We have 10 Motzkin's Theorem applications.
[2020-06-17 21:30:16,133 INFO  L403   nArgumentSynthesizer]: A total of 0 supporting invariants were added.
[2020-06-17 21:30:16,138 INFO  L530          LassoAnalysis]: Proving termination failed for this template and these settings.
[2020-06-17 21:30:16,150 INFO  L497          LassoAnalysis]: Using template '2-phase'.
No working directory specified, using /home/lixie/LassoRankerExp/LassoRankerExp/z3
Starting monitored process 8 with z3 -smt2 -in SMTLIB2_COMPLIANT=true (exit command is (exit), workingDir is null)
Waiting until toolchain timeout for monitored process 8 with z3 -smt2 -in SMTLIB2_COMPLIANT=true
[2020-06-17 21:30:16,152 INFO  L122   nArgumentSynthesizer]: Termination Analysis Settings:
Termination analysis: LINEAR_WITH_GUESSES
Number of strict supporting invariants: 1
Number of non-strict supporting invariants: 0
Consider only non-deceasing supporting invariants: true
Simplify termination arguments: true
Simplify supporting invariants: trueOverapproximate stem: false
[2020-06-17 21:30:16,154 WARN  L334   nArgumentSynthesizer]: Using a linear SMT query and a templates of degree > 0, hence this method is incomplete.
[2020-06-17 21:30:16,154 INFO  L339   nArgumentSynthesizer]: Template has degree 1.
[2020-06-17 21:30:16,154 INFO  L352   nArgumentSynthesizer]: There is no stem transition; disabling supporting invariant generation.
[2020-06-17 21:30:16,154 INFO  L205   nArgumentSynthesizer]: 1 stem disjuncts
[2020-06-17 21:30:16,154 INFO  L206   nArgumentSynthesizer]: 2 loop disjuncts
[2020-06-17 21:30:16,154 INFO  L207   nArgumentSynthesizer]: 3 template conjuncts.
[2020-06-17 21:30:16,159 INFO  L402   nArgumentSynthesizer]: We have 6 Motzkin's Theorem applications.
[2020-06-17 21:30:16,159 INFO  L403   nArgumentSynthesizer]: A total of 0 supporting invariants were added.
[2020-06-17 21:30:16,172 INFO  L530          LassoAnalysis]: Proving termination failed for this template and these settings.
[2020-06-17 21:30:16,184 INFO  L497          LassoAnalysis]: Using template 'lex(affine, affine)'.
No working directory specified, using /home/lixie/LassoRankerExp/LassoRankerExp/z3
Starting monitored process 9 with z3 -smt2 -in SMTLIB2_COMPLIANT=true (exit command is (exit), workingDir is null)
Waiting until toolchain timeout for monitored process 9 with z3 -smt2 -in SMTLIB2_COMPLIANT=true
[2020-06-17 21:30:16,186 INFO  L122   nArgumentSynthesizer]: Termination Analysis Settings:
Termination analysis: LINEAR_WITH_GUESSES
Number of strict supporting invariants: 1
Number of non-strict supporting invariants: 0
Consider only non-deceasing supporting invariants: true
Simplify termination arguments: true
Simplify supporting invariants: trueOverapproximate stem: false
[2020-06-17 21:30:16,188 WARN  L334   nArgumentSynthesizer]: Using a linear SMT query and a templates of degree > 0, hence this method is incomplete.
[2020-06-17 21:30:16,188 INFO  L339   nArgumentSynthesizer]: Template has degree 5.
[2020-06-17 21:30:16,188 INFO  L352   nArgumentSynthesizer]: There is no stem transition; disabling supporting invariant generation.
[2020-06-17 21:30:16,188 INFO  L205   nArgumentSynthesizer]: 1 stem disjuncts
[2020-06-17 21:30:16,188 INFO  L206   nArgumentSynthesizer]: 2 loop disjuncts
[2020-06-17 21:30:16,188 INFO  L207   nArgumentSynthesizer]: 4 template conjuncts.
[2020-06-17 21:30:16,192 INFO  L402   nArgumentSynthesizer]: We have 8 Motzkin's Theorem applications.
[2020-06-17 21:30:16,192 INFO  L403   nArgumentSynthesizer]: A total of 0 supporting invariants were added.
[2020-06-17 21:30:16,204 INFO  L530          LassoAnalysis]: Proving termination failed for this template and these settings.
[2020-06-17 21:30:16,222 INFO  L497          LassoAnalysis]: Using template '2-piece'.
No working directory specified, using /home/lixie/LassoRankerExp/LassoRankerExp/z3
Starting monitored process 10 with z3 -smt2 -in SMTLIB2_COMPLIANT=true (exit command is (exit), workingDir is null)
Waiting until toolchain timeout for monitored process 10 with z3 -smt2 -in SMTLIB2_COMPLIANT=true
[2020-06-17 21:30:16,224 INFO  L122   nArgumentSynthesizer]: Termination Analysis Settings:
Termination analysis: LINEAR_WITH_GUESSES
Number of strict supporting invariants: 1
Number of non-strict supporting invariants: 0
Consider only non-deceasing supporting invariants: true
Simplify termination arguments: true
Simplify supporting invariants: trueOverapproximate stem: false
[2020-06-17 21:30:16,225 WARN  L334   nArgumentSynthesizer]: Using a linear SMT query and a templates of degree > 0, hence this method is incomplete.
[2020-06-17 21:30:16,225 INFO  L339   nArgumentSynthesizer]: Template has degree 7.
[2020-06-17 21:30:16,225 INFO  L352   nArgumentSynthesizer]: There is no stem transition; disabling supporting invariant generation.
[2020-06-17 21:30:16,226 INFO  L205   nArgumentSynthesizer]: 1 stem disjuncts
[2020-06-17 21:30:16,226 INFO  L206   nArgumentSynthesizer]: 2 loop disjuncts
[2020-06-17 21:30:16,226 INFO  L207   nArgumentSynthesizer]: 7 template conjuncts.
[2020-06-17 21:30:16,234 INFO  L402   nArgumentSynthesizer]: We have 14 Motzkin's Theorem applications.
[2020-06-17 21:30:16,234 INFO  L403   nArgumentSynthesizer]: A total of 0 supporting invariants were added.
[2020-06-17 21:30:16,394 INFO  L421   nArgumentSynthesizer]: Found a termination argument, trying to simplify.
[2020-06-17 21:30:16,542 INFO  L443   ModelExtractionUtils]: Simplification made 13 calls to the SMT solver.
[2020-06-17 21:30:16,543 INFO  L444   ModelExtractionUtils]: 6 out of 17 variables were initially zero. Simplification set additionally 6 variables to zero.
No working directory specified, using /home/lixie/LassoRankerExp/LassoRankerExp/z3
Starting monitored process 11 with z3 -smt2 -in SMTLIB2_COMPLIANT=true (exit command is (exit), workingDir is null)
Waiting until toolchain timeout for monitored process 11 with z3 -smt2 -in SMTLIB2_COMPLIANT=true
[2020-06-17 21:30:16,545 INFO  L437   nArgumentSynthesizer]: Simplifying supporting invariants...
[2020-06-17 21:30:16,545 INFO  L440   nArgumentSynthesizer]: Removed 0 redundant supporting invariants from a total of 0.
[2020-06-17 21:30:16,546 INFO  L518          LassoAnalysis]: Proved termination.
[2020-06-17 21:30:16,546 INFO  L520          LassoAnalysis]: Termination argument consisting of:
Ranking function 2-piece ranking function:
  f(main_y, main_x) = {
    1*main_y,	if -1*main_i >= 0,
    1*main_x,	if 1*main_i >= 0.
Supporting invariants []
[2020-06-17 21:30:16,566 INFO  L132        PluginConnector]: ------------------------ END LassoRanker----------------------------
[2020-06-17 21:30:16,566 INFO  L168              Benchmark]: Toolchain (without parser) took 926.37 ms. Allocated memory is still 514.9 MB. Free memory was 472.9 MB in the beginning and 370.7 MB in the end (delta: 102.2 MB). Peak memory consumption was 102.2 MB. Max. memory is 11.5 GB.
[2020-06-17 21:30:16,568 INFO  L168              Benchmark]: Boogie PL CUP Parser took 0.09 ms. Allocated memory is still 514.9 MB. Free memory is still 474.4 MB. There was no memory consumed. Max. memory is 11.5 GB.
[2020-06-17 21:30:16,568 INFO  L168              Benchmark]: Boogie Preprocessor took 25.42 ms. Allocated memory is still 514.9 MB. Free memory was 471.5 MB in the beginning and 470.2 MB in the end (delta: 1.3 MB). Peak memory consumption was 1.3 MB. Max. memory is 11.5 GB.
[2020-06-17 21:30:16,569 INFO  L168              Benchmark]: RCFGBuilder took 102.57 ms. Allocated memory is still 514.9 MB. Free memory was 470.2 MB in the beginning and 460.7 MB in the end (delta: 9.5 MB). Peak memory consumption was 9.5 MB. Max. memory is 11.5 GB.
[2020-06-17 21:30:16,569 INFO  L168              Benchmark]: LassoRanker took 790.11 ms. Allocated memory is still 514.9 MB. Free memory was 460.7 MB in the beginning and 370.7 MB in the end (delta: 90.0 MB). Peak memory consumption was 90.0 MB. Max. memory is 11.5 GB.
[2020-06-17 21:30:16,571 INFO  L336   ainManager$Toolchain]: #######################  End [Toolchain 1] #######################
 --- Results ---
 * Results from de.uni_freiburg.informatik.ultimate.core:
  - StatisticsResult: Toolchain Benchmarks
    Benchmark results are:
 * Boogie PL CUP Parser took 0.09 ms. Allocated memory is still 514.9 MB. Free memory is still 474.4 MB. There was no memory consumed. Max. memory is 11.5 GB.
 * Boogie Preprocessor took 25.42 ms. Allocated memory is still 514.9 MB. Free memory was 471.5 MB in the beginning and 470.2 MB in the end (delta: 1.3 MB). Peak memory consumption was 1.3 MB. Max. memory is 11.5 GB.
 * RCFGBuilder took 102.57 ms. Allocated memory is still 514.9 MB. Free memory was 470.2 MB in the beginning and 460.7 MB in the end (delta: 9.5 MB). Peak memory consumption was 9.5 MB. Max. memory is 11.5 GB.
 * LassoRanker took 790.11 ms. Allocated memory is still 514.9 MB. Free memory was 460.7 MB in the beginning and 370.7 MB in the end (delta: 90.0 MB). Peak memory consumption was 90.0 MB. Max. memory is 11.5 GB.
 * Results from de.uni_freiburg.informatik.ultimate.plugins.analysis.lassoranker:
  - TerminationArgumentResult [Line: 10]: Found 2-piece ranking function
    Found a termination argument consisting of the 2-piece ranking function: [(if -1 * i >= 0 then y else (if i >= 0 then x else 0))] for which no supporting invariant is required.
RESULT: Ultimate proved your program to be correct!
Received shutdown request...
Ultimate:
GTK+ Version Check
