This is Ultimate 0.1.24-16d85fa
[2020-06-17 21:30:22,100 INFO  L170        SettingsManager]: Resetting all preferences to default values...
[2020-06-17 21:30:22,101 INFO  L174        SettingsManager]: Resetting UltimateCore preferences to default values
[2020-06-17 21:30:22,111 INFO  L177        SettingsManager]: Ultimate Commandline Interface provides no preferences, ignoring...
[2020-06-17 21:30:22,111 INFO  L174        SettingsManager]: Resetting Boogie Preprocessor preferences to default values
[2020-06-17 21:30:22,112 INFO  L174        SettingsManager]: Resetting Boogie Procedure Inliner preferences to default values
[2020-06-17 21:30:22,113 INFO  L174        SettingsManager]: Resetting Abstract Interpretation preferences to default values
[2020-06-17 21:30:22,114 INFO  L174        SettingsManager]: Resetting LassoRanker preferences to default values
[2020-06-17 21:30:22,115 INFO  L174        SettingsManager]: Resetting Reaching Definitions preferences to default values
[2020-06-17 21:30:22,116 INFO  L174        SettingsManager]: Resetting SyntaxChecker preferences to default values
[2020-06-17 21:30:22,116 INFO  L177        SettingsManager]: Büchi Program Product provides no preferences, ignoring...
[2020-06-17 21:30:22,116 INFO  L174        SettingsManager]: Resetting LTL2Aut preferences to default values
[2020-06-17 21:30:22,117 INFO  L174        SettingsManager]: Resetting PEA to Boogie preferences to default values
[2020-06-17 21:30:22,118 INFO  L174        SettingsManager]: Resetting BlockEncodingV2 preferences to default values
[2020-06-17 21:30:22,119 INFO  L174        SettingsManager]: Resetting ChcToBoogie preferences to default values
[2020-06-17 21:30:22,119 INFO  L174        SettingsManager]: Resetting AutomataScriptInterpreter preferences to default values
[2020-06-17 21:30:22,120 INFO  L174        SettingsManager]: Resetting BuchiAutomizer preferences to default values
[2020-06-17 21:30:22,121 INFO  L174        SettingsManager]: Resetting CACSL2BoogieTranslator preferences to default values
[2020-06-17 21:30:22,123 INFO  L174        SettingsManager]: Resetting CodeCheck preferences to default values
[2020-06-17 21:30:22,124 INFO  L174        SettingsManager]: Resetting InvariantSynthesis preferences to default values
[2020-06-17 21:30:22,125 INFO  L174        SettingsManager]: Resetting RCFGBuilder preferences to default values
[2020-06-17 21:30:22,126 INFO  L174        SettingsManager]: Resetting TraceAbstraction preferences to default values
[2020-06-17 21:30:22,128 INFO  L177        SettingsManager]: TraceAbstractionConcurrent provides no preferences, ignoring...
[2020-06-17 21:30:22,128 INFO  L177        SettingsManager]: TraceAbstractionWithAFAs provides no preferences, ignoring...
[2020-06-17 21:30:22,129 INFO  L174        SettingsManager]: Resetting TreeAutomizer preferences to default values
[2020-06-17 21:30:22,129 INFO  L174        SettingsManager]: Resetting IcfgTransformer preferences to default values
[2020-06-17 21:30:22,130 INFO  L174        SettingsManager]: Resetting Boogie Printer preferences to default values
[2020-06-17 21:30:22,131 INFO  L174        SettingsManager]: Resetting ReqPrinter preferences to default values
[2020-06-17 21:30:22,131 INFO  L174        SettingsManager]: Resetting Witness Printer preferences to default values
[2020-06-17 21:30:22,132 INFO  L177        SettingsManager]: Boogie PL CUP Parser provides no preferences, ignoring...
[2020-06-17 21:30:22,132 INFO  L174        SettingsManager]: Resetting CDTParser preferences to default values
[2020-06-17 21:30:22,133 INFO  L177        SettingsManager]: AutomataScriptParser provides no preferences, ignoring...
[2020-06-17 21:30:22,133 INFO  L177        SettingsManager]: ReqParser provides no preferences, ignoring...
[2020-06-17 21:30:22,133 INFO  L174        SettingsManager]: Resetting SmtParser preferences to default values
[2020-06-17 21:30:22,134 INFO  L174        SettingsManager]: Resetting Witness Parser preferences to default values
[2020-06-17 21:30:22,134 INFO  L181        SettingsManager]: Finished resetting all preferences to default values...
[2020-06-17 21:30:22,151 INFO  L81    nceAwareModelManager]: Repository-Root is: /tmp
[2020-06-17 21:30:22,159 INFO  L258   ainManager$Toolchain]: [Toolchain 1]: Applicable parser(s) successfully (re)initialized
[2020-06-17 21:30:22,161 INFO  L214   ainManager$Toolchain]: [Toolchain 1]: Toolchain selected.
[2020-06-17 21:30:22,162 INFO  L271        PluginConnector]: Initializing Boogie PL CUP Parser...
[2020-06-17 21:30:22,162 INFO  L276        PluginConnector]: Boogie PL CUP Parser initialized
[2020-06-17 21:30:22,163 INFO  L418   ainManager$Toolchain]: [Toolchain 1]: Parsing single file: /home/lixie/LassoRankerExp/LassoRankerExp/./Program_non/74.bpl
[2020-06-17 21:30:22,163 INFO  L111           BoogieParser]: Parsing: '/home/lixie/LassoRankerExp/LassoRankerExp/./Program_non/74.bpl'
[2020-06-17 21:30:22,182 INFO  L296   ainManager$Toolchain]: ####################### [Toolchain 1] #######################
[2020-06-17 21:30:22,189 INFO  L131        ToolchainWalker]: Walking toolchain with 3 elements.
[2020-06-17 21:30:22,189 INFO  L113        PluginConnector]: ------------------------Boogie Preprocessor----------------------------
[2020-06-17 21:30:22,189 INFO  L271        PluginConnector]: Initializing Boogie Preprocessor...
[2020-06-17 21:30:22,190 INFO  L276        PluginConnector]: Boogie Preprocessor initialized
[2020-06-17 21:30:22,203 INFO  L185        PluginConnector]: Executing the observer EnsureBoogieModelObserver from plugin Boogie Preprocessor for "74.bpl de.uni_freiburg.informatik.ultimate.boogie.parser AST 17.06 09:30:22" (1/1) ...
[2020-06-17 21:30:22,204 INFO  L185        PluginConnector]: Executing the observer TypeChecker from plugin Boogie Preprocessor for "74.bpl de.uni_freiburg.informatik.ultimate.boogie.parser AST 17.06 09:30:22" (1/1) ...
[2020-06-17 21:30:22,208 INFO  L185        PluginConnector]: Executing the observer ConstExpander from plugin Boogie Preprocessor for "74.bpl de.uni_freiburg.informatik.ultimate.boogie.parser AST 17.06 09:30:22" (1/1) ...
[2020-06-17 21:30:22,208 INFO  L185        PluginConnector]: Executing the observer StructExpander from plugin Boogie Preprocessor for "74.bpl de.uni_freiburg.informatik.ultimate.boogie.parser AST 17.06 09:30:22" (1/1) ...
[2020-06-17 21:30:22,210 INFO  L185        PluginConnector]: Executing the observer UnstructureCode from plugin Boogie Preprocessor for "74.bpl de.uni_freiburg.informatik.ultimate.boogie.parser AST 17.06 09:30:22" (1/1) ...
[2020-06-17 21:30:22,212 INFO  L185        PluginConnector]: Executing the observer FunctionInliner from plugin Boogie Preprocessor for "74.bpl de.uni_freiburg.informatik.ultimate.boogie.parser AST 17.06 09:30:22" (1/1) ...
[2020-06-17 21:30:22,213 INFO  L185        PluginConnector]: Executing the observer BoogieSymbolTableConstructor from plugin Boogie Preprocessor for "74.bpl de.uni_freiburg.informatik.ultimate.boogie.parser AST 17.06 09:30:22" (1/1) ...
[2020-06-17 21:30:22,213 INFO  L132        PluginConnector]: ------------------------ END Boogie Preprocessor----------------------------
[2020-06-17 21:30:22,214 INFO  L113        PluginConnector]: ------------------------RCFGBuilder----------------------------
[2020-06-17 21:30:22,214 INFO  L271        PluginConnector]: Initializing RCFGBuilder...
[2020-06-17 21:30:22,214 INFO  L276        PluginConnector]: RCFGBuilder initialized
[2020-06-17 21:30:22,215 INFO  L185        PluginConnector]: Executing the observer RCFGBuilderObserver from plugin RCFGBuilder for "74.bpl de.uni_freiburg.informatik.ultimate.boogie.parser AST 17.06 09:30:22" (1/1) ...
No working directory specified, using /home/lixie/LassoRankerExp/LassoRankerExp/z3
Starting monitored process 1 with z3 SMTLIB2_COMPLIANT=true -memory:1024 -smt2 -in -t:12000 (exit command is (exit), workingDir is null)
Waiting until toolchain timeout for monitored process 1 with z3 SMTLIB2_COMPLIANT=true -memory:1024 -smt2 -in -t:12000
[2020-06-17 21:30:22,250 INFO  L124     BoogieDeclarations]: Specification and implementation of procedure main given in one single declaration
[2020-06-17 21:30:22,250 INFO  L130     BoogieDeclarations]: Found specification of procedure main
[2020-06-17 21:30:22,250 INFO  L138     BoogieDeclarations]: Found implementation of procedure main
[2020-06-17 21:30:22,335 INFO  L278             CfgBuilder]: Using library mode
[2020-06-17 21:30:22,335 INFO  L286             CfgBuilder]: Removed 0 assue(true) statements.
[2020-06-17 21:30:22,336 INFO  L202        PluginConnector]: Adding new model 74.bpl de.uni_freiburg.informatik.ultimate.plugins.generator.rcfgbuilder CFG 17.06 09:30:22 BoogieIcfgContainer
[2020-06-17 21:30:22,336 INFO  L132        PluginConnector]: ------------------------ END RCFGBuilder----------------------------
[2020-06-17 21:30:22,336 INFO  L113        PluginConnector]: ------------------------LassoRanker----------------------------
[2020-06-17 21:30:22,336 INFO  L271        PluginConnector]: Initializing LassoRanker...
[2020-06-17 21:30:22,336 INFO  L276        PluginConnector]: LassoRanker initialized
[2020-06-17 21:30:22,337 INFO  L185        PluginConnector]: Executing the observer LassoRankerObserver from plugin LassoRanker for "74.bpl de.uni_freiburg.informatik.ultimate.plugins.generator.rcfgbuilder CFG 17.06 09:30:22" (1/1) ...
[2020-06-17 21:30:22,354 INFO  L72            BuchiIsEmpty]: Start buchiIsEmpty. Operand 2 states.
[2020-06-17 21:30:22,367 INFO  L131   ngComponentsAnalysis]: Automaton has 1 accepting balls. 1
[2020-06-17 21:30:22,367 INFO  L87            BuchiIsEmpty]: Finished buchiIsEmpty Result is false
[2020-06-17 21:30:22,367 INFO  L119           BuchiIsEmpty]: Starting construction of run
[2020-06-17 21:30:22,372 INFO  L104     BuchiDifferenceFKV]: Start buchiDifferenceFKV. First operand 2 states. Second operand 1 states.
[2020-06-17 21:30:22,379 INFO  L108     BuchiDifferenceFKV]: Finished buchiDifferenceFKV. First operand 2 states. Second operand 1 states. Result 3 states and 4 transitions. Complement of second has 2 states 2 powerset states0 rank states. The highest rank that occured is -1
[2020-06-17 21:30:22,379 INFO  L72            BuchiIsEmpty]: Start buchiIsEmpty. Operand 3 states and 4 transitions.
[2020-06-17 21:30:22,379 INFO  L131   ngComponentsAnalysis]: Automaton has 0 accepting balls. 0
[2020-06-17 21:30:22,379 INFO  L87            BuchiIsEmpty]: Finished buchiIsEmpty Result is true
[2020-06-17 21:30:22,436 INFO  L216          LassoAnalysis]: Preferences:
[2020-06-17 21:30:22,436 INFO  L124   ssoRankerPreferences]: Compute integeral hull: false
[2020-06-17 21:30:22,437 INFO  L125   ssoRankerPreferences]: Enable LassoPartitioneer: true
[2020-06-17 21:30:22,437 INFO  L126   ssoRankerPreferences]: Term annotations enabled: false
[2020-06-17 21:30:22,437 INFO  L127   ssoRankerPreferences]: Use exernal solver: true
[2020-06-17 21:30:22,437 INFO  L128   ssoRankerPreferences]: SMT solver command: z3 -smt2 -in SMTLIB2_COMPLIANT=true
[2020-06-17 21:30:22,437 INFO  L129   ssoRankerPreferences]: Dump SMT script to file: false
[2020-06-17 21:30:22,437 INFO  L130   ssoRankerPreferences]: Path of dumped script: .
[2020-06-17 21:30:22,437 INFO  L131   ssoRankerPreferences]: Filename of dumped script: LassoRankerScript
[2020-06-17 21:30:22,437 INFO  L132   ssoRankerPreferences]: MapElimAlgo: Frank
[2020-06-17 21:30:22,437 INFO  L282          LassoAnalysis]: Starting lasso preprocessing...
[2020-06-17 21:30:22,451 INFO  L141          MapEliminator]: Using MapEliminator with SimplificationTechnique=SIMPLIFY_DDA XnfConversionTechnique=BOTTOM_UP_WITH_LOCAL_SIMPLIFICATION AddInequalities=false OnlyTrivialImplicationsArrayWrite=false OnlyTrivialImplicationsForModifiedArguments=true OnlyArgumentsInFormula=true
[2020-06-17 21:30:22,589 INFO  L300          LassoAnalysis]: Preprocessing complete.
[2020-06-17 21:30:22,589 INFO  L412          LassoAnalysis]: Checking for nontermination...
No working directory specified, using /home/lixie/LassoRankerExp/LassoRankerExp/z3
Starting monitored process 2 with z3 -smt2 -in SMTLIB2_COMPLIANT=true (exit command is (exit), workingDir is null)
Waiting until toolchain timeout for monitored process 2 with z3 -smt2 -in SMTLIB2_COMPLIANT=true
[2020-06-17 21:30:22,593 INFO  L151   nArgumentSynthesizer]: Nontermination analysis: LINEAR_WITH_GUESSES Allow bounded executions: true Number of generalized eigenvectors: 0 Nilpotent components: true
[2020-06-17 21:30:22,593 INFO  L163   nArgumentSynthesizer]: Using integer mode.
No working directory specified, using /home/lixie/LassoRankerExp/LassoRankerExp/z3
Starting monitored process 3 with z3 -smt2 -in SMTLIB2_COMPLIANT=true (exit command is (exit), workingDir is null)
Waiting until toolchain timeout for monitored process 3 with z3 -smt2 -in SMTLIB2_COMPLIANT=true
[2020-06-17 21:30:22,612 INFO  L151   nArgumentSynthesizer]: Nontermination analysis: LINEAR_WITH_GUESSES Allow bounded executions: true Number of generalized eigenvectors: 3 Nilpotent components: true
[2020-06-17 21:30:22,612 INFO  L163   nArgumentSynthesizer]: Using integer mode.
[2020-06-17 21:30:22,633 INFO  L452          LassoAnalysis]: Proving nontermination failed: No geometric nontermination argument exists.
[2020-06-17 21:30:22,635 INFO  L216          LassoAnalysis]: Preferences:
[2020-06-17 21:30:22,635 INFO  L124   ssoRankerPreferences]: Compute integeral hull: false
[2020-06-17 21:30:22,635 INFO  L125   ssoRankerPreferences]: Enable LassoPartitioneer: true
[2020-06-17 21:30:22,635 INFO  L126   ssoRankerPreferences]: Term annotations enabled: false
[2020-06-17 21:30:22,635 INFO  L127   ssoRankerPreferences]: Use exernal solver: true
[2020-06-17 21:30:22,635 INFO  L128   ssoRankerPreferences]: SMT solver command: z3 -smt2 -in SMTLIB2_COMPLIANT=true
[2020-06-17 21:30:22,635 INFO  L129   ssoRankerPreferences]: Dump SMT script to file: false
[2020-06-17 21:30:22,636 INFO  L130   ssoRankerPreferences]: Path of dumped script: .
[2020-06-17 21:30:22,636 INFO  L131   ssoRankerPreferences]: Filename of dumped script: LassoRankerScript
[2020-06-17 21:30:22,636 INFO  L132   ssoRankerPreferences]: MapElimAlgo: Frank
[2020-06-17 21:30:22,636 INFO  L282          LassoAnalysis]: Starting lasso preprocessing...
[2020-06-17 21:30:22,637 INFO  L141          MapEliminator]: Using MapEliminator with SimplificationTechnique=SIMPLIFY_DDA XnfConversionTechnique=BOTTOM_UP_WITH_LOCAL_SIMPLIFICATION AddInequalities=false OnlyTrivialImplicationsArrayWrite=false OnlyTrivialImplicationsForModifiedArguments=true OnlyArgumentsInFormula=true
[2020-06-17 21:30:22,731 INFO  L300          LassoAnalysis]: Preprocessing complete.
[2020-06-17 21:30:22,735 INFO  L497          LassoAnalysis]: Using template 'affine'.
No working directory specified, using /home/lixie/LassoRankerExp/LassoRankerExp/z3
Starting monitored process 4 with z3 -smt2 -in SMTLIB2_COMPLIANT=true (exit command is (exit), workingDir is null)
Waiting until toolchain timeout for monitored process 4 with z3 -smt2 -in SMTLIB2_COMPLIANT=true
[2020-06-17 21:30:22,739 INFO  L122   nArgumentSynthesizer]: Termination Analysis Settings:
Termination analysis: LINEAR_WITH_GUESSES
Number of strict supporting invariants: 1
Number of non-strict supporting invariants: 0
Consider only non-deceasing supporting invariants: true
Simplify termination arguments: true
Simplify supporting invariants: trueOverapproximate stem: false
[2020-06-17 21:30:22,740 INFO  L339   nArgumentSynthesizer]: Template has degree 0.
[2020-06-17 21:30:22,740 INFO  L352   nArgumentSynthesizer]: There is no stem transition; disabling supporting invariant generation.
[2020-06-17 21:30:22,741 INFO  L205   nArgumentSynthesizer]: 1 stem disjuncts
[2020-06-17 21:30:22,741 INFO  L206   nArgumentSynthesizer]: 2 loop disjuncts
[2020-06-17 21:30:22,741 INFO  L207   nArgumentSynthesizer]: 2 template conjuncts.
[2020-06-17 21:30:22,744 INFO  L402   nArgumentSynthesizer]: We have 4 Motzkin's Theorem applications.
[2020-06-17 21:30:22,744 INFO  L403   nArgumentSynthesizer]: A total of 0 supporting invariants were added.
[2020-06-17 21:30:22,747 INFO  L530          LassoAnalysis]: Proving termination failed for this template and these settings.
[2020-06-17 21:30:22,761 INFO  L497          LassoAnalysis]: Using template '2-nested'.
No working directory specified, using /home/lixie/LassoRankerExp/LassoRankerExp/z3
Starting monitored process 5 with z3 -smt2 -in SMTLIB2_COMPLIANT=true (exit command is (exit), workingDir is null)
Waiting until toolchain timeout for monitored process 5 with z3 -smt2 -in SMTLIB2_COMPLIANT=true
[2020-06-17 21:30:22,763 INFO  L122   nArgumentSynthesizer]: Termination Analysis Settings:
Termination analysis: LINEAR_WITH_GUESSES
Number of strict supporting invariants: 1
Number of non-strict supporting invariants: 0
Consider only non-deceasing supporting invariants: true
Simplify termination arguments: true
Simplify supporting invariants: trueOverapproximate stem: false
[2020-06-17 21:30:22,764 INFO  L339   nArgumentSynthesizer]: Template has degree 0.
[2020-06-17 21:30:22,764 INFO  L352   nArgumentSynthesizer]: There is no stem transition; disabling supporting invariant generation.
[2020-06-17 21:30:22,764 INFO  L205   nArgumentSynthesizer]: 1 stem disjuncts
[2020-06-17 21:30:22,764 INFO  L206   nArgumentSynthesizer]: 2 loop disjuncts
[2020-06-17 21:30:22,764 INFO  L207   nArgumentSynthesizer]: 3 template conjuncts.
[2020-06-17 21:30:22,767 INFO  L402   nArgumentSynthesizer]: We have 6 Motzkin's Theorem applications.
[2020-06-17 21:30:22,767 INFO  L403   nArgumentSynthesizer]: A total of 0 supporting invariants were added.
[2020-06-17 21:30:22,769 INFO  L530          LassoAnalysis]: Proving termination failed for this template and these settings.
[2020-06-17 21:30:22,782 INFO  L497          LassoAnalysis]: Using template '3-nested'.
No working directory specified, using /home/lixie/LassoRankerExp/LassoRankerExp/z3
Starting monitored process 6 with z3 -smt2 -in SMTLIB2_COMPLIANT=true (exit command is (exit), workingDir is null)
Waiting until toolchain timeout for monitored process 6 with z3 -smt2 -in SMTLIB2_COMPLIANT=true
[2020-06-17 21:30:22,784 INFO  L122   nArgumentSynthesizer]: Termination Analysis Settings:
Termination analysis: LINEAR_WITH_GUESSES
Number of strict supporting invariants: 1
Number of non-strict supporting invariants: 0
Consider only non-deceasing supporting invariants: true
Simplify termination arguments: true
Simplify supporting invariants: trueOverapproximate stem: false
[2020-06-17 21:30:22,786 INFO  L339   nArgumentSynthesizer]: Template has degree 0.
[2020-06-17 21:30:22,786 INFO  L352   nArgumentSynthesizer]: There is no stem transition; disabling supporting invariant generation.
[2020-06-17 21:30:22,786 INFO  L205   nArgumentSynthesizer]: 1 stem disjuncts
[2020-06-17 21:30:22,786 INFO  L206   nArgumentSynthesizer]: 2 loop disjuncts
[2020-06-17 21:30:22,786 INFO  L207   nArgumentSynthesizer]: 4 template conjuncts.
[2020-06-17 21:30:22,791 INFO  L402   nArgumentSynthesizer]: We have 8 Motzkin's Theorem applications.
[2020-06-17 21:30:22,791 INFO  L403   nArgumentSynthesizer]: A total of 0 supporting invariants were added.
[2020-06-17 21:30:22,796 INFO  L530          LassoAnalysis]: Proving termination failed for this template and these settings.
[2020-06-17 21:30:22,817 INFO  L497          LassoAnalysis]: Using template '4-nested'.
No working directory specified, using /home/lixie/LassoRankerExp/LassoRankerExp/z3
Starting monitored process 7 with z3 -smt2 -in SMTLIB2_COMPLIANT=true (exit command is (exit), workingDir is null)
Waiting until toolchain timeout for monitored process 7 with z3 -smt2 -in SMTLIB2_COMPLIANT=true
[2020-06-17 21:30:22,825 INFO  L122   nArgumentSynthesizer]: Termination Analysis Settings:
Termination analysis: LINEAR_WITH_GUESSES
Number of strict supporting invariants: 1
Number of non-strict supporting invariants: 0
Consider only non-deceasing supporting invariants: true
Simplify termination arguments: true
Simplify supporting invariants: trueOverapproximate stem: false
[2020-06-17 21:30:22,827 INFO  L339   nArgumentSynthesizer]: Template has degree 0.
[2020-06-17 21:30:22,828 INFO  L352   nArgumentSynthesizer]: There is no stem transition; disabling supporting invariant generation.
[2020-06-17 21:30:22,828 INFO  L205   nArgumentSynthesizer]: 1 stem disjuncts
[2020-06-17 21:30:22,828 INFO  L206   nArgumentSynthesizer]: 2 loop disjuncts
[2020-06-17 21:30:22,828 INFO  L207   nArgumentSynthesizer]: 5 template conjuncts.
[2020-06-17 21:30:22,834 INFO  L402   nArgumentSynthesizer]: We have 10 Motzkin's Theorem applications.
[2020-06-17 21:30:22,834 INFO  L403   nArgumentSynthesizer]: A total of 0 supporting invariants were added.
[2020-06-17 21:30:22,841 INFO  L530          LassoAnalysis]: Proving termination failed for this template and these settings.
[2020-06-17 21:30:22,864 INFO  L497          LassoAnalysis]: Using template '2-phase'.
No working directory specified, using /home/lixie/LassoRankerExp/LassoRankerExp/z3
Starting monitored process 8 with z3 -smt2 -in SMTLIB2_COMPLIANT=true (exit command is (exit), workingDir is null)
Waiting until toolchain timeout for monitored process 8 with z3 -smt2 -in SMTLIB2_COMPLIANT=true
[2020-06-17 21:30:22,866 INFO  L122   nArgumentSynthesizer]: Termination Analysis Settings:
Termination analysis: LINEAR_WITH_GUESSES
Number of strict supporting invariants: 1
Number of non-strict supporting invariants: 0
Consider only non-deceasing supporting invariants: true
Simplify termination arguments: true
Simplify supporting invariants: trueOverapproximate stem: false
[2020-06-17 21:30:22,868 WARN  L334   nArgumentSynthesizer]: Using a linear SMT query and a templates of degree > 0, hence this method is incomplete.
[2020-06-17 21:30:22,868 INFO  L339   nArgumentSynthesizer]: Template has degree 1.
[2020-06-17 21:30:22,868 INFO  L352   nArgumentSynthesizer]: There is no stem transition; disabling supporting invariant generation.
[2020-06-17 21:30:22,868 INFO  L205   nArgumentSynthesizer]: 1 stem disjuncts
[2020-06-17 21:30:22,868 INFO  L206   nArgumentSynthesizer]: 2 loop disjuncts
[2020-06-17 21:30:22,868 INFO  L207   nArgumentSynthesizer]: 3 template conjuncts.
[2020-06-17 21:30:22,871 INFO  L402   nArgumentSynthesizer]: We have 6 Motzkin's Theorem applications.
[2020-06-17 21:30:22,871 INFO  L403   nArgumentSynthesizer]: A total of 0 supporting invariants were added.
[2020-06-17 21:30:22,877 INFO  L530          LassoAnalysis]: Proving termination failed for this template and these settings.
[2020-06-17 21:30:22,890 INFO  L497          LassoAnalysis]: Using template 'lex(affine, affine)'.
No working directory specified, using /home/lixie/LassoRankerExp/LassoRankerExp/z3
Starting monitored process 9 with z3 -smt2 -in SMTLIB2_COMPLIANT=true (exit command is (exit), workingDir is null)
Waiting until toolchain timeout for monitored process 9 with z3 -smt2 -in SMTLIB2_COMPLIANT=true
[2020-06-17 21:30:22,892 INFO  L122   nArgumentSynthesizer]: Termination Analysis Settings:
Termination analysis: LINEAR_WITH_GUESSES
Number of strict supporting invariants: 1
Number of non-strict supporting invariants: 0
Consider only non-deceasing supporting invariants: true
Simplify termination arguments: true
Simplify supporting invariants: trueOverapproximate stem: false
[2020-06-17 21:30:22,894 WARN  L334   nArgumentSynthesizer]: Using a linear SMT query and a templates of degree > 0, hence this method is incomplete.
[2020-06-17 21:30:22,894 INFO  L339   nArgumentSynthesizer]: Template has degree 5.
[2020-06-17 21:30:22,894 INFO  L352   nArgumentSynthesizer]: There is no stem transition; disabling supporting invariant generation.
[2020-06-17 21:30:22,894 INFO  L205   nArgumentSynthesizer]: 1 stem disjuncts
[2020-06-17 21:30:22,894 INFO  L206   nArgumentSynthesizer]: 2 loop disjuncts
[2020-06-17 21:30:22,894 INFO  L207   nArgumentSynthesizer]: 4 template conjuncts.
[2020-06-17 21:30:22,897 INFO  L402   nArgumentSynthesizer]: We have 8 Motzkin's Theorem applications.
[2020-06-17 21:30:22,897 INFO  L403   nArgumentSynthesizer]: A total of 0 supporting invariants were added.
[2020-06-17 21:30:22,902 INFO  L530          LassoAnalysis]: Proving termination failed for this template and these settings.
[2020-06-17 21:30:22,915 INFO  L497          LassoAnalysis]: Using template '2-piece'.
No working directory specified, using /home/lixie/LassoRankerExp/LassoRankerExp/z3
Starting monitored process 10 with z3 -smt2 -in SMTLIB2_COMPLIANT=true (exit command is (exit), workingDir is null)
Waiting until toolchain timeout for monitored process 10 with z3 -smt2 -in SMTLIB2_COMPLIANT=true
[2020-06-17 21:30:22,917 INFO  L122   nArgumentSynthesizer]: Termination Analysis Settings:
Termination analysis: LINEAR_WITH_GUESSES
Number of strict supporting invariants: 1
Number of non-strict supporting invariants: 0
Consider only non-deceasing supporting invariants: true
Simplify termination arguments: true
Simplify supporting invariants: trueOverapproximate stem: false
[2020-06-17 21:30:22,918 WARN  L334   nArgumentSynthesizer]: Using a linear SMT query and a templates of degree > 0, hence this method is incomplete.
[2020-06-17 21:30:22,918 INFO  L339   nArgumentSynthesizer]: Template has degree 7.
[2020-06-17 21:30:22,918 INFO  L352   nArgumentSynthesizer]: There is no stem transition; disabling supporting invariant generation.
[2020-06-17 21:30:22,918 INFO  L205   nArgumentSynthesizer]: 1 stem disjuncts
[2020-06-17 21:30:22,918 INFO  L206   nArgumentSynthesizer]: 2 loop disjuncts
[2020-06-17 21:30:22,919 INFO  L207   nArgumentSynthesizer]: 7 template conjuncts.
[2020-06-17 21:30:22,927 INFO  L402   nArgumentSynthesizer]: We have 14 Motzkin's Theorem applications.
[2020-06-17 21:30:22,928 INFO  L403   nArgumentSynthesizer]: A total of 0 supporting invariants were added.
[2020-06-17 21:30:22,957 INFO  L530          LassoAnalysis]: Proving termination failed for this template and these settings.
[2020-06-17 21:30:22,969 INFO  L497          LassoAnalysis]: Using template '2-parallel'.
No working directory specified, using /home/lixie/LassoRankerExp/LassoRankerExp/z3
Starting monitored process 11 with z3 -smt2 -in SMTLIB2_COMPLIANT=true (exit command is (exit), workingDir is null)
Waiting until toolchain timeout for monitored process 11 with z3 -smt2 -in SMTLIB2_COMPLIANT=true
[2020-06-17 21:30:22,971 INFO  L122   nArgumentSynthesizer]: Termination Analysis Settings:
Termination analysis: LINEAR_WITH_GUESSES
Number of strict supporting invariants: 1
Number of non-strict supporting invariants: 0
Consider only non-deceasing supporting invariants: true
Simplify termination arguments: true
Simplify supporting invariants: trueOverapproximate stem: false
[2020-06-17 21:30:22,972 WARN  L334   nArgumentSynthesizer]: Using a linear SMT query and a templates of degree > 0, hence this method is incomplete.
[2020-06-17 21:30:22,972 INFO  L339   nArgumentSynthesizer]: Template has degree 4.
[2020-06-17 21:30:22,972 INFO  L352   nArgumentSynthesizer]: There is no stem transition; disabling supporting invariant generation.
[2020-06-17 21:30:22,973 INFO  L205   nArgumentSynthesizer]: 1 stem disjuncts
[2020-06-17 21:30:22,973 INFO  L206   nArgumentSynthesizer]: 2 loop disjuncts
[2020-06-17 21:30:22,973 INFO  L207   nArgumentSynthesizer]: 6 template conjuncts.
[2020-06-17 21:30:22,977 INFO  L402   nArgumentSynthesizer]: We have 12 Motzkin's Theorem applications.
[2020-06-17 21:30:22,977 INFO  L403   nArgumentSynthesizer]: A total of 0 supporting invariants were added.
[2020-06-17 21:30:22,991 INFO  L421   nArgumentSynthesizer]: Found a termination argument, trying to simplify.
[2020-06-17 21:30:22,999 INFO  L443   ModelExtractionUtils]: Simplification made 4 calls to the SMT solver.
[2020-06-17 21:30:22,999 INFO  L444   ModelExtractionUtils]: 2 out of 8 variables were initially zero. Simplification set additionally 0 variables to zero.
No working directory specified, using /home/lixie/LassoRankerExp/LassoRankerExp/z3
Starting monitored process 12 with z3 -smt2 -in SMTLIB2_COMPLIANT=true (exit command is (exit), workingDir is null)
Waiting until toolchain timeout for monitored process 12 with z3 -smt2 -in SMTLIB2_COMPLIANT=true
[2020-06-17 21:30:23,005 INFO  L437   nArgumentSynthesizer]: Simplifying supporting invariants...
[2020-06-17 21:30:23,005 INFO  L440   nArgumentSynthesizer]: Removed 0 redundant supporting invariants from a total of 0.
[2020-06-17 21:30:23,005 INFO  L518          LassoAnalysis]: Proved termination.
[2020-06-17 21:30:23,006 INFO  L520          LassoAnalysis]: Termination argument consisting of:
Ranking function 2-parallel ranking function:
f = max{0, 3*main_i + 2} + max{0, 3*main_j + 2}
Supporting invariants []
[2020-06-17 21:30:23,035 INFO  L132        PluginConnector]: ------------------------ END LassoRanker----------------------------
[2020-06-17 21:30:23,035 INFO  L168              Benchmark]: Toolchain (without parser) took 853.02 ms. Allocated memory was 514.9 MB in the beginning and 531.6 MB in the end (delta: 16.8 MB). Free memory was 472.9 MB in the beginning and 469.8 MB in the end (delta: 3.1 MB). Peak memory consumption was 120.3 MB. Max. memory is 11.5 GB.
[2020-06-17 21:30:23,037 INFO  L168              Benchmark]: Boogie PL CUP Parser took 0.11 ms. Allocated memory is still 514.9 MB. Free memory is still 474.4 MB. There was no memory consumed. Max. memory is 11.5 GB.
[2020-06-17 21:30:23,037 INFO  L168              Benchmark]: Boogie Preprocessor took 24.39 ms. Allocated memory is still 514.9 MB. Free memory was 471.5 MB in the beginning and 470.2 MB in the end (delta: 1.3 MB). Peak memory consumption was 1.3 MB. Max. memory is 11.5 GB.
[2020-06-17 21:30:23,037 INFO  L168              Benchmark]: RCFGBuilder took 121.91 ms. Allocated memory is still 514.9 MB. Free memory was 470.2 MB in the beginning and 459.3 MB in the end (delta: 10.9 MB). Peak memory consumption was 10.9 MB. Max. memory is 11.5 GB.
[2020-06-17 21:30:23,038 INFO  L168              Benchmark]: LassoRanker took 698.85 ms. Allocated memory was 514.9 MB in the beginning and 531.6 MB in the end (delta: 16.8 MB). Free memory was 459.3 MB in the beginning and 469.8 MB in the end (delta: -10.5 MB). Peak memory consumption was 106.7 MB. Max. memory is 11.5 GB.
[2020-06-17 21:30:23,040 INFO  L336   ainManager$Toolchain]: #######################  End [Toolchain 1] #######################
 --- Results ---
 * Results from de.uni_freiburg.informatik.ultimate.core:
  - StatisticsResult: Toolchain Benchmarks
    Benchmark results are:
 * Boogie PL CUP Parser took 0.11 ms. Allocated memory is still 514.9 MB. Free memory is still 474.4 MB. There was no memory consumed. Max. memory is 11.5 GB.
 * Boogie Preprocessor took 24.39 ms. Allocated memory is still 514.9 MB. Free memory was 471.5 MB in the beginning and 470.2 MB in the end (delta: 1.3 MB). Peak memory consumption was 1.3 MB. Max. memory is 11.5 GB.
 * RCFGBuilder took 121.91 ms. Allocated memory is still 514.9 MB. Free memory was 470.2 MB in the beginning and 459.3 MB in the end (delta: 10.9 MB). Peak memory consumption was 10.9 MB. Max. memory is 11.5 GB.
 * LassoRanker took 698.85 ms. Allocated memory was 514.9 MB in the beginning and 531.6 MB in the end (delta: 16.8 MB). Free memory was 459.3 MB in the beginning and 469.8 MB in the end (delta: -10.5 MB). Peak memory consumption was 106.7 MB. Max. memory is 11.5 GB.
 * Results from de.uni_freiburg.informatik.ultimate.plugins.analysis.lassoranker:
  - TerminationArgumentResult [Line: 39]: Found 2-parallel ranking function
    Found a termination argument consisting of the 2-parallel ranking function: [(if 3 * i + 2 > 0 then 3 * i + 2 else 0) + (if 3 * j + 2 > 0 then 3 * j + 2 else 0)] for which no supporting invariant is required.
RESULT: Ultimate proved your program to be correct!
Received shutdown request...
Ultimate:
GTK+ Version Check
