This is Ultimate 0.1.24-16d85fa
[2020-06-17 21:30:26,518 INFO  L170        SettingsManager]: Resetting all preferences to default values...
[2020-06-17 21:30:26,519 INFO  L174        SettingsManager]: Resetting UltimateCore preferences to default values
[2020-06-17 21:30:26,528 INFO  L177        SettingsManager]: Ultimate Commandline Interface provides no preferences, ignoring...
[2020-06-17 21:30:26,529 INFO  L174        SettingsManager]: Resetting Boogie Preprocessor preferences to default values
[2020-06-17 21:30:26,529 INFO  L174        SettingsManager]: Resetting Boogie Procedure Inliner preferences to default values
[2020-06-17 21:30:26,530 INFO  L174        SettingsManager]: Resetting Abstract Interpretation preferences to default values
[2020-06-17 21:30:26,531 INFO  L174        SettingsManager]: Resetting LassoRanker preferences to default values
[2020-06-17 21:30:26,532 INFO  L174        SettingsManager]: Resetting Reaching Definitions preferences to default values
[2020-06-17 21:30:26,533 INFO  L174        SettingsManager]: Resetting SyntaxChecker preferences to default values
[2020-06-17 21:30:26,533 INFO  L177        SettingsManager]: Büchi Program Product provides no preferences, ignoring...
[2020-06-17 21:30:26,533 INFO  L174        SettingsManager]: Resetting LTL2Aut preferences to default values
[2020-06-17 21:30:26,534 INFO  L174        SettingsManager]: Resetting PEA to Boogie preferences to default values
[2020-06-17 21:30:26,534 INFO  L174        SettingsManager]: Resetting BlockEncodingV2 preferences to default values
[2020-06-17 21:30:26,535 INFO  L174        SettingsManager]: Resetting ChcToBoogie preferences to default values
[2020-06-17 21:30:26,535 INFO  L174        SettingsManager]: Resetting AutomataScriptInterpreter preferences to default values
[2020-06-17 21:30:26,536 INFO  L174        SettingsManager]: Resetting BuchiAutomizer preferences to default values
[2020-06-17 21:30:26,537 INFO  L174        SettingsManager]: Resetting CACSL2BoogieTranslator preferences to default values
[2020-06-17 21:30:26,538 INFO  L174        SettingsManager]: Resetting CodeCheck preferences to default values
[2020-06-17 21:30:26,539 INFO  L174        SettingsManager]: Resetting InvariantSynthesis preferences to default values
[2020-06-17 21:30:26,540 INFO  L174        SettingsManager]: Resetting RCFGBuilder preferences to default values
[2020-06-17 21:30:26,540 INFO  L174        SettingsManager]: Resetting TraceAbstraction preferences to default values
[2020-06-17 21:30:26,542 INFO  L177        SettingsManager]: TraceAbstractionConcurrent provides no preferences, ignoring...
[2020-06-17 21:30:26,542 INFO  L177        SettingsManager]: TraceAbstractionWithAFAs provides no preferences, ignoring...
[2020-06-17 21:30:26,542 INFO  L174        SettingsManager]: Resetting TreeAutomizer preferences to default values
[2020-06-17 21:30:26,542 INFO  L174        SettingsManager]: Resetting IcfgTransformer preferences to default values
[2020-06-17 21:30:26,543 INFO  L174        SettingsManager]: Resetting Boogie Printer preferences to default values
[2020-06-17 21:30:26,543 INFO  L174        SettingsManager]: Resetting ReqPrinter preferences to default values
[2020-06-17 21:30:26,544 INFO  L174        SettingsManager]: Resetting Witness Printer preferences to default values
[2020-06-17 21:30:26,544 INFO  L177        SettingsManager]: Boogie PL CUP Parser provides no preferences, ignoring...
[2020-06-17 21:30:26,544 INFO  L174        SettingsManager]: Resetting CDTParser preferences to default values
[2020-06-17 21:30:26,545 INFO  L177        SettingsManager]: AutomataScriptParser provides no preferences, ignoring...
[2020-06-17 21:30:26,545 INFO  L177        SettingsManager]: ReqParser provides no preferences, ignoring...
[2020-06-17 21:30:26,545 INFO  L174        SettingsManager]: Resetting SmtParser preferences to default values
[2020-06-17 21:30:26,545 INFO  L174        SettingsManager]: Resetting Witness Parser preferences to default values
[2020-06-17 21:30:26,546 INFO  L181        SettingsManager]: Finished resetting all preferences to default values...
[2020-06-17 21:30:26,560 INFO  L81    nceAwareModelManager]: Repository-Root is: /tmp
[2020-06-17 21:30:26,568 INFO  L258   ainManager$Toolchain]: [Toolchain 1]: Applicable parser(s) successfully (re)initialized
[2020-06-17 21:30:26,570 INFO  L214   ainManager$Toolchain]: [Toolchain 1]: Toolchain selected.
[2020-06-17 21:30:26,571 INFO  L271        PluginConnector]: Initializing Boogie PL CUP Parser...
[2020-06-17 21:30:26,571 INFO  L276        PluginConnector]: Boogie PL CUP Parser initialized
[2020-06-17 21:30:26,572 INFO  L418   ainManager$Toolchain]: [Toolchain 1]: Parsing single file: /home/lixie/LassoRankerExp/LassoRankerExp/./Program_non/78.bpl
[2020-06-17 21:30:26,572 INFO  L111           BoogieParser]: Parsing: '/home/lixie/LassoRankerExp/LassoRankerExp/./Program_non/78.bpl'
[2020-06-17 21:30:26,591 INFO  L296   ainManager$Toolchain]: ####################### [Toolchain 1] #######################
[2020-06-17 21:30:26,597 INFO  L131        ToolchainWalker]: Walking toolchain with 3 elements.
[2020-06-17 21:30:26,598 INFO  L113        PluginConnector]: ------------------------Boogie Preprocessor----------------------------
[2020-06-17 21:30:26,598 INFO  L271        PluginConnector]: Initializing Boogie Preprocessor...
[2020-06-17 21:30:26,598 INFO  L276        PluginConnector]: Boogie Preprocessor initialized
[2020-06-17 21:30:26,611 INFO  L185        PluginConnector]: Executing the observer EnsureBoogieModelObserver from plugin Boogie Preprocessor for "78.bpl de.uni_freiburg.informatik.ultimate.boogie.parser AST 17.06 09:30:26" (1/1) ...
[2020-06-17 21:30:26,612 INFO  L185        PluginConnector]: Executing the observer TypeChecker from plugin Boogie Preprocessor for "78.bpl de.uni_freiburg.informatik.ultimate.boogie.parser AST 17.06 09:30:26" (1/1) ...
[2020-06-17 21:30:26,616 INFO  L185        PluginConnector]: Executing the observer ConstExpander from plugin Boogie Preprocessor for "78.bpl de.uni_freiburg.informatik.ultimate.boogie.parser AST 17.06 09:30:26" (1/1) ...
[2020-06-17 21:30:26,617 INFO  L185        PluginConnector]: Executing the observer StructExpander from plugin Boogie Preprocessor for "78.bpl de.uni_freiburg.informatik.ultimate.boogie.parser AST 17.06 09:30:26" (1/1) ...
[2020-06-17 21:30:26,618 INFO  L185        PluginConnector]: Executing the observer UnstructureCode from plugin Boogie Preprocessor for "78.bpl de.uni_freiburg.informatik.ultimate.boogie.parser AST 17.06 09:30:26" (1/1) ...
[2020-06-17 21:30:26,621 INFO  L185        PluginConnector]: Executing the observer FunctionInliner from plugin Boogie Preprocessor for "78.bpl de.uni_freiburg.informatik.ultimate.boogie.parser AST 17.06 09:30:26" (1/1) ...
[2020-06-17 21:30:26,621 INFO  L185        PluginConnector]: Executing the observer BoogieSymbolTableConstructor from plugin Boogie Preprocessor for "78.bpl de.uni_freiburg.informatik.ultimate.boogie.parser AST 17.06 09:30:26" (1/1) ...
[2020-06-17 21:30:26,622 INFO  L132        PluginConnector]: ------------------------ END Boogie Preprocessor----------------------------
[2020-06-17 21:30:26,622 INFO  L113        PluginConnector]: ------------------------RCFGBuilder----------------------------
[2020-06-17 21:30:26,622 INFO  L271        PluginConnector]: Initializing RCFGBuilder...
[2020-06-17 21:30:26,623 INFO  L276        PluginConnector]: RCFGBuilder initialized
[2020-06-17 21:30:26,623 INFO  L185        PluginConnector]: Executing the observer RCFGBuilderObserver from plugin RCFGBuilder for "78.bpl de.uni_freiburg.informatik.ultimate.boogie.parser AST 17.06 09:30:26" (1/1) ...
No working directory specified, using /home/lixie/LassoRankerExp/LassoRankerExp/z3
Starting monitored process 1 with z3 SMTLIB2_COMPLIANT=true -memory:1024 -smt2 -in -t:12000 (exit command is (exit), workingDir is null)
Waiting until toolchain timeout for monitored process 1 with z3 SMTLIB2_COMPLIANT=true -memory:1024 -smt2 -in -t:12000
[2020-06-17 21:30:26,659 INFO  L124     BoogieDeclarations]: Specification and implementation of procedure main given in one single declaration
[2020-06-17 21:30:26,659 INFO  L130     BoogieDeclarations]: Found specification of procedure main
[2020-06-17 21:30:26,659 INFO  L138     BoogieDeclarations]: Found implementation of procedure main
[2020-06-17 21:30:26,724 INFO  L278             CfgBuilder]: Using library mode
[2020-06-17 21:30:26,724 INFO  L286             CfgBuilder]: Removed 0 assue(true) statements.
[2020-06-17 21:30:26,725 INFO  L202        PluginConnector]: Adding new model 78.bpl de.uni_freiburg.informatik.ultimate.plugins.generator.rcfgbuilder CFG 17.06 09:30:26 BoogieIcfgContainer
[2020-06-17 21:30:26,725 INFO  L132        PluginConnector]: ------------------------ END RCFGBuilder----------------------------
[2020-06-17 21:30:26,726 INFO  L113        PluginConnector]: ------------------------LassoRanker----------------------------
[2020-06-17 21:30:26,726 INFO  L271        PluginConnector]: Initializing LassoRanker...
[2020-06-17 21:30:26,726 INFO  L276        PluginConnector]: LassoRanker initialized
[2020-06-17 21:30:26,726 INFO  L185        PluginConnector]: Executing the observer LassoRankerObserver from plugin LassoRanker for "78.bpl de.uni_freiburg.informatik.ultimate.plugins.generator.rcfgbuilder CFG 17.06 09:30:26" (1/1) ...
[2020-06-17 21:30:26,744 INFO  L72            BuchiIsEmpty]: Start buchiIsEmpty. Operand 2 states.
[2020-06-17 21:30:26,757 INFO  L131   ngComponentsAnalysis]: Automaton has 1 accepting balls. 1
[2020-06-17 21:30:26,757 INFO  L87            BuchiIsEmpty]: Finished buchiIsEmpty Result is false
[2020-06-17 21:30:26,757 INFO  L119           BuchiIsEmpty]: Starting construction of run
[2020-06-17 21:30:26,761 INFO  L104     BuchiDifferenceFKV]: Start buchiDifferenceFKV. First operand 2 states. Second operand 1 states.
[2020-06-17 21:30:26,769 INFO  L108     BuchiDifferenceFKV]: Finished buchiDifferenceFKV. First operand 2 states. Second operand 1 states. Result 3 states and 4 transitions. Complement of second has 2 states 2 powerset states0 rank states. The highest rank that occured is -1
[2020-06-17 21:30:26,769 INFO  L72            BuchiIsEmpty]: Start buchiIsEmpty. Operand 3 states and 4 transitions.
[2020-06-17 21:30:26,769 INFO  L131   ngComponentsAnalysis]: Automaton has 0 accepting balls. 0
[2020-06-17 21:30:26,769 INFO  L87            BuchiIsEmpty]: Finished buchiIsEmpty Result is true
[2020-06-17 21:30:26,807 INFO  L216          LassoAnalysis]: Preferences:
[2020-06-17 21:30:26,808 INFO  L124   ssoRankerPreferences]: Compute integeral hull: false
[2020-06-17 21:30:26,808 INFO  L125   ssoRankerPreferences]: Enable LassoPartitioneer: true
[2020-06-17 21:30:26,808 INFO  L126   ssoRankerPreferences]: Term annotations enabled: false
[2020-06-17 21:30:26,809 INFO  L127   ssoRankerPreferences]: Use exernal solver: true
[2020-06-17 21:30:26,809 INFO  L128   ssoRankerPreferences]: SMT solver command: z3 -smt2 -in SMTLIB2_COMPLIANT=true
[2020-06-17 21:30:26,809 INFO  L129   ssoRankerPreferences]: Dump SMT script to file: false
[2020-06-17 21:30:26,809 INFO  L130   ssoRankerPreferences]: Path of dumped script: .
[2020-06-17 21:30:26,809 INFO  L131   ssoRankerPreferences]: Filename of dumped script: LassoRankerScript
[2020-06-17 21:30:26,809 INFO  L132   ssoRankerPreferences]: MapElimAlgo: Frank
[2020-06-17 21:30:26,809 INFO  L282          LassoAnalysis]: Starting lasso preprocessing...
[2020-06-17 21:30:26,823 INFO  L141          MapEliminator]: Using MapEliminator with SimplificationTechnique=SIMPLIFY_DDA XnfConversionTechnique=BOTTOM_UP_WITH_LOCAL_SIMPLIFICATION AddInequalities=false OnlyTrivialImplicationsArrayWrite=false OnlyTrivialImplicationsForModifiedArguments=true OnlyArgumentsInFormula=true
[2020-06-17 21:30:26,877 INFO  L300          LassoAnalysis]: Preprocessing complete.
[2020-06-17 21:30:26,878 INFO  L412          LassoAnalysis]: Checking for nontermination...
No working directory specified, using /home/lixie/LassoRankerExp/LassoRankerExp/z3
Starting monitored process 2 with z3 -smt2 -in SMTLIB2_COMPLIANT=true (exit command is (exit), workingDir is null)
Waiting until toolchain timeout for monitored process 2 with z3 -smt2 -in SMTLIB2_COMPLIANT=true
[2020-06-17 21:30:26,881 INFO  L151   nArgumentSynthesizer]: Nontermination analysis: LINEAR_WITH_GUESSES Allow bounded executions: true Number of generalized eigenvectors: 0 Nilpotent components: true
[2020-06-17 21:30:26,881 INFO  L163   nArgumentSynthesizer]: Using integer mode.
No working directory specified, using /home/lixie/LassoRankerExp/LassoRankerExp/z3
Starting monitored process 3 with z3 -smt2 -in SMTLIB2_COMPLIANT=true (exit command is (exit), workingDir is null)
Waiting until toolchain timeout for monitored process 3 with z3 -smt2 -in SMTLIB2_COMPLIANT=true
[2020-06-17 21:30:26,899 INFO  L151   nArgumentSynthesizer]: Nontermination analysis: LINEAR_WITH_GUESSES Allow bounded executions: true Number of generalized eigenvectors: 3 Nilpotent components: true
[2020-06-17 21:30:26,900 INFO  L163   nArgumentSynthesizer]: Using integer mode.
[2020-06-17 21:30:26,926 INFO  L452          LassoAnalysis]: Proving nontermination failed: No geometric nontermination argument exists.
[2020-06-17 21:30:26,927 INFO  L216          LassoAnalysis]: Preferences:
[2020-06-17 21:30:26,927 INFO  L124   ssoRankerPreferences]: Compute integeral hull: false
[2020-06-17 21:30:26,927 INFO  L125   ssoRankerPreferences]: Enable LassoPartitioneer: true
[2020-06-17 21:30:26,927 INFO  L126   ssoRankerPreferences]: Term annotations enabled: false
[2020-06-17 21:30:26,927 INFO  L127   ssoRankerPreferences]: Use exernal solver: true
[2020-06-17 21:30:26,928 INFO  L128   ssoRankerPreferences]: SMT solver command: z3 -smt2 -in SMTLIB2_COMPLIANT=true
[2020-06-17 21:30:26,928 INFO  L129   ssoRankerPreferences]: Dump SMT script to file: false
[2020-06-17 21:30:26,928 INFO  L130   ssoRankerPreferences]: Path of dumped script: .
[2020-06-17 21:30:26,928 INFO  L131   ssoRankerPreferences]: Filename of dumped script: LassoRankerScript
[2020-06-17 21:30:26,928 INFO  L132   ssoRankerPreferences]: MapElimAlgo: Frank
[2020-06-17 21:30:26,928 INFO  L282          LassoAnalysis]: Starting lasso preprocessing...
[2020-06-17 21:30:26,929 INFO  L141          MapEliminator]: Using MapEliminator with SimplificationTechnique=SIMPLIFY_DDA XnfConversionTechnique=BOTTOM_UP_WITH_LOCAL_SIMPLIFICATION AddInequalities=false OnlyTrivialImplicationsArrayWrite=false OnlyTrivialImplicationsForModifiedArguments=true OnlyArgumentsInFormula=true
[2020-06-17 21:30:26,967 INFO  L300          LassoAnalysis]: Preprocessing complete.
[2020-06-17 21:30:26,971 INFO  L497          LassoAnalysis]: Using template 'affine'.
No working directory specified, using /home/lixie/LassoRankerExp/LassoRankerExp/z3
Starting monitored process 4 with z3 -smt2 -in SMTLIB2_COMPLIANT=true (exit command is (exit), workingDir is null)
Waiting until toolchain timeout for monitored process 4 with z3 -smt2 -in SMTLIB2_COMPLIANT=true
[2020-06-17 21:30:26,975 INFO  L122   nArgumentSynthesizer]: Termination Analysis Settings:
Termination analysis: LINEAR_WITH_GUESSES
Number of strict supporting invariants: 1
Number of non-strict supporting invariants: 0
Consider only non-deceasing supporting invariants: true
Simplify termination arguments: true
Simplify supporting invariants: trueOverapproximate stem: false
[2020-06-17 21:30:26,976 INFO  L339   nArgumentSynthesizer]: Template has degree 0.
[2020-06-17 21:30:26,976 INFO  L352   nArgumentSynthesizer]: There is no stem transition; disabling supporting invariant generation.
[2020-06-17 21:30:26,977 INFO  L205   nArgumentSynthesizer]: 1 stem disjuncts
[2020-06-17 21:30:26,977 INFO  L206   nArgumentSynthesizer]: 1 loop disjuncts
[2020-06-17 21:30:26,977 INFO  L207   nArgumentSynthesizer]: 2 template conjuncts.
[2020-06-17 21:30:26,979 INFO  L402   nArgumentSynthesizer]: We have 2 Motzkin's Theorem applications.
[2020-06-17 21:30:26,980 INFO  L403   nArgumentSynthesizer]: A total of 0 supporting invariants were added.
[2020-06-17 21:30:26,982 INFO  L530          LassoAnalysis]: Proving termination failed for this template and these settings.
[2020-06-17 21:30:26,994 INFO  L497          LassoAnalysis]: Using template '2-nested'.
No working directory specified, using /home/lixie/LassoRankerExp/LassoRankerExp/z3
Starting monitored process 5 with z3 -smt2 -in SMTLIB2_COMPLIANT=true (exit command is (exit), workingDir is null)
Waiting until toolchain timeout for monitored process 5 with z3 -smt2 -in SMTLIB2_COMPLIANT=true
[2020-06-17 21:30:26,996 INFO  L122   nArgumentSynthesizer]: Termination Analysis Settings:
Termination analysis: LINEAR_WITH_GUESSES
Number of strict supporting invariants: 1
Number of non-strict supporting invariants: 0
Consider only non-deceasing supporting invariants: true
Simplify termination arguments: true
Simplify supporting invariants: trueOverapproximate stem: false
[2020-06-17 21:30:26,998 INFO  L339   nArgumentSynthesizer]: Template has degree 0.
[2020-06-17 21:30:26,998 INFO  L352   nArgumentSynthesizer]: There is no stem transition; disabling supporting invariant generation.
[2020-06-17 21:30:26,998 INFO  L205   nArgumentSynthesizer]: 1 stem disjuncts
[2020-06-17 21:30:26,998 INFO  L206   nArgumentSynthesizer]: 1 loop disjuncts
[2020-06-17 21:30:26,998 INFO  L207   nArgumentSynthesizer]: 3 template conjuncts.
[2020-06-17 21:30:27,000 INFO  L402   nArgumentSynthesizer]: We have 3 Motzkin's Theorem applications.
[2020-06-17 21:30:27,000 INFO  L403   nArgumentSynthesizer]: A total of 0 supporting invariants were added.
[2020-06-17 21:30:27,003 INFO  L530          LassoAnalysis]: Proving termination failed for this template and these settings.
[2020-06-17 21:30:27,015 INFO  L497          LassoAnalysis]: Using template '3-nested'.
No working directory specified, using /home/lixie/LassoRankerExp/LassoRankerExp/z3
Starting monitored process 6 with z3 -smt2 -in SMTLIB2_COMPLIANT=true (exit command is (exit), workingDir is null)
Waiting until toolchain timeout for monitored process 6 with z3 -smt2 -in SMTLIB2_COMPLIANT=true
[2020-06-17 21:30:27,017 INFO  L122   nArgumentSynthesizer]: Termination Analysis Settings:
Termination analysis: LINEAR_WITH_GUESSES
Number of strict supporting invariants: 1
Number of non-strict supporting invariants: 0
Consider only non-deceasing supporting invariants: true
Simplify termination arguments: true
Simplify supporting invariants: trueOverapproximate stem: false
[2020-06-17 21:30:27,018 INFO  L339   nArgumentSynthesizer]: Template has degree 0.
[2020-06-17 21:30:27,018 INFO  L352   nArgumentSynthesizer]: There is no stem transition; disabling supporting invariant generation.
[2020-06-17 21:30:27,018 INFO  L205   nArgumentSynthesizer]: 1 stem disjuncts
[2020-06-17 21:30:27,018 INFO  L206   nArgumentSynthesizer]: 1 loop disjuncts
[2020-06-17 21:30:27,018 INFO  L207   nArgumentSynthesizer]: 4 template conjuncts.
[2020-06-17 21:30:27,020 INFO  L402   nArgumentSynthesizer]: We have 4 Motzkin's Theorem applications.
[2020-06-17 21:30:27,021 INFO  L403   nArgumentSynthesizer]: A total of 0 supporting invariants were added.
[2020-06-17 21:30:27,024 INFO  L530          LassoAnalysis]: Proving termination failed for this template and these settings.
[2020-06-17 21:30:27,036 INFO  L497          LassoAnalysis]: Using template '4-nested'.
No working directory specified, using /home/lixie/LassoRankerExp/LassoRankerExp/z3
Starting monitored process 7 with z3 -smt2 -in SMTLIB2_COMPLIANT=true (exit command is (exit), workingDir is null)
Waiting until toolchain timeout for monitored process 7 with z3 -smt2 -in SMTLIB2_COMPLIANT=true
[2020-06-17 21:30:27,038 INFO  L122   nArgumentSynthesizer]: Termination Analysis Settings:
Termination analysis: LINEAR_WITH_GUESSES
Number of strict supporting invariants: 1
Number of non-strict supporting invariants: 0
Consider only non-deceasing supporting invariants: true
Simplify termination arguments: true
Simplify supporting invariants: trueOverapproximate stem: false
[2020-06-17 21:30:27,040 INFO  L339   nArgumentSynthesizer]: Template has degree 0.
[2020-06-17 21:30:27,040 INFO  L352   nArgumentSynthesizer]: There is no stem transition; disabling supporting invariant generation.
[2020-06-17 21:30:27,040 INFO  L205   nArgumentSynthesizer]: 1 stem disjuncts
[2020-06-17 21:30:27,040 INFO  L206   nArgumentSynthesizer]: 1 loop disjuncts
[2020-06-17 21:30:27,040 INFO  L207   nArgumentSynthesizer]: 5 template conjuncts.
[2020-06-17 21:30:27,042 INFO  L402   nArgumentSynthesizer]: We have 5 Motzkin's Theorem applications.
[2020-06-17 21:30:27,043 INFO  L403   nArgumentSynthesizer]: A total of 0 supporting invariants were added.
[2020-06-17 21:30:27,047 INFO  L530          LassoAnalysis]: Proving termination failed for this template and these settings.
[2020-06-17 21:30:27,070 INFO  L497          LassoAnalysis]: Using template '2-phase'.
No working directory specified, using /home/lixie/LassoRankerExp/LassoRankerExp/z3
Starting monitored process 8 with z3 -smt2 -in SMTLIB2_COMPLIANT=true (exit command is (exit), workingDir is null)
Waiting until toolchain timeout for monitored process 8 with z3 -smt2 -in SMTLIB2_COMPLIANT=true
[2020-06-17 21:30:27,072 INFO  L122   nArgumentSynthesizer]: Termination Analysis Settings:
Termination analysis: LINEAR_WITH_GUESSES
Number of strict supporting invariants: 1
Number of non-strict supporting invariants: 0
Consider only non-deceasing supporting invariants: true
Simplify termination arguments: true
Simplify supporting invariants: trueOverapproximate stem: false
[2020-06-17 21:30:27,073 WARN  L334   nArgumentSynthesizer]: Using a linear SMT query and a templates of degree > 0, hence this method is incomplete.
[2020-06-17 21:30:27,074 INFO  L339   nArgumentSynthesizer]: Template has degree 1.
[2020-06-17 21:30:27,074 INFO  L352   nArgumentSynthesizer]: There is no stem transition; disabling supporting invariant generation.
[2020-06-17 21:30:27,074 INFO  L205   nArgumentSynthesizer]: 1 stem disjuncts
[2020-06-17 21:30:27,074 INFO  L206   nArgumentSynthesizer]: 1 loop disjuncts
[2020-06-17 21:30:27,074 INFO  L207   nArgumentSynthesizer]: 3 template conjuncts.
[2020-06-17 21:30:27,079 INFO  L402   nArgumentSynthesizer]: We have 3 Motzkin's Theorem applications.
[2020-06-17 21:30:27,079 INFO  L403   nArgumentSynthesizer]: A total of 0 supporting invariants were added.
[2020-06-17 21:30:28,859 INFO  L530          LassoAnalysis]: Proving termination failed for this template and these settings.
[2020-06-17 21:30:28,870 INFO  L497          LassoAnalysis]: Using template 'lex(affine, affine)'.
No working directory specified, using /home/lixie/LassoRankerExp/LassoRankerExp/z3
Starting monitored process 9 with z3 -smt2 -in SMTLIB2_COMPLIANT=true (exit command is (exit), workingDir is null)
Waiting until toolchain timeout for monitored process 9 with z3 -smt2 -in SMTLIB2_COMPLIANT=true
[2020-06-17 21:30:28,872 INFO  L122   nArgumentSynthesizer]: Termination Analysis Settings:
Termination analysis: LINEAR_WITH_GUESSES
Number of strict supporting invariants: 1
Number of non-strict supporting invariants: 0
Consider only non-deceasing supporting invariants: true
Simplify termination arguments: true
Simplify supporting invariants: trueOverapproximate stem: false
[2020-06-17 21:30:28,874 WARN  L334   nArgumentSynthesizer]: Using a linear SMT query and a templates of degree > 0, hence this method is incomplete.
[2020-06-17 21:30:28,874 INFO  L339   nArgumentSynthesizer]: Template has degree 5.
[2020-06-17 21:30:28,875 INFO  L352   nArgumentSynthesizer]: There is no stem transition; disabling supporting invariant generation.
[2020-06-17 21:30:28,875 INFO  L205   nArgumentSynthesizer]: 1 stem disjuncts
[2020-06-17 21:30:28,875 INFO  L206   nArgumentSynthesizer]: 1 loop disjuncts
[2020-06-17 21:30:28,875 INFO  L207   nArgumentSynthesizer]: 4 template conjuncts.
[2020-06-17 21:30:28,879 INFO  L402   nArgumentSynthesizer]: We have 4 Motzkin's Theorem applications.
[2020-06-17 21:30:28,879 INFO  L403   nArgumentSynthesizer]: A total of 0 supporting invariants were added.
[2020-06-17 21:30:29,200 INFO  L530          LassoAnalysis]: Proving termination failed for this template and these settings.
[2020-06-17 21:30:29,212 INFO  L497          LassoAnalysis]: Using template '2-piece'.
No working directory specified, using /home/lixie/LassoRankerExp/LassoRankerExp/z3
Starting monitored process 10 with z3 -smt2 -in SMTLIB2_COMPLIANT=true (exit command is (exit), workingDir is null)
Waiting until toolchain timeout for monitored process 10 with z3 -smt2 -in SMTLIB2_COMPLIANT=true
[2020-06-17 21:30:29,214 INFO  L122   nArgumentSynthesizer]: Termination Analysis Settings:
Termination analysis: LINEAR_WITH_GUESSES
Number of strict supporting invariants: 1
Number of non-strict supporting invariants: 0
Consider only non-deceasing supporting invariants: true
Simplify termination arguments: true
Simplify supporting invariants: trueOverapproximate stem: false
[2020-06-17 21:30:29,215 WARN  L334   nArgumentSynthesizer]: Using a linear SMT query and a templates of degree > 0, hence this method is incomplete.
[2020-06-17 21:30:29,215 INFO  L339   nArgumentSynthesizer]: Template has degree 7.
[2020-06-17 21:30:29,215 INFO  L352   nArgumentSynthesizer]: There is no stem transition; disabling supporting invariant generation.
[2020-06-17 21:30:29,215 INFO  L205   nArgumentSynthesizer]: 1 stem disjuncts
[2020-06-17 21:30:29,216 INFO  L206   nArgumentSynthesizer]: 1 loop disjuncts
[2020-06-17 21:30:29,216 INFO  L207   nArgumentSynthesizer]: 7 template conjuncts.
[2020-06-17 21:30:29,236 INFO  L402   nArgumentSynthesizer]: We have 7 Motzkin's Theorem applications.
[2020-06-17 21:30:29,237 INFO  L403   nArgumentSynthesizer]: A total of 0 supporting invariants were added.
Received shutdown request...
[2020-06-17 21:35:25,477 ERROR L261     LassoRankerStarter]: de.uni_freiburg.informatik.ultimate.logic.SMTLIBException: External (z3 -smt2 -in SMTLIB2_COMPLIANT=true)Received EOF on stdin. No stderr output.
[2020-06-17 21:35:25,478 FATAL L292        ToolchainWalker]: The Plugin de.uni_freiburg.informatik.ultimate.plugins.analysis.lassoranker has thrown an exception:
java.lang.AssertionError: de.uni_freiburg.informatik.ultimate.logic.SMTLIBException: External (z3 -smt2 -in SMTLIB2_COMPLIANT=true)Received EOF on stdin. No stderr output.
	at de.uni_freiburg.informatik.ultimate.plugins.analysis.lassoranker.LassoRankerStarter.<init>(LassoRankerStarter.java:262)
	at de.uni_freiburg.informatik.ultimate.plugins.analysis.lassoranker.LassoRankerObserver.process(LassoRankerObserver.java:72)
	at de.uni_freiburg.informatik.ultimate.core.coreplugin.modelwalker.CFGWalker.runObserver(CFGWalker.java:57)
	at de.uni_freiburg.informatik.ultimate.core.coreplugin.modelwalker.BaseWalker.runObserver(BaseWalker.java:93)
	at de.uni_freiburg.informatik.ultimate.core.coreplugin.modelwalker.BaseWalker.run(BaseWalker.java:86)
	at de.uni_freiburg.informatik.ultimate.core.coreplugin.PluginConnector.runObserver(PluginConnector.java:167)
	at de.uni_freiburg.informatik.ultimate.core.coreplugin.PluginConnector.runTool(PluginConnector.java:156)
	at de.uni_freiburg.informatik.ultimate.core.coreplugin.PluginConnector.run(PluginConnector.java:128)
	at de.uni_freiburg.informatik.ultimate.core.coreplugin.ToolchainWalker.executePluginConnector(ToolchainWalker.java:232)
	at de.uni_freiburg.informatik.ultimate.core.coreplugin.ToolchainWalker.processPlugin(ToolchainWalker.java:226)
	at de.uni_freiburg.informatik.ultimate.core.coreplugin.ToolchainWalker.walkUnprotected(ToolchainWalker.java:142)
	at de.uni_freiburg.informatik.ultimate.core.coreplugin.ToolchainWalker.walk(ToolchainWalker.java:104)
	at de.uni_freiburg.informatik.ultimate.core.coreplugin.ToolchainManager$Toolchain.processToolchain(ToolchainManager.java:316)
	at de.uni_freiburg.informatik.ultimate.core.coreplugin.toolchain.DefaultToolchainJob.run(DefaultToolchainJob.java:145)
	at org.eclipse.core.internal.jobs.Worker.run(Worker.java:55)
Caused by: de.uni_freiburg.informatik.ultimate.logic.SMTLIBException: External (z3 -smt2 -in SMTLIB2_COMPLIANT=true)Received EOF on stdin. No stderr output.
	at de.uni_freiburg.informatik.ultimate.smtsolver.external.Executor.parse(Executor.java:208)
	at de.uni_freiburg.informatik.ultimate.smtsolver.external.Executor.parseCheckSatResult(Executor.java:225)
	at de.uni_freiburg.informatik.ultimate.smtsolver.external.Scriptor.checkSat(Scriptor.java:155)
	at de.uni_freiburg.informatik.ultimate.lassoranker.termination.TerminationArgumentSynthesizer.do_synthesis(TerminationArgumentSynthesizer.java:409)
	at de.uni_freiburg.informatik.ultimate.lassoranker.ArgumentSynthesizer.synthesize(ArgumentSynthesizer.java:142)
	at de.uni_freiburg.informatik.ultimate.lassoranker.LassoAnalysis.tryTemplate(LassoAnalysis.java:506)
	at de.uni_freiburg.informatik.ultimate.plugins.analysis.lassoranker.LassoRankerStarter.<init>(LassoRankerStarter.java:242)
	... 14 more
Caused by: de.uni_freiburg.informatik.ultimate.logic.SMTLIBException: EOF
	at de.uni_freiburg.informatik.ultimate.smtsolver.external.Parser$Action$.CUP$do_action(Parser.java:1427)
	at de.uni_freiburg.informatik.ultimate.smtsolver.external.Parser.do_action(Parser.java:630)
	at com.github.jhoenicke.javacup.runtime.LRParser.parse(LRParser.java:419)
	at de.uni_freiburg.informatik.ultimate.smtsolver.external.Executor.parse(Executor.java:205)
	... 20 more
[2020-06-17 21:35:25,480 INFO  L168              Benchmark]: Toolchain (without parser) took 298889.16 ms. Allocated memory is still 514.9 MB. Free memory was 472.9 MB in the beginning and 376.8 MB in the end (delta: 96.1 MB). Peak memory consumption was 96.1 MB. Max. memory is 11.5 GB.
[2020-06-17 21:35:25,481 INFO  L168              Benchmark]: Boogie PL CUP Parser took 0.12 ms. Allocated memory is still 514.9 MB. Free memory is still 474.4 MB. There was no memory consumed. Max. memory is 11.5 GB.
[2020-06-17 21:35:25,482 INFO  L168              Benchmark]: Boogie Preprocessor took 24.53 ms. Allocated memory is still 514.9 MB. Free memory was 471.5 MB in the beginning and 470.2 MB in the end (delta: 1.3 MB). Peak memory consumption was 1.3 MB. Max. memory is 11.5 GB.
[2020-06-17 21:35:25,482 INFO  L168              Benchmark]: RCFGBuilder took 102.90 ms. Allocated memory is still 514.9 MB. Free memory was 470.2 MB in the beginning and 460.7 MB in the end (delta: 9.5 MB). Peak memory consumption was 9.5 MB. Max. memory is 11.5 GB.
[2020-06-17 21:35:25,483 INFO  L168              Benchmark]: LassoRanker took 298754.26 ms. Allocated memory is still 514.9 MB. Free memory was 460.7 MB in the beginning and 376.8 MB in the end (delta: 83.9 MB). Peak memory consumption was 83.9 MB. Max. memory is 11.5 GB.
[2020-06-17 21:35:25,485 INFO  L336   ainManager$Toolchain]: #######################  End [Toolchain 1] #######################
 --- Results ---
 * Results from de.uni_freiburg.informatik.ultimate.core:
  - StatisticsResult: Toolchain Benchmarks
    Benchmark results are:
 * Boogie PL CUP Parser took 0.12 ms. Allocated memory is still 514.9 MB. Free memory is still 474.4 MB. There was no memory consumed. Max. memory is 11.5 GB.
 * Boogie Preprocessor took 24.53 ms. Allocated memory is still 514.9 MB. Free memory was 471.5 MB in the beginning and 470.2 MB in the end (delta: 1.3 MB). Peak memory consumption was 1.3 MB. Max. memory is 11.5 GB.
 * RCFGBuilder took 102.90 ms. Allocated memory is still 514.9 MB. Free memory was 470.2 MB in the beginning and 460.7 MB in the end (delta: 9.5 MB). Peak memory consumption was 9.5 MB. Max. memory is 11.5 GB.
 * LassoRanker took 298754.26 ms. Allocated memory is still 514.9 MB. Free memory was 460.7 MB in the beginning and 376.8 MB in the end (delta: 83.9 MB). Peak memory consumption was 83.9 MB. Max. memory is 11.5 GB.
 * Results from de.uni_freiburg.informatik.ultimate.plugins.analysis.lassoranker:
  - ExceptionOrErrorResult: AssertionError: de.uni_freiburg.informatik.ultimate.logic.SMTLIBException: External (z3 -smt2 -in SMTLIB2_COMPLIANT=true)Received EOF on stdin. No stderr output.
    de.uni_freiburg.informatik.ultimate.plugins.analysis.lassoranker: AssertionError: de.uni_freiburg.informatik.ultimate.logic.SMTLIBException: External (z3 -smt2 -in SMTLIB2_COMPLIANT=true)Received EOF on stdin. No stderr output.: de.uni_freiburg.informatik.ultimate.plugins.analysis.lassoranker.LassoRankerStarter.<init>(LassoRankerStarter.java:262)
RESULT: Ultimate could not prove your program: Toolchain returned no result.
Completed graceful shutdown
