This is Ultimate 0.1.24-16d85fa
[2020-06-17 21:35:50,454 INFO  L170        SettingsManager]: Resetting all preferences to default values...
[2020-06-17 21:35:50,455 INFO  L174        SettingsManager]: Resetting UltimateCore preferences to default values
[2020-06-17 21:35:50,464 INFO  L177        SettingsManager]: Ultimate Commandline Interface provides no preferences, ignoring...
[2020-06-17 21:35:50,465 INFO  L174        SettingsManager]: Resetting Boogie Preprocessor preferences to default values
[2020-06-17 21:35:50,465 INFO  L174        SettingsManager]: Resetting Boogie Procedure Inliner preferences to default values
[2020-06-17 21:35:50,466 INFO  L174        SettingsManager]: Resetting Abstract Interpretation preferences to default values
[2020-06-17 21:35:50,467 INFO  L174        SettingsManager]: Resetting LassoRanker preferences to default values
[2020-06-17 21:35:50,468 INFO  L174        SettingsManager]: Resetting Reaching Definitions preferences to default values
[2020-06-17 21:35:50,469 INFO  L174        SettingsManager]: Resetting SyntaxChecker preferences to default values
[2020-06-17 21:35:50,469 INFO  L177        SettingsManager]: Büchi Program Product provides no preferences, ignoring...
[2020-06-17 21:35:50,469 INFO  L174        SettingsManager]: Resetting LTL2Aut preferences to default values
[2020-06-17 21:35:50,470 INFO  L174        SettingsManager]: Resetting PEA to Boogie preferences to default values
[2020-06-17 21:35:50,471 INFO  L174        SettingsManager]: Resetting BlockEncodingV2 preferences to default values
[2020-06-17 21:35:50,471 INFO  L174        SettingsManager]: Resetting ChcToBoogie preferences to default values
[2020-06-17 21:35:50,472 INFO  L174        SettingsManager]: Resetting AutomataScriptInterpreter preferences to default values
[2020-06-17 21:35:50,472 INFO  L174        SettingsManager]: Resetting BuchiAutomizer preferences to default values
[2020-06-17 21:35:50,473 INFO  L174        SettingsManager]: Resetting CACSL2BoogieTranslator preferences to default values
[2020-06-17 21:35:50,474 INFO  L174        SettingsManager]: Resetting CodeCheck preferences to default values
[2020-06-17 21:35:50,475 INFO  L174        SettingsManager]: Resetting InvariantSynthesis preferences to default values
[2020-06-17 21:35:50,476 INFO  L174        SettingsManager]: Resetting RCFGBuilder preferences to default values
[2020-06-17 21:35:50,477 INFO  L174        SettingsManager]: Resetting TraceAbstraction preferences to default values
[2020-06-17 21:35:50,478 INFO  L177        SettingsManager]: TraceAbstractionConcurrent provides no preferences, ignoring...
[2020-06-17 21:35:50,479 INFO  L177        SettingsManager]: TraceAbstractionWithAFAs provides no preferences, ignoring...
[2020-06-17 21:35:50,479 INFO  L174        SettingsManager]: Resetting TreeAutomizer preferences to default values
[2020-06-17 21:35:50,480 INFO  L174        SettingsManager]: Resetting IcfgTransformer preferences to default values
[2020-06-17 21:35:50,480 INFO  L174        SettingsManager]: Resetting Boogie Printer preferences to default values
[2020-06-17 21:35:50,481 INFO  L174        SettingsManager]: Resetting ReqPrinter preferences to default values
[2020-06-17 21:35:50,481 INFO  L174        SettingsManager]: Resetting Witness Printer preferences to default values
[2020-06-17 21:35:50,482 INFO  L177        SettingsManager]: Boogie PL CUP Parser provides no preferences, ignoring...
[2020-06-17 21:35:50,482 INFO  L174        SettingsManager]: Resetting CDTParser preferences to default values
[2020-06-17 21:35:50,482 INFO  L177        SettingsManager]: AutomataScriptParser provides no preferences, ignoring...
[2020-06-17 21:35:50,482 INFO  L177        SettingsManager]: ReqParser provides no preferences, ignoring...
[2020-06-17 21:35:50,483 INFO  L174        SettingsManager]: Resetting SmtParser preferences to default values
[2020-06-17 21:35:50,483 INFO  L174        SettingsManager]: Resetting Witness Parser preferences to default values
[2020-06-17 21:35:50,483 INFO  L181        SettingsManager]: Finished resetting all preferences to default values...
[2020-06-17 21:35:50,498 INFO  L81    nceAwareModelManager]: Repository-Root is: /tmp
[2020-06-17 21:35:50,506 INFO  L258   ainManager$Toolchain]: [Toolchain 1]: Applicable parser(s) successfully (re)initialized
[2020-06-17 21:35:50,508 INFO  L214   ainManager$Toolchain]: [Toolchain 1]: Toolchain selected.
[2020-06-17 21:35:50,509 INFO  L271        PluginConnector]: Initializing Boogie PL CUP Parser...
[2020-06-17 21:35:50,509 INFO  L276        PluginConnector]: Boogie PL CUP Parser initialized
[2020-06-17 21:35:50,510 INFO  L418   ainManager$Toolchain]: [Toolchain 1]: Parsing single file: /home/lixie/LassoRankerExp/LassoRankerExp/./Program_non/8.bpl
[2020-06-17 21:35:50,510 INFO  L111           BoogieParser]: Parsing: '/home/lixie/LassoRankerExp/LassoRankerExp/./Program_non/8.bpl'
[2020-06-17 21:35:50,528 INFO  L296   ainManager$Toolchain]: ####################### [Toolchain 1] #######################
[2020-06-17 21:35:50,535 INFO  L131        ToolchainWalker]: Walking toolchain with 3 elements.
[2020-06-17 21:35:50,535 INFO  L113        PluginConnector]: ------------------------Boogie Preprocessor----------------------------
[2020-06-17 21:35:50,535 INFO  L271        PluginConnector]: Initializing Boogie Preprocessor...
[2020-06-17 21:35:50,536 INFO  L276        PluginConnector]: Boogie Preprocessor initialized
[2020-06-17 21:35:50,549 INFO  L185        PluginConnector]: Executing the observer EnsureBoogieModelObserver from plugin Boogie Preprocessor for "8.bpl de.uni_freiburg.informatik.ultimate.boogie.parser AST 17.06 09:35:50" (1/1) ...
[2020-06-17 21:35:50,550 INFO  L185        PluginConnector]: Executing the observer TypeChecker from plugin Boogie Preprocessor for "8.bpl de.uni_freiburg.informatik.ultimate.boogie.parser AST 17.06 09:35:50" (1/1) ...
[2020-06-17 21:35:50,554 INFO  L185        PluginConnector]: Executing the observer ConstExpander from plugin Boogie Preprocessor for "8.bpl de.uni_freiburg.informatik.ultimate.boogie.parser AST 17.06 09:35:50" (1/1) ...
[2020-06-17 21:35:50,554 INFO  L185        PluginConnector]: Executing the observer StructExpander from plugin Boogie Preprocessor for "8.bpl de.uni_freiburg.informatik.ultimate.boogie.parser AST 17.06 09:35:50" (1/1) ...
[2020-06-17 21:35:50,556 INFO  L185        PluginConnector]: Executing the observer UnstructureCode from plugin Boogie Preprocessor for "8.bpl de.uni_freiburg.informatik.ultimate.boogie.parser AST 17.06 09:35:50" (1/1) ...
[2020-06-17 21:35:50,558 INFO  L185        PluginConnector]: Executing the observer FunctionInliner from plugin Boogie Preprocessor for "8.bpl de.uni_freiburg.informatik.ultimate.boogie.parser AST 17.06 09:35:50" (1/1) ...
[2020-06-17 21:35:50,559 INFO  L185        PluginConnector]: Executing the observer BoogieSymbolTableConstructor from plugin Boogie Preprocessor for "8.bpl de.uni_freiburg.informatik.ultimate.boogie.parser AST 17.06 09:35:50" (1/1) ...
[2020-06-17 21:35:50,559 INFO  L132        PluginConnector]: ------------------------ END Boogie Preprocessor----------------------------
[2020-06-17 21:35:50,560 INFO  L113        PluginConnector]: ------------------------RCFGBuilder----------------------------
[2020-06-17 21:35:50,560 INFO  L271        PluginConnector]: Initializing RCFGBuilder...
[2020-06-17 21:35:50,560 INFO  L276        PluginConnector]: RCFGBuilder initialized
[2020-06-17 21:35:50,561 INFO  L185        PluginConnector]: Executing the observer RCFGBuilderObserver from plugin RCFGBuilder for "8.bpl de.uni_freiburg.informatik.ultimate.boogie.parser AST 17.06 09:35:50" (1/1) ...
No working directory specified, using /home/lixie/LassoRankerExp/LassoRankerExp/z3
Starting monitored process 1 with z3 SMTLIB2_COMPLIANT=true -memory:1024 -smt2 -in -t:12000 (exit command is (exit), workingDir is null)
Waiting until toolchain timeout for monitored process 1 with z3 SMTLIB2_COMPLIANT=true -memory:1024 -smt2 -in -t:12000
[2020-06-17 21:35:50,595 INFO  L124     BoogieDeclarations]: Specification and implementation of procedure main given in one single declaration
[2020-06-17 21:35:50,596 INFO  L130     BoogieDeclarations]: Found specification of procedure main
[2020-06-17 21:35:50,596 INFO  L138     BoogieDeclarations]: Found implementation of procedure main
[2020-06-17 21:35:50,669 INFO  L278             CfgBuilder]: Using library mode
[2020-06-17 21:35:50,670 INFO  L286             CfgBuilder]: Removed 0 assue(true) statements.
[2020-06-17 21:35:50,671 INFO  L202        PluginConnector]: Adding new model 8.bpl de.uni_freiburg.informatik.ultimate.plugins.generator.rcfgbuilder CFG 17.06 09:35:50 BoogieIcfgContainer
[2020-06-17 21:35:50,671 INFO  L132        PluginConnector]: ------------------------ END RCFGBuilder----------------------------
[2020-06-17 21:35:50,671 INFO  L113        PluginConnector]: ------------------------LassoRanker----------------------------
[2020-06-17 21:35:50,671 INFO  L271        PluginConnector]: Initializing LassoRanker...
[2020-06-17 21:35:50,671 INFO  L276        PluginConnector]: LassoRanker initialized
[2020-06-17 21:35:50,672 INFO  L185        PluginConnector]: Executing the observer LassoRankerObserver from plugin LassoRanker for "8.bpl de.uni_freiburg.informatik.ultimate.plugins.generator.rcfgbuilder CFG 17.06 09:35:50" (1/1) ...
[2020-06-17 21:35:50,691 INFO  L72            BuchiIsEmpty]: Start buchiIsEmpty. Operand 2 states.
[2020-06-17 21:35:50,704 INFO  L131   ngComponentsAnalysis]: Automaton has 1 accepting balls. 1
[2020-06-17 21:35:50,705 INFO  L87            BuchiIsEmpty]: Finished buchiIsEmpty Result is false
[2020-06-17 21:35:50,705 INFO  L119           BuchiIsEmpty]: Starting construction of run
[2020-06-17 21:35:50,709 INFO  L104     BuchiDifferenceFKV]: Start buchiDifferenceFKV. First operand 2 states. Second operand 1 states.
[2020-06-17 21:35:50,717 INFO  L108     BuchiDifferenceFKV]: Finished buchiDifferenceFKV. First operand 2 states. Second operand 1 states. Result 3 states and 4 transitions. Complement of second has 2 states 2 powerset states0 rank states. The highest rank that occured is -1
[2020-06-17 21:35:50,717 INFO  L72            BuchiIsEmpty]: Start buchiIsEmpty. Operand 3 states and 4 transitions.
[2020-06-17 21:35:50,717 INFO  L131   ngComponentsAnalysis]: Automaton has 0 accepting balls. 0
[2020-06-17 21:35:50,717 INFO  L87            BuchiIsEmpty]: Finished buchiIsEmpty Result is true
[2020-06-17 21:35:50,767 INFO  L216          LassoAnalysis]: Preferences:
[2020-06-17 21:35:50,768 INFO  L124   ssoRankerPreferences]: Compute integeral hull: false
[2020-06-17 21:35:50,768 INFO  L125   ssoRankerPreferences]: Enable LassoPartitioneer: true
[2020-06-17 21:35:50,769 INFO  L126   ssoRankerPreferences]: Term annotations enabled: false
[2020-06-17 21:35:50,769 INFO  L127   ssoRankerPreferences]: Use exernal solver: true
[2020-06-17 21:35:50,769 INFO  L128   ssoRankerPreferences]: SMT solver command: z3 -smt2 -in SMTLIB2_COMPLIANT=true
[2020-06-17 21:35:50,769 INFO  L129   ssoRankerPreferences]: Dump SMT script to file: false
[2020-06-17 21:35:50,769 INFO  L130   ssoRankerPreferences]: Path of dumped script: .
[2020-06-17 21:35:50,769 INFO  L131   ssoRankerPreferences]: Filename of dumped script: LassoRankerScript
[2020-06-17 21:35:50,769 INFO  L132   ssoRankerPreferences]: MapElimAlgo: Frank
[2020-06-17 21:35:50,769 INFO  L282          LassoAnalysis]: Starting lasso preprocessing...
[2020-06-17 21:35:50,784 INFO  L141          MapEliminator]: Using MapEliminator with SimplificationTechnique=SIMPLIFY_DDA XnfConversionTechnique=BOTTOM_UP_WITH_LOCAL_SIMPLIFICATION AddInequalities=false OnlyTrivialImplicationsArrayWrite=false OnlyTrivialImplicationsForModifiedArguments=true OnlyArgumentsInFormula=true
[2020-06-17 21:35:50,900 INFO  L300          LassoAnalysis]: Preprocessing complete.
[2020-06-17 21:35:50,901 INFO  L412          LassoAnalysis]: Checking for nontermination...
No working directory specified, using /home/lixie/LassoRankerExp/LassoRankerExp/z3
Starting monitored process 2 with z3 -smt2 -in SMTLIB2_COMPLIANT=true (exit command is (exit), workingDir is null)
Waiting until toolchain timeout for monitored process 2 with z3 -smt2 -in SMTLIB2_COMPLIANT=true
[2020-06-17 21:35:50,905 INFO  L151   nArgumentSynthesizer]: Nontermination analysis: LINEAR_WITH_GUESSES Allow bounded executions: true Number of generalized eigenvectors: 0 Nilpotent components: true
[2020-06-17 21:35:50,905 INFO  L163   nArgumentSynthesizer]: Using integer mode.
No working directory specified, using /home/lixie/LassoRankerExp/LassoRankerExp/z3
Starting monitored process 3 with z3 -smt2 -in SMTLIB2_COMPLIANT=true (exit command is (exit), workingDir is null)
Waiting until toolchain timeout for monitored process 3 with z3 -smt2 -in SMTLIB2_COMPLIANT=true
[2020-06-17 21:35:50,926 INFO  L151   nArgumentSynthesizer]: Nontermination analysis: LINEAR_WITH_GUESSES Allow bounded executions: true Number of generalized eigenvectors: 3 Nilpotent components: true
[2020-06-17 21:35:50,927 INFO  L163   nArgumentSynthesizer]: Using integer mode.
[2020-06-17 21:35:50,958 INFO  L452          LassoAnalysis]: Proving nontermination failed: No geometric nontermination argument exists.
[2020-06-17 21:35:50,959 INFO  L216          LassoAnalysis]: Preferences:
[2020-06-17 21:35:50,959 INFO  L124   ssoRankerPreferences]: Compute integeral hull: false
[2020-06-17 21:35:50,960 INFO  L125   ssoRankerPreferences]: Enable LassoPartitioneer: true
[2020-06-17 21:35:50,960 INFO  L126   ssoRankerPreferences]: Term annotations enabled: false
[2020-06-17 21:35:50,960 INFO  L127   ssoRankerPreferences]: Use exernal solver: true
[2020-06-17 21:35:50,960 INFO  L128   ssoRankerPreferences]: SMT solver command: z3 -smt2 -in SMTLIB2_COMPLIANT=true
[2020-06-17 21:35:50,960 INFO  L129   ssoRankerPreferences]: Dump SMT script to file: false
[2020-06-17 21:35:50,960 INFO  L130   ssoRankerPreferences]: Path of dumped script: .
[2020-06-17 21:35:50,960 INFO  L131   ssoRankerPreferences]: Filename of dumped script: LassoRankerScript
[2020-06-17 21:35:50,960 INFO  L132   ssoRankerPreferences]: MapElimAlgo: Frank
[2020-06-17 21:35:50,960 INFO  L282          LassoAnalysis]: Starting lasso preprocessing...
[2020-06-17 21:35:50,962 INFO  L141          MapEliminator]: Using MapEliminator with SimplificationTechnique=SIMPLIFY_DDA XnfConversionTechnique=BOTTOM_UP_WITH_LOCAL_SIMPLIFICATION AddInequalities=false OnlyTrivialImplicationsArrayWrite=false OnlyTrivialImplicationsForModifiedArguments=true OnlyArgumentsInFormula=true
[2020-06-17 21:35:51,039 INFO  L300          LassoAnalysis]: Preprocessing complete.
[2020-06-17 21:35:51,043 INFO  L497          LassoAnalysis]: Using template 'affine'.
No working directory specified, using /home/lixie/LassoRankerExp/LassoRankerExp/z3
Starting monitored process 4 with z3 -smt2 -in SMTLIB2_COMPLIANT=true (exit command is (exit), workingDir is null)
Waiting until toolchain timeout for monitored process 4 with z3 -smt2 -in SMTLIB2_COMPLIANT=true
[2020-06-17 21:35:51,046 INFO  L122   nArgumentSynthesizer]: Termination Analysis Settings:
Termination analysis: LINEAR_WITH_GUESSES
Number of strict supporting invariants: 1
Number of non-strict supporting invariants: 0
Consider only non-deceasing supporting invariants: true
Simplify termination arguments: true
Simplify supporting invariants: trueOverapproximate stem: false
[2020-06-17 21:35:51,047 INFO  L339   nArgumentSynthesizer]: Template has degree 0.
[2020-06-17 21:35:51,048 INFO  L352   nArgumentSynthesizer]: There is no stem transition; disabling supporting invariant generation.
[2020-06-17 21:35:51,048 INFO  L205   nArgumentSynthesizer]: 1 stem disjuncts
[2020-06-17 21:35:51,048 INFO  L206   nArgumentSynthesizer]: 2 loop disjuncts
[2020-06-17 21:35:51,048 INFO  L207   nArgumentSynthesizer]: 2 template conjuncts.
[2020-06-17 21:35:51,052 INFO  L402   nArgumentSynthesizer]: We have 4 Motzkin's Theorem applications.
[2020-06-17 21:35:51,053 INFO  L403   nArgumentSynthesizer]: A total of 0 supporting invariants were added.
[2020-06-17 21:35:51,058 INFO  L530          LassoAnalysis]: Proving termination failed for this template and these settings.
[2020-06-17 21:35:51,080 INFO  L497          LassoAnalysis]: Using template '2-nested'.
No working directory specified, using /home/lixie/LassoRankerExp/LassoRankerExp/z3
Starting monitored process 5 with z3 -smt2 -in SMTLIB2_COMPLIANT=true (exit command is (exit), workingDir is null)
Waiting until toolchain timeout for monitored process 5 with z3 -smt2 -in SMTLIB2_COMPLIANT=true
[2020-06-17 21:35:51,082 INFO  L122   nArgumentSynthesizer]: Termination Analysis Settings:
Termination analysis: LINEAR_WITH_GUESSES
Number of strict supporting invariants: 1
Number of non-strict supporting invariants: 0
Consider only non-deceasing supporting invariants: true
Simplify termination arguments: true
Simplify supporting invariants: trueOverapproximate stem: false
[2020-06-17 21:35:51,083 INFO  L339   nArgumentSynthesizer]: Template has degree 0.
[2020-06-17 21:35:51,084 INFO  L352   nArgumentSynthesizer]: There is no stem transition; disabling supporting invariant generation.
[2020-06-17 21:35:51,084 INFO  L205   nArgumentSynthesizer]: 1 stem disjuncts
[2020-06-17 21:35:51,084 INFO  L206   nArgumentSynthesizer]: 2 loop disjuncts
[2020-06-17 21:35:51,084 INFO  L207   nArgumentSynthesizer]: 3 template conjuncts.
[2020-06-17 21:35:51,088 INFO  L402   nArgumentSynthesizer]: We have 6 Motzkin's Theorem applications.
[2020-06-17 21:35:51,088 INFO  L403   nArgumentSynthesizer]: A total of 0 supporting invariants were added.
[2020-06-17 21:35:51,094 INFO  L530          LassoAnalysis]: Proving termination failed for this template and these settings.
[2020-06-17 21:35:51,112 INFO  L497          LassoAnalysis]: Using template '3-nested'.
No working directory specified, using /home/lixie/LassoRankerExp/LassoRankerExp/z3
Starting monitored process 6 with z3 -smt2 -in SMTLIB2_COMPLIANT=true (exit command is (exit), workingDir is null)
Waiting until toolchain timeout for monitored process 6 with z3 -smt2 -in SMTLIB2_COMPLIANT=true
[2020-06-17 21:35:51,114 INFO  L122   nArgumentSynthesizer]: Termination Analysis Settings:
Termination analysis: LINEAR_WITH_GUESSES
Number of strict supporting invariants: 1
Number of non-strict supporting invariants: 0
Consider only non-deceasing supporting invariants: true
Simplify termination arguments: true
Simplify supporting invariants: trueOverapproximate stem: false
[2020-06-17 21:35:51,116 INFO  L339   nArgumentSynthesizer]: Template has degree 0.
[2020-06-17 21:35:51,116 INFO  L352   nArgumentSynthesizer]: There is no stem transition; disabling supporting invariant generation.
[2020-06-17 21:35:51,116 INFO  L205   nArgumentSynthesizer]: 1 stem disjuncts
[2020-06-17 21:35:51,116 INFO  L206   nArgumentSynthesizer]: 2 loop disjuncts
[2020-06-17 21:35:51,116 INFO  L207   nArgumentSynthesizer]: 4 template conjuncts.
[2020-06-17 21:35:51,121 INFO  L402   nArgumentSynthesizer]: We have 8 Motzkin's Theorem applications.
[2020-06-17 21:35:51,121 INFO  L403   nArgumentSynthesizer]: A total of 0 supporting invariants were added.
[2020-06-17 21:35:51,127 INFO  L530          LassoAnalysis]: Proving termination failed for this template and these settings.
[2020-06-17 21:35:51,141 INFO  L497          LassoAnalysis]: Using template '4-nested'.
No working directory specified, using /home/lixie/LassoRankerExp/LassoRankerExp/z3
Starting monitored process 7 with z3 -smt2 -in SMTLIB2_COMPLIANT=true (exit command is (exit), workingDir is null)
Waiting until toolchain timeout for monitored process 7 with z3 -smt2 -in SMTLIB2_COMPLIANT=true
[2020-06-17 21:35:51,143 INFO  L122   nArgumentSynthesizer]: Termination Analysis Settings:
Termination analysis: LINEAR_WITH_GUESSES
Number of strict supporting invariants: 1
Number of non-strict supporting invariants: 0
Consider only non-deceasing supporting invariants: true
Simplify termination arguments: true
Simplify supporting invariants: trueOverapproximate stem: false
[2020-06-17 21:35:51,144 INFO  L339   nArgumentSynthesizer]: Template has degree 0.
[2020-06-17 21:35:51,145 INFO  L352   nArgumentSynthesizer]: There is no stem transition; disabling supporting invariant generation.
[2020-06-17 21:35:51,145 INFO  L205   nArgumentSynthesizer]: 1 stem disjuncts
[2020-06-17 21:35:51,145 INFO  L206   nArgumentSynthesizer]: 2 loop disjuncts
[2020-06-17 21:35:51,145 INFO  L207   nArgumentSynthesizer]: 5 template conjuncts.
[2020-06-17 21:35:51,152 INFO  L402   nArgumentSynthesizer]: We have 10 Motzkin's Theorem applications.
[2020-06-17 21:35:51,152 INFO  L403   nArgumentSynthesizer]: A total of 0 supporting invariants were added.
[2020-06-17 21:35:51,159 INFO  L530          LassoAnalysis]: Proving termination failed for this template and these settings.
[2020-06-17 21:35:51,172 INFO  L497          LassoAnalysis]: Using template '2-phase'.
No working directory specified, using /home/lixie/LassoRankerExp/LassoRankerExp/z3
Starting monitored process 8 with z3 -smt2 -in SMTLIB2_COMPLIANT=true (exit command is (exit), workingDir is null)
Waiting until toolchain timeout for monitored process 8 with z3 -smt2 -in SMTLIB2_COMPLIANT=true
[2020-06-17 21:35:51,174 INFO  L122   nArgumentSynthesizer]: Termination Analysis Settings:
Termination analysis: LINEAR_WITH_GUESSES
Number of strict supporting invariants: 1
Number of non-strict supporting invariants: 0
Consider only non-deceasing supporting invariants: true
Simplify termination arguments: true
Simplify supporting invariants: trueOverapproximate stem: false
[2020-06-17 21:35:51,175 WARN  L334   nArgumentSynthesizer]: Using a linear SMT query and a templates of degree > 0, hence this method is incomplete.
[2020-06-17 21:35:51,175 INFO  L339   nArgumentSynthesizer]: Template has degree 1.
[2020-06-17 21:35:51,175 INFO  L352   nArgumentSynthesizer]: There is no stem transition; disabling supporting invariant generation.
[2020-06-17 21:35:51,176 INFO  L205   nArgumentSynthesizer]: 1 stem disjuncts
[2020-06-17 21:35:51,176 INFO  L206   nArgumentSynthesizer]: 2 loop disjuncts
[2020-06-17 21:35:51,176 INFO  L207   nArgumentSynthesizer]: 3 template conjuncts.
[2020-06-17 21:35:51,180 INFO  L402   nArgumentSynthesizer]: We have 6 Motzkin's Theorem applications.
[2020-06-17 21:35:51,181 INFO  L403   nArgumentSynthesizer]: A total of 0 supporting invariants were added.
[2020-06-17 21:35:51,192 INFO  L530          LassoAnalysis]: Proving termination failed for this template and these settings.
[2020-06-17 21:35:51,205 INFO  L497          LassoAnalysis]: Using template 'lex(affine, affine)'.
No working directory specified, using /home/lixie/LassoRankerExp/LassoRankerExp/z3
Starting monitored process 9 with z3 -smt2 -in SMTLIB2_COMPLIANT=true (exit command is (exit), workingDir is null)
Waiting until toolchain timeout for monitored process 9 with z3 -smt2 -in SMTLIB2_COMPLIANT=true
[2020-06-17 21:35:51,207 INFO  L122   nArgumentSynthesizer]: Termination Analysis Settings:
Termination analysis: LINEAR_WITH_GUESSES
Number of strict supporting invariants: 1
Number of non-strict supporting invariants: 0
Consider only non-deceasing supporting invariants: true
Simplify termination arguments: true
Simplify supporting invariants: trueOverapproximate stem: false
[2020-06-17 21:35:51,209 WARN  L334   nArgumentSynthesizer]: Using a linear SMT query and a templates of degree > 0, hence this method is incomplete.
[2020-06-17 21:35:51,209 INFO  L339   nArgumentSynthesizer]: Template has degree 5.
[2020-06-17 21:35:51,209 INFO  L352   nArgumentSynthesizer]: There is no stem transition; disabling supporting invariant generation.
[2020-06-17 21:35:51,209 INFO  L205   nArgumentSynthesizer]: 1 stem disjuncts
[2020-06-17 21:35:51,209 INFO  L206   nArgumentSynthesizer]: 2 loop disjuncts
[2020-06-17 21:35:51,209 INFO  L207   nArgumentSynthesizer]: 4 template conjuncts.
[2020-06-17 21:35:51,214 INFO  L402   nArgumentSynthesizer]: We have 8 Motzkin's Theorem applications.
[2020-06-17 21:35:51,214 INFO  L403   nArgumentSynthesizer]: A total of 0 supporting invariants were added.
[2020-06-17 21:35:51,222 INFO  L530          LassoAnalysis]: Proving termination failed for this template and these settings.
[2020-06-17 21:35:51,234 INFO  L497          LassoAnalysis]: Using template '2-piece'.
No working directory specified, using /home/lixie/LassoRankerExp/LassoRankerExp/z3
Starting monitored process 10 with z3 -smt2 -in SMTLIB2_COMPLIANT=true (exit command is (exit), workingDir is null)
Waiting until toolchain timeout for monitored process 10 with z3 -smt2 -in SMTLIB2_COMPLIANT=true
[2020-06-17 21:35:51,236 INFO  L122   nArgumentSynthesizer]: Termination Analysis Settings:
Termination analysis: LINEAR_WITH_GUESSES
Number of strict supporting invariants: 1
Number of non-strict supporting invariants: 0
Consider only non-deceasing supporting invariants: true
Simplify termination arguments: true
Simplify supporting invariants: trueOverapproximate stem: false
[2020-06-17 21:35:51,244 WARN  L334   nArgumentSynthesizer]: Using a linear SMT query and a templates of degree > 0, hence this method is incomplete.
[2020-06-17 21:35:51,245 INFO  L339   nArgumentSynthesizer]: Template has degree 7.
[2020-06-17 21:35:51,245 INFO  L352   nArgumentSynthesizer]: There is no stem transition; disabling supporting invariant generation.
[2020-06-17 21:35:51,245 INFO  L205   nArgumentSynthesizer]: 1 stem disjuncts
[2020-06-17 21:35:51,245 INFO  L206   nArgumentSynthesizer]: 2 loop disjuncts
[2020-06-17 21:35:51,245 INFO  L207   nArgumentSynthesizer]: 7 template conjuncts.
[2020-06-17 21:35:51,258 INFO  L402   nArgumentSynthesizer]: We have 14 Motzkin's Theorem applications.
[2020-06-17 21:35:51,258 INFO  L403   nArgumentSynthesizer]: A total of 0 supporting invariants were added.
[2020-06-17 21:35:51,307 INFO  L530          LassoAnalysis]: Proving termination failed for this template and these settings.
[2020-06-17 21:35:51,319 INFO  L497          LassoAnalysis]: Using template '2-parallel'.
No working directory specified, using /home/lixie/LassoRankerExp/LassoRankerExp/z3
Starting monitored process 11 with z3 -smt2 -in SMTLIB2_COMPLIANT=true (exit command is (exit), workingDir is null)
Waiting until toolchain timeout for monitored process 11 with z3 -smt2 -in SMTLIB2_COMPLIANT=true
[2020-06-17 21:35:51,321 INFO  L122   nArgumentSynthesizer]: Termination Analysis Settings:
Termination analysis: LINEAR_WITH_GUESSES
Number of strict supporting invariants: 1
Number of non-strict supporting invariants: 0
Consider only non-deceasing supporting invariants: true
Simplify termination arguments: true
Simplify supporting invariants: trueOverapproximate stem: false
[2020-06-17 21:35:51,322 WARN  L334   nArgumentSynthesizer]: Using a linear SMT query and a templates of degree > 0, hence this method is incomplete.
[2020-06-17 21:35:51,322 INFO  L339   nArgumentSynthesizer]: Template has degree 4.
[2020-06-17 21:35:51,323 INFO  L352   nArgumentSynthesizer]: There is no stem transition; disabling supporting invariant generation.
[2020-06-17 21:35:51,323 INFO  L205   nArgumentSynthesizer]: 1 stem disjuncts
[2020-06-17 21:35:51,323 INFO  L206   nArgumentSynthesizer]: 2 loop disjuncts
[2020-06-17 21:35:51,323 INFO  L207   nArgumentSynthesizer]: 6 template conjuncts.
[2020-06-17 21:35:51,329 INFO  L402   nArgumentSynthesizer]: We have 12 Motzkin's Theorem applications.
[2020-06-17 21:35:51,329 INFO  L403   nArgumentSynthesizer]: A total of 0 supporting invariants were added.
[2020-06-17 21:35:51,349 INFO  L530          LassoAnalysis]: Proving termination failed for this template and these settings.
[2020-06-17 21:35:51,363 INFO  L489     LassoRankerStarter]: LassoRanker could not prove termination or nontermination of the given linear lasso program.
Templates: AffineTemplate NestedTemplate NestedTemplate NestedTemplate MultiphaseTemplate ComposedLexicographicTemplate PiecewiseTemplate ParallelTemplate
[2020-06-17 21:35:51,363 INFO  L132        PluginConnector]: ------------------------ END LassoRanker----------------------------
[2020-06-17 21:35:51,364 INFO  L168              Benchmark]: Toolchain (without parser) took 835.44 ms. Allocated memory was 514.9 MB in the beginning and 534.8 MB in the end (delta: 19.9 MB). Free memory was 472.9 MB in the beginning and 484.8 MB in the end (delta: -11.9 MB). Peak memory consumption was 120.9 MB. Max. memory is 11.5 GB.
[2020-06-17 21:35:51,365 INFO  L168              Benchmark]: Boogie PL CUP Parser took 0.11 ms. Allocated memory is still 514.9 MB. Free memory is still 474.4 MB. There was no memory consumed. Max. memory is 11.5 GB.
[2020-06-17 21:35:51,366 INFO  L168              Benchmark]: Boogie Preprocessor took 24.40 ms. Allocated memory is still 514.9 MB. Free memory was 471.5 MB in the beginning and 470.2 MB in the end (delta: 1.3 MB). Peak memory consumption was 1.3 MB. Max. memory is 11.5 GB.
[2020-06-17 21:35:51,366 INFO  L168              Benchmark]: RCFGBuilder took 110.97 ms. Allocated memory is still 514.9 MB. Free memory was 470.2 MB in the beginning and 460.7 MB in the end (delta: 9.4 MB). Peak memory consumption was 9.4 MB. Max. memory is 11.5 GB.
[2020-06-17 21:35:51,366 INFO  L168              Benchmark]: LassoRanker took 692.20 ms. Allocated memory was 514.9 MB in the beginning and 534.8 MB in the end (delta: 19.9 MB). Free memory was 459.4 MB in the beginning and 484.8 MB in the end (delta: -25.4 MB). Peak memory consumption was 107.4 MB. Max. memory is 11.5 GB.
[2020-06-17 21:35:51,368 INFO  L336   ainManager$Toolchain]: #######################  End [Toolchain 1] #######################
 --- Results ---
 * Results from de.uni_freiburg.informatik.ultimate.core:
  - StatisticsResult: Toolchain Benchmarks
    Benchmark results are:
 * Boogie PL CUP Parser took 0.11 ms. Allocated memory is still 514.9 MB. Free memory is still 474.4 MB. There was no memory consumed. Max. memory is 11.5 GB.
 * Boogie Preprocessor took 24.40 ms. Allocated memory is still 514.9 MB. Free memory was 471.5 MB in the beginning and 470.2 MB in the end (delta: 1.3 MB). Peak memory consumption was 1.3 MB. Max. memory is 11.5 GB.
 * RCFGBuilder took 110.97 ms. Allocated memory is still 514.9 MB. Free memory was 470.2 MB in the beginning and 460.7 MB in the end (delta: 9.4 MB). Peak memory consumption was 9.4 MB. Max. memory is 11.5 GB.
 * LassoRanker took 692.20 ms. Allocated memory was 514.9 MB in the beginning and 534.8 MB in the end (delta: 19.9 MB). Free memory was 459.4 MB in the beginning and 484.8 MB in the end (delta: -25.4 MB). Peak memory consumption was 107.4 MB. Max. memory is 11.5 GB.
 * Results from de.uni_freiburg.informatik.ultimate.plugins.analysis.lassoranker:
  - NoResult [Line: 10]: LassoRanker could not prove termination
    LassoRanker could not prove termination or nontermination of the given linear lasso program.
Templates: AffineTemplate NestedTemplate NestedTemplate NestedTemplate MultiphaseTemplate ComposedLexicographicTemplate PiecewiseTemplate ParallelTemplate
RESULT: Ultimate could not prove your program: Toolchain returned no result.
Received shutdown request...
Ultimate:
GTK+ Version Check
