This is Ultimate 0.1.24-16d85fa
[2020-06-17 21:35:30,474 INFO  L170        SettingsManager]: Resetting all preferences to default values...
[2020-06-17 21:35:30,476 INFO  L174        SettingsManager]: Resetting UltimateCore preferences to default values
[2020-06-17 21:35:30,488 INFO  L177        SettingsManager]: Ultimate Commandline Interface provides no preferences, ignoring...
[2020-06-17 21:35:30,488 INFO  L174        SettingsManager]: Resetting Boogie Preprocessor preferences to default values
[2020-06-17 21:35:30,489 INFO  L174        SettingsManager]: Resetting Boogie Procedure Inliner preferences to default values
[2020-06-17 21:35:30,490 INFO  L174        SettingsManager]: Resetting Abstract Interpretation preferences to default values
[2020-06-17 21:35:30,491 INFO  L174        SettingsManager]: Resetting LassoRanker preferences to default values
[2020-06-17 21:35:30,493 INFO  L174        SettingsManager]: Resetting Reaching Definitions preferences to default values
[2020-06-17 21:35:30,493 INFO  L174        SettingsManager]: Resetting SyntaxChecker preferences to default values
[2020-06-17 21:35:30,494 INFO  L177        SettingsManager]: Büchi Program Product provides no preferences, ignoring...
[2020-06-17 21:35:30,494 INFO  L174        SettingsManager]: Resetting LTL2Aut preferences to default values
[2020-06-17 21:35:30,495 INFO  L174        SettingsManager]: Resetting PEA to Boogie preferences to default values
[2020-06-17 21:35:30,496 INFO  L174        SettingsManager]: Resetting BlockEncodingV2 preferences to default values
[2020-06-17 21:35:30,497 INFO  L174        SettingsManager]: Resetting ChcToBoogie preferences to default values
[2020-06-17 21:35:30,497 INFO  L174        SettingsManager]: Resetting AutomataScriptInterpreter preferences to default values
[2020-06-17 21:35:30,498 INFO  L174        SettingsManager]: Resetting BuchiAutomizer preferences to default values
[2020-06-17 21:35:30,500 INFO  L174        SettingsManager]: Resetting CACSL2BoogieTranslator preferences to default values
[2020-06-17 21:35:30,502 INFO  L174        SettingsManager]: Resetting CodeCheck preferences to default values
[2020-06-17 21:35:30,503 INFO  L174        SettingsManager]: Resetting InvariantSynthesis preferences to default values
[2020-06-17 21:35:30,504 INFO  L174        SettingsManager]: Resetting RCFGBuilder preferences to default values
[2020-06-17 21:35:30,505 INFO  L174        SettingsManager]: Resetting TraceAbstraction preferences to default values
[2020-06-17 21:35:30,507 INFO  L177        SettingsManager]: TraceAbstractionConcurrent provides no preferences, ignoring...
[2020-06-17 21:35:30,507 INFO  L177        SettingsManager]: TraceAbstractionWithAFAs provides no preferences, ignoring...
[2020-06-17 21:35:30,507 INFO  L174        SettingsManager]: Resetting TreeAutomizer preferences to default values
[2020-06-17 21:35:30,508 INFO  L174        SettingsManager]: Resetting IcfgTransformer preferences to default values
[2020-06-17 21:35:30,509 INFO  L174        SettingsManager]: Resetting Boogie Printer preferences to default values
[2020-06-17 21:35:30,510 INFO  L174        SettingsManager]: Resetting ReqPrinter preferences to default values
[2020-06-17 21:35:30,510 INFO  L174        SettingsManager]: Resetting Witness Printer preferences to default values
[2020-06-17 21:35:30,511 INFO  L177        SettingsManager]: Boogie PL CUP Parser provides no preferences, ignoring...
[2020-06-17 21:35:30,511 INFO  L174        SettingsManager]: Resetting CDTParser preferences to default values
[2020-06-17 21:35:30,512 INFO  L177        SettingsManager]: AutomataScriptParser provides no preferences, ignoring...
[2020-06-17 21:35:30,512 INFO  L177        SettingsManager]: ReqParser provides no preferences, ignoring...
[2020-06-17 21:35:30,512 INFO  L174        SettingsManager]: Resetting SmtParser preferences to default values
[2020-06-17 21:35:30,513 INFO  L174        SettingsManager]: Resetting Witness Parser preferences to default values
[2020-06-17 21:35:30,513 INFO  L181        SettingsManager]: Finished resetting all preferences to default values...
[2020-06-17 21:35:30,532 INFO  L81    nceAwareModelManager]: Repository-Root is: /tmp
[2020-06-17 21:35:30,543 INFO  L258   ainManager$Toolchain]: [Toolchain 1]: Applicable parser(s) successfully (re)initialized
[2020-06-17 21:35:30,546 INFO  L214   ainManager$Toolchain]: [Toolchain 1]: Toolchain selected.
[2020-06-17 21:35:30,547 INFO  L271        PluginConnector]: Initializing Boogie PL CUP Parser...
[2020-06-17 21:35:30,547 INFO  L276        PluginConnector]: Boogie PL CUP Parser initialized
[2020-06-17 21:35:30,548 INFO  L418   ainManager$Toolchain]: [Toolchain 1]: Parsing single file: /home/lixie/LassoRankerExp/LassoRankerExp/./Program_non/80.bpl
[2020-06-17 21:35:30,548 INFO  L111           BoogieParser]: Parsing: '/home/lixie/LassoRankerExp/LassoRankerExp/./Program_non/80.bpl'
[2020-06-17 21:35:30,568 INFO  L296   ainManager$Toolchain]: ####################### [Toolchain 1] #######################
[2020-06-17 21:35:30,577 INFO  L131        ToolchainWalker]: Walking toolchain with 3 elements.
[2020-06-17 21:35:30,577 INFO  L113        PluginConnector]: ------------------------Boogie Preprocessor----------------------------
[2020-06-17 21:35:30,577 INFO  L271        PluginConnector]: Initializing Boogie Preprocessor...
[2020-06-17 21:35:30,578 INFO  L276        PluginConnector]: Boogie Preprocessor initialized
[2020-06-17 21:35:30,594 INFO  L185        PluginConnector]: Executing the observer EnsureBoogieModelObserver from plugin Boogie Preprocessor for "80.bpl de.uni_freiburg.informatik.ultimate.boogie.parser AST 17.06 09:35:30" (1/1) ...
[2020-06-17 21:35:30,595 INFO  L185        PluginConnector]: Executing the observer TypeChecker from plugin Boogie Preprocessor for "80.bpl de.uni_freiburg.informatik.ultimate.boogie.parser AST 17.06 09:35:30" (1/1) ...
[2020-06-17 21:35:30,600 INFO  L185        PluginConnector]: Executing the observer ConstExpander from plugin Boogie Preprocessor for "80.bpl de.uni_freiburg.informatik.ultimate.boogie.parser AST 17.06 09:35:30" (1/1) ...
[2020-06-17 21:35:30,600 INFO  L185        PluginConnector]: Executing the observer StructExpander from plugin Boogie Preprocessor for "80.bpl de.uni_freiburg.informatik.ultimate.boogie.parser AST 17.06 09:35:30" (1/1) ...
[2020-06-17 21:35:30,602 INFO  L185        PluginConnector]: Executing the observer UnstructureCode from plugin Boogie Preprocessor for "80.bpl de.uni_freiburg.informatik.ultimate.boogie.parser AST 17.06 09:35:30" (1/1) ...
[2020-06-17 21:35:30,605 INFO  L185        PluginConnector]: Executing the observer FunctionInliner from plugin Boogie Preprocessor for "80.bpl de.uni_freiburg.informatik.ultimate.boogie.parser AST 17.06 09:35:30" (1/1) ...
[2020-06-17 21:35:30,605 INFO  L185        PluginConnector]: Executing the observer BoogieSymbolTableConstructor from plugin Boogie Preprocessor for "80.bpl de.uni_freiburg.informatik.ultimate.boogie.parser AST 17.06 09:35:30" (1/1) ...
[2020-06-17 21:35:30,606 INFO  L132        PluginConnector]: ------------------------ END Boogie Preprocessor----------------------------
[2020-06-17 21:35:30,607 INFO  L113        PluginConnector]: ------------------------RCFGBuilder----------------------------
[2020-06-17 21:35:30,607 INFO  L271        PluginConnector]: Initializing RCFGBuilder...
[2020-06-17 21:35:30,607 INFO  L276        PluginConnector]: RCFGBuilder initialized
[2020-06-17 21:35:30,608 INFO  L185        PluginConnector]: Executing the observer RCFGBuilderObserver from plugin RCFGBuilder for "80.bpl de.uni_freiburg.informatik.ultimate.boogie.parser AST 17.06 09:35:30" (1/1) ...
No working directory specified, using /home/lixie/LassoRankerExp/LassoRankerExp/z3
Starting monitored process 1 with z3 SMTLIB2_COMPLIANT=true -memory:1024 -smt2 -in -t:12000 (exit command is (exit), workingDir is null)
Waiting until toolchain timeout for monitored process 1 with z3 SMTLIB2_COMPLIANT=true -memory:1024 -smt2 -in -t:12000
[2020-06-17 21:35:30,647 INFO  L124     BoogieDeclarations]: Specification and implementation of procedure main given in one single declaration
[2020-06-17 21:35:30,647 INFO  L130     BoogieDeclarations]: Found specification of procedure main
[2020-06-17 21:35:30,647 INFO  L138     BoogieDeclarations]: Found implementation of procedure main
[2020-06-17 21:35:30,708 INFO  L278             CfgBuilder]: Using library mode
[2020-06-17 21:35:30,708 INFO  L286             CfgBuilder]: Removed 0 assue(true) statements.
[2020-06-17 21:35:30,709 INFO  L202        PluginConnector]: Adding new model 80.bpl de.uni_freiburg.informatik.ultimate.plugins.generator.rcfgbuilder CFG 17.06 09:35:30 BoogieIcfgContainer
[2020-06-17 21:35:30,709 INFO  L132        PluginConnector]: ------------------------ END RCFGBuilder----------------------------
[2020-06-17 21:35:30,710 INFO  L113        PluginConnector]: ------------------------LassoRanker----------------------------
[2020-06-17 21:35:30,710 INFO  L271        PluginConnector]: Initializing LassoRanker...
[2020-06-17 21:35:30,710 INFO  L276        PluginConnector]: LassoRanker initialized
[2020-06-17 21:35:30,710 INFO  L185        PluginConnector]: Executing the observer LassoRankerObserver from plugin LassoRanker for "80.bpl de.uni_freiburg.informatik.ultimate.plugins.generator.rcfgbuilder CFG 17.06 09:35:30" (1/1) ...
[2020-06-17 21:35:30,728 INFO  L72            BuchiIsEmpty]: Start buchiIsEmpty. Operand 2 states.
[2020-06-17 21:35:30,741 INFO  L131   ngComponentsAnalysis]: Automaton has 1 accepting balls. 1
[2020-06-17 21:35:30,741 INFO  L87            BuchiIsEmpty]: Finished buchiIsEmpty Result is false
[2020-06-17 21:35:30,741 INFO  L119           BuchiIsEmpty]: Starting construction of run
[2020-06-17 21:35:30,746 INFO  L104     BuchiDifferenceFKV]: Start buchiDifferenceFKV. First operand 2 states. Second operand 1 states.
[2020-06-17 21:35:30,753 INFO  L108     BuchiDifferenceFKV]: Finished buchiDifferenceFKV. First operand 2 states. Second operand 1 states. Result 3 states and 4 transitions. Complement of second has 2 states 2 powerset states0 rank states. The highest rank that occured is -1
[2020-06-17 21:35:30,753 INFO  L72            BuchiIsEmpty]: Start buchiIsEmpty. Operand 3 states and 4 transitions.
[2020-06-17 21:35:30,753 INFO  L131   ngComponentsAnalysis]: Automaton has 0 accepting balls. 0
[2020-06-17 21:35:30,754 INFO  L87            BuchiIsEmpty]: Finished buchiIsEmpty Result is true
[2020-06-17 21:35:30,781 INFO  L216          LassoAnalysis]: Preferences:
[2020-06-17 21:35:30,781 INFO  L124   ssoRankerPreferences]: Compute integeral hull: false
[2020-06-17 21:35:30,782 INFO  L125   ssoRankerPreferences]: Enable LassoPartitioneer: true
[2020-06-17 21:35:30,782 INFO  L126   ssoRankerPreferences]: Term annotations enabled: false
[2020-06-17 21:35:30,782 INFO  L127   ssoRankerPreferences]: Use exernal solver: true
[2020-06-17 21:35:30,782 INFO  L128   ssoRankerPreferences]: SMT solver command: z3 -smt2 -in SMTLIB2_COMPLIANT=true
[2020-06-17 21:35:30,782 INFO  L129   ssoRankerPreferences]: Dump SMT script to file: false
[2020-06-17 21:35:30,782 INFO  L130   ssoRankerPreferences]: Path of dumped script: .
[2020-06-17 21:35:30,782 INFO  L131   ssoRankerPreferences]: Filename of dumped script: LassoRankerScript
[2020-06-17 21:35:30,782 INFO  L132   ssoRankerPreferences]: MapElimAlgo: Frank
[2020-06-17 21:35:30,782 INFO  L282          LassoAnalysis]: Starting lasso preprocessing...
[2020-06-17 21:35:30,796 INFO  L141          MapEliminator]: Using MapEliminator with SimplificationTechnique=SIMPLIFY_DDA XnfConversionTechnique=BOTTOM_UP_WITH_LOCAL_SIMPLIFICATION AddInequalities=false OnlyTrivialImplicationsArrayWrite=false OnlyTrivialImplicationsForModifiedArguments=true OnlyArgumentsInFormula=true
[2020-06-17 21:35:30,838 INFO  L300          LassoAnalysis]: Preprocessing complete.
[2020-06-17 21:35:30,838 INFO  L412          LassoAnalysis]: Checking for nontermination...
No working directory specified, using /home/lixie/LassoRankerExp/LassoRankerExp/z3
Starting monitored process 2 with z3 -smt2 -in SMTLIB2_COMPLIANT=true (exit command is (exit), workingDir is null)
Waiting until toolchain timeout for monitored process 2 with z3 -smt2 -in SMTLIB2_COMPLIANT=true
[2020-06-17 21:35:30,842 INFO  L151   nArgumentSynthesizer]: Nontermination analysis: LINEAR_WITH_GUESSES Allow bounded executions: true Number of generalized eigenvectors: 0 Nilpotent components: true
[2020-06-17 21:35:30,842 INFO  L163   nArgumentSynthesizer]: Using integer mode.
No working directory specified, using /home/lixie/LassoRankerExp/LassoRankerExp/z3
Starting monitored process 3 with z3 -smt2 -in SMTLIB2_COMPLIANT=true (exit command is (exit), workingDir is null)
Waiting until toolchain timeout for monitored process 3 with z3 -smt2 -in SMTLIB2_COMPLIANT=true
[2020-06-17 21:35:30,860 INFO  L151   nArgumentSynthesizer]: Nontermination analysis: LINEAR_WITH_GUESSES Allow bounded executions: true Number of generalized eigenvectors: 3 Nilpotent components: true
[2020-06-17 21:35:30,860 INFO  L163   nArgumentSynthesizer]: Using integer mode.
[2020-06-17 21:35:30,889 INFO  L452          LassoAnalysis]: Proving nontermination failed: No geometric nontermination argument exists.
[2020-06-17 21:35:30,890 INFO  L216          LassoAnalysis]: Preferences:
[2020-06-17 21:35:30,890 INFO  L124   ssoRankerPreferences]: Compute integeral hull: false
[2020-06-17 21:35:30,890 INFO  L125   ssoRankerPreferences]: Enable LassoPartitioneer: true
[2020-06-17 21:35:30,890 INFO  L126   ssoRankerPreferences]: Term annotations enabled: false
[2020-06-17 21:35:30,890 INFO  L127   ssoRankerPreferences]: Use exernal solver: true
[2020-06-17 21:35:30,890 INFO  L128   ssoRankerPreferences]: SMT solver command: z3 -smt2 -in SMTLIB2_COMPLIANT=true
[2020-06-17 21:35:30,890 INFO  L129   ssoRankerPreferences]: Dump SMT script to file: false
[2020-06-17 21:35:30,891 INFO  L130   ssoRankerPreferences]: Path of dumped script: .
[2020-06-17 21:35:30,891 INFO  L131   ssoRankerPreferences]: Filename of dumped script: LassoRankerScript
[2020-06-17 21:35:30,891 INFO  L132   ssoRankerPreferences]: MapElimAlgo: Frank
[2020-06-17 21:35:30,891 INFO  L282          LassoAnalysis]: Starting lasso preprocessing...
[2020-06-17 21:35:30,892 INFO  L141          MapEliminator]: Using MapEliminator with SimplificationTechnique=SIMPLIFY_DDA XnfConversionTechnique=BOTTOM_UP_WITH_LOCAL_SIMPLIFICATION AddInequalities=false OnlyTrivialImplicationsArrayWrite=false OnlyTrivialImplicationsForModifiedArguments=true OnlyArgumentsInFormula=true
[2020-06-17 21:35:30,924 INFO  L300          LassoAnalysis]: Preprocessing complete.
[2020-06-17 21:35:30,928 INFO  L497          LassoAnalysis]: Using template 'affine'.
No working directory specified, using /home/lixie/LassoRankerExp/LassoRankerExp/z3
Starting monitored process 4 with z3 -smt2 -in SMTLIB2_COMPLIANT=true (exit command is (exit), workingDir is null)
Waiting until toolchain timeout for monitored process 4 with z3 -smt2 -in SMTLIB2_COMPLIANT=true
[2020-06-17 21:35:30,933 INFO  L122   nArgumentSynthesizer]: Termination Analysis Settings:
Termination analysis: LINEAR_WITH_GUESSES
Number of strict supporting invariants: 1
Number of non-strict supporting invariants: 0
Consider only non-deceasing supporting invariants: true
Simplify termination arguments: true
Simplify supporting invariants: trueOverapproximate stem: false
[2020-06-17 21:35:30,935 INFO  L339   nArgumentSynthesizer]: Template has degree 0.
[2020-06-17 21:35:30,935 INFO  L352   nArgumentSynthesizer]: There is no stem transition; disabling supporting invariant generation.
[2020-06-17 21:35:30,935 INFO  L205   nArgumentSynthesizer]: 1 stem disjuncts
[2020-06-17 21:35:30,935 INFO  L206   nArgumentSynthesizer]: 1 loop disjuncts
[2020-06-17 21:35:30,935 INFO  L207   nArgumentSynthesizer]: 2 template conjuncts.
[2020-06-17 21:35:30,938 INFO  L402   nArgumentSynthesizer]: We have 2 Motzkin's Theorem applications.
[2020-06-17 21:35:30,938 INFO  L403   nArgumentSynthesizer]: A total of 0 supporting invariants were added.
[2020-06-17 21:35:30,940 INFO  L530          LassoAnalysis]: Proving termination failed for this template and these settings.
[2020-06-17 21:35:30,953 INFO  L497          LassoAnalysis]: Using template '2-nested'.
No working directory specified, using /home/lixie/LassoRankerExp/LassoRankerExp/z3
Starting monitored process 5 with z3 -smt2 -in SMTLIB2_COMPLIANT=true (exit command is (exit), workingDir is null)
Waiting until toolchain timeout for monitored process 5 with z3 -smt2 -in SMTLIB2_COMPLIANT=true
[2020-06-17 21:35:30,955 INFO  L122   nArgumentSynthesizer]: Termination Analysis Settings:
Termination analysis: LINEAR_WITH_GUESSES
Number of strict supporting invariants: 1
Number of non-strict supporting invariants: 0
Consider only non-deceasing supporting invariants: true
Simplify termination arguments: true
Simplify supporting invariants: trueOverapproximate stem: false
[2020-06-17 21:35:30,957 INFO  L339   nArgumentSynthesizer]: Template has degree 0.
[2020-06-17 21:35:30,957 INFO  L352   nArgumentSynthesizer]: There is no stem transition; disabling supporting invariant generation.
[2020-06-17 21:35:30,957 INFO  L205   nArgumentSynthesizer]: 1 stem disjuncts
[2020-06-17 21:35:30,957 INFO  L206   nArgumentSynthesizer]: 1 loop disjuncts
[2020-06-17 21:35:30,957 INFO  L207   nArgumentSynthesizer]: 3 template conjuncts.
[2020-06-17 21:35:30,959 INFO  L402   nArgumentSynthesizer]: We have 3 Motzkin's Theorem applications.
[2020-06-17 21:35:30,959 INFO  L403   nArgumentSynthesizer]: A total of 0 supporting invariants were added.
[2020-06-17 21:35:30,962 INFO  L530          LassoAnalysis]: Proving termination failed for this template and these settings.
[2020-06-17 21:35:30,974 INFO  L497          LassoAnalysis]: Using template '3-nested'.
No working directory specified, using /home/lixie/LassoRankerExp/LassoRankerExp/z3
Starting monitored process 6 with z3 -smt2 -in SMTLIB2_COMPLIANT=true (exit command is (exit), workingDir is null)
Waiting until toolchain timeout for monitored process 6 with z3 -smt2 -in SMTLIB2_COMPLIANT=true
[2020-06-17 21:35:30,976 INFO  L122   nArgumentSynthesizer]: Termination Analysis Settings:
Termination analysis: LINEAR_WITH_GUESSES
Number of strict supporting invariants: 1
Number of non-strict supporting invariants: 0
Consider only non-deceasing supporting invariants: true
Simplify termination arguments: true
Simplify supporting invariants: trueOverapproximate stem: false
[2020-06-17 21:35:30,977 INFO  L339   nArgumentSynthesizer]: Template has degree 0.
[2020-06-17 21:35:30,977 INFO  L352   nArgumentSynthesizer]: There is no stem transition; disabling supporting invariant generation.
[2020-06-17 21:35:30,977 INFO  L205   nArgumentSynthesizer]: 1 stem disjuncts
[2020-06-17 21:35:30,977 INFO  L206   nArgumentSynthesizer]: 1 loop disjuncts
[2020-06-17 21:35:30,978 INFO  L207   nArgumentSynthesizer]: 4 template conjuncts.
[2020-06-17 21:35:30,980 INFO  L402   nArgumentSynthesizer]: We have 4 Motzkin's Theorem applications.
[2020-06-17 21:35:30,980 INFO  L403   nArgumentSynthesizer]: A total of 0 supporting invariants were added.
[2020-06-17 21:35:30,983 INFO  L530          LassoAnalysis]: Proving termination failed for this template and these settings.
[2020-06-17 21:35:30,995 INFO  L497          LassoAnalysis]: Using template '4-nested'.
No working directory specified, using /home/lixie/LassoRankerExp/LassoRankerExp/z3
Starting monitored process 7 with z3 -smt2 -in SMTLIB2_COMPLIANT=true (exit command is (exit), workingDir is null)
Waiting until toolchain timeout for monitored process 7 with z3 -smt2 -in SMTLIB2_COMPLIANT=true
[2020-06-17 21:35:30,997 INFO  L122   nArgumentSynthesizer]: Termination Analysis Settings:
Termination analysis: LINEAR_WITH_GUESSES
Number of strict supporting invariants: 1
Number of non-strict supporting invariants: 0
Consider only non-deceasing supporting invariants: true
Simplify termination arguments: true
Simplify supporting invariants: trueOverapproximate stem: false
[2020-06-17 21:35:30,998 INFO  L339   nArgumentSynthesizer]: Template has degree 0.
[2020-06-17 21:35:30,998 INFO  L352   nArgumentSynthesizer]: There is no stem transition; disabling supporting invariant generation.
[2020-06-17 21:35:30,998 INFO  L205   nArgumentSynthesizer]: 1 stem disjuncts
[2020-06-17 21:35:30,998 INFO  L206   nArgumentSynthesizer]: 1 loop disjuncts
[2020-06-17 21:35:30,998 INFO  L207   nArgumentSynthesizer]: 5 template conjuncts.
[2020-06-17 21:35:31,001 INFO  L402   nArgumentSynthesizer]: We have 5 Motzkin's Theorem applications.
[2020-06-17 21:35:31,001 INFO  L403   nArgumentSynthesizer]: A total of 0 supporting invariants were added.
[2020-06-17 21:35:31,004 INFO  L530          LassoAnalysis]: Proving termination failed for this template and these settings.
[2020-06-17 21:35:31,015 INFO  L497          LassoAnalysis]: Using template '2-phase'.
No working directory specified, using /home/lixie/LassoRankerExp/LassoRankerExp/z3
Starting monitored process 8 with z3 -smt2 -in SMTLIB2_COMPLIANT=true (exit command is (exit), workingDir is null)
Waiting until toolchain timeout for monitored process 8 with z3 -smt2 -in SMTLIB2_COMPLIANT=true
[2020-06-17 21:35:31,017 INFO  L122   nArgumentSynthesizer]: Termination Analysis Settings:
Termination analysis: LINEAR_WITH_GUESSES
Number of strict supporting invariants: 1
Number of non-strict supporting invariants: 0
Consider only non-deceasing supporting invariants: true
Simplify termination arguments: true
Simplify supporting invariants: trueOverapproximate stem: false
[2020-06-17 21:35:31,019 WARN  L334   nArgumentSynthesizer]: Using a linear SMT query and a templates of degree > 0, hence this method is incomplete.
[2020-06-17 21:35:31,019 INFO  L339   nArgumentSynthesizer]: Template has degree 1.
[2020-06-17 21:35:31,019 INFO  L352   nArgumentSynthesizer]: There is no stem transition; disabling supporting invariant generation.
[2020-06-17 21:35:31,019 INFO  L205   nArgumentSynthesizer]: 1 stem disjuncts
[2020-06-17 21:35:31,019 INFO  L206   nArgumentSynthesizer]: 1 loop disjuncts
[2020-06-17 21:35:31,019 INFO  L207   nArgumentSynthesizer]: 3 template conjuncts.
[2020-06-17 21:35:31,026 INFO  L402   nArgumentSynthesizer]: We have 3 Motzkin's Theorem applications.
[2020-06-17 21:35:31,026 INFO  L403   nArgumentSynthesizer]: A total of 0 supporting invariants were added.
[2020-06-17 21:35:31,079 INFO  L530          LassoAnalysis]: Proving termination failed for this template and these settings.
[2020-06-17 21:35:31,091 INFO  L497          LassoAnalysis]: Using template 'lex(affine, affine)'.
No working directory specified, using /home/lixie/LassoRankerExp/LassoRankerExp/z3
Starting monitored process 9 with z3 -smt2 -in SMTLIB2_COMPLIANT=true (exit command is (exit), workingDir is null)
Waiting until toolchain timeout for monitored process 9 with z3 -smt2 -in SMTLIB2_COMPLIANT=true
[2020-06-17 21:35:31,093 INFO  L122   nArgumentSynthesizer]: Termination Analysis Settings:
Termination analysis: LINEAR_WITH_GUESSES
Number of strict supporting invariants: 1
Number of non-strict supporting invariants: 0
Consider only non-deceasing supporting invariants: true
Simplify termination arguments: true
Simplify supporting invariants: trueOverapproximate stem: false
[2020-06-17 21:35:31,094 WARN  L334   nArgumentSynthesizer]: Using a linear SMT query and a templates of degree > 0, hence this method is incomplete.
[2020-06-17 21:35:31,094 INFO  L339   nArgumentSynthesizer]: Template has degree 5.
[2020-06-17 21:35:31,095 INFO  L352   nArgumentSynthesizer]: There is no stem transition; disabling supporting invariant generation.
[2020-06-17 21:35:31,095 INFO  L205   nArgumentSynthesizer]: 1 stem disjuncts
[2020-06-17 21:35:31,095 INFO  L206   nArgumentSynthesizer]: 1 loop disjuncts
[2020-06-17 21:35:31,095 INFO  L207   nArgumentSynthesizer]: 4 template conjuncts.
[2020-06-17 21:35:31,100 INFO  L402   nArgumentSynthesizer]: We have 4 Motzkin's Theorem applications.
[2020-06-17 21:35:31,100 INFO  L403   nArgumentSynthesizer]: A total of 0 supporting invariants were added.
[2020-06-17 21:35:31,152 INFO  L530          LassoAnalysis]: Proving termination failed for this template and these settings.
[2020-06-17 21:35:31,164 INFO  L497          LassoAnalysis]: Using template '2-piece'.
No working directory specified, using /home/lixie/LassoRankerExp/LassoRankerExp/z3
Starting monitored process 10 with z3 -smt2 -in SMTLIB2_COMPLIANT=true (exit command is (exit), workingDir is null)
Waiting until toolchain timeout for monitored process 10 with z3 -smt2 -in SMTLIB2_COMPLIANT=true
[2020-06-17 21:35:31,166 INFO  L122   nArgumentSynthesizer]: Termination Analysis Settings:
Termination analysis: LINEAR_WITH_GUESSES
Number of strict supporting invariants: 1
Number of non-strict supporting invariants: 0
Consider only non-deceasing supporting invariants: true
Simplify termination arguments: true
Simplify supporting invariants: trueOverapproximate stem: false
[2020-06-17 21:35:31,168 WARN  L334   nArgumentSynthesizer]: Using a linear SMT query and a templates of degree > 0, hence this method is incomplete.
[2020-06-17 21:35:31,168 INFO  L339   nArgumentSynthesizer]: Template has degree 7.
[2020-06-17 21:35:31,168 INFO  L352   nArgumentSynthesizer]: There is no stem transition; disabling supporting invariant generation.
[2020-06-17 21:35:31,168 INFO  L205   nArgumentSynthesizer]: 1 stem disjuncts
[2020-06-17 21:35:31,168 INFO  L206   nArgumentSynthesizer]: 1 loop disjuncts
[2020-06-17 21:35:31,168 INFO  L207   nArgumentSynthesizer]: 7 template conjuncts.
[2020-06-17 21:35:31,181 INFO  L402   nArgumentSynthesizer]: We have 7 Motzkin's Theorem applications.
[2020-06-17 21:35:31,181 INFO  L403   nArgumentSynthesizer]: A total of 0 supporting invariants were added.
[2020-06-17 21:35:31,821 INFO  L530          LassoAnalysis]: Proving termination failed for this template and these settings.
[2020-06-17 21:35:31,833 INFO  L497          LassoAnalysis]: Using template '2-parallel'.
No working directory specified, using /home/lixie/LassoRankerExp/LassoRankerExp/z3
Starting monitored process 11 with z3 -smt2 -in SMTLIB2_COMPLIANT=true (exit command is (exit), workingDir is null)
Waiting until toolchain timeout for monitored process 11 with z3 -smt2 -in SMTLIB2_COMPLIANT=true
[2020-06-17 21:35:31,835 INFO  L122   nArgumentSynthesizer]: Termination Analysis Settings:
Termination analysis: LINEAR_WITH_GUESSES
Number of strict supporting invariants: 1
Number of non-strict supporting invariants: 0
Consider only non-deceasing supporting invariants: true
Simplify termination arguments: true
Simplify supporting invariants: trueOverapproximate stem: false
[2020-06-17 21:35:31,836 WARN  L334   nArgumentSynthesizer]: Using a linear SMT query and a templates of degree > 0, hence this method is incomplete.
[2020-06-17 21:35:31,837 INFO  L339   nArgumentSynthesizer]: Template has degree 4.
[2020-06-17 21:35:31,837 INFO  L352   nArgumentSynthesizer]: There is no stem transition; disabling supporting invariant generation.
[2020-06-17 21:35:31,837 INFO  L205   nArgumentSynthesizer]: 1 stem disjuncts
[2020-06-17 21:35:31,837 INFO  L206   nArgumentSynthesizer]: 1 loop disjuncts
[2020-06-17 21:35:31,837 INFO  L207   nArgumentSynthesizer]: 6 template conjuncts.
[2020-06-17 21:35:31,843 INFO  L402   nArgumentSynthesizer]: We have 6 Motzkin's Theorem applications.
[2020-06-17 21:35:31,843 INFO  L403   nArgumentSynthesizer]: A total of 0 supporting invariants were added.
[2020-06-17 21:35:31,953 INFO  L530          LassoAnalysis]: Proving termination failed for this template and these settings.
[2020-06-17 21:35:31,966 INFO  L489     LassoRankerStarter]: LassoRanker could not prove termination or nontermination of the given linear lasso program.
Templates: AffineTemplate NestedTemplate NestedTemplate NestedTemplate MultiphaseTemplate ComposedLexicographicTemplate PiecewiseTemplate ParallelTemplate
[2020-06-17 21:35:31,967 INFO  L132        PluginConnector]: ------------------------ END LassoRanker----------------------------
[2020-06-17 21:35:31,967 INFO  L168              Benchmark]: Toolchain (without parser) took 1398.52 ms. Allocated memory is still 514.9 MB. Free memory was 472.9 MB in the beginning and 382.8 MB in the end (delta: 90.1 MB). Peak memory consumption was 90.1 MB. Max. memory is 11.5 GB.
[2020-06-17 21:35:31,968 INFO  L168              Benchmark]: Boogie PL CUP Parser took 0.12 ms. Allocated memory is still 514.9 MB. Free memory is still 474.4 MB. There was no memory consumed. Max. memory is 11.5 GB.
[2020-06-17 21:35:31,968 INFO  L168              Benchmark]: Boogie Preprocessor took 29.40 ms. Allocated memory is still 514.9 MB. Free memory was 471.5 MB in the beginning and 470.2 MB in the end (delta: 1.3 MB). Peak memory consumption was 1.3 MB. Max. memory is 11.5 GB.
[2020-06-17 21:35:31,969 INFO  L168              Benchmark]: RCFGBuilder took 102.26 ms. Allocated memory is still 514.9 MB. Free memory was 470.2 MB in the beginning and 460.6 MB in the end (delta: 9.5 MB). Peak memory consumption was 9.5 MB. Max. memory is 11.5 GB.
[2020-06-17 21:35:31,970 INFO  L168              Benchmark]: LassoRanker took 1257.04 ms. Allocated memory is still 514.9 MB. Free memory was 460.6 MB in the beginning and 382.8 MB in the end (delta: 77.9 MB). Peak memory consumption was 77.9 MB. Max. memory is 11.5 GB.
[2020-06-17 21:35:31,972 INFO  L336   ainManager$Toolchain]: #######################  End [Toolchain 1] #######################
 --- Results ---
 * Results from de.uni_freiburg.informatik.ultimate.core:
  - StatisticsResult: Toolchain Benchmarks
    Benchmark results are:
 * Boogie PL CUP Parser took 0.12 ms. Allocated memory is still 514.9 MB. Free memory is still 474.4 MB. There was no memory consumed. Max. memory is 11.5 GB.
 * Boogie Preprocessor took 29.40 ms. Allocated memory is still 514.9 MB. Free memory was 471.5 MB in the beginning and 470.2 MB in the end (delta: 1.3 MB). Peak memory consumption was 1.3 MB. Max. memory is 11.5 GB.
 * RCFGBuilder took 102.26 ms. Allocated memory is still 514.9 MB. Free memory was 470.2 MB in the beginning and 460.6 MB in the end (delta: 9.5 MB). Peak memory consumption was 9.5 MB. Max. memory is 11.5 GB.
 * LassoRanker took 1257.04 ms. Allocated memory is still 514.9 MB. Free memory was 460.6 MB in the beginning and 382.8 MB in the end (delta: 77.9 MB). Peak memory consumption was 77.9 MB. Max. memory is 11.5 GB.
 * Results from de.uni_freiburg.informatik.ultimate.plugins.analysis.lassoranker:
  - NoResult [Line: 10]: LassoRanker could not prove termination
    LassoRanker could not prove termination or nontermination of the given linear lasso program.
Templates: AffineTemplate NestedTemplate NestedTemplate NestedTemplate MultiphaseTemplate ComposedLexicographicTemplate PiecewiseTemplate ParallelTemplate
RESULT: Ultimate could not prove your program: Toolchain returned no result.
Received shutdown request...
Ultimate:
GTK+ Version Check
