This is Ultimate 0.1.24-16d85fa
[2020-06-17 21:35:33,245 INFO  L170        SettingsManager]: Resetting all preferences to default values...
[2020-06-17 21:35:33,246 INFO  L174        SettingsManager]: Resetting UltimateCore preferences to default values
[2020-06-17 21:35:33,256 INFO  L177        SettingsManager]: Ultimate Commandline Interface provides no preferences, ignoring...
[2020-06-17 21:35:33,256 INFO  L174        SettingsManager]: Resetting Boogie Preprocessor preferences to default values
[2020-06-17 21:35:33,256 INFO  L174        SettingsManager]: Resetting Boogie Procedure Inliner preferences to default values
[2020-06-17 21:35:33,257 INFO  L174        SettingsManager]: Resetting Abstract Interpretation preferences to default values
[2020-06-17 21:35:33,258 INFO  L174        SettingsManager]: Resetting LassoRanker preferences to default values
[2020-06-17 21:35:33,259 INFO  L174        SettingsManager]: Resetting Reaching Definitions preferences to default values
[2020-06-17 21:35:33,260 INFO  L174        SettingsManager]: Resetting SyntaxChecker preferences to default values
[2020-06-17 21:35:33,260 INFO  L177        SettingsManager]: Büchi Program Product provides no preferences, ignoring...
[2020-06-17 21:35:33,261 INFO  L174        SettingsManager]: Resetting LTL2Aut preferences to default values
[2020-06-17 21:35:33,261 INFO  L174        SettingsManager]: Resetting PEA to Boogie preferences to default values
[2020-06-17 21:35:33,262 INFO  L174        SettingsManager]: Resetting BlockEncodingV2 preferences to default values
[2020-06-17 21:35:33,262 INFO  L174        SettingsManager]: Resetting ChcToBoogie preferences to default values
[2020-06-17 21:35:33,263 INFO  L174        SettingsManager]: Resetting AutomataScriptInterpreter preferences to default values
[2020-06-17 21:35:33,263 INFO  L174        SettingsManager]: Resetting BuchiAutomizer preferences to default values
[2020-06-17 21:35:33,264 INFO  L174        SettingsManager]: Resetting CACSL2BoogieTranslator preferences to default values
[2020-06-17 21:35:33,265 INFO  L174        SettingsManager]: Resetting CodeCheck preferences to default values
[2020-06-17 21:35:33,266 INFO  L174        SettingsManager]: Resetting InvariantSynthesis preferences to default values
[2020-06-17 21:35:33,267 INFO  L174        SettingsManager]: Resetting RCFGBuilder preferences to default values
[2020-06-17 21:35:33,268 INFO  L174        SettingsManager]: Resetting TraceAbstraction preferences to default values
[2020-06-17 21:35:33,269 INFO  L177        SettingsManager]: TraceAbstractionConcurrent provides no preferences, ignoring...
[2020-06-17 21:35:33,269 INFO  L177        SettingsManager]: TraceAbstractionWithAFAs provides no preferences, ignoring...
[2020-06-17 21:35:33,270 INFO  L174        SettingsManager]: Resetting TreeAutomizer preferences to default values
[2020-06-17 21:35:33,270 INFO  L174        SettingsManager]: Resetting IcfgTransformer preferences to default values
[2020-06-17 21:35:33,271 INFO  L174        SettingsManager]: Resetting Boogie Printer preferences to default values
[2020-06-17 21:35:33,271 INFO  L174        SettingsManager]: Resetting ReqPrinter preferences to default values
[2020-06-17 21:35:33,272 INFO  L174        SettingsManager]: Resetting Witness Printer preferences to default values
[2020-06-17 21:35:33,272 INFO  L177        SettingsManager]: Boogie PL CUP Parser provides no preferences, ignoring...
[2020-06-17 21:35:33,272 INFO  L174        SettingsManager]: Resetting CDTParser preferences to default values
[2020-06-17 21:35:33,273 INFO  L177        SettingsManager]: AutomataScriptParser provides no preferences, ignoring...
[2020-06-17 21:35:33,273 INFO  L177        SettingsManager]: ReqParser provides no preferences, ignoring...
[2020-06-17 21:35:33,273 INFO  L174        SettingsManager]: Resetting SmtParser preferences to default values
[2020-06-17 21:35:33,273 INFO  L174        SettingsManager]: Resetting Witness Parser preferences to default values
[2020-06-17 21:35:33,274 INFO  L181        SettingsManager]: Finished resetting all preferences to default values...
[2020-06-17 21:35:33,289 INFO  L81    nceAwareModelManager]: Repository-Root is: /tmp
[2020-06-17 21:35:33,300 INFO  L258   ainManager$Toolchain]: [Toolchain 1]: Applicable parser(s) successfully (re)initialized
[2020-06-17 21:35:33,303 INFO  L214   ainManager$Toolchain]: [Toolchain 1]: Toolchain selected.
[2020-06-17 21:35:33,304 INFO  L271        PluginConnector]: Initializing Boogie PL CUP Parser...
[2020-06-17 21:35:33,305 INFO  L276        PluginConnector]: Boogie PL CUP Parser initialized
[2020-06-17 21:35:33,305 INFO  L418   ainManager$Toolchain]: [Toolchain 1]: Parsing single file: /home/lixie/LassoRankerExp/LassoRankerExp/./Program_non/81.bpl
[2020-06-17 21:35:33,305 INFO  L111           BoogieParser]: Parsing: '/home/lixie/LassoRankerExp/LassoRankerExp/./Program_non/81.bpl'
[2020-06-17 21:35:33,329 INFO  L296   ainManager$Toolchain]: ####################### [Toolchain 1] #######################
[2020-06-17 21:35:33,339 INFO  L131        ToolchainWalker]: Walking toolchain with 3 elements.
[2020-06-17 21:35:33,340 INFO  L113        PluginConnector]: ------------------------Boogie Preprocessor----------------------------
[2020-06-17 21:35:33,340 INFO  L271        PluginConnector]: Initializing Boogie Preprocessor...
[2020-06-17 21:35:33,340 INFO  L276        PluginConnector]: Boogie Preprocessor initialized
[2020-06-17 21:35:33,358 INFO  L185        PluginConnector]: Executing the observer EnsureBoogieModelObserver from plugin Boogie Preprocessor for "81.bpl de.uni_freiburg.informatik.ultimate.boogie.parser AST 17.06 09:35:33" (1/1) ...
[2020-06-17 21:35:33,359 INFO  L185        PluginConnector]: Executing the observer TypeChecker from plugin Boogie Preprocessor for "81.bpl de.uni_freiburg.informatik.ultimate.boogie.parser AST 17.06 09:35:33" (1/1) ...
[2020-06-17 21:35:33,364 INFO  L185        PluginConnector]: Executing the observer ConstExpander from plugin Boogie Preprocessor for "81.bpl de.uni_freiburg.informatik.ultimate.boogie.parser AST 17.06 09:35:33" (1/1) ...
[2020-06-17 21:35:33,365 INFO  L185        PluginConnector]: Executing the observer StructExpander from plugin Boogie Preprocessor for "81.bpl de.uni_freiburg.informatik.ultimate.boogie.parser AST 17.06 09:35:33" (1/1) ...
[2020-06-17 21:35:33,366 INFO  L185        PluginConnector]: Executing the observer UnstructureCode from plugin Boogie Preprocessor for "81.bpl de.uni_freiburg.informatik.ultimate.boogie.parser AST 17.06 09:35:33" (1/1) ...
[2020-06-17 21:35:33,369 INFO  L185        PluginConnector]: Executing the observer FunctionInliner from plugin Boogie Preprocessor for "81.bpl de.uni_freiburg.informatik.ultimate.boogie.parser AST 17.06 09:35:33" (1/1) ...
[2020-06-17 21:35:33,370 INFO  L185        PluginConnector]: Executing the observer BoogieSymbolTableConstructor from plugin Boogie Preprocessor for "81.bpl de.uni_freiburg.informatik.ultimate.boogie.parser AST 17.06 09:35:33" (1/1) ...
[2020-06-17 21:35:33,370 INFO  L132        PluginConnector]: ------------------------ END Boogie Preprocessor----------------------------
[2020-06-17 21:35:33,371 INFO  L113        PluginConnector]: ------------------------RCFGBuilder----------------------------
[2020-06-17 21:35:33,371 INFO  L271        PluginConnector]: Initializing RCFGBuilder...
[2020-06-17 21:35:33,371 INFO  L276        PluginConnector]: RCFGBuilder initialized
[2020-06-17 21:35:33,372 INFO  L185        PluginConnector]: Executing the observer RCFGBuilderObserver from plugin RCFGBuilder for "81.bpl de.uni_freiburg.informatik.ultimate.boogie.parser AST 17.06 09:35:33" (1/1) ...
No working directory specified, using /home/lixie/LassoRankerExp/LassoRankerExp/z3
Starting monitored process 1 with z3 SMTLIB2_COMPLIANT=true -memory:1024 -smt2 -in -t:12000 (exit command is (exit), workingDir is null)
Waiting until toolchain timeout for monitored process 1 with z3 SMTLIB2_COMPLIANT=true -memory:1024 -smt2 -in -t:12000
[2020-06-17 21:35:33,410 INFO  L124     BoogieDeclarations]: Specification and implementation of procedure NonTerminationOverReals given in one single declaration
[2020-06-17 21:35:33,410 INFO  L130     BoogieDeclarations]: Found specification of procedure NonTerminationOverReals
[2020-06-17 21:35:33,410 INFO  L138     BoogieDeclarations]: Found implementation of procedure NonTerminationOverReals
[2020-06-17 21:35:33,486 INFO  L278             CfgBuilder]: Using library mode
[2020-06-17 21:35:33,487 INFO  L286             CfgBuilder]: Removed 0 assue(true) statements.
[2020-06-17 21:35:33,487 INFO  L202        PluginConnector]: Adding new model 81.bpl de.uni_freiburg.informatik.ultimate.plugins.generator.rcfgbuilder CFG 17.06 09:35:33 BoogieIcfgContainer
[2020-06-17 21:35:33,488 INFO  L132        PluginConnector]: ------------------------ END RCFGBuilder----------------------------
[2020-06-17 21:35:33,488 INFO  L113        PluginConnector]: ------------------------LassoRanker----------------------------
[2020-06-17 21:35:33,488 INFO  L271        PluginConnector]: Initializing LassoRanker...
[2020-06-17 21:35:33,488 INFO  L276        PluginConnector]: LassoRanker initialized
[2020-06-17 21:35:33,488 INFO  L185        PluginConnector]: Executing the observer LassoRankerObserver from plugin LassoRanker for "81.bpl de.uni_freiburg.informatik.ultimate.plugins.generator.rcfgbuilder CFG 17.06 09:35:33" (1/1) ...
[2020-06-17 21:35:33,506 INFO  L72            BuchiIsEmpty]: Start buchiIsEmpty. Operand 2 states.
[2020-06-17 21:35:33,520 INFO  L131   ngComponentsAnalysis]: Automaton has 1 accepting balls. 1
[2020-06-17 21:35:33,520 INFO  L87            BuchiIsEmpty]: Finished buchiIsEmpty Result is false
[2020-06-17 21:35:33,520 INFO  L119           BuchiIsEmpty]: Starting construction of run
[2020-06-17 21:35:33,524 INFO  L104     BuchiDifferenceFKV]: Start buchiDifferenceFKV. First operand 2 states. Second operand 1 states.
[2020-06-17 21:35:33,532 INFO  L108     BuchiDifferenceFKV]: Finished buchiDifferenceFKV. First operand 2 states. Second operand 1 states. Result 3 states and 4 transitions. Complement of second has 2 states 2 powerset states0 rank states. The highest rank that occured is -1
[2020-06-17 21:35:33,532 INFO  L72            BuchiIsEmpty]: Start buchiIsEmpty. Operand 3 states and 4 transitions.
[2020-06-17 21:35:33,532 INFO  L131   ngComponentsAnalysis]: Automaton has 0 accepting balls. 0
[2020-06-17 21:35:33,533 INFO  L87            BuchiIsEmpty]: Finished buchiIsEmpty Result is true
[2020-06-17 21:35:33,558 INFO  L216          LassoAnalysis]: Preferences:
[2020-06-17 21:35:33,559 INFO  L124   ssoRankerPreferences]: Compute integeral hull: false
[2020-06-17 21:35:33,560 INFO  L125   ssoRankerPreferences]: Enable LassoPartitioneer: true
[2020-06-17 21:35:33,560 INFO  L126   ssoRankerPreferences]: Term annotations enabled: false
[2020-06-17 21:35:33,560 INFO  L127   ssoRankerPreferences]: Use exernal solver: true
[2020-06-17 21:35:33,560 INFO  L128   ssoRankerPreferences]: SMT solver command: z3 -smt2 -in SMTLIB2_COMPLIANT=true
[2020-06-17 21:35:33,560 INFO  L129   ssoRankerPreferences]: Dump SMT script to file: false
[2020-06-17 21:35:33,560 INFO  L130   ssoRankerPreferences]: Path of dumped script: .
[2020-06-17 21:35:33,560 INFO  L131   ssoRankerPreferences]: Filename of dumped script: LassoRankerScript
[2020-06-17 21:35:33,560 INFO  L132   ssoRankerPreferences]: MapElimAlgo: Frank
[2020-06-17 21:35:33,561 INFO  L282          LassoAnalysis]: Starting lasso preprocessing...
[2020-06-17 21:35:33,575 INFO  L141          MapEliminator]: Using MapEliminator with SimplificationTechnique=SIMPLIFY_DDA XnfConversionTechnique=BOTTOM_UP_WITH_LOCAL_SIMPLIFICATION AddInequalities=false OnlyTrivialImplicationsArrayWrite=false OnlyTrivialImplicationsForModifiedArguments=true OnlyArgumentsInFormula=true
[2020-06-17 21:35:33,619 INFO  L300          LassoAnalysis]: Preprocessing complete.
[2020-06-17 21:35:33,620 INFO  L412          LassoAnalysis]: Checking for nontermination...
No working directory specified, using /home/lixie/LassoRankerExp/LassoRankerExp/z3
Starting monitored process 2 with z3 -smt2 -in SMTLIB2_COMPLIANT=true (exit command is (exit), workingDir is null)
Waiting until toolchain timeout for monitored process 2 with z3 -smt2 -in SMTLIB2_COMPLIANT=true
[2020-06-17 21:35:33,625 INFO  L151   nArgumentSynthesizer]: Nontermination analysis: LINEAR_WITH_GUESSES Allow bounded executions: true Number of generalized eigenvectors: 0 Nilpotent components: true
[2020-06-17 21:35:33,626 INFO  L163   nArgumentSynthesizer]: Using integer mode.
No working directory specified, using /home/lixie/LassoRankerExp/LassoRankerExp/z3
Starting monitored process 3 with z3 -smt2 -in SMTLIB2_COMPLIANT=true (exit command is (exit), workingDir is null)
Waiting until toolchain timeout for monitored process 3 with z3 -smt2 -in SMTLIB2_COMPLIANT=true
[2020-06-17 21:35:33,645 INFO  L151   nArgumentSynthesizer]: Nontermination analysis: LINEAR_WITH_GUESSES Allow bounded executions: true Number of generalized eigenvectors: 3 Nilpotent components: true
[2020-06-17 21:35:33,645 INFO  L163   nArgumentSynthesizer]: Using integer mode.
[2020-06-17 21:35:33,667 INFO  L452          LassoAnalysis]: Proving nontermination failed: No geometric nontermination argument exists.
[2020-06-17 21:35:33,669 INFO  L216          LassoAnalysis]: Preferences:
[2020-06-17 21:35:33,669 INFO  L124   ssoRankerPreferences]: Compute integeral hull: false
[2020-06-17 21:35:33,669 INFO  L125   ssoRankerPreferences]: Enable LassoPartitioneer: true
[2020-06-17 21:35:33,669 INFO  L126   ssoRankerPreferences]: Term annotations enabled: false
[2020-06-17 21:35:33,669 INFO  L127   ssoRankerPreferences]: Use exernal solver: true
[2020-06-17 21:35:33,669 INFO  L128   ssoRankerPreferences]: SMT solver command: z3 -smt2 -in SMTLIB2_COMPLIANT=true
[2020-06-17 21:35:33,669 INFO  L129   ssoRankerPreferences]: Dump SMT script to file: false
[2020-06-17 21:35:33,670 INFO  L130   ssoRankerPreferences]: Path of dumped script: .
[2020-06-17 21:35:33,670 INFO  L131   ssoRankerPreferences]: Filename of dumped script: LassoRankerScript
[2020-06-17 21:35:33,670 INFO  L132   ssoRankerPreferences]: MapElimAlgo: Frank
[2020-06-17 21:35:33,670 INFO  L282          LassoAnalysis]: Starting lasso preprocessing...
[2020-06-17 21:35:33,671 INFO  L141          MapEliminator]: Using MapEliminator with SimplificationTechnique=SIMPLIFY_DDA XnfConversionTechnique=BOTTOM_UP_WITH_LOCAL_SIMPLIFICATION AddInequalities=false OnlyTrivialImplicationsArrayWrite=false OnlyTrivialImplicationsForModifiedArguments=true OnlyArgumentsInFormula=true
[2020-06-17 21:35:33,697 INFO  L300          LassoAnalysis]: Preprocessing complete.
[2020-06-17 21:35:33,702 INFO  L497          LassoAnalysis]: Using template 'affine'.
No working directory specified, using /home/lixie/LassoRankerExp/LassoRankerExp/z3
Starting monitored process 4 with z3 -smt2 -in SMTLIB2_COMPLIANT=true (exit command is (exit), workingDir is null)
Waiting until toolchain timeout for monitored process 4 with z3 -smt2 -in SMTLIB2_COMPLIANT=true
[2020-06-17 21:35:33,705 INFO  L122   nArgumentSynthesizer]: Termination Analysis Settings:
Termination analysis: LINEAR_WITH_GUESSES
Number of strict supporting invariants: 1
Number of non-strict supporting invariants: 0
Consider only non-deceasing supporting invariants: true
Simplify termination arguments: true
Simplify supporting invariants: trueOverapproximate stem: false
[2020-06-17 21:35:33,708 INFO  L339   nArgumentSynthesizer]: Template has degree 0.
[2020-06-17 21:35:33,708 INFO  L352   nArgumentSynthesizer]: There is no stem transition; disabling supporting invariant generation.
[2020-06-17 21:35:33,709 INFO  L205   nArgumentSynthesizer]: 1 stem disjuncts
[2020-06-17 21:35:33,709 INFO  L206   nArgumentSynthesizer]: 1 loop disjuncts
[2020-06-17 21:35:33,709 INFO  L207   nArgumentSynthesizer]: 2 template conjuncts.
[2020-06-17 21:35:33,712 INFO  L402   nArgumentSynthesizer]: We have 2 Motzkin's Theorem applications.
[2020-06-17 21:35:33,712 INFO  L403   nArgumentSynthesizer]: A total of 0 supporting invariants were added.
[2020-06-17 21:35:33,715 INFO  L530          LassoAnalysis]: Proving termination failed for this template and these settings.
[2020-06-17 21:35:33,726 INFO  L497          LassoAnalysis]: Using template '2-nested'.
No working directory specified, using /home/lixie/LassoRankerExp/LassoRankerExp/z3
Starting monitored process 5 with z3 -smt2 -in SMTLIB2_COMPLIANT=true (exit command is (exit), workingDir is null)
Waiting until toolchain timeout for monitored process 5 with z3 -smt2 -in SMTLIB2_COMPLIANT=true
[2020-06-17 21:35:33,728 INFO  L122   nArgumentSynthesizer]: Termination Analysis Settings:
Termination analysis: LINEAR_WITH_GUESSES
Number of strict supporting invariants: 1
Number of non-strict supporting invariants: 0
Consider only non-deceasing supporting invariants: true
Simplify termination arguments: true
Simplify supporting invariants: trueOverapproximate stem: false
[2020-06-17 21:35:33,730 INFO  L339   nArgumentSynthesizer]: Template has degree 0.
[2020-06-17 21:35:33,730 INFO  L352   nArgumentSynthesizer]: There is no stem transition; disabling supporting invariant generation.
[2020-06-17 21:35:33,731 INFO  L205   nArgumentSynthesizer]: 1 stem disjuncts
[2020-06-17 21:35:33,731 INFO  L206   nArgumentSynthesizer]: 1 loop disjuncts
[2020-06-17 21:35:33,731 INFO  L207   nArgumentSynthesizer]: 3 template conjuncts.
[2020-06-17 21:35:33,733 INFO  L402   nArgumentSynthesizer]: We have 3 Motzkin's Theorem applications.
[2020-06-17 21:35:33,733 INFO  L403   nArgumentSynthesizer]: A total of 0 supporting invariants were added.
[2020-06-17 21:35:33,736 INFO  L530          LassoAnalysis]: Proving termination failed for this template and these settings.
[2020-06-17 21:35:33,748 INFO  L497          LassoAnalysis]: Using template '3-nested'.
No working directory specified, using /home/lixie/LassoRankerExp/LassoRankerExp/z3
Starting monitored process 6 with z3 -smt2 -in SMTLIB2_COMPLIANT=true (exit command is (exit), workingDir is null)
Waiting until toolchain timeout for monitored process 6 with z3 -smt2 -in SMTLIB2_COMPLIANT=true
[2020-06-17 21:35:33,750 INFO  L122   nArgumentSynthesizer]: Termination Analysis Settings:
Termination analysis: LINEAR_WITH_GUESSES
Number of strict supporting invariants: 1
Number of non-strict supporting invariants: 0
Consider only non-deceasing supporting invariants: true
Simplify termination arguments: true
Simplify supporting invariants: trueOverapproximate stem: false
[2020-06-17 21:35:33,751 INFO  L339   nArgumentSynthesizer]: Template has degree 0.
[2020-06-17 21:35:33,751 INFO  L352   nArgumentSynthesizer]: There is no stem transition; disabling supporting invariant generation.
[2020-06-17 21:35:33,752 INFO  L205   nArgumentSynthesizer]: 1 stem disjuncts
[2020-06-17 21:35:33,752 INFO  L206   nArgumentSynthesizer]: 1 loop disjuncts
[2020-06-17 21:35:33,752 INFO  L207   nArgumentSynthesizer]: 4 template conjuncts.
[2020-06-17 21:35:33,754 INFO  L402   nArgumentSynthesizer]: We have 4 Motzkin's Theorem applications.
[2020-06-17 21:35:33,754 INFO  L403   nArgumentSynthesizer]: A total of 0 supporting invariants were added.
[2020-06-17 21:35:33,756 INFO  L530          LassoAnalysis]: Proving termination failed for this template and these settings.
[2020-06-17 21:35:33,768 INFO  L497          LassoAnalysis]: Using template '4-nested'.
No working directory specified, using /home/lixie/LassoRankerExp/LassoRankerExp/z3
Starting monitored process 7 with z3 -smt2 -in SMTLIB2_COMPLIANT=true (exit command is (exit), workingDir is null)
Waiting until toolchain timeout for monitored process 7 with z3 -smt2 -in SMTLIB2_COMPLIANT=true
[2020-06-17 21:35:33,770 INFO  L122   nArgumentSynthesizer]: Termination Analysis Settings:
Termination analysis: LINEAR_WITH_GUESSES
Number of strict supporting invariants: 1
Number of non-strict supporting invariants: 0
Consider only non-deceasing supporting invariants: true
Simplify termination arguments: true
Simplify supporting invariants: trueOverapproximate stem: false
[2020-06-17 21:35:33,772 INFO  L339   nArgumentSynthesizer]: Template has degree 0.
[2020-06-17 21:35:33,772 INFO  L352   nArgumentSynthesizer]: There is no stem transition; disabling supporting invariant generation.
[2020-06-17 21:35:33,772 INFO  L205   nArgumentSynthesizer]: 1 stem disjuncts
[2020-06-17 21:35:33,773 INFO  L206   nArgumentSynthesizer]: 1 loop disjuncts
[2020-06-17 21:35:33,773 INFO  L207   nArgumentSynthesizer]: 5 template conjuncts.
[2020-06-17 21:35:33,776 INFO  L402   nArgumentSynthesizer]: We have 5 Motzkin's Theorem applications.
[2020-06-17 21:35:33,776 INFO  L403   nArgumentSynthesizer]: A total of 0 supporting invariants were added.
[2020-06-17 21:35:33,780 INFO  L530          LassoAnalysis]: Proving termination failed for this template and these settings.
[2020-06-17 21:35:33,793 INFO  L497          LassoAnalysis]: Using template '2-phase'.
No working directory specified, using /home/lixie/LassoRankerExp/LassoRankerExp/z3
Starting monitored process 8 with z3 -smt2 -in SMTLIB2_COMPLIANT=true (exit command is (exit), workingDir is null)
Waiting until toolchain timeout for monitored process 8 with z3 -smt2 -in SMTLIB2_COMPLIANT=true
[2020-06-17 21:35:33,795 INFO  L122   nArgumentSynthesizer]: Termination Analysis Settings:
Termination analysis: LINEAR_WITH_GUESSES
Number of strict supporting invariants: 1
Number of non-strict supporting invariants: 0
Consider only non-deceasing supporting invariants: true
Simplify termination arguments: true
Simplify supporting invariants: trueOverapproximate stem: false
[2020-06-17 21:35:33,796 WARN  L334   nArgumentSynthesizer]: Using a linear SMT query and a templates of degree > 0, hence this method is incomplete.
[2020-06-17 21:35:33,796 INFO  L339   nArgumentSynthesizer]: Template has degree 1.
[2020-06-17 21:35:33,797 INFO  L352   nArgumentSynthesizer]: There is no stem transition; disabling supporting invariant generation.
[2020-06-17 21:35:33,797 INFO  L205   nArgumentSynthesizer]: 1 stem disjuncts
[2020-06-17 21:35:33,797 INFO  L206   nArgumentSynthesizer]: 1 loop disjuncts
[2020-06-17 21:35:33,797 INFO  L207   nArgumentSynthesizer]: 3 template conjuncts.
[2020-06-17 21:35:33,800 INFO  L402   nArgumentSynthesizer]: We have 3 Motzkin's Theorem applications.
[2020-06-17 21:35:33,800 INFO  L403   nArgumentSynthesizer]: A total of 0 supporting invariants were added.
[2020-06-17 21:35:33,803 INFO  L530          LassoAnalysis]: Proving termination failed for this template and these settings.
[2020-06-17 21:35:33,815 INFO  L497          LassoAnalysis]: Using template 'lex(affine, affine)'.
No working directory specified, using /home/lixie/LassoRankerExp/LassoRankerExp/z3
Starting monitored process 9 with z3 -smt2 -in SMTLIB2_COMPLIANT=true (exit command is (exit), workingDir is null)
Waiting until toolchain timeout for monitored process 9 with z3 -smt2 -in SMTLIB2_COMPLIANT=true
[2020-06-17 21:35:33,816 INFO  L122   nArgumentSynthesizer]: Termination Analysis Settings:
Termination analysis: LINEAR_WITH_GUESSES
Number of strict supporting invariants: 1
Number of non-strict supporting invariants: 0
Consider only non-deceasing supporting invariants: true
Simplify termination arguments: true
Simplify supporting invariants: trueOverapproximate stem: false
[2020-06-17 21:35:33,818 WARN  L334   nArgumentSynthesizer]: Using a linear SMT query and a templates of degree > 0, hence this method is incomplete.
[2020-06-17 21:35:33,818 INFO  L339   nArgumentSynthesizer]: Template has degree 5.
[2020-06-17 21:35:33,818 INFO  L352   nArgumentSynthesizer]: There is no stem transition; disabling supporting invariant generation.
[2020-06-17 21:35:33,818 INFO  L205   nArgumentSynthesizer]: 1 stem disjuncts
[2020-06-17 21:35:33,819 INFO  L206   nArgumentSynthesizer]: 1 loop disjuncts
[2020-06-17 21:35:33,819 INFO  L207   nArgumentSynthesizer]: 4 template conjuncts.
[2020-06-17 21:35:33,821 INFO  L402   nArgumentSynthesizer]: We have 4 Motzkin's Theorem applications.
[2020-06-17 21:35:33,821 INFO  L403   nArgumentSynthesizer]: A total of 0 supporting invariants were added.
[2020-06-17 21:35:33,823 INFO  L530          LassoAnalysis]: Proving termination failed for this template and these settings.
[2020-06-17 21:35:33,836 INFO  L497          LassoAnalysis]: Using template '2-piece'.
No working directory specified, using /home/lixie/LassoRankerExp/LassoRankerExp/z3
Starting monitored process 10 with z3 -smt2 -in SMTLIB2_COMPLIANT=true (exit command is (exit), workingDir is null)
Waiting until toolchain timeout for monitored process 10 with z3 -smt2 -in SMTLIB2_COMPLIANT=true
[2020-06-17 21:35:33,837 INFO  L122   nArgumentSynthesizer]: Termination Analysis Settings:
Termination analysis: LINEAR_WITH_GUESSES
Number of strict supporting invariants: 1
Number of non-strict supporting invariants: 0
Consider only non-deceasing supporting invariants: true
Simplify termination arguments: true
Simplify supporting invariants: trueOverapproximate stem: false
[2020-06-17 21:35:33,839 WARN  L334   nArgumentSynthesizer]: Using a linear SMT query and a templates of degree > 0, hence this method is incomplete.
[2020-06-17 21:35:33,839 INFO  L339   nArgumentSynthesizer]: Template has degree 7.
[2020-06-17 21:35:33,839 INFO  L352   nArgumentSynthesizer]: There is no stem transition; disabling supporting invariant generation.
[2020-06-17 21:35:33,840 INFO  L205   nArgumentSynthesizer]: 1 stem disjuncts
[2020-06-17 21:35:33,840 INFO  L206   nArgumentSynthesizer]: 1 loop disjuncts
[2020-06-17 21:35:33,840 INFO  L207   nArgumentSynthesizer]: 7 template conjuncts.
[2020-06-17 21:35:33,844 INFO  L402   nArgumentSynthesizer]: We have 7 Motzkin's Theorem applications.
[2020-06-17 21:35:33,844 INFO  L403   nArgumentSynthesizer]: A total of 0 supporting invariants were added.
[2020-06-17 21:35:33,856 INFO  L530          LassoAnalysis]: Proving termination failed for this template and these settings.
[2020-06-17 21:35:33,868 INFO  L497          LassoAnalysis]: Using template '2-parallel'.
No working directory specified, using /home/lixie/LassoRankerExp/LassoRankerExp/z3
Starting monitored process 11 with z3 -smt2 -in SMTLIB2_COMPLIANT=true (exit command is (exit), workingDir is null)
Waiting until toolchain timeout for monitored process 11 with z3 -smt2 -in SMTLIB2_COMPLIANT=true
[2020-06-17 21:35:33,870 INFO  L122   nArgumentSynthesizer]: Termination Analysis Settings:
Termination analysis: LINEAR_WITH_GUESSES
Number of strict supporting invariants: 1
Number of non-strict supporting invariants: 0
Consider only non-deceasing supporting invariants: true
Simplify termination arguments: true
Simplify supporting invariants: trueOverapproximate stem: false
[2020-06-17 21:35:33,871 WARN  L334   nArgumentSynthesizer]: Using a linear SMT query and a templates of degree > 0, hence this method is incomplete.
[2020-06-17 21:35:33,872 INFO  L339   nArgumentSynthesizer]: Template has degree 4.
[2020-06-17 21:35:33,872 INFO  L352   nArgumentSynthesizer]: There is no stem transition; disabling supporting invariant generation.
[2020-06-17 21:35:33,872 INFO  L205   nArgumentSynthesizer]: 1 stem disjuncts
[2020-06-17 21:35:33,872 INFO  L206   nArgumentSynthesizer]: 1 loop disjuncts
[2020-06-17 21:35:33,872 INFO  L207   nArgumentSynthesizer]: 6 template conjuncts.
[2020-06-17 21:35:33,875 INFO  L402   nArgumentSynthesizer]: We have 6 Motzkin's Theorem applications.
[2020-06-17 21:35:33,875 INFO  L403   nArgumentSynthesizer]: A total of 0 supporting invariants were added.
[2020-06-17 21:35:33,880 INFO  L530          LassoAnalysis]: Proving termination failed for this template and these settings.
[2020-06-17 21:35:33,893 INFO  L489     LassoRankerStarter]: LassoRanker could not prove termination or nontermination of the given linear lasso program.
Templates: AffineTemplate NestedTemplate NestedTemplate NestedTemplate MultiphaseTemplate ComposedLexicographicTemplate PiecewiseTemplate ParallelTemplate
[2020-06-17 21:35:33,894 INFO  L132        PluginConnector]: ------------------------ END LassoRanker----------------------------
[2020-06-17 21:35:33,895 INFO  L168              Benchmark]: Toolchain (without parser) took 565.44 ms. Allocated memory is still 514.9 MB. Free memory was 472.9 MB in the beginning and 400.6 MB in the end (delta: 72.3 MB). Peak memory consumption was 72.3 MB. Max. memory is 11.5 GB.
[2020-06-17 21:35:33,897 INFO  L168              Benchmark]: Boogie PL CUP Parser took 0.14 ms. Allocated memory is still 514.9 MB. Free memory is still 474.4 MB. There was no memory consumed. Max. memory is 11.5 GB.
[2020-06-17 21:35:33,897 INFO  L168              Benchmark]: Boogie Preprocessor took 30.57 ms. Allocated memory is still 514.9 MB. Free memory was 471.5 MB in the beginning and 470.2 MB in the end (delta: 1.3 MB). Peak memory consumption was 1.3 MB. Max. memory is 11.5 GB.
[2020-06-17 21:35:33,898 INFO  L168              Benchmark]: RCFGBuilder took 116.85 ms. Allocated memory is still 514.9 MB. Free memory was 470.2 MB in the beginning and 460.7 MB in the end (delta: 9.5 MB). Peak memory consumption was 9.5 MB. Max. memory is 11.5 GB.
[2020-06-17 21:35:33,898 INFO  L168              Benchmark]: LassoRanker took 406.41 ms. Allocated memory is still 514.9 MB. Free memory was 460.7 MB in the beginning and 400.6 MB in the end (delta: 60.1 MB). Peak memory consumption was 60.1 MB. Max. memory is 11.5 GB.
[2020-06-17 21:35:33,900 INFO  L336   ainManager$Toolchain]: #######################  End [Toolchain 1] #######################
 --- Results ---
 * Results from de.uni_freiburg.informatik.ultimate.core:
  - StatisticsResult: Toolchain Benchmarks
    Benchmark results are:
 * Boogie PL CUP Parser took 0.14 ms. Allocated memory is still 514.9 MB. Free memory is still 474.4 MB. There was no memory consumed. Max. memory is 11.5 GB.
 * Boogie Preprocessor took 30.57 ms. Allocated memory is still 514.9 MB. Free memory was 471.5 MB in the beginning and 470.2 MB in the end (delta: 1.3 MB). Peak memory consumption was 1.3 MB. Max. memory is 11.5 GB.
 * RCFGBuilder took 116.85 ms. Allocated memory is still 514.9 MB. Free memory was 470.2 MB in the beginning and 460.7 MB in the end (delta: 9.5 MB). Peak memory consumption was 9.5 MB. Max. memory is 11.5 GB.
 * LassoRanker took 406.41 ms. Allocated memory is still 514.9 MB. Free memory was 460.7 MB in the beginning and 400.6 MB in the end (delta: 60.1 MB). Peak memory consumption was 60.1 MB. Max. memory is 11.5 GB.
 * Results from de.uni_freiburg.informatik.ultimate.plugins.analysis.lassoranker:
  - NoResult [Line: 11]: LassoRanker could not prove termination
    LassoRanker could not prove termination or nontermination of the given linear lasso program.
Templates: AffineTemplate NestedTemplate NestedTemplate NestedTemplate MultiphaseTemplate ComposedLexicographicTemplate PiecewiseTemplate ParallelTemplate
RESULT: Ultimate could not prove your program: Toolchain returned no result.
Received shutdown request...
Ultimate:
GTK+ Version Check
