This is Ultimate 0.1.24-16d85fa
[2020-06-17 21:35:35,183 INFO  L170        SettingsManager]: Resetting all preferences to default values...
[2020-06-17 21:35:35,184 INFO  L174        SettingsManager]: Resetting UltimateCore preferences to default values
[2020-06-17 21:35:35,194 INFO  L177        SettingsManager]: Ultimate Commandline Interface provides no preferences, ignoring...
[2020-06-17 21:35:35,194 INFO  L174        SettingsManager]: Resetting Boogie Preprocessor preferences to default values
[2020-06-17 21:35:35,194 INFO  L174        SettingsManager]: Resetting Boogie Procedure Inliner preferences to default values
[2020-06-17 21:35:35,195 INFO  L174        SettingsManager]: Resetting Abstract Interpretation preferences to default values
[2020-06-17 21:35:35,197 INFO  L174        SettingsManager]: Resetting LassoRanker preferences to default values
[2020-06-17 21:35:35,198 INFO  L174        SettingsManager]: Resetting Reaching Definitions preferences to default values
[2020-06-17 21:35:35,198 INFO  L174        SettingsManager]: Resetting SyntaxChecker preferences to default values
[2020-06-17 21:35:35,199 INFO  L177        SettingsManager]: Büchi Program Product provides no preferences, ignoring...
[2020-06-17 21:35:35,199 INFO  L174        SettingsManager]: Resetting LTL2Aut preferences to default values
[2020-06-17 21:35:35,199 INFO  L174        SettingsManager]: Resetting PEA to Boogie preferences to default values
[2020-06-17 21:35:35,200 INFO  L174        SettingsManager]: Resetting BlockEncodingV2 preferences to default values
[2020-06-17 21:35:35,201 INFO  L174        SettingsManager]: Resetting ChcToBoogie preferences to default values
[2020-06-17 21:35:35,201 INFO  L174        SettingsManager]: Resetting AutomataScriptInterpreter preferences to default values
[2020-06-17 21:35:35,201 INFO  L174        SettingsManager]: Resetting BuchiAutomizer preferences to default values
[2020-06-17 21:35:35,203 INFO  L174        SettingsManager]: Resetting CACSL2BoogieTranslator preferences to default values
[2020-06-17 21:35:35,204 INFO  L174        SettingsManager]: Resetting CodeCheck preferences to default values
[2020-06-17 21:35:35,205 INFO  L174        SettingsManager]: Resetting InvariantSynthesis preferences to default values
[2020-06-17 21:35:35,205 INFO  L174        SettingsManager]: Resetting RCFGBuilder preferences to default values
[2020-06-17 21:35:35,206 INFO  L174        SettingsManager]: Resetting TraceAbstraction preferences to default values
[2020-06-17 21:35:35,208 INFO  L177        SettingsManager]: TraceAbstractionConcurrent provides no preferences, ignoring...
[2020-06-17 21:35:35,208 INFO  L177        SettingsManager]: TraceAbstractionWithAFAs provides no preferences, ignoring...
[2020-06-17 21:35:35,208 INFO  L174        SettingsManager]: Resetting TreeAutomizer preferences to default values
[2020-06-17 21:35:35,209 INFO  L174        SettingsManager]: Resetting IcfgTransformer preferences to default values
[2020-06-17 21:35:35,209 INFO  L174        SettingsManager]: Resetting Boogie Printer preferences to default values
[2020-06-17 21:35:35,210 INFO  L174        SettingsManager]: Resetting ReqPrinter preferences to default values
[2020-06-17 21:35:35,210 INFO  L174        SettingsManager]: Resetting Witness Printer preferences to default values
[2020-06-17 21:35:35,211 INFO  L177        SettingsManager]: Boogie PL CUP Parser provides no preferences, ignoring...
[2020-06-17 21:35:35,211 INFO  L174        SettingsManager]: Resetting CDTParser preferences to default values
[2020-06-17 21:35:35,211 INFO  L177        SettingsManager]: AutomataScriptParser provides no preferences, ignoring...
[2020-06-17 21:35:35,211 INFO  L177        SettingsManager]: ReqParser provides no preferences, ignoring...
[2020-06-17 21:35:35,212 INFO  L174        SettingsManager]: Resetting SmtParser preferences to default values
[2020-06-17 21:35:35,212 INFO  L174        SettingsManager]: Resetting Witness Parser preferences to default values
[2020-06-17 21:35:35,212 INFO  L181        SettingsManager]: Finished resetting all preferences to default values...
[2020-06-17 21:35:35,227 INFO  L81    nceAwareModelManager]: Repository-Root is: /tmp
[2020-06-17 21:35:35,235 INFO  L258   ainManager$Toolchain]: [Toolchain 1]: Applicable parser(s) successfully (re)initialized
[2020-06-17 21:35:35,237 INFO  L214   ainManager$Toolchain]: [Toolchain 1]: Toolchain selected.
[2020-06-17 21:35:35,238 INFO  L271        PluginConnector]: Initializing Boogie PL CUP Parser...
[2020-06-17 21:35:35,238 INFO  L276        PluginConnector]: Boogie PL CUP Parser initialized
[2020-06-17 21:35:35,239 INFO  L418   ainManager$Toolchain]: [Toolchain 1]: Parsing single file: /home/lixie/LassoRankerExp/LassoRankerExp/./Program_non/82.bpl
[2020-06-17 21:35:35,239 INFO  L111           BoogieParser]: Parsing: '/home/lixie/LassoRankerExp/LassoRankerExp/./Program_non/82.bpl'
[2020-06-17 21:35:35,257 INFO  L296   ainManager$Toolchain]: ####################### [Toolchain 1] #######################
[2020-06-17 21:35:35,264 INFO  L131        ToolchainWalker]: Walking toolchain with 3 elements.
[2020-06-17 21:35:35,265 INFO  L113        PluginConnector]: ------------------------Boogie Preprocessor----------------------------
[2020-06-17 21:35:35,265 INFO  L271        PluginConnector]: Initializing Boogie Preprocessor...
[2020-06-17 21:35:35,265 INFO  L276        PluginConnector]: Boogie Preprocessor initialized
[2020-06-17 21:35:35,279 INFO  L185        PluginConnector]: Executing the observer EnsureBoogieModelObserver from plugin Boogie Preprocessor for "82.bpl de.uni_freiburg.informatik.ultimate.boogie.parser AST 17.06 09:35:35" (1/1) ...
[2020-06-17 21:35:35,280 INFO  L185        PluginConnector]: Executing the observer TypeChecker from plugin Boogie Preprocessor for "82.bpl de.uni_freiburg.informatik.ultimate.boogie.parser AST 17.06 09:35:35" (1/1) ...
[2020-06-17 21:35:35,284 INFO  L185        PluginConnector]: Executing the observer ConstExpander from plugin Boogie Preprocessor for "82.bpl de.uni_freiburg.informatik.ultimate.boogie.parser AST 17.06 09:35:35" (1/1) ...
[2020-06-17 21:35:35,284 INFO  L185        PluginConnector]: Executing the observer StructExpander from plugin Boogie Preprocessor for "82.bpl de.uni_freiburg.informatik.ultimate.boogie.parser AST 17.06 09:35:35" (1/1) ...
[2020-06-17 21:35:35,285 INFO  L185        PluginConnector]: Executing the observer UnstructureCode from plugin Boogie Preprocessor for "82.bpl de.uni_freiburg.informatik.ultimate.boogie.parser AST 17.06 09:35:35" (1/1) ...
[2020-06-17 21:35:35,288 INFO  L185        PluginConnector]: Executing the observer FunctionInliner from plugin Boogie Preprocessor for "82.bpl de.uni_freiburg.informatik.ultimate.boogie.parser AST 17.06 09:35:35" (1/1) ...
[2020-06-17 21:35:35,288 INFO  L185        PluginConnector]: Executing the observer BoogieSymbolTableConstructor from plugin Boogie Preprocessor for "82.bpl de.uni_freiburg.informatik.ultimate.boogie.parser AST 17.06 09:35:35" (1/1) ...
[2020-06-17 21:35:35,289 INFO  L132        PluginConnector]: ------------------------ END Boogie Preprocessor----------------------------
[2020-06-17 21:35:35,289 INFO  L113        PluginConnector]: ------------------------RCFGBuilder----------------------------
[2020-06-17 21:35:35,289 INFO  L271        PluginConnector]: Initializing RCFGBuilder...
[2020-06-17 21:35:35,289 INFO  L276        PluginConnector]: RCFGBuilder initialized
[2020-06-17 21:35:35,290 INFO  L185        PluginConnector]: Executing the observer RCFGBuilderObserver from plugin RCFGBuilder for "82.bpl de.uni_freiburg.informatik.ultimate.boogie.parser AST 17.06 09:35:35" (1/1) ...
No working directory specified, using /home/lixie/LassoRankerExp/LassoRankerExp/z3
Starting monitored process 1 with z3 SMTLIB2_COMPLIANT=true -memory:1024 -smt2 -in -t:12000 (exit command is (exit), workingDir is null)
Waiting until toolchain timeout for monitored process 1 with z3 SMTLIB2_COMPLIANT=true -memory:1024 -smt2 -in -t:12000
[2020-06-17 21:35:35,328 INFO  L124     BoogieDeclarations]: Specification and implementation of procedure NonTerminationSimple given in one single declaration
[2020-06-17 21:35:35,328 INFO  L130     BoogieDeclarations]: Found specification of procedure NonTerminationSimple
[2020-06-17 21:35:35,329 INFO  L138     BoogieDeclarations]: Found implementation of procedure NonTerminationSimple
[2020-06-17 21:35:35,391 INFO  L278             CfgBuilder]: Using library mode
[2020-06-17 21:35:35,391 INFO  L286             CfgBuilder]: Removed 1 assue(true) statements.
[2020-06-17 21:35:35,392 INFO  L202        PluginConnector]: Adding new model 82.bpl de.uni_freiburg.informatik.ultimate.plugins.generator.rcfgbuilder CFG 17.06 09:35:35 BoogieIcfgContainer
[2020-06-17 21:35:35,392 INFO  L132        PluginConnector]: ------------------------ END RCFGBuilder----------------------------
[2020-06-17 21:35:35,392 INFO  L113        PluginConnector]: ------------------------LassoRanker----------------------------
[2020-06-17 21:35:35,392 INFO  L271        PluginConnector]: Initializing LassoRanker...
[2020-06-17 21:35:35,393 INFO  L276        PluginConnector]: LassoRanker initialized
[2020-06-17 21:35:35,393 INFO  L185        PluginConnector]: Executing the observer LassoRankerObserver from plugin LassoRanker for "82.bpl de.uni_freiburg.informatik.ultimate.plugins.generator.rcfgbuilder CFG 17.06 09:35:35" (1/1) ...
[2020-06-17 21:35:35,411 INFO  L72            BuchiIsEmpty]: Start buchiIsEmpty. Operand 2 states.
[2020-06-17 21:35:35,424 INFO  L131   ngComponentsAnalysis]: Automaton has 1 accepting balls. 1
[2020-06-17 21:35:35,424 INFO  L87            BuchiIsEmpty]: Finished buchiIsEmpty Result is false
[2020-06-17 21:35:35,424 INFO  L119           BuchiIsEmpty]: Starting construction of run
[2020-06-17 21:35:35,429 INFO  L104     BuchiDifferenceFKV]: Start buchiDifferenceFKV. First operand 2 states. Second operand 1 states.
[2020-06-17 21:35:35,439 INFO  L108     BuchiDifferenceFKV]: Finished buchiDifferenceFKV. First operand 2 states. Second operand 1 states. Result 3 states and 4 transitions. Complement of second has 2 states 2 powerset states0 rank states. The highest rank that occured is -1
[2020-06-17 21:35:35,439 INFO  L72            BuchiIsEmpty]: Start buchiIsEmpty. Operand 3 states and 4 transitions.
[2020-06-17 21:35:35,439 INFO  L131   ngComponentsAnalysis]: Automaton has 0 accepting balls. 0
[2020-06-17 21:35:35,439 INFO  L87            BuchiIsEmpty]: Finished buchiIsEmpty Result is true
[2020-06-17 21:35:35,464 INFO  L216          LassoAnalysis]: Preferences:
[2020-06-17 21:35:35,464 INFO  L124   ssoRankerPreferences]: Compute integeral hull: false
[2020-06-17 21:35:35,465 INFO  L125   ssoRankerPreferences]: Enable LassoPartitioneer: true
[2020-06-17 21:35:35,465 INFO  L126   ssoRankerPreferences]: Term annotations enabled: false
[2020-06-17 21:35:35,465 INFO  L127   ssoRankerPreferences]: Use exernal solver: true
[2020-06-17 21:35:35,465 INFO  L128   ssoRankerPreferences]: SMT solver command: z3 -smt2 -in SMTLIB2_COMPLIANT=true
[2020-06-17 21:35:35,465 INFO  L129   ssoRankerPreferences]: Dump SMT script to file: false
[2020-06-17 21:35:35,465 INFO  L130   ssoRankerPreferences]: Path of dumped script: .
[2020-06-17 21:35:35,465 INFO  L131   ssoRankerPreferences]: Filename of dumped script: LassoRankerScript
[2020-06-17 21:35:35,465 INFO  L132   ssoRankerPreferences]: MapElimAlgo: Frank
[2020-06-17 21:35:35,465 INFO  L282          LassoAnalysis]: Starting lasso preprocessing...
[2020-06-17 21:35:35,480 INFO  L141          MapEliminator]: Using MapEliminator with SimplificationTechnique=SIMPLIFY_DDA XnfConversionTechnique=BOTTOM_UP_WITH_LOCAL_SIMPLIFICATION AddInequalities=false OnlyTrivialImplicationsArrayWrite=false OnlyTrivialImplicationsForModifiedArguments=true OnlyArgumentsInFormula=true
[2020-06-17 21:35:35,486 INFO  L141          MapEliminator]: Using MapEliminator with SimplificationTechnique=SIMPLIFY_DDA XnfConversionTechnique=BOTTOM_UP_WITH_LOCAL_SIMPLIFICATION AddInequalities=false OnlyTrivialImplicationsArrayWrite=false OnlyTrivialImplicationsForModifiedArguments=true OnlyArgumentsInFormula=true
[2020-06-17 21:35:35,522 INFO  L300          LassoAnalysis]: Preprocessing complete.
[2020-06-17 21:35:35,523 INFO  L412          LassoAnalysis]: Checking for nontermination...
No working directory specified, using /home/lixie/LassoRankerExp/LassoRankerExp/z3
Starting monitored process 2 with z3 -smt2 -in SMTLIB2_COMPLIANT=true (exit command is (exit), workingDir is null)
Waiting until toolchain timeout for monitored process 2 with z3 -smt2 -in SMTLIB2_COMPLIANT=true
[2020-06-17 21:35:35,527 INFO  L151   nArgumentSynthesizer]: Nontermination analysis: LINEAR_WITH_GUESSES Allow bounded executions: true Number of generalized eigenvectors: 0 Nilpotent components: true
[2020-06-17 21:35:35,527 INFO  L163   nArgumentSynthesizer]: Using integer mode.
No working directory specified, using /home/lixie/LassoRankerExp/LassoRankerExp/z3
Starting monitored process 3 with z3 -smt2 -in SMTLIB2_COMPLIANT=true (exit command is (exit), workingDir is null)
Waiting until toolchain timeout for monitored process 3 with z3 -smt2 -in SMTLIB2_COMPLIANT=true
[2020-06-17 21:35:35,549 INFO  L151   nArgumentSynthesizer]: Nontermination analysis: LINEAR_WITH_GUESSES Allow bounded executions: true Number of generalized eigenvectors: 3 Nilpotent components: true
[2020-06-17 21:35:35,549 INFO  L163   nArgumentSynthesizer]: Using integer mode.
[2020-06-17 21:35:35,567 INFO  L452          LassoAnalysis]: Proving nontermination failed: No geometric nontermination argument exists.
[2020-06-17 21:35:35,569 INFO  L216          LassoAnalysis]: Preferences:
[2020-06-17 21:35:35,570 INFO  L124   ssoRankerPreferences]: Compute integeral hull: false
[2020-06-17 21:35:35,570 INFO  L125   ssoRankerPreferences]: Enable LassoPartitioneer: true
[2020-06-17 21:35:35,570 INFO  L126   ssoRankerPreferences]: Term annotations enabled: false
[2020-06-17 21:35:35,570 INFO  L127   ssoRankerPreferences]: Use exernal solver: true
[2020-06-17 21:35:35,570 INFO  L128   ssoRankerPreferences]: SMT solver command: z3 -smt2 -in SMTLIB2_COMPLIANT=true
[2020-06-17 21:35:35,570 INFO  L129   ssoRankerPreferences]: Dump SMT script to file: false
[2020-06-17 21:35:35,570 INFO  L130   ssoRankerPreferences]: Path of dumped script: .
[2020-06-17 21:35:35,570 INFO  L131   ssoRankerPreferences]: Filename of dumped script: LassoRankerScript
[2020-06-17 21:35:35,570 INFO  L132   ssoRankerPreferences]: MapElimAlgo: Frank
[2020-06-17 21:35:35,570 INFO  L282          LassoAnalysis]: Starting lasso preprocessing...
[2020-06-17 21:35:35,571 INFO  L141          MapEliminator]: Using MapEliminator with SimplificationTechnique=SIMPLIFY_DDA XnfConversionTechnique=BOTTOM_UP_WITH_LOCAL_SIMPLIFICATION AddInequalities=false OnlyTrivialImplicationsArrayWrite=false OnlyTrivialImplicationsForModifiedArguments=true OnlyArgumentsInFormula=true
[2020-06-17 21:35:35,575 INFO  L141          MapEliminator]: Using MapEliminator with SimplificationTechnique=SIMPLIFY_DDA XnfConversionTechnique=BOTTOM_UP_WITH_LOCAL_SIMPLIFICATION AddInequalities=false OnlyTrivialImplicationsArrayWrite=false OnlyTrivialImplicationsForModifiedArguments=true OnlyArgumentsInFormula=true
[2020-06-17 21:35:35,601 INFO  L300          LassoAnalysis]: Preprocessing complete.
[2020-06-17 21:35:35,605 INFO  L497          LassoAnalysis]: Using template 'affine'.
No working directory specified, using /home/lixie/LassoRankerExp/LassoRankerExp/z3
Starting monitored process 4 with z3 -smt2 -in SMTLIB2_COMPLIANT=true (exit command is (exit), workingDir is null)
Waiting until toolchain timeout for monitored process 4 with z3 -smt2 -in SMTLIB2_COMPLIANT=true
[2020-06-17 21:35:35,607 INFO  L122   nArgumentSynthesizer]: Termination Analysis Settings:
Termination analysis: LINEAR_WITH_GUESSES
Number of strict supporting invariants: 1
Number of non-strict supporting invariants: 0
Consider only non-deceasing supporting invariants: true
Simplify termination arguments: true
Simplify supporting invariants: trueOverapproximate stem: false
[2020-06-17 21:35:35,609 INFO  L339   nArgumentSynthesizer]: Template has degree 0.
[2020-06-17 21:35:35,609 INFO  L352   nArgumentSynthesizer]: There is no stem transition; disabling supporting invariant generation.
[2020-06-17 21:35:35,609 INFO  L205   nArgumentSynthesizer]: 1 stem disjuncts
[2020-06-17 21:35:35,609 INFO  L206   nArgumentSynthesizer]: 1 loop disjuncts
[2020-06-17 21:35:35,610 INFO  L207   nArgumentSynthesizer]: 2 template conjuncts.
[2020-06-17 21:35:35,611 INFO  L402   nArgumentSynthesizer]: We have 2 Motzkin's Theorem applications.
[2020-06-17 21:35:35,611 INFO  L403   nArgumentSynthesizer]: A total of 0 supporting invariants were added.
[2020-06-17 21:35:35,613 INFO  L530          LassoAnalysis]: Proving termination failed for this template and these settings.
No working directory specified, using /home/lixie/LassoRankerExp/LassoRankerExp/z3
Starting monitored process 5 with z3 -smt2 -in SMTLIB2_COMPLIANT=true (exit command is (exit), workingDir is null)
Waiting until toolchain timeout for monitored process 5 with z3 -smt2 -in SMTLIB2_COMPLIANT=true
[2020-06-17 21:35:35,627 INFO  L122   nArgumentSynthesizer]: Termination Analysis Settings:
Termination analysis: LINEAR_WITH_GUESSES
Number of strict supporting invariants: 1
Number of non-strict supporting invariants: 0
Consider only non-deceasing supporting invariants: true
Simplify termination arguments: true
Simplify supporting invariants: trueOverapproximate stem: false
[2020-06-17 21:35:35,628 INFO  L339   nArgumentSynthesizer]: Template has degree 0.
[2020-06-17 21:35:35,628 INFO  L352   nArgumentSynthesizer]: There is no stem transition; disabling supporting invariant generation.
[2020-06-17 21:35:35,628 INFO  L205   nArgumentSynthesizer]: 1 stem disjuncts
[2020-06-17 21:35:35,628 INFO  L206   nArgumentSynthesizer]: 1 loop disjuncts
[2020-06-17 21:35:35,629 INFO  L207   nArgumentSynthesizer]: 2 template conjuncts.
[2020-06-17 21:35:35,629 INFO  L402   nArgumentSynthesizer]: We have 2 Motzkin's Theorem applications.
[2020-06-17 21:35:35,629 INFO  L403   nArgumentSynthesizer]: A total of 0 supporting invariants were added.
[2020-06-17 21:35:35,631 INFO  L530          LassoAnalysis]: Proving termination failed for this template and these settings.
[2020-06-17 21:35:35,642 INFO  L497          LassoAnalysis]: Using template '2-nested'.
No working directory specified, using /home/lixie/LassoRankerExp/LassoRankerExp/z3
Starting monitored process 6 with z3 -smt2 -in SMTLIB2_COMPLIANT=true (exit command is (exit), workingDir is null)
Waiting until toolchain timeout for monitored process 6 with z3 -smt2 -in SMTLIB2_COMPLIANT=true
[2020-06-17 21:35:35,644 INFO  L122   nArgumentSynthesizer]: Termination Analysis Settings:
Termination analysis: LINEAR_WITH_GUESSES
Number of strict supporting invariants: 1
Number of non-strict supporting invariants: 0
Consider only non-deceasing supporting invariants: true
Simplify termination arguments: true
Simplify supporting invariants: trueOverapproximate stem: false
[2020-06-17 21:35:35,645 INFO  L339   nArgumentSynthesizer]: Template has degree 0.
[2020-06-17 21:35:35,645 INFO  L352   nArgumentSynthesizer]: There is no stem transition; disabling supporting invariant generation.
[2020-06-17 21:35:35,645 INFO  L205   nArgumentSynthesizer]: 1 stem disjuncts
[2020-06-17 21:35:35,645 INFO  L206   nArgumentSynthesizer]: 1 loop disjuncts
[2020-06-17 21:35:35,646 INFO  L207   nArgumentSynthesizer]: 3 template conjuncts.
[2020-06-17 21:35:35,647 INFO  L402   nArgumentSynthesizer]: We have 3 Motzkin's Theorem applications.
[2020-06-17 21:35:35,647 INFO  L403   nArgumentSynthesizer]: A total of 0 supporting invariants were added.
[2020-06-17 21:35:35,649 INFO  L530          LassoAnalysis]: Proving termination failed for this template and these settings.
No working directory specified, using /home/lixie/LassoRankerExp/LassoRankerExp/z3
Starting monitored process 7 with z3 -smt2 -in SMTLIB2_COMPLIANT=true (exit command is (exit), workingDir is null)
Waiting until toolchain timeout for monitored process 7 with z3 -smt2 -in SMTLIB2_COMPLIANT=true
[2020-06-17 21:35:35,663 INFO  L122   nArgumentSynthesizer]: Termination Analysis Settings:
Termination analysis: LINEAR_WITH_GUESSES
Number of strict supporting invariants: 1
Number of non-strict supporting invariants: 0
Consider only non-deceasing supporting invariants: true
Simplify termination arguments: true
Simplify supporting invariants: trueOverapproximate stem: false
[2020-06-17 21:35:35,664 INFO  L339   nArgumentSynthesizer]: Template has degree 0.
[2020-06-17 21:35:35,664 INFO  L352   nArgumentSynthesizer]: There is no stem transition; disabling supporting invariant generation.
[2020-06-17 21:35:35,664 INFO  L205   nArgumentSynthesizer]: 1 stem disjuncts
[2020-06-17 21:35:35,664 INFO  L206   nArgumentSynthesizer]: 1 loop disjuncts
[2020-06-17 21:35:35,664 INFO  L207   nArgumentSynthesizer]: 3 template conjuncts.
[2020-06-17 21:35:35,666 INFO  L402   nArgumentSynthesizer]: We have 3 Motzkin's Theorem applications.
[2020-06-17 21:35:35,666 INFO  L403   nArgumentSynthesizer]: A total of 0 supporting invariants were added.
[2020-06-17 21:35:35,667 INFO  L530          LassoAnalysis]: Proving termination failed for this template and these settings.
[2020-06-17 21:35:35,679 INFO  L497          LassoAnalysis]: Using template '3-nested'.
No working directory specified, using /home/lixie/LassoRankerExp/LassoRankerExp/z3
Starting monitored process 8 with z3 -smt2 -in SMTLIB2_COMPLIANT=true (exit command is (exit), workingDir is null)
Waiting until toolchain timeout for monitored process 8 with z3 -smt2 -in SMTLIB2_COMPLIANT=true
[2020-06-17 21:35:35,681 INFO  L122   nArgumentSynthesizer]: Termination Analysis Settings:
Termination analysis: LINEAR_WITH_GUESSES
Number of strict supporting invariants: 1
Number of non-strict supporting invariants: 0
Consider only non-deceasing supporting invariants: true
Simplify termination arguments: true
Simplify supporting invariants: trueOverapproximate stem: false
[2020-06-17 21:35:35,683 INFO  L339   nArgumentSynthesizer]: Template has degree 0.
[2020-06-17 21:35:35,683 INFO  L352   nArgumentSynthesizer]: There is no stem transition; disabling supporting invariant generation.
[2020-06-17 21:35:35,683 INFO  L205   nArgumentSynthesizer]: 1 stem disjuncts
[2020-06-17 21:35:35,683 INFO  L206   nArgumentSynthesizer]: 1 loop disjuncts
[2020-06-17 21:35:35,683 INFO  L207   nArgumentSynthesizer]: 4 template conjuncts.
[2020-06-17 21:35:35,684 INFO  L402   nArgumentSynthesizer]: We have 4 Motzkin's Theorem applications.
[2020-06-17 21:35:35,684 INFO  L403   nArgumentSynthesizer]: A total of 0 supporting invariants were added.
[2020-06-17 21:35:35,686 INFO  L530          LassoAnalysis]: Proving termination failed for this template and these settings.
No working directory specified, using /home/lixie/LassoRankerExp/LassoRankerExp/z3
Starting monitored process 9 with z3 -smt2 -in SMTLIB2_COMPLIANT=true (exit command is (exit), workingDir is null)
Waiting until toolchain timeout for monitored process 9 with z3 -smt2 -in SMTLIB2_COMPLIANT=true
[2020-06-17 21:35:35,700 INFO  L122   nArgumentSynthesizer]: Termination Analysis Settings:
Termination analysis: LINEAR_WITH_GUESSES
Number of strict supporting invariants: 1
Number of non-strict supporting invariants: 0
Consider only non-deceasing supporting invariants: true
Simplify termination arguments: true
Simplify supporting invariants: trueOverapproximate stem: false
[2020-06-17 21:35:35,701 INFO  L339   nArgumentSynthesizer]: Template has degree 0.
[2020-06-17 21:35:35,702 INFO  L352   nArgumentSynthesizer]: There is no stem transition; disabling supporting invariant generation.
[2020-06-17 21:35:35,702 INFO  L205   nArgumentSynthesizer]: 1 stem disjuncts
[2020-06-17 21:35:35,702 INFO  L206   nArgumentSynthesizer]: 1 loop disjuncts
[2020-06-17 21:35:35,702 INFO  L207   nArgumentSynthesizer]: 4 template conjuncts.
[2020-06-17 21:35:35,704 INFO  L402   nArgumentSynthesizer]: We have 4 Motzkin's Theorem applications.
[2020-06-17 21:35:35,704 INFO  L403   nArgumentSynthesizer]: A total of 0 supporting invariants were added.
[2020-06-17 21:35:35,706 INFO  L530          LassoAnalysis]: Proving termination failed for this template and these settings.
[2020-06-17 21:35:35,718 INFO  L497          LassoAnalysis]: Using template '4-nested'.
No working directory specified, using /home/lixie/LassoRankerExp/LassoRankerExp/z3
Starting monitored process 10 with z3 -smt2 -in SMTLIB2_COMPLIANT=true (exit command is (exit), workingDir is null)
Waiting until toolchain timeout for monitored process 10 with z3 -smt2 -in SMTLIB2_COMPLIANT=true
[2020-06-17 21:35:35,720 INFO  L122   nArgumentSynthesizer]: Termination Analysis Settings:
Termination analysis: LINEAR_WITH_GUESSES
Number of strict supporting invariants: 1
Number of non-strict supporting invariants: 0
Consider only non-deceasing supporting invariants: true
Simplify termination arguments: true
Simplify supporting invariants: trueOverapproximate stem: false
[2020-06-17 21:35:35,721 INFO  L339   nArgumentSynthesizer]: Template has degree 0.
[2020-06-17 21:35:35,721 INFO  L352   nArgumentSynthesizer]: There is no stem transition; disabling supporting invariant generation.
[2020-06-17 21:35:35,721 INFO  L205   nArgumentSynthesizer]: 1 stem disjuncts
[2020-06-17 21:35:35,722 INFO  L206   nArgumentSynthesizer]: 1 loop disjuncts
[2020-06-17 21:35:35,722 INFO  L207   nArgumentSynthesizer]: 5 template conjuncts.
[2020-06-17 21:35:35,723 INFO  L402   nArgumentSynthesizer]: We have 5 Motzkin's Theorem applications.
[2020-06-17 21:35:35,723 INFO  L403   nArgumentSynthesizer]: A total of 0 supporting invariants were added.
[2020-06-17 21:35:35,725 INFO  L530          LassoAnalysis]: Proving termination failed for this template and these settings.
No working directory specified, using /home/lixie/LassoRankerExp/LassoRankerExp/z3
Starting monitored process 11 with z3 -smt2 -in SMTLIB2_COMPLIANT=true (exit command is (exit), workingDir is null)
Waiting until toolchain timeout for monitored process 11 with z3 -smt2 -in SMTLIB2_COMPLIANT=true
[2020-06-17 21:35:35,739 INFO  L122   nArgumentSynthesizer]: Termination Analysis Settings:
Termination analysis: LINEAR_WITH_GUESSES
Number of strict supporting invariants: 1
Number of non-strict supporting invariants: 0
Consider only non-deceasing supporting invariants: true
Simplify termination arguments: true
Simplify supporting invariants: trueOverapproximate stem: false
[2020-06-17 21:35:35,740 INFO  L339   nArgumentSynthesizer]: Template has degree 0.
[2020-06-17 21:35:35,740 INFO  L352   nArgumentSynthesizer]: There is no stem transition; disabling supporting invariant generation.
[2020-06-17 21:35:35,740 INFO  L205   nArgumentSynthesizer]: 1 stem disjuncts
[2020-06-17 21:35:35,740 INFO  L206   nArgumentSynthesizer]: 1 loop disjuncts
[2020-06-17 21:35:35,740 INFO  L207   nArgumentSynthesizer]: 5 template conjuncts.
[2020-06-17 21:35:35,742 INFO  L402   nArgumentSynthesizer]: We have 5 Motzkin's Theorem applications.
[2020-06-17 21:35:35,742 INFO  L403   nArgumentSynthesizer]: A total of 0 supporting invariants were added.
[2020-06-17 21:35:35,744 INFO  L530          LassoAnalysis]: Proving termination failed for this template and these settings.
[2020-06-17 21:35:35,756 INFO  L497          LassoAnalysis]: Using template '2-phase'.
No working directory specified, using /home/lixie/LassoRankerExp/LassoRankerExp/z3
Starting monitored process 12 with z3 -smt2 -in SMTLIB2_COMPLIANT=true (exit command is (exit), workingDir is null)
Waiting until toolchain timeout for monitored process 12 with z3 -smt2 -in SMTLIB2_COMPLIANT=true
[2020-06-17 21:35:35,757 INFO  L122   nArgumentSynthesizer]: Termination Analysis Settings:
Termination analysis: LINEAR_WITH_GUESSES
Number of strict supporting invariants: 1
Number of non-strict supporting invariants: 0
Consider only non-deceasing supporting invariants: true
Simplify termination arguments: true
Simplify supporting invariants: trueOverapproximate stem: false
[2020-06-17 21:35:35,759 WARN  L334   nArgumentSynthesizer]: Using a linear SMT query and a templates of degree > 0, hence this method is incomplete.
[2020-06-17 21:35:35,759 INFO  L339   nArgumentSynthesizer]: Template has degree 1.
[2020-06-17 21:35:35,759 INFO  L352   nArgumentSynthesizer]: There is no stem transition; disabling supporting invariant generation.
[2020-06-17 21:35:35,759 INFO  L205   nArgumentSynthesizer]: 1 stem disjuncts
[2020-06-17 21:35:35,759 INFO  L206   nArgumentSynthesizer]: 1 loop disjuncts
[2020-06-17 21:35:35,759 INFO  L207   nArgumentSynthesizer]: 3 template conjuncts.
[2020-06-17 21:35:35,761 INFO  L402   nArgumentSynthesizer]: We have 3 Motzkin's Theorem applications.
[2020-06-17 21:35:35,761 INFO  L403   nArgumentSynthesizer]: A total of 0 supporting invariants were added.
[2020-06-17 21:35:35,764 INFO  L530          LassoAnalysis]: Proving termination failed for this template and these settings.
No working directory specified, using /home/lixie/LassoRankerExp/LassoRankerExp/z3
Starting monitored process 13 with z3 -smt2 -in SMTLIB2_COMPLIANT=true (exit command is (exit), workingDir is null)
Waiting until toolchain timeout for monitored process 13 with z3 -smt2 -in SMTLIB2_COMPLIANT=true
[2020-06-17 21:35:35,785 INFO  L122   nArgumentSynthesizer]: Termination Analysis Settings:
Termination analysis: LINEAR_WITH_GUESSES
Number of strict supporting invariants: 1
Number of non-strict supporting invariants: 0
Consider only non-deceasing supporting invariants: true
Simplify termination arguments: true
Simplify supporting invariants: trueOverapproximate stem: false
[2020-06-17 21:35:35,786 WARN  L334   nArgumentSynthesizer]: Using a linear SMT query and a templates of degree > 0, hence this method is incomplete.
[2020-06-17 21:35:35,786 INFO  L339   nArgumentSynthesizer]: Template has degree 1.
[2020-06-17 21:35:35,786 INFO  L352   nArgumentSynthesizer]: There is no stem transition; disabling supporting invariant generation.
[2020-06-17 21:35:35,786 INFO  L205   nArgumentSynthesizer]: 1 stem disjuncts
[2020-06-17 21:35:35,787 INFO  L206   nArgumentSynthesizer]: 1 loop disjuncts
[2020-06-17 21:35:35,787 INFO  L207   nArgumentSynthesizer]: 3 template conjuncts.
[2020-06-17 21:35:35,789 INFO  L402   nArgumentSynthesizer]: We have 3 Motzkin's Theorem applications.
[2020-06-17 21:35:35,789 INFO  L403   nArgumentSynthesizer]: A total of 0 supporting invariants were added.
[2020-06-17 21:35:35,792 INFO  L530          LassoAnalysis]: Proving termination failed for this template and these settings.
[2020-06-17 21:35:35,804 INFO  L497          LassoAnalysis]: Using template 'lex(affine, affine)'.
No working directory specified, using /home/lixie/LassoRankerExp/LassoRankerExp/z3
Starting monitored process 14 with z3 -smt2 -in SMTLIB2_COMPLIANT=true (exit command is (exit), workingDir is null)
Waiting until toolchain timeout for monitored process 14 with z3 -smt2 -in SMTLIB2_COMPLIANT=true
[2020-06-17 21:35:35,806 INFO  L122   nArgumentSynthesizer]: Termination Analysis Settings:
Termination analysis: LINEAR_WITH_GUESSES
Number of strict supporting invariants: 1
Number of non-strict supporting invariants: 0
Consider only non-deceasing supporting invariants: true
Simplify termination arguments: true
Simplify supporting invariants: trueOverapproximate stem: false
[2020-06-17 21:35:35,807 WARN  L334   nArgumentSynthesizer]: Using a linear SMT query and a templates of degree > 0, hence this method is incomplete.
[2020-06-17 21:35:35,807 INFO  L339   nArgumentSynthesizer]: Template has degree 5.
[2020-06-17 21:35:35,807 INFO  L352   nArgumentSynthesizer]: There is no stem transition; disabling supporting invariant generation.
[2020-06-17 21:35:35,808 INFO  L205   nArgumentSynthesizer]: 1 stem disjuncts
[2020-06-17 21:35:35,808 INFO  L206   nArgumentSynthesizer]: 1 loop disjuncts
[2020-06-17 21:35:35,808 INFO  L207   nArgumentSynthesizer]: 4 template conjuncts.
[2020-06-17 21:35:35,810 INFO  L402   nArgumentSynthesizer]: We have 4 Motzkin's Theorem applications.
[2020-06-17 21:35:35,810 INFO  L403   nArgumentSynthesizer]: A total of 0 supporting invariants were added.
[2020-06-17 21:35:35,813 INFO  L530          LassoAnalysis]: Proving termination failed for this template and these settings.
No working directory specified, using /home/lixie/LassoRankerExp/LassoRankerExp/z3
Starting monitored process 15 with z3 -smt2 -in SMTLIB2_COMPLIANT=true (exit command is (exit), workingDir is null)
Waiting until toolchain timeout for monitored process 15 with z3 -smt2 -in SMTLIB2_COMPLIANT=true
[2020-06-17 21:35:35,827 INFO  L122   nArgumentSynthesizer]: Termination Analysis Settings:
Termination analysis: LINEAR_WITH_GUESSES
Number of strict supporting invariants: 1
Number of non-strict supporting invariants: 0
Consider only non-deceasing supporting invariants: true
Simplify termination arguments: true
Simplify supporting invariants: trueOverapproximate stem: false
[2020-06-17 21:35:35,828 WARN  L334   nArgumentSynthesizer]: Using a linear SMT query and a templates of degree > 0, hence this method is incomplete.
[2020-06-17 21:35:35,828 INFO  L339   nArgumentSynthesizer]: Template has degree 5.
[2020-06-17 21:35:35,828 INFO  L352   nArgumentSynthesizer]: There is no stem transition; disabling supporting invariant generation.
[2020-06-17 21:35:35,829 INFO  L205   nArgumentSynthesizer]: 1 stem disjuncts
[2020-06-17 21:35:35,829 INFO  L206   nArgumentSynthesizer]: 1 loop disjuncts
[2020-06-17 21:35:35,829 INFO  L207   nArgumentSynthesizer]: 4 template conjuncts.
[2020-06-17 21:35:35,830 INFO  L402   nArgumentSynthesizer]: We have 4 Motzkin's Theorem applications.
[2020-06-17 21:35:35,830 INFO  L403   nArgumentSynthesizer]: A total of 0 supporting invariants were added.
[2020-06-17 21:35:35,832 INFO  L530          LassoAnalysis]: Proving termination failed for this template and these settings.
[2020-06-17 21:35:35,844 INFO  L497          LassoAnalysis]: Using template '2-piece'.
No working directory specified, using /home/lixie/LassoRankerExp/LassoRankerExp/z3
Starting monitored process 16 with z3 -smt2 -in SMTLIB2_COMPLIANT=true (exit command is (exit), workingDir is null)
Waiting until toolchain timeout for monitored process 16 with z3 -smt2 -in SMTLIB2_COMPLIANT=true
[2020-06-17 21:35:35,846 INFO  L122   nArgumentSynthesizer]: Termination Analysis Settings:
Termination analysis: LINEAR_WITH_GUESSES
Number of strict supporting invariants: 1
Number of non-strict supporting invariants: 0
Consider only non-deceasing supporting invariants: true
Simplify termination arguments: true
Simplify supporting invariants: trueOverapproximate stem: false
[2020-06-17 21:35:35,847 WARN  L334   nArgumentSynthesizer]: Using a linear SMT query and a templates of degree > 0, hence this method is incomplete.
[2020-06-17 21:35:35,847 INFO  L339   nArgumentSynthesizer]: Template has degree 7.
[2020-06-17 21:35:35,847 INFO  L352   nArgumentSynthesizer]: There is no stem transition; disabling supporting invariant generation.
[2020-06-17 21:35:35,847 INFO  L205   nArgumentSynthesizer]: 1 stem disjuncts
[2020-06-17 21:35:35,848 INFO  L206   nArgumentSynthesizer]: 1 loop disjuncts
[2020-06-17 21:35:35,848 INFO  L207   nArgumentSynthesizer]: 7 template conjuncts.
[2020-06-17 21:35:35,851 INFO  L402   nArgumentSynthesizer]: We have 7 Motzkin's Theorem applications.
[2020-06-17 21:35:35,851 INFO  L403   nArgumentSynthesizer]: A total of 0 supporting invariants were added.
[2020-06-17 21:35:35,859 INFO  L530          LassoAnalysis]: Proving termination failed for this template and these settings.
No working directory specified, using /home/lixie/LassoRankerExp/LassoRankerExp/z3
Starting monitored process 17 with z3 -smt2 -in SMTLIB2_COMPLIANT=true (exit command is (exit), workingDir is null)
Waiting until toolchain timeout for monitored process 17 with z3 -smt2 -in SMTLIB2_COMPLIANT=true
[2020-06-17 21:35:35,882 INFO  L122   nArgumentSynthesizer]: Termination Analysis Settings:
Termination analysis: LINEAR_WITH_GUESSES
Number of strict supporting invariants: 1
Number of non-strict supporting invariants: 0
Consider only non-deceasing supporting invariants: true
Simplify termination arguments: true
Simplify supporting invariants: trueOverapproximate stem: false
[2020-06-17 21:35:35,883 WARN  L334   nArgumentSynthesizer]: Using a linear SMT query and a templates of degree > 0, hence this method is incomplete.
[2020-06-17 21:35:35,884 INFO  L339   nArgumentSynthesizer]: Template has degree 7.
[2020-06-17 21:35:35,884 INFO  L352   nArgumentSynthesizer]: There is no stem transition; disabling supporting invariant generation.
[2020-06-17 21:35:35,884 INFO  L205   nArgumentSynthesizer]: 1 stem disjuncts
[2020-06-17 21:35:35,884 INFO  L206   nArgumentSynthesizer]: 1 loop disjuncts
[2020-06-17 21:35:35,884 INFO  L207   nArgumentSynthesizer]: 7 template conjuncts.
[2020-06-17 21:35:35,887 INFO  L402   nArgumentSynthesizer]: We have 7 Motzkin's Theorem applications.
[2020-06-17 21:35:35,887 INFO  L403   nArgumentSynthesizer]: A total of 0 supporting invariants were added.
[2020-06-17 21:35:35,894 INFO  L530          LassoAnalysis]: Proving termination failed for this template and these settings.
[2020-06-17 21:35:35,907 INFO  L497          LassoAnalysis]: Using template '2-parallel'.
No working directory specified, using /home/lixie/LassoRankerExp/LassoRankerExp/z3
Starting monitored process 18 with z3 -smt2 -in SMTLIB2_COMPLIANT=true (exit command is (exit), workingDir is null)
Waiting until toolchain timeout for monitored process 18 with z3 -smt2 -in SMTLIB2_COMPLIANT=true
[2020-06-17 21:35:35,908 INFO  L122   nArgumentSynthesizer]: Termination Analysis Settings:
Termination analysis: LINEAR_WITH_GUESSES
Number of strict supporting invariants: 1
Number of non-strict supporting invariants: 0
Consider only non-deceasing supporting invariants: true
Simplify termination arguments: true
Simplify supporting invariants: trueOverapproximate stem: false
[2020-06-17 21:35:35,909 WARN  L334   nArgumentSynthesizer]: Using a linear SMT query and a templates of degree > 0, hence this method is incomplete.
[2020-06-17 21:35:35,910 INFO  L339   nArgumentSynthesizer]: Template has degree 4.
[2020-06-17 21:35:35,910 INFO  L352   nArgumentSynthesizer]: There is no stem transition; disabling supporting invariant generation.
[2020-06-17 21:35:35,910 INFO  L205   nArgumentSynthesizer]: 1 stem disjuncts
[2020-06-17 21:35:35,910 INFO  L206   nArgumentSynthesizer]: 1 loop disjuncts
[2020-06-17 21:35:35,910 INFO  L207   nArgumentSynthesizer]: 6 template conjuncts.
[2020-06-17 21:35:35,912 INFO  L402   nArgumentSynthesizer]: We have 6 Motzkin's Theorem applications.
[2020-06-17 21:35:35,912 INFO  L403   nArgumentSynthesizer]: A total of 0 supporting invariants were added.
[2020-06-17 21:35:35,916 INFO  L530          LassoAnalysis]: Proving termination failed for this template and these settings.
No working directory specified, using /home/lixie/LassoRankerExp/LassoRankerExp/z3
Starting monitored process 19 with z3 -smt2 -in SMTLIB2_COMPLIANT=true (exit command is (exit), workingDir is null)
Waiting until toolchain timeout for monitored process 19 with z3 -smt2 -in SMTLIB2_COMPLIANT=true
[2020-06-17 21:35:35,930 INFO  L122   nArgumentSynthesizer]: Termination Analysis Settings:
Termination analysis: LINEAR_WITH_GUESSES
Number of strict supporting invariants: 1
Number of non-strict supporting invariants: 0
Consider only non-deceasing supporting invariants: true
Simplify termination arguments: true
Simplify supporting invariants: trueOverapproximate stem: false
[2020-06-17 21:35:35,932 WARN  L334   nArgumentSynthesizer]: Using a linear SMT query and a templates of degree > 0, hence this method is incomplete.
[2020-06-17 21:35:35,932 INFO  L339   nArgumentSynthesizer]: Template has degree 4.
[2020-06-17 21:35:35,932 INFO  L352   nArgumentSynthesizer]: There is no stem transition; disabling supporting invariant generation.
[2020-06-17 21:35:35,932 INFO  L205   nArgumentSynthesizer]: 1 stem disjuncts
[2020-06-17 21:35:35,932 INFO  L206   nArgumentSynthesizer]: 1 loop disjuncts
[2020-06-17 21:35:35,932 INFO  L207   nArgumentSynthesizer]: 6 template conjuncts.
[2020-06-17 21:35:35,933 INFO  L402   nArgumentSynthesizer]: We have 6 Motzkin's Theorem applications.
[2020-06-17 21:35:35,934 INFO  L403   nArgumentSynthesizer]: A total of 0 supporting invariants were added.
[2020-06-17 21:35:35,939 INFO  L530          LassoAnalysis]: Proving termination failed for this template and these settings.
[2020-06-17 21:35:35,963 INFO  L489     LassoRankerStarter]: LassoRanker could not prove termination or nontermination of the given linear lasso program.
Templates: AffineTemplate NestedTemplate NestedTemplate NestedTemplate MultiphaseTemplate ComposedLexicographicTemplate PiecewiseTemplate ParallelTemplate
[2020-06-17 21:35:35,964 INFO  L132        PluginConnector]: ------------------------ END LassoRanker----------------------------
[2020-06-17 21:35:35,964 INFO  L168              Benchmark]: Toolchain (without parser) took 706.45 ms. Allocated memory is still 514.9 MB. Free memory was 472.9 MB in the beginning and 366.7 MB in the end (delta: 106.2 MB). Peak memory consumption was 106.2 MB. Max. memory is 11.5 GB.
[2020-06-17 21:35:35,965 INFO  L168              Benchmark]: Boogie PL CUP Parser took 0.10 ms. Allocated memory is still 514.9 MB. Free memory is still 474.4 MB. There was no memory consumed. Max. memory is 11.5 GB.
[2020-06-17 21:35:35,966 INFO  L168              Benchmark]: Boogie Preprocessor took 24.41 ms. Allocated memory is still 514.9 MB. Free memory was 471.5 MB in the beginning and 470.2 MB in the end (delta: 1.3 MB). Peak memory consumption was 1.3 MB. Max. memory is 11.5 GB.
[2020-06-17 21:35:35,966 INFO  L168              Benchmark]: RCFGBuilder took 102.84 ms. Allocated memory is still 514.9 MB. Free memory was 470.2 MB in the beginning and 460.7 MB in the end (delta: 9.5 MB). Peak memory consumption was 9.5 MB. Max. memory is 11.5 GB.
[2020-06-17 21:35:35,966 INFO  L168              Benchmark]: LassoRanker took 571.36 ms. Allocated memory is still 514.9 MB. Free memory was 460.7 MB in the beginning and 366.7 MB in the end (delta: 94.0 MB). Peak memory consumption was 94.0 MB. Max. memory is 11.5 GB.
[2020-06-17 21:35:35,968 INFO  L336   ainManager$Toolchain]: #######################  End [Toolchain 1] #######################
 --- Results ---
 * Results from de.uni_freiburg.informatik.ultimate.core:
  - StatisticsResult: Toolchain Benchmarks
    Benchmark results are:
 * Boogie PL CUP Parser took 0.10 ms. Allocated memory is still 514.9 MB. Free memory is still 474.4 MB. There was no memory consumed. Max. memory is 11.5 GB.
 * Boogie Preprocessor took 24.41 ms. Allocated memory is still 514.9 MB. Free memory was 471.5 MB in the beginning and 470.2 MB in the end (delta: 1.3 MB). Peak memory consumption was 1.3 MB. Max. memory is 11.5 GB.
 * RCFGBuilder took 102.84 ms. Allocated memory is still 514.9 MB. Free memory was 470.2 MB in the beginning and 460.7 MB in the end (delta: 9.5 MB). Peak memory consumption was 9.5 MB. Max. memory is 11.5 GB.
 * LassoRanker took 571.36 ms. Allocated memory is still 514.9 MB. Free memory was 460.7 MB in the beginning and 366.7 MB in the end (delta: 94.0 MB). Peak memory consumption was 94.0 MB. Max. memory is 11.5 GB.
 * Results from de.uni_freiburg.informatik.ultimate.plugins.analysis.lassoranker:
  - NoResult [Line: 11]: LassoRanker could not prove termination
    LassoRanker could not prove termination or nontermination of the given linear lasso program.
Templates: AffineTemplate NestedTemplate NestedTemplate NestedTemplate MultiphaseTemplate ComposedLexicographicTemplate PiecewiseTemplate ParallelTemplate
RESULT: Ultimate could not prove your program: Toolchain returned no result.
Received shutdown request...
Ultimate:
GTK+ Version Check
