This is Ultimate 0.1.24-16d85fa
[2020-06-17 21:35:45,150 INFO  L170        SettingsManager]: Resetting all preferences to default values...
[2020-06-17 21:35:45,151 INFO  L174        SettingsManager]: Resetting UltimateCore preferences to default values
[2020-06-17 21:35:45,161 INFO  L177        SettingsManager]: Ultimate Commandline Interface provides no preferences, ignoring...
[2020-06-17 21:35:45,161 INFO  L174        SettingsManager]: Resetting Boogie Preprocessor preferences to default values
[2020-06-17 21:35:45,162 INFO  L174        SettingsManager]: Resetting Boogie Procedure Inliner preferences to default values
[2020-06-17 21:35:45,163 INFO  L174        SettingsManager]: Resetting Abstract Interpretation preferences to default values
[2020-06-17 21:35:45,164 INFO  L174        SettingsManager]: Resetting LassoRanker preferences to default values
[2020-06-17 21:35:45,165 INFO  L174        SettingsManager]: Resetting Reaching Definitions preferences to default values
[2020-06-17 21:35:45,165 INFO  L174        SettingsManager]: Resetting SyntaxChecker preferences to default values
[2020-06-17 21:35:45,166 INFO  L177        SettingsManager]: Büchi Program Product provides no preferences, ignoring...
[2020-06-17 21:35:45,166 INFO  L174        SettingsManager]: Resetting LTL2Aut preferences to default values
[2020-06-17 21:35:45,166 INFO  L174        SettingsManager]: Resetting PEA to Boogie preferences to default values
[2020-06-17 21:35:45,167 INFO  L174        SettingsManager]: Resetting BlockEncodingV2 preferences to default values
[2020-06-17 21:35:45,167 INFO  L174        SettingsManager]: Resetting ChcToBoogie preferences to default values
[2020-06-17 21:35:45,168 INFO  L174        SettingsManager]: Resetting AutomataScriptInterpreter preferences to default values
[2020-06-17 21:35:45,168 INFO  L174        SettingsManager]: Resetting BuchiAutomizer preferences to default values
[2020-06-17 21:35:45,169 INFO  L174        SettingsManager]: Resetting CACSL2BoogieTranslator preferences to default values
[2020-06-17 21:35:45,170 INFO  L174        SettingsManager]: Resetting CodeCheck preferences to default values
[2020-06-17 21:35:45,171 INFO  L174        SettingsManager]: Resetting InvariantSynthesis preferences to default values
[2020-06-17 21:35:45,172 INFO  L174        SettingsManager]: Resetting RCFGBuilder preferences to default values
[2020-06-17 21:35:45,173 INFO  L174        SettingsManager]: Resetting TraceAbstraction preferences to default values
[2020-06-17 21:35:45,174 INFO  L177        SettingsManager]: TraceAbstractionConcurrent provides no preferences, ignoring...
[2020-06-17 21:35:45,174 INFO  L177        SettingsManager]: TraceAbstractionWithAFAs provides no preferences, ignoring...
[2020-06-17 21:35:45,175 INFO  L174        SettingsManager]: Resetting TreeAutomizer preferences to default values
[2020-06-17 21:35:45,175 INFO  L174        SettingsManager]: Resetting IcfgTransformer preferences to default values
[2020-06-17 21:35:45,176 INFO  L174        SettingsManager]: Resetting Boogie Printer preferences to default values
[2020-06-17 21:35:45,176 INFO  L174        SettingsManager]: Resetting ReqPrinter preferences to default values
[2020-06-17 21:35:45,176 INFO  L174        SettingsManager]: Resetting Witness Printer preferences to default values
[2020-06-17 21:35:45,177 INFO  L177        SettingsManager]: Boogie PL CUP Parser provides no preferences, ignoring...
[2020-06-17 21:35:45,177 INFO  L174        SettingsManager]: Resetting CDTParser preferences to default values
[2020-06-17 21:35:45,178 INFO  L177        SettingsManager]: AutomataScriptParser provides no preferences, ignoring...
[2020-06-17 21:35:45,178 INFO  L177        SettingsManager]: ReqParser provides no preferences, ignoring...
[2020-06-17 21:35:45,178 INFO  L174        SettingsManager]: Resetting SmtParser preferences to default values
[2020-06-17 21:35:45,178 INFO  L174        SettingsManager]: Resetting Witness Parser preferences to default values
[2020-06-17 21:35:45,179 INFO  L181        SettingsManager]: Finished resetting all preferences to default values...
[2020-06-17 21:35:45,194 INFO  L81    nceAwareModelManager]: Repository-Root is: /tmp
[2020-06-17 21:35:45,204 INFO  L258   ainManager$Toolchain]: [Toolchain 1]: Applicable parser(s) successfully (re)initialized
[2020-06-17 21:35:45,207 INFO  L214   ainManager$Toolchain]: [Toolchain 1]: Toolchain selected.
[2020-06-17 21:35:45,208 INFO  L271        PluginConnector]: Initializing Boogie PL CUP Parser...
[2020-06-17 21:35:45,208 INFO  L276        PluginConnector]: Boogie PL CUP Parser initialized
[2020-06-17 21:35:45,209 INFO  L418   ainManager$Toolchain]: [Toolchain 1]: Parsing single file: /home/lixie/LassoRankerExp/LassoRankerExp/./Program_non/87.bpl
[2020-06-17 21:35:45,209 INFO  L111           BoogieParser]: Parsing: '/home/lixie/LassoRankerExp/LassoRankerExp/./Program_non/87.bpl'
[2020-06-17 21:35:45,229 INFO  L296   ainManager$Toolchain]: ####################### [Toolchain 1] #######################
[2020-06-17 21:35:45,235 INFO  L131        ToolchainWalker]: Walking toolchain with 3 elements.
[2020-06-17 21:35:45,236 INFO  L113        PluginConnector]: ------------------------Boogie Preprocessor----------------------------
[2020-06-17 21:35:45,236 INFO  L271        PluginConnector]: Initializing Boogie Preprocessor...
[2020-06-17 21:35:45,236 INFO  L276        PluginConnector]: Boogie Preprocessor initialized
[2020-06-17 21:35:45,250 INFO  L185        PluginConnector]: Executing the observer EnsureBoogieModelObserver from plugin Boogie Preprocessor for "87.bpl de.uni_freiburg.informatik.ultimate.boogie.parser AST 17.06 09:35:45" (1/1) ...
[2020-06-17 21:35:45,251 INFO  L185        PluginConnector]: Executing the observer TypeChecker from plugin Boogie Preprocessor for "87.bpl de.uni_freiburg.informatik.ultimate.boogie.parser AST 17.06 09:35:45" (1/1) ...
[2020-06-17 21:35:45,254 INFO  L185        PluginConnector]: Executing the observer ConstExpander from plugin Boogie Preprocessor for "87.bpl de.uni_freiburg.informatik.ultimate.boogie.parser AST 17.06 09:35:45" (1/1) ...
[2020-06-17 21:35:45,254 INFO  L185        PluginConnector]: Executing the observer StructExpander from plugin Boogie Preprocessor for "87.bpl de.uni_freiburg.informatik.ultimate.boogie.parser AST 17.06 09:35:45" (1/1) ...
[2020-06-17 21:35:45,254 INFO  L185        PluginConnector]: Executing the observer UnstructureCode from plugin Boogie Preprocessor for "87.bpl de.uni_freiburg.informatik.ultimate.boogie.parser AST 17.06 09:35:45" (1/1) ...
[2020-06-17 21:35:45,257 INFO  L185        PluginConnector]: Executing the observer FunctionInliner from plugin Boogie Preprocessor for "87.bpl de.uni_freiburg.informatik.ultimate.boogie.parser AST 17.06 09:35:45" (1/1) ...
[2020-06-17 21:35:45,257 INFO  L185        PluginConnector]: Executing the observer BoogieSymbolTableConstructor from plugin Boogie Preprocessor for "87.bpl de.uni_freiburg.informatik.ultimate.boogie.parser AST 17.06 09:35:45" (1/1) ...
[2020-06-17 21:35:45,258 INFO  L132        PluginConnector]: ------------------------ END Boogie Preprocessor----------------------------
[2020-06-17 21:35:45,259 INFO  L113        PluginConnector]: ------------------------RCFGBuilder----------------------------
[2020-06-17 21:35:45,259 INFO  L271        PluginConnector]: Initializing RCFGBuilder...
[2020-06-17 21:35:45,259 INFO  L276        PluginConnector]: RCFGBuilder initialized
[2020-06-17 21:35:45,259 INFO  L185        PluginConnector]: Executing the observer RCFGBuilderObserver from plugin RCFGBuilder for "87.bpl de.uni_freiburg.informatik.ultimate.boogie.parser AST 17.06 09:35:45" (1/1) ...
No working directory specified, using /home/lixie/LassoRankerExp/LassoRankerExp/z3
Starting monitored process 1 with z3 SMTLIB2_COMPLIANT=true -memory:1024 -smt2 -in -t:12000 (exit command is (exit), workingDir is null)
Waiting until toolchain timeout for monitored process 1 with z3 SMTLIB2_COMPLIANT=true -memory:1024 -smt2 -in -t:12000
[2020-06-17 21:35:45,293 INFO  L124     BoogieDeclarations]: Specification and implementation of procedure NonTerminationSimple given in one single declaration
[2020-06-17 21:35:45,294 INFO  L130     BoogieDeclarations]: Found specification of procedure NonTerminationSimple
[2020-06-17 21:35:45,294 INFO  L138     BoogieDeclarations]: Found implementation of procedure NonTerminationSimple
[2020-06-17 21:35:45,346 INFO  L278             CfgBuilder]: Using library mode
[2020-06-17 21:35:45,346 INFO  L286             CfgBuilder]: Removed 1 assue(true) statements.
[2020-06-17 21:35:45,347 INFO  L202        PluginConnector]: Adding new model 87.bpl de.uni_freiburg.informatik.ultimate.plugins.generator.rcfgbuilder CFG 17.06 09:35:45 BoogieIcfgContainer
[2020-06-17 21:35:45,347 INFO  L132        PluginConnector]: ------------------------ END RCFGBuilder----------------------------
[2020-06-17 21:35:45,347 INFO  L113        PluginConnector]: ------------------------LassoRanker----------------------------
[2020-06-17 21:35:45,347 INFO  L271        PluginConnector]: Initializing LassoRanker...
[2020-06-17 21:35:45,347 INFO  L276        PluginConnector]: LassoRanker initialized
[2020-06-17 21:35:45,348 INFO  L185        PluginConnector]: Executing the observer LassoRankerObserver from plugin LassoRanker for "87.bpl de.uni_freiburg.informatik.ultimate.plugins.generator.rcfgbuilder CFG 17.06 09:35:45" (1/1) ...
[2020-06-17 21:35:45,365 INFO  L72            BuchiIsEmpty]: Start buchiIsEmpty. Operand 2 states.
[2020-06-17 21:35:45,378 INFO  L131   ngComponentsAnalysis]: Automaton has 1 accepting balls. 1
[2020-06-17 21:35:45,378 INFO  L87            BuchiIsEmpty]: Finished buchiIsEmpty Result is false
[2020-06-17 21:35:45,378 INFO  L119           BuchiIsEmpty]: Starting construction of run
[2020-06-17 21:35:45,383 INFO  L104     BuchiDifferenceFKV]: Start buchiDifferenceFKV. First operand 2 states. Second operand 1 states.
[2020-06-17 21:35:45,390 INFO  L108     BuchiDifferenceFKV]: Finished buchiDifferenceFKV. First operand 2 states. Second operand 1 states. Result 3 states and 4 transitions. Complement of second has 2 states 2 powerset states0 rank states. The highest rank that occured is -1
[2020-06-17 21:35:45,390 INFO  L72            BuchiIsEmpty]: Start buchiIsEmpty. Operand 3 states and 4 transitions.
[2020-06-17 21:35:45,390 INFO  L131   ngComponentsAnalysis]: Automaton has 0 accepting balls. 0
[2020-06-17 21:35:45,390 INFO  L87            BuchiIsEmpty]: Finished buchiIsEmpty Result is true
[2020-06-17 21:35:45,403 INFO  L216          LassoAnalysis]: Preferences:
[2020-06-17 21:35:45,404 INFO  L124   ssoRankerPreferences]: Compute integeral hull: false
[2020-06-17 21:35:45,404 INFO  L125   ssoRankerPreferences]: Enable LassoPartitioneer: true
[2020-06-17 21:35:45,404 INFO  L126   ssoRankerPreferences]: Term annotations enabled: false
[2020-06-17 21:35:45,404 INFO  L127   ssoRankerPreferences]: Use exernal solver: true
[2020-06-17 21:35:45,405 INFO  L128   ssoRankerPreferences]: SMT solver command: z3 -smt2 -in SMTLIB2_COMPLIANT=true
[2020-06-17 21:35:45,405 INFO  L129   ssoRankerPreferences]: Dump SMT script to file: false
[2020-06-17 21:35:45,405 INFO  L130   ssoRankerPreferences]: Path of dumped script: .
[2020-06-17 21:35:45,405 INFO  L131   ssoRankerPreferences]: Filename of dumped script: LassoRankerScript
[2020-06-17 21:35:45,405 INFO  L132   ssoRankerPreferences]: MapElimAlgo: Frank
[2020-06-17 21:35:45,405 INFO  L282          LassoAnalysis]: Starting lasso preprocessing...
[2020-06-17 21:35:45,416 INFO  L300          LassoAnalysis]: Preprocessing complete.
[2020-06-17 21:35:45,417 INFO  L412          LassoAnalysis]: Checking for nontermination...
No working directory specified, using /home/lixie/LassoRankerExp/LassoRankerExp/z3
Starting monitored process 2 with z3 -smt2 -in SMTLIB2_COMPLIANT=true (exit command is (exit), workingDir is null)
Waiting until toolchain timeout for monitored process 2 with z3 -smt2 -in SMTLIB2_COMPLIANT=true
[2020-06-17 21:35:45,422 INFO  L151   nArgumentSynthesizer]: Nontermination analysis: LINEAR_WITH_GUESSES Allow bounded executions: true Number of generalized eigenvectors: 0 Nilpotent components: true
[2020-06-17 21:35:45,426 INFO  L445          LassoAnalysis]: Proved nontermination for one component.
[2020-06-17 21:35:45,426 INFO  L448          LassoAnalysis]: Non-Termination argument consisting of: Initial state: {} Honda state: {} Generalized eigenvectors: [] Lambdas: [] Nus: []
[2020-06-17 21:35:45,443 INFO  L132        PluginConnector]: ------------------------ END LassoRanker----------------------------
[2020-06-17 21:35:45,444 INFO  L168              Benchmark]: Toolchain (without parser) took 214.99 ms. Allocated memory is still 514.9 MB. Free memory was 472.9 MB in the beginning and 449.3 MB in the end (delta: 23.6 MB). Peak memory consumption was 23.6 MB. Max. memory is 11.5 GB.
[2020-06-17 21:35:45,445 INFO  L168              Benchmark]: Boogie PL CUP Parser took 0.14 ms. Allocated memory is still 514.9 MB. Free memory is still 474.4 MB. There was no memory consumed. Max. memory is 11.5 GB.
[2020-06-17 21:35:45,446 INFO  L168              Benchmark]: Boogie Preprocessor took 22.38 ms. Allocated memory is still 514.9 MB. Free memory was 471.5 MB in the beginning and 470.2 MB in the end (delta: 1.3 MB). Peak memory consumption was 1.3 MB. Max. memory is 11.5 GB.
[2020-06-17 21:35:45,446 INFO  L168              Benchmark]: RCFGBuilder took 88.27 ms. Allocated memory is still 514.9 MB. Free memory was 470.2 MB in the beginning and 460.7 MB in the end (delta: 9.4 MB). Peak memory consumption was 9.4 MB. Max. memory is 11.5 GB.
[2020-06-17 21:35:45,447 INFO  L168              Benchmark]: LassoRanker took 96.46 ms. Allocated memory is still 514.9 MB. Free memory was 460.7 MB in the beginning and 449.3 MB in the end (delta: 11.5 MB). Peak memory consumption was 11.5 MB. Max. memory is 11.5 GB.
[2020-06-17 21:35:45,449 INFO  L336   ainManager$Toolchain]: #######################  End [Toolchain 1] #######################
 --- Results ---
 * Results from de.uni_freiburg.informatik.ultimate.core:
  - StatisticsResult: Toolchain Benchmarks
    Benchmark results are:
 * Boogie PL CUP Parser took 0.14 ms. Allocated memory is still 514.9 MB. Free memory is still 474.4 MB. There was no memory consumed. Max. memory is 11.5 GB.
 * Boogie Preprocessor took 22.38 ms. Allocated memory is still 514.9 MB. Free memory was 471.5 MB in the beginning and 470.2 MB in the end (delta: 1.3 MB). Peak memory consumption was 1.3 MB. Max. memory is 11.5 GB.
 * RCFGBuilder took 88.27 ms. Allocated memory is still 514.9 MB. Free memory was 470.2 MB in the beginning and 460.7 MB in the end (delta: 9.4 MB). Peak memory consumption was 9.4 MB. Max. memory is 11.5 GB.
 * LassoRanker took 96.46 ms. Allocated memory is still 514.9 MB. Free memory was 460.7 MB in the beginning and 449.3 MB in the end (delta: 11.5 MB). Peak memory consumption was 11.5 MB. Max. memory is 11.5 GB.
 * Results from de.uni_freiburg.informatik.ultimate.plugins.analysis.lassoranker:
  - StatisticsResult: NonterminationArgumentStatistics
    Fixpoint 0GEVs Lambdas: [] Mus: []
  - GeometricNonTerminationArgumentResult [Line: 9]: Nontermination argument in form of an infinite program execution.
    Nontermination argument in form of an infinite execution
State at position 0 is
{}
State at position 1 is
{}
For i>1, the state at position i is
{}
RESULT: Ultimate could not prove your program: Toolchain returned no result.
Received shutdown request...
Ultimate:
GTK+ Version Check
