This is Ultimate 0.1.24-16d85fa
[2020-06-17 21:35:46,755 INFO  L170        SettingsManager]: Resetting all preferences to default values...
[2020-06-17 21:35:46,757 INFO  L174        SettingsManager]: Resetting UltimateCore preferences to default values
[2020-06-17 21:35:46,766 INFO  L177        SettingsManager]: Ultimate Commandline Interface provides no preferences, ignoring...
[2020-06-17 21:35:46,766 INFO  L174        SettingsManager]: Resetting Boogie Preprocessor preferences to default values
[2020-06-17 21:35:46,767 INFO  L174        SettingsManager]: Resetting Boogie Procedure Inliner preferences to default values
[2020-06-17 21:35:46,768 INFO  L174        SettingsManager]: Resetting Abstract Interpretation preferences to default values
[2020-06-17 21:35:46,769 INFO  L174        SettingsManager]: Resetting LassoRanker preferences to default values
[2020-06-17 21:35:46,770 INFO  L174        SettingsManager]: Resetting Reaching Definitions preferences to default values
[2020-06-17 21:35:46,770 INFO  L174        SettingsManager]: Resetting SyntaxChecker preferences to default values
[2020-06-17 21:35:46,771 INFO  L177        SettingsManager]: Büchi Program Product provides no preferences, ignoring...
[2020-06-17 21:35:46,771 INFO  L174        SettingsManager]: Resetting LTL2Aut preferences to default values
[2020-06-17 21:35:46,772 INFO  L174        SettingsManager]: Resetting PEA to Boogie preferences to default values
[2020-06-17 21:35:46,772 INFO  L174        SettingsManager]: Resetting BlockEncodingV2 preferences to default values
[2020-06-17 21:35:46,773 INFO  L174        SettingsManager]: Resetting ChcToBoogie preferences to default values
[2020-06-17 21:35:46,773 INFO  L174        SettingsManager]: Resetting AutomataScriptInterpreter preferences to default values
[2020-06-17 21:35:46,774 INFO  L174        SettingsManager]: Resetting BuchiAutomizer preferences to default values
[2020-06-17 21:35:46,775 INFO  L174        SettingsManager]: Resetting CACSL2BoogieTranslator preferences to default values
[2020-06-17 21:35:46,776 INFO  L174        SettingsManager]: Resetting CodeCheck preferences to default values
[2020-06-17 21:35:46,777 INFO  L174        SettingsManager]: Resetting InvariantSynthesis preferences to default values
[2020-06-17 21:35:46,777 INFO  L174        SettingsManager]: Resetting RCFGBuilder preferences to default values
[2020-06-17 21:35:46,778 INFO  L174        SettingsManager]: Resetting TraceAbstraction preferences to default values
[2020-06-17 21:35:46,779 INFO  L177        SettingsManager]: TraceAbstractionConcurrent provides no preferences, ignoring...
[2020-06-17 21:35:46,780 INFO  L177        SettingsManager]: TraceAbstractionWithAFAs provides no preferences, ignoring...
[2020-06-17 21:35:46,780 INFO  L174        SettingsManager]: Resetting TreeAutomizer preferences to default values
[2020-06-17 21:35:46,780 INFO  L174        SettingsManager]: Resetting IcfgTransformer preferences to default values
[2020-06-17 21:35:46,781 INFO  L174        SettingsManager]: Resetting Boogie Printer preferences to default values
[2020-06-17 21:35:46,781 INFO  L174        SettingsManager]: Resetting ReqPrinter preferences to default values
[2020-06-17 21:35:46,782 INFO  L174        SettingsManager]: Resetting Witness Printer preferences to default values
[2020-06-17 21:35:46,782 INFO  L177        SettingsManager]: Boogie PL CUP Parser provides no preferences, ignoring...
[2020-06-17 21:35:46,782 INFO  L174        SettingsManager]: Resetting CDTParser preferences to default values
[2020-06-17 21:35:46,783 INFO  L177        SettingsManager]: AutomataScriptParser provides no preferences, ignoring...
[2020-06-17 21:35:46,783 INFO  L177        SettingsManager]: ReqParser provides no preferences, ignoring...
[2020-06-17 21:35:46,783 INFO  L174        SettingsManager]: Resetting SmtParser preferences to default values
[2020-06-17 21:35:46,783 INFO  L174        SettingsManager]: Resetting Witness Parser preferences to default values
[2020-06-17 21:35:46,784 INFO  L181        SettingsManager]: Finished resetting all preferences to default values...
[2020-06-17 21:35:46,799 INFO  L81    nceAwareModelManager]: Repository-Root is: /tmp
[2020-06-17 21:35:46,809 INFO  L258   ainManager$Toolchain]: [Toolchain 1]: Applicable parser(s) successfully (re)initialized
[2020-06-17 21:35:46,811 INFO  L214   ainManager$Toolchain]: [Toolchain 1]: Toolchain selected.
[2020-06-17 21:35:46,813 INFO  L271        PluginConnector]: Initializing Boogie PL CUP Parser...
[2020-06-17 21:35:46,813 INFO  L276        PluginConnector]: Boogie PL CUP Parser initialized
[2020-06-17 21:35:46,814 INFO  L418   ainManager$Toolchain]: [Toolchain 1]: Parsing single file: /home/lixie/LassoRankerExp/LassoRankerExp/./Program_non/88.bpl
[2020-06-17 21:35:46,814 INFO  L111           BoogieParser]: Parsing: '/home/lixie/LassoRankerExp/LassoRankerExp/./Program_non/88.bpl'
[2020-06-17 21:35:46,836 INFO  L296   ainManager$Toolchain]: ####################### [Toolchain 1] #######################
[2020-06-17 21:35:46,843 INFO  L131        ToolchainWalker]: Walking toolchain with 3 elements.
[2020-06-17 21:35:46,844 INFO  L113        PluginConnector]: ------------------------Boogie Preprocessor----------------------------
[2020-06-17 21:35:46,844 INFO  L271        PluginConnector]: Initializing Boogie Preprocessor...
[2020-06-17 21:35:46,844 INFO  L276        PluginConnector]: Boogie Preprocessor initialized
[2020-06-17 21:35:46,857 INFO  L185        PluginConnector]: Executing the observer EnsureBoogieModelObserver from plugin Boogie Preprocessor for "88.bpl de.uni_freiburg.informatik.ultimate.boogie.parser AST 17.06 09:35:46" (1/1) ...
[2020-06-17 21:35:46,858 INFO  L185        PluginConnector]: Executing the observer TypeChecker from plugin Boogie Preprocessor for "88.bpl de.uni_freiburg.informatik.ultimate.boogie.parser AST 17.06 09:35:46" (1/1) ...
[2020-06-17 21:35:46,862 INFO  L185        PluginConnector]: Executing the observer ConstExpander from plugin Boogie Preprocessor for "88.bpl de.uni_freiburg.informatik.ultimate.boogie.parser AST 17.06 09:35:46" (1/1) ...
[2020-06-17 21:35:46,862 INFO  L185        PluginConnector]: Executing the observer StructExpander from plugin Boogie Preprocessor for "88.bpl de.uni_freiburg.informatik.ultimate.boogie.parser AST 17.06 09:35:46" (1/1) ...
[2020-06-17 21:35:46,863 INFO  L185        PluginConnector]: Executing the observer UnstructureCode from plugin Boogie Preprocessor for "88.bpl de.uni_freiburg.informatik.ultimate.boogie.parser AST 17.06 09:35:46" (1/1) ...
[2020-06-17 21:35:46,866 INFO  L185        PluginConnector]: Executing the observer FunctionInliner from plugin Boogie Preprocessor for "88.bpl de.uni_freiburg.informatik.ultimate.boogie.parser AST 17.06 09:35:46" (1/1) ...
[2020-06-17 21:35:46,866 INFO  L185        PluginConnector]: Executing the observer BoogieSymbolTableConstructor from plugin Boogie Preprocessor for "88.bpl de.uni_freiburg.informatik.ultimate.boogie.parser AST 17.06 09:35:46" (1/1) ...
[2020-06-17 21:35:46,867 INFO  L132        PluginConnector]: ------------------------ END Boogie Preprocessor----------------------------
[2020-06-17 21:35:46,868 INFO  L113        PluginConnector]: ------------------------RCFGBuilder----------------------------
[2020-06-17 21:35:46,868 INFO  L271        PluginConnector]: Initializing RCFGBuilder...
[2020-06-17 21:35:46,868 INFO  L276        PluginConnector]: RCFGBuilder initialized
[2020-06-17 21:35:46,868 INFO  L185        PluginConnector]: Executing the observer RCFGBuilderObserver from plugin RCFGBuilder for "88.bpl de.uni_freiburg.informatik.ultimate.boogie.parser AST 17.06 09:35:46" (1/1) ...
No working directory specified, using /home/lixie/LassoRankerExp/LassoRankerExp/z3
Starting monitored process 1 with z3 SMTLIB2_COMPLIANT=true -memory:1024 -smt2 -in -t:12000 (exit command is (exit), workingDir is null)
Waiting until toolchain timeout for monitored process 1 with z3 SMTLIB2_COMPLIANT=true -memory:1024 -smt2 -in -t:12000
[2020-06-17 21:35:46,903 INFO  L124     BoogieDeclarations]: Specification and implementation of procedure main given in one single declaration
[2020-06-17 21:35:46,903 INFO  L130     BoogieDeclarations]: Found specification of procedure main
[2020-06-17 21:35:46,903 INFO  L138     BoogieDeclarations]: Found implementation of procedure main
[2020-06-17 21:35:46,971 INFO  L278             CfgBuilder]: Using library mode
[2020-06-17 21:35:46,971 INFO  L286             CfgBuilder]: Removed 0 assue(true) statements.
[2020-06-17 21:35:46,972 INFO  L202        PluginConnector]: Adding new model 88.bpl de.uni_freiburg.informatik.ultimate.plugins.generator.rcfgbuilder CFG 17.06 09:35:46 BoogieIcfgContainer
[2020-06-17 21:35:46,972 INFO  L132        PluginConnector]: ------------------------ END RCFGBuilder----------------------------
[2020-06-17 21:35:46,972 INFO  L113        PluginConnector]: ------------------------LassoRanker----------------------------
[2020-06-17 21:35:46,972 INFO  L271        PluginConnector]: Initializing LassoRanker...
[2020-06-17 21:35:46,972 INFO  L276        PluginConnector]: LassoRanker initialized
[2020-06-17 21:35:46,973 INFO  L185        PluginConnector]: Executing the observer LassoRankerObserver from plugin LassoRanker for "88.bpl de.uni_freiburg.informatik.ultimate.plugins.generator.rcfgbuilder CFG 17.06 09:35:46" (1/1) ...
[2020-06-17 21:35:46,993 INFO  L72            BuchiIsEmpty]: Start buchiIsEmpty. Operand 2 states.
[2020-06-17 21:35:47,007 INFO  L131   ngComponentsAnalysis]: Automaton has 1 accepting balls. 1
[2020-06-17 21:35:47,007 INFO  L87            BuchiIsEmpty]: Finished buchiIsEmpty Result is false
[2020-06-17 21:35:47,007 INFO  L119           BuchiIsEmpty]: Starting construction of run
[2020-06-17 21:35:47,012 INFO  L104     BuchiDifferenceFKV]: Start buchiDifferenceFKV. First operand 2 states. Second operand 1 states.
[2020-06-17 21:35:47,019 INFO  L108     BuchiDifferenceFKV]: Finished buchiDifferenceFKV. First operand 2 states. Second operand 1 states. Result 3 states and 4 transitions. Complement of second has 2 states 2 powerset states0 rank states. The highest rank that occured is -1
[2020-06-17 21:35:47,020 INFO  L72            BuchiIsEmpty]: Start buchiIsEmpty. Operand 3 states and 4 transitions.
[2020-06-17 21:35:47,020 INFO  L131   ngComponentsAnalysis]: Automaton has 0 accepting balls. 0
[2020-06-17 21:35:47,020 INFO  L87            BuchiIsEmpty]: Finished buchiIsEmpty Result is true
[2020-06-17 21:35:47,047 INFO  L216          LassoAnalysis]: Preferences:
[2020-06-17 21:35:47,048 INFO  L124   ssoRankerPreferences]: Compute integeral hull: false
[2020-06-17 21:35:47,048 INFO  L125   ssoRankerPreferences]: Enable LassoPartitioneer: true
[2020-06-17 21:35:47,048 INFO  L126   ssoRankerPreferences]: Term annotations enabled: false
[2020-06-17 21:35:47,048 INFO  L127   ssoRankerPreferences]: Use exernal solver: true
[2020-06-17 21:35:47,048 INFO  L128   ssoRankerPreferences]: SMT solver command: z3 -smt2 -in SMTLIB2_COMPLIANT=true
[2020-06-17 21:35:47,048 INFO  L129   ssoRankerPreferences]: Dump SMT script to file: false
[2020-06-17 21:35:47,048 INFO  L130   ssoRankerPreferences]: Path of dumped script: .
[2020-06-17 21:35:47,048 INFO  L131   ssoRankerPreferences]: Filename of dumped script: LassoRankerScript
[2020-06-17 21:35:47,048 INFO  L132   ssoRankerPreferences]: MapElimAlgo: Frank
[2020-06-17 21:35:47,049 INFO  L282          LassoAnalysis]: Starting lasso preprocessing...
[2020-06-17 21:35:47,061 INFO  L141          MapEliminator]: Using MapEliminator with SimplificationTechnique=SIMPLIFY_DDA XnfConversionTechnique=BOTTOM_UP_WITH_LOCAL_SIMPLIFICATION AddInequalities=false OnlyTrivialImplicationsArrayWrite=false OnlyTrivialImplicationsForModifiedArguments=true OnlyArgumentsInFormula=true
[2020-06-17 21:35:47,069 INFO  L141          MapEliminator]: Using MapEliminator with SimplificationTechnique=SIMPLIFY_DDA XnfConversionTechnique=BOTTOM_UP_WITH_LOCAL_SIMPLIFICATION AddInequalities=false OnlyTrivialImplicationsArrayWrite=false OnlyTrivialImplicationsForModifiedArguments=true OnlyArgumentsInFormula=true
[2020-06-17 21:35:47,090 INFO  L300          LassoAnalysis]: Preprocessing complete.
[2020-06-17 21:35:47,091 INFO  L412          LassoAnalysis]: Checking for nontermination...
No working directory specified, using /home/lixie/LassoRankerExp/LassoRankerExp/z3
Starting monitored process 2 with z3 -smt2 -in SMTLIB2_COMPLIANT=true (exit command is (exit), workingDir is null)
Waiting until toolchain timeout for monitored process 2 with z3 -smt2 -in SMTLIB2_COMPLIANT=true
[2020-06-17 21:35:47,095 INFO  L151   nArgumentSynthesizer]: Nontermination analysis: LINEAR_WITH_GUESSES Allow bounded executions: true Number of generalized eigenvectors: 0 Nilpotent components: true
[2020-06-17 21:35:47,095 INFO  L163   nArgumentSynthesizer]: Using integer mode.
No working directory specified, using /home/lixie/LassoRankerExp/LassoRankerExp/z3
Starting monitored process 3 with z3 -smt2 -in SMTLIB2_COMPLIANT=true (exit command is (exit), workingDir is null)
Waiting until toolchain timeout for monitored process 3 with z3 -smt2 -in SMTLIB2_COMPLIANT=true
[2020-06-17 21:35:47,112 INFO  L151   nArgumentSynthesizer]: Nontermination analysis: LINEAR_WITH_GUESSES Allow bounded executions: true Number of generalized eigenvectors: 3 Nilpotent components: true
[2020-06-17 21:35:47,112 INFO  L163   nArgumentSynthesizer]: Using integer mode.
[2020-06-17 21:35:47,130 INFO  L452          LassoAnalysis]: Proving nontermination failed: No geometric nontermination argument exists.
[2020-06-17 21:35:47,131 INFO  L216          LassoAnalysis]: Preferences:
[2020-06-17 21:35:47,131 INFO  L124   ssoRankerPreferences]: Compute integeral hull: false
[2020-06-17 21:35:47,131 INFO  L125   ssoRankerPreferences]: Enable LassoPartitioneer: true
[2020-06-17 21:35:47,132 INFO  L126   ssoRankerPreferences]: Term annotations enabled: false
[2020-06-17 21:35:47,132 INFO  L127   ssoRankerPreferences]: Use exernal solver: true
[2020-06-17 21:35:47,132 INFO  L128   ssoRankerPreferences]: SMT solver command: z3 -smt2 -in SMTLIB2_COMPLIANT=true
[2020-06-17 21:35:47,132 INFO  L129   ssoRankerPreferences]: Dump SMT script to file: false
[2020-06-17 21:35:47,132 INFO  L130   ssoRankerPreferences]: Path of dumped script: .
[2020-06-17 21:35:47,132 INFO  L131   ssoRankerPreferences]: Filename of dumped script: LassoRankerScript
[2020-06-17 21:35:47,132 INFO  L132   ssoRankerPreferences]: MapElimAlgo: Frank
[2020-06-17 21:35:47,132 INFO  L282          LassoAnalysis]: Starting lasso preprocessing...
[2020-06-17 21:35:47,133 INFO  L141          MapEliminator]: Using MapEliminator with SimplificationTechnique=SIMPLIFY_DDA XnfConversionTechnique=BOTTOM_UP_WITH_LOCAL_SIMPLIFICATION AddInequalities=false OnlyTrivialImplicationsArrayWrite=false OnlyTrivialImplicationsForModifiedArguments=true OnlyArgumentsInFormula=true
[2020-06-17 21:35:47,136 INFO  L141          MapEliminator]: Using MapEliminator with SimplificationTechnique=SIMPLIFY_DDA XnfConversionTechnique=BOTTOM_UP_WITH_LOCAL_SIMPLIFICATION AddInequalities=false OnlyTrivialImplicationsArrayWrite=false OnlyTrivialImplicationsForModifiedArguments=true OnlyArgumentsInFormula=true
[2020-06-17 21:35:47,151 INFO  L300          LassoAnalysis]: Preprocessing complete.
[2020-06-17 21:35:47,154 INFO  L497          LassoAnalysis]: Using template 'affine'.
No working directory specified, using /home/lixie/LassoRankerExp/LassoRankerExp/z3
Starting monitored process 4 with z3 -smt2 -in SMTLIB2_COMPLIANT=true (exit command is (exit), workingDir is null)
Waiting until toolchain timeout for monitored process 4 with z3 -smt2 -in SMTLIB2_COMPLIANT=true
[2020-06-17 21:35:47,157 INFO  L122   nArgumentSynthesizer]: Termination Analysis Settings:
Termination analysis: LINEAR_WITH_GUESSES
Number of strict supporting invariants: 1
Number of non-strict supporting invariants: 0
Consider only non-deceasing supporting invariants: true
Simplify termination arguments: true
Simplify supporting invariants: trueOverapproximate stem: false
[2020-06-17 21:35:47,158 INFO  L339   nArgumentSynthesizer]: Template has degree 0.
[2020-06-17 21:35:47,158 INFO  L352   nArgumentSynthesizer]: There is no stem transition; disabling supporting invariant generation.
[2020-06-17 21:35:47,159 INFO  L205   nArgumentSynthesizer]: 1 stem disjuncts
[2020-06-17 21:35:47,159 INFO  L206   nArgumentSynthesizer]: 1 loop disjuncts
[2020-06-17 21:35:47,159 INFO  L207   nArgumentSynthesizer]: 2 template conjuncts.
[2020-06-17 21:35:47,161 INFO  L402   nArgumentSynthesizer]: We have 2 Motzkin's Theorem applications.
[2020-06-17 21:35:47,161 INFO  L403   nArgumentSynthesizer]: A total of 0 supporting invariants were added.
[2020-06-17 21:35:47,163 INFO  L530          LassoAnalysis]: Proving termination failed for this template and these settings.
No working directory specified, using /home/lixie/LassoRankerExp/LassoRankerExp/z3
Starting monitored process 5 with z3 -smt2 -in SMTLIB2_COMPLIANT=true (exit command is (exit), workingDir is null)
Waiting until toolchain timeout for monitored process 5 with z3 -smt2 -in SMTLIB2_COMPLIANT=true
[2020-06-17 21:35:47,177 INFO  L122   nArgumentSynthesizer]: Termination Analysis Settings:
Termination analysis: LINEAR_WITH_GUESSES
Number of strict supporting invariants: 1
Number of non-strict supporting invariants: 0
Consider only non-deceasing supporting invariants: true
Simplify termination arguments: true
Simplify supporting invariants: trueOverapproximate stem: false
[2020-06-17 21:35:47,178 INFO  L339   nArgumentSynthesizer]: Template has degree 0.
[2020-06-17 21:35:47,178 INFO  L352   nArgumentSynthesizer]: There is no stem transition; disabling supporting invariant generation.
[2020-06-17 21:35:47,178 INFO  L205   nArgumentSynthesizer]: 1 stem disjuncts
[2020-06-17 21:35:47,178 INFO  L206   nArgumentSynthesizer]: 1 loop disjuncts
[2020-06-17 21:35:47,178 INFO  L207   nArgumentSynthesizer]: 2 template conjuncts.
[2020-06-17 21:35:47,179 INFO  L402   nArgumentSynthesizer]: We have 2 Motzkin's Theorem applications.
[2020-06-17 21:35:47,179 INFO  L403   nArgumentSynthesizer]: A total of 0 supporting invariants were added.
[2020-06-17 21:35:47,180 INFO  L530          LassoAnalysis]: Proving termination failed for this template and these settings.
[2020-06-17 21:35:47,192 INFO  L497          LassoAnalysis]: Using template '2-nested'.
No working directory specified, using /home/lixie/LassoRankerExp/LassoRankerExp/z3
Starting monitored process 6 with z3 -smt2 -in SMTLIB2_COMPLIANT=true (exit command is (exit), workingDir is null)
Waiting until toolchain timeout for monitored process 6 with z3 -smt2 -in SMTLIB2_COMPLIANT=true
[2020-06-17 21:35:47,194 INFO  L122   nArgumentSynthesizer]: Termination Analysis Settings:
Termination analysis: LINEAR_WITH_GUESSES
Number of strict supporting invariants: 1
Number of non-strict supporting invariants: 0
Consider only non-deceasing supporting invariants: true
Simplify termination arguments: true
Simplify supporting invariants: trueOverapproximate stem: false
[2020-06-17 21:35:47,195 INFO  L339   nArgumentSynthesizer]: Template has degree 0.
[2020-06-17 21:35:47,195 INFO  L352   nArgumentSynthesizer]: There is no stem transition; disabling supporting invariant generation.
[2020-06-17 21:35:47,195 INFO  L205   nArgumentSynthesizer]: 1 stem disjuncts
[2020-06-17 21:35:47,195 INFO  L206   nArgumentSynthesizer]: 1 loop disjuncts
[2020-06-17 21:35:47,196 INFO  L207   nArgumentSynthesizer]: 3 template conjuncts.
[2020-06-17 21:35:47,197 INFO  L402   nArgumentSynthesizer]: We have 3 Motzkin's Theorem applications.
[2020-06-17 21:35:47,197 INFO  L403   nArgumentSynthesizer]: A total of 0 supporting invariants were added.
[2020-06-17 21:35:47,199 INFO  L530          LassoAnalysis]: Proving termination failed for this template and these settings.
No working directory specified, using /home/lixie/LassoRankerExp/LassoRankerExp/z3
Starting monitored process 7 with z3 -smt2 -in SMTLIB2_COMPLIANT=true (exit command is (exit), workingDir is null)
Waiting until toolchain timeout for monitored process 7 with z3 -smt2 -in SMTLIB2_COMPLIANT=true
[2020-06-17 21:35:47,213 INFO  L122   nArgumentSynthesizer]: Termination Analysis Settings:
Termination analysis: LINEAR_WITH_GUESSES
Number of strict supporting invariants: 1
Number of non-strict supporting invariants: 0
Consider only non-deceasing supporting invariants: true
Simplify termination arguments: true
Simplify supporting invariants: trueOverapproximate stem: false
[2020-06-17 21:35:47,214 INFO  L339   nArgumentSynthesizer]: Template has degree 0.
[2020-06-17 21:35:47,214 INFO  L352   nArgumentSynthesizer]: There is no stem transition; disabling supporting invariant generation.
[2020-06-17 21:35:47,215 INFO  L205   nArgumentSynthesizer]: 1 stem disjuncts
[2020-06-17 21:35:47,215 INFO  L206   nArgumentSynthesizer]: 1 loop disjuncts
[2020-06-17 21:35:47,215 INFO  L207   nArgumentSynthesizer]: 3 template conjuncts.
[2020-06-17 21:35:47,216 INFO  L402   nArgumentSynthesizer]: We have 3 Motzkin's Theorem applications.
[2020-06-17 21:35:47,216 INFO  L403   nArgumentSynthesizer]: A total of 0 supporting invariants were added.
[2020-06-17 21:35:47,218 INFO  L530          LassoAnalysis]: Proving termination failed for this template and these settings.
[2020-06-17 21:35:47,235 INFO  L497          LassoAnalysis]: Using template '3-nested'.
No working directory specified, using /home/lixie/LassoRankerExp/LassoRankerExp/z3
Starting monitored process 8 with z3 -smt2 -in SMTLIB2_COMPLIANT=true (exit command is (exit), workingDir is null)
Waiting until toolchain timeout for monitored process 8 with z3 -smt2 -in SMTLIB2_COMPLIANT=true
[2020-06-17 21:35:47,237 INFO  L122   nArgumentSynthesizer]: Termination Analysis Settings:
Termination analysis: LINEAR_WITH_GUESSES
Number of strict supporting invariants: 1
Number of non-strict supporting invariants: 0
Consider only non-deceasing supporting invariants: true
Simplify termination arguments: true
Simplify supporting invariants: trueOverapproximate stem: false
[2020-06-17 21:35:47,238 INFO  L339   nArgumentSynthesizer]: Template has degree 0.
[2020-06-17 21:35:47,238 INFO  L352   nArgumentSynthesizer]: There is no stem transition; disabling supporting invariant generation.
[2020-06-17 21:35:47,238 INFO  L205   nArgumentSynthesizer]: 1 stem disjuncts
[2020-06-17 21:35:47,239 INFO  L206   nArgumentSynthesizer]: 1 loop disjuncts
[2020-06-17 21:35:47,239 INFO  L207   nArgumentSynthesizer]: 4 template conjuncts.
[2020-06-17 21:35:47,240 INFO  L402   nArgumentSynthesizer]: We have 4 Motzkin's Theorem applications.
[2020-06-17 21:35:47,240 INFO  L403   nArgumentSynthesizer]: A total of 0 supporting invariants were added.
[2020-06-17 21:35:47,243 INFO  L530          LassoAnalysis]: Proving termination failed for this template and these settings.
No working directory specified, using /home/lixie/LassoRankerExp/LassoRankerExp/z3
Starting monitored process 9 with z3 -smt2 -in SMTLIB2_COMPLIANT=true (exit command is (exit), workingDir is null)
Waiting until toolchain timeout for monitored process 9 with z3 -smt2 -in SMTLIB2_COMPLIANT=true
[2020-06-17 21:35:47,256 INFO  L122   nArgumentSynthesizer]: Termination Analysis Settings:
Termination analysis: LINEAR_WITH_GUESSES
Number of strict supporting invariants: 1
Number of non-strict supporting invariants: 0
Consider only non-deceasing supporting invariants: true
Simplify termination arguments: true
Simplify supporting invariants: trueOverapproximate stem: false
[2020-06-17 21:35:47,258 INFO  L339   nArgumentSynthesizer]: Template has degree 0.
[2020-06-17 21:35:47,258 INFO  L352   nArgumentSynthesizer]: There is no stem transition; disabling supporting invariant generation.
[2020-06-17 21:35:47,258 INFO  L205   nArgumentSynthesizer]: 1 stem disjuncts
[2020-06-17 21:35:47,258 INFO  L206   nArgumentSynthesizer]: 1 loop disjuncts
[2020-06-17 21:35:47,258 INFO  L207   nArgumentSynthesizer]: 4 template conjuncts.
[2020-06-17 21:35:47,260 INFO  L402   nArgumentSynthesizer]: We have 4 Motzkin's Theorem applications.
[2020-06-17 21:35:47,260 INFO  L403   nArgumentSynthesizer]: A total of 0 supporting invariants were added.
[2020-06-17 21:35:47,262 INFO  L530          LassoAnalysis]: Proving termination failed for this template and these settings.
[2020-06-17 21:35:47,274 INFO  L497          LassoAnalysis]: Using template '4-nested'.
No working directory specified, using /home/lixie/LassoRankerExp/LassoRankerExp/z3
Starting monitored process 10 with z3 -smt2 -in SMTLIB2_COMPLIANT=true (exit command is (exit), workingDir is null)
Waiting until toolchain timeout for monitored process 10 with z3 -smt2 -in SMTLIB2_COMPLIANT=true
[2020-06-17 21:35:47,276 INFO  L122   nArgumentSynthesizer]: Termination Analysis Settings:
Termination analysis: LINEAR_WITH_GUESSES
Number of strict supporting invariants: 1
Number of non-strict supporting invariants: 0
Consider only non-deceasing supporting invariants: true
Simplify termination arguments: true
Simplify supporting invariants: trueOverapproximate stem: false
[2020-06-17 21:35:47,277 INFO  L339   nArgumentSynthesizer]: Template has degree 0.
[2020-06-17 21:35:47,277 INFO  L352   nArgumentSynthesizer]: There is no stem transition; disabling supporting invariant generation.
[2020-06-17 21:35:47,277 INFO  L205   nArgumentSynthesizer]: 1 stem disjuncts
[2020-06-17 21:35:47,277 INFO  L206   nArgumentSynthesizer]: 1 loop disjuncts
[2020-06-17 21:35:47,277 INFO  L207   nArgumentSynthesizer]: 5 template conjuncts.
[2020-06-17 21:35:47,279 INFO  L402   nArgumentSynthesizer]: We have 5 Motzkin's Theorem applications.
[2020-06-17 21:35:47,279 INFO  L403   nArgumentSynthesizer]: A total of 0 supporting invariants were added.
[2020-06-17 21:35:47,281 INFO  L530          LassoAnalysis]: Proving termination failed for this template and these settings.
No working directory specified, using /home/lixie/LassoRankerExp/LassoRankerExp/z3
Starting monitored process 11 with z3 -smt2 -in SMTLIB2_COMPLIANT=true (exit command is (exit), workingDir is null)
Waiting until toolchain timeout for monitored process 11 with z3 -smt2 -in SMTLIB2_COMPLIANT=true
[2020-06-17 21:35:47,295 INFO  L122   nArgumentSynthesizer]: Termination Analysis Settings:
Termination analysis: LINEAR_WITH_GUESSES
Number of strict supporting invariants: 1
Number of non-strict supporting invariants: 0
Consider only non-deceasing supporting invariants: true
Simplify termination arguments: true
Simplify supporting invariants: trueOverapproximate stem: false
[2020-06-17 21:35:47,296 INFO  L339   nArgumentSynthesizer]: Template has degree 0.
[2020-06-17 21:35:47,296 INFO  L352   nArgumentSynthesizer]: There is no stem transition; disabling supporting invariant generation.
[2020-06-17 21:35:47,296 INFO  L205   nArgumentSynthesizer]: 1 stem disjuncts
[2020-06-17 21:35:47,296 INFO  L206   nArgumentSynthesizer]: 1 loop disjuncts
[2020-06-17 21:35:47,297 INFO  L207   nArgumentSynthesizer]: 5 template conjuncts.
[2020-06-17 21:35:47,298 INFO  L402   nArgumentSynthesizer]: We have 5 Motzkin's Theorem applications.
[2020-06-17 21:35:47,298 INFO  L403   nArgumentSynthesizer]: A total of 0 supporting invariants were added.
[2020-06-17 21:35:47,300 INFO  L530          LassoAnalysis]: Proving termination failed for this template and these settings.
[2020-06-17 21:35:47,322 INFO  L497          LassoAnalysis]: Using template '2-phase'.
No working directory specified, using /home/lixie/LassoRankerExp/LassoRankerExp/z3
Starting monitored process 12 with z3 -smt2 -in SMTLIB2_COMPLIANT=true (exit command is (exit), workingDir is null)
Waiting until toolchain timeout for monitored process 12 with z3 -smt2 -in SMTLIB2_COMPLIANT=true
[2020-06-17 21:35:47,324 INFO  L122   nArgumentSynthesizer]: Termination Analysis Settings:
Termination analysis: LINEAR_WITH_GUESSES
Number of strict supporting invariants: 1
Number of non-strict supporting invariants: 0
Consider only non-deceasing supporting invariants: true
Simplify termination arguments: true
Simplify supporting invariants: trueOverapproximate stem: false
[2020-06-17 21:35:47,325 WARN  L334   nArgumentSynthesizer]: Using a linear SMT query and a templates of degree > 0, hence this method is incomplete.
[2020-06-17 21:35:47,326 INFO  L339   nArgumentSynthesizer]: Template has degree 1.
[2020-06-17 21:35:47,326 INFO  L352   nArgumentSynthesizer]: There is no stem transition; disabling supporting invariant generation.
[2020-06-17 21:35:47,326 INFO  L205   nArgumentSynthesizer]: 1 stem disjuncts
[2020-06-17 21:35:47,326 INFO  L206   nArgumentSynthesizer]: 1 loop disjuncts
[2020-06-17 21:35:47,326 INFO  L207   nArgumentSynthesizer]: 3 template conjuncts.
[2020-06-17 21:35:47,328 INFO  L402   nArgumentSynthesizer]: We have 3 Motzkin's Theorem applications.
[2020-06-17 21:35:47,328 INFO  L403   nArgumentSynthesizer]: A total of 0 supporting invariants were added.
[2020-06-17 21:35:47,331 INFO  L530          LassoAnalysis]: Proving termination failed for this template and these settings.
No working directory specified, using /home/lixie/LassoRankerExp/LassoRankerExp/z3
Starting monitored process 13 with z3 -smt2 -in SMTLIB2_COMPLIANT=true (exit command is (exit), workingDir is null)
Waiting until toolchain timeout for monitored process 13 with z3 -smt2 -in SMTLIB2_COMPLIANT=true
[2020-06-17 21:35:47,349 INFO  L122   nArgumentSynthesizer]: Termination Analysis Settings:
Termination analysis: LINEAR_WITH_GUESSES
Number of strict supporting invariants: 1
Number of non-strict supporting invariants: 0
Consider only non-deceasing supporting invariants: true
Simplify termination arguments: true
Simplify supporting invariants: trueOverapproximate stem: false
[2020-06-17 21:35:47,350 WARN  L334   nArgumentSynthesizer]: Using a linear SMT query and a templates of degree > 0, hence this method is incomplete.
[2020-06-17 21:35:47,350 INFO  L339   nArgumentSynthesizer]: Template has degree 1.
[2020-06-17 21:35:47,350 INFO  L352   nArgumentSynthesizer]: There is no stem transition; disabling supporting invariant generation.
[2020-06-17 21:35:47,351 INFO  L205   nArgumentSynthesizer]: 1 stem disjuncts
[2020-06-17 21:35:47,351 INFO  L206   nArgumentSynthesizer]: 1 loop disjuncts
[2020-06-17 21:35:47,351 INFO  L207   nArgumentSynthesizer]: 3 template conjuncts.
[2020-06-17 21:35:47,352 INFO  L402   nArgumentSynthesizer]: We have 3 Motzkin's Theorem applications.
[2020-06-17 21:35:47,352 INFO  L403   nArgumentSynthesizer]: A total of 0 supporting invariants were added.
[2020-06-17 21:35:47,353 INFO  L530          LassoAnalysis]: Proving termination failed for this template and these settings.
[2020-06-17 21:35:47,365 INFO  L497          LassoAnalysis]: Using template 'lex(affine, affine)'.
No working directory specified, using /home/lixie/LassoRankerExp/LassoRankerExp/z3
Starting monitored process 14 with z3 -smt2 -in SMTLIB2_COMPLIANT=true (exit command is (exit), workingDir is null)
Waiting until toolchain timeout for monitored process 14 with z3 -smt2 -in SMTLIB2_COMPLIANT=true
[2020-06-17 21:35:47,367 INFO  L122   nArgumentSynthesizer]: Termination Analysis Settings:
Termination analysis: LINEAR_WITH_GUESSES
Number of strict supporting invariants: 1
Number of non-strict supporting invariants: 0
Consider only non-deceasing supporting invariants: true
Simplify termination arguments: true
Simplify supporting invariants: trueOverapproximate stem: false
[2020-06-17 21:35:47,368 WARN  L334   nArgumentSynthesizer]: Using a linear SMT query and a templates of degree > 0, hence this method is incomplete.
[2020-06-17 21:35:47,368 INFO  L339   nArgumentSynthesizer]: Template has degree 5.
[2020-06-17 21:35:47,368 INFO  L352   nArgumentSynthesizer]: There is no stem transition; disabling supporting invariant generation.
[2020-06-17 21:35:47,369 INFO  L205   nArgumentSynthesizer]: 1 stem disjuncts
[2020-06-17 21:35:47,369 INFO  L206   nArgumentSynthesizer]: 1 loop disjuncts
[2020-06-17 21:35:47,369 INFO  L207   nArgumentSynthesizer]: 4 template conjuncts.
[2020-06-17 21:35:47,371 INFO  L402   nArgumentSynthesizer]: We have 4 Motzkin's Theorem applications.
[2020-06-17 21:35:47,371 INFO  L403   nArgumentSynthesizer]: A total of 0 supporting invariants were added.
[2020-06-17 21:35:47,375 INFO  L530          LassoAnalysis]: Proving termination failed for this template and these settings.
No working directory specified, using /home/lixie/LassoRankerExp/LassoRankerExp/z3
Starting monitored process 15 with z3 -smt2 -in SMTLIB2_COMPLIANT=true (exit command is (exit), workingDir is null)
Waiting until toolchain timeout for monitored process 15 with z3 -smt2 -in SMTLIB2_COMPLIANT=true
[2020-06-17 21:35:47,395 INFO  L122   nArgumentSynthesizer]: Termination Analysis Settings:
Termination analysis: LINEAR_WITH_GUESSES
Number of strict supporting invariants: 1
Number of non-strict supporting invariants: 0
Consider only non-deceasing supporting invariants: true
Simplify termination arguments: true
Simplify supporting invariants: trueOverapproximate stem: false
[2020-06-17 21:35:47,396 WARN  L334   nArgumentSynthesizer]: Using a linear SMT query and a templates of degree > 0, hence this method is incomplete.
[2020-06-17 21:35:47,396 INFO  L339   nArgumentSynthesizer]: Template has degree 5.
[2020-06-17 21:35:47,396 INFO  L352   nArgumentSynthesizer]: There is no stem transition; disabling supporting invariant generation.
[2020-06-17 21:35:47,396 INFO  L205   nArgumentSynthesizer]: 1 stem disjuncts
[2020-06-17 21:35:47,396 INFO  L206   nArgumentSynthesizer]: 1 loop disjuncts
[2020-06-17 21:35:47,396 INFO  L207   nArgumentSynthesizer]: 4 template conjuncts.
[2020-06-17 21:35:47,397 INFO  L402   nArgumentSynthesizer]: We have 4 Motzkin's Theorem applications.
[2020-06-17 21:35:47,397 INFO  L403   nArgumentSynthesizer]: A total of 0 supporting invariants were added.
[2020-06-17 21:35:47,399 INFO  L530          LassoAnalysis]: Proving termination failed for this template and these settings.
[2020-06-17 21:35:47,420 INFO  L497          LassoAnalysis]: Using template '2-piece'.
No working directory specified, using /home/lixie/LassoRankerExp/LassoRankerExp/z3
Starting monitored process 16 with z3 -smt2 -in SMTLIB2_COMPLIANT=true (exit command is (exit), workingDir is null)
Waiting until toolchain timeout for monitored process 16 with z3 -smt2 -in SMTLIB2_COMPLIANT=true
[2020-06-17 21:35:47,422 INFO  L122   nArgumentSynthesizer]: Termination Analysis Settings:
Termination analysis: LINEAR_WITH_GUESSES
Number of strict supporting invariants: 1
Number of non-strict supporting invariants: 0
Consider only non-deceasing supporting invariants: true
Simplify termination arguments: true
Simplify supporting invariants: trueOverapproximate stem: false
[2020-06-17 21:35:47,423 WARN  L334   nArgumentSynthesizer]: Using a linear SMT query and a templates of degree > 0, hence this method is incomplete.
[2020-06-17 21:35:47,423 INFO  L339   nArgumentSynthesizer]: Template has degree 7.
[2020-06-17 21:35:47,423 INFO  L352   nArgumentSynthesizer]: There is no stem transition; disabling supporting invariant generation.
[2020-06-17 21:35:47,423 INFO  L205   nArgumentSynthesizer]: 1 stem disjuncts
[2020-06-17 21:35:47,424 INFO  L206   nArgumentSynthesizer]: 1 loop disjuncts
[2020-06-17 21:35:47,424 INFO  L207   nArgumentSynthesizer]: 7 template conjuncts.
[2020-06-17 21:35:47,429 INFO  L402   nArgumentSynthesizer]: We have 7 Motzkin's Theorem applications.
[2020-06-17 21:35:47,429 INFO  L403   nArgumentSynthesizer]: A total of 0 supporting invariants were added.
[2020-06-17 21:35:47,438 INFO  L530          LassoAnalysis]: Proving termination failed for this template and these settings.
No working directory specified, using /home/lixie/LassoRankerExp/LassoRankerExp/z3
Starting monitored process 17 with z3 -smt2 -in SMTLIB2_COMPLIANT=true (exit command is (exit), workingDir is null)
Waiting until toolchain timeout for monitored process 17 with z3 -smt2 -in SMTLIB2_COMPLIANT=true
[2020-06-17 21:35:47,452 INFO  L122   nArgumentSynthesizer]: Termination Analysis Settings:
Termination analysis: LINEAR_WITH_GUESSES
Number of strict supporting invariants: 1
Number of non-strict supporting invariants: 0
Consider only non-deceasing supporting invariants: true
Simplify termination arguments: true
Simplify supporting invariants: trueOverapproximate stem: false
[2020-06-17 21:35:47,453 WARN  L334   nArgumentSynthesizer]: Using a linear SMT query and a templates of degree > 0, hence this method is incomplete.
[2020-06-17 21:35:47,453 INFO  L339   nArgumentSynthesizer]: Template has degree 7.
[2020-06-17 21:35:47,454 INFO  L352   nArgumentSynthesizer]: There is no stem transition; disabling supporting invariant generation.
[2020-06-17 21:35:47,454 INFO  L205   nArgumentSynthesizer]: 1 stem disjuncts
[2020-06-17 21:35:47,454 INFO  L206   nArgumentSynthesizer]: 1 loop disjuncts
[2020-06-17 21:35:47,454 INFO  L207   nArgumentSynthesizer]: 7 template conjuncts.
[2020-06-17 21:35:47,457 INFO  L402   nArgumentSynthesizer]: We have 7 Motzkin's Theorem applications.
[2020-06-17 21:35:47,457 INFO  L403   nArgumentSynthesizer]: A total of 0 supporting invariants were added.
[2020-06-17 21:35:47,462 INFO  L530          LassoAnalysis]: Proving termination failed for this template and these settings.
[2020-06-17 21:35:47,475 INFO  L497          LassoAnalysis]: Using template '2-parallel'.
No working directory specified, using /home/lixie/LassoRankerExp/LassoRankerExp/z3
Starting monitored process 18 with z3 -smt2 -in SMTLIB2_COMPLIANT=true (exit command is (exit), workingDir is null)
Waiting until toolchain timeout for monitored process 18 with z3 -smt2 -in SMTLIB2_COMPLIANT=true
[2020-06-17 21:35:47,477 INFO  L122   nArgumentSynthesizer]: Termination Analysis Settings:
Termination analysis: LINEAR_WITH_GUESSES
Number of strict supporting invariants: 1
Number of non-strict supporting invariants: 0
Consider only non-deceasing supporting invariants: true
Simplify termination arguments: true
Simplify supporting invariants: trueOverapproximate stem: false
[2020-06-17 21:35:47,478 WARN  L334   nArgumentSynthesizer]: Using a linear SMT query and a templates of degree > 0, hence this method is incomplete.
[2020-06-17 21:35:47,478 INFO  L339   nArgumentSynthesizer]: Template has degree 4.
[2020-06-17 21:35:47,478 INFO  L352   nArgumentSynthesizer]: There is no stem transition; disabling supporting invariant generation.
[2020-06-17 21:35:47,478 INFO  L205   nArgumentSynthesizer]: 1 stem disjuncts
[2020-06-17 21:35:47,478 INFO  L206   nArgumentSynthesizer]: 1 loop disjuncts
[2020-06-17 21:35:47,478 INFO  L207   nArgumentSynthesizer]: 6 template conjuncts.
[2020-06-17 21:35:47,480 INFO  L402   nArgumentSynthesizer]: We have 6 Motzkin's Theorem applications.
[2020-06-17 21:35:47,481 INFO  L403   nArgumentSynthesizer]: A total of 0 supporting invariants were added.
[2020-06-17 21:35:47,485 INFO  L530          LassoAnalysis]: Proving termination failed for this template and these settings.
No working directory specified, using /home/lixie/LassoRankerExp/LassoRankerExp/z3
Starting monitored process 19 with z3 -smt2 -in SMTLIB2_COMPLIANT=true (exit command is (exit), workingDir is null)
Waiting until toolchain timeout for monitored process 19 with z3 -smt2 -in SMTLIB2_COMPLIANT=true
[2020-06-17 21:35:47,508 INFO  L122   nArgumentSynthesizer]: Termination Analysis Settings:
Termination analysis: LINEAR_WITH_GUESSES
Number of strict supporting invariants: 1
Number of non-strict supporting invariants: 0
Consider only non-deceasing supporting invariants: true
Simplify termination arguments: true
Simplify supporting invariants: trueOverapproximate stem: false
[2020-06-17 21:35:47,510 WARN  L334   nArgumentSynthesizer]: Using a linear SMT query and a templates of degree > 0, hence this method is incomplete.
[2020-06-17 21:35:47,510 INFO  L339   nArgumentSynthesizer]: Template has degree 4.
[2020-06-17 21:35:47,510 INFO  L352   nArgumentSynthesizer]: There is no stem transition; disabling supporting invariant generation.
[2020-06-17 21:35:47,510 INFO  L205   nArgumentSynthesizer]: 1 stem disjuncts
[2020-06-17 21:35:47,510 INFO  L206   nArgumentSynthesizer]: 1 loop disjuncts
[2020-06-17 21:35:47,510 INFO  L207   nArgumentSynthesizer]: 6 template conjuncts.
[2020-06-17 21:35:47,512 INFO  L402   nArgumentSynthesizer]: We have 6 Motzkin's Theorem applications.
[2020-06-17 21:35:47,512 INFO  L403   nArgumentSynthesizer]: A total of 0 supporting invariants were added.
[2020-06-17 21:35:47,514 INFO  L530          LassoAnalysis]: Proving termination failed for this template and these settings.
[2020-06-17 21:35:47,527 INFO  L489     LassoRankerStarter]: LassoRanker could not prove termination or nontermination of the given linear lasso program.
Templates: AffineTemplate NestedTemplate NestedTemplate NestedTemplate MultiphaseTemplate ComposedLexicographicTemplate PiecewiseTemplate ParallelTemplate
[2020-06-17 21:35:47,527 INFO  L132        PluginConnector]: ------------------------ END LassoRanker----------------------------
[2020-06-17 21:35:47,528 INFO  L168              Benchmark]: Toolchain (without parser) took 691.06 ms. Allocated memory is still 514.9 MB. Free memory was 472.9 MB in the beginning and 369.5 MB in the end (delta: 103.4 MB). Peak memory consumption was 103.4 MB. Max. memory is 11.5 GB.
[2020-06-17 21:35:47,529 INFO  L168              Benchmark]: Boogie PL CUP Parser took 0.14 ms. Allocated memory is still 514.9 MB. Free memory is still 474.4 MB. There was no memory consumed. Max. memory is 11.5 GB.
[2020-06-17 21:35:47,529 INFO  L168              Benchmark]: Boogie Preprocessor took 23.69 ms. Allocated memory is still 514.9 MB. Free memory was 471.5 MB in the beginning and 470.2 MB in the end (delta: 1.3 MB). Peak memory consumption was 1.3 MB. Max. memory is 11.5 GB.
[2020-06-17 21:35:47,530 INFO  L168              Benchmark]: RCFGBuilder took 104.34 ms. Allocated memory is still 514.9 MB. Free memory was 470.2 MB in the beginning and 460.7 MB in the end (delta: 9.5 MB). Peak memory consumption was 9.5 MB. Max. memory is 11.5 GB.
[2020-06-17 21:35:47,530 INFO  L168              Benchmark]: LassoRanker took 555.21 ms. Allocated memory is still 514.9 MB. Free memory was 460.7 MB in the beginning and 369.5 MB in the end (delta: 91.2 MB). Peak memory consumption was 91.2 MB. Max. memory is 11.5 GB.
[2020-06-17 21:35:47,533 INFO  L336   ainManager$Toolchain]: #######################  End [Toolchain 1] #######################
 --- Results ---
 * Results from de.uni_freiburg.informatik.ultimate.core:
  - StatisticsResult: Toolchain Benchmarks
    Benchmark results are:
 * Boogie PL CUP Parser took 0.14 ms. Allocated memory is still 514.9 MB. Free memory is still 474.4 MB. There was no memory consumed. Max. memory is 11.5 GB.
 * Boogie Preprocessor took 23.69 ms. Allocated memory is still 514.9 MB. Free memory was 471.5 MB in the beginning and 470.2 MB in the end (delta: 1.3 MB). Peak memory consumption was 1.3 MB. Max. memory is 11.5 GB.
 * RCFGBuilder took 104.34 ms. Allocated memory is still 514.9 MB. Free memory was 470.2 MB in the beginning and 460.7 MB in the end (delta: 9.5 MB). Peak memory consumption was 9.5 MB. Max. memory is 11.5 GB.
 * LassoRanker took 555.21 ms. Allocated memory is still 514.9 MB. Free memory was 460.7 MB in the beginning and 369.5 MB in the end (delta: 91.2 MB). Peak memory consumption was 91.2 MB. Max. memory is 11.5 GB.
 * Results from de.uni_freiburg.informatik.ultimate.plugins.analysis.lassoranker:
  - NoResult [Line: 9]: LassoRanker could not prove termination
    LassoRanker could not prove termination or nontermination of the given linear lasso program.
Templates: AffineTemplate NestedTemplate NestedTemplate NestedTemplate MultiphaseTemplate ComposedLexicographicTemplate PiecewiseTemplate ParallelTemplate
RESULT: Ultimate could not prove your program: Toolchain returned no result.
Received shutdown request...
Ultimate:
GTK+ Version Check
