This is Ultimate 0.1.24-16d85fa
[2020-06-17 21:36:16,391 INFO  L170        SettingsManager]: Resetting all preferences to default values...
[2020-06-17 21:36:16,393 INFO  L174        SettingsManager]: Resetting UltimateCore preferences to default values
[2020-06-17 21:36:16,403 INFO  L177        SettingsManager]: Ultimate Commandline Interface provides no preferences, ignoring...
[2020-06-17 21:36:16,403 INFO  L174        SettingsManager]: Resetting Boogie Preprocessor preferences to default values
[2020-06-17 21:36:16,403 INFO  L174        SettingsManager]: Resetting Boogie Procedure Inliner preferences to default values
[2020-06-17 21:36:16,404 INFO  L174        SettingsManager]: Resetting Abstract Interpretation preferences to default values
[2020-06-17 21:36:16,405 INFO  L174        SettingsManager]: Resetting LassoRanker preferences to default values
[2020-06-17 21:36:16,406 INFO  L174        SettingsManager]: Resetting Reaching Definitions preferences to default values
[2020-06-17 21:36:16,407 INFO  L174        SettingsManager]: Resetting SyntaxChecker preferences to default values
[2020-06-17 21:36:16,407 INFO  L177        SettingsManager]: Büchi Program Product provides no preferences, ignoring...
[2020-06-17 21:36:16,407 INFO  L174        SettingsManager]: Resetting LTL2Aut preferences to default values
[2020-06-17 21:36:16,408 INFO  L174        SettingsManager]: Resetting PEA to Boogie preferences to default values
[2020-06-17 21:36:16,408 INFO  L174        SettingsManager]: Resetting BlockEncodingV2 preferences to default values
[2020-06-17 21:36:16,409 INFO  L174        SettingsManager]: Resetting ChcToBoogie preferences to default values
[2020-06-17 21:36:16,409 INFO  L174        SettingsManager]: Resetting AutomataScriptInterpreter preferences to default values
[2020-06-17 21:36:16,410 INFO  L174        SettingsManager]: Resetting BuchiAutomizer preferences to default values
[2020-06-17 21:36:16,411 INFO  L174        SettingsManager]: Resetting CACSL2BoogieTranslator preferences to default values
[2020-06-17 21:36:16,412 INFO  L174        SettingsManager]: Resetting CodeCheck preferences to default values
[2020-06-17 21:36:16,413 INFO  L174        SettingsManager]: Resetting InvariantSynthesis preferences to default values
[2020-06-17 21:36:16,414 INFO  L174        SettingsManager]: Resetting RCFGBuilder preferences to default values
[2020-06-17 21:36:16,415 INFO  L174        SettingsManager]: Resetting TraceAbstraction preferences to default values
[2020-06-17 21:36:16,416 INFO  L177        SettingsManager]: TraceAbstractionConcurrent provides no preferences, ignoring...
[2020-06-17 21:36:16,416 INFO  L177        SettingsManager]: TraceAbstractionWithAFAs provides no preferences, ignoring...
[2020-06-17 21:36:16,417 INFO  L174        SettingsManager]: Resetting TreeAutomizer preferences to default values
[2020-06-17 21:36:16,417 INFO  L174        SettingsManager]: Resetting IcfgTransformer preferences to default values
[2020-06-17 21:36:16,418 INFO  L174        SettingsManager]: Resetting Boogie Printer preferences to default values
[2020-06-17 21:36:16,418 INFO  L174        SettingsManager]: Resetting ReqPrinter preferences to default values
[2020-06-17 21:36:16,419 INFO  L174        SettingsManager]: Resetting Witness Printer preferences to default values
[2020-06-17 21:36:16,419 INFO  L177        SettingsManager]: Boogie PL CUP Parser provides no preferences, ignoring...
[2020-06-17 21:36:16,420 INFO  L174        SettingsManager]: Resetting CDTParser preferences to default values
[2020-06-17 21:36:16,420 INFO  L177        SettingsManager]: AutomataScriptParser provides no preferences, ignoring...
[2020-06-17 21:36:16,420 INFO  L177        SettingsManager]: ReqParser provides no preferences, ignoring...
[2020-06-17 21:36:16,420 INFO  L174        SettingsManager]: Resetting SmtParser preferences to default values
[2020-06-17 21:36:16,421 INFO  L174        SettingsManager]: Resetting Witness Parser preferences to default values
[2020-06-17 21:36:16,421 INFO  L181        SettingsManager]: Finished resetting all preferences to default values...
[2020-06-17 21:36:16,437 INFO  L81    nceAwareModelManager]: Repository-Root is: /tmp
[2020-06-17 21:36:16,448 INFO  L258   ainManager$Toolchain]: [Toolchain 1]: Applicable parser(s) successfully (re)initialized
[2020-06-17 21:36:16,450 INFO  L214   ainManager$Toolchain]: [Toolchain 1]: Toolchain selected.
[2020-06-17 21:36:16,452 INFO  L271        PluginConnector]: Initializing Boogie PL CUP Parser...
[2020-06-17 21:36:16,452 INFO  L276        PluginConnector]: Boogie PL CUP Parser initialized
[2020-06-17 21:36:16,453 INFO  L418   ainManager$Toolchain]: [Toolchain 1]: Parsing single file: /home/lixie/LassoRankerExp/LassoRankerExp/./Program_non/97.bpl
[2020-06-17 21:36:16,453 INFO  L111           BoogieParser]: Parsing: '/home/lixie/LassoRankerExp/LassoRankerExp/./Program_non/97.bpl'
[2020-06-17 21:36:16,476 INFO  L296   ainManager$Toolchain]: ####################### [Toolchain 1] #######################
[2020-06-17 21:36:16,483 INFO  L131        ToolchainWalker]: Walking toolchain with 3 elements.
[2020-06-17 21:36:16,483 INFO  L113        PluginConnector]: ------------------------Boogie Preprocessor----------------------------
[2020-06-17 21:36:16,483 INFO  L271        PluginConnector]: Initializing Boogie Preprocessor...
[2020-06-17 21:36:16,483 INFO  L276        PluginConnector]: Boogie Preprocessor initialized
[2020-06-17 21:36:16,498 INFO  L185        PluginConnector]: Executing the observer EnsureBoogieModelObserver from plugin Boogie Preprocessor for "97.bpl de.uni_freiburg.informatik.ultimate.boogie.parser AST 17.06 09:36:16" (1/1) ...
[2020-06-17 21:36:16,499 INFO  L185        PluginConnector]: Executing the observer TypeChecker from plugin Boogie Preprocessor for "97.bpl de.uni_freiburg.informatik.ultimate.boogie.parser AST 17.06 09:36:16" (1/1) ...
[2020-06-17 21:36:16,503 INFO  L185        PluginConnector]: Executing the observer ConstExpander from plugin Boogie Preprocessor for "97.bpl de.uni_freiburg.informatik.ultimate.boogie.parser AST 17.06 09:36:16" (1/1) ...
[2020-06-17 21:36:16,503 INFO  L185        PluginConnector]: Executing the observer StructExpander from plugin Boogie Preprocessor for "97.bpl de.uni_freiburg.informatik.ultimate.boogie.parser AST 17.06 09:36:16" (1/1) ...
[2020-06-17 21:36:16,504 INFO  L185        PluginConnector]: Executing the observer UnstructureCode from plugin Boogie Preprocessor for "97.bpl de.uni_freiburg.informatik.ultimate.boogie.parser AST 17.06 09:36:16" (1/1) ...
[2020-06-17 21:36:16,507 INFO  L185        PluginConnector]: Executing the observer FunctionInliner from plugin Boogie Preprocessor for "97.bpl de.uni_freiburg.informatik.ultimate.boogie.parser AST 17.06 09:36:16" (1/1) ...
[2020-06-17 21:36:16,507 INFO  L185        PluginConnector]: Executing the observer BoogieSymbolTableConstructor from plugin Boogie Preprocessor for "97.bpl de.uni_freiburg.informatik.ultimate.boogie.parser AST 17.06 09:36:16" (1/1) ...
[2020-06-17 21:36:16,508 INFO  L132        PluginConnector]: ------------------------ END Boogie Preprocessor----------------------------
[2020-06-17 21:36:16,508 INFO  L113        PluginConnector]: ------------------------RCFGBuilder----------------------------
[2020-06-17 21:36:16,508 INFO  L271        PluginConnector]: Initializing RCFGBuilder...
[2020-06-17 21:36:16,508 INFO  L276        PluginConnector]: RCFGBuilder initialized
[2020-06-17 21:36:16,509 INFO  L185        PluginConnector]: Executing the observer RCFGBuilderObserver from plugin RCFGBuilder for "97.bpl de.uni_freiburg.informatik.ultimate.boogie.parser AST 17.06 09:36:16" (1/1) ...
No working directory specified, using /home/lixie/LassoRankerExp/LassoRankerExp/z3
Starting monitored process 1 with z3 SMTLIB2_COMPLIANT=true -memory:1024 -smt2 -in -t:12000 (exit command is (exit), workingDir is null)
Waiting until toolchain timeout for monitored process 1 with z3 SMTLIB2_COMPLIANT=true -memory:1024 -smt2 -in -t:12000
[2020-06-17 21:36:16,545 INFO  L124     BoogieDeclarations]: Specification and implementation of procedure main given in one single declaration
[2020-06-17 21:36:16,545 INFO  L130     BoogieDeclarations]: Found specification of procedure main
[2020-06-17 21:36:16,545 INFO  L138     BoogieDeclarations]: Found implementation of procedure main
[2020-06-17 21:36:16,612 INFO  L278             CfgBuilder]: Using library mode
[2020-06-17 21:36:16,613 INFO  L286             CfgBuilder]: Removed 0 assue(true) statements.
[2020-06-17 21:36:16,613 INFO  L202        PluginConnector]: Adding new model 97.bpl de.uni_freiburg.informatik.ultimate.plugins.generator.rcfgbuilder CFG 17.06 09:36:16 BoogieIcfgContainer
[2020-06-17 21:36:16,613 INFO  L132        PluginConnector]: ------------------------ END RCFGBuilder----------------------------
[2020-06-17 21:36:16,614 INFO  L113        PluginConnector]: ------------------------LassoRanker----------------------------
[2020-06-17 21:36:16,614 INFO  L271        PluginConnector]: Initializing LassoRanker...
[2020-06-17 21:36:16,614 INFO  L276        PluginConnector]: LassoRanker initialized
[2020-06-17 21:36:16,614 INFO  L185        PluginConnector]: Executing the observer LassoRankerObserver from plugin LassoRanker for "97.bpl de.uni_freiburg.informatik.ultimate.plugins.generator.rcfgbuilder CFG 17.06 09:36:16" (1/1) ...
[2020-06-17 21:36:16,632 INFO  L72            BuchiIsEmpty]: Start buchiIsEmpty. Operand 2 states.
[2020-06-17 21:36:16,646 INFO  L131   ngComponentsAnalysis]: Automaton has 1 accepting balls. 1
[2020-06-17 21:36:16,646 INFO  L87            BuchiIsEmpty]: Finished buchiIsEmpty Result is false
[2020-06-17 21:36:16,646 INFO  L119           BuchiIsEmpty]: Starting construction of run
[2020-06-17 21:36:16,650 INFO  L104     BuchiDifferenceFKV]: Start buchiDifferenceFKV. First operand 2 states. Second operand 1 states.
[2020-06-17 21:36:16,658 INFO  L108     BuchiDifferenceFKV]: Finished buchiDifferenceFKV. First operand 2 states. Second operand 1 states. Result 3 states and 4 transitions. Complement of second has 2 states 2 powerset states0 rank states. The highest rank that occured is -1
[2020-06-17 21:36:16,658 INFO  L72            BuchiIsEmpty]: Start buchiIsEmpty. Operand 3 states and 4 transitions.
[2020-06-17 21:36:16,658 INFO  L131   ngComponentsAnalysis]: Automaton has 0 accepting balls. 0
[2020-06-17 21:36:16,658 INFO  L87            BuchiIsEmpty]: Finished buchiIsEmpty Result is true
[2020-06-17 21:36:16,693 INFO  L216          LassoAnalysis]: Preferences:
[2020-06-17 21:36:16,694 INFO  L124   ssoRankerPreferences]: Compute integeral hull: false
[2020-06-17 21:36:16,694 INFO  L125   ssoRankerPreferences]: Enable LassoPartitioneer: true
[2020-06-17 21:36:16,694 INFO  L126   ssoRankerPreferences]: Term annotations enabled: false
[2020-06-17 21:36:16,695 INFO  L127   ssoRankerPreferences]: Use exernal solver: true
[2020-06-17 21:36:16,695 INFO  L128   ssoRankerPreferences]: SMT solver command: z3 -smt2 -in SMTLIB2_COMPLIANT=true
[2020-06-17 21:36:16,695 INFO  L129   ssoRankerPreferences]: Dump SMT script to file: false
[2020-06-17 21:36:16,695 INFO  L130   ssoRankerPreferences]: Path of dumped script: .
[2020-06-17 21:36:16,695 INFO  L131   ssoRankerPreferences]: Filename of dumped script: LassoRankerScript
[2020-06-17 21:36:16,695 INFO  L132   ssoRankerPreferences]: MapElimAlgo: Frank
[2020-06-17 21:36:16,696 INFO  L282          LassoAnalysis]: Starting lasso preprocessing...
[2020-06-17 21:36:16,708 INFO  L141          MapEliminator]: Using MapEliminator with SimplificationTechnique=SIMPLIFY_DDA XnfConversionTechnique=BOTTOM_UP_WITH_LOCAL_SIMPLIFICATION AddInequalities=false OnlyTrivialImplicationsArrayWrite=false OnlyTrivialImplicationsForModifiedArguments=true OnlyArgumentsInFormula=true
[2020-06-17 21:36:16,755 INFO  L300          LassoAnalysis]: Preprocessing complete.
[2020-06-17 21:36:16,756 INFO  L412          LassoAnalysis]: Checking for nontermination...
No working directory specified, using /home/lixie/LassoRankerExp/LassoRankerExp/z3
Starting monitored process 2 with z3 -smt2 -in SMTLIB2_COMPLIANT=true (exit command is (exit), workingDir is null)
Waiting until toolchain timeout for monitored process 2 with z3 -smt2 -in SMTLIB2_COMPLIANT=true
[2020-06-17 21:36:16,759 INFO  L151   nArgumentSynthesizer]: Nontermination analysis: LINEAR_WITH_GUESSES Allow bounded executions: true Number of generalized eigenvectors: 0 Nilpotent components: true
[2020-06-17 21:36:16,759 INFO  L163   nArgumentSynthesizer]: Using integer mode.
No working directory specified, using /home/lixie/LassoRankerExp/LassoRankerExp/z3
Starting monitored process 3 with z3 -smt2 -in SMTLIB2_COMPLIANT=true (exit command is (exit), workingDir is null)
Waiting until toolchain timeout for monitored process 3 with z3 -smt2 -in SMTLIB2_COMPLIANT=true
[2020-06-17 21:36:16,777 INFO  L151   nArgumentSynthesizer]: Nontermination analysis: LINEAR_WITH_GUESSES Allow bounded executions: true Number of generalized eigenvectors: 3 Nilpotent components: true
[2020-06-17 21:36:16,777 INFO  L163   nArgumentSynthesizer]: Using integer mode.
[2020-06-17 21:36:16,802 INFO  L452          LassoAnalysis]: Proving nontermination failed: No geometric nontermination argument exists.
[2020-06-17 21:36:16,804 INFO  L216          LassoAnalysis]: Preferences:
[2020-06-17 21:36:16,804 INFO  L124   ssoRankerPreferences]: Compute integeral hull: false
[2020-06-17 21:36:16,804 INFO  L125   ssoRankerPreferences]: Enable LassoPartitioneer: true
[2020-06-17 21:36:16,804 INFO  L126   ssoRankerPreferences]: Term annotations enabled: false
[2020-06-17 21:36:16,804 INFO  L127   ssoRankerPreferences]: Use exernal solver: true
[2020-06-17 21:36:16,804 INFO  L128   ssoRankerPreferences]: SMT solver command: z3 -smt2 -in SMTLIB2_COMPLIANT=true
[2020-06-17 21:36:16,804 INFO  L129   ssoRankerPreferences]: Dump SMT script to file: false
[2020-06-17 21:36:16,804 INFO  L130   ssoRankerPreferences]: Path of dumped script: .
[2020-06-17 21:36:16,804 INFO  L131   ssoRankerPreferences]: Filename of dumped script: LassoRankerScript
[2020-06-17 21:36:16,804 INFO  L132   ssoRankerPreferences]: MapElimAlgo: Frank
[2020-06-17 21:36:16,804 INFO  L282          LassoAnalysis]: Starting lasso preprocessing...
[2020-06-17 21:36:16,805 INFO  L141          MapEliminator]: Using MapEliminator with SimplificationTechnique=SIMPLIFY_DDA XnfConversionTechnique=BOTTOM_UP_WITH_LOCAL_SIMPLIFICATION AddInequalities=false OnlyTrivialImplicationsArrayWrite=false OnlyTrivialImplicationsForModifiedArguments=true OnlyArgumentsInFormula=true
[2020-06-17 21:36:16,840 INFO  L300          LassoAnalysis]: Preprocessing complete.
[2020-06-17 21:36:16,844 INFO  L497          LassoAnalysis]: Using template 'affine'.
No working directory specified, using /home/lixie/LassoRankerExp/LassoRankerExp/z3
Starting monitored process 4 with z3 -smt2 -in SMTLIB2_COMPLIANT=true (exit command is (exit), workingDir is null)
Waiting until toolchain timeout for monitored process 4 with z3 -smt2 -in SMTLIB2_COMPLIANT=true
[2020-06-17 21:36:16,846 INFO  L122   nArgumentSynthesizer]: Termination Analysis Settings:
Termination analysis: LINEAR_WITH_GUESSES
Number of strict supporting invariants: 1
Number of non-strict supporting invariants: 0
Consider only non-deceasing supporting invariants: true
Simplify termination arguments: true
Simplify supporting invariants: trueOverapproximate stem: false
[2020-06-17 21:36:16,848 INFO  L339   nArgumentSynthesizer]: Template has degree 0.
[2020-06-17 21:36:16,848 INFO  L352   nArgumentSynthesizer]: There is no stem transition; disabling supporting invariant generation.
[2020-06-17 21:36:16,848 INFO  L205   nArgumentSynthesizer]: 1 stem disjuncts
[2020-06-17 21:36:16,848 INFO  L206   nArgumentSynthesizer]: 1 loop disjuncts
[2020-06-17 21:36:16,849 INFO  L207   nArgumentSynthesizer]: 2 template conjuncts.
[2020-06-17 21:36:16,851 INFO  L402   nArgumentSynthesizer]: We have 2 Motzkin's Theorem applications.
[2020-06-17 21:36:16,851 INFO  L403   nArgumentSynthesizer]: A total of 0 supporting invariants were added.
[2020-06-17 21:36:16,853 INFO  L530          LassoAnalysis]: Proving termination failed for this template and these settings.
[2020-06-17 21:36:16,867 INFO  L497          LassoAnalysis]: Using template '2-nested'.
No working directory specified, using /home/lixie/LassoRankerExp/LassoRankerExp/z3
Starting monitored process 5 with z3 -smt2 -in SMTLIB2_COMPLIANT=true (exit command is (exit), workingDir is null)
Waiting until toolchain timeout for monitored process 5 with z3 -smt2 -in SMTLIB2_COMPLIANT=true
[2020-06-17 21:36:16,869 INFO  L122   nArgumentSynthesizer]: Termination Analysis Settings:
Termination analysis: LINEAR_WITH_GUESSES
Number of strict supporting invariants: 1
Number of non-strict supporting invariants: 0
Consider only non-deceasing supporting invariants: true
Simplify termination arguments: true
Simplify supporting invariants: trueOverapproximate stem: false
[2020-06-17 21:36:16,870 INFO  L339   nArgumentSynthesizer]: Template has degree 0.
[2020-06-17 21:36:16,870 INFO  L352   nArgumentSynthesizer]: There is no stem transition; disabling supporting invariant generation.
[2020-06-17 21:36:16,871 INFO  L205   nArgumentSynthesizer]: 1 stem disjuncts
[2020-06-17 21:36:16,871 INFO  L206   nArgumentSynthesizer]: 1 loop disjuncts
[2020-06-17 21:36:16,871 INFO  L207   nArgumentSynthesizer]: 3 template conjuncts.
[2020-06-17 21:36:16,872 INFO  L402   nArgumentSynthesizer]: We have 3 Motzkin's Theorem applications.
[2020-06-17 21:36:16,873 INFO  L403   nArgumentSynthesizer]: A total of 0 supporting invariants were added.
[2020-06-17 21:36:16,875 INFO  L530          LassoAnalysis]: Proving termination failed for this template and these settings.
[2020-06-17 21:36:16,892 INFO  L497          LassoAnalysis]: Using template '3-nested'.
No working directory specified, using /home/lixie/LassoRankerExp/LassoRankerExp/z3
Starting monitored process 6 with z3 -smt2 -in SMTLIB2_COMPLIANT=true (exit command is (exit), workingDir is null)
Waiting until toolchain timeout for monitored process 6 with z3 -smt2 -in SMTLIB2_COMPLIANT=true
[2020-06-17 21:36:16,894 INFO  L122   nArgumentSynthesizer]: Termination Analysis Settings:
Termination analysis: LINEAR_WITH_GUESSES
Number of strict supporting invariants: 1
Number of non-strict supporting invariants: 0
Consider only non-deceasing supporting invariants: true
Simplify termination arguments: true
Simplify supporting invariants: trueOverapproximate stem: false
[2020-06-17 21:36:16,895 INFO  L339   nArgumentSynthesizer]: Template has degree 0.
[2020-06-17 21:36:16,895 INFO  L352   nArgumentSynthesizer]: There is no stem transition; disabling supporting invariant generation.
[2020-06-17 21:36:16,896 INFO  L205   nArgumentSynthesizer]: 1 stem disjuncts
[2020-06-17 21:36:16,896 INFO  L206   nArgumentSynthesizer]: 1 loop disjuncts
[2020-06-17 21:36:16,896 INFO  L207   nArgumentSynthesizer]: 4 template conjuncts.
[2020-06-17 21:36:16,898 INFO  L402   nArgumentSynthesizer]: We have 4 Motzkin's Theorem applications.
[2020-06-17 21:36:16,898 INFO  L403   nArgumentSynthesizer]: A total of 0 supporting invariants were added.
[2020-06-17 21:36:16,900 INFO  L530          LassoAnalysis]: Proving termination failed for this template and these settings.
[2020-06-17 21:36:16,912 INFO  L497          LassoAnalysis]: Using template '4-nested'.
No working directory specified, using /home/lixie/LassoRankerExp/LassoRankerExp/z3
Starting monitored process 7 with z3 -smt2 -in SMTLIB2_COMPLIANT=true (exit command is (exit), workingDir is null)
Waiting until toolchain timeout for monitored process 7 with z3 -smt2 -in SMTLIB2_COMPLIANT=true
[2020-06-17 21:36:16,914 INFO  L122   nArgumentSynthesizer]: Termination Analysis Settings:
Termination analysis: LINEAR_WITH_GUESSES
Number of strict supporting invariants: 1
Number of non-strict supporting invariants: 0
Consider only non-deceasing supporting invariants: true
Simplify termination arguments: true
Simplify supporting invariants: trueOverapproximate stem: false
[2020-06-17 21:36:16,915 INFO  L339   nArgumentSynthesizer]: Template has degree 0.
[2020-06-17 21:36:16,916 INFO  L352   nArgumentSynthesizer]: There is no stem transition; disabling supporting invariant generation.
[2020-06-17 21:36:16,916 INFO  L205   nArgumentSynthesizer]: 1 stem disjuncts
[2020-06-17 21:36:16,916 INFO  L206   nArgumentSynthesizer]: 1 loop disjuncts
[2020-06-17 21:36:16,916 INFO  L207   nArgumentSynthesizer]: 5 template conjuncts.
[2020-06-17 21:36:16,918 INFO  L402   nArgumentSynthesizer]: We have 5 Motzkin's Theorem applications.
[2020-06-17 21:36:16,918 INFO  L403   nArgumentSynthesizer]: A total of 0 supporting invariants were added.
[2020-06-17 21:36:16,921 INFO  L530          LassoAnalysis]: Proving termination failed for this template and these settings.
[2020-06-17 21:36:16,933 INFO  L497          LassoAnalysis]: Using template '2-phase'.
No working directory specified, using /home/lixie/LassoRankerExp/LassoRankerExp/z3
Starting monitored process 8 with z3 -smt2 -in SMTLIB2_COMPLIANT=true (exit command is (exit), workingDir is null)
Waiting until toolchain timeout for monitored process 8 with z3 -smt2 -in SMTLIB2_COMPLIANT=true
[2020-06-17 21:36:16,935 INFO  L122   nArgumentSynthesizer]: Termination Analysis Settings:
Termination analysis: LINEAR_WITH_GUESSES
Number of strict supporting invariants: 1
Number of non-strict supporting invariants: 0
Consider only non-deceasing supporting invariants: true
Simplify termination arguments: true
Simplify supporting invariants: trueOverapproximate stem: false
[2020-06-17 21:36:16,936 WARN  L334   nArgumentSynthesizer]: Using a linear SMT query and a templates of degree > 0, hence this method is incomplete.
[2020-06-17 21:36:16,936 INFO  L339   nArgumentSynthesizer]: Template has degree 1.
[2020-06-17 21:36:16,936 INFO  L352   nArgumentSynthesizer]: There is no stem transition; disabling supporting invariant generation.
[2020-06-17 21:36:16,937 INFO  L205   nArgumentSynthesizer]: 1 stem disjuncts
[2020-06-17 21:36:16,937 INFO  L206   nArgumentSynthesizer]: 1 loop disjuncts
[2020-06-17 21:36:16,937 INFO  L207   nArgumentSynthesizer]: 3 template conjuncts.
[2020-06-17 21:36:16,943 INFO  L402   nArgumentSynthesizer]: We have 3 Motzkin's Theorem applications.
[2020-06-17 21:36:16,944 INFO  L403   nArgumentSynthesizer]: A total of 0 supporting invariants were added.
[2020-06-17 21:36:16,954 INFO  L530          LassoAnalysis]: Proving termination failed for this template and these settings.
[2020-06-17 21:36:16,966 INFO  L497          LassoAnalysis]: Using template 'lex(affine, affine)'.
No working directory specified, using /home/lixie/LassoRankerExp/LassoRankerExp/z3
Starting monitored process 9 with z3 -smt2 -in SMTLIB2_COMPLIANT=true (exit command is (exit), workingDir is null)
Waiting until toolchain timeout for monitored process 9 with z3 -smt2 -in SMTLIB2_COMPLIANT=true
[2020-06-17 21:36:16,968 INFO  L122   nArgumentSynthesizer]: Termination Analysis Settings:
Termination analysis: LINEAR_WITH_GUESSES
Number of strict supporting invariants: 1
Number of non-strict supporting invariants: 0
Consider only non-deceasing supporting invariants: true
Simplify termination arguments: true
Simplify supporting invariants: trueOverapproximate stem: false
[2020-06-17 21:36:16,970 WARN  L334   nArgumentSynthesizer]: Using a linear SMT query and a templates of degree > 0, hence this method is incomplete.
[2020-06-17 21:36:16,970 INFO  L339   nArgumentSynthesizer]: Template has degree 5.
[2020-06-17 21:36:16,970 INFO  L352   nArgumentSynthesizer]: There is no stem transition; disabling supporting invariant generation.
[2020-06-17 21:36:16,971 INFO  L205   nArgumentSynthesizer]: 1 stem disjuncts
[2020-06-17 21:36:16,971 INFO  L206   nArgumentSynthesizer]: 1 loop disjuncts
[2020-06-17 21:36:16,971 INFO  L207   nArgumentSynthesizer]: 4 template conjuncts.
[2020-06-17 21:36:16,976 INFO  L402   nArgumentSynthesizer]: We have 4 Motzkin's Theorem applications.
[2020-06-17 21:36:16,976 INFO  L403   nArgumentSynthesizer]: A total of 0 supporting invariants were added.
[2020-06-17 21:36:16,994 INFO  L530          LassoAnalysis]: Proving termination failed for this template and these settings.
[2020-06-17 21:36:17,007 INFO  L497          LassoAnalysis]: Using template '2-piece'.
No working directory specified, using /home/lixie/LassoRankerExp/LassoRankerExp/z3
Starting monitored process 10 with z3 -smt2 -in SMTLIB2_COMPLIANT=true (exit command is (exit), workingDir is null)
Waiting until toolchain timeout for monitored process 10 with z3 -smt2 -in SMTLIB2_COMPLIANT=true
[2020-06-17 21:36:17,009 INFO  L122   nArgumentSynthesizer]: Termination Analysis Settings:
Termination analysis: LINEAR_WITH_GUESSES
Number of strict supporting invariants: 1
Number of non-strict supporting invariants: 0
Consider only non-deceasing supporting invariants: true
Simplify termination arguments: true
Simplify supporting invariants: trueOverapproximate stem: false
[2020-06-17 21:36:17,010 WARN  L334   nArgumentSynthesizer]: Using a linear SMT query and a templates of degree > 0, hence this method is incomplete.
[2020-06-17 21:36:17,011 INFO  L339   nArgumentSynthesizer]: Template has degree 7.
[2020-06-17 21:36:17,011 INFO  L352   nArgumentSynthesizer]: There is no stem transition; disabling supporting invariant generation.
[2020-06-17 21:36:17,011 INFO  L205   nArgumentSynthesizer]: 1 stem disjuncts
[2020-06-17 21:36:17,011 INFO  L206   nArgumentSynthesizer]: 1 loop disjuncts
[2020-06-17 21:36:17,011 INFO  L207   nArgumentSynthesizer]: 7 template conjuncts.
[2020-06-17 21:36:17,031 INFO  L402   nArgumentSynthesizer]: We have 7 Motzkin's Theorem applications.
[2020-06-17 21:36:17,031 INFO  L403   nArgumentSynthesizer]: A total of 0 supporting invariants were added.
[2020-06-17 21:36:18,618 INFO  L530          LassoAnalysis]: Proving termination failed for this template and these settings.
[2020-06-17 21:36:18,631 INFO  L497          LassoAnalysis]: Using template '2-parallel'.
No working directory specified, using /home/lixie/LassoRankerExp/LassoRankerExp/z3
Starting monitored process 11 with z3 -smt2 -in SMTLIB2_COMPLIANT=true (exit command is (exit), workingDir is null)
Waiting until toolchain timeout for monitored process 11 with z3 -smt2 -in SMTLIB2_COMPLIANT=true
[2020-06-17 21:36:18,632 INFO  L122   nArgumentSynthesizer]: Termination Analysis Settings:
Termination analysis: LINEAR_WITH_GUESSES
Number of strict supporting invariants: 1
Number of non-strict supporting invariants: 0
Consider only non-deceasing supporting invariants: true
Simplify termination arguments: true
Simplify supporting invariants: trueOverapproximate stem: false
[2020-06-17 21:36:18,634 WARN  L334   nArgumentSynthesizer]: Using a linear SMT query and a templates of degree > 0, hence this method is incomplete.
[2020-06-17 21:36:18,634 INFO  L339   nArgumentSynthesizer]: Template has degree 4.
[2020-06-17 21:36:18,634 INFO  L352   nArgumentSynthesizer]: There is no stem transition; disabling supporting invariant generation.
[2020-06-17 21:36:18,634 INFO  L205   nArgumentSynthesizer]: 1 stem disjuncts
[2020-06-17 21:36:18,634 INFO  L206   nArgumentSynthesizer]: 1 loop disjuncts
[2020-06-17 21:36:18,634 INFO  L207   nArgumentSynthesizer]: 6 template conjuncts.
[2020-06-17 21:36:18,639 INFO  L402   nArgumentSynthesizer]: We have 6 Motzkin's Theorem applications.
[2020-06-17 21:36:18,639 INFO  L403   nArgumentSynthesizer]: A total of 0 supporting invariants were added.
[2020-06-17 21:36:18,656 INFO  L530          LassoAnalysis]: Proving termination failed for this template and these settings.
[2020-06-17 21:36:18,669 INFO  L489     LassoRankerStarter]: LassoRanker could not prove termination or nontermination of the given linear lasso program.
Templates: AffineTemplate NestedTemplate NestedTemplate NestedTemplate MultiphaseTemplate ComposedLexicographicTemplate PiecewiseTemplate ParallelTemplate
[2020-06-17 21:36:18,670 INFO  L132        PluginConnector]: ------------------------ END LassoRanker----------------------------
[2020-06-17 21:36:18,671 INFO  L168              Benchmark]: Toolchain (without parser) took 2194.39 ms. Allocated memory is still 514.9 MB. Free memory was 472.9 MB in the beginning and 385.6 MB in the end (delta: 87.3 MB). Peak memory consumption was 87.3 MB. Max. memory is 11.5 GB.
[2020-06-17 21:36:18,672 INFO  L168              Benchmark]: Boogie PL CUP Parser took 0.12 ms. Allocated memory is still 514.9 MB. Free memory is still 474.4 MB. There was no memory consumed. Max. memory is 11.5 GB.
[2020-06-17 21:36:18,672 INFO  L168              Benchmark]: Boogie Preprocessor took 24.92 ms. Allocated memory is still 514.9 MB. Free memory was 471.5 MB in the beginning and 470.2 MB in the end (delta: 1.3 MB). Peak memory consumption was 1.3 MB. Max. memory is 11.5 GB.
[2020-06-17 21:36:18,673 INFO  L168              Benchmark]: RCFGBuilder took 105.30 ms. Allocated memory is still 514.9 MB. Free memory was 470.2 MB in the beginning and 460.7 MB in the end (delta: 9.5 MB). Peak memory consumption was 9.5 MB. Max. memory is 11.5 GB.
[2020-06-17 21:36:18,673 INFO  L168              Benchmark]: LassoRanker took 2056.22 ms. Allocated memory is still 514.9 MB. Free memory was 460.7 MB in the beginning and 385.6 MB in the end (delta: 75.0 MB). Peak memory consumption was 75.0 MB. Max. memory is 11.5 GB.
[2020-06-17 21:36:18,676 INFO  L336   ainManager$Toolchain]: #######################  End [Toolchain 1] #######################
 --- Results ---
 * Results from de.uni_freiburg.informatik.ultimate.core:
  - StatisticsResult: Toolchain Benchmarks
    Benchmark results are:
 * Boogie PL CUP Parser took 0.12 ms. Allocated memory is still 514.9 MB. Free memory is still 474.4 MB. There was no memory consumed. Max. memory is 11.5 GB.
 * Boogie Preprocessor took 24.92 ms. Allocated memory is still 514.9 MB. Free memory was 471.5 MB in the beginning and 470.2 MB in the end (delta: 1.3 MB). Peak memory consumption was 1.3 MB. Max. memory is 11.5 GB.
 * RCFGBuilder took 105.30 ms. Allocated memory is still 514.9 MB. Free memory was 470.2 MB in the beginning and 460.7 MB in the end (delta: 9.5 MB). Peak memory consumption was 9.5 MB. Max. memory is 11.5 GB.
 * LassoRanker took 2056.22 ms. Allocated memory is still 514.9 MB. Free memory was 460.7 MB in the beginning and 385.6 MB in the end (delta: 75.0 MB). Peak memory consumption was 75.0 MB. Max. memory is 11.5 GB.
 * Results from de.uni_freiburg.informatik.ultimate.plugins.analysis.lassoranker:
  - NoResult [Line: 12]: LassoRanker could not prove termination
    LassoRanker could not prove termination or nontermination of the given linear lasso program.
Templates: AffineTemplate NestedTemplate NestedTemplate NestedTemplate MultiphaseTemplate ComposedLexicographicTemplate PiecewiseTemplate ParallelTemplate
RESULT: Ultimate could not prove your program: Toolchain returned no result.
Received shutdown request...
Ultimate:
GTK+ Version Check
